<?xml version="1.0" encoding="UTF-8" ?>
<testsuite tests="891" failures="18" name="cengage.samlms.cukes.LMSStories2CukesTest" time="7,227.099" errors="0" skipped="163">
  <properties>
    <property name="java.vendor" value="Oracle Corporation"/>
    <property name="JOB_NAME" value="LMSStoriesModule2"/>
    <property name="username" value="super_T2074726@sam.com"/>
    <property name="sun.java.launcher" value="SUN_STANDARD"/>
    <property name="NUMBER_OF_PROCESSORS" value="4"/>
    <property name="sun.management.compiler" value="HotSpot 64-Bit Tiered Compilers"/>
    <property name="JENKINS_HOME" value="C:\Users\CODOID-PC1\.jenkins"/>
    <property name="HUDSON_SERVER_COOKIE" value="c18caf217400819f"/>
    <property name="POM_ARTIFACTID" value="framework"/>
    <property name="os.name" value="Windows 8.1"/>
    <property name="sun.boot.class.path" value="C:\Program Files\Java\jdk1.8.0_91\jre\lib\resources.jar;C:\Program Files\Java\jdk1.8.0_91\jre\lib\rt.jar;C:\Program Files\Java\jdk1.8.0_91\jre\lib\sunrsasign.jar;C:\Program Files\Java\jdk1.8.0_91\jre\lib\jsse.jar;C:\Program Files\Java\jdk1.8.0_91\jre\lib\jce.jar;C:\Program Files\Java\jdk1.8.0_91\jre\lib\charsets.jar;C:\Program Files\Java\jdk1.8.0_91\jre\lib\jfr.jar;C:\Program Files\Java\jdk1.8.0_91\jre\classes"/>
    <property name="EXECUTOR_NUMBER" value="0"/>
    <property name="sun.desktop" value="windows"/>
    <property name="PATHEXT" value=".COM;.EXE;.BAT;.CMD;.VBS;.VBE;.JS;.JSE;.WSF;.WSH;.MSC"/>
    <property name="java.vm.specification.vendor" value="Oracle Corporation"/>
    <property name="POM_DISPLAYNAME" value="framework"/>
    <property name="NODE_LABELS" value="master"/>
    <property name="TEMP" value="C:\Users\CODOID~1\AppData\Local\Temp"/>
    <property name="java.runtime.version" value="1.8.0_91-b15"/>
    <property name="user.name" value="CODOID-PC1"/>
    <property name="guice.disable.misplaced.annotation.check" value="true"/>
    <property name="CommonProgramW6432" value="C:\Program Files\Common Files"/>
    <property name="ProgramFiles" value="C:\Program Files"/>
    <property name="PROMPT" value="$P$G"/>
    <property name="user.language" value="en"/>
    <property name="BUILD_DISPLAY_NAME" value="#27"/>
    <property name="sun.boot.library.path" value="C:\Program Files\Java\jdk1.8.0_91\jre\bin"/>
    <property name="LOCALAPPDATA" value="C:\Users\CODOID-PC1\AppData\Local"/>
    <property name="java.version" value="1.8.0_91"/>
    <property name="PROCESSOR_LEVEL" value="6"/>
    <property name="user.timezone" value="Asia/Calcutta"/>
    <property name="USERNAME" value="CODOID-PC1"/>
    <property name="sun.arch.data.model" value="64"/>
    <property name="NODE_NAME" value="master"/>
    <property name="java.endorsed.dirs" value="C:\Program Files\Java\jdk1.8.0_91\jre\lib\endorsed"/>
    <property name="BUILD_ID" value="27"/>
    <property name="sun.cpu.isalist" value="amd64"/>
    <property name="sun.jnu.encoding" value="Cp1252"/>
    <property name="file.encoding.pkg" value="sun.io"/>
    <property name="file.separator" value="\"/>
    <property name="java.specification.name" value="Java Platform API Specification"/>
    <property name="HOMEDRIVE" value="C:"/>
    <property name="env" value="QA4"/>
    <property name="ikey" value="T2074726"/>
    <property name="java.class.version" value="52.0"/>
    <property name="org.slf4j.simpleLogger.defaultLogLevel" value="info"/>
    <property name="user.country" value="US"/>
    <property name="ALLUSERSPROFILE" value="C:\ProgramData"/>
    <property name="java.home" value="C:\Program Files\Java\jdk1.8.0_91\jre"/>
    <property name="java.vm.info" value="mixed mode"/>
    <property name="os.version" value="6.3"/>
    <property name="POM_VERSION" value="0.0.1-SNAPSHOT"/>
    <property name="TMP" value="C:\Users\CODOID~1\AppData\Local\Temp"/>
    <property name="path.separator" value=";"/>
    <property name="java.vm.version" value="25.91-b15"/>
    <property name="user.variant" value=""/>
    <property name="CommonProgramFiles(x86)" value="C:\Program Files (x86)\Common Files"/>
    <property name="USERDOMAIN_ROAMINGPROFILE" value="CODOID"/>
    <property name="java.awt.printerjob" value="sun.awt.windows.WPrinterJob"/>
    <property name="FP_NO_HOST_CHECK" value="NO"/>
    <property name="JAVA_HOME" value="C:\Program Files\Java\jdk1.8.0_91"/>
    <property name="sun.io.unicode.encoding" value="UnicodeLittle"/>
    <property name="CommonProgramFiles" value="C:\Program Files\Common Files"/>
    <property name="ComSpec" value="C:\Windows\system32\cmd.exe"/>
    <property name="HOMEPATH" value="\Users\CODOID-PC1"/>
    <property name="awt.toolkit" value="sun.awt.windows.WToolkit"/>
    <property name="POM_PACKAGING" value="pom"/>
    <property name="COMPUTERNAME" value="CODOID"/>
    <property name="user.script" value=""/>
    <property name="VBOX_MSI_INSTALL_PATH" value="C:\Program Files\Oracle\VirtualBox\"/>
    <property name="POM_GROUPID" value="com.codoid"/>
    <property name="user.home" value="C:\Users\CODOID-PC1"/>
    <property name="PUBLIC" value="C:\Users\Public"/>
    <property name="BUILD_TAG" value="jenkins-LMSStoriesModule2-27"/>
    <property name="JENKINS_SERVER_COOKIE" value="c18caf217400819f"/>
    <property name="HUDSON_URL" value="http://localhost:8080/"/>
    <property name="ProgramData" value="C:\ProgramData"/>
    <property name="java.specification.vendor" value="Oracle Corporation"/>
    <property name="USERPROFILE" value="C:\Users\CODOID-PC1"/>
    <property name="CLASSPATH" value=""/>
    <property name="java.vendor.url" value="http://java.oracle.com/"/>
    <property name="java.library.path" value="C:\Program Files\Java\jdk1.8.0_91\bin;C:\Windows\Sun\Java\bin;C:\Windows\system32;C:\Windows;C:\Program Files\apache-maven-3.3.9/bin;C:\Program Files\Java\jdk1.8.0_91/bin;C:\Program Files\Java\jdk1.8.0_91/bin;C:\ProgramData\Oracle\Java\javapath;C:\Windows\system32;C:\Windows;C:\Windows\System32\Wbem;C:\Windows\System32\WindowsPowerShell\v1.0\;C:\Program Files\Java\jdk1.8.0_91\bin;C:\Program Files\apache-maven-3.3.9\bin;C:\Program Files (x86)\Skype\Phone\;C:\Program Files\nodejs;C:\Users\CODOID-PC1\AppData\Roaming\npm;."/>
    <property name="java.vm.vendor" value="Oracle Corporation"/>
    <property name="APPDATA" value="C:\Users\CODOID-PC1\AppData\Roaming"/>
    <property name="java.runtime.name" value="Java(TM) SE Runtime Environment"/>
    <property name="maven.home" value="C:\Program Files\apache-maven-3.3.9"/>
    <property name="java.class.path" value="C:\Users\CODOID-PC1\.jenkins\plugins\maven-plugin\WEB-INF\lib\maven31-agent-1.5.jar;C:\Program Files\apache-maven-3.3.9\boot\plexus-classworlds-2.5.2.jar;C:\Program Files\apache-maven-3.3.9/conf/logging"/>
    <property name="sun.java.command" value="jenkins.maven3.agent.Maven31Main C:\Program Files\apache-maven-3.3.9 C:\Users\CODOID-PC1\.jenkins\war\WEB-INF\lib\remoting-2.49.jar C:\Users\CODOID-PC1\.jenkins\plugins\maven-plugin\WEB-INF\lib\maven31-interceptor-1.5.jar C:\Users\CODOID-PC1\.jenkins\plugins\maven-plugin\WEB-INF\lib\maven3-interceptor-commons-1.5.jar 57480"/>
    <property name="Path" value="C:\Program Files\Java\jdk1.8.0_91/bin;C:\ProgramData\Oracle\Java\javapath;C:\Windows\system32;C:\Windows;C:\Windows\System32\Wbem;C:\Windows\System32\WindowsPowerShell\v1.0\;C:\Program Files\Java\jdk1.8.0_91\bin;C:\Program Files\apache-maven-3.3.9\bin;C:\Program Files (x86)\Skype\Phone\;C:\Program Files\nodejs;C:\Users\CODOID-PC1\AppData\Roaming\npm"/>
    <property name="java.vm.specification.name" value="Java Virtual Machine Specification"/>
    <property name="PROCESSOR_ARCHITECTURE" value="AMD64"/>
    <property name="PATH+JDK" value="C:\Program Files\Java\jdk1.8.0_91/bin"/>
    <property name="PROCESSOR_IDENTIFIER" value="Intel64 Family 6 Model 60 Stepping 3, GenuineIntel"/>
    <property name="SESSIONNAME" value="Console"/>
    <property name="java.vm.specification.version" value="1.8"/>
    <property name="sun.os.patch.level" value=""/>
    <property name="sun.cpu.endian" value="little"/>
    <property name="M2_HOME" value="C:\Program Files\apache-maven-3.3.9"/>
    <property name="java.io.tmpdir" value="C:\Users\CODOID~1\AppData\Local\Temp\"/>
    <property name="OS" value="Windows_NT"/>
    <property name="HUDSON_HOME" value="C:\Users\CODOID-PC1\.jenkins"/>
    <property name="PATH+MAVEN" value="C:\Program Files\apache-maven-3.3.9/bin"/>
    <property name="ProgramFiles(x86)" value="C:\Program Files (x86)"/>
    <property name="BUILD_URL" value="http://localhost:8080/job/LMSStoriesModule2/27/"/>
    <property name="java.vendor.url.bug" value="http://bugreport.sun.com/bugreport/"/>
    <property name="java.awt.graphicsenv" value="sun.awt.Win32GraphicsEnvironment"/>
    <property name="os.arch" value="amd64"/>
    <property name="SystemRoot" value="C:\Windows"/>
    <property name="java.ext.dirs" value="C:\Program Files\Java\jdk1.8.0_91\jre\lib\ext;C:\Windows\Sun\Java\lib\ext"/>
    <property name="user.dir" value="E:\CE-GIT-SAN\ce-jvm-cucumber"/>
    <property name="JOB_URL" value="http://localhost:8080/job/LMSStoriesModule2/"/>
    <property name="LOGONSERVER" value="\\CODOID"/>
    <property name="USERDOMAIN" value="CODOID"/>
    <property name="line.separator" value="
"/>
    <property name="MAVEN_HOME" value="C:\Program Files\apache-maven-3.3.9"/>
    <property name="java.vm.name" value="Java HotSpot(TM) 64-Bit Server VM"/>
    <property name="BUILD_NUMBER" value="27"/>
    <property name="JENKINS_URL" value="http://localhost:8080/"/>
    <property name="PROCESSOR_REVISION" value="3c03"/>
    <property name="ProgramW6432" value="C:\Program Files"/>
    <property name="windir" value="C:\Windows"/>
    <property name="=C:" value="C:\Users\CODOID-PC1\Desktop"/>
    <property name="file.encoding" value="Cp1252"/>
    <property name="SystemDrive" value="C:"/>
    <property name="maven3.interceptor" value="C:\Users\CODOID-PC1\.jenkins\plugins\maven-plugin\WEB-INF\lib\maven31-interceptor-1.5.jar"/>
    <property name="WORKSPACE" value="E:\CE-GIT-SAN\ce-jvm-cucumber"/>
    <property name="maven3.interceptor.common" value="C:\Users\CODOID-PC1\.jenkins\plugins\maven-plugin\WEB-INF\lib\maven3-interceptor-commons-1.5.jar"/>
    <property name="java.specification.version" value="1.8"/>
    <property name="PSModulePath" value="C:\Windows\system32\WindowsPowerShell\v1.0\Modules\"/>
    <property name="module" value="LMSStories2"/>
  </properties>
  <testcase classname="| DP:SUPER.USERNAME | Y | DP:SUPER.PASSWORD | Sections | DP:SECTIONS.SECTIONNAME | N | DP:SECTIONS.COURSENAME | DP:SECTIONS.TERM | DP:TEXTBOOK.SERIES | DP:TEXTBOOK.SUBJECT | DP:TEXTBOOK.BOOK |" name="Given As a user I see login page of LMS" time="0"/>
  <testcase classname="| DP:SUPER.USERNAME | Y | DP:SUPER.PASSWORD | Sections | DP:SECTIONS.SECTIONNAME | N | DP:SECTIONS.COURSENAME | DP:SECTIONS.TERM | DP:TEXTBOOK.SERIES | DP:TEXTBOOK.SUBJECT | DP:TEXTBOOK.BOOK |" name="And I enter DP:SUPER.USERNAME N Username in LMS login page" time="0"/>
  <testcase classname="| DP:SUPER.USERNAME | Y | DP:SUPER.PASSWORD | Sections | DP:SECTIONS.SECTIONNAME | N | DP:SECTIONS.COURSENAME | DP:SECTIONS.TERM | DP:TEXTBOOK.SERIES | DP:TEXTBOOK.SUBJECT | DP:TEXTBOOK.BOOK |" name="And I enter DP:SUPER.PASSWORD Password in LMS login page" time="0"/>
  <testcase classname="| DP:SUPER.USERNAME | Y | DP:SUPER.PASSWORD | Sections | DP:SECTIONS.SECTIONNAME | N | DP:SECTIONS.COURSENAME | DP:SECTIONS.TERM | DP:TEXTBOOK.SERIES | DP:TEXTBOOK.SUBJECT | DP:TEXTBOOK.BOOK |" name="And I click on Log In button" time="0"/>
  <testcase classname="| DP:SUPER.USERNAME | Y | DP:SUPER.PASSWORD | Sections | DP:SECTIONS.SECTIONNAME | N | DP:SECTIONS.COURSENAME | DP:SECTIONS.TERM | DP:TEXTBOOK.SERIES | DP:TEXTBOOK.SUBJECT | DP:TEXTBOOK.BOOK |" name="And I see home page of LMS" time="0"/>
  <testcase classname="| DP:SUPER.USERNAME | Y | DP:SUPER.PASSWORD | Sections | DP:SECTIONS.SECTIONNAME | N | DP:SECTIONS.COURSENAME | DP:SECTIONS.TERM | DP:TEXTBOOK.SERIES | DP:TEXTBOOK.SUBJECT | DP:TEXTBOOK.BOOK |" name="And I click on Sections tab" time="0"/>
  <testcase classname="| DP:SUPER.USERNAME | Y | DP:SUPER.PASSWORD | Sections | DP:SECTIONS.SECTIONNAME | N | DP:SECTIONS.COURSENAME | DP:SECTIONS.TERM | DP:TEXTBOOK.SERIES | DP:TEXTBOOK.SUBJECT | DP:TEXTBOOK.BOOK |" name="And I click on Add New button" time="0"/>
  <testcase classname="| DP:SUPER.USERNAME | Y | DP:SUPER.PASSWORD | Sections | DP:SECTIONS.SECTIONNAME | N | DP:SECTIONS.COURSENAME | DP:SECTIONS.TERM | DP:TEXTBOOK.SERIES | DP:TEXTBOOK.SUBJECT | DP:TEXTBOOK.BOOK |" name="And I enter DP:SECTIONS.SECTIONNAME Y in Section Name" time="0"/>
  <testcase classname="| DP:SUPER.USERNAME | Y | DP:SUPER.PASSWORD | Sections | DP:SECTIONS.SECTIONNAME | N | DP:SECTIONS.COURSENAME | DP:SECTIONS.TERM | DP:TEXTBOOK.SERIES | DP:TEXTBOOK.SUBJECT | DP:TEXTBOOK.BOOK |" name="And I enter DP:SECTIONS.COURSENAME in Course Name" time="0"/>
  <testcase classname="| DP:SUPER.USERNAME | Y | DP:SUPER.PASSWORD | Sections | DP:SECTIONS.SECTIONNAME | N | DP:SECTIONS.COURSENAME | DP:SECTIONS.TERM | DP:TEXTBOOK.SERIES | DP:TEXTBOOK.SUBJECT | DP:TEXTBOOK.BOOK |" name="And I enter DP:SECTIONS.TERM in Term" time="0"/>
  <testcase classname="| DP:SUPER.USERNAME | Y | DP:SUPER.PASSWORD | Sections | DP:SECTIONS.SECTIONNAME | N | DP:SECTIONS.COURSENAME | DP:SECTIONS.TERM | DP:TEXTBOOK.SERIES | DP:TEXTBOOK.SUBJECT | DP:TEXTBOOK.BOOK |" name="And I click on Save button" time="0"/>
  <testcase classname="| DP:SUPER.USERNAME | Y | DP:SUPER.PASSWORD | Sections | DP:SECTIONS.SECTIONNAME | N | DP:SECTIONS.COURSENAME | DP:SECTIONS.TERM | DP:TEXTBOOK.SERIES | DP:TEXTBOOK.SUBJECT | DP:TEXTBOOK.BOOK |" name="And I click on OK button in popup" time="0"/>
  <testcase classname="| DP:SUPER.USERNAME | Y | DP:SUPER.PASSWORD | Sections | DP:SECTIONS.SECTIONNAME | N | DP:SECTIONS.COURSENAME | DP:SECTIONS.TERM | DP:TEXTBOOK.SERIES | DP:TEXTBOOK.SUBJECT | DP:TEXTBOOK.BOOK |" name="And I click on text book tab in section page" time="0"/>
  <testcase classname="| DP:SUPER.USERNAME | Y | DP:SUPER.PASSWORD | Sections | DP:SECTIONS.SECTIONNAME | N | DP:SECTIONS.COURSENAME | DP:SECTIONS.TERM | DP:TEXTBOOK.SERIES | DP:TEXTBOOK.SUBJECT | DP:TEXTBOOK.BOOK |" name="And I Click on Available Textbook in textbook tab" time="0"/>
  <testcase classname="| DP:SUPER.USERNAME | Y | DP:SUPER.PASSWORD | Sections | DP:SECTIONS.SECTIONNAME | N | DP:SECTIONS.COURSENAME | DP:SECTIONS.TERM | DP:TEXTBOOK.SERIES | DP:TEXTBOOK.SUBJECT | DP:TEXTBOOK.BOOK |" name="And I select DP:TEXTBOOK.SERIES from Series drop down" time="0"/>
  <testcase classname="| DP:SUPER.USERNAME | Y | DP:SUPER.PASSWORD | Sections | DP:SECTIONS.SECTIONNAME | N | DP:SECTIONS.COURSENAME | DP:SECTIONS.TERM | DP:TEXTBOOK.SERIES | DP:TEXTBOOK.SUBJECT | DP:TEXTBOOK.BOOK |" name="And I select DP:TEXTBOOK.SUBJECT from Subject drop down" time="0"/>
  <testcase classname="| DP:SUPER.USERNAME | Y | DP:SUPER.PASSWORD | Sections | DP:SECTIONS.SECTIONNAME | N | DP:SECTIONS.COURSENAME | DP:SECTIONS.TERM | DP:TEXTBOOK.SERIES | DP:TEXTBOOK.SUBJECT | DP:TEXTBOOK.BOOK |" name="And I Click on DP:TEXTBOOK.BOOK Add Item button" time="0"/>
  <testcase classname="| DP:SUPER.USERNAME | Y | DP:SUPER.PASSWORD | Sections | DP:SECTIONS.SECTIONNAME | N | DP:SECTIONS.COURSENAME | DP:SECTIONS.TERM | DP:TEXTBOOK.SERIES | DP:TEXTBOOK.SUBJECT | DP:TEXTBOOK.BOOK |" name="And I Click on Active Textbooks in textbook tab" time="0"/>
  <testcase classname="| DP:SUPER.USERNAME | Y | DP:SUPER.PASSWORD | Sections | DP:SECTIONS.SECTIONNAME | N | DP:SECTIONS.COURSENAME | DP:SECTIONS.TERM | DP:TEXTBOOK.SERIES | DP:TEXTBOOK.SUBJECT | DP:TEXTBOOK.BOOK |" name="And I Click on Student readings toggle" time="0"/>
  <testcase classname="| DP:SUPER.USERNAME | Y | DP:SUPER.PASSWORD | Sections | DP:SECTIONS.SECTIONNAME | N | DP:SECTIONS.COURSENAME | DP:SECTIONS.TERM | DP:TEXTBOOK.SERIES | DP:TEXTBOOK.SUBJECT | DP:TEXTBOOK.BOOK |" name="When I click on save and close button in section page" time="0"/>
  <testcase classname="| DP:SUPER.USERNAME | Y | DP:SUPER.PASSWORD | Sections | DP:SECTIONS.SECTIONNAME | N | DP:SECTIONS.COURSENAME | DP:SECTIONS.TERM | DP:TEXTBOOK.SERIES | DP:TEXTBOOK.SUBJECT | DP:TEXTBOOK.BOOK |" name="Then I see the created DP:SECTIONS.SECTIONNAME Y in Sections page" time="0"/>
  <testcase classname="| DP:SUPER.USERNAME | Y | DP:SUPER.PASSWORD | Sections | DP:SECTIONS.SECTIONNAME | N | DP:SECTIONS.COURSENAME | DP:SECTIONS.TERM | DP:TEXTBOOK.SERIES | DP:TEXTBOOK.SUBJECT | DP:TEXTBOOK.BOOK |" name="And I click on Logout button" time="0"/>
  <testcase classname="| DP:SUPER.USERNAME | Y | DP:SUPER.PASSWORD | Sections | DP:SECTIONS.SECTIONNAME | N | DP:SECTIONS.COURSENAME | DP:SECTIONS.TERM | DP:TEXTBOOK.SERIES | DP:TEXTBOOK.SUBJECT | DP:TEXTBOOK.BOOK |" name="| DP:SUPER.USERNAME | Y | DP:SUPER.PASSWORD | Sections | DP:SECTIONS.SECTIONNAME | N | DP:SECTIONS.COURSENAME | DP:SECTIONS.TERM | DP:TEXTBOOK.SERIES | DP:TEXTBOOK.SUBJECT | DP:TEXTBOOK.BOOK |" time="0.002"/>
  <testcase classname="| DP:SUPER.USERNAME | DP:SUPER.PASSWORD | Users | DP:STUDENTS.STUDENT1.FIRSTNAME | DP:STUDENTS.STUDENT1.LASTNAME | Student | DP:STUDENTS.STUDENT1.USERNAME | DP:STUDENTS.STUDENT1.PASSWORD | DP:SECRET.QUESTION | DP:SECRET.ANSWER | DP:STUDENTS.STUDENT1.NEWPASSWORD | Y | N | Sections | Join a Section | DP:SECTIONS.SECTIONNAME | https:\/\/sam.cengage.com\/Content\/InstructionFiles\/Help\/Student\/Student%20Help.htm#_Toc421607419 |" name="Given As a user I see login page of LMS" time="0"/>
  <testcase classname="| DP:SUPER.USERNAME | DP:SUPER.PASSWORD | Users | DP:STUDENTS.STUDENT1.FIRSTNAME | DP:STUDENTS.STUDENT1.LASTNAME | Student | DP:STUDENTS.STUDENT1.USERNAME | DP:STUDENTS.STUDENT1.PASSWORD | DP:SECRET.QUESTION | DP:SECRET.ANSWER | DP:STUDENTS.STUDENT1.NEWPASSWORD | Y | N | Sections | Join a Section | DP:SECTIONS.SECTIONNAME | https:\/\/sam.cengage.com\/Content\/InstructionFiles\/Help\/Student\/Student%20Help.htm#_Toc421607419 |" name="And I enter DP:SUPER.USERNAME N Username in LMS login page" time="0"/>
  <testcase classname="| DP:SUPER.USERNAME | DP:SUPER.PASSWORD | Users | DP:STUDENTS.STUDENT1.FIRSTNAME | DP:STUDENTS.STUDENT1.LASTNAME | Student | DP:STUDENTS.STUDENT1.USERNAME | DP:STUDENTS.STUDENT1.PASSWORD | DP:SECRET.QUESTION | DP:SECRET.ANSWER | DP:STUDENTS.STUDENT1.NEWPASSWORD | Y | N | Sections | Join a Section | DP:SECTIONS.SECTIONNAME | https:\/\/sam.cengage.com\/Content\/InstructionFiles\/Help\/Student\/Student%20Help.htm#_Toc421607419 |" name="And I enter DP:SUPER.PASSWORD Password in LMS login page" time="0"/>
  <testcase classname="| DP:SUPER.USERNAME | DP:SUPER.PASSWORD | Users | DP:STUDENTS.STUDENT1.FIRSTNAME | DP:STUDENTS.STUDENT1.LASTNAME | Student | DP:STUDENTS.STUDENT1.USERNAME | DP:STUDENTS.STUDENT1.PASSWORD | DP:SECRET.QUESTION | DP:SECRET.ANSWER | DP:STUDENTS.STUDENT1.NEWPASSWORD | Y | N | Sections | Join a Section | DP:SECTIONS.SECTIONNAME | https:\/\/sam.cengage.com\/Content\/InstructionFiles\/Help\/Student\/Student%20Help.htm#_Toc421607419 |" name="And I click on Log In button" time="0"/>
  <testcase classname="| DP:SUPER.USERNAME | DP:SUPER.PASSWORD | Users | DP:STUDENTS.STUDENT1.FIRSTNAME | DP:STUDENTS.STUDENT1.LASTNAME | Student | DP:STUDENTS.STUDENT1.USERNAME | DP:STUDENTS.STUDENT1.PASSWORD | DP:SECRET.QUESTION | DP:SECRET.ANSWER | DP:STUDENTS.STUDENT1.NEWPASSWORD | Y | N | Sections | Join a Section | DP:SECTIONS.SECTIONNAME | https:\/\/sam.cengage.com\/Content\/InstructionFiles\/Help\/Student\/Student%20Help.htm#_Toc421607419 |" name="And I see home page of LMS" time="0"/>
  <testcase classname="| DP:SUPER.USERNAME | DP:SUPER.PASSWORD | Users | DP:STUDENTS.STUDENT1.FIRSTNAME | DP:STUDENTS.STUDENT1.LASTNAME | Student | DP:STUDENTS.STUDENT1.USERNAME | DP:STUDENTS.STUDENT1.PASSWORD | DP:SECRET.QUESTION | DP:SECRET.ANSWER | DP:STUDENTS.STUDENT1.NEWPASSWORD | Y | N | Sections | Join a Section | DP:SECTIONS.SECTIONNAME | https:\/\/sam.cengage.com\/Content\/InstructionFiles\/Help\/Student\/Student%20Help.htm#_Toc421607419 |" name="And I click on Users tab" time="0.002"/>
  <testcase classname="| DP:SUPER.USERNAME | DP:SUPER.PASSWORD | Users | DP:STUDENTS.STUDENT1.FIRSTNAME | DP:STUDENTS.STUDENT1.LASTNAME | Student | DP:STUDENTS.STUDENT1.USERNAME | DP:STUDENTS.STUDENT1.PASSWORD | DP:SECRET.QUESTION | DP:SECRET.ANSWER | DP:STUDENTS.STUDENT1.NEWPASSWORD | Y | N | Sections | Join a Section | DP:SECTIONS.SECTIONNAME | https:\/\/sam.cengage.com\/Content\/InstructionFiles\/Help\/Student\/Student%20Help.htm#_Toc421607419 |" name="And I click on Add New button" time="0"/>
  <testcase classname="| DP:SUPER.USERNAME | DP:SUPER.PASSWORD | Users | DP:STUDENTS.STUDENT1.FIRSTNAME | DP:STUDENTS.STUDENT1.LASTNAME | Student | DP:STUDENTS.STUDENT1.USERNAME | DP:STUDENTS.STUDENT1.PASSWORD | DP:SECRET.QUESTION | DP:SECRET.ANSWER | DP:STUDENTS.STUDENT1.NEWPASSWORD | Y | N | Sections | Join a Section | DP:SECTIONS.SECTIONNAME | https:\/\/sam.cengage.com\/Content\/InstructionFiles\/Help\/Student\/Student%20Help.htm#_Toc421607419 |" name="And I enter DP:STUDENTS.STUDENT1.FIRSTNAME in First Name" time="0"/>
  <testcase classname="| DP:SUPER.USERNAME | DP:SUPER.PASSWORD | Users | DP:STUDENTS.STUDENT1.FIRSTNAME | DP:STUDENTS.STUDENT1.LASTNAME | Student | DP:STUDENTS.STUDENT1.USERNAME | DP:STUDENTS.STUDENT1.PASSWORD | DP:SECRET.QUESTION | DP:SECRET.ANSWER | DP:STUDENTS.STUDENT1.NEWPASSWORD | Y | N | Sections | Join a Section | DP:SECTIONS.SECTIONNAME | https:\/\/sam.cengage.com\/Content\/InstructionFiles\/Help\/Student\/Student%20Help.htm#_Toc421607419 |" name="And I enter DP:STUDENTS.STUDENT1.LASTNAME in Last Name" time="0"/>
  <testcase classname="| DP:SUPER.USERNAME | DP:SUPER.PASSWORD | Users | DP:STUDENTS.STUDENT1.FIRSTNAME | DP:STUDENTS.STUDENT1.LASTNAME | Student | DP:STUDENTS.STUDENT1.USERNAME | DP:STUDENTS.STUDENT1.PASSWORD | DP:SECRET.QUESTION | DP:SECRET.ANSWER | DP:STUDENTS.STUDENT1.NEWPASSWORD | Y | N | Sections | Join a Section | DP:SECTIONS.SECTIONNAME | https:\/\/sam.cengage.com\/Content\/InstructionFiles\/Help\/Student\/Student%20Help.htm#_Toc421607419 |" name="And I select Student from Role" time="0"/>
  <testcase classname="| DP:SUPER.USERNAME | DP:SUPER.PASSWORD | Users | DP:STUDENTS.STUDENT1.FIRSTNAME | DP:STUDENTS.STUDENT1.LASTNAME | Student | DP:STUDENTS.STUDENT1.USERNAME | DP:STUDENTS.STUDENT1.PASSWORD | DP:SECRET.QUESTION | DP:SECRET.ANSWER | DP:STUDENTS.STUDENT1.NEWPASSWORD | Y | N | Sections | Join a Section | DP:SECTIONS.SECTIONNAME | https:\/\/sam.cengage.com\/Content\/InstructionFiles\/Help\/Student\/Student%20Help.htm#_Toc421607419 |" name="And I enter DP:STUDENTS.STUDENT1.USERNAME in Username" time="0"/>
  <testcase classname="| DP:SUPER.USERNAME | DP:SUPER.PASSWORD | Users | DP:STUDENTS.STUDENT1.FIRSTNAME | DP:STUDENTS.STUDENT1.LASTNAME | Student | DP:STUDENTS.STUDENT1.USERNAME | DP:STUDENTS.STUDENT1.PASSWORD | DP:SECRET.QUESTION | DP:SECRET.ANSWER | DP:STUDENTS.STUDENT1.NEWPASSWORD | Y | N | Sections | Join a Section | DP:SECTIONS.SECTIONNAME | https:\/\/sam.cengage.com\/Content\/InstructionFiles\/Help\/Student\/Student%20Help.htm#_Toc421607419 |" name="And I enter DP:STUDENTS.STUDENT1.USERNAME in Verify Username" time="0"/>
  <testcase classname="| DP:SUPER.USERNAME | DP:SUPER.PASSWORD | Users | DP:STUDENTS.STUDENT1.FIRSTNAME | DP:STUDENTS.STUDENT1.LASTNAME | Student | DP:STUDENTS.STUDENT1.USERNAME | DP:STUDENTS.STUDENT1.PASSWORD | DP:SECRET.QUESTION | DP:SECRET.ANSWER | DP:STUDENTS.STUDENT1.NEWPASSWORD | Y | N | Sections | Join a Section | DP:SECTIONS.SECTIONNAME | https:\/\/sam.cengage.com\/Content\/InstructionFiles\/Help\/Student\/Student%20Help.htm#_Toc421607419 |" name="And I enter DP:STUDENTS.STUDENT1.PASSWORD in Password" time="0"/>
  <testcase classname="| DP:SUPER.USERNAME | DP:SUPER.PASSWORD | Users | DP:STUDENTS.STUDENT1.FIRSTNAME | DP:STUDENTS.STUDENT1.LASTNAME | Student | DP:STUDENTS.STUDENT1.USERNAME | DP:STUDENTS.STUDENT1.PASSWORD | DP:SECRET.QUESTION | DP:SECRET.ANSWER | DP:STUDENTS.STUDENT1.NEWPASSWORD | Y | N | Sections | Join a Section | DP:SECTIONS.SECTIONNAME | https:\/\/sam.cengage.com\/Content\/InstructionFiles\/Help\/Student\/Student%20Help.htm#_Toc421607419 |" name="And I enter DP:STUDENTS.STUDENT1.PASSWORD in Verify Password" time="0"/>
  <testcase classname="| DP:SUPER.USERNAME | DP:SUPER.PASSWORD | Users | DP:STUDENTS.STUDENT1.FIRSTNAME | DP:STUDENTS.STUDENT1.LASTNAME | Student | DP:STUDENTS.STUDENT1.USERNAME | DP:STUDENTS.STUDENT1.PASSWORD | DP:SECRET.QUESTION | DP:SECRET.ANSWER | DP:STUDENTS.STUDENT1.NEWPASSWORD | Y | N | Sections | Join a Section | DP:SECTIONS.SECTIONNAME | https:\/\/sam.cengage.com\/Content\/InstructionFiles\/Help\/Student\/Student%20Help.htm#_Toc421607419 |" name="And I click on Save button" time="0"/>
  <testcase classname="| DP:SUPER.USERNAME | DP:SUPER.PASSWORD | Users | DP:STUDENTS.STUDENT1.FIRSTNAME | DP:STUDENTS.STUDENT1.LASTNAME | Student | DP:STUDENTS.STUDENT1.USERNAME | DP:STUDENTS.STUDENT1.PASSWORD | DP:SECRET.QUESTION | DP:SECRET.ANSWER | DP:STUDENTS.STUDENT1.NEWPASSWORD | Y | N | Sections | Join a Section | DP:SECTIONS.SECTIONNAME | https:\/\/sam.cengage.com\/Content\/InstructionFiles\/Help\/Student\/Student%20Help.htm#_Toc421607419 |" name="And I click on Cancel button in User Added Successfully pop-up" time="0"/>
  <testcase classname="| DP:SUPER.USERNAME | DP:SUPER.PASSWORD | Users | DP:STUDENTS.STUDENT1.FIRSTNAME | DP:STUDENTS.STUDENT1.LASTNAME | Student | DP:STUDENTS.STUDENT1.USERNAME | DP:STUDENTS.STUDENT1.PASSWORD | DP:SECRET.QUESTION | DP:SECRET.ANSWER | DP:STUDENTS.STUDENT1.NEWPASSWORD | Y | N | Sections | Join a Section | DP:SECTIONS.SECTIONNAME | https:\/\/sam.cengage.com\/Content\/InstructionFiles\/Help\/Student\/Student%20Help.htm#_Toc421607419 |" name="And I see the created DP:STUDENTS.STUDENT1.USERNAME Student Y in Users page" time="0"/>
  <testcase classname="| DP:SUPER.USERNAME | DP:SUPER.PASSWORD | Users | DP:STUDENTS.STUDENT1.FIRSTNAME | DP:STUDENTS.STUDENT1.LASTNAME | Student | DP:STUDENTS.STUDENT1.USERNAME | DP:STUDENTS.STUDENT1.PASSWORD | DP:SECRET.QUESTION | DP:SECRET.ANSWER | DP:STUDENTS.STUDENT1.NEWPASSWORD | Y | N | Sections | Join a Section | DP:SECTIONS.SECTIONNAME | https:\/\/sam.cengage.com\/Content\/InstructionFiles\/Help\/Student\/Student%20Help.htm#_Toc421607419 |" name="And I click on Logout button" time="0"/>
  <testcase classname="| DP:SUPER.USERNAME | DP:SUPER.PASSWORD | Users | DP:STUDENTS.STUDENT1.FIRSTNAME | DP:STUDENTS.STUDENT1.LASTNAME | Student | DP:STUDENTS.STUDENT1.USERNAME | DP:STUDENTS.STUDENT1.PASSWORD | DP:SECRET.QUESTION | DP:SECRET.ANSWER | DP:STUDENTS.STUDENT1.NEWPASSWORD | Y | N | Sections | Join a Section | DP:SECTIONS.SECTIONNAME | https:\/\/sam.cengage.com\/Content\/InstructionFiles\/Help\/Student\/Student%20Help.htm#_Toc421607419 |" name="And I enter DP:STUDENTS.STUDENT1.USERNAME Y Username in LMS login page" time="0.001"/>
  <testcase classname="| DP:SUPER.USERNAME | DP:SUPER.PASSWORD | Users | DP:STUDENTS.STUDENT1.FIRSTNAME | DP:STUDENTS.STUDENT1.LASTNAME | Student | DP:STUDENTS.STUDENT1.USERNAME | DP:STUDENTS.STUDENT1.PASSWORD | DP:SECRET.QUESTION | DP:SECRET.ANSWER | DP:STUDENTS.STUDENT1.NEWPASSWORD | Y | N | Sections | Join a Section | DP:SECTIONS.SECTIONNAME | https:\/\/sam.cengage.com\/Content\/InstructionFiles\/Help\/Student\/Student%20Help.htm#_Toc421607419 |" name="And I enter DP:STUDENTS.STUDENT1.PASSWORD Password in LMS login page" time="0"/>
  <testcase classname="| DP:SUPER.USERNAME | DP:SUPER.PASSWORD | Users | DP:STUDENTS.STUDENT1.FIRSTNAME | DP:STUDENTS.STUDENT1.LASTNAME | Student | DP:STUDENTS.STUDENT1.USERNAME | DP:STUDENTS.STUDENT1.PASSWORD | DP:SECRET.QUESTION | DP:SECRET.ANSWER | DP:STUDENTS.STUDENT1.NEWPASSWORD | Y | N | Sections | Join a Section | DP:SECTIONS.SECTIONNAME | https:\/\/sam.cengage.com\/Content\/InstructionFiles\/Help\/Student\/Student%20Help.htm#_Toc421607419 |" name="And I click on Log In button" time="0"/>
  <testcase classname="| DP:SUPER.USERNAME | DP:SUPER.PASSWORD | Users | DP:STUDENTS.STUDENT1.FIRSTNAME | DP:STUDENTS.STUDENT1.LASTNAME | Student | DP:STUDENTS.STUDENT1.USERNAME | DP:STUDENTS.STUDENT1.PASSWORD | DP:SECRET.QUESTION | DP:SECRET.ANSWER | DP:STUDENTS.STUDENT1.NEWPASSWORD | Y | N | Sections | Join a Section | DP:SECTIONS.SECTIONNAME | https:\/\/sam.cengage.com\/Content\/InstructionFiles\/Help\/Student\/Student%20Help.htm#_Toc421607419 |" name="And I click on I Agree button in EULA page" time="0"/>
  <testcase classname="| DP:SUPER.USERNAME | DP:SUPER.PASSWORD | Users | DP:STUDENTS.STUDENT1.FIRSTNAME | DP:STUDENTS.STUDENT1.LASTNAME | Student | DP:STUDENTS.STUDENT1.USERNAME | DP:STUDENTS.STUDENT1.PASSWORD | DP:SECRET.QUESTION | DP:SECRET.ANSWER | DP:STUDENTS.STUDENT1.NEWPASSWORD | Y | N | Sections | Join a Section | DP:SECTIONS.SECTIONNAME | https:\/\/sam.cengage.com\/Content\/InstructionFiles\/Help\/Student\/Student%20Help.htm#_Toc421607419 |" name="And I select DP:SECRET.QUESTION from secret question" time="0"/>
  <testcase classname="| DP:SUPER.USERNAME | DP:SUPER.PASSWORD | Users | DP:STUDENTS.STUDENT1.FIRSTNAME | DP:STUDENTS.STUDENT1.LASTNAME | Student | DP:STUDENTS.STUDENT1.USERNAME | DP:STUDENTS.STUDENT1.PASSWORD | DP:SECRET.QUESTION | DP:SECRET.ANSWER | DP:STUDENTS.STUDENT1.NEWPASSWORD | Y | N | Sections | Join a Section | DP:SECTIONS.SECTIONNAME | https:\/\/sam.cengage.com\/Content\/InstructionFiles\/Help\/Student\/Student%20Help.htm#_Toc421607419 |" name="And I enter DP:SECRET.ANSWER in secret answer" time="0"/>
  <testcase classname="| DP:SUPER.USERNAME | DP:SUPER.PASSWORD | Users | DP:STUDENTS.STUDENT1.FIRSTNAME | DP:STUDENTS.STUDENT1.LASTNAME | Student | DP:STUDENTS.STUDENT1.USERNAME | DP:STUDENTS.STUDENT1.PASSWORD | DP:SECRET.QUESTION | DP:SECRET.ANSWER | DP:STUDENTS.STUDENT1.NEWPASSWORD | Y | N | Sections | Join a Section | DP:SECTIONS.SECTIONNAME | https:\/\/sam.cengage.com\/Content\/InstructionFiles\/Help\/Student\/Student%20Help.htm#_Toc421607419 |" name="And I click on Submit button" time="0"/>
  <testcase classname="| DP:SUPER.USERNAME | DP:SUPER.PASSWORD | Users | DP:STUDENTS.STUDENT1.FIRSTNAME | DP:STUDENTS.STUDENT1.LASTNAME | Student | DP:STUDENTS.STUDENT1.USERNAME | DP:STUDENTS.STUDENT1.PASSWORD | DP:SECRET.QUESTION | DP:SECRET.ANSWER | DP:STUDENTS.STUDENT1.NEWPASSWORD | Y | N | Sections | Join a Section | DP:SECTIONS.SECTIONNAME | https:\/\/sam.cengage.com\/Content\/InstructionFiles\/Help\/Student\/Student%20Help.htm#_Toc421607419 |" name="And I enter DP:STUDENTS.STUDENT1.NEWPASSWORD in New Password" time="0"/>
  <testcase classname="| DP:SUPER.USERNAME | DP:SUPER.PASSWORD | Users | DP:STUDENTS.STUDENT1.FIRSTNAME | DP:STUDENTS.STUDENT1.LASTNAME | Student | DP:STUDENTS.STUDENT1.USERNAME | DP:STUDENTS.STUDENT1.PASSWORD | DP:SECRET.QUESTION | DP:SECRET.ANSWER | DP:STUDENTS.STUDENT1.NEWPASSWORD | Y | N | Sections | Join a Section | DP:SECTIONS.SECTIONNAME | https:\/\/sam.cengage.com\/Content\/InstructionFiles\/Help\/Student\/Student%20Help.htm#_Toc421607419 |" name="And I enter DP:STUDENTS.STUDENT1.NEWPASSWORD in Confirm Password" time="0"/>
  <testcase classname="| DP:SUPER.USERNAME | DP:SUPER.PASSWORD | Users | DP:STUDENTS.STUDENT1.FIRSTNAME | DP:STUDENTS.STUDENT1.LASTNAME | Student | DP:STUDENTS.STUDENT1.USERNAME | DP:STUDENTS.STUDENT1.PASSWORD | DP:SECRET.QUESTION | DP:SECRET.ANSWER | DP:STUDENTS.STUDENT1.NEWPASSWORD | Y | N | Sections | Join a Section | DP:SECTIONS.SECTIONNAME | https:\/\/sam.cengage.com\/Content\/InstructionFiles\/Help\/Student\/Student%20Help.htm#_Toc421607419 |" name="And I click on Continue button" time="0"/>
  <testcase classname="| DP:SUPER.USERNAME | DP:SUPER.PASSWORD | Users | DP:STUDENTS.STUDENT1.FIRSTNAME | DP:STUDENTS.STUDENT1.LASTNAME | Student | DP:STUDENTS.STUDENT1.USERNAME | DP:STUDENTS.STUDENT1.PASSWORD | DP:SECRET.QUESTION | DP:SECRET.ANSWER | DP:STUDENTS.STUDENT1.NEWPASSWORD | Y | N | Sections | Join a Section | DP:SECTIONS.SECTIONNAME | https:\/\/sam.cengage.com\/Content\/InstructionFiles\/Help\/Student\/Student%20Help.htm#_Toc421607419 |" name="And I see Student Activities page" time="0"/>
  <testcase classname="| DP:SUPER.USERNAME | DP:SUPER.PASSWORD | Users | DP:STUDENTS.STUDENT1.FIRSTNAME | DP:STUDENTS.STUDENT1.LASTNAME | Student | DP:STUDENTS.STUDENT1.USERNAME | DP:STUDENTS.STUDENT1.PASSWORD | DP:SECRET.QUESTION | DP:SECRET.ANSWER | DP:STUDENTS.STUDENT1.NEWPASSWORD | Y | N | Sections | Join a Section | DP:SECTIONS.SECTIONNAME | https:\/\/sam.cengage.com\/Content\/InstructionFiles\/Help\/Student\/Student%20Help.htm#_Toc421607419 |" name="And I click on Logout button" time="0"/>
  <testcase classname="| DP:SUPER.USERNAME | DP:SUPER.PASSWORD | Users | DP:STUDENTS.STUDENT1.FIRSTNAME | DP:STUDENTS.STUDENT1.LASTNAME | Student | DP:STUDENTS.STUDENT1.USERNAME | DP:STUDENTS.STUDENT1.PASSWORD | DP:SECRET.QUESTION | DP:SECRET.ANSWER | DP:STUDENTS.STUDENT1.NEWPASSWORD | Y | N | Sections | Join a Section | DP:SECTIONS.SECTIONNAME | https:\/\/sam.cengage.com\/Content\/InstructionFiles\/Help\/Student\/Student%20Help.htm#_Toc421607419 |" name="And I enter DP:STUDENTS.STUDENT1.USERNAME Y Username in LMS login page" time="0"/>
  <testcase classname="| DP:SUPER.USERNAME | DP:SUPER.PASSWORD | Users | DP:STUDENTS.STUDENT1.FIRSTNAME | DP:STUDENTS.STUDENT1.LASTNAME | Student | DP:STUDENTS.STUDENT1.USERNAME | DP:STUDENTS.STUDENT1.PASSWORD | DP:SECRET.QUESTION | DP:SECRET.ANSWER | DP:STUDENTS.STUDENT1.NEWPASSWORD | Y | N | Sections | Join a Section | DP:SECTIONS.SECTIONNAME | https:\/\/sam.cengage.com\/Content\/InstructionFiles\/Help\/Student\/Student%20Help.htm#_Toc421607419 |" name="And I enter DP:STUDENTS.STUDENT1.PASSWORD Password in LMS login page" time="0"/>
  <testcase classname="| DP:SUPER.USERNAME | DP:SUPER.PASSWORD | Users | DP:STUDENTS.STUDENT1.FIRSTNAME | DP:STUDENTS.STUDENT1.LASTNAME | Student | DP:STUDENTS.STUDENT1.USERNAME | DP:STUDENTS.STUDENT1.PASSWORD | DP:SECRET.QUESTION | DP:SECRET.ANSWER | DP:STUDENTS.STUDENT1.NEWPASSWORD | Y | N | Sections | Join a Section | DP:SECTIONS.SECTIONNAME | https:\/\/sam.cengage.com\/Content\/InstructionFiles\/Help\/Student\/Student%20Help.htm#_Toc421607419 |" name="And I click on Log In button" time="0"/>
  <testcase classname="| DP:SUPER.USERNAME | DP:SUPER.PASSWORD | Users | DP:STUDENTS.STUDENT1.FIRSTNAME | DP:STUDENTS.STUDENT1.LASTNAME | Student | DP:STUDENTS.STUDENT1.USERNAME | DP:STUDENTS.STUDENT1.PASSWORD | DP:SECRET.QUESTION | DP:SECRET.ANSWER | DP:STUDENTS.STUDENT1.NEWPASSWORD | Y | N | Sections | Join a Section | DP:SECTIONS.SECTIONNAME | https:\/\/sam.cengage.com\/Content\/InstructionFiles\/Help\/Student\/Student%20Help.htm#_Toc421607419 |" name="And I see join section header" time="0"/>
  <testcase classname="| DP:SUPER.USERNAME | DP:SUPER.PASSWORD | Users | DP:STUDENTS.STUDENT1.FIRSTNAME | DP:STUDENTS.STUDENT1.LASTNAME | Student | DP:STUDENTS.STUDENT1.USERNAME | DP:STUDENTS.STUDENT1.PASSWORD | DP:SECRET.QUESTION | DP:SECRET.ANSWER | DP:STUDENTS.STUDENT1.NEWPASSWORD | Y | N | Sections | Join a Section | DP:SECTIONS.SECTIONNAME | https:\/\/sam.cengage.com\/Content\/InstructionFiles\/Help\/Student\/Student%20Help.htm#_Toc421607419 |" name="And I see join section header content" time="0.015">
    <failure type="java.lang.AssertionError">java.lang.AssertionError
	at org.junit.Assert.fail(Assert.java:86)
	at org.junit.Assert.assertTrue(Assert.java:41)
	at org.junit.Assert.assertTrue(Assert.java:52)
	at cengage.samlms.stepdefinition.UsersSteps.I_see_join_section_header_content(UsersSteps.java:675)
	at ✽.And I see join section header content(test/resources/cengage/samlms/lms_stories/Assignment_Name_Validation.feature:69)
</failure>
    <system-out>22:53:07.572 [main] ERROR cengage.common.toolbox.Sync - org.openqa.selenium.TimeoutException: Timed out after 150 seconds waiting for cengage.common.toolbox.Sync$4@3af7d855
Build info: version: &apos;2.53.0&apos;, revision: &apos;35ae25b1534ae328c771e0856c93e187490ca824&apos;, time: &apos;2016-03-15 10:43:46&apos;
System info: host: &apos;CODOID&apos;, ip: &apos;10.161.243.104&apos;, os.name: &apos;Windows 8.1&apos;, os.arch: &apos;amd64&apos;, os.version: &apos;6.3&apos;, java.version: &apos;1.8.0_91&apos;
Driver info: driver.version: unknown
22:53:07.588 [main] ERROR cengage.common.toolbox.Element - org.openqa.selenium.NoSuchElementException: no such element: Unable to locate element: {&quot;method&quot;:&quot;xpath&quot;,&quot;selector&quot;:&quot;//p[contains(.,&apos;You have not yet joined a section and need to do so to access your assignments. Click&apos;)]&quot;}
  (Session info: chrome=56.0.2924.87)
  (Driver info: chromedriver=2.25.426923 (0390b88869384d6eb0d5d09729679f934aab9eed),platform=Windows NT 6.3.9600 x86_64) (WARNING: The server did not provide any stacktrace information)
Command duration or timeout: 16 milliseconds
For documentation on this error, please visit: http://seleniumhq.org/exceptions/no_such_element.html
Build info: version: &apos;2.53.0&apos;, revision: &apos;35ae25b1534ae328c771e0856c93e187490ca824&apos;, time: &apos;2016-03-15 10:43:46&apos;
System info: host: &apos;CODOID&apos;, ip: &apos;10.161.243.104&apos;, os.name: &apos;Windows 8.1&apos;, os.arch: &apos;amd64&apos;, os.version: &apos;6.3&apos;, java.version: &apos;1.8.0_91&apos;
Driver info: org.openqa.selenium.chrome.ChromeDriver
Capabilities [{applicationCacheEnabled=false, rotatable=false, mobileEmulationEnabled=false, networkConnectionEnabled=false, chrome={chromedriverVersion=2.25.426923 (0390b88869384d6eb0d5d09729679f934aab9eed), userDataDir=C:\Users\CODOID~1\AppData\Local\Temp\scoped_dir7952_21811}, takesHeapSnapshot=true, pageLoadStrategy=normal, databaseEnabled=false, handlesAlerts=true, hasTouchScreen=false, version=56.0.2924.87, platform=WIN8_1, browserConnectionEnabled=false, nativeEvents=true, acceptSslCerts=true, locationContextEnabled=true, webStorageEnabled=true, browserName=chrome, takesScreenshot=true, javascriptEnabled=true, cssSelectorsEnabled=true}]
Session ID: 894fbd691213eda0da5482641bc6502f
*** Element info: {Using=xpath, value=//p[contains(.,&apos;You have not yet joined a section and need to do so to access your assignments. Click&apos;)]}
</system-out>
  </testcase>
  <testcase classname="| DP:SUPER.USERNAME | DP:SUPER.PASSWORD | Users | DP:STUDENTS.STUDENT1.FIRSTNAME | DP:STUDENTS.STUDENT1.LASTNAME | Student | DP:STUDENTS.STUDENT1.USERNAME | DP:STUDENTS.STUDENT1.PASSWORD | DP:SECRET.QUESTION | DP:SECRET.ANSWER | DP:STUDENTS.STUDENT1.NEWPASSWORD | Y | N | Sections | Join a Section | DP:SECTIONS.SECTIONNAME | https:\/\/sam.cengage.com\/Content\/InstructionFiles\/Help\/Student\/Student%20Help.htm#_Toc421607419 |" name="| DP:SUPER.USERNAME | DP:SUPER.PASSWORD | Users | DP:STUDENTS.STUDENT1.FIRSTNAME | DP:STUDENTS.STUDENT1.LASTNAME | Student | DP:STUDENTS.STUDENT1.USERNAME | DP:STUDENTS.STUDENT1.PASSWORD | DP:SECRET.QUESTION | DP:SECRET.ANSWER | DP:STUDENTS.STUDENT1.NEWPASSWORD | Y | N | Sections | Join a Section | DP:SECTIONS.SECTIONNAME | https:\/\/sam.cengage.com\/Content\/InstructionFiles\/Help\/Student\/Student%20Help.htm#_Toc421607419 |" time="0.015">
    <failure type="java.lang.AssertionError">java.lang.AssertionError
	at org.junit.Assert.fail(Assert.java:86)
	at org.junit.Assert.assertTrue(Assert.java:41)
	at org.junit.Assert.assertTrue(Assert.java:52)
	at cengage.samlms.stepdefinition.UsersSteps.I_see_join_section_header_content(UsersSteps.java:675)
	at ✽.And I see join section header content(test/resources/cengage/samlms/lms_stories/Assignment_Name_Validation.feature:69)
</failure>
  </testcase>
  <testcase classname="| DP:SUPER.USERNAME | DP:SUPER.PASSWORD | Users | DP:STUDENTS.STUDENT1.FIRSTNAME | DP:STUDENTS.STUDENT1.LASTNAME | Student | DP:STUDENTS.STUDENT1.USERNAME | DP:STUDENTS.STUDENT1.PASSWORD | DP:SECRET.QUESTION | DP:SECRET.ANSWER | DP:STUDENTS.STUDENT1.NEWPASSWORD | Y | N | Sections | Join a Section | DP:SECTIONS.SECTIONNAME | https:\/\/sam.cengage.com\/Content\/InstructionFiles\/Help\/Student\/Student%20Help.htm#_Toc421607419 |" name="And I see Student Activities page" time="0.015">
    <skipped/>
  </testcase>
  <testcase classname="| DP:SUPER.USERNAME | DP:SUPER.PASSWORD | Users | DP:STUDENTS.STUDENT1.FIRSTNAME | DP:STUDENTS.STUDENT1.LASTNAME | Student | DP:STUDENTS.STUDENT1.USERNAME | DP:STUDENTS.STUDENT1.PASSWORD | DP:SECRET.QUESTION | DP:SECRET.ANSWER | DP:STUDENTS.STUDENT1.NEWPASSWORD | Y | N | Sections | Join a Section | DP:SECTIONS.SECTIONNAME | https:\/\/sam.cengage.com\/Content\/InstructionFiles\/Help\/Student\/Student%20Help.htm#_Toc421607419 |" name="And I click on Sections tab" time="0.015">
    <skipped/>
  </testcase>
  <testcase classname="| DP:SUPER.USERNAME | DP:SUPER.PASSWORD | Users | DP:STUDENTS.STUDENT1.FIRSTNAME | DP:STUDENTS.STUDENT1.LASTNAME | Student | DP:STUDENTS.STUDENT1.USERNAME | DP:STUDENTS.STUDENT1.PASSWORD | DP:SECRET.QUESTION | DP:SECRET.ANSWER | DP:STUDENTS.STUDENT1.NEWPASSWORD | Y | N | Sections | Join a Section | DP:SECTIONS.SECTIONNAME | https:\/\/sam.cengage.com\/Content\/InstructionFiles\/Help\/Student\/Student%20Help.htm#_Toc421607419 |" name="And I click on Join a Section tab" time="0.015">
    <skipped/>
  </testcase>
  <testcase classname="| DP:SUPER.USERNAME | DP:SUPER.PASSWORD | Users | DP:STUDENTS.STUDENT1.FIRSTNAME | DP:STUDENTS.STUDENT1.LASTNAME | Student | DP:STUDENTS.STUDENT1.USERNAME | DP:STUDENTS.STUDENT1.PASSWORD | DP:SECRET.QUESTION | DP:SECRET.ANSWER | DP:STUDENTS.STUDENT1.NEWPASSWORD | Y | N | Sections | Join a Section | DP:SECTIONS.SECTIONNAME | https:\/\/sam.cengage.com\/Content\/InstructionFiles\/Help\/Student\/Student%20Help.htm#_Toc421607419 |" name="And I click on DP:SECTIONS.SECTIONNAME Y Join Section icon" time="0.015">
    <skipped/>
  </testcase>
  <testcase classname="| DP:SUPER.USERNAME | DP:SUPER.PASSWORD | Users | DP:STUDENTS.STUDENT1.FIRSTNAME | DP:STUDENTS.STUDENT1.LASTNAME | Student | DP:STUDENTS.STUDENT1.USERNAME | DP:STUDENTS.STUDENT1.PASSWORD | DP:SECRET.QUESTION | DP:SECRET.ANSWER | DP:STUDENTS.STUDENT1.NEWPASSWORD | Y | N | Sections | Join a Section | DP:SECTIONS.SECTIONNAME | https:\/\/sam.cengage.com\/Content\/InstructionFiles\/Help\/Student\/Student%20Help.htm#_Toc421607419 |" name="And I click on X icon" time="0.015">
    <skipped/>
  </testcase>
  <testcase classname="| DP:SUPER.USERNAME | DP:SUPER.PASSWORD | Users | DP:STUDENTS.STUDENT1.FIRSTNAME | DP:STUDENTS.STUDENT1.LASTNAME | Student | DP:STUDENTS.STUDENT1.USERNAME | DP:STUDENTS.STUDENT1.PASSWORD | DP:SECRET.QUESTION | DP:SECRET.ANSWER | DP:STUDENTS.STUDENT1.NEWPASSWORD | Y | N | Sections | Join a Section | DP:SECTIONS.SECTIONNAME | https:\/\/sam.cengage.com\/Content\/InstructionFiles\/Help\/Student\/Student%20Help.htm#_Toc421607419 |" name="And I click on Logout button" time="0.031">
    <skipped/>
  </testcase>
  <testcase classname="| DP:SUPER.USERNAME | DP:SUPER.PASSWORD | Users | DP:STUDENTS.STUDENT1.FIRSTNAME | DP:STUDENTS.STUDENT1.LASTNAME | Student | DP:STUDENTS.STUDENT1.USERNAME | DP:STUDENTS.STUDENT1.PASSWORD | DP:SECRET.QUESTION | DP:SECRET.ANSWER | DP:STUDENTS.STUDENT1.NEWPASSWORD | Y | N | Sections | Join a Section | DP:SECTIONS.SECTIONNAME | https:\/\/sam.cengage.com\/Content\/InstructionFiles\/Help\/Student\/Student%20Help.htm#_Toc421607419 |" name="And I enter DP:STUDENTS.STUDENT1.USERNAME Y Username in LMS login page" time="0.031">
    <skipped/>
  </testcase>
  <testcase classname="| DP:SUPER.USERNAME | DP:SUPER.PASSWORD | Users | DP:STUDENTS.STUDENT1.FIRSTNAME | DP:STUDENTS.STUDENT1.LASTNAME | Student | DP:STUDENTS.STUDENT1.USERNAME | DP:STUDENTS.STUDENT1.PASSWORD | DP:SECRET.QUESTION | DP:SECRET.ANSWER | DP:STUDENTS.STUDENT1.NEWPASSWORD | Y | N | Sections | Join a Section | DP:SECTIONS.SECTIONNAME | https:\/\/sam.cengage.com\/Content\/InstructionFiles\/Help\/Student\/Student%20Help.htm#_Toc421607419 |" name="And I enter DP:STUDENTS.STUDENT1.PASSWORD Password in LMS login page" time="0.031">
    <skipped/>
  </testcase>
  <testcase classname="| DP:SUPER.USERNAME | DP:SUPER.PASSWORD | Users | DP:STUDENTS.STUDENT1.FIRSTNAME | DP:STUDENTS.STUDENT1.LASTNAME | Student | DP:STUDENTS.STUDENT1.USERNAME | DP:STUDENTS.STUDENT1.PASSWORD | DP:SECRET.QUESTION | DP:SECRET.ANSWER | DP:STUDENTS.STUDENT1.NEWPASSWORD | Y | N | Sections | Join a Section | DP:SECTIONS.SECTIONNAME | https:\/\/sam.cengage.com\/Content\/InstructionFiles\/Help\/Student\/Student%20Help.htm#_Toc421607419 |" name="When I click on Log In button" time="0.031">
    <skipped/>
  </testcase>
  <testcase classname="| DP:SUPER.USERNAME | DP:SUPER.PASSWORD | Users | DP:STUDENTS.STUDENT1.FIRSTNAME | DP:STUDENTS.STUDENT1.LASTNAME | Student | DP:STUDENTS.STUDENT1.USERNAME | DP:STUDENTS.STUDENT1.PASSWORD | DP:SECRET.QUESTION | DP:SECRET.ANSWER | DP:STUDENTS.STUDENT1.NEWPASSWORD | Y | N | Sections | Join a Section | DP:SECTIONS.SECTIONNAME | https:\/\/sam.cengage.com\/Content\/InstructionFiles\/Help\/Student\/Student%20Help.htm#_Toc421607419 |" name="Then I should not see join section header" time="0.031">
    <skipped/>
  </testcase>
  <testcase classname="| DP:SUPER.USERNAME | DP:SUPER.PASSWORD | Users | DP:STUDENTS.STUDENT1.FIRSTNAME | DP:STUDENTS.STUDENT1.LASTNAME | Student | DP:STUDENTS.STUDENT1.USERNAME | DP:STUDENTS.STUDENT1.PASSWORD | DP:SECRET.QUESTION | DP:SECRET.ANSWER | DP:STUDENTS.STUDENT1.NEWPASSWORD | Y | N | Sections | Join a Section | DP:SECTIONS.SECTIONNAME | https:\/\/sam.cengage.com\/Content\/InstructionFiles\/Help\/Student\/Student%20Help.htm#_Toc421607419 |" name="And I click on Logout button" time="0.031">
    <skipped/>
  </testcase>
  <testcase classname="| DP:SUPER.USERNAME | DP:SUPER.PASSWORD | Users | Sections | Join a Section | DP:SECTIONS.SECTIONNAME | DP:STUDENTS.STUDENT2.FIRSTNAME | DP:STUDENTS.STUDENT2.LASTNAME | Student | DP:STUDENTS.STUDENT2.USERNAME | DP:STUDENTS.STUDENT2.PASSWORD | DP:SECRET.QUESTION | DP:SECRET.ANSWER | DP:STUDENTS.STUDENT2.NEWPASSWORD | Y | N |" name="Given As a user I see login page of LMS" time="0"/>
  <testcase classname="| DP:SUPER.USERNAME | DP:SUPER.PASSWORD | Users | Sections | Join a Section | DP:SECTIONS.SECTIONNAME | DP:STUDENTS.STUDENT2.FIRSTNAME | DP:STUDENTS.STUDENT2.LASTNAME | Student | DP:STUDENTS.STUDENT2.USERNAME | DP:STUDENTS.STUDENT2.PASSWORD | DP:SECRET.QUESTION | DP:SECRET.ANSWER | DP:STUDENTS.STUDENT2.NEWPASSWORD | Y | N |" name="And I enter DP:SUPER.USERNAME N Username in LMS login page" time="0"/>
  <testcase classname="| DP:SUPER.USERNAME | DP:SUPER.PASSWORD | Users | Sections | Join a Section | DP:SECTIONS.SECTIONNAME | DP:STUDENTS.STUDENT2.FIRSTNAME | DP:STUDENTS.STUDENT2.LASTNAME | Student | DP:STUDENTS.STUDENT2.USERNAME | DP:STUDENTS.STUDENT2.PASSWORD | DP:SECRET.QUESTION | DP:SECRET.ANSWER | DP:STUDENTS.STUDENT2.NEWPASSWORD | Y | N |" name="And I enter DP:SUPER.PASSWORD Password in LMS login page" time="0"/>
  <testcase classname="| DP:SUPER.USERNAME | DP:SUPER.PASSWORD | Users | Sections | Join a Section | DP:SECTIONS.SECTIONNAME | DP:STUDENTS.STUDENT2.FIRSTNAME | DP:STUDENTS.STUDENT2.LASTNAME | Student | DP:STUDENTS.STUDENT2.USERNAME | DP:STUDENTS.STUDENT2.PASSWORD | DP:SECRET.QUESTION | DP:SECRET.ANSWER | DP:STUDENTS.STUDENT2.NEWPASSWORD | Y | N |" name="And I click on Log In button" time="0"/>
  <testcase classname="| DP:SUPER.USERNAME | DP:SUPER.PASSWORD | Users | Sections | Join a Section | DP:SECTIONS.SECTIONNAME | DP:STUDENTS.STUDENT2.FIRSTNAME | DP:STUDENTS.STUDENT2.LASTNAME | Student | DP:STUDENTS.STUDENT2.USERNAME | DP:STUDENTS.STUDENT2.PASSWORD | DP:SECRET.QUESTION | DP:SECRET.ANSWER | DP:STUDENTS.STUDENT2.NEWPASSWORD | Y | N |" name="And I see home page of LMS" time="0"/>
  <testcase classname="| DP:SUPER.USERNAME | DP:SUPER.PASSWORD | Users | Sections | Join a Section | DP:SECTIONS.SECTIONNAME | DP:STUDENTS.STUDENT2.FIRSTNAME | DP:STUDENTS.STUDENT2.LASTNAME | Student | DP:STUDENTS.STUDENT2.USERNAME | DP:STUDENTS.STUDENT2.PASSWORD | DP:SECRET.QUESTION | DP:SECRET.ANSWER | DP:STUDENTS.STUDENT2.NEWPASSWORD | Y | N |" name="And I click on Users tab" time="0"/>
  <testcase classname="| DP:SUPER.USERNAME | DP:SUPER.PASSWORD | Users | Sections | Join a Section | DP:SECTIONS.SECTIONNAME | DP:STUDENTS.STUDENT2.FIRSTNAME | DP:STUDENTS.STUDENT2.LASTNAME | Student | DP:STUDENTS.STUDENT2.USERNAME | DP:STUDENTS.STUDENT2.PASSWORD | DP:SECRET.QUESTION | DP:SECRET.ANSWER | DP:STUDENTS.STUDENT2.NEWPASSWORD | Y | N |" name="And I click on Add New button" time="0"/>
  <testcase classname="| DP:SUPER.USERNAME | DP:SUPER.PASSWORD | Users | Sections | Join a Section | DP:SECTIONS.SECTIONNAME | DP:STUDENTS.STUDENT2.FIRSTNAME | DP:STUDENTS.STUDENT2.LASTNAME | Student | DP:STUDENTS.STUDENT2.USERNAME | DP:STUDENTS.STUDENT2.PASSWORD | DP:SECRET.QUESTION | DP:SECRET.ANSWER | DP:STUDENTS.STUDENT2.NEWPASSWORD | Y | N |" name="And I enter DP:STUDENTS.STUDENT2.FIRSTNAME in First Name" time="0"/>
  <testcase classname="| DP:SUPER.USERNAME | DP:SUPER.PASSWORD | Users | Sections | Join a Section | DP:SECTIONS.SECTIONNAME | DP:STUDENTS.STUDENT2.FIRSTNAME | DP:STUDENTS.STUDENT2.LASTNAME | Student | DP:STUDENTS.STUDENT2.USERNAME | DP:STUDENTS.STUDENT2.PASSWORD | DP:SECRET.QUESTION | DP:SECRET.ANSWER | DP:STUDENTS.STUDENT2.NEWPASSWORD | Y | N |" name="And I enter DP:STUDENTS.STUDENT2.LASTNAME in Last Name" time="0"/>
  <testcase classname="| DP:SUPER.USERNAME | DP:SUPER.PASSWORD | Users | Sections | Join a Section | DP:SECTIONS.SECTIONNAME | DP:STUDENTS.STUDENT2.FIRSTNAME | DP:STUDENTS.STUDENT2.LASTNAME | Student | DP:STUDENTS.STUDENT2.USERNAME | DP:STUDENTS.STUDENT2.PASSWORD | DP:SECRET.QUESTION | DP:SECRET.ANSWER | DP:STUDENTS.STUDENT2.NEWPASSWORD | Y | N |" name="And I select Student from Role" time="0"/>
  <testcase classname="| DP:SUPER.USERNAME | DP:SUPER.PASSWORD | Users | Sections | Join a Section | DP:SECTIONS.SECTIONNAME | DP:STUDENTS.STUDENT2.FIRSTNAME | DP:STUDENTS.STUDENT2.LASTNAME | Student | DP:STUDENTS.STUDENT2.USERNAME | DP:STUDENTS.STUDENT2.PASSWORD | DP:SECRET.QUESTION | DP:SECRET.ANSWER | DP:STUDENTS.STUDENT2.NEWPASSWORD | Y | N |" name="And I enter DP:STUDENTS.STUDENT2.USERNAME in Username" time="0"/>
  <testcase classname="| DP:SUPER.USERNAME | DP:SUPER.PASSWORD | Users | Sections | Join a Section | DP:SECTIONS.SECTIONNAME | DP:STUDENTS.STUDENT2.FIRSTNAME | DP:STUDENTS.STUDENT2.LASTNAME | Student | DP:STUDENTS.STUDENT2.USERNAME | DP:STUDENTS.STUDENT2.PASSWORD | DP:SECRET.QUESTION | DP:SECRET.ANSWER | DP:STUDENTS.STUDENT2.NEWPASSWORD | Y | N |" name="And I enter DP:STUDENTS.STUDENT2.USERNAME in Verify Username" time="0"/>
  <testcase classname="| DP:SUPER.USERNAME | DP:SUPER.PASSWORD | Users | Sections | Join a Section | DP:SECTIONS.SECTIONNAME | DP:STUDENTS.STUDENT2.FIRSTNAME | DP:STUDENTS.STUDENT2.LASTNAME | Student | DP:STUDENTS.STUDENT2.USERNAME | DP:STUDENTS.STUDENT2.PASSWORD | DP:SECRET.QUESTION | DP:SECRET.ANSWER | DP:STUDENTS.STUDENT2.NEWPASSWORD | Y | N |" name="And I enter DP:STUDENTS.STUDENT2.PASSWORD in Password" time="0.001"/>
  <testcase classname="| DP:SUPER.USERNAME | DP:SUPER.PASSWORD | Users | Sections | Join a Section | DP:SECTIONS.SECTIONNAME | DP:STUDENTS.STUDENT2.FIRSTNAME | DP:STUDENTS.STUDENT2.LASTNAME | Student | DP:STUDENTS.STUDENT2.USERNAME | DP:STUDENTS.STUDENT2.PASSWORD | DP:SECRET.QUESTION | DP:SECRET.ANSWER | DP:STUDENTS.STUDENT2.NEWPASSWORD | Y | N |" name="And I enter DP:STUDENTS.STUDENT2.PASSWORD in Verify Password" time="0"/>
  <testcase classname="| DP:SUPER.USERNAME | DP:SUPER.PASSWORD | Users | Sections | Join a Section | DP:SECTIONS.SECTIONNAME | DP:STUDENTS.STUDENT2.FIRSTNAME | DP:STUDENTS.STUDENT2.LASTNAME | Student | DP:STUDENTS.STUDENT2.USERNAME | DP:STUDENTS.STUDENT2.PASSWORD | DP:SECRET.QUESTION | DP:SECRET.ANSWER | DP:STUDENTS.STUDENT2.NEWPASSWORD | Y | N |" name="And I click on Save button" time="0"/>
  <testcase classname="| DP:SUPER.USERNAME | DP:SUPER.PASSWORD | Users | Sections | Join a Section | DP:SECTIONS.SECTIONNAME | DP:STUDENTS.STUDENT2.FIRSTNAME | DP:STUDENTS.STUDENT2.LASTNAME | Student | DP:STUDENTS.STUDENT2.USERNAME | DP:STUDENTS.STUDENT2.PASSWORD | DP:SECRET.QUESTION | DP:SECRET.ANSWER | DP:STUDENTS.STUDENT2.NEWPASSWORD | Y | N |" name="And I click on Cancel button in User Added Successfully pop-up" time="0"/>
  <testcase classname="| DP:SUPER.USERNAME | DP:SUPER.PASSWORD | Users | Sections | Join a Section | DP:SECTIONS.SECTIONNAME | DP:STUDENTS.STUDENT2.FIRSTNAME | DP:STUDENTS.STUDENT2.LASTNAME | Student | DP:STUDENTS.STUDENT2.USERNAME | DP:STUDENTS.STUDENT2.PASSWORD | DP:SECRET.QUESTION | DP:SECRET.ANSWER | DP:STUDENTS.STUDENT2.NEWPASSWORD | Y | N |" name="And I see the created DP:STUDENTS.STUDENT2.USERNAME Student Y in Users page" time="0"/>
  <testcase classname="| DP:SUPER.USERNAME | DP:SUPER.PASSWORD | Users | Sections | Join a Section | DP:SECTIONS.SECTIONNAME | DP:STUDENTS.STUDENT2.FIRSTNAME | DP:STUDENTS.STUDENT2.LASTNAME | Student | DP:STUDENTS.STUDENT2.USERNAME | DP:STUDENTS.STUDENT2.PASSWORD | DP:SECRET.QUESTION | DP:SECRET.ANSWER | DP:STUDENTS.STUDENT2.NEWPASSWORD | Y | N |" name="And I click on Logout button" time="0"/>
  <testcase classname="| DP:SUPER.USERNAME | DP:SUPER.PASSWORD | Users | Sections | Join a Section | DP:SECTIONS.SECTIONNAME | DP:STUDENTS.STUDENT2.FIRSTNAME | DP:STUDENTS.STUDENT2.LASTNAME | Student | DP:STUDENTS.STUDENT2.USERNAME | DP:STUDENTS.STUDENT2.PASSWORD | DP:SECRET.QUESTION | DP:SECRET.ANSWER | DP:STUDENTS.STUDENT2.NEWPASSWORD | Y | N |" name="And I enter DP:STUDENTS.STUDENT2.USERNAME Y Username in LMS login page" time="0"/>
  <testcase classname="| DP:SUPER.USERNAME | DP:SUPER.PASSWORD | Users | Sections | Join a Section | DP:SECTIONS.SECTIONNAME | DP:STUDENTS.STUDENT2.FIRSTNAME | DP:STUDENTS.STUDENT2.LASTNAME | Student | DP:STUDENTS.STUDENT2.USERNAME | DP:STUDENTS.STUDENT2.PASSWORD | DP:SECRET.QUESTION | DP:SECRET.ANSWER | DP:STUDENTS.STUDENT2.NEWPASSWORD | Y | N |" name="And I enter DP:STUDENTS.STUDENT2.PASSWORD Password in LMS login page" time="0"/>
  <testcase classname="| DP:SUPER.USERNAME | DP:SUPER.PASSWORD | Users | Sections | Join a Section | DP:SECTIONS.SECTIONNAME | DP:STUDENTS.STUDENT2.FIRSTNAME | DP:STUDENTS.STUDENT2.LASTNAME | Student | DP:STUDENTS.STUDENT2.USERNAME | DP:STUDENTS.STUDENT2.PASSWORD | DP:SECRET.QUESTION | DP:SECRET.ANSWER | DP:STUDENTS.STUDENT2.NEWPASSWORD | Y | N |" name="And I click on Log In button" time="0"/>
  <testcase classname="| DP:SUPER.USERNAME | DP:SUPER.PASSWORD | Users | Sections | Join a Section | DP:SECTIONS.SECTIONNAME | DP:STUDENTS.STUDENT2.FIRSTNAME | DP:STUDENTS.STUDENT2.LASTNAME | Student | DP:STUDENTS.STUDENT2.USERNAME | DP:STUDENTS.STUDENT2.PASSWORD | DP:SECRET.QUESTION | DP:SECRET.ANSWER | DP:STUDENTS.STUDENT2.NEWPASSWORD | Y | N |" name="And I click on I Agree button in EULA page" time="0"/>
  <testcase classname="| DP:SUPER.USERNAME | DP:SUPER.PASSWORD | Users | Sections | Join a Section | DP:SECTIONS.SECTIONNAME | DP:STUDENTS.STUDENT2.FIRSTNAME | DP:STUDENTS.STUDENT2.LASTNAME | Student | DP:STUDENTS.STUDENT2.USERNAME | DP:STUDENTS.STUDENT2.PASSWORD | DP:SECRET.QUESTION | DP:SECRET.ANSWER | DP:STUDENTS.STUDENT2.NEWPASSWORD | Y | N |" name="And I select DP:SECRET.QUESTION from secret question" time="0"/>
  <testcase classname="| DP:SUPER.USERNAME | DP:SUPER.PASSWORD | Users | Sections | Join a Section | DP:SECTIONS.SECTIONNAME | DP:STUDENTS.STUDENT2.FIRSTNAME | DP:STUDENTS.STUDENT2.LASTNAME | Student | DP:STUDENTS.STUDENT2.USERNAME | DP:STUDENTS.STUDENT2.PASSWORD | DP:SECRET.QUESTION | DP:SECRET.ANSWER | DP:STUDENTS.STUDENT2.NEWPASSWORD | Y | N |" name="And I enter DP:SECRET.ANSWER in secret answer" time="0"/>
  <testcase classname="| DP:SUPER.USERNAME | DP:SUPER.PASSWORD | Users | Sections | Join a Section | DP:SECTIONS.SECTIONNAME | DP:STUDENTS.STUDENT2.FIRSTNAME | DP:STUDENTS.STUDENT2.LASTNAME | Student | DP:STUDENTS.STUDENT2.USERNAME | DP:STUDENTS.STUDENT2.PASSWORD | DP:SECRET.QUESTION | DP:SECRET.ANSWER | DP:STUDENTS.STUDENT2.NEWPASSWORD | Y | N |" name="And I click on Submit button" time="0"/>
  <testcase classname="| DP:SUPER.USERNAME | DP:SUPER.PASSWORD | Users | Sections | Join a Section | DP:SECTIONS.SECTIONNAME | DP:STUDENTS.STUDENT2.FIRSTNAME | DP:STUDENTS.STUDENT2.LASTNAME | Student | DP:STUDENTS.STUDENT2.USERNAME | DP:STUDENTS.STUDENT2.PASSWORD | DP:SECRET.QUESTION | DP:SECRET.ANSWER | DP:STUDENTS.STUDENT2.NEWPASSWORD | Y | N |" name="And I enter DP:STUDENTS.STUDENT2.NEWPASSWORD in New Password" time="0"/>
  <testcase classname="| DP:SUPER.USERNAME | DP:SUPER.PASSWORD | Users | Sections | Join a Section | DP:SECTIONS.SECTIONNAME | DP:STUDENTS.STUDENT2.FIRSTNAME | DP:STUDENTS.STUDENT2.LASTNAME | Student | DP:STUDENTS.STUDENT2.USERNAME | DP:STUDENTS.STUDENT2.PASSWORD | DP:SECRET.QUESTION | DP:SECRET.ANSWER | DP:STUDENTS.STUDENT2.NEWPASSWORD | Y | N |" name="And I enter DP:STUDENTS.STUDENT2.NEWPASSWORD in Confirm Password" time="0"/>
  <testcase classname="| DP:SUPER.USERNAME | DP:SUPER.PASSWORD | Users | Sections | Join a Section | DP:SECTIONS.SECTIONNAME | DP:STUDENTS.STUDENT2.FIRSTNAME | DP:STUDENTS.STUDENT2.LASTNAME | Student | DP:STUDENTS.STUDENT2.USERNAME | DP:STUDENTS.STUDENT2.PASSWORD | DP:SECRET.QUESTION | DP:SECRET.ANSWER | DP:STUDENTS.STUDENT2.NEWPASSWORD | Y | N |" name="When I click on Continue button" time="0"/>
  <testcase classname="| DP:SUPER.USERNAME | DP:SUPER.PASSWORD | Users | Sections | Join a Section | DP:SECTIONS.SECTIONNAME | DP:STUDENTS.STUDENT2.FIRSTNAME | DP:STUDENTS.STUDENT2.LASTNAME | Student | DP:STUDENTS.STUDENT2.USERNAME | DP:STUDENTS.STUDENT2.PASSWORD | DP:SECRET.QUESTION | DP:SECRET.ANSWER | DP:STUDENTS.STUDENT2.NEWPASSWORD | Y | N |" name="Then I see Student Activities page" time="0"/>
  <testcase classname="| DP:SUPER.USERNAME | DP:SUPER.PASSWORD | Users | Sections | Join a Section | DP:SECTIONS.SECTIONNAME | DP:STUDENTS.STUDENT2.FIRSTNAME | DP:STUDENTS.STUDENT2.LASTNAME | Student | DP:STUDENTS.STUDENT2.USERNAME | DP:STUDENTS.STUDENT2.PASSWORD | DP:SECRET.QUESTION | DP:SECRET.ANSWER | DP:STUDENTS.STUDENT2.NEWPASSWORD | Y | N |" name="And I click on Sections tab" time="0"/>
  <testcase classname="| DP:SUPER.USERNAME | DP:SUPER.PASSWORD | Users | Sections | Join a Section | DP:SECTIONS.SECTIONNAME | DP:STUDENTS.STUDENT2.FIRSTNAME | DP:STUDENTS.STUDENT2.LASTNAME | Student | DP:STUDENTS.STUDENT2.USERNAME | DP:STUDENTS.STUDENT2.PASSWORD | DP:SECRET.QUESTION | DP:SECRET.ANSWER | DP:STUDENTS.STUDENT2.NEWPASSWORD | Y | N |" name="And I click on Join a Section tab" time="0"/>
  <testcase classname="| DP:SUPER.USERNAME | DP:SUPER.PASSWORD | Users | Sections | Join a Section | DP:SECTIONS.SECTIONNAME | DP:STUDENTS.STUDENT2.FIRSTNAME | DP:STUDENTS.STUDENT2.LASTNAME | Student | DP:STUDENTS.STUDENT2.USERNAME | DP:STUDENTS.STUDENT2.PASSWORD | DP:SECRET.QUESTION | DP:SECRET.ANSWER | DP:STUDENTS.STUDENT2.NEWPASSWORD | Y | N |" name="And I click on DP:SECTIONS.SECTIONNAME Y Join Section icon" time="0"/>
  <testcase classname="| DP:SUPER.USERNAME | DP:SUPER.PASSWORD | Users | Sections | Join a Section | DP:SECTIONS.SECTIONNAME | DP:STUDENTS.STUDENT2.FIRSTNAME | DP:STUDENTS.STUDENT2.LASTNAME | Student | DP:STUDENTS.STUDENT2.USERNAME | DP:STUDENTS.STUDENT2.PASSWORD | DP:SECRET.QUESTION | DP:SECRET.ANSWER | DP:STUDENTS.STUDENT2.NEWPASSWORD | Y | N |" name="And I click on X icon" time="0"/>
  <testcase classname="| DP:SUPER.USERNAME | DP:SUPER.PASSWORD | Users | Sections | Join a Section | DP:SECTIONS.SECTIONNAME | DP:STUDENTS.STUDENT2.FIRSTNAME | DP:STUDENTS.STUDENT2.LASTNAME | Student | DP:STUDENTS.STUDENT2.USERNAME | DP:STUDENTS.STUDENT2.PASSWORD | DP:SECRET.QUESTION | DP:SECRET.ANSWER | DP:STUDENTS.STUDENT2.NEWPASSWORD | Y | N |" name="And I click on Logout button" time="0"/>
  <testcase classname="| DP:SUPER.USERNAME | DP:SUPER.PASSWORD | Users | Sections | Join a Section | DP:SECTIONS.SECTIONNAME | DP:STUDENTS.STUDENT2.FIRSTNAME | DP:STUDENTS.STUDENT2.LASTNAME | Student | DP:STUDENTS.STUDENT2.USERNAME | DP:STUDENTS.STUDENT2.PASSWORD | DP:SECRET.QUESTION | DP:SECRET.ANSWER | DP:STUDENTS.STUDENT2.NEWPASSWORD | Y | N |" name="| DP:SUPER.USERNAME | DP:SUPER.PASSWORD | Users | Sections | Join a Section | DP:SECTIONS.SECTIONNAME | DP:STUDENTS.STUDENT2.FIRSTNAME | DP:STUDENTS.STUDENT2.LASTNAME | Student | DP:STUDENTS.STUDENT2.USERNAME | DP:STUDENTS.STUDENT2.PASSWORD | DP:SECRET.QUESTION | DP:SECRET.ANSWER | DP:STUDENTS.STUDENT2.NEWPASSWORD | Y | N |" time="0.001"/>
  <testcase classname="| DP:SUPER.USERNAME | DP:SUPER.PASSWORD | DP:SECTIONS.SECTIONNAME | Y | N | SAM Assignments | Exams | DP:EXAMASSIGNMENTS.EXAMNAME1 | DP:TEXTBOOK.BOOK | DP:TEXTBOOK.CHAPTERS | DP:TEXTBOOK.TASKS | DP:TEXTBOOK.TESTBANKQUESTION |" name="Given As a user I see login page of LMS" time="0"/>
  <testcase classname="| DP:SUPER.USERNAME | DP:SUPER.PASSWORD | DP:SECTIONS.SECTIONNAME | Y | N | SAM Assignments | Exams | DP:EXAMASSIGNMENTS.EXAMNAME1 | DP:TEXTBOOK.BOOK | DP:TEXTBOOK.CHAPTERS | DP:TEXTBOOK.TASKS | DP:TEXTBOOK.TESTBANKQUESTION |" name="And I enter DP:SUPER.USERNAME N Username in LMS login page" time="0"/>
  <testcase classname="| DP:SUPER.USERNAME | DP:SUPER.PASSWORD | DP:SECTIONS.SECTIONNAME | Y | N | SAM Assignments | Exams | DP:EXAMASSIGNMENTS.EXAMNAME1 | DP:TEXTBOOK.BOOK | DP:TEXTBOOK.CHAPTERS | DP:TEXTBOOK.TASKS | DP:TEXTBOOK.TESTBANKQUESTION |" name="And I enter DP:SUPER.PASSWORD Password in LMS login page" time="0"/>
  <testcase classname="| DP:SUPER.USERNAME | DP:SUPER.PASSWORD | DP:SECTIONS.SECTIONNAME | Y | N | SAM Assignments | Exams | DP:EXAMASSIGNMENTS.EXAMNAME1 | DP:TEXTBOOK.BOOK | DP:TEXTBOOK.CHAPTERS | DP:TEXTBOOK.TASKS | DP:TEXTBOOK.TESTBANKQUESTION |" name="And I click on Log In button" time="0"/>
  <testcase classname="| DP:SUPER.USERNAME | DP:SUPER.PASSWORD | DP:SECTIONS.SECTIONNAME | Y | N | SAM Assignments | Exams | DP:EXAMASSIGNMENTS.EXAMNAME1 | DP:TEXTBOOK.BOOK | DP:TEXTBOOK.CHAPTERS | DP:TEXTBOOK.TASKS | DP:TEXTBOOK.TESTBANKQUESTION |" name="And I see home page of LMS" time="0"/>
  <testcase classname="| DP:SUPER.USERNAME | DP:SUPER.PASSWORD | DP:SECTIONS.SECTIONNAME | Y | N | SAM Assignments | Exams | DP:EXAMASSIGNMENTS.EXAMNAME1 | DP:TEXTBOOK.BOOK | DP:TEXTBOOK.CHAPTERS | DP:TEXTBOOK.TASKS | DP:TEXTBOOK.TESTBANKQUESTION |" name="And I click on SAM Assignments tab" time="0"/>
  <testcase classname="| DP:SUPER.USERNAME | DP:SUPER.PASSWORD | DP:SECTIONS.SECTIONNAME | Y | N | SAM Assignments | Exams | DP:EXAMASSIGNMENTS.EXAMNAME1 | DP:TEXTBOOK.BOOK | DP:TEXTBOOK.CHAPTERS | DP:TEXTBOOK.TASKS | DP:TEXTBOOK.TESTBANKQUESTION |" name="And I click on Exams tab" time="0"/>
  <testcase classname="| DP:SUPER.USERNAME | DP:SUPER.PASSWORD | DP:SECTIONS.SECTIONNAME | Y | N | SAM Assignments | Exams | DP:EXAMASSIGNMENTS.EXAMNAME1 | DP:TEXTBOOK.BOOK | DP:TEXTBOOK.CHAPTERS | DP:TEXTBOOK.TASKS | DP:TEXTBOOK.TESTBANKQUESTION |" name="And I click on Add Exam button" time="0"/>
  <testcase classname="| DP:SUPER.USERNAME | DP:SUPER.PASSWORD | DP:SECTIONS.SECTIONNAME | Y | N | SAM Assignments | Exams | DP:EXAMASSIGNMENTS.EXAMNAME1 | DP:TEXTBOOK.BOOK | DP:TEXTBOOK.CHAPTERS | DP:TEXTBOOK.TASKS | DP:TEXTBOOK.TESTBANKQUESTION |" name="And I enter DP:EXAMASSIGNMENTS.EXAMNAME1 Y in Exam Name" time="0"/>
  <testcase classname="| DP:SUPER.USERNAME | DP:SUPER.PASSWORD | DP:SECTIONS.SECTIONNAME | Y | N | SAM Assignments | Exams | DP:EXAMASSIGNMENTS.EXAMNAME1 | DP:TEXTBOOK.BOOK | DP:TEXTBOOK.CHAPTERS | DP:TEXTBOOK.TASKS | DP:TEXTBOOK.TESTBANKQUESTION |" name="And I check Auto-generate companion training" time="0"/>
  <testcase classname="| DP:SUPER.USERNAME | DP:SUPER.PASSWORD | DP:SECTIONS.SECTIONNAME | Y | N | SAM Assignments | Exams | DP:EXAMASSIGNMENTS.EXAMNAME1 | DP:TEXTBOOK.BOOK | DP:TEXTBOOK.CHAPTERS | DP:TEXTBOOK.TASKS | DP:TEXTBOOK.TESTBANKQUESTION |" name="And I click on Next Step button" time="0"/>
  <testcase classname="| DP:SUPER.USERNAME | DP:SUPER.PASSWORD | DP:SECTIONS.SECTIONNAME | Y | N | SAM Assignments | Exams | DP:EXAMASSIGNMENTS.EXAMNAME1 | DP:TEXTBOOK.BOOK | DP:TEXTBOOK.CHAPTERS | DP:TEXTBOOK.TASKS | DP:TEXTBOOK.TESTBANKQUESTION |" name="And I check DP:TEXTBOOK.BOOK in Select Textbooks page" time="0"/>
  <testcase classname="| DP:SUPER.USERNAME | DP:SUPER.PASSWORD | DP:SECTIONS.SECTIONNAME | Y | N | SAM Assignments | Exams | DP:EXAMASSIGNMENTS.EXAMNAME1 | DP:TEXTBOOK.BOOK | DP:TEXTBOOK.CHAPTERS | DP:TEXTBOOK.TASKS | DP:TEXTBOOK.TESTBANKQUESTION |" name="And I click on Next Step button" time="0"/>
  <testcase classname="| DP:SUPER.USERNAME | DP:SUPER.PASSWORD | DP:SECTIONS.SECTIONNAME | Y | N | SAM Assignments | Exams | DP:EXAMASSIGNMENTS.EXAMNAME1 | DP:TEXTBOOK.BOOK | DP:TEXTBOOK.CHAPTERS | DP:TEXTBOOK.TASKS | DP:TEXTBOOK.TESTBANKQUESTION |" name="And I check DP:TEXTBOOK.CHAPTERS in Select Chapters" time="0"/>
  <testcase classname="| DP:SUPER.USERNAME | DP:SUPER.PASSWORD | DP:SECTIONS.SECTIONNAME | Y | N | SAM Assignments | Exams | DP:EXAMASSIGNMENTS.EXAMNAME1 | DP:TEXTBOOK.BOOK | DP:TEXTBOOK.CHAPTERS | DP:TEXTBOOK.TASKS | DP:TEXTBOOK.TESTBANKQUESTION |" name="And I click on Next Step button" time="0"/>
  <testcase classname="| DP:SUPER.USERNAME | DP:SUPER.PASSWORD | DP:SECTIONS.SECTIONNAME | Y | N | SAM Assignments | Exams | DP:EXAMASSIGNMENTS.EXAMNAME1 | DP:TEXTBOOK.BOOK | DP:TEXTBOOK.CHAPTERS | DP:TEXTBOOK.TASKS | DP:TEXTBOOK.TESTBANKQUESTION |" name="And I check DP:TEXTBOOK.TASKS task" time="0"/>
  <testcase classname="| DP:SUPER.USERNAME | DP:SUPER.PASSWORD | DP:SECTIONS.SECTIONNAME | Y | N | SAM Assignments | Exams | DP:EXAMASSIGNMENTS.EXAMNAME1 | DP:TEXTBOOK.BOOK | DP:TEXTBOOK.CHAPTERS | DP:TEXTBOOK.TASKS | DP:TEXTBOOK.TESTBANKQUESTION |" name="And I click on Testbank Question" time="0"/>
  <testcase classname="| DP:SUPER.USERNAME | DP:SUPER.PASSWORD | DP:SECTIONS.SECTIONNAME | Y | N | SAM Assignments | Exams | DP:EXAMASSIGNMENTS.EXAMNAME1 | DP:TEXTBOOK.BOOK | DP:TEXTBOOK.CHAPTERS | DP:TEXTBOOK.TASKS | DP:TEXTBOOK.TESTBANKQUESTION |" name="And I check DP:TEXTBOOK.TESTBANKQUESTION in Testbank Question" time="0"/>
  <testcase classname="| DP:SUPER.USERNAME | DP:SUPER.PASSWORD | DP:SECTIONS.SECTIONNAME | Y | N | SAM Assignments | Exams | DP:EXAMASSIGNMENTS.EXAMNAME1 | DP:TEXTBOOK.BOOK | DP:TEXTBOOK.CHAPTERS | DP:TEXTBOOK.TASKS | DP:TEXTBOOK.TESTBANKQUESTION |" name="And I click on Save button" time="0"/>
  <testcase classname="| DP:SUPER.USERNAME | DP:SUPER.PASSWORD | DP:SECTIONS.SECTIONNAME | Y | N | SAM Assignments | Exams | DP:EXAMASSIGNMENTS.EXAMNAME1 | DP:TEXTBOOK.BOOK | DP:TEXTBOOK.CHAPTERS | DP:TEXTBOOK.TASKS | DP:TEXTBOOK.TESTBANKQUESTION |" name="And I click on Schedule button in pop-up" time="0"/>
  <testcase classname="| DP:SUPER.USERNAME | DP:SUPER.PASSWORD | DP:SECTIONS.SECTIONNAME | Y | N | SAM Assignments | Exams | DP:EXAMASSIGNMENTS.EXAMNAME1 | DP:TEXTBOOK.BOOK | DP:TEXTBOOK.CHAPTERS | DP:TEXTBOOK.TASKS | DP:TEXTBOOK.TESTBANKQUESTION |" name="And I click on section drop down" time="0"/>
  <testcase classname="| DP:SUPER.USERNAME | DP:SUPER.PASSWORD | DP:SECTIONS.SECTIONNAME | Y | N | SAM Assignments | Exams | DP:EXAMASSIGNMENTS.EXAMNAME1 | DP:TEXTBOOK.BOOK | DP:TEXTBOOK.CHAPTERS | DP:TEXTBOOK.TASKS | DP:TEXTBOOK.TESTBANKQUESTION |" name="And I check DP:SECTIONS.SECTIONNAME Y in Select section drop down" time="0"/>
  <testcase classname="| DP:SUPER.USERNAME | DP:SUPER.PASSWORD | DP:SECTIONS.SECTIONNAME | Y | N | SAM Assignments | Exams | DP:EXAMASSIGNMENTS.EXAMNAME1 | DP:TEXTBOOK.BOOK | DP:TEXTBOOK.CHAPTERS | DP:TEXTBOOK.TASKS | DP:TEXTBOOK.TESTBANKQUESTION |" name="And I click on section drop down" time="0"/>
  <testcase classname="| DP:SUPER.USERNAME | DP:SUPER.PASSWORD | DP:SECTIONS.SECTIONNAME | Y | N | SAM Assignments | Exams | DP:EXAMASSIGNMENTS.EXAMNAME1 | DP:TEXTBOOK.BOOK | DP:TEXTBOOK.CHAPTERS | DP:TEXTBOOK.TASKS | DP:TEXTBOOK.TESTBANKQUESTION |" name="When I click on Schedule button" time="0"/>
  <testcase classname="| DP:SUPER.USERNAME | DP:SUPER.PASSWORD | DP:SECTIONS.SECTIONNAME | Y | N | SAM Assignments | Exams | DP:EXAMASSIGNMENTS.EXAMNAME1 | DP:TEXTBOOK.BOOK | DP:TEXTBOOK.CHAPTERS | DP:TEXTBOOK.TASKS | DP:TEXTBOOK.TESTBANKQUESTION |" name="Then I click on X icon" time="0"/>
  <testcase classname="| DP:SUPER.USERNAME | DP:SUPER.PASSWORD | DP:SECTIONS.SECTIONNAME | Y | N | SAM Assignments | Exams | DP:EXAMASSIGNMENTS.EXAMNAME1 | DP:TEXTBOOK.BOOK | DP:TEXTBOOK.CHAPTERS | DP:TEXTBOOK.TASKS | DP:TEXTBOOK.TESTBANKQUESTION |" name="And I click on Logout button" time="0.001"/>
  <testcase classname="| DP:SUPER.USERNAME | DP:SUPER.PASSWORD | DP:SECTIONS.SECTIONNAME | Y | N | SAM Assignments | Exams | DP:EXAMASSIGNMENTS.EXAMNAME1 | DP:TEXTBOOK.BOOK | DP:TEXTBOOK.CHAPTERS | DP:TEXTBOOK.TASKS | DP:TEXTBOOK.TESTBANKQUESTION |" name="| DP:SUPER.USERNAME | DP:SUPER.PASSWORD | DP:SECTIONS.SECTIONNAME | Y | N | SAM Assignments | Exams | DP:EXAMASSIGNMENTS.EXAMNAME1 | DP:TEXTBOOK.BOOK | DP:TEXTBOOK.CHAPTERS | DP:TEXTBOOK.TASKS | DP:TEXTBOOK.TESTBANKQUESTION |" time="0.001"/>
  <testcase classname="| DP:SUPER.USERNAME | DP:SUPER.PASSWORD | DP:SECTIONS.SECTIONNAME | Y | N | SAM Assignments | Exams | DP:EXAMASSIGNMENTS.EXAMNAME2 | DP:TEXTBOOK.BOOK | DP:TEXTBOOK.CHAPTERS | DP:TEXTBOOK.TASKS | DP:TEXTBOOK.TESTBANKQUESTION |" name="Given As a user I see login page of LMS" time="0"/>
  <testcase classname="| DP:SUPER.USERNAME | DP:SUPER.PASSWORD | DP:SECTIONS.SECTIONNAME | Y | N | SAM Assignments | Exams | DP:EXAMASSIGNMENTS.EXAMNAME2 | DP:TEXTBOOK.BOOK | DP:TEXTBOOK.CHAPTERS | DP:TEXTBOOK.TASKS | DP:TEXTBOOK.TESTBANKQUESTION |" name="And I enter DP:SUPER.USERNAME N Username in LMS login page" time="0"/>
  <testcase classname="| DP:SUPER.USERNAME | DP:SUPER.PASSWORD | DP:SECTIONS.SECTIONNAME | Y | N | SAM Assignments | Exams | DP:EXAMASSIGNMENTS.EXAMNAME2 | DP:TEXTBOOK.BOOK | DP:TEXTBOOK.CHAPTERS | DP:TEXTBOOK.TASKS | DP:TEXTBOOK.TESTBANKQUESTION |" name="And I enter DP:SUPER.PASSWORD Password in LMS login page" time="0"/>
  <testcase classname="| DP:SUPER.USERNAME | DP:SUPER.PASSWORD | DP:SECTIONS.SECTIONNAME | Y | N | SAM Assignments | Exams | DP:EXAMASSIGNMENTS.EXAMNAME2 | DP:TEXTBOOK.BOOK | DP:TEXTBOOK.CHAPTERS | DP:TEXTBOOK.TASKS | DP:TEXTBOOK.TESTBANKQUESTION |" name="And I click on Log In button" time="0"/>
  <testcase classname="| DP:SUPER.USERNAME | DP:SUPER.PASSWORD | DP:SECTIONS.SECTIONNAME | Y | N | SAM Assignments | Exams | DP:EXAMASSIGNMENTS.EXAMNAME2 | DP:TEXTBOOK.BOOK | DP:TEXTBOOK.CHAPTERS | DP:TEXTBOOK.TASKS | DP:TEXTBOOK.TESTBANKQUESTION |" name="And I see home page of LMS" time="0"/>
  <testcase classname="| DP:SUPER.USERNAME | DP:SUPER.PASSWORD | DP:SECTIONS.SECTIONNAME | Y | N | SAM Assignments | Exams | DP:EXAMASSIGNMENTS.EXAMNAME2 | DP:TEXTBOOK.BOOK | DP:TEXTBOOK.CHAPTERS | DP:TEXTBOOK.TASKS | DP:TEXTBOOK.TESTBANKQUESTION |" name="And I click on SAM Assignments tab" time="0"/>
  <testcase classname="| DP:SUPER.USERNAME | DP:SUPER.PASSWORD | DP:SECTIONS.SECTIONNAME | Y | N | SAM Assignments | Exams | DP:EXAMASSIGNMENTS.EXAMNAME2 | DP:TEXTBOOK.BOOK | DP:TEXTBOOK.CHAPTERS | DP:TEXTBOOK.TASKS | DP:TEXTBOOK.TESTBANKQUESTION |" name="And I click on Exams tab" time="0"/>
  <testcase classname="| DP:SUPER.USERNAME | DP:SUPER.PASSWORD | DP:SECTIONS.SECTIONNAME | Y | N | SAM Assignments | Exams | DP:EXAMASSIGNMENTS.EXAMNAME2 | DP:TEXTBOOK.BOOK | DP:TEXTBOOK.CHAPTERS | DP:TEXTBOOK.TASKS | DP:TEXTBOOK.TESTBANKQUESTION |" name="And I click on Add Exam button" time="0"/>
  <testcase classname="| DP:SUPER.USERNAME | DP:SUPER.PASSWORD | DP:SECTIONS.SECTIONNAME | Y | N | SAM Assignments | Exams | DP:EXAMASSIGNMENTS.EXAMNAME2 | DP:TEXTBOOK.BOOK | DP:TEXTBOOK.CHAPTERS | DP:TEXTBOOK.TASKS | DP:TEXTBOOK.TESTBANKQUESTION |" name="And I enter DP:EXAMASSIGNMENTS.EXAMNAME2 Y in Exam Name" time="0"/>
  <testcase classname="| DP:SUPER.USERNAME | DP:SUPER.PASSWORD | DP:SECTIONS.SECTIONNAME | Y | N | SAM Assignments | Exams | DP:EXAMASSIGNMENTS.EXAMNAME2 | DP:TEXTBOOK.BOOK | DP:TEXTBOOK.CHAPTERS | DP:TEXTBOOK.TASKS | DP:TEXTBOOK.TESTBANKQUESTION |" name="And I check Auto-generate companion training" time="0"/>
  <testcase classname="| DP:SUPER.USERNAME | DP:SUPER.PASSWORD | DP:SECTIONS.SECTIONNAME | Y | N | SAM Assignments | Exams | DP:EXAMASSIGNMENTS.EXAMNAME2 | DP:TEXTBOOK.BOOK | DP:TEXTBOOK.CHAPTERS | DP:TEXTBOOK.TASKS | DP:TEXTBOOK.TESTBANKQUESTION |" name="And I click on Next Step button" time="0"/>
  <testcase classname="| DP:SUPER.USERNAME | DP:SUPER.PASSWORD | DP:SECTIONS.SECTIONNAME | Y | N | SAM Assignments | Exams | DP:EXAMASSIGNMENTS.EXAMNAME2 | DP:TEXTBOOK.BOOK | DP:TEXTBOOK.CHAPTERS | DP:TEXTBOOK.TASKS | DP:TEXTBOOK.TESTBANKQUESTION |" name="And I check DP:TEXTBOOK.BOOK in Select Textbooks page" time="0"/>
  <testcase classname="| DP:SUPER.USERNAME | DP:SUPER.PASSWORD | DP:SECTIONS.SECTIONNAME | Y | N | SAM Assignments | Exams | DP:EXAMASSIGNMENTS.EXAMNAME2 | DP:TEXTBOOK.BOOK | DP:TEXTBOOK.CHAPTERS | DP:TEXTBOOK.TASKS | DP:TEXTBOOK.TESTBANKQUESTION |" name="And I click on Next Step button" time="0"/>
  <testcase classname="| DP:SUPER.USERNAME | DP:SUPER.PASSWORD | DP:SECTIONS.SECTIONNAME | Y | N | SAM Assignments | Exams | DP:EXAMASSIGNMENTS.EXAMNAME2 | DP:TEXTBOOK.BOOK | DP:TEXTBOOK.CHAPTERS | DP:TEXTBOOK.TASKS | DP:TEXTBOOK.TESTBANKQUESTION |" name="And I check DP:TEXTBOOK.CHAPTERS in Select Chapters" time="0"/>
  <testcase classname="| DP:SUPER.USERNAME | DP:SUPER.PASSWORD | DP:SECTIONS.SECTIONNAME | Y | N | SAM Assignments | Exams | DP:EXAMASSIGNMENTS.EXAMNAME2 | DP:TEXTBOOK.BOOK | DP:TEXTBOOK.CHAPTERS | DP:TEXTBOOK.TASKS | DP:TEXTBOOK.TESTBANKQUESTION |" name="And I click on Next Step button" time="0"/>
  <testcase classname="| DP:SUPER.USERNAME | DP:SUPER.PASSWORD | DP:SECTIONS.SECTIONNAME | Y | N | SAM Assignments | Exams | DP:EXAMASSIGNMENTS.EXAMNAME2 | DP:TEXTBOOK.BOOK | DP:TEXTBOOK.CHAPTERS | DP:TEXTBOOK.TASKS | DP:TEXTBOOK.TESTBANKQUESTION |" name="And I check DP:TEXTBOOK.TASKS task" time="0"/>
  <testcase classname="| DP:SUPER.USERNAME | DP:SUPER.PASSWORD | DP:SECTIONS.SECTIONNAME | Y | N | SAM Assignments | Exams | DP:EXAMASSIGNMENTS.EXAMNAME2 | DP:TEXTBOOK.BOOK | DP:TEXTBOOK.CHAPTERS | DP:TEXTBOOK.TASKS | DP:TEXTBOOK.TESTBANKQUESTION |" name="And I click on Testbank Question" time="0"/>
  <testcase classname="| DP:SUPER.USERNAME | DP:SUPER.PASSWORD | DP:SECTIONS.SECTIONNAME | Y | N | SAM Assignments | Exams | DP:EXAMASSIGNMENTS.EXAMNAME2 | DP:TEXTBOOK.BOOK | DP:TEXTBOOK.CHAPTERS | DP:TEXTBOOK.TASKS | DP:TEXTBOOK.TESTBANKQUESTION |" name="And I check DP:TEXTBOOK.TESTBANKQUESTION in Testbank Question" time="0"/>
  <testcase classname="| DP:SUPER.USERNAME | DP:SUPER.PASSWORD | DP:SECTIONS.SECTIONNAME | Y | N | SAM Assignments | Exams | DP:EXAMASSIGNMENTS.EXAMNAME2 | DP:TEXTBOOK.BOOK | DP:TEXTBOOK.CHAPTERS | DP:TEXTBOOK.TASKS | DP:TEXTBOOK.TESTBANKQUESTION |" name="And I click on Save button" time="0"/>
  <testcase classname="| DP:SUPER.USERNAME | DP:SUPER.PASSWORD | DP:SECTIONS.SECTIONNAME | Y | N | SAM Assignments | Exams | DP:EXAMASSIGNMENTS.EXAMNAME2 | DP:TEXTBOOK.BOOK | DP:TEXTBOOK.CHAPTERS | DP:TEXTBOOK.TASKS | DP:TEXTBOOK.TESTBANKQUESTION |" name="And I click on Schedule button in pop-up" time="0"/>
  <testcase classname="| DP:SUPER.USERNAME | DP:SUPER.PASSWORD | DP:SECTIONS.SECTIONNAME | Y | N | SAM Assignments | Exams | DP:EXAMASSIGNMENTS.EXAMNAME2 | DP:TEXTBOOK.BOOK | DP:TEXTBOOK.CHAPTERS | DP:TEXTBOOK.TASKS | DP:TEXTBOOK.TESTBANKQUESTION |" name="And I click on section drop down" time="0"/>
  <testcase classname="| DP:SUPER.USERNAME | DP:SUPER.PASSWORD | DP:SECTIONS.SECTIONNAME | Y | N | SAM Assignments | Exams | DP:EXAMASSIGNMENTS.EXAMNAME2 | DP:TEXTBOOK.BOOK | DP:TEXTBOOK.CHAPTERS | DP:TEXTBOOK.TASKS | DP:TEXTBOOK.TESTBANKQUESTION |" name="And I check DP:SECTIONS.SECTIONNAME Y in Select section drop down" time="0"/>
  <testcase classname="| DP:SUPER.USERNAME | DP:SUPER.PASSWORD | DP:SECTIONS.SECTIONNAME | Y | N | SAM Assignments | Exams | DP:EXAMASSIGNMENTS.EXAMNAME2 | DP:TEXTBOOK.BOOK | DP:TEXTBOOK.CHAPTERS | DP:TEXTBOOK.TASKS | DP:TEXTBOOK.TESTBANKQUESTION |" name="And I click on section drop down" time="0"/>
  <testcase classname="| DP:SUPER.USERNAME | DP:SUPER.PASSWORD | DP:SECTIONS.SECTIONNAME | Y | N | SAM Assignments | Exams | DP:EXAMASSIGNMENTS.EXAMNAME2 | DP:TEXTBOOK.BOOK | DP:TEXTBOOK.CHAPTERS | DP:TEXTBOOK.TASKS | DP:TEXTBOOK.TESTBANKQUESTION |" name="When I click on Schedule button" time="0"/>
  <testcase classname="| DP:SUPER.USERNAME | DP:SUPER.PASSWORD | DP:SECTIONS.SECTIONNAME | Y | N | SAM Assignments | Exams | DP:EXAMASSIGNMENTS.EXAMNAME2 | DP:TEXTBOOK.BOOK | DP:TEXTBOOK.CHAPTERS | DP:TEXTBOOK.TASKS | DP:TEXTBOOK.TESTBANKQUESTION |" name="Then I click on X icon" time="0"/>
  <testcase classname="| DP:SUPER.USERNAME | DP:SUPER.PASSWORD | DP:SECTIONS.SECTIONNAME | Y | N | SAM Assignments | Exams | DP:EXAMASSIGNMENTS.EXAMNAME2 | DP:TEXTBOOK.BOOK | DP:TEXTBOOK.CHAPTERS | DP:TEXTBOOK.TASKS | DP:TEXTBOOK.TESTBANKQUESTION |" name="And I click on Logout button" time="0"/>
  <testcase classname="| DP:SUPER.USERNAME | DP:SUPER.PASSWORD | DP:SECTIONS.SECTIONNAME | Y | N | SAM Assignments | Exams | DP:EXAMASSIGNMENTS.EXAMNAME2 | DP:TEXTBOOK.BOOK | DP:TEXTBOOK.CHAPTERS | DP:TEXTBOOK.TASKS | DP:TEXTBOOK.TESTBANKQUESTION |" name="| DP:SUPER.USERNAME | DP:SUPER.PASSWORD | DP:SECTIONS.SECTIONNAME | Y | N | SAM Assignments | Exams | DP:EXAMASSIGNMENTS.EXAMNAME2 | DP:TEXTBOOK.BOOK | DP:TEXTBOOK.CHAPTERS | DP:TEXTBOOK.TASKS | DP:TEXTBOOK.TESTBANKQUESTION |" time="0.002"/>
  <testcase classname="| DP:SUPER.USERNAME | DP:SUPER.PASSWORD | DP:SECTIONS.SECTIONNAME | DP:TRAININGASSIGNMENTS.TRAININGNAME1 | DP:TEXTBOOK.BOOK | DP:ASSIGNMENTS.TRAININGAPPLICATION1TASK1 | SAM Assignments | Training | Y | N | DP:TEXTBOOK.CHAPTERS |" name="Given As a user I see login page of LMS" time="0"/>
  <testcase classname="| DP:SUPER.USERNAME | DP:SUPER.PASSWORD | DP:SECTIONS.SECTIONNAME | DP:TRAININGASSIGNMENTS.TRAININGNAME1 | DP:TEXTBOOK.BOOK | DP:ASSIGNMENTS.TRAININGAPPLICATION1TASK1 | SAM Assignments | Training | Y | N | DP:TEXTBOOK.CHAPTERS |" name="And I enter DP:SUPER.USERNAME N Username in LMS login page" time="0"/>
  <testcase classname="| DP:SUPER.USERNAME | DP:SUPER.PASSWORD | DP:SECTIONS.SECTIONNAME | DP:TRAININGASSIGNMENTS.TRAININGNAME1 | DP:TEXTBOOK.BOOK | DP:ASSIGNMENTS.TRAININGAPPLICATION1TASK1 | SAM Assignments | Training | Y | N | DP:TEXTBOOK.CHAPTERS |" name="And I enter DP:SUPER.PASSWORD Password in LMS login page" time="0"/>
  <testcase classname="| DP:SUPER.USERNAME | DP:SUPER.PASSWORD | DP:SECTIONS.SECTIONNAME | DP:TRAININGASSIGNMENTS.TRAININGNAME1 | DP:TEXTBOOK.BOOK | DP:ASSIGNMENTS.TRAININGAPPLICATION1TASK1 | SAM Assignments | Training | Y | N | DP:TEXTBOOK.CHAPTERS |" name="And I click on Log In button" time="0"/>
  <testcase classname="| DP:SUPER.USERNAME | DP:SUPER.PASSWORD | DP:SECTIONS.SECTIONNAME | DP:TRAININGASSIGNMENTS.TRAININGNAME1 | DP:TEXTBOOK.BOOK | DP:ASSIGNMENTS.TRAININGAPPLICATION1TASK1 | SAM Assignments | Training | Y | N | DP:TEXTBOOK.CHAPTERS |" name="And I see home page of LMS" time="0"/>
  <testcase classname="| DP:SUPER.USERNAME | DP:SUPER.PASSWORD | DP:SECTIONS.SECTIONNAME | DP:TRAININGASSIGNMENTS.TRAININGNAME1 | DP:TEXTBOOK.BOOK | DP:ASSIGNMENTS.TRAININGAPPLICATION1TASK1 | SAM Assignments | Training | Y | N | DP:TEXTBOOK.CHAPTERS |" name="And I click on SAM Assignments tab" time="0"/>
  <testcase classname="| DP:SUPER.USERNAME | DP:SUPER.PASSWORD | DP:SECTIONS.SECTIONNAME | DP:TRAININGASSIGNMENTS.TRAININGNAME1 | DP:TEXTBOOK.BOOK | DP:ASSIGNMENTS.TRAININGAPPLICATION1TASK1 | SAM Assignments | Training | Y | N | DP:TEXTBOOK.CHAPTERS |" name="And I click on Training tab" time="0"/>
  <testcase classname="| DP:SUPER.USERNAME | DP:SUPER.PASSWORD | DP:SECTIONS.SECTIONNAME | DP:TRAININGASSIGNMENTS.TRAININGNAME1 | DP:TEXTBOOK.BOOK | DP:ASSIGNMENTS.TRAININGAPPLICATION1TASK1 | SAM Assignments | Training | Y | N | DP:TEXTBOOK.CHAPTERS |" name="And I click on Add Training button" time="0"/>
  <testcase classname="| DP:SUPER.USERNAME | DP:SUPER.PASSWORD | DP:SECTIONS.SECTIONNAME | DP:TRAININGASSIGNMENTS.TRAININGNAME1 | DP:TEXTBOOK.BOOK | DP:ASSIGNMENTS.TRAININGAPPLICATION1TASK1 | SAM Assignments | Training | Y | N | DP:TEXTBOOK.CHAPTERS |" name="And I enter DP:TRAININGASSIGNMENTS.TRAININGNAME1 Y in Training Name" time="0"/>
  <testcase classname="| DP:SUPER.USERNAME | DP:SUPER.PASSWORD | DP:SECTIONS.SECTIONNAME | DP:TRAININGASSIGNMENTS.TRAININGNAME1 | DP:TEXTBOOK.BOOK | DP:ASSIGNMENTS.TRAININGAPPLICATION1TASK1 | SAM Assignments | Training | Y | N | DP:TEXTBOOK.CHAPTERS |" name="And I check on Auto-generate companion exam" time="0"/>
  <testcase classname="| DP:SUPER.USERNAME | DP:SUPER.PASSWORD | DP:SECTIONS.SECTIONNAME | DP:TRAININGASSIGNMENTS.TRAININGNAME1 | DP:TEXTBOOK.BOOK | DP:ASSIGNMENTS.TRAININGAPPLICATION1TASK1 | SAM Assignments | Training | Y | N | DP:TEXTBOOK.CHAPTERS |" name="And I click on Next Step button" time="0"/>
  <testcase classname="| DP:SUPER.USERNAME | DP:SUPER.PASSWORD | DP:SECTIONS.SECTIONNAME | DP:TRAININGASSIGNMENTS.TRAININGNAME1 | DP:TEXTBOOK.BOOK | DP:ASSIGNMENTS.TRAININGAPPLICATION1TASK1 | SAM Assignments | Training | Y | N | DP:TEXTBOOK.CHAPTERS |" name="And I check on Make all SAM Tasks available" time="0"/>
  <testcase classname="| DP:SUPER.USERNAME | DP:SUPER.PASSWORD | DP:SECTIONS.SECTIONNAME | DP:TRAININGASSIGNMENTS.TRAININGNAME1 | DP:TEXTBOOK.BOOK | DP:ASSIGNMENTS.TRAININGAPPLICATION1TASK1 | SAM Assignments | Training | Y | N | DP:TEXTBOOK.CHAPTERS |" name="And I check DP:TEXTBOOK.BOOK in Select Textbooks page" time="0"/>
  <testcase classname="| DP:SUPER.USERNAME | DP:SUPER.PASSWORD | DP:SECTIONS.SECTIONNAME | DP:TRAININGASSIGNMENTS.TRAININGNAME1 | DP:TEXTBOOK.BOOK | DP:ASSIGNMENTS.TRAININGAPPLICATION1TASK1 | SAM Assignments | Training | Y | N | DP:TEXTBOOK.CHAPTERS |" name="And I click on Next Step button" time="0"/>
  <testcase classname="| DP:SUPER.USERNAME | DP:SUPER.PASSWORD | DP:SECTIONS.SECTIONNAME | DP:TRAININGASSIGNMENTS.TRAININGNAME1 | DP:TEXTBOOK.BOOK | DP:ASSIGNMENTS.TRAININGAPPLICATION1TASK1 | SAM Assignments | Training | Y | N | DP:TEXTBOOK.CHAPTERS |" name="And I check DP:TEXTBOOK.CHAPTERS in Select Chapters" time="0"/>
  <testcase classname="| DP:SUPER.USERNAME | DP:SUPER.PASSWORD | DP:SECTIONS.SECTIONNAME | DP:TRAININGASSIGNMENTS.TRAININGNAME1 | DP:TEXTBOOK.BOOK | DP:ASSIGNMENTS.TRAININGAPPLICATION1TASK1 | SAM Assignments | Training | Y | N | DP:TEXTBOOK.CHAPTERS |" name="And I click on Next Step button" time="0"/>
  <testcase classname="| DP:SUPER.USERNAME | DP:SUPER.PASSWORD | DP:SECTIONS.SECTIONNAME | DP:TRAININGASSIGNMENTS.TRAININGNAME1 | DP:TEXTBOOK.BOOK | DP:ASSIGNMENTS.TRAININGAPPLICATION1TASK1 | SAM Assignments | Training | Y | N | DP:TEXTBOOK.CHAPTERS |" name="And I check DP:ASSIGNMENTS.TRAININGAPPLICATION1TASK1 task" time="0"/>
  <testcase classname="| DP:SUPER.USERNAME | DP:SUPER.PASSWORD | DP:SECTIONS.SECTIONNAME | DP:TRAININGASSIGNMENTS.TRAININGNAME1 | DP:TEXTBOOK.BOOK | DP:ASSIGNMENTS.TRAININGAPPLICATION1TASK1 | SAM Assignments | Training | Y | N | DP:TEXTBOOK.CHAPTERS |" name="And I click on Save button" time="0"/>
  <testcase classname="| DP:SUPER.USERNAME | DP:SUPER.PASSWORD | DP:SECTIONS.SECTIONNAME | DP:TRAININGASSIGNMENTS.TRAININGNAME1 | DP:TEXTBOOK.BOOK | DP:ASSIGNMENTS.TRAININGAPPLICATION1TASK1 | SAM Assignments | Training | Y | N | DP:TEXTBOOK.CHAPTERS |" name="And I click on Schedule button in pop-up" time="0"/>
  <testcase classname="| DP:SUPER.USERNAME | DP:SUPER.PASSWORD | DP:SECTIONS.SECTIONNAME | DP:TRAININGASSIGNMENTS.TRAININGNAME1 | DP:TEXTBOOK.BOOK | DP:ASSIGNMENTS.TRAININGAPPLICATION1TASK1 | SAM Assignments | Training | Y | N | DP:TEXTBOOK.CHAPTERS |" name="When I click on section drop down" time="0"/>
  <testcase classname="| DP:SUPER.USERNAME | DP:SUPER.PASSWORD | DP:SECTIONS.SECTIONNAME | DP:TRAININGASSIGNMENTS.TRAININGNAME1 | DP:TEXTBOOK.BOOK | DP:ASSIGNMENTS.TRAININGAPPLICATION1TASK1 | SAM Assignments | Training | Y | N | DP:TEXTBOOK.CHAPTERS |" name="Then I check DP:SECTIONS.SECTIONNAME Y in Select section drop down" time="0"/>
  <testcase classname="| DP:SUPER.USERNAME | DP:SUPER.PASSWORD | DP:SECTIONS.SECTIONNAME | DP:TRAININGASSIGNMENTS.TRAININGNAME1 | DP:TEXTBOOK.BOOK | DP:ASSIGNMENTS.TRAININGAPPLICATION1TASK1 | SAM Assignments | Training | Y | N | DP:TEXTBOOK.CHAPTERS |" name="And I click on section drop down" time="0"/>
  <testcase classname="| DP:SUPER.USERNAME | DP:SUPER.PASSWORD | DP:SECTIONS.SECTIONNAME | DP:TRAININGASSIGNMENTS.TRAININGNAME1 | DP:TEXTBOOK.BOOK | DP:ASSIGNMENTS.TRAININGAPPLICATION1TASK1 | SAM Assignments | Training | Y | N | DP:TEXTBOOK.CHAPTERS |" name="And I click on Schedule button" time="0"/>
  <testcase classname="| DP:SUPER.USERNAME | DP:SUPER.PASSWORD | DP:SECTIONS.SECTIONNAME | DP:TRAININGASSIGNMENTS.TRAININGNAME1 | DP:TEXTBOOK.BOOK | DP:ASSIGNMENTS.TRAININGAPPLICATION1TASK1 | SAM Assignments | Training | Y | N | DP:TEXTBOOK.CHAPTERS |" name="And I click on X icon" time="0"/>
  <testcase classname="| DP:SUPER.USERNAME | DP:SUPER.PASSWORD | DP:SECTIONS.SECTIONNAME | DP:TRAININGASSIGNMENTS.TRAININGNAME1 | DP:TEXTBOOK.BOOK | DP:ASSIGNMENTS.TRAININGAPPLICATION1TASK1 | SAM Assignments | Training | Y | N | DP:TEXTBOOK.CHAPTERS |" name="And I click on Logout button" time="0"/>
  <testcase classname="| DP:SUPER.USERNAME | DP:SUPER.PASSWORD | DP:SECTIONS.SECTIONNAME | DP:TRAININGASSIGNMENTS.TRAININGNAME1 | DP:TEXTBOOK.BOOK | DP:ASSIGNMENTS.TRAININGAPPLICATION1TASK1 | SAM Assignments | Training | Y | N | DP:TEXTBOOK.CHAPTERS |" name="| DP:SUPER.USERNAME | DP:SUPER.PASSWORD | DP:SECTIONS.SECTIONNAME | DP:TRAININGASSIGNMENTS.TRAININGNAME1 | DP:TEXTBOOK.BOOK | DP:ASSIGNMENTS.TRAININGAPPLICATION1TASK1 | SAM Assignments | Training | Y | N | DP:TEXTBOOK.CHAPTERS |" time="0"/>
  <testcase classname="| DP:SUPER.USERNAME | DP:SUPER.PASSWORD | DP:SECTIONS.SECTIONNAME | DP:TRAININGASSIGNMENTS.TRAININGNAME2 | DP:TEXTBOOK.BOOK | DP:ASSIGNMENTS.TRAININGAPPLICATION1TASK1 | SAM Assignments | Training | Y | N | DP:TEXTBOOK.CHAPTERS |" name="Given As a user I see login page of LMS" time="0"/>
  <testcase classname="| DP:SUPER.USERNAME | DP:SUPER.PASSWORD | DP:SECTIONS.SECTIONNAME | DP:TRAININGASSIGNMENTS.TRAININGNAME2 | DP:TEXTBOOK.BOOK | DP:ASSIGNMENTS.TRAININGAPPLICATION1TASK1 | SAM Assignments | Training | Y | N | DP:TEXTBOOK.CHAPTERS |" name="And I enter DP:SUPER.USERNAME N Username in LMS login page" time="0"/>
  <testcase classname="| DP:SUPER.USERNAME | DP:SUPER.PASSWORD | DP:SECTIONS.SECTIONNAME | DP:TRAININGASSIGNMENTS.TRAININGNAME2 | DP:TEXTBOOK.BOOK | DP:ASSIGNMENTS.TRAININGAPPLICATION1TASK1 | SAM Assignments | Training | Y | N | DP:TEXTBOOK.CHAPTERS |" name="And I enter DP:SUPER.PASSWORD Password in LMS login page" time="0"/>
  <testcase classname="| DP:SUPER.USERNAME | DP:SUPER.PASSWORD | DP:SECTIONS.SECTIONNAME | DP:TRAININGASSIGNMENTS.TRAININGNAME2 | DP:TEXTBOOK.BOOK | DP:ASSIGNMENTS.TRAININGAPPLICATION1TASK1 | SAM Assignments | Training | Y | N | DP:TEXTBOOK.CHAPTERS |" name="And I click on Log In button" time="0"/>
  <testcase classname="| DP:SUPER.USERNAME | DP:SUPER.PASSWORD | DP:SECTIONS.SECTIONNAME | DP:TRAININGASSIGNMENTS.TRAININGNAME2 | DP:TEXTBOOK.BOOK | DP:ASSIGNMENTS.TRAININGAPPLICATION1TASK1 | SAM Assignments | Training | Y | N | DP:TEXTBOOK.CHAPTERS |" name="And I see home page of LMS" time="0"/>
  <testcase classname="| DP:SUPER.USERNAME | DP:SUPER.PASSWORD | DP:SECTIONS.SECTIONNAME | DP:TRAININGASSIGNMENTS.TRAININGNAME2 | DP:TEXTBOOK.BOOK | DP:ASSIGNMENTS.TRAININGAPPLICATION1TASK1 | SAM Assignments | Training | Y | N | DP:TEXTBOOK.CHAPTERS |" name="And I click on SAM Assignments tab" time="0"/>
  <testcase classname="| DP:SUPER.USERNAME | DP:SUPER.PASSWORD | DP:SECTIONS.SECTIONNAME | DP:TRAININGASSIGNMENTS.TRAININGNAME2 | DP:TEXTBOOK.BOOK | DP:ASSIGNMENTS.TRAININGAPPLICATION1TASK1 | SAM Assignments | Training | Y | N | DP:TEXTBOOK.CHAPTERS |" name="And I click on Training tab" time="0"/>
  <testcase classname="| DP:SUPER.USERNAME | DP:SUPER.PASSWORD | DP:SECTIONS.SECTIONNAME | DP:TRAININGASSIGNMENTS.TRAININGNAME2 | DP:TEXTBOOK.BOOK | DP:ASSIGNMENTS.TRAININGAPPLICATION1TASK1 | SAM Assignments | Training | Y | N | DP:TEXTBOOK.CHAPTERS |" name="And I click on Add Training button" time="0"/>
  <testcase classname="| DP:SUPER.USERNAME | DP:SUPER.PASSWORD | DP:SECTIONS.SECTIONNAME | DP:TRAININGASSIGNMENTS.TRAININGNAME2 | DP:TEXTBOOK.BOOK | DP:ASSIGNMENTS.TRAININGAPPLICATION1TASK1 | SAM Assignments | Training | Y | N | DP:TEXTBOOK.CHAPTERS |" name="And I enter DP:TRAININGASSIGNMENTS.TRAININGNAME2 Y in Training Name" time="0"/>
  <testcase classname="| DP:SUPER.USERNAME | DP:SUPER.PASSWORD | DP:SECTIONS.SECTIONNAME | DP:TRAININGASSIGNMENTS.TRAININGNAME2 | DP:TEXTBOOK.BOOK | DP:ASSIGNMENTS.TRAININGAPPLICATION1TASK1 | SAM Assignments | Training | Y | N | DP:TEXTBOOK.CHAPTERS |" name="And I check on Auto-generate companion exam" time="0"/>
  <testcase classname="| DP:SUPER.USERNAME | DP:SUPER.PASSWORD | DP:SECTIONS.SECTIONNAME | DP:TRAININGASSIGNMENTS.TRAININGNAME2 | DP:TEXTBOOK.BOOK | DP:ASSIGNMENTS.TRAININGAPPLICATION1TASK1 | SAM Assignments | Training | Y | N | DP:TEXTBOOK.CHAPTERS |" name="And I click on Next Step button" time="0"/>
  <testcase classname="| DP:SUPER.USERNAME | DP:SUPER.PASSWORD | DP:SECTIONS.SECTIONNAME | DP:TRAININGASSIGNMENTS.TRAININGNAME2 | DP:TEXTBOOK.BOOK | DP:ASSIGNMENTS.TRAININGAPPLICATION1TASK1 | SAM Assignments | Training | Y | N | DP:TEXTBOOK.CHAPTERS |" name="And I check on Make all SAM Tasks available" time="0"/>
  <testcase classname="| DP:SUPER.USERNAME | DP:SUPER.PASSWORD | DP:SECTIONS.SECTIONNAME | DP:TRAININGASSIGNMENTS.TRAININGNAME2 | DP:TEXTBOOK.BOOK | DP:ASSIGNMENTS.TRAININGAPPLICATION1TASK1 | SAM Assignments | Training | Y | N | DP:TEXTBOOK.CHAPTERS |" name="And I check DP:TEXTBOOK.BOOK in Select Textbooks page" time="0"/>
  <testcase classname="| DP:SUPER.USERNAME | DP:SUPER.PASSWORD | DP:SECTIONS.SECTIONNAME | DP:TRAININGASSIGNMENTS.TRAININGNAME2 | DP:TEXTBOOK.BOOK | DP:ASSIGNMENTS.TRAININGAPPLICATION1TASK1 | SAM Assignments | Training | Y | N | DP:TEXTBOOK.CHAPTERS |" name="And I click on Next Step button" time="0"/>
  <testcase classname="| DP:SUPER.USERNAME | DP:SUPER.PASSWORD | DP:SECTIONS.SECTIONNAME | DP:TRAININGASSIGNMENTS.TRAININGNAME2 | DP:TEXTBOOK.BOOK | DP:ASSIGNMENTS.TRAININGAPPLICATION1TASK1 | SAM Assignments | Training | Y | N | DP:TEXTBOOK.CHAPTERS |" name="And I check DP:TEXTBOOK.CHAPTERS in Select Chapters" time="0"/>
  <testcase classname="| DP:SUPER.USERNAME | DP:SUPER.PASSWORD | DP:SECTIONS.SECTIONNAME | DP:TRAININGASSIGNMENTS.TRAININGNAME2 | DP:TEXTBOOK.BOOK | DP:ASSIGNMENTS.TRAININGAPPLICATION1TASK1 | SAM Assignments | Training | Y | N | DP:TEXTBOOK.CHAPTERS |" name="And I click on Next Step button" time="0"/>
  <testcase classname="| DP:SUPER.USERNAME | DP:SUPER.PASSWORD | DP:SECTIONS.SECTIONNAME | DP:TRAININGASSIGNMENTS.TRAININGNAME2 | DP:TEXTBOOK.BOOK | DP:ASSIGNMENTS.TRAININGAPPLICATION1TASK1 | SAM Assignments | Training | Y | N | DP:TEXTBOOK.CHAPTERS |" name="And I check DP:ASSIGNMENTS.TRAININGAPPLICATION1TASK1 task" time="0"/>
  <testcase classname="| DP:SUPER.USERNAME | DP:SUPER.PASSWORD | DP:SECTIONS.SECTIONNAME | DP:TRAININGASSIGNMENTS.TRAININGNAME2 | DP:TEXTBOOK.BOOK | DP:ASSIGNMENTS.TRAININGAPPLICATION1TASK1 | SAM Assignments | Training | Y | N | DP:TEXTBOOK.CHAPTERS |" name="And I click on Save button" time="0"/>
  <testcase classname="| DP:SUPER.USERNAME | DP:SUPER.PASSWORD | DP:SECTIONS.SECTIONNAME | DP:TRAININGASSIGNMENTS.TRAININGNAME2 | DP:TEXTBOOK.BOOK | DP:ASSIGNMENTS.TRAININGAPPLICATION1TASK1 | SAM Assignments | Training | Y | N | DP:TEXTBOOK.CHAPTERS |" name="And I click on Schedule button in pop-up" time="0"/>
  <testcase classname="| DP:SUPER.USERNAME | DP:SUPER.PASSWORD | DP:SECTIONS.SECTIONNAME | DP:TRAININGASSIGNMENTS.TRAININGNAME2 | DP:TEXTBOOK.BOOK | DP:ASSIGNMENTS.TRAININGAPPLICATION1TASK1 | SAM Assignments | Training | Y | N | DP:TEXTBOOK.CHAPTERS |" name="And I click on section drop down" time="0"/>
  <testcase classname="| DP:SUPER.USERNAME | DP:SUPER.PASSWORD | DP:SECTIONS.SECTIONNAME | DP:TRAININGASSIGNMENTS.TRAININGNAME2 | DP:TEXTBOOK.BOOK | DP:ASSIGNMENTS.TRAININGAPPLICATION1TASK1 | SAM Assignments | Training | Y | N | DP:TEXTBOOK.CHAPTERS |" name="And I check DP:SECTIONS.SECTIONNAME Y in Select section drop down" time="0"/>
  <testcase classname="| DP:SUPER.USERNAME | DP:SUPER.PASSWORD | DP:SECTIONS.SECTIONNAME | DP:TRAININGASSIGNMENTS.TRAININGNAME2 | DP:TEXTBOOK.BOOK | DP:ASSIGNMENTS.TRAININGAPPLICATION1TASK1 | SAM Assignments | Training | Y | N | DP:TEXTBOOK.CHAPTERS |" name="And I click on section drop down" time="0"/>
  <testcase classname="| DP:SUPER.USERNAME | DP:SUPER.PASSWORD | DP:SECTIONS.SECTIONNAME | DP:TRAININGASSIGNMENTS.TRAININGNAME2 | DP:TEXTBOOK.BOOK | DP:ASSIGNMENTS.TRAININGAPPLICATION1TASK1 | SAM Assignments | Training | Y | N | DP:TEXTBOOK.CHAPTERS |" name="When I click on Schedule button" time="0"/>
  <testcase classname="| DP:SUPER.USERNAME | DP:SUPER.PASSWORD | DP:SECTIONS.SECTIONNAME | DP:TRAININGASSIGNMENTS.TRAININGNAME2 | DP:TEXTBOOK.BOOK | DP:ASSIGNMENTS.TRAININGAPPLICATION1TASK1 | SAM Assignments | Training | Y | N | DP:TEXTBOOK.CHAPTERS |" name="Then I click on X icon" time="0"/>
  <testcase classname="| DP:SUPER.USERNAME | DP:SUPER.PASSWORD | DP:SECTIONS.SECTIONNAME | DP:TRAININGASSIGNMENTS.TRAININGNAME2 | DP:TEXTBOOK.BOOK | DP:ASSIGNMENTS.TRAININGAPPLICATION1TASK1 | SAM Assignments | Training | Y | N | DP:TEXTBOOK.CHAPTERS |" name="And I click on Logout button" time="0"/>
  <testcase classname="| DP:SUPER.USERNAME | DP:SUPER.PASSWORD | DP:SECTIONS.SECTIONNAME | DP:TRAININGASSIGNMENTS.TRAININGNAME2 | DP:TEXTBOOK.BOOK | DP:ASSIGNMENTS.TRAININGAPPLICATION1TASK1 | SAM Assignments | Training | Y | N | DP:TEXTBOOK.CHAPTERS |" name="| DP:SUPER.USERNAME | DP:SUPER.PASSWORD | DP:SECTIONS.SECTIONNAME | DP:TRAININGASSIGNMENTS.TRAININGNAME2 | DP:TEXTBOOK.BOOK | DP:ASSIGNMENTS.TRAININGAPPLICATION1TASK1 | SAM Assignments | Training | Y | N | DP:TEXTBOOK.CHAPTERS |" time="0.001"/>
  <testcase classname="| DP:SUPER.USERNAME | DP:SUPER.PASSWORD | DP:PROJECTASSIGNMENTS.PROJECTBOOK | DP:PROJECTASSIGNMENTS.PROJECTUNITS | DP:PROJECTASSIGNMENTS.PROJECTSUBJECT | DP:PROJECTASSIGNMENTS.PROJECTNAME | DP:SECTIONS.SECTIONNAME | SAM Assignments | Assignments | Y | N | DP:PROJECTASSIGNMENTS.PROJECTASSIGNMENTNAME1 |" name="Given As a user I see login page of LMS" time="0"/>
  <testcase classname="| DP:SUPER.USERNAME | DP:SUPER.PASSWORD | DP:PROJECTASSIGNMENTS.PROJECTBOOK | DP:PROJECTASSIGNMENTS.PROJECTUNITS | DP:PROJECTASSIGNMENTS.PROJECTSUBJECT | DP:PROJECTASSIGNMENTS.PROJECTNAME | DP:SECTIONS.SECTIONNAME | SAM Assignments | Assignments | Y | N | DP:PROJECTASSIGNMENTS.PROJECTASSIGNMENTNAME1 |" name="And I enter DP:SUPER.USERNAME N Username in LMS login page" time="0"/>
  <testcase classname="| DP:SUPER.USERNAME | DP:SUPER.PASSWORD | DP:PROJECTASSIGNMENTS.PROJECTBOOK | DP:PROJECTASSIGNMENTS.PROJECTUNITS | DP:PROJECTASSIGNMENTS.PROJECTSUBJECT | DP:PROJECTASSIGNMENTS.PROJECTNAME | DP:SECTIONS.SECTIONNAME | SAM Assignments | Assignments | Y | N | DP:PROJECTASSIGNMENTS.PROJECTASSIGNMENTNAME1 |" name="And I enter DP:SUPER.PASSWORD Password in LMS login page" time="0"/>
  <testcase classname="| DP:SUPER.USERNAME | DP:SUPER.PASSWORD | DP:PROJECTASSIGNMENTS.PROJECTBOOK | DP:PROJECTASSIGNMENTS.PROJECTUNITS | DP:PROJECTASSIGNMENTS.PROJECTSUBJECT | DP:PROJECTASSIGNMENTS.PROJECTNAME | DP:SECTIONS.SECTIONNAME | SAM Assignments | Assignments | Y | N | DP:PROJECTASSIGNMENTS.PROJECTASSIGNMENTNAME1 |" name="And I click on Log In button" time="0"/>
  <testcase classname="| DP:SUPER.USERNAME | DP:SUPER.PASSWORD | DP:PROJECTASSIGNMENTS.PROJECTBOOK | DP:PROJECTASSIGNMENTS.PROJECTUNITS | DP:PROJECTASSIGNMENTS.PROJECTSUBJECT | DP:PROJECTASSIGNMENTS.PROJECTNAME | DP:SECTIONS.SECTIONNAME | SAM Assignments | Assignments | Y | N | DP:PROJECTASSIGNMENTS.PROJECTASSIGNMENTNAME1 |" name="And I see home page of LMS" time="0"/>
  <testcase classname="| DP:SUPER.USERNAME | DP:SUPER.PASSWORD | DP:PROJECTASSIGNMENTS.PROJECTBOOK | DP:PROJECTASSIGNMENTS.PROJECTUNITS | DP:PROJECTASSIGNMENTS.PROJECTSUBJECT | DP:PROJECTASSIGNMENTS.PROJECTNAME | DP:SECTIONS.SECTIONNAME | SAM Assignments | Assignments | Y | N | DP:PROJECTASSIGNMENTS.PROJECTASSIGNMENTNAME1 |" name="And I click on SAM Assignments tab" time="0"/>
  <testcase classname="| DP:SUPER.USERNAME | DP:SUPER.PASSWORD | DP:PROJECTASSIGNMENTS.PROJECTBOOK | DP:PROJECTASSIGNMENTS.PROJECTUNITS | DP:PROJECTASSIGNMENTS.PROJECTSUBJECT | DP:PROJECTASSIGNMENTS.PROJECTNAME | DP:SECTIONS.SECTIONNAME | SAM Assignments | Assignments | Y | N | DP:PROJECTASSIGNMENTS.PROJECTASSIGNMENTNAME1 |" name="And I click on Assignments tab" time="0"/>
  <testcase classname="| DP:SUPER.USERNAME | DP:SUPER.PASSWORD | DP:PROJECTASSIGNMENTS.PROJECTBOOK | DP:PROJECTASSIGNMENTS.PROJECTUNITS | DP:PROJECTASSIGNMENTS.PROJECTSUBJECT | DP:PROJECTASSIGNMENTS.PROJECTNAME | DP:SECTIONS.SECTIONNAME | SAM Assignments | Assignments | Y | N | DP:PROJECTASSIGNMENTS.PROJECTASSIGNMENTNAME1 |" name="And I click on Schedule New button" time="0"/>
  <testcase classname="| DP:SUPER.USERNAME | DP:SUPER.PASSWORD | DP:PROJECTASSIGNMENTS.PROJECTBOOK | DP:PROJECTASSIGNMENTS.PROJECTUNITS | DP:PROJECTASSIGNMENTS.PROJECTSUBJECT | DP:PROJECTASSIGNMENTS.PROJECTNAME | DP:SECTIONS.SECTIONNAME | SAM Assignments | Assignments | Y | N | DP:PROJECTASSIGNMENTS.PROJECTASSIGNMENTNAME1 |" name="And I click on Project button in Select Assignment Type page" time="0"/>
  <testcase classname="| DP:SUPER.USERNAME | DP:SUPER.PASSWORD | DP:PROJECTASSIGNMENTS.PROJECTBOOK | DP:PROJECTASSIGNMENTS.PROJECTUNITS | DP:PROJECTASSIGNMENTS.PROJECTSUBJECT | DP:PROJECTASSIGNMENTS.PROJECTNAME | DP:SECTIONS.SECTIONNAME | SAM Assignments | Assignments | Y | N | DP:PROJECTASSIGNMENTS.PROJECTASSIGNMENTNAME1 |" name="And I select DP:PROJECTASSIGNMENTS.PROJECTBOOK in Textbook drop down" time="0.001"/>
  <testcase classname="| DP:SUPER.USERNAME | DP:SUPER.PASSWORD | DP:PROJECTASSIGNMENTS.PROJECTBOOK | DP:PROJECTASSIGNMENTS.PROJECTUNITS | DP:PROJECTASSIGNMENTS.PROJECTSUBJECT | DP:PROJECTASSIGNMENTS.PROJECTNAME | DP:SECTIONS.SECTIONNAME | SAM Assignments | Assignments | Y | N | DP:PROJECTASSIGNMENTS.PROJECTASSIGNMENTNAME1 |" name="And I select DP:PROJECTASSIGNMENTS.PROJECTUNITS in Unit drop down" time="0"/>
  <testcase classname="| DP:SUPER.USERNAME | DP:SUPER.PASSWORD | DP:PROJECTASSIGNMENTS.PROJECTBOOK | DP:PROJECTASSIGNMENTS.PROJECTUNITS | DP:PROJECTASSIGNMENTS.PROJECTSUBJECT | DP:PROJECTASSIGNMENTS.PROJECTNAME | DP:SECTIONS.SECTIONNAME | SAM Assignments | Assignments | Y | N | DP:PROJECTASSIGNMENTS.PROJECTASSIGNMENTNAME1 |" name="And I select DP:PROJECTASSIGNMENTS.PROJECTSUBJECT in Subject drop down" time="0"/>
  <testcase classname="| DP:SUPER.USERNAME | DP:SUPER.PASSWORD | DP:PROJECTASSIGNMENTS.PROJECTBOOK | DP:PROJECTASSIGNMENTS.PROJECTUNITS | DP:PROJECTASSIGNMENTS.PROJECTSUBJECT | DP:PROJECTASSIGNMENTS.PROJECTNAME | DP:SECTIONS.SECTIONNAME | SAM Assignments | Assignments | Y | N | DP:PROJECTASSIGNMENTS.PROJECTASSIGNMENTNAME1 |" name="And I select DP:PROJECTASSIGNMENTS.PROJECTNAME N in Project Name" time="0"/>
  <testcase classname="| DP:SUPER.USERNAME | DP:SUPER.PASSWORD | DP:PROJECTASSIGNMENTS.PROJECTBOOK | DP:PROJECTASSIGNMENTS.PROJECTUNITS | DP:PROJECTASSIGNMENTS.PROJECTSUBJECT | DP:PROJECTASSIGNMENTS.PROJECTNAME | DP:SECTIONS.SECTIONNAME | SAM Assignments | Assignments | Y | N | DP:PROJECTASSIGNMENTS.PROJECTASSIGNMENTNAME1 |" name="And I click on Next Step button" time="0"/>
  <testcase classname="| DP:SUPER.USERNAME | DP:SUPER.PASSWORD | DP:PROJECTASSIGNMENTS.PROJECTBOOK | DP:PROJECTASSIGNMENTS.PROJECTUNITS | DP:PROJECTASSIGNMENTS.PROJECTSUBJECT | DP:PROJECTASSIGNMENTS.PROJECTNAME | DP:SECTIONS.SECTIONNAME | SAM Assignments | Assignments | Y | N | DP:PROJECTASSIGNMENTS.PROJECTASSIGNMENTNAME1 |" name="And I enter DP:PROJECTASSIGNMENTS.PROJECTASSIGNMENTNAME1 Y in Assignment Name" time="0"/>
  <testcase classname="| DP:SUPER.USERNAME | DP:SUPER.PASSWORD | DP:PROJECTASSIGNMENTS.PROJECTBOOK | DP:PROJECTASSIGNMENTS.PROJECTUNITS | DP:PROJECTASSIGNMENTS.PROJECTSUBJECT | DP:PROJECTASSIGNMENTS.PROJECTNAME | DP:SECTIONS.SECTIONNAME | SAM Assignments | Assignments | Y | N | DP:PROJECTASSIGNMENTS.PROJECTASSIGNMENTNAME1 |" name="And I click on section drop down" time="0"/>
  <testcase classname="| DP:SUPER.USERNAME | DP:SUPER.PASSWORD | DP:PROJECTASSIGNMENTS.PROJECTBOOK | DP:PROJECTASSIGNMENTS.PROJECTUNITS | DP:PROJECTASSIGNMENTS.PROJECTSUBJECT | DP:PROJECTASSIGNMENTS.PROJECTNAME | DP:SECTIONS.SECTIONNAME | SAM Assignments | Assignments | Y | N | DP:PROJECTASSIGNMENTS.PROJECTASSIGNMENTNAME1 |" name="And I check DP:SECTIONS.SECTIONNAME Y in Select section drop down" time="0.001"/>
  <testcase classname="| DP:SUPER.USERNAME | DP:SUPER.PASSWORD | DP:PROJECTASSIGNMENTS.PROJECTBOOK | DP:PROJECTASSIGNMENTS.PROJECTUNITS | DP:PROJECTASSIGNMENTS.PROJECTSUBJECT | DP:PROJECTASSIGNMENTS.PROJECTNAME | DP:SECTIONS.SECTIONNAME | SAM Assignments | Assignments | Y | N | DP:PROJECTASSIGNMENTS.PROJECTASSIGNMENTNAME1 |" name="And I click on section drop down" time="0"/>
  <testcase classname="| DP:SUPER.USERNAME | DP:SUPER.PASSWORD | DP:PROJECTASSIGNMENTS.PROJECTBOOK | DP:PROJECTASSIGNMENTS.PROJECTUNITS | DP:PROJECTASSIGNMENTS.PROJECTSUBJECT | DP:PROJECTASSIGNMENTS.PROJECTNAME | DP:SECTIONS.SECTIONNAME | SAM Assignments | Assignments | Y | N | DP:PROJECTASSIGNMENTS.PROJECTASSIGNMENTNAME1 |" name="When I click on Save button" time="0"/>
  <testcase classname="| DP:SUPER.USERNAME | DP:SUPER.PASSWORD | DP:PROJECTASSIGNMENTS.PROJECTBOOK | DP:PROJECTASSIGNMENTS.PROJECTUNITS | DP:PROJECTASSIGNMENTS.PROJECTSUBJECT | DP:PROJECTASSIGNMENTS.PROJECTNAME | DP:SECTIONS.SECTIONNAME | SAM Assignments | Assignments | Y | N | DP:PROJECTASSIGNMENTS.PROJECTASSIGNMENTNAME1 |" name="Then I click on X icon" time="0"/>
  <testcase classname="| DP:SUPER.USERNAME | DP:SUPER.PASSWORD | DP:PROJECTASSIGNMENTS.PROJECTBOOK | DP:PROJECTASSIGNMENTS.PROJECTUNITS | DP:PROJECTASSIGNMENTS.PROJECTSUBJECT | DP:PROJECTASSIGNMENTS.PROJECTNAME | DP:SECTIONS.SECTIONNAME | SAM Assignments | Assignments | Y | N | DP:PROJECTASSIGNMENTS.PROJECTASSIGNMENTNAME1 |" name="And I click on Logout button" time="0"/>
  <testcase classname="| DP:SUPER.USERNAME | DP:SUPER.PASSWORD | DP:PROJECTASSIGNMENTS.PROJECTBOOK | DP:PROJECTASSIGNMENTS.PROJECTUNITS | DP:PROJECTASSIGNMENTS.PROJECTSUBJECT | DP:PROJECTASSIGNMENTS.PROJECTNAME | DP:SECTIONS.SECTIONNAME | SAM Assignments | Assignments | Y | N | DP:PROJECTASSIGNMENTS.PROJECTASSIGNMENTNAME1 |" name="| DP:SUPER.USERNAME | DP:SUPER.PASSWORD | DP:PROJECTASSIGNMENTS.PROJECTBOOK | DP:PROJECTASSIGNMENTS.PROJECTUNITS | DP:PROJECTASSIGNMENTS.PROJECTSUBJECT | DP:PROJECTASSIGNMENTS.PROJECTNAME | DP:SECTIONS.SECTIONNAME | SAM Assignments | Assignments | Y | N | DP:PROJECTASSIGNMENTS.PROJECTASSIGNMENTNAME1 |" time="0.009"/>
  <testcase classname="| DP:SUPER.USERNAME | DP:SUPER.PASSWORD | SAM Assignments | DP:SECTIONS.SECTIONNAME | DP:SAMPATHASSIGNMENTS.SAMPATHSUBJECT | DP:SAMPATHASSIGNMENTS.SAMPATHNAME | Y | N | DP:EXAMASSIGNMENTS.EXAMNAME1 |" name="Given As a user I see login page of LMS" time="0"/>
  <testcase classname="| DP:SUPER.USERNAME | DP:SUPER.PASSWORD | SAM Assignments | DP:SECTIONS.SECTIONNAME | DP:SAMPATHASSIGNMENTS.SAMPATHSUBJECT | DP:SAMPATHASSIGNMENTS.SAMPATHNAME | Y | N | DP:EXAMASSIGNMENTS.EXAMNAME1 |" name="And I enter DP:SUPER.USERNAME N Username in LMS login page" time="0"/>
  <testcase classname="| DP:SUPER.USERNAME | DP:SUPER.PASSWORD | SAM Assignments | DP:SECTIONS.SECTIONNAME | DP:SAMPATHASSIGNMENTS.SAMPATHSUBJECT | DP:SAMPATHASSIGNMENTS.SAMPATHNAME | Y | N | DP:EXAMASSIGNMENTS.EXAMNAME1 |" name="And I enter DP:SUPER.PASSWORD Password in LMS login page" time="0"/>
  <testcase classname="| DP:SUPER.USERNAME | DP:SUPER.PASSWORD | SAM Assignments | DP:SECTIONS.SECTIONNAME | DP:SAMPATHASSIGNMENTS.SAMPATHSUBJECT | DP:SAMPATHASSIGNMENTS.SAMPATHNAME | Y | N | DP:EXAMASSIGNMENTS.EXAMNAME1 |" name="And I click on Log In button" time="0"/>
  <testcase classname="| DP:SUPER.USERNAME | DP:SUPER.PASSWORD | SAM Assignments | DP:SECTIONS.SECTIONNAME | DP:SAMPATHASSIGNMENTS.SAMPATHSUBJECT | DP:SAMPATHASSIGNMENTS.SAMPATHNAME | Y | N | DP:EXAMASSIGNMENTS.EXAMNAME1 |" name="And I see home page of LMS" time="0"/>
  <testcase classname="| DP:SUPER.USERNAME | DP:SUPER.PASSWORD | SAM Assignments | DP:SECTIONS.SECTIONNAME | DP:SAMPATHASSIGNMENTS.SAMPATHSUBJECT | DP:SAMPATHASSIGNMENTS.SAMPATHNAME | Y | N | DP:EXAMASSIGNMENTS.EXAMNAME1 |" name="And I click on SAM Assignments tab" time="0"/>
  <testcase classname="| DP:SUPER.USERNAME | DP:SUPER.PASSWORD | SAM Assignments | DP:SECTIONS.SECTIONNAME | DP:SAMPATHASSIGNMENTS.SAMPATHSUBJECT | DP:SAMPATHASSIGNMENTS.SAMPATHNAME | Y | N | DP:EXAMASSIGNMENTS.EXAMNAME1 |" name="And I click on Schedule New button" time="0"/>
  <testcase classname="| DP:SUPER.USERNAME | DP:SUPER.PASSWORD | SAM Assignments | DP:SECTIONS.SECTIONNAME | DP:SAMPATHASSIGNMENTS.SAMPATHSUBJECT | DP:SAMPATHASSIGNMENTS.SAMPATHNAME | Y | N | DP:EXAMASSIGNMENTS.EXAMNAME1 |" name="And I click on SAM path button" time="0"/>
  <testcase classname="| DP:SUPER.USERNAME | DP:SUPER.PASSWORD | SAM Assignments | DP:SECTIONS.SECTIONNAME | DP:SAMPATHASSIGNMENTS.SAMPATHSUBJECT | DP:SAMPATHASSIGNMENTS.SAMPATHNAME | Y | N | DP:EXAMASSIGNMENTS.EXAMNAME1 |" name="And I select DP:SAMPATHASSIGNMENTS.SAMPATHSUBJECT in Subject drop down" time="0"/>
  <testcase classname="| DP:SUPER.USERNAME | DP:SUPER.PASSWORD | SAM Assignments | DP:SECTIONS.SECTIONNAME | DP:SAMPATHASSIGNMENTS.SAMPATHSUBJECT | DP:SAMPATHASSIGNMENTS.SAMPATHNAME | Y | N | DP:EXAMASSIGNMENTS.EXAMNAME1 |" name="And I select DP:EXAMASSIGNMENTS.EXAMNAME1 Y in Exam Name" time="0"/>
  <testcase classname="| DP:SUPER.USERNAME | DP:SUPER.PASSWORD | SAM Assignments | DP:SECTIONS.SECTIONNAME | DP:SAMPATHASSIGNMENTS.SAMPATHSUBJECT | DP:SAMPATHASSIGNMENTS.SAMPATHNAME | Y | N | DP:EXAMASSIGNMENTS.EXAMNAME1 |" name="And I click on Next Step button" time="0"/>
  <testcase classname="| DP:SUPER.USERNAME | DP:SUPER.PASSWORD | SAM Assignments | DP:SECTIONS.SECTIONNAME | DP:SAMPATHASSIGNMENTS.SAMPATHSUBJECT | DP:SAMPATHASSIGNMENTS.SAMPATHNAME | Y | N | DP:EXAMASSIGNMENTS.EXAMNAME1 |" name="And I enter DP:SAMPATHASSIGNMENTS.SAMPATHNAME Y in Assignment Name" time="0"/>
  <testcase classname="| DP:SUPER.USERNAME | DP:SUPER.PASSWORD | SAM Assignments | DP:SECTIONS.SECTIONNAME | DP:SAMPATHASSIGNMENTS.SAMPATHSUBJECT | DP:SAMPATHASSIGNMENTS.SAMPATHNAME | Y | N | DP:EXAMASSIGNMENTS.EXAMNAME1 |" name="And I click on section drop down" time="0"/>
  <testcase classname="| DP:SUPER.USERNAME | DP:SUPER.PASSWORD | SAM Assignments | DP:SECTIONS.SECTIONNAME | DP:SAMPATHASSIGNMENTS.SAMPATHSUBJECT | DP:SAMPATHASSIGNMENTS.SAMPATHNAME | Y | N | DP:EXAMASSIGNMENTS.EXAMNAME1 |" name="And I check DP:SECTIONS.SECTIONNAME Y in Select section drop down" time="0"/>
  <testcase classname="| DP:SUPER.USERNAME | DP:SUPER.PASSWORD | SAM Assignments | DP:SECTIONS.SECTIONNAME | DP:SAMPATHASSIGNMENTS.SAMPATHSUBJECT | DP:SAMPATHASSIGNMENTS.SAMPATHNAME | Y | N | DP:EXAMASSIGNMENTS.EXAMNAME1 |" name="And I click on section drop down" time="0"/>
  <testcase classname="| DP:SUPER.USERNAME | DP:SUPER.PASSWORD | SAM Assignments | DP:SECTIONS.SECTIONNAME | DP:SAMPATHASSIGNMENTS.SAMPATHSUBJECT | DP:SAMPATHASSIGNMENTS.SAMPATHNAME | Y | N | DP:EXAMASSIGNMENTS.EXAMNAME1 |" name="When I click on Save button" time="0"/>
  <testcase classname="| DP:SUPER.USERNAME | DP:SUPER.PASSWORD | SAM Assignments | DP:SECTIONS.SECTIONNAME | DP:SAMPATHASSIGNMENTS.SAMPATHSUBJECT | DP:SAMPATHASSIGNMENTS.SAMPATHNAME | Y | N | DP:EXAMASSIGNMENTS.EXAMNAME1 |" name="Then I click on X icon" time="0"/>
  <testcase classname="| DP:SUPER.USERNAME | DP:SUPER.PASSWORD | SAM Assignments | DP:SECTIONS.SECTIONNAME | DP:SAMPATHASSIGNMENTS.SAMPATHSUBJECT | DP:SAMPATHASSIGNMENTS.SAMPATHNAME | Y | N | DP:EXAMASSIGNMENTS.EXAMNAME1 |" name="And I click on Logout button" time="0"/>
  <testcase classname="| DP:SUPER.USERNAME | DP:SUPER.PASSWORD | SAM Assignments | DP:SECTIONS.SECTIONNAME | DP:SAMPATHASSIGNMENTS.SAMPATHSUBJECT | DP:SAMPATHASSIGNMENTS.SAMPATHNAME | Y | N | DP:EXAMASSIGNMENTS.EXAMNAME1 |" name="| DP:SUPER.USERNAME | DP:SUPER.PASSWORD | SAM Assignments | DP:SECTIONS.SECTIONNAME | DP:SAMPATHASSIGNMENTS.SAMPATHSUBJECT | DP:SAMPATHASSIGNMENTS.SAMPATHNAME | Y | N | DP:EXAMASSIGNMENTS.EXAMNAME1 |" time="0.001"/>
  <testcase classname="| DP:SUPER.USERNAME | DP:SUPER.PASSWORD | SAM Assignments | Assignments | DP:EXAMASSIGNMENTS.EXAMNAME1 | DP:EXAMASSIGNMENTS.ISAEXAMNAME | DP:SECTIONS.SECTIONNAME | Y | N | DP:STUDENTS.STUDENT1.FULLNAME |" name="Given As a user I see login page of LMS" time="0"/>
  <testcase classname="| DP:SUPER.USERNAME | DP:SUPER.PASSWORD | SAM Assignments | Assignments | DP:EXAMASSIGNMENTS.EXAMNAME1 | DP:EXAMASSIGNMENTS.ISAEXAMNAME | DP:SECTIONS.SECTIONNAME | Y | N | DP:STUDENTS.STUDENT1.FULLNAME |" name="And I enter DP:SUPER.USERNAME N Username in LMS login page" time="0"/>
  <testcase classname="| DP:SUPER.USERNAME | DP:SUPER.PASSWORD | SAM Assignments | Assignments | DP:EXAMASSIGNMENTS.EXAMNAME1 | DP:EXAMASSIGNMENTS.ISAEXAMNAME | DP:SECTIONS.SECTIONNAME | Y | N | DP:STUDENTS.STUDENT1.FULLNAME |" name="And I enter DP:SUPER.PASSWORD Password in LMS login page" time="0"/>
  <testcase classname="| DP:SUPER.USERNAME | DP:SUPER.PASSWORD | SAM Assignments | Assignments | DP:EXAMASSIGNMENTS.EXAMNAME1 | DP:EXAMASSIGNMENTS.ISAEXAMNAME | DP:SECTIONS.SECTIONNAME | Y | N | DP:STUDENTS.STUDENT1.FULLNAME |" name="And I click on Log In button" time="0"/>
  <testcase classname="| DP:SUPER.USERNAME | DP:SUPER.PASSWORD | SAM Assignments | Assignments | DP:EXAMASSIGNMENTS.EXAMNAME1 | DP:EXAMASSIGNMENTS.ISAEXAMNAME | DP:SECTIONS.SECTIONNAME | Y | N | DP:STUDENTS.STUDENT1.FULLNAME |" name="And I see home page of LMS" time="0"/>
  <testcase classname="| DP:SUPER.USERNAME | DP:SUPER.PASSWORD | SAM Assignments | Assignments | DP:EXAMASSIGNMENTS.EXAMNAME1 | DP:EXAMASSIGNMENTS.ISAEXAMNAME | DP:SECTIONS.SECTIONNAME | Y | N | DP:STUDENTS.STUDENT1.FULLNAME |" name="And I click on SAM Assignments tab" time="0"/>
  <testcase classname="| DP:SUPER.USERNAME | DP:SUPER.PASSWORD | SAM Assignments | Assignments | DP:EXAMASSIGNMENTS.EXAMNAME1 | DP:EXAMASSIGNMENTS.ISAEXAMNAME | DP:SECTIONS.SECTIONNAME | Y | N | DP:STUDENTS.STUDENT1.FULLNAME |" name="And I click on Assignments tab" time="0"/>
  <testcase classname="| DP:SUPER.USERNAME | DP:SUPER.PASSWORD | SAM Assignments | Assignments | DP:EXAMASSIGNMENTS.EXAMNAME1 | DP:EXAMASSIGNMENTS.ISAEXAMNAME | DP:SECTIONS.SECTIONNAME | Y | N | DP:STUDENTS.STUDENT1.FULLNAME |" name="And I see DP:EXAMASSIGNMENTS.EXAMNAME1 Y in Assignment tab" time="0"/>
  <testcase classname="| DP:SUPER.USERNAME | DP:SUPER.PASSWORD | SAM Assignments | Assignments | DP:EXAMASSIGNMENTS.EXAMNAME1 | DP:EXAMASSIGNMENTS.ISAEXAMNAME | DP:SECTIONS.SECTIONNAME | Y | N | DP:STUDENTS.STUDENT1.FULLNAME |" name="And I click on Schedule Individual Student Assignment icon" time="0"/>
  <testcase classname="| DP:SUPER.USERNAME | DP:SUPER.PASSWORD | SAM Assignments | Assignments | DP:EXAMASSIGNMENTS.EXAMNAME1 | DP:EXAMASSIGNMENTS.ISAEXAMNAME | DP:SECTIONS.SECTIONNAME | Y | N | DP:STUDENTS.STUDENT1.FULLNAME |" name="And I enter DP:EXAMASSIGNMENTS.ISAEXAMNAME Y in Assignment Name" time="0"/>
  <testcase classname="| DP:SUPER.USERNAME | DP:SUPER.PASSWORD | SAM Assignments | Assignments | DP:EXAMASSIGNMENTS.EXAMNAME1 | DP:EXAMASSIGNMENTS.ISAEXAMNAME | DP:SECTIONS.SECTIONNAME | Y | N | DP:STUDENTS.STUDENT1.FULLNAME |" name="And I select DP:SECTIONS.SECTIONNAME Y in Select Section drop down" time="0"/>
  <testcase classname="| DP:SUPER.USERNAME | DP:SUPER.PASSWORD | SAM Assignments | Assignments | DP:EXAMASSIGNMENTS.EXAMNAME1 | DP:EXAMASSIGNMENTS.ISAEXAMNAME | DP:SECTIONS.SECTIONNAME | Y | N | DP:STUDENTS.STUDENT1.FULLNAME |" name="And I click on Next Step button" time="0"/>
  <testcase classname="| DP:SUPER.USERNAME | DP:SUPER.PASSWORD | SAM Assignments | Assignments | DP:EXAMASSIGNMENTS.EXAMNAME1 | DP:EXAMASSIGNMENTS.ISAEXAMNAME | DP:SECTIONS.SECTIONNAME | Y | N | DP:STUDENTS.STUDENT1.FULLNAME |" name="And I check DP:STUDENTS.STUDENT1.FULLNAME student in Available Students" time="0"/>
  <testcase classname="| DP:SUPER.USERNAME | DP:SUPER.PASSWORD | SAM Assignments | Assignments | DP:EXAMASSIGNMENTS.EXAMNAME1 | DP:EXAMASSIGNMENTS.ISAEXAMNAME | DP:SECTIONS.SECTIONNAME | Y | N | DP:STUDENTS.STUDENT1.FULLNAME |" name="When I click on Save button" time="0"/>
  <testcase classname="| DP:SUPER.USERNAME | DP:SUPER.PASSWORD | SAM Assignments | Assignments | DP:EXAMASSIGNMENTS.EXAMNAME1 | DP:EXAMASSIGNMENTS.ISAEXAMNAME | DP:SECTIONS.SECTIONNAME | Y | N | DP:STUDENTS.STUDENT1.FULLNAME |" name="Then I click on X icon" time="0">
    <failure type="java.lang.AssertionError">java.lang.AssertionError
	at org.junit.Assert.fail(Assert.java:86)
	at org.junit.Assert.assertTrue(Assert.java:41)
	at org.junit.Assert.assertTrue(Assert.java:52)
	at cengage.samlms.stepdefinition.SAMAssignmentsSteps.I_click_on_X_icon(SAMAssignmentsSteps.java:105)
	at ✽.Then I click on X icon(test/resources/cengage/samlms/lms_stories/Assignment_Name_Validation.feature:333)
</failure>
    <system-out>23:15:29.325 [main] ERROR cengage.common.toolbox.Sync - org.openqa.selenium.TimeoutException: Timed out after 150 seconds waiting for cengage.common.toolbox.Sync$4@2e62ead7
Build info: version: &apos;2.53.0&apos;, revision: &apos;35ae25b1534ae328c771e0856c93e187490ca824&apos;, time: &apos;2016-03-15 10:43:46&apos;
System info: host: &apos;CODOID&apos;, ip: &apos;10.161.243.104&apos;, os.name: &apos;Windows 8.1&apos;, os.arch: &apos;amd64&apos;, os.version: &apos;6.3&apos;, java.version: &apos;1.8.0_91&apos;
Driver info: driver.version: unknown
23:15:29.356 [main] ERROR cengage.common.toolbox.Element - org.openqa.selenium.NoSuchElementException: no such element: Unable to locate element: {&quot;method&quot;:&quot;xpath&quot;,&quot;selector&quot;:&quot;//div[@aria-hidden=&apos;false&apos;]//button[@class=&apos;close&apos;]&quot;}
  (Session info: chrome=56.0.2924.87)
  (Driver info: chromedriver=2.25.426923 (0390b88869384d6eb0d5d09729679f934aab9eed),platform=Windows NT 6.3.9600 x86_64) (WARNING: The server did not provide any stacktrace information)
Command duration or timeout: 31 milliseconds
For documentation on this error, please visit: http://seleniumhq.org/exceptions/no_such_element.html
Build info: version: &apos;2.53.0&apos;, revision: &apos;35ae25b1534ae328c771e0856c93e187490ca824&apos;, time: &apos;2016-03-15 10:43:46&apos;
System info: host: &apos;CODOID&apos;, ip: &apos;10.161.243.104&apos;, os.name: &apos;Windows 8.1&apos;, os.arch: &apos;amd64&apos;, os.version: &apos;6.3&apos;, java.version: &apos;1.8.0_91&apos;
Driver info: org.openqa.selenium.chrome.ChromeDriver
Capabilities [{applicationCacheEnabled=false, rotatable=false, mobileEmulationEnabled=false, networkConnectionEnabled=false, chrome={chromedriverVersion=2.25.426923 (0390b88869384d6eb0d5d09729679f934aab9eed), userDataDir=C:\Users\CODOID~1\AppData\Local\Temp\scoped_dir7952_21811}, takesHeapSnapshot=true, pageLoadStrategy=normal, databaseEnabled=false, handlesAlerts=true, hasTouchScreen=false, version=56.0.2924.87, platform=WIN8_1, browserConnectionEnabled=false, nativeEvents=true, acceptSslCerts=true, locationContextEnabled=true, webStorageEnabled=true, browserName=chrome, takesScreenshot=true, javascriptEnabled=true, cssSelectorsEnabled=true}]
Session ID: 894fbd691213eda0da5482641bc6502f
*** Element info: {Using=xpath, value=//div[@aria-hidden=&apos;false&apos;]//button[@class=&apos;close&apos;]}
</system-out>
  </testcase>
  <testcase classname="| DP:SUPER.USERNAME | DP:SUPER.PASSWORD | SAM Assignments | Assignments | DP:EXAMASSIGNMENTS.EXAMNAME1 | DP:EXAMASSIGNMENTS.ISAEXAMNAME | DP:SECTIONS.SECTIONNAME | Y | N | DP:STUDENTS.STUDENT1.FULLNAME |" name="| DP:SUPER.USERNAME | DP:SUPER.PASSWORD | SAM Assignments | Assignments | DP:EXAMASSIGNMENTS.EXAMNAME1 | DP:EXAMASSIGNMENTS.ISAEXAMNAME | DP:SECTIONS.SECTIONNAME | Y | N | DP:STUDENTS.STUDENT1.FULLNAME |" time="0">
    <failure type="java.lang.AssertionError">java.lang.AssertionError
	at org.junit.Assert.fail(Assert.java:86)
	at org.junit.Assert.assertTrue(Assert.java:41)
	at org.junit.Assert.assertTrue(Assert.java:52)
	at cengage.samlms.stepdefinition.SAMAssignmentsSteps.I_click_on_X_icon(SAMAssignmentsSteps.java:105)
	at ✽.Then I click on X icon(test/resources/cengage/samlms/lms_stories/Assignment_Name_Validation.feature:333)
</failure>
  </testcase>
  <testcase classname="| DP:SUPER.USERNAME | DP:SUPER.PASSWORD | SAM Assignments | Assignments | DP:EXAMASSIGNMENTS.EXAMNAME1 | DP:EXAMASSIGNMENTS.ISAEXAMNAME | DP:SECTIONS.SECTIONNAME | Y | N | DP:STUDENTS.STUDENT1.FULLNAME |" name="And I click on Logout button" time="0">
    <skipped/>
  </testcase>
  <testcase classname="| DP:SUPER.USERNAME | DP:SUPER.PASSWORD | SAM Assignments | Assignments | DP:TRAININGASSIGNMENTS.TRAININGNAME1 | DP:SECTIONS.SECTIONNAME | DP:TRAININGASSIGNMENTS.TRAININGISANAME1 | Y | N | DP:STUDENTS.STUDENT1.FULLNAME |" name="Given As a user I see login page of LMS" time="0"/>
  <testcase classname="| DP:SUPER.USERNAME | DP:SUPER.PASSWORD | SAM Assignments | Assignments | DP:TRAININGASSIGNMENTS.TRAININGNAME1 | DP:SECTIONS.SECTIONNAME | DP:TRAININGASSIGNMENTS.TRAININGISANAME1 | Y | N | DP:STUDENTS.STUDENT1.FULLNAME |" name="And I enter DP:SUPER.USERNAME N Username in LMS login page" time="0"/>
  <testcase classname="| DP:SUPER.USERNAME | DP:SUPER.PASSWORD | SAM Assignments | Assignments | DP:TRAININGASSIGNMENTS.TRAININGNAME1 | DP:SECTIONS.SECTIONNAME | DP:TRAININGASSIGNMENTS.TRAININGISANAME1 | Y | N | DP:STUDENTS.STUDENT1.FULLNAME |" name="And I enter DP:SUPER.PASSWORD Password in LMS login page" time="0.001"/>
  <testcase classname="| DP:SUPER.USERNAME | DP:SUPER.PASSWORD | SAM Assignments | Assignments | DP:TRAININGASSIGNMENTS.TRAININGNAME1 | DP:SECTIONS.SECTIONNAME | DP:TRAININGASSIGNMENTS.TRAININGISANAME1 | Y | N | DP:STUDENTS.STUDENT1.FULLNAME |" name="And I click on Log In button" time="0"/>
  <testcase classname="| DP:SUPER.USERNAME | DP:SUPER.PASSWORD | SAM Assignments | Assignments | DP:TRAININGASSIGNMENTS.TRAININGNAME1 | DP:SECTIONS.SECTIONNAME | DP:TRAININGASSIGNMENTS.TRAININGISANAME1 | Y | N | DP:STUDENTS.STUDENT1.FULLNAME |" name="And I see home page of LMS" time="0"/>
  <testcase classname="| DP:SUPER.USERNAME | DP:SUPER.PASSWORD | SAM Assignments | Assignments | DP:TRAININGASSIGNMENTS.TRAININGNAME1 | DP:SECTIONS.SECTIONNAME | DP:TRAININGASSIGNMENTS.TRAININGISANAME1 | Y | N | DP:STUDENTS.STUDENT1.FULLNAME |" name="And I click on SAM Assignments tab" time="0"/>
  <testcase classname="| DP:SUPER.USERNAME | DP:SUPER.PASSWORD | SAM Assignments | Assignments | DP:TRAININGASSIGNMENTS.TRAININGNAME1 | DP:SECTIONS.SECTIONNAME | DP:TRAININGASSIGNMENTS.TRAININGISANAME1 | Y | N | DP:STUDENTS.STUDENT1.FULLNAME |" name="And I click on Assignments tab" time="0"/>
  <testcase classname="| DP:SUPER.USERNAME | DP:SUPER.PASSWORD | SAM Assignments | Assignments | DP:TRAININGASSIGNMENTS.TRAININGNAME1 | DP:SECTIONS.SECTIONNAME | DP:TRAININGASSIGNMENTS.TRAININGISANAME1 | Y | N | DP:STUDENTS.STUDENT1.FULLNAME |" name="And I see DP:TRAININGASSIGNMENTS.TRAININGNAME1 Y in Assignment tab" time="0"/>
  <testcase classname="| DP:SUPER.USERNAME | DP:SUPER.PASSWORD | SAM Assignments | Assignments | DP:TRAININGASSIGNMENTS.TRAININGNAME1 | DP:SECTIONS.SECTIONNAME | DP:TRAININGASSIGNMENTS.TRAININGISANAME1 | Y | N | DP:STUDENTS.STUDENT1.FULLNAME |" name="And I click on Schedule Individual Student Assignment icon" time="0"/>
  <testcase classname="| DP:SUPER.USERNAME | DP:SUPER.PASSWORD | SAM Assignments | Assignments | DP:TRAININGASSIGNMENTS.TRAININGNAME1 | DP:SECTIONS.SECTIONNAME | DP:TRAININGASSIGNMENTS.TRAININGISANAME1 | Y | N | DP:STUDENTS.STUDENT1.FULLNAME |" name="And I enter DP:TRAININGASSIGNMENTS.TRAININGISANAME1 Y in Assignment Name" time="0"/>
  <testcase classname="| DP:SUPER.USERNAME | DP:SUPER.PASSWORD | SAM Assignments | Assignments | DP:TRAININGASSIGNMENTS.TRAININGNAME1 | DP:SECTIONS.SECTIONNAME | DP:TRAININGASSIGNMENTS.TRAININGISANAME1 | Y | N | DP:STUDENTS.STUDENT1.FULLNAME |" name="And I select DP:SECTIONS.SECTIONNAME Y in Select Section drop down" time="0"/>
  <testcase classname="| DP:SUPER.USERNAME | DP:SUPER.PASSWORD | SAM Assignments | Assignments | DP:TRAININGASSIGNMENTS.TRAININGNAME1 | DP:SECTIONS.SECTIONNAME | DP:TRAININGASSIGNMENTS.TRAININGISANAME1 | Y | N | DP:STUDENTS.STUDENT1.FULLNAME |" name="And I click on Next Step button" time="0"/>
  <testcase classname="| DP:SUPER.USERNAME | DP:SUPER.PASSWORD | SAM Assignments | Assignments | DP:TRAININGASSIGNMENTS.TRAININGNAME1 | DP:SECTIONS.SECTIONNAME | DP:TRAININGASSIGNMENTS.TRAININGISANAME1 | Y | N | DP:STUDENTS.STUDENT1.FULLNAME |" name="And I check DP:STUDENTS.STUDENT1.FULLNAME student in Available Students" time="0"/>
  <testcase classname="| DP:SUPER.USERNAME | DP:SUPER.PASSWORD | SAM Assignments | Assignments | DP:TRAININGASSIGNMENTS.TRAININGNAME1 | DP:SECTIONS.SECTIONNAME | DP:TRAININGASSIGNMENTS.TRAININGISANAME1 | Y | N | DP:STUDENTS.STUDENT1.FULLNAME |" name="When I click on Save button" time="0"/>
  <testcase classname="| DP:SUPER.USERNAME | DP:SUPER.PASSWORD | SAM Assignments | Assignments | DP:TRAININGASSIGNMENTS.TRAININGNAME1 | DP:SECTIONS.SECTIONNAME | DP:TRAININGASSIGNMENTS.TRAININGISANAME1 | Y | N | DP:STUDENTS.STUDENT1.FULLNAME |" name="Then I click on X icon" time="0">
    <failure type="java.lang.AssertionError">java.lang.AssertionError
	at org.junit.Assert.fail(Assert.java:86)
	at org.junit.Assert.assertTrue(Assert.java:41)
	at org.junit.Assert.assertTrue(Assert.java:52)
	at cengage.samlms.stepdefinition.SAMAssignmentsSteps.I_click_on_X_icon(SAMAssignmentsSteps.java:105)
	at ✽.Then I click on X icon(test/resources/cengage/samlms/lms_stories/Assignment_Name_Validation.feature:356)
</failure>
    <system-out>23:24:28.459 [main] ERROR cengage.common.toolbox.Sync - org.openqa.selenium.TimeoutException: Timed out after 150 seconds waiting for cengage.common.toolbox.Sync$4@4b862408
Build info: version: &apos;2.53.0&apos;, revision: &apos;35ae25b1534ae328c771e0856c93e187490ca824&apos;, time: &apos;2016-03-15 10:43:46&apos;
System info: host: &apos;CODOID&apos;, ip: &apos;10.161.243.104&apos;, os.name: &apos;Windows 8.1&apos;, os.arch: &apos;amd64&apos;, os.version: &apos;6.3&apos;, java.version: &apos;1.8.0_91&apos;
Driver info: driver.version: unknown
23:24:28.490 [main] ERROR cengage.common.toolbox.Element - org.openqa.selenium.NoSuchElementException: no such element: Unable to locate element: {&quot;method&quot;:&quot;xpath&quot;,&quot;selector&quot;:&quot;//div[@aria-hidden=&apos;false&apos;]//button[@class=&apos;close&apos;]&quot;}
  (Session info: chrome=56.0.2924.87)
  (Driver info: chromedriver=2.25.426923 (0390b88869384d6eb0d5d09729679f934aab9eed),platform=Windows NT 6.3.9600 x86_64) (WARNING: The server did not provide any stacktrace information)
Command duration or timeout: 31 milliseconds
For documentation on this error, please visit: http://seleniumhq.org/exceptions/no_such_element.html
Build info: version: &apos;2.53.0&apos;, revision: &apos;35ae25b1534ae328c771e0856c93e187490ca824&apos;, time: &apos;2016-03-15 10:43:46&apos;
System info: host: &apos;CODOID&apos;, ip: &apos;10.161.243.104&apos;, os.name: &apos;Windows 8.1&apos;, os.arch: &apos;amd64&apos;, os.version: &apos;6.3&apos;, java.version: &apos;1.8.0_91&apos;
Driver info: org.openqa.selenium.chrome.ChromeDriver
Capabilities [{applicationCacheEnabled=false, rotatable=false, mobileEmulationEnabled=false, networkConnectionEnabled=false, chrome={chromedriverVersion=2.25.426923 (0390b88869384d6eb0d5d09729679f934aab9eed), userDataDir=C:\Users\CODOID~1\AppData\Local\Temp\scoped_dir7952_21811}, takesHeapSnapshot=true, pageLoadStrategy=normal, databaseEnabled=false, handlesAlerts=true, hasTouchScreen=false, version=56.0.2924.87, platform=WIN8_1, browserConnectionEnabled=false, nativeEvents=true, acceptSslCerts=true, locationContextEnabled=true, webStorageEnabled=true, browserName=chrome, takesScreenshot=true, javascriptEnabled=true, cssSelectorsEnabled=true}]
Session ID: 894fbd691213eda0da5482641bc6502f
*** Element info: {Using=xpath, value=//div[@aria-hidden=&apos;false&apos;]//button[@class=&apos;close&apos;]}
</system-out>
  </testcase>
  <testcase classname="| DP:SUPER.USERNAME | DP:SUPER.PASSWORD | SAM Assignments | Assignments | DP:TRAININGASSIGNMENTS.TRAININGNAME1 | DP:SECTIONS.SECTIONNAME | DP:TRAININGASSIGNMENTS.TRAININGISANAME1 | Y | N | DP:STUDENTS.STUDENT1.FULLNAME |" name="| DP:SUPER.USERNAME | DP:SUPER.PASSWORD | SAM Assignments | Assignments | DP:TRAININGASSIGNMENTS.TRAININGNAME1 | DP:SECTIONS.SECTIONNAME | DP:TRAININGASSIGNMENTS.TRAININGISANAME1 | Y | N | DP:STUDENTS.STUDENT1.FULLNAME |" time="0">
    <failure type="java.lang.AssertionError">java.lang.AssertionError
	at org.junit.Assert.fail(Assert.java:86)
	at org.junit.Assert.assertTrue(Assert.java:41)
	at org.junit.Assert.assertTrue(Assert.java:52)
	at cengage.samlms.stepdefinition.SAMAssignmentsSteps.I_click_on_X_icon(SAMAssignmentsSteps.java:105)
	at ✽.Then I click on X icon(test/resources/cengage/samlms/lms_stories/Assignment_Name_Validation.feature:356)
</failure>
  </testcase>
  <testcase classname="| DP:SUPER.USERNAME | DP:SUPER.PASSWORD | SAM Assignments | Assignments | DP:TRAININGASSIGNMENTS.TRAININGNAME1 | DP:SECTIONS.SECTIONNAME | DP:TRAININGASSIGNMENTS.TRAININGISANAME1 | Y | N | DP:STUDENTS.STUDENT1.FULLNAME |" name="And I click on Logout button" time="0">
    <skipped/>
  </testcase>
  <testcase classname="| DP:SUPER.USERNAME | DP:SUPER.PASSWORD | Y | SAM Assignments | Assignments | DP:PROJECTASSIGNMENTS.PROJECTASSIGNMENTNAME1 | N | DP:PROJECTASSIGNMENTS.PROJECTISANAME | DP:SECTIONS.SECTIONNAME | DP:STUDENTS.STUDENT1.FULLNAME |" name="Given As a user I see login page of LMS" time="0"/>
  <testcase classname="| DP:SUPER.USERNAME | DP:SUPER.PASSWORD | Y | SAM Assignments | Assignments | DP:PROJECTASSIGNMENTS.PROJECTASSIGNMENTNAME1 | N | DP:PROJECTASSIGNMENTS.PROJECTISANAME | DP:SECTIONS.SECTIONNAME | DP:STUDENTS.STUDENT1.FULLNAME |" name="And I enter DP:SUPER.USERNAME N Username in LMS login page" time="0"/>
  <testcase classname="| DP:SUPER.USERNAME | DP:SUPER.PASSWORD | Y | SAM Assignments | Assignments | DP:PROJECTASSIGNMENTS.PROJECTASSIGNMENTNAME1 | N | DP:PROJECTASSIGNMENTS.PROJECTISANAME | DP:SECTIONS.SECTIONNAME | DP:STUDENTS.STUDENT1.FULLNAME |" name="And I enter DP:SUPER.PASSWORD Password in LMS login page" time="0"/>
  <testcase classname="| DP:SUPER.USERNAME | DP:SUPER.PASSWORD | Y | SAM Assignments | Assignments | DP:PROJECTASSIGNMENTS.PROJECTASSIGNMENTNAME1 | N | DP:PROJECTASSIGNMENTS.PROJECTISANAME | DP:SECTIONS.SECTIONNAME | DP:STUDENTS.STUDENT1.FULLNAME |" name="And I click on Log In button" time="0"/>
  <testcase classname="| DP:SUPER.USERNAME | DP:SUPER.PASSWORD | Y | SAM Assignments | Assignments | DP:PROJECTASSIGNMENTS.PROJECTASSIGNMENTNAME1 | N | DP:PROJECTASSIGNMENTS.PROJECTISANAME | DP:SECTIONS.SECTIONNAME | DP:STUDENTS.STUDENT1.FULLNAME |" name="And I see home page of LMS" time="0"/>
  <testcase classname="| DP:SUPER.USERNAME | DP:SUPER.PASSWORD | Y | SAM Assignments | Assignments | DP:PROJECTASSIGNMENTS.PROJECTASSIGNMENTNAME1 | N | DP:PROJECTASSIGNMENTS.PROJECTISANAME | DP:SECTIONS.SECTIONNAME | DP:STUDENTS.STUDENT1.FULLNAME |" name="And I click on SAM Assignments tab" time="0"/>
  <testcase classname="| DP:SUPER.USERNAME | DP:SUPER.PASSWORD | Y | SAM Assignments | Assignments | DP:PROJECTASSIGNMENTS.PROJECTASSIGNMENTNAME1 | N | DP:PROJECTASSIGNMENTS.PROJECTISANAME | DP:SECTIONS.SECTIONNAME | DP:STUDENTS.STUDENT1.FULLNAME |" name="And I click on Assignments tab" time="0"/>
  <testcase classname="| DP:SUPER.USERNAME | DP:SUPER.PASSWORD | Y | SAM Assignments | Assignments | DP:PROJECTASSIGNMENTS.PROJECTASSIGNMENTNAME1 | N | DP:PROJECTASSIGNMENTS.PROJECTISANAME | DP:SECTIONS.SECTIONNAME | DP:STUDENTS.STUDENT1.FULLNAME |" name="And I see DP:PROJECTASSIGNMENTS.PROJECTASSIGNMENTNAME1 Y in Assignment tab" time="0"/>
  <testcase classname="| DP:SUPER.USERNAME | DP:SUPER.PASSWORD | Y | SAM Assignments | Assignments | DP:PROJECTASSIGNMENTS.PROJECTASSIGNMENTNAME1 | N | DP:PROJECTASSIGNMENTS.PROJECTISANAME | DP:SECTIONS.SECTIONNAME | DP:STUDENTS.STUDENT1.FULLNAME |" name="And I click on Schedule Individual Student Assignment icon" time="0"/>
  <testcase classname="| DP:SUPER.USERNAME | DP:SUPER.PASSWORD | Y | SAM Assignments | Assignments | DP:PROJECTASSIGNMENTS.PROJECTASSIGNMENTNAME1 | N | DP:PROJECTASSIGNMENTS.PROJECTISANAME | DP:SECTIONS.SECTIONNAME | DP:STUDENTS.STUDENT1.FULLNAME |" name="And I enter DP:PROJECTASSIGNMENTS.PROJECTISANAME Y in Assignment Name" time="0"/>
  <testcase classname="| DP:SUPER.USERNAME | DP:SUPER.PASSWORD | Y | SAM Assignments | Assignments | DP:PROJECTASSIGNMENTS.PROJECTASSIGNMENTNAME1 | N | DP:PROJECTASSIGNMENTS.PROJECTISANAME | DP:SECTIONS.SECTIONNAME | DP:STUDENTS.STUDENT1.FULLNAME |" name="And I select DP:SECTIONS.SECTIONNAME Y in Select Section drop down" time="0"/>
  <testcase classname="| DP:SUPER.USERNAME | DP:SUPER.PASSWORD | Y | SAM Assignments | Assignments | DP:PROJECTASSIGNMENTS.PROJECTASSIGNMENTNAME1 | N | DP:PROJECTASSIGNMENTS.PROJECTISANAME | DP:SECTIONS.SECTIONNAME | DP:STUDENTS.STUDENT1.FULLNAME |" name="And I click on Next Step button" time="0"/>
  <testcase classname="| DP:SUPER.USERNAME | DP:SUPER.PASSWORD | Y | SAM Assignments | Assignments | DP:PROJECTASSIGNMENTS.PROJECTASSIGNMENTNAME1 | N | DP:PROJECTASSIGNMENTS.PROJECTISANAME | DP:SECTIONS.SECTIONNAME | DP:STUDENTS.STUDENT1.FULLNAME |" name="And I check DP:STUDENTS.STUDENT1.FULLNAME student in Available Students" time="0"/>
  <testcase classname="| DP:SUPER.USERNAME | DP:SUPER.PASSWORD | Y | SAM Assignments | Assignments | DP:PROJECTASSIGNMENTS.PROJECTASSIGNMENTNAME1 | N | DP:PROJECTASSIGNMENTS.PROJECTISANAME | DP:SECTIONS.SECTIONNAME | DP:STUDENTS.STUDENT1.FULLNAME |" name="When I click on Save button" time="0"/>
  <testcase classname="| DP:SUPER.USERNAME | DP:SUPER.PASSWORD | Y | SAM Assignments | Assignments | DP:PROJECTASSIGNMENTS.PROJECTASSIGNMENTNAME1 | N | DP:PROJECTASSIGNMENTS.PROJECTISANAME | DP:SECTIONS.SECTIONNAME | DP:STUDENTS.STUDENT1.FULLNAME |" name="Then I click on X icon" time="0">
    <failure type="java.lang.AssertionError">java.lang.AssertionError
	at org.junit.Assert.fail(Assert.java:86)
	at org.junit.Assert.assertTrue(Assert.java:41)
	at org.junit.Assert.assertTrue(Assert.java:52)
	at cengage.samlms.stepdefinition.SAMAssignmentsSteps.I_click_on_X_icon(SAMAssignmentsSteps.java:105)
	at ✽.Then I click on X icon(test/resources/cengage/samlms/lms_stories/Assignment_Name_Validation.feature:379)
</failure>
    <system-out>23:33:27.356 [main] ERROR cengage.common.toolbox.Sync - org.openqa.selenium.TimeoutException: Timed out after 150 seconds waiting for cengage.common.toolbox.Sync$4@3ece79fe
Build info: version: &apos;2.53.0&apos;, revision: &apos;35ae25b1534ae328c771e0856c93e187490ca824&apos;, time: &apos;2016-03-15 10:43:46&apos;
System info: host: &apos;CODOID&apos;, ip: &apos;10.161.243.104&apos;, os.name: &apos;Windows 8.1&apos;, os.arch: &apos;amd64&apos;, os.version: &apos;6.3&apos;, java.version: &apos;1.8.0_91&apos;
Driver info: driver.version: unknown
23:33:27.388 [main] ERROR cengage.common.toolbox.Element - org.openqa.selenium.NoSuchElementException: no such element: Unable to locate element: {&quot;method&quot;:&quot;xpath&quot;,&quot;selector&quot;:&quot;//div[@aria-hidden=&apos;false&apos;]//button[@class=&apos;close&apos;]&quot;}
  (Session info: chrome=56.0.2924.87)
  (Driver info: chromedriver=2.25.426923 (0390b88869384d6eb0d5d09729679f934aab9eed),platform=Windows NT 6.3.9600 x86_64) (WARNING: The server did not provide any stacktrace information)
Command duration or timeout: 32 milliseconds
For documentation on this error, please visit: http://seleniumhq.org/exceptions/no_such_element.html
Build info: version: &apos;2.53.0&apos;, revision: &apos;35ae25b1534ae328c771e0856c93e187490ca824&apos;, time: &apos;2016-03-15 10:43:46&apos;
System info: host: &apos;CODOID&apos;, ip: &apos;10.161.243.104&apos;, os.name: &apos;Windows 8.1&apos;, os.arch: &apos;amd64&apos;, os.version: &apos;6.3&apos;, java.version: &apos;1.8.0_91&apos;
Driver info: org.openqa.selenium.chrome.ChromeDriver
Capabilities [{applicationCacheEnabled=false, rotatable=false, mobileEmulationEnabled=false, networkConnectionEnabled=false, chrome={chromedriverVersion=2.25.426923 (0390b88869384d6eb0d5d09729679f934aab9eed), userDataDir=C:\Users\CODOID~1\AppData\Local\Temp\scoped_dir7952_21811}, takesHeapSnapshot=true, pageLoadStrategy=normal, databaseEnabled=false, handlesAlerts=true, hasTouchScreen=false, version=56.0.2924.87, platform=WIN8_1, browserConnectionEnabled=false, nativeEvents=true, acceptSslCerts=true, locationContextEnabled=true, webStorageEnabled=true, browserName=chrome, takesScreenshot=true, javascriptEnabled=true, cssSelectorsEnabled=true}]
Session ID: 894fbd691213eda0da5482641bc6502f
*** Element info: {Using=xpath, value=//div[@aria-hidden=&apos;false&apos;]//button[@class=&apos;close&apos;]}
</system-out>
  </testcase>
  <testcase classname="| DP:SUPER.USERNAME | DP:SUPER.PASSWORD | Y | SAM Assignments | Assignments | DP:PROJECTASSIGNMENTS.PROJECTASSIGNMENTNAME1 | N | DP:PROJECTASSIGNMENTS.PROJECTISANAME | DP:SECTIONS.SECTIONNAME | DP:STUDENTS.STUDENT1.FULLNAME |" name="| DP:SUPER.USERNAME | DP:SUPER.PASSWORD | Y | SAM Assignments | Assignments | DP:PROJECTASSIGNMENTS.PROJECTASSIGNMENTNAME1 | N | DP:PROJECTASSIGNMENTS.PROJECTISANAME | DP:SECTIONS.SECTIONNAME | DP:STUDENTS.STUDENT1.FULLNAME |" time="0">
    <failure type="java.lang.AssertionError">java.lang.AssertionError
	at org.junit.Assert.fail(Assert.java:86)
	at org.junit.Assert.assertTrue(Assert.java:41)
	at org.junit.Assert.assertTrue(Assert.java:52)
	at cengage.samlms.stepdefinition.SAMAssignmentsSteps.I_click_on_X_icon(SAMAssignmentsSteps.java:105)
	at ✽.Then I click on X icon(test/resources/cengage/samlms/lms_stories/Assignment_Name_Validation.feature:379)
</failure>
  </testcase>
  <testcase classname="| DP:SUPER.USERNAME | DP:SUPER.PASSWORD | Y | SAM Assignments | Assignments | DP:PROJECTASSIGNMENTS.PROJECTASSIGNMENTNAME1 | N | DP:PROJECTASSIGNMENTS.PROJECTISANAME | DP:SECTIONS.SECTIONNAME | DP:STUDENTS.STUDENT1.FULLNAME |" name="And I click on Logout button" time="0">
    <skipped/>
  </testcase>
  <testcase classname="| DP:SUPER.USERNAME | Y | DP:SUPER.PASSWORD | SAM Assignments | Assignments | DP:SAMPATHASSIGNMENTS.SAMPATHNAME | N | DP:SAMPATHASSIGNMENTS.ISASAMPATHANAME | DP:SECTIONS.SECTIONNAME | DP:STUDENTS.STUDENT1.FULLNAME |" name="Given As a user I see login page of LMS" time="0"/>
  <testcase classname="| DP:SUPER.USERNAME | Y | DP:SUPER.PASSWORD | SAM Assignments | Assignments | DP:SAMPATHASSIGNMENTS.SAMPATHNAME | N | DP:SAMPATHASSIGNMENTS.ISASAMPATHANAME | DP:SECTIONS.SECTIONNAME | DP:STUDENTS.STUDENT1.FULLNAME |" name="And I enter DP:SUPER.USERNAME N Username in LMS login page" time="0"/>
  <testcase classname="| DP:SUPER.USERNAME | Y | DP:SUPER.PASSWORD | SAM Assignments | Assignments | DP:SAMPATHASSIGNMENTS.SAMPATHNAME | N | DP:SAMPATHASSIGNMENTS.ISASAMPATHANAME | DP:SECTIONS.SECTIONNAME | DP:STUDENTS.STUDENT1.FULLNAME |" name="And I enter DP:SUPER.PASSWORD Password in LMS login page" time="0"/>
  <testcase classname="| DP:SUPER.USERNAME | Y | DP:SUPER.PASSWORD | SAM Assignments | Assignments | DP:SAMPATHASSIGNMENTS.SAMPATHNAME | N | DP:SAMPATHASSIGNMENTS.ISASAMPATHANAME | DP:SECTIONS.SECTIONNAME | DP:STUDENTS.STUDENT1.FULLNAME |" name="And I click on Log In button" time="0"/>
  <testcase classname="| DP:SUPER.USERNAME | Y | DP:SUPER.PASSWORD | SAM Assignments | Assignments | DP:SAMPATHASSIGNMENTS.SAMPATHNAME | N | DP:SAMPATHASSIGNMENTS.ISASAMPATHANAME | DP:SECTIONS.SECTIONNAME | DP:STUDENTS.STUDENT1.FULLNAME |" name="And I see home page of LMS" time="0"/>
  <testcase classname="| DP:SUPER.USERNAME | Y | DP:SUPER.PASSWORD | SAM Assignments | Assignments | DP:SAMPATHASSIGNMENTS.SAMPATHNAME | N | DP:SAMPATHASSIGNMENTS.ISASAMPATHANAME | DP:SECTIONS.SECTIONNAME | DP:STUDENTS.STUDENT1.FULLNAME |" name="And I click on SAM Assignments tab" time="0"/>
  <testcase classname="| DP:SUPER.USERNAME | Y | DP:SUPER.PASSWORD | SAM Assignments | Assignments | DP:SAMPATHASSIGNMENTS.SAMPATHNAME | N | DP:SAMPATHASSIGNMENTS.ISASAMPATHANAME | DP:SECTIONS.SECTIONNAME | DP:STUDENTS.STUDENT1.FULLNAME |" name="And I click on Assignments tab" time="0"/>
  <testcase classname="| DP:SUPER.USERNAME | Y | DP:SUPER.PASSWORD | SAM Assignments | Assignments | DP:SAMPATHASSIGNMENTS.SAMPATHNAME | N | DP:SAMPATHASSIGNMENTS.ISASAMPATHANAME | DP:SECTIONS.SECTIONNAME | DP:STUDENTS.STUDENT1.FULLNAME |" name="And I see SAM path DP:SAMPATHASSIGNMENTS.SAMPATHNAME Y in AssignmentTab" time="0"/>
  <testcase classname="| DP:SUPER.USERNAME | Y | DP:SUPER.PASSWORD | SAM Assignments | Assignments | DP:SAMPATHASSIGNMENTS.SAMPATHNAME | N | DP:SAMPATHASSIGNMENTS.ISASAMPATHANAME | DP:SECTIONS.SECTIONNAME | DP:STUDENTS.STUDENT1.FULLNAME |" name="And I click on Schedule Individual Student Assignment icon" time="0"/>
  <testcase classname="| DP:SUPER.USERNAME | Y | DP:SUPER.PASSWORD | SAM Assignments | Assignments | DP:SAMPATHASSIGNMENTS.SAMPATHNAME | N | DP:SAMPATHASSIGNMENTS.ISASAMPATHANAME | DP:SECTIONS.SECTIONNAME | DP:STUDENTS.STUDENT1.FULLNAME |" name="And I enter DP:SAMPATHASSIGNMENTS.ISASAMPATHANAME Y in Assignment Name" time="0"/>
  <testcase classname="| DP:SUPER.USERNAME | Y | DP:SUPER.PASSWORD | SAM Assignments | Assignments | DP:SAMPATHASSIGNMENTS.SAMPATHNAME | N | DP:SAMPATHASSIGNMENTS.ISASAMPATHANAME | DP:SECTIONS.SECTIONNAME | DP:STUDENTS.STUDENT1.FULLNAME |" name="And I select DP:SECTIONS.SECTIONNAME Y in Select Section drop down" time="0"/>
  <testcase classname="| DP:SUPER.USERNAME | Y | DP:SUPER.PASSWORD | SAM Assignments | Assignments | DP:SAMPATHASSIGNMENTS.SAMPATHNAME | N | DP:SAMPATHASSIGNMENTS.ISASAMPATHANAME | DP:SECTIONS.SECTIONNAME | DP:STUDENTS.STUDENT1.FULLNAME |" name="And I click on Next Step button" time="0"/>
  <testcase classname="| DP:SUPER.USERNAME | Y | DP:SUPER.PASSWORD | SAM Assignments | Assignments | DP:SAMPATHASSIGNMENTS.SAMPATHNAME | N | DP:SAMPATHASSIGNMENTS.ISASAMPATHANAME | DP:SECTIONS.SECTIONNAME | DP:STUDENTS.STUDENT1.FULLNAME |" name="And I check DP:STUDENTS.STUDENT1.FULLNAME student in Available Students" time="0"/>
  <testcase classname="| DP:SUPER.USERNAME | Y | DP:SUPER.PASSWORD | SAM Assignments | Assignments | DP:SAMPATHASSIGNMENTS.SAMPATHNAME | N | DP:SAMPATHASSIGNMENTS.ISASAMPATHANAME | DP:SECTIONS.SECTIONNAME | DP:STUDENTS.STUDENT1.FULLNAME |" name="When I click on Save button" time="0"/>
  <testcase classname="| DP:SUPER.USERNAME | Y | DP:SUPER.PASSWORD | SAM Assignments | Assignments | DP:SAMPATHASSIGNMENTS.SAMPATHNAME | N | DP:SAMPATHASSIGNMENTS.ISASAMPATHANAME | DP:SECTIONS.SECTIONNAME | DP:STUDENTS.STUDENT1.FULLNAME |" name="Then I click on X icon" time="0">
    <failure type="java.lang.AssertionError">java.lang.AssertionError
	at org.junit.Assert.fail(Assert.java:86)
	at org.junit.Assert.assertTrue(Assert.java:41)
	at org.junit.Assert.assertTrue(Assert.java:52)
	at cengage.samlms.stepdefinition.SAMAssignmentsSteps.I_click_on_X_icon(SAMAssignmentsSteps.java:105)
	at ✽.Then I click on X icon(test/resources/cengage/samlms/lms_stories/Assignment_Name_Validation.feature:402)
</failure>
    <system-out>23:42:24.207 [main] ERROR cengage.common.toolbox.Sync - org.openqa.selenium.TimeoutException: Timed out after 150 seconds waiting for cengage.common.toolbox.Sync$4@72b0a004
Build info: version: &apos;2.53.0&apos;, revision: &apos;35ae25b1534ae328c771e0856c93e187490ca824&apos;, time: &apos;2016-03-15 10:43:46&apos;
System info: host: &apos;CODOID&apos;, ip: &apos;10.161.243.104&apos;, os.name: &apos;Windows 8.1&apos;, os.arch: &apos;amd64&apos;, os.version: &apos;6.3&apos;, java.version: &apos;1.8.0_91&apos;
Driver info: driver.version: unknown
23:42:24.238 [main] ERROR cengage.common.toolbox.Element - org.openqa.selenium.NoSuchElementException: no such element: Unable to locate element: {&quot;method&quot;:&quot;xpath&quot;,&quot;selector&quot;:&quot;//div[@aria-hidden=&apos;false&apos;]//button[@class=&apos;close&apos;]&quot;}
  (Session info: chrome=56.0.2924.87)
  (Driver info: chromedriver=2.25.426923 (0390b88869384d6eb0d5d09729679f934aab9eed),platform=Windows NT 6.3.9600 x86_64) (WARNING: The server did not provide any stacktrace information)
Command duration or timeout: 31 milliseconds
For documentation on this error, please visit: http://seleniumhq.org/exceptions/no_such_element.html
Build info: version: &apos;2.53.0&apos;, revision: &apos;35ae25b1534ae328c771e0856c93e187490ca824&apos;, time: &apos;2016-03-15 10:43:46&apos;
System info: host: &apos;CODOID&apos;, ip: &apos;10.161.243.104&apos;, os.name: &apos;Windows 8.1&apos;, os.arch: &apos;amd64&apos;, os.version: &apos;6.3&apos;, java.version: &apos;1.8.0_91&apos;
Driver info: org.openqa.selenium.chrome.ChromeDriver
Capabilities [{applicationCacheEnabled=false, rotatable=false, mobileEmulationEnabled=false, networkConnectionEnabled=false, chrome={chromedriverVersion=2.25.426923 (0390b88869384d6eb0d5d09729679f934aab9eed), userDataDir=C:\Users\CODOID~1\AppData\Local\Temp\scoped_dir7952_21811}, takesHeapSnapshot=true, pageLoadStrategy=normal, databaseEnabled=false, handlesAlerts=true, hasTouchScreen=false, version=56.0.2924.87, platform=WIN8_1, browserConnectionEnabled=false, nativeEvents=true, acceptSslCerts=true, locationContextEnabled=true, webStorageEnabled=true, browserName=chrome, takesScreenshot=true, javascriptEnabled=true, cssSelectorsEnabled=true}]
Session ID: 894fbd691213eda0da5482641bc6502f
*** Element info: {Using=xpath, value=//div[@aria-hidden=&apos;false&apos;]//button[@class=&apos;close&apos;]}
</system-out>
  </testcase>
  <testcase classname="| DP:SUPER.USERNAME | Y | DP:SUPER.PASSWORD | SAM Assignments | Assignments | DP:SAMPATHASSIGNMENTS.SAMPATHNAME | N | DP:SAMPATHASSIGNMENTS.ISASAMPATHANAME | DP:SECTIONS.SECTIONNAME | DP:STUDENTS.STUDENT1.FULLNAME |" name="| DP:SUPER.USERNAME | Y | DP:SUPER.PASSWORD | SAM Assignments | Assignments | DP:SAMPATHASSIGNMENTS.SAMPATHNAME | N | DP:SAMPATHASSIGNMENTS.ISASAMPATHANAME | DP:SECTIONS.SECTIONNAME | DP:STUDENTS.STUDENT1.FULLNAME |" time="0">
    <failure type="java.lang.AssertionError">java.lang.AssertionError
	at org.junit.Assert.fail(Assert.java:86)
	at org.junit.Assert.assertTrue(Assert.java:41)
	at org.junit.Assert.assertTrue(Assert.java:52)
	at cengage.samlms.stepdefinition.SAMAssignmentsSteps.I_click_on_X_icon(SAMAssignmentsSteps.java:105)
	at ✽.Then I click on X icon(test/resources/cengage/samlms/lms_stories/Assignment_Name_Validation.feature:402)
</failure>
  </testcase>
  <testcase classname="| DP:SUPER.USERNAME | Y | DP:SUPER.PASSWORD | SAM Assignments | Assignments | DP:SAMPATHASSIGNMENTS.SAMPATHNAME | N | DP:SAMPATHASSIGNMENTS.ISASAMPATHANAME | DP:SECTIONS.SECTIONNAME | DP:STUDENTS.STUDENT1.FULLNAME |" name="And I click on Logout button" time="0">
    <skipped/>
  </testcase>
  <testcase classname="| DP:SUPER.USERNAME | DP:SUPER.PASSWORD | DP:SAMPATHASSIGNMENTS.SAMPATHSUBJECT | DP:STUDENTS.STUDENT2.FULLNAME | DP:SECTIONS.SECTIONNAME | Y | N | SAM Assignments | Assignments | DP:EXAMASSIGNMENTS.EXAMNAME1 | DP:TRAININGASSIGNMENTS.TRAININGNAME1 | DP:PROJECTASSIGNMENTS.PROJECTASSIGNMENTNAME1 | DP:SAMPATHASSIGNMENTS.SAMPATHNAME | DP:EXAMASSIGNMENTS.ISAEXAMNAME | DP:TRAININGASSIGNMENTS.TRAININGISANAME1 | DP:PROJECTASSIGNMENTS.PROJECTISANAME | DP:SAMPATHASSIGNMENTS.ISASAMPATHANAME |" name="Given As a user I see login page of LMS" time="0"/>
  <testcase classname="| DP:SUPER.USERNAME | DP:SUPER.PASSWORD | DP:SAMPATHASSIGNMENTS.SAMPATHSUBJECT | DP:STUDENTS.STUDENT2.FULLNAME | DP:SECTIONS.SECTIONNAME | Y | N | SAM Assignments | Assignments | DP:EXAMASSIGNMENTS.EXAMNAME1 | DP:TRAININGASSIGNMENTS.TRAININGNAME1 | DP:PROJECTASSIGNMENTS.PROJECTASSIGNMENTNAME1 | DP:SAMPATHASSIGNMENTS.SAMPATHNAME | DP:EXAMASSIGNMENTS.ISAEXAMNAME | DP:TRAININGASSIGNMENTS.TRAININGISANAME1 | DP:PROJECTASSIGNMENTS.PROJECTISANAME | DP:SAMPATHASSIGNMENTS.ISASAMPATHANAME |" name="And I enter DP:SUPER.USERNAME N Username in LMS login page" time="0"/>
  <testcase classname="| DP:SUPER.USERNAME | DP:SUPER.PASSWORD | DP:SAMPATHASSIGNMENTS.SAMPATHSUBJECT | DP:STUDENTS.STUDENT2.FULLNAME | DP:SECTIONS.SECTIONNAME | Y | N | SAM Assignments | Assignments | DP:EXAMASSIGNMENTS.EXAMNAME1 | DP:TRAININGASSIGNMENTS.TRAININGNAME1 | DP:PROJECTASSIGNMENTS.PROJECTASSIGNMENTNAME1 | DP:SAMPATHASSIGNMENTS.SAMPATHNAME | DP:EXAMASSIGNMENTS.ISAEXAMNAME | DP:TRAININGASSIGNMENTS.TRAININGISANAME1 | DP:PROJECTASSIGNMENTS.PROJECTISANAME | DP:SAMPATHASSIGNMENTS.ISASAMPATHANAME |" name="And I enter DP:SUPER.PASSWORD Password in LMS login page" time="0"/>
  <testcase classname="| DP:SUPER.USERNAME | DP:SUPER.PASSWORD | DP:SAMPATHASSIGNMENTS.SAMPATHSUBJECT | DP:STUDENTS.STUDENT2.FULLNAME | DP:SECTIONS.SECTIONNAME | Y | N | SAM Assignments | Assignments | DP:EXAMASSIGNMENTS.EXAMNAME1 | DP:TRAININGASSIGNMENTS.TRAININGNAME1 | DP:PROJECTASSIGNMENTS.PROJECTASSIGNMENTNAME1 | DP:SAMPATHASSIGNMENTS.SAMPATHNAME | DP:EXAMASSIGNMENTS.ISAEXAMNAME | DP:TRAININGASSIGNMENTS.TRAININGISANAME1 | DP:PROJECTASSIGNMENTS.PROJECTISANAME | DP:SAMPATHASSIGNMENTS.ISASAMPATHANAME |" name="And I click on Log In button" time="0"/>
  <testcase classname="| DP:SUPER.USERNAME | DP:SUPER.PASSWORD | DP:SAMPATHASSIGNMENTS.SAMPATHSUBJECT | DP:STUDENTS.STUDENT2.FULLNAME | DP:SECTIONS.SECTIONNAME | Y | N | SAM Assignments | Assignments | DP:EXAMASSIGNMENTS.EXAMNAME1 | DP:TRAININGASSIGNMENTS.TRAININGNAME1 | DP:PROJECTASSIGNMENTS.PROJECTASSIGNMENTNAME1 | DP:SAMPATHASSIGNMENTS.SAMPATHNAME | DP:EXAMASSIGNMENTS.ISAEXAMNAME | DP:TRAININGASSIGNMENTS.TRAININGISANAME1 | DP:PROJECTASSIGNMENTS.PROJECTISANAME | DP:SAMPATHASSIGNMENTS.ISASAMPATHANAME |" name="And I see home page of LMS" time="0"/>
  <testcase classname="| DP:SUPER.USERNAME | DP:SUPER.PASSWORD | DP:SAMPATHASSIGNMENTS.SAMPATHSUBJECT | DP:STUDENTS.STUDENT2.FULLNAME | DP:SECTIONS.SECTIONNAME | Y | N | SAM Assignments | Assignments | DP:EXAMASSIGNMENTS.EXAMNAME1 | DP:TRAININGASSIGNMENTS.TRAININGNAME1 | DP:PROJECTASSIGNMENTS.PROJECTASSIGNMENTNAME1 | DP:SAMPATHASSIGNMENTS.SAMPATHNAME | DP:EXAMASSIGNMENTS.ISAEXAMNAME | DP:TRAININGASSIGNMENTS.TRAININGISANAME1 | DP:PROJECTASSIGNMENTS.PROJECTISANAME | DP:SAMPATHASSIGNMENTS.ISASAMPATHANAME |" name="And I click on SAM Assignments tab" time="0"/>
  <testcase classname="| DP:SUPER.USERNAME | DP:SUPER.PASSWORD | DP:SAMPATHASSIGNMENTS.SAMPATHSUBJECT | DP:STUDENTS.STUDENT2.FULLNAME | DP:SECTIONS.SECTIONNAME | Y | N | SAM Assignments | Assignments | DP:EXAMASSIGNMENTS.EXAMNAME1 | DP:TRAININGASSIGNMENTS.TRAININGNAME1 | DP:PROJECTASSIGNMENTS.PROJECTASSIGNMENTNAME1 | DP:SAMPATHASSIGNMENTS.SAMPATHNAME | DP:EXAMASSIGNMENTS.ISAEXAMNAME | DP:TRAININGASSIGNMENTS.TRAININGISANAME1 | DP:PROJECTASSIGNMENTS.PROJECTISANAME | DP:SAMPATHASSIGNMENTS.ISASAMPATHANAME |" name="And I click on Schedule New button" time="0"/>
  <testcase classname="| DP:SUPER.USERNAME | DP:SUPER.PASSWORD | DP:SAMPATHASSIGNMENTS.SAMPATHSUBJECT | DP:STUDENTS.STUDENT2.FULLNAME | DP:SECTIONS.SECTIONNAME | Y | N | SAM Assignments | Assignments | DP:EXAMASSIGNMENTS.EXAMNAME1 | DP:TRAININGASSIGNMENTS.TRAININGNAME1 | DP:PROJECTASSIGNMENTS.PROJECTASSIGNMENTNAME1 | DP:SAMPATHASSIGNMENTS.SAMPATHNAME | DP:EXAMASSIGNMENTS.ISAEXAMNAME | DP:TRAININGASSIGNMENTS.TRAININGISANAME1 | DP:PROJECTASSIGNMENTS.PROJECTISANAME | DP:SAMPATHASSIGNMENTS.ISASAMPATHANAME |" name="And I click on Training button in Select Assignment Type page" time="0"/>
  <testcase classname="| DP:SUPER.USERNAME | DP:SUPER.PASSWORD | DP:SAMPATHASSIGNMENTS.SAMPATHSUBJECT | DP:STUDENTS.STUDENT2.FULLNAME | DP:SECTIONS.SECTIONNAME | Y | N | SAM Assignments | Assignments | DP:EXAMASSIGNMENTS.EXAMNAME1 | DP:TRAININGASSIGNMENTS.TRAININGNAME1 | DP:PROJECTASSIGNMENTS.PROJECTASSIGNMENTNAME1 | DP:SAMPATHASSIGNMENTS.SAMPATHNAME | DP:EXAMASSIGNMENTS.ISAEXAMNAME | DP:TRAININGASSIGNMENTS.TRAININGISANAME1 | DP:PROJECTASSIGNMENTS.PROJECTISANAME | DP:SAMPATHASSIGNMENTS.ISASAMPATHANAME |" name="And I click on Exam button in Select Assignment Type page" time="0"/>
  <testcase classname="| DP:SUPER.USERNAME | DP:SUPER.PASSWORD | DP:SAMPATHASSIGNMENTS.SAMPATHSUBJECT | DP:STUDENTS.STUDENT2.FULLNAME | DP:SECTIONS.SECTIONNAME | Y | N | SAM Assignments | Assignments | DP:EXAMASSIGNMENTS.EXAMNAME1 | DP:TRAININGASSIGNMENTS.TRAININGNAME1 | DP:PROJECTASSIGNMENTS.PROJECTASSIGNMENTNAME1 | DP:SAMPATHASSIGNMENTS.SAMPATHNAME | DP:EXAMASSIGNMENTS.ISAEXAMNAME | DP:TRAININGASSIGNMENTS.TRAININGISANAME1 | DP:PROJECTASSIGNMENTS.PROJECTISANAME | DP:SAMPATHASSIGNMENTS.ISASAMPATHANAME |" name="And I select DP:SAMPATHASSIGNMENTS.SAMPATHSUBJECT in Subject drop down" time="0"/>
  <testcase classname="| DP:SUPER.USERNAME | DP:SUPER.PASSWORD | DP:SAMPATHASSIGNMENTS.SAMPATHSUBJECT | DP:STUDENTS.STUDENT2.FULLNAME | DP:SECTIONS.SECTIONNAME | Y | N | SAM Assignments | Assignments | DP:EXAMASSIGNMENTS.EXAMNAME1 | DP:TRAININGASSIGNMENTS.TRAININGNAME1 | DP:PROJECTASSIGNMENTS.PROJECTASSIGNMENTNAME1 | DP:SAMPATHASSIGNMENTS.SAMPATHNAME | DP:EXAMASSIGNMENTS.ISAEXAMNAME | DP:TRAININGASSIGNMENTS.TRAININGISANAME1 | DP:PROJECTASSIGNMENTS.PROJECTISANAME | DP:SAMPATHASSIGNMENTS.ISASAMPATHANAME |" name="And I select DP:EXAMASSIGNMENTS.EXAMNAME1 Y in Exam Name" time="0"/>
  <testcase classname="| DP:SUPER.USERNAME | DP:SUPER.PASSWORD | DP:SAMPATHASSIGNMENTS.SAMPATHSUBJECT | DP:STUDENTS.STUDENT2.FULLNAME | DP:SECTIONS.SECTIONNAME | Y | N | SAM Assignments | Assignments | DP:EXAMASSIGNMENTS.EXAMNAME1 | DP:TRAININGASSIGNMENTS.TRAININGNAME1 | DP:PROJECTASSIGNMENTS.PROJECTASSIGNMENTNAME1 | DP:SAMPATHASSIGNMENTS.SAMPATHNAME | DP:EXAMASSIGNMENTS.ISAEXAMNAME | DP:TRAININGASSIGNMENTS.TRAININGISANAME1 | DP:PROJECTASSIGNMENTS.PROJECTISANAME | DP:SAMPATHASSIGNMENTS.ISASAMPATHANAME |" name="And I click on Next Step button" time="0"/>
  <testcase classname="| DP:SUPER.USERNAME | DP:SUPER.PASSWORD | DP:SAMPATHASSIGNMENTS.SAMPATHSUBJECT | DP:STUDENTS.STUDENT2.FULLNAME | DP:SECTIONS.SECTIONNAME | Y | N | SAM Assignments | Assignments | DP:EXAMASSIGNMENTS.EXAMNAME1 | DP:TRAININGASSIGNMENTS.TRAININGNAME1 | DP:PROJECTASSIGNMENTS.PROJECTASSIGNMENTNAME1 | DP:SAMPATHASSIGNMENTS.SAMPATHNAME | DP:EXAMASSIGNMENTS.ISAEXAMNAME | DP:TRAININGASSIGNMENTS.TRAININGISANAME1 | DP:PROJECTASSIGNMENTS.PROJECTISANAME | DP:SAMPATHASSIGNMENTS.ISASAMPATHANAME |" name="And I enter DP:EXAMASSIGNMENTS.EXAMNAME1 Y in Assignment Name" time="0"/>
  <testcase classname="| DP:SUPER.USERNAME | DP:SUPER.PASSWORD | DP:SAMPATHASSIGNMENTS.SAMPATHSUBJECT | DP:STUDENTS.STUDENT2.FULLNAME | DP:SECTIONS.SECTIONNAME | Y | N | SAM Assignments | Assignments | DP:EXAMASSIGNMENTS.EXAMNAME1 | DP:TRAININGASSIGNMENTS.TRAININGNAME1 | DP:PROJECTASSIGNMENTS.PROJECTASSIGNMENTNAME1 | DP:SAMPATHASSIGNMENTS.SAMPATHNAME | DP:EXAMASSIGNMENTS.ISAEXAMNAME | DP:TRAININGASSIGNMENTS.TRAININGISANAME1 | DP:PROJECTASSIGNMENTS.PROJECTISANAME | DP:SAMPATHASSIGNMENTS.ISASAMPATHANAME |" name="And I click on section drop down" time="0"/>
  <testcase classname="| DP:SUPER.USERNAME | DP:SUPER.PASSWORD | DP:SAMPATHASSIGNMENTS.SAMPATHSUBJECT | DP:STUDENTS.STUDENT2.FULLNAME | DP:SECTIONS.SECTIONNAME | Y | N | SAM Assignments | Assignments | DP:EXAMASSIGNMENTS.EXAMNAME1 | DP:TRAININGASSIGNMENTS.TRAININGNAME1 | DP:PROJECTASSIGNMENTS.PROJECTASSIGNMENTNAME1 | DP:SAMPATHASSIGNMENTS.SAMPATHNAME | DP:EXAMASSIGNMENTS.ISAEXAMNAME | DP:TRAININGASSIGNMENTS.TRAININGISANAME1 | DP:PROJECTASSIGNMENTS.PROJECTISANAME | DP:SAMPATHASSIGNMENTS.ISASAMPATHANAME |" name="And I check DP:SECTIONS.SECTIONNAME Y in Select section drop down" time="0"/>
  <testcase classname="| DP:SUPER.USERNAME | DP:SUPER.PASSWORD | DP:SAMPATHASSIGNMENTS.SAMPATHSUBJECT | DP:STUDENTS.STUDENT2.FULLNAME | DP:SECTIONS.SECTIONNAME | Y | N | SAM Assignments | Assignments | DP:EXAMASSIGNMENTS.EXAMNAME1 | DP:TRAININGASSIGNMENTS.TRAININGNAME1 | DP:PROJECTASSIGNMENTS.PROJECTASSIGNMENTNAME1 | DP:SAMPATHASSIGNMENTS.SAMPATHNAME | DP:EXAMASSIGNMENTS.ISAEXAMNAME | DP:TRAININGASSIGNMENTS.TRAININGISANAME1 | DP:PROJECTASSIGNMENTS.PROJECTISANAME | DP:SAMPATHASSIGNMENTS.ISASAMPATHANAME |" name="And I click on section drop down" time="0"/>
  <testcase classname="| DP:SUPER.USERNAME | DP:SUPER.PASSWORD | DP:SAMPATHASSIGNMENTS.SAMPATHSUBJECT | DP:STUDENTS.STUDENT2.FULLNAME | DP:SECTIONS.SECTIONNAME | Y | N | SAM Assignments | Assignments | DP:EXAMASSIGNMENTS.EXAMNAME1 | DP:TRAININGASSIGNMENTS.TRAININGNAME1 | DP:PROJECTASSIGNMENTS.PROJECTASSIGNMENTNAME1 | DP:SAMPATHASSIGNMENTS.SAMPATHNAME | DP:EXAMASSIGNMENTS.ISAEXAMNAME | DP:TRAININGASSIGNMENTS.TRAININGISANAME1 | DP:PROJECTASSIGNMENTS.PROJECTISANAME | DP:SAMPATHASSIGNMENTS.ISASAMPATHANAME |" name="And I click on Save button" time="0"/>
  <testcase classname="| DP:SUPER.USERNAME | DP:SUPER.PASSWORD | DP:SAMPATHASSIGNMENTS.SAMPATHSUBJECT | DP:STUDENTS.STUDENT2.FULLNAME | DP:SECTIONS.SECTIONNAME | Y | N | SAM Assignments | Assignments | DP:EXAMASSIGNMENTS.EXAMNAME1 | DP:TRAININGASSIGNMENTS.TRAININGNAME1 | DP:PROJECTASSIGNMENTS.PROJECTASSIGNMENTNAME1 | DP:SAMPATHASSIGNMENTS.SAMPATHNAME | DP:EXAMASSIGNMENTS.ISAEXAMNAME | DP:TRAININGASSIGNMENTS.TRAININGISANAME1 | DP:PROJECTASSIGNMENTS.PROJECTISANAME | DP:SAMPATHASSIGNMENTS.ISASAMPATHANAME |" name="And I see the DP:EXAMASSIGNMENTS.EXAMNAME1 Y duplicate assignment warning message Popup in Assignment Creation" time="0"/>
  <testcase classname="| DP:SUPER.USERNAME | DP:SUPER.PASSWORD | DP:SAMPATHASSIGNMENTS.SAMPATHSUBJECT | DP:STUDENTS.STUDENT2.FULLNAME | DP:SECTIONS.SECTIONNAME | Y | N | SAM Assignments | Assignments | DP:EXAMASSIGNMENTS.EXAMNAME1 | DP:TRAININGASSIGNMENTS.TRAININGNAME1 | DP:PROJECTASSIGNMENTS.PROJECTASSIGNMENTNAME1 | DP:SAMPATHASSIGNMENTS.SAMPATHNAME | DP:EXAMASSIGNMENTS.ISAEXAMNAME | DP:TRAININGASSIGNMENTS.TRAININGISANAME1 | DP:PROJECTASSIGNMENTS.PROJECTISANAME | DP:SAMPATHASSIGNMENTS.ISASAMPATHANAME |" name="And I click on X icon" time="0"/>
  <testcase classname="| DP:SUPER.USERNAME | DP:SUPER.PASSWORD | DP:SAMPATHASSIGNMENTS.SAMPATHSUBJECT | DP:STUDENTS.STUDENT2.FULLNAME | DP:SECTIONS.SECTIONNAME | Y | N | SAM Assignments | Assignments | DP:EXAMASSIGNMENTS.EXAMNAME1 | DP:TRAININGASSIGNMENTS.TRAININGNAME1 | DP:PROJECTASSIGNMENTS.PROJECTASSIGNMENTNAME1 | DP:SAMPATHASSIGNMENTS.SAMPATHNAME | DP:EXAMASSIGNMENTS.ISAEXAMNAME | DP:TRAININGASSIGNMENTS.TRAININGISANAME1 | DP:PROJECTASSIGNMENTS.PROJECTISANAME | DP:SAMPATHASSIGNMENTS.ISASAMPATHANAME |" name="And I enter DP:TRAININGASSIGNMENTS.TRAININGNAME1 Y in Assignment Name" time="0"/>
  <testcase classname="| DP:SUPER.USERNAME | DP:SUPER.PASSWORD | DP:SAMPATHASSIGNMENTS.SAMPATHSUBJECT | DP:STUDENTS.STUDENT2.FULLNAME | DP:SECTIONS.SECTIONNAME | Y | N | SAM Assignments | Assignments | DP:EXAMASSIGNMENTS.EXAMNAME1 | DP:TRAININGASSIGNMENTS.TRAININGNAME1 | DP:PROJECTASSIGNMENTS.PROJECTASSIGNMENTNAME1 | DP:SAMPATHASSIGNMENTS.SAMPATHNAME | DP:EXAMASSIGNMENTS.ISAEXAMNAME | DP:TRAININGASSIGNMENTS.TRAININGISANAME1 | DP:PROJECTASSIGNMENTS.PROJECTISANAME | DP:SAMPATHASSIGNMENTS.ISASAMPATHANAME |" name="And I click on Save button" time="0"/>
  <testcase classname="| DP:SUPER.USERNAME | DP:SUPER.PASSWORD | DP:SAMPATHASSIGNMENTS.SAMPATHSUBJECT | DP:STUDENTS.STUDENT2.FULLNAME | DP:SECTIONS.SECTIONNAME | Y | N | SAM Assignments | Assignments | DP:EXAMASSIGNMENTS.EXAMNAME1 | DP:TRAININGASSIGNMENTS.TRAININGNAME1 | DP:PROJECTASSIGNMENTS.PROJECTASSIGNMENTNAME1 | DP:SAMPATHASSIGNMENTS.SAMPATHNAME | DP:EXAMASSIGNMENTS.ISAEXAMNAME | DP:TRAININGASSIGNMENTS.TRAININGISANAME1 | DP:PROJECTASSIGNMENTS.PROJECTISANAME | DP:SAMPATHASSIGNMENTS.ISASAMPATHANAME |" name="And I see the DP:TRAININGASSIGNMENTS.TRAININGNAME1 Y duplicate assignment warning message Popup in Assignment Creation" time="0"/>
  <testcase classname="| DP:SUPER.USERNAME | DP:SUPER.PASSWORD | DP:SAMPATHASSIGNMENTS.SAMPATHSUBJECT | DP:STUDENTS.STUDENT2.FULLNAME | DP:SECTIONS.SECTIONNAME | Y | N | SAM Assignments | Assignments | DP:EXAMASSIGNMENTS.EXAMNAME1 | DP:TRAININGASSIGNMENTS.TRAININGNAME1 | DP:PROJECTASSIGNMENTS.PROJECTASSIGNMENTNAME1 | DP:SAMPATHASSIGNMENTS.SAMPATHNAME | DP:EXAMASSIGNMENTS.ISAEXAMNAME | DP:TRAININGASSIGNMENTS.TRAININGISANAME1 | DP:PROJECTASSIGNMENTS.PROJECTISANAME | DP:SAMPATHASSIGNMENTS.ISASAMPATHANAME |" name="And I click on X icon" time="0"/>
  <testcase classname="| DP:SUPER.USERNAME | DP:SUPER.PASSWORD | DP:SAMPATHASSIGNMENTS.SAMPATHSUBJECT | DP:STUDENTS.STUDENT2.FULLNAME | DP:SECTIONS.SECTIONNAME | Y | N | SAM Assignments | Assignments | DP:EXAMASSIGNMENTS.EXAMNAME1 | DP:TRAININGASSIGNMENTS.TRAININGNAME1 | DP:PROJECTASSIGNMENTS.PROJECTASSIGNMENTNAME1 | DP:SAMPATHASSIGNMENTS.SAMPATHNAME | DP:EXAMASSIGNMENTS.ISAEXAMNAME | DP:TRAININGASSIGNMENTS.TRAININGISANAME1 | DP:PROJECTASSIGNMENTS.PROJECTISANAME | DP:SAMPATHASSIGNMENTS.ISASAMPATHANAME |" name="And I enter DP:PROJECTASSIGNMENTS.PROJECTASSIGNMENTNAME1 Y in Assignment Name" time="0"/>
  <testcase classname="| DP:SUPER.USERNAME | DP:SUPER.PASSWORD | DP:SAMPATHASSIGNMENTS.SAMPATHSUBJECT | DP:STUDENTS.STUDENT2.FULLNAME | DP:SECTIONS.SECTIONNAME | Y | N | SAM Assignments | Assignments | DP:EXAMASSIGNMENTS.EXAMNAME1 | DP:TRAININGASSIGNMENTS.TRAININGNAME1 | DP:PROJECTASSIGNMENTS.PROJECTASSIGNMENTNAME1 | DP:SAMPATHASSIGNMENTS.SAMPATHNAME | DP:EXAMASSIGNMENTS.ISAEXAMNAME | DP:TRAININGASSIGNMENTS.TRAININGISANAME1 | DP:PROJECTASSIGNMENTS.PROJECTISANAME | DP:SAMPATHASSIGNMENTS.ISASAMPATHANAME |" name="And I click on Save button" time="0"/>
  <testcase classname="| DP:SUPER.USERNAME | DP:SUPER.PASSWORD | DP:SAMPATHASSIGNMENTS.SAMPATHSUBJECT | DP:STUDENTS.STUDENT2.FULLNAME | DP:SECTIONS.SECTIONNAME | Y | N | SAM Assignments | Assignments | DP:EXAMASSIGNMENTS.EXAMNAME1 | DP:TRAININGASSIGNMENTS.TRAININGNAME1 | DP:PROJECTASSIGNMENTS.PROJECTASSIGNMENTNAME1 | DP:SAMPATHASSIGNMENTS.SAMPATHNAME | DP:EXAMASSIGNMENTS.ISAEXAMNAME | DP:TRAININGASSIGNMENTS.TRAININGISANAME1 | DP:PROJECTASSIGNMENTS.PROJECTISANAME | DP:SAMPATHASSIGNMENTS.ISASAMPATHANAME |" name="And I see the DP:PROJECTASSIGNMENTS.PROJECTASSIGNMENTNAME1 Y duplicate assignment warning message Popup in Assignment Creation" time="0"/>
  <testcase classname="| DP:SUPER.USERNAME | DP:SUPER.PASSWORD | DP:SAMPATHASSIGNMENTS.SAMPATHSUBJECT | DP:STUDENTS.STUDENT2.FULLNAME | DP:SECTIONS.SECTIONNAME | Y | N | SAM Assignments | Assignments | DP:EXAMASSIGNMENTS.EXAMNAME1 | DP:TRAININGASSIGNMENTS.TRAININGNAME1 | DP:PROJECTASSIGNMENTS.PROJECTASSIGNMENTNAME1 | DP:SAMPATHASSIGNMENTS.SAMPATHNAME | DP:EXAMASSIGNMENTS.ISAEXAMNAME | DP:TRAININGASSIGNMENTS.TRAININGISANAME1 | DP:PROJECTASSIGNMENTS.PROJECTISANAME | DP:SAMPATHASSIGNMENTS.ISASAMPATHANAME |" name="And I click on X icon" time="0"/>
  <testcase classname="| DP:SUPER.USERNAME | DP:SUPER.PASSWORD | DP:SAMPATHASSIGNMENTS.SAMPATHSUBJECT | DP:STUDENTS.STUDENT2.FULLNAME | DP:SECTIONS.SECTIONNAME | Y | N | SAM Assignments | Assignments | DP:EXAMASSIGNMENTS.EXAMNAME1 | DP:TRAININGASSIGNMENTS.TRAININGNAME1 | DP:PROJECTASSIGNMENTS.PROJECTASSIGNMENTNAME1 | DP:SAMPATHASSIGNMENTS.SAMPATHNAME | DP:EXAMASSIGNMENTS.ISAEXAMNAME | DP:TRAININGASSIGNMENTS.TRAININGISANAME1 | DP:PROJECTASSIGNMENTS.PROJECTISANAME | DP:SAMPATHASSIGNMENTS.ISASAMPATHANAME |" name="And I enter DP:SAMPATHASSIGNMENTS.SAMPATHNAME Y in Assignment Name" time="0"/>
  <testcase classname="| DP:SUPER.USERNAME | DP:SUPER.PASSWORD | DP:SAMPATHASSIGNMENTS.SAMPATHSUBJECT | DP:STUDENTS.STUDENT2.FULLNAME | DP:SECTIONS.SECTIONNAME | Y | N | SAM Assignments | Assignments | DP:EXAMASSIGNMENTS.EXAMNAME1 | DP:TRAININGASSIGNMENTS.TRAININGNAME1 | DP:PROJECTASSIGNMENTS.PROJECTASSIGNMENTNAME1 | DP:SAMPATHASSIGNMENTS.SAMPATHNAME | DP:EXAMASSIGNMENTS.ISAEXAMNAME | DP:TRAININGASSIGNMENTS.TRAININGISANAME1 | DP:PROJECTASSIGNMENTS.PROJECTISANAME | DP:SAMPATHASSIGNMENTS.ISASAMPATHANAME |" name="And I click on Save button" time="0"/>
  <testcase classname="| DP:SUPER.USERNAME | DP:SUPER.PASSWORD | DP:SAMPATHASSIGNMENTS.SAMPATHSUBJECT | DP:STUDENTS.STUDENT2.FULLNAME | DP:SECTIONS.SECTIONNAME | Y | N | SAM Assignments | Assignments | DP:EXAMASSIGNMENTS.EXAMNAME1 | DP:TRAININGASSIGNMENTS.TRAININGNAME1 | DP:PROJECTASSIGNMENTS.PROJECTASSIGNMENTNAME1 | DP:SAMPATHASSIGNMENTS.SAMPATHNAME | DP:EXAMASSIGNMENTS.ISAEXAMNAME | DP:TRAININGASSIGNMENTS.TRAININGISANAME1 | DP:PROJECTASSIGNMENTS.PROJECTISANAME | DP:SAMPATHASSIGNMENTS.ISASAMPATHANAME |" name="And I see the DP:SAMPATHASSIGNMENTS.SAMPATHNAME Y duplicate assignment warning message Popup in Assignment Creation" time="0"/>
  <testcase classname="| DP:SUPER.USERNAME | DP:SUPER.PASSWORD | DP:SAMPATHASSIGNMENTS.SAMPATHSUBJECT | DP:STUDENTS.STUDENT2.FULLNAME | DP:SECTIONS.SECTIONNAME | Y | N | SAM Assignments | Assignments | DP:EXAMASSIGNMENTS.EXAMNAME1 | DP:TRAININGASSIGNMENTS.TRAININGNAME1 | DP:PROJECTASSIGNMENTS.PROJECTASSIGNMENTNAME1 | DP:SAMPATHASSIGNMENTS.SAMPATHNAME | DP:EXAMASSIGNMENTS.ISAEXAMNAME | DP:TRAININGASSIGNMENTS.TRAININGISANAME1 | DP:PROJECTASSIGNMENTS.PROJECTISANAME | DP:SAMPATHASSIGNMENTS.ISASAMPATHANAME |" name="And I click on X icon" time="0"/>
  <testcase classname="| DP:SUPER.USERNAME | DP:SUPER.PASSWORD | DP:SAMPATHASSIGNMENTS.SAMPATHSUBJECT | DP:STUDENTS.STUDENT2.FULLNAME | DP:SECTIONS.SECTIONNAME | Y | N | SAM Assignments | Assignments | DP:EXAMASSIGNMENTS.EXAMNAME1 | DP:TRAININGASSIGNMENTS.TRAININGNAME1 | DP:PROJECTASSIGNMENTS.PROJECTASSIGNMENTNAME1 | DP:SAMPATHASSIGNMENTS.SAMPATHNAME | DP:EXAMASSIGNMENTS.ISAEXAMNAME | DP:TRAININGASSIGNMENTS.TRAININGISANAME1 | DP:PROJECTASSIGNMENTS.PROJECTISANAME | DP:SAMPATHASSIGNMENTS.ISASAMPATHANAME |" name="And I enter DP:EXAMASSIGNMENTS.ISAEXAMNAME Y in Assignment Name" time="0"/>
  <testcase classname="| DP:SUPER.USERNAME | DP:SUPER.PASSWORD | DP:SAMPATHASSIGNMENTS.SAMPATHSUBJECT | DP:STUDENTS.STUDENT2.FULLNAME | DP:SECTIONS.SECTIONNAME | Y | N | SAM Assignments | Assignments | DP:EXAMASSIGNMENTS.EXAMNAME1 | DP:TRAININGASSIGNMENTS.TRAININGNAME1 | DP:PROJECTASSIGNMENTS.PROJECTASSIGNMENTNAME1 | DP:SAMPATHASSIGNMENTS.SAMPATHNAME | DP:EXAMASSIGNMENTS.ISAEXAMNAME | DP:TRAININGASSIGNMENTS.TRAININGISANAME1 | DP:PROJECTASSIGNMENTS.PROJECTISANAME | DP:SAMPATHASSIGNMENTS.ISASAMPATHANAME |" name="And I click on Save button" time="0"/>
  <testcase classname="| DP:SUPER.USERNAME | DP:SUPER.PASSWORD | DP:SAMPATHASSIGNMENTS.SAMPATHSUBJECT | DP:STUDENTS.STUDENT2.FULLNAME | DP:SECTIONS.SECTIONNAME | Y | N | SAM Assignments | Assignments | DP:EXAMASSIGNMENTS.EXAMNAME1 | DP:TRAININGASSIGNMENTS.TRAININGNAME1 | DP:PROJECTASSIGNMENTS.PROJECTASSIGNMENTNAME1 | DP:SAMPATHASSIGNMENTS.SAMPATHNAME | DP:EXAMASSIGNMENTS.ISAEXAMNAME | DP:TRAININGASSIGNMENTS.TRAININGISANAME1 | DP:PROJECTASSIGNMENTS.PROJECTISANAME | DP:SAMPATHASSIGNMENTS.ISASAMPATHANAME |" name="And I see the DP:EXAMASSIGNMENTS.ISAEXAMNAME Y duplicate assignment warning message Popup in Assignment Creation" time="0">
    <failure type="java.lang.AssertionError">java.lang.AssertionError
	at org.junit.Assert.fail(Assert.java:86)
	at org.junit.Assert.assertTrue(Assert.java:41)
	at org.junit.Assert.assertTrue(Assert.java:52)
	at cengage.samlms.stepdefinition.SAMAssignmentsSteps.I_see_the_duplicate_assignment_warning_message_Popup_in_Assignment_Creation(SAMAssignmentsSteps.java:738)
	at ✽.And I see the DP:EXAMASSIGNMENTS.ISAEXAMNAME Y duplicate assignment warning message Popup in Assignment Creation(test/resources/cengage/samlms/lms_stories/Assignment_Name_Validation.feature:444)
</failure>
    <system-out>23:50:10.387 [main] ERROR cengage.common.toolbox.Sync - org.openqa.selenium.TimeoutException: Timed out after 150 seconds waiting for cengage.common.toolbox.Sync$1@27960b1e
Build info: version: &apos;2.53.0&apos;, revision: &apos;35ae25b1534ae328c771e0856c93e187490ca824&apos;, time: &apos;2016-03-15 10:43:46&apos;
System info: host: &apos;CODOID&apos;, ip: &apos;10.161.243.104&apos;, os.name: &apos;Windows 8.1&apos;, os.arch: &apos;amd64&apos;, os.version: &apos;6.3&apos;, java.version: &apos;1.8.0_91&apos;
Driver info: driver.version: unknown
23:50:10.387 [main] ERROR cengage.common.toolbox.Element - java.lang.NullPointerException
</system-out>
  </testcase>
  <testcase classname="| DP:SUPER.USERNAME | DP:SUPER.PASSWORD | DP:SAMPATHASSIGNMENTS.SAMPATHSUBJECT | DP:STUDENTS.STUDENT2.FULLNAME | DP:SECTIONS.SECTIONNAME | Y | N | SAM Assignments | Assignments | DP:EXAMASSIGNMENTS.EXAMNAME1 | DP:TRAININGASSIGNMENTS.TRAININGNAME1 | DP:PROJECTASSIGNMENTS.PROJECTASSIGNMENTNAME1 | DP:SAMPATHASSIGNMENTS.SAMPATHNAME | DP:EXAMASSIGNMENTS.ISAEXAMNAME | DP:TRAININGASSIGNMENTS.TRAININGISANAME1 | DP:PROJECTASSIGNMENTS.PROJECTISANAME | DP:SAMPATHASSIGNMENTS.ISASAMPATHANAME |" name="| DP:SUPER.USERNAME | DP:SUPER.PASSWORD | DP:SAMPATHASSIGNMENTS.SAMPATHSUBJECT | DP:STUDENTS.STUDENT2.FULLNAME | DP:SECTIONS.SECTIONNAME | Y | N | SAM Assignments | Assignments | DP:EXAMASSIGNMENTS.EXAMNAME1 | DP:TRAININGASSIGNMENTS.TRAININGNAME1 | DP:PROJECTASSIGNMENTS.PROJECTASSIGNMENTNAME1 | DP:SAMPATHASSIGNMENTS.SAMPATHNAME | DP:EXAMASSIGNMENTS.ISAEXAMNAME | DP:TRAININGASSIGNMENTS.TRAININGISANAME1 | DP:PROJECTASSIGNMENTS.PROJECTISANAME | DP:SAMPATHASSIGNMENTS.ISASAMPATHANAME |" time="0">
    <failure type="java.lang.AssertionError">java.lang.AssertionError
	at org.junit.Assert.fail(Assert.java:86)
	at org.junit.Assert.assertTrue(Assert.java:41)
	at org.junit.Assert.assertTrue(Assert.java:52)
	at cengage.samlms.stepdefinition.SAMAssignmentsSteps.I_see_the_duplicate_assignment_warning_message_Popup_in_Assignment_Creation(SAMAssignmentsSteps.java:738)
	at ✽.And I see the DP:EXAMASSIGNMENTS.ISAEXAMNAME Y duplicate assignment warning message Popup in Assignment Creation(test/resources/cengage/samlms/lms_stories/Assignment_Name_Validation.feature:444)
</failure>
  </testcase>
  <testcase classname="| DP:SUPER.USERNAME | DP:SUPER.PASSWORD | DP:SAMPATHASSIGNMENTS.SAMPATHSUBJECT | DP:STUDENTS.STUDENT2.FULLNAME | DP:SECTIONS.SECTIONNAME | Y | N | SAM Assignments | Assignments | DP:EXAMASSIGNMENTS.EXAMNAME1 | DP:TRAININGASSIGNMENTS.TRAININGNAME1 | DP:PROJECTASSIGNMENTS.PROJECTASSIGNMENTNAME1 | DP:SAMPATHASSIGNMENTS.SAMPATHNAME | DP:EXAMASSIGNMENTS.ISAEXAMNAME | DP:TRAININGASSIGNMENTS.TRAININGISANAME1 | DP:PROJECTASSIGNMENTS.PROJECTISANAME | DP:SAMPATHASSIGNMENTS.ISASAMPATHANAME |" name="And I click on X icon" time="0">
    <skipped/>
  </testcase>
  <testcase classname="| DP:SUPER.USERNAME | DP:SUPER.PASSWORD | DP:SAMPATHASSIGNMENTS.SAMPATHSUBJECT | DP:STUDENTS.STUDENT2.FULLNAME | DP:SECTIONS.SECTIONNAME | Y | N | SAM Assignments | Assignments | DP:EXAMASSIGNMENTS.EXAMNAME1 | DP:TRAININGASSIGNMENTS.TRAININGNAME1 | DP:PROJECTASSIGNMENTS.PROJECTASSIGNMENTNAME1 | DP:SAMPATHASSIGNMENTS.SAMPATHNAME | DP:EXAMASSIGNMENTS.ISAEXAMNAME | DP:TRAININGASSIGNMENTS.TRAININGISANAME1 | DP:PROJECTASSIGNMENTS.PROJECTISANAME | DP:SAMPATHASSIGNMENTS.ISASAMPATHANAME |" name="And I enter DP:TRAININGASSIGNMENTS.TRAININGISANAME1 Y in Assignment Name" time="0.016">
    <skipped/>
  </testcase>
  <testcase classname="| DP:SUPER.USERNAME | DP:SUPER.PASSWORD | DP:SAMPATHASSIGNMENTS.SAMPATHSUBJECT | DP:STUDENTS.STUDENT2.FULLNAME | DP:SECTIONS.SECTIONNAME | Y | N | SAM Assignments | Assignments | DP:EXAMASSIGNMENTS.EXAMNAME1 | DP:TRAININGASSIGNMENTS.TRAININGNAME1 | DP:PROJECTASSIGNMENTS.PROJECTASSIGNMENTNAME1 | DP:SAMPATHASSIGNMENTS.SAMPATHNAME | DP:EXAMASSIGNMENTS.ISAEXAMNAME | DP:TRAININGASSIGNMENTS.TRAININGISANAME1 | DP:PROJECTASSIGNMENTS.PROJECTISANAME | DP:SAMPATHASSIGNMENTS.ISASAMPATHANAME |" name="And I click on Save button" time="0.016">
    <skipped/>
  </testcase>
  <testcase classname="| DP:SUPER.USERNAME | DP:SUPER.PASSWORD | DP:SAMPATHASSIGNMENTS.SAMPATHSUBJECT | DP:STUDENTS.STUDENT2.FULLNAME | DP:SECTIONS.SECTIONNAME | Y | N | SAM Assignments | Assignments | DP:EXAMASSIGNMENTS.EXAMNAME1 | DP:TRAININGASSIGNMENTS.TRAININGNAME1 | DP:PROJECTASSIGNMENTS.PROJECTASSIGNMENTNAME1 | DP:SAMPATHASSIGNMENTS.SAMPATHNAME | DP:EXAMASSIGNMENTS.ISAEXAMNAME | DP:TRAININGASSIGNMENTS.TRAININGISANAME1 | DP:PROJECTASSIGNMENTS.PROJECTISANAME | DP:SAMPATHASSIGNMENTS.ISASAMPATHANAME |" name="And I see the DP:TRAININGASSIGNMENTS.TRAININGISANAME1 Y duplicate assignment warning message Popup in Assignment Creation" time="0.031">
    <skipped/>
  </testcase>
  <testcase classname="| DP:SUPER.USERNAME | DP:SUPER.PASSWORD | DP:SAMPATHASSIGNMENTS.SAMPATHSUBJECT | DP:STUDENTS.STUDENT2.FULLNAME | DP:SECTIONS.SECTIONNAME | Y | N | SAM Assignments | Assignments | DP:EXAMASSIGNMENTS.EXAMNAME1 | DP:TRAININGASSIGNMENTS.TRAININGNAME1 | DP:PROJECTASSIGNMENTS.PROJECTASSIGNMENTNAME1 | DP:SAMPATHASSIGNMENTS.SAMPATHNAME | DP:EXAMASSIGNMENTS.ISAEXAMNAME | DP:TRAININGASSIGNMENTS.TRAININGISANAME1 | DP:PROJECTASSIGNMENTS.PROJECTISANAME | DP:SAMPATHASSIGNMENTS.ISASAMPATHANAME |" name="And I click on X icon" time="0.031">
    <skipped/>
  </testcase>
  <testcase classname="| DP:SUPER.USERNAME | DP:SUPER.PASSWORD | DP:SAMPATHASSIGNMENTS.SAMPATHSUBJECT | DP:STUDENTS.STUDENT2.FULLNAME | DP:SECTIONS.SECTIONNAME | Y | N | SAM Assignments | Assignments | DP:EXAMASSIGNMENTS.EXAMNAME1 | DP:TRAININGASSIGNMENTS.TRAININGNAME1 | DP:PROJECTASSIGNMENTS.PROJECTASSIGNMENTNAME1 | DP:SAMPATHASSIGNMENTS.SAMPATHNAME | DP:EXAMASSIGNMENTS.ISAEXAMNAME | DP:TRAININGASSIGNMENTS.TRAININGISANAME1 | DP:PROJECTASSIGNMENTS.PROJECTISANAME | DP:SAMPATHASSIGNMENTS.ISASAMPATHANAME |" name="And I enter DP:PROJECTASSIGNMENTS.PROJECTISANAME Y in Assignment Name" time="0.031">
    <skipped/>
  </testcase>
  <testcase classname="| DP:SUPER.USERNAME | DP:SUPER.PASSWORD | DP:SAMPATHASSIGNMENTS.SAMPATHSUBJECT | DP:STUDENTS.STUDENT2.FULLNAME | DP:SECTIONS.SECTIONNAME | Y | N | SAM Assignments | Assignments | DP:EXAMASSIGNMENTS.EXAMNAME1 | DP:TRAININGASSIGNMENTS.TRAININGNAME1 | DP:PROJECTASSIGNMENTS.PROJECTASSIGNMENTNAME1 | DP:SAMPATHASSIGNMENTS.SAMPATHNAME | DP:EXAMASSIGNMENTS.ISAEXAMNAME | DP:TRAININGASSIGNMENTS.TRAININGISANAME1 | DP:PROJECTASSIGNMENTS.PROJECTISANAME | DP:SAMPATHASSIGNMENTS.ISASAMPATHANAME |" name="And I click on Save button" time="0.031">
    <skipped/>
  </testcase>
  <testcase classname="| DP:SUPER.USERNAME | DP:SUPER.PASSWORD | DP:SAMPATHASSIGNMENTS.SAMPATHSUBJECT | DP:STUDENTS.STUDENT2.FULLNAME | DP:SECTIONS.SECTIONNAME | Y | N | SAM Assignments | Assignments | DP:EXAMASSIGNMENTS.EXAMNAME1 | DP:TRAININGASSIGNMENTS.TRAININGNAME1 | DP:PROJECTASSIGNMENTS.PROJECTASSIGNMENTNAME1 | DP:SAMPATHASSIGNMENTS.SAMPATHNAME | DP:EXAMASSIGNMENTS.ISAEXAMNAME | DP:TRAININGASSIGNMENTS.TRAININGISANAME1 | DP:PROJECTASSIGNMENTS.PROJECTISANAME | DP:SAMPATHASSIGNMENTS.ISASAMPATHANAME |" name="And I see the DP:PROJECTASSIGNMENTS.PROJECTISANAME Y duplicate assignment warning message Popup in Assignment Creation" time="0.047">
    <skipped/>
  </testcase>
  <testcase classname="| DP:SUPER.USERNAME | DP:SUPER.PASSWORD | DP:SAMPATHASSIGNMENTS.SAMPATHSUBJECT | DP:STUDENTS.STUDENT2.FULLNAME | DP:SECTIONS.SECTIONNAME | Y | N | SAM Assignments | Assignments | DP:EXAMASSIGNMENTS.EXAMNAME1 | DP:TRAININGASSIGNMENTS.TRAININGNAME1 | DP:PROJECTASSIGNMENTS.PROJECTASSIGNMENTNAME1 | DP:SAMPATHASSIGNMENTS.SAMPATHNAME | DP:EXAMASSIGNMENTS.ISAEXAMNAME | DP:TRAININGASSIGNMENTS.TRAININGISANAME1 | DP:PROJECTASSIGNMENTS.PROJECTISANAME | DP:SAMPATHASSIGNMENTS.ISASAMPATHANAME |" name="And I click on X icon" time="0.047">
    <skipped/>
  </testcase>
  <testcase classname="| DP:SUPER.USERNAME | DP:SUPER.PASSWORD | DP:SAMPATHASSIGNMENTS.SAMPATHSUBJECT | DP:STUDENTS.STUDENT2.FULLNAME | DP:SECTIONS.SECTIONNAME | Y | N | SAM Assignments | Assignments | DP:EXAMASSIGNMENTS.EXAMNAME1 | DP:TRAININGASSIGNMENTS.TRAININGNAME1 | DP:PROJECTASSIGNMENTS.PROJECTASSIGNMENTNAME1 | DP:SAMPATHASSIGNMENTS.SAMPATHNAME | DP:EXAMASSIGNMENTS.ISAEXAMNAME | DP:TRAININGASSIGNMENTS.TRAININGISANAME1 | DP:PROJECTASSIGNMENTS.PROJECTISANAME | DP:SAMPATHASSIGNMENTS.ISASAMPATHANAME |" name="And I enter DP:SAMPATHASSIGNMENTS.ISASAMPATHANAME Y in Assignment Name" time="0.047">
    <skipped/>
  </testcase>
  <testcase classname="| DP:SUPER.USERNAME | DP:SUPER.PASSWORD | DP:SAMPATHASSIGNMENTS.SAMPATHSUBJECT | DP:STUDENTS.STUDENT2.FULLNAME | DP:SECTIONS.SECTIONNAME | Y | N | SAM Assignments | Assignments | DP:EXAMASSIGNMENTS.EXAMNAME1 | DP:TRAININGASSIGNMENTS.TRAININGNAME1 | DP:PROJECTASSIGNMENTS.PROJECTASSIGNMENTNAME1 | DP:SAMPATHASSIGNMENTS.SAMPATHNAME | DP:EXAMASSIGNMENTS.ISAEXAMNAME | DP:TRAININGASSIGNMENTS.TRAININGISANAME1 | DP:PROJECTASSIGNMENTS.PROJECTISANAME | DP:SAMPATHASSIGNMENTS.ISASAMPATHANAME |" name="And I click on Save button" time="0.047">
    <skipped/>
  </testcase>
  <testcase classname="| DP:SUPER.USERNAME | DP:SUPER.PASSWORD | DP:SAMPATHASSIGNMENTS.SAMPATHSUBJECT | DP:STUDENTS.STUDENT2.FULLNAME | DP:SECTIONS.SECTIONNAME | Y | N | SAM Assignments | Assignments | DP:EXAMASSIGNMENTS.EXAMNAME1 | DP:TRAININGASSIGNMENTS.TRAININGNAME1 | DP:PROJECTASSIGNMENTS.PROJECTASSIGNMENTNAME1 | DP:SAMPATHASSIGNMENTS.SAMPATHNAME | DP:EXAMASSIGNMENTS.ISAEXAMNAME | DP:TRAININGASSIGNMENTS.TRAININGISANAME1 | DP:PROJECTASSIGNMENTS.PROJECTISANAME | DP:SAMPATHASSIGNMENTS.ISASAMPATHANAME |" name="And I see the DP:SAMPATHASSIGNMENTS.ISASAMPATHANAME Y duplicate assignment warning message Popup in Assignment Creation" time="0.047">
    <skipped/>
  </testcase>
  <testcase classname="| DP:SUPER.USERNAME | DP:SUPER.PASSWORD | DP:SAMPATHASSIGNMENTS.SAMPATHSUBJECT | DP:STUDENTS.STUDENT2.FULLNAME | DP:SECTIONS.SECTIONNAME | Y | N | SAM Assignments | Assignments | DP:EXAMASSIGNMENTS.EXAMNAME1 | DP:TRAININGASSIGNMENTS.TRAININGNAME1 | DP:PROJECTASSIGNMENTS.PROJECTASSIGNMENTNAME1 | DP:SAMPATHASSIGNMENTS.SAMPATHNAME | DP:EXAMASSIGNMENTS.ISAEXAMNAME | DP:TRAININGASSIGNMENTS.TRAININGISANAME1 | DP:PROJECTASSIGNMENTS.PROJECTISANAME | DP:SAMPATHASSIGNMENTS.ISASAMPATHANAME |" name="And I click on X icon" time="0.047">
    <skipped/>
  </testcase>
  <testcase classname="| DP:SUPER.USERNAME | DP:SUPER.PASSWORD | DP:SAMPATHASSIGNMENTS.SAMPATHSUBJECT | DP:STUDENTS.STUDENT2.FULLNAME | DP:SECTIONS.SECTIONNAME | Y | N | SAM Assignments | Assignments | DP:EXAMASSIGNMENTS.EXAMNAME1 | DP:TRAININGASSIGNMENTS.TRAININGNAME1 | DP:PROJECTASSIGNMENTS.PROJECTASSIGNMENTNAME1 | DP:SAMPATHASSIGNMENTS.SAMPATHNAME | DP:EXAMASSIGNMENTS.ISAEXAMNAME | DP:TRAININGASSIGNMENTS.TRAININGISANAME1 | DP:PROJECTASSIGNMENTS.PROJECTISANAME | DP:SAMPATHASSIGNMENTS.ISASAMPATHANAME |" name="And I click on SAM Assignments tab" time="0.047">
    <skipped/>
  </testcase>
  <testcase classname="| DP:SUPER.USERNAME | DP:SUPER.PASSWORD | DP:SAMPATHASSIGNMENTS.SAMPATHSUBJECT | DP:STUDENTS.STUDENT2.FULLNAME | DP:SECTIONS.SECTIONNAME | Y | N | SAM Assignments | Assignments | DP:EXAMASSIGNMENTS.EXAMNAME1 | DP:TRAININGASSIGNMENTS.TRAININGNAME1 | DP:PROJECTASSIGNMENTS.PROJECTASSIGNMENTNAME1 | DP:SAMPATHASSIGNMENTS.SAMPATHNAME | DP:EXAMASSIGNMENTS.ISAEXAMNAME | DP:TRAININGASSIGNMENTS.TRAININGISANAME1 | DP:PROJECTASSIGNMENTS.PROJECTISANAME | DP:SAMPATHASSIGNMENTS.ISASAMPATHANAME |" name="And I click on Assignments tab" time="0.047">
    <skipped/>
  </testcase>
  <testcase classname="| DP:SUPER.USERNAME | DP:SUPER.PASSWORD | DP:SAMPATHASSIGNMENTS.SAMPATHSUBJECT | DP:STUDENTS.STUDENT2.FULLNAME | DP:SECTIONS.SECTIONNAME | Y | N | SAM Assignments | Assignments | DP:EXAMASSIGNMENTS.EXAMNAME1 | DP:TRAININGASSIGNMENTS.TRAININGNAME1 | DP:PROJECTASSIGNMENTS.PROJECTASSIGNMENTNAME1 | DP:SAMPATHASSIGNMENTS.SAMPATHNAME | DP:EXAMASSIGNMENTS.ISAEXAMNAME | DP:TRAININGASSIGNMENTS.TRAININGISANAME1 | DP:PROJECTASSIGNMENTS.PROJECTISANAME | DP:SAMPATHASSIGNMENTS.ISASAMPATHANAME |" name="And I see DP:EXAMASSIGNMENTS.EXAMNAME1 Y in Assignment tab" time="0.063">
    <skipped/>
  </testcase>
  <testcase classname="| DP:SUPER.USERNAME | DP:SUPER.PASSWORD | DP:SAMPATHASSIGNMENTS.SAMPATHSUBJECT | DP:STUDENTS.STUDENT2.FULLNAME | DP:SECTIONS.SECTIONNAME | Y | N | SAM Assignments | Assignments | DP:EXAMASSIGNMENTS.EXAMNAME1 | DP:TRAININGASSIGNMENTS.TRAININGNAME1 | DP:PROJECTASSIGNMENTS.PROJECTASSIGNMENTNAME1 | DP:SAMPATHASSIGNMENTS.SAMPATHNAME | DP:EXAMASSIGNMENTS.ISAEXAMNAME | DP:TRAININGASSIGNMENTS.TRAININGISANAME1 | DP:PROJECTASSIGNMENTS.PROJECTISANAME | DP:SAMPATHASSIGNMENTS.ISASAMPATHANAME |" name="And I click on Schedule Individual Student Assignment icon" time="0.063">
    <skipped/>
  </testcase>
  <testcase classname="| DP:SUPER.USERNAME | DP:SUPER.PASSWORD | DP:SAMPATHASSIGNMENTS.SAMPATHSUBJECT | DP:STUDENTS.STUDENT2.FULLNAME | DP:SECTIONS.SECTIONNAME | Y | N | SAM Assignments | Assignments | DP:EXAMASSIGNMENTS.EXAMNAME1 | DP:TRAININGASSIGNMENTS.TRAININGNAME1 | DP:PROJECTASSIGNMENTS.PROJECTASSIGNMENTNAME1 | DP:SAMPATHASSIGNMENTS.SAMPATHNAME | DP:EXAMASSIGNMENTS.ISAEXAMNAME | DP:TRAININGASSIGNMENTS.TRAININGISANAME1 | DP:PROJECTASSIGNMENTS.PROJECTISANAME | DP:SAMPATHASSIGNMENTS.ISASAMPATHANAME |" name="And I enter DP:EXAMASSIGNMENTS.ISAEXAMNAME Y in Assignment Name" time="0.063">
    <skipped/>
  </testcase>
  <testcase classname="| DP:SUPER.USERNAME | DP:SUPER.PASSWORD | DP:SAMPATHASSIGNMENTS.SAMPATHSUBJECT | DP:STUDENTS.STUDENT2.FULLNAME | DP:SECTIONS.SECTIONNAME | Y | N | SAM Assignments | Assignments | DP:EXAMASSIGNMENTS.EXAMNAME1 | DP:TRAININGASSIGNMENTS.TRAININGNAME1 | DP:PROJECTASSIGNMENTS.PROJECTASSIGNMENTNAME1 | DP:SAMPATHASSIGNMENTS.SAMPATHNAME | DP:EXAMASSIGNMENTS.ISAEXAMNAME | DP:TRAININGASSIGNMENTS.TRAININGISANAME1 | DP:PROJECTASSIGNMENTS.PROJECTISANAME | DP:SAMPATHASSIGNMENTS.ISASAMPATHANAME |" name="And I select DP:SECTIONS.SECTIONNAME Y in Select Section drop down" time="0.063">
    <skipped/>
  </testcase>
  <testcase classname="| DP:SUPER.USERNAME | DP:SUPER.PASSWORD | DP:SAMPATHASSIGNMENTS.SAMPATHSUBJECT | DP:STUDENTS.STUDENT2.FULLNAME | DP:SECTIONS.SECTIONNAME | Y | N | SAM Assignments | Assignments | DP:EXAMASSIGNMENTS.EXAMNAME1 | DP:TRAININGASSIGNMENTS.TRAININGNAME1 | DP:PROJECTASSIGNMENTS.PROJECTASSIGNMENTNAME1 | DP:SAMPATHASSIGNMENTS.SAMPATHNAME | DP:EXAMASSIGNMENTS.ISAEXAMNAME | DP:TRAININGASSIGNMENTS.TRAININGISANAME1 | DP:PROJECTASSIGNMENTS.PROJECTISANAME | DP:SAMPATHASSIGNMENTS.ISASAMPATHANAME |" name="And I click on Next Step button" time="0.063">
    <skipped/>
  </testcase>
  <testcase classname="| DP:SUPER.USERNAME | DP:SUPER.PASSWORD | DP:SAMPATHASSIGNMENTS.SAMPATHSUBJECT | DP:STUDENTS.STUDENT2.FULLNAME | DP:SECTIONS.SECTIONNAME | Y | N | SAM Assignments | Assignments | DP:EXAMASSIGNMENTS.EXAMNAME1 | DP:TRAININGASSIGNMENTS.TRAININGNAME1 | DP:PROJECTASSIGNMENTS.PROJECTASSIGNMENTNAME1 | DP:SAMPATHASSIGNMENTS.SAMPATHNAME | DP:EXAMASSIGNMENTS.ISAEXAMNAME | DP:TRAININGASSIGNMENTS.TRAININGISANAME1 | DP:PROJECTASSIGNMENTS.PROJECTISANAME | DP:SAMPATHASSIGNMENTS.ISASAMPATHANAME |" name="And I check DP:STUDENTS.STUDENT2.FULLNAME student in Available Students" time="0.063">
    <skipped/>
  </testcase>
  <testcase classname="| DP:SUPER.USERNAME | DP:SUPER.PASSWORD | DP:SAMPATHASSIGNMENTS.SAMPATHSUBJECT | DP:STUDENTS.STUDENT2.FULLNAME | DP:SECTIONS.SECTIONNAME | Y | N | SAM Assignments | Assignments | DP:EXAMASSIGNMENTS.EXAMNAME1 | DP:TRAININGASSIGNMENTS.TRAININGNAME1 | DP:PROJECTASSIGNMENTS.PROJECTASSIGNMENTNAME1 | DP:SAMPATHASSIGNMENTS.SAMPATHNAME | DP:EXAMASSIGNMENTS.ISAEXAMNAME | DP:TRAININGASSIGNMENTS.TRAININGISANAME1 | DP:PROJECTASSIGNMENTS.PROJECTISANAME | DP:SAMPATHASSIGNMENTS.ISASAMPATHANAME |" name="And I click on Save button" time="0.063">
    <skipped/>
  </testcase>
  <testcase classname="| DP:SUPER.USERNAME | DP:SUPER.PASSWORD | DP:SAMPATHASSIGNMENTS.SAMPATHSUBJECT | DP:STUDENTS.STUDENT2.FULLNAME | DP:SECTIONS.SECTIONNAME | Y | N | SAM Assignments | Assignments | DP:EXAMASSIGNMENTS.EXAMNAME1 | DP:TRAININGASSIGNMENTS.TRAININGNAME1 | DP:PROJECTASSIGNMENTS.PROJECTASSIGNMENTNAME1 | DP:SAMPATHASSIGNMENTS.SAMPATHNAME | DP:EXAMASSIGNMENTS.ISAEXAMNAME | DP:TRAININGASSIGNMENTS.TRAININGISANAME1 | DP:PROJECTASSIGNMENTS.PROJECTISANAME | DP:SAMPATHASSIGNMENTS.ISASAMPATHANAME |" name="And I see the DP:EXAMASSIGNMENTS.ISAEXAMNAME Y duplicate assignment warning message Popup in Assignment Creation" time="0.078">
    <skipped/>
  </testcase>
  <testcase classname="| DP:SUPER.USERNAME | DP:SUPER.PASSWORD | DP:SAMPATHASSIGNMENTS.SAMPATHSUBJECT | DP:STUDENTS.STUDENT2.FULLNAME | DP:SECTIONS.SECTIONNAME | Y | N | SAM Assignments | Assignments | DP:EXAMASSIGNMENTS.EXAMNAME1 | DP:TRAININGASSIGNMENTS.TRAININGNAME1 | DP:PROJECTASSIGNMENTS.PROJECTASSIGNMENTNAME1 | DP:SAMPATHASSIGNMENTS.SAMPATHNAME | DP:EXAMASSIGNMENTS.ISAEXAMNAME | DP:TRAININGASSIGNMENTS.TRAININGISANAME1 | DP:PROJECTASSIGNMENTS.PROJECTISANAME | DP:SAMPATHASSIGNMENTS.ISASAMPATHANAME |" name="And I click on X icon" time="0.078">
    <skipped/>
  </testcase>
  <testcase classname="| DP:SUPER.USERNAME | DP:SUPER.PASSWORD | DP:SAMPATHASSIGNMENTS.SAMPATHSUBJECT | DP:STUDENTS.STUDENT2.FULLNAME | DP:SECTIONS.SECTIONNAME | Y | N | SAM Assignments | Assignments | DP:EXAMASSIGNMENTS.EXAMNAME1 | DP:TRAININGASSIGNMENTS.TRAININGNAME1 | DP:PROJECTASSIGNMENTS.PROJECTASSIGNMENTNAME1 | DP:SAMPATHASSIGNMENTS.SAMPATHNAME | DP:EXAMASSIGNMENTS.ISAEXAMNAME | DP:TRAININGASSIGNMENTS.TRAININGISANAME1 | DP:PROJECTASSIGNMENTS.PROJECTISANAME | DP:SAMPATHASSIGNMENTS.ISASAMPATHANAME |" name="And I click on Back OneStep Button" time="0.078">
    <skipped/>
  </testcase>
  <testcase classname="| DP:SUPER.USERNAME | DP:SUPER.PASSWORD | DP:SAMPATHASSIGNMENTS.SAMPATHSUBJECT | DP:STUDENTS.STUDENT2.FULLNAME | DP:SECTIONS.SECTIONNAME | Y | N | SAM Assignments | Assignments | DP:EXAMASSIGNMENTS.EXAMNAME1 | DP:TRAININGASSIGNMENTS.TRAININGNAME1 | DP:PROJECTASSIGNMENTS.PROJECTASSIGNMENTNAME1 | DP:SAMPATHASSIGNMENTS.SAMPATHNAME | DP:EXAMASSIGNMENTS.ISAEXAMNAME | DP:TRAININGASSIGNMENTS.TRAININGISANAME1 | DP:PROJECTASSIGNMENTS.PROJECTISANAME | DP:SAMPATHASSIGNMENTS.ISASAMPATHANAME |" name="And I enter DP:TRAININGASSIGNMENTS.TRAININGISANAME1 Y in Assignment Name" time="0.078">
    <skipped/>
  </testcase>
  <testcase classname="| DP:SUPER.USERNAME | DP:SUPER.PASSWORD | DP:SAMPATHASSIGNMENTS.SAMPATHSUBJECT | DP:STUDENTS.STUDENT2.FULLNAME | DP:SECTIONS.SECTIONNAME | Y | N | SAM Assignments | Assignments | DP:EXAMASSIGNMENTS.EXAMNAME1 | DP:TRAININGASSIGNMENTS.TRAININGNAME1 | DP:PROJECTASSIGNMENTS.PROJECTASSIGNMENTNAME1 | DP:SAMPATHASSIGNMENTS.SAMPATHNAME | DP:EXAMASSIGNMENTS.ISAEXAMNAME | DP:TRAININGASSIGNMENTS.TRAININGISANAME1 | DP:PROJECTASSIGNMENTS.PROJECTISANAME | DP:SAMPATHASSIGNMENTS.ISASAMPATHANAME |" name="And I click on Next Step button" time="0.078">
    <skipped/>
  </testcase>
  <testcase classname="| DP:SUPER.USERNAME | DP:SUPER.PASSWORD | DP:SAMPATHASSIGNMENTS.SAMPATHSUBJECT | DP:STUDENTS.STUDENT2.FULLNAME | DP:SECTIONS.SECTIONNAME | Y | N | SAM Assignments | Assignments | DP:EXAMASSIGNMENTS.EXAMNAME1 | DP:TRAININGASSIGNMENTS.TRAININGNAME1 | DP:PROJECTASSIGNMENTS.PROJECTASSIGNMENTNAME1 | DP:SAMPATHASSIGNMENTS.SAMPATHNAME | DP:EXAMASSIGNMENTS.ISAEXAMNAME | DP:TRAININGASSIGNMENTS.TRAININGISANAME1 | DP:PROJECTASSIGNMENTS.PROJECTISANAME | DP:SAMPATHASSIGNMENTS.ISASAMPATHANAME |" name="And I click on Save button" time="0.078">
    <skipped/>
  </testcase>
  <testcase classname="| DP:SUPER.USERNAME | DP:SUPER.PASSWORD | DP:SAMPATHASSIGNMENTS.SAMPATHSUBJECT | DP:STUDENTS.STUDENT2.FULLNAME | DP:SECTIONS.SECTIONNAME | Y | N | SAM Assignments | Assignments | DP:EXAMASSIGNMENTS.EXAMNAME1 | DP:TRAININGASSIGNMENTS.TRAININGNAME1 | DP:PROJECTASSIGNMENTS.PROJECTASSIGNMENTNAME1 | DP:SAMPATHASSIGNMENTS.SAMPATHNAME | DP:EXAMASSIGNMENTS.ISAEXAMNAME | DP:TRAININGASSIGNMENTS.TRAININGISANAME1 | DP:PROJECTASSIGNMENTS.PROJECTISANAME | DP:SAMPATHASSIGNMENTS.ISASAMPATHANAME |" name="And I see the DP:TRAININGASSIGNMENTS.TRAININGISANAME1 Y duplicate assignment warning message Popup in Assignment Creation" time="0.078">
    <skipped/>
  </testcase>
  <testcase classname="| DP:SUPER.USERNAME | DP:SUPER.PASSWORD | DP:SAMPATHASSIGNMENTS.SAMPATHSUBJECT | DP:STUDENTS.STUDENT2.FULLNAME | DP:SECTIONS.SECTIONNAME | Y | N | SAM Assignments | Assignments | DP:EXAMASSIGNMENTS.EXAMNAME1 | DP:TRAININGASSIGNMENTS.TRAININGNAME1 | DP:PROJECTASSIGNMENTS.PROJECTASSIGNMENTNAME1 | DP:SAMPATHASSIGNMENTS.SAMPATHNAME | DP:EXAMASSIGNMENTS.ISAEXAMNAME | DP:TRAININGASSIGNMENTS.TRAININGISANAME1 | DP:PROJECTASSIGNMENTS.PROJECTISANAME | DP:SAMPATHASSIGNMENTS.ISASAMPATHANAME |" name="And I click on X icon" time="0.078">
    <skipped/>
  </testcase>
  <testcase classname="| DP:SUPER.USERNAME | DP:SUPER.PASSWORD | DP:SAMPATHASSIGNMENTS.SAMPATHSUBJECT | DP:STUDENTS.STUDENT2.FULLNAME | DP:SECTIONS.SECTIONNAME | Y | N | SAM Assignments | Assignments | DP:EXAMASSIGNMENTS.EXAMNAME1 | DP:TRAININGASSIGNMENTS.TRAININGNAME1 | DP:PROJECTASSIGNMENTS.PROJECTASSIGNMENTNAME1 | DP:SAMPATHASSIGNMENTS.SAMPATHNAME | DP:EXAMASSIGNMENTS.ISAEXAMNAME | DP:TRAININGASSIGNMENTS.TRAININGISANAME1 | DP:PROJECTASSIGNMENTS.PROJECTISANAME | DP:SAMPATHASSIGNMENTS.ISASAMPATHANAME |" name="And I click on Back OneStep Button" time="0.078">
    <skipped/>
  </testcase>
  <testcase classname="| DP:SUPER.USERNAME | DP:SUPER.PASSWORD | DP:SAMPATHASSIGNMENTS.SAMPATHSUBJECT | DP:STUDENTS.STUDENT2.FULLNAME | DP:SECTIONS.SECTIONNAME | Y | N | SAM Assignments | Assignments | DP:EXAMASSIGNMENTS.EXAMNAME1 | DP:TRAININGASSIGNMENTS.TRAININGNAME1 | DP:PROJECTASSIGNMENTS.PROJECTASSIGNMENTNAME1 | DP:SAMPATHASSIGNMENTS.SAMPATHNAME | DP:EXAMASSIGNMENTS.ISAEXAMNAME | DP:TRAININGASSIGNMENTS.TRAININGISANAME1 | DP:PROJECTASSIGNMENTS.PROJECTISANAME | DP:SAMPATHASSIGNMENTS.ISASAMPATHANAME |" name="And I enter DP:PROJECTASSIGNMENTS.PROJECTISANAME Y in Assignment Name" time="0.078">
    <skipped/>
  </testcase>
  <testcase classname="| DP:SUPER.USERNAME | DP:SUPER.PASSWORD | DP:SAMPATHASSIGNMENTS.SAMPATHSUBJECT | DP:STUDENTS.STUDENT2.FULLNAME | DP:SECTIONS.SECTIONNAME | Y | N | SAM Assignments | Assignments | DP:EXAMASSIGNMENTS.EXAMNAME1 | DP:TRAININGASSIGNMENTS.TRAININGNAME1 | DP:PROJECTASSIGNMENTS.PROJECTASSIGNMENTNAME1 | DP:SAMPATHASSIGNMENTS.SAMPATHNAME | DP:EXAMASSIGNMENTS.ISAEXAMNAME | DP:TRAININGASSIGNMENTS.TRAININGISANAME1 | DP:PROJECTASSIGNMENTS.PROJECTISANAME | DP:SAMPATHASSIGNMENTS.ISASAMPATHANAME |" name="And I click on Next Step button" time="0.078">
    <skipped/>
  </testcase>
  <testcase classname="| DP:SUPER.USERNAME | DP:SUPER.PASSWORD | DP:SAMPATHASSIGNMENTS.SAMPATHSUBJECT | DP:STUDENTS.STUDENT2.FULLNAME | DP:SECTIONS.SECTIONNAME | Y | N | SAM Assignments | Assignments | DP:EXAMASSIGNMENTS.EXAMNAME1 | DP:TRAININGASSIGNMENTS.TRAININGNAME1 | DP:PROJECTASSIGNMENTS.PROJECTASSIGNMENTNAME1 | DP:SAMPATHASSIGNMENTS.SAMPATHNAME | DP:EXAMASSIGNMENTS.ISAEXAMNAME | DP:TRAININGASSIGNMENTS.TRAININGISANAME1 | DP:PROJECTASSIGNMENTS.PROJECTISANAME | DP:SAMPATHASSIGNMENTS.ISASAMPATHANAME |" name="And I click on Save button" time="0.094">
    <skipped/>
  </testcase>
  <testcase classname="| DP:SUPER.USERNAME | DP:SUPER.PASSWORD | DP:SAMPATHASSIGNMENTS.SAMPATHSUBJECT | DP:STUDENTS.STUDENT2.FULLNAME | DP:SECTIONS.SECTIONNAME | Y | N | SAM Assignments | Assignments | DP:EXAMASSIGNMENTS.EXAMNAME1 | DP:TRAININGASSIGNMENTS.TRAININGNAME1 | DP:PROJECTASSIGNMENTS.PROJECTASSIGNMENTNAME1 | DP:SAMPATHASSIGNMENTS.SAMPATHNAME | DP:EXAMASSIGNMENTS.ISAEXAMNAME | DP:TRAININGASSIGNMENTS.TRAININGISANAME1 | DP:PROJECTASSIGNMENTS.PROJECTISANAME | DP:SAMPATHASSIGNMENTS.ISASAMPATHANAME |" name="And I see the DP:PROJECTASSIGNMENTS.PROJECTISANAME Y duplicate assignment warning message Popup in Assignment Creation" time="0.094">
    <skipped/>
  </testcase>
  <testcase classname="| DP:SUPER.USERNAME | DP:SUPER.PASSWORD | DP:SAMPATHASSIGNMENTS.SAMPATHSUBJECT | DP:STUDENTS.STUDENT2.FULLNAME | DP:SECTIONS.SECTIONNAME | Y | N | SAM Assignments | Assignments | DP:EXAMASSIGNMENTS.EXAMNAME1 | DP:TRAININGASSIGNMENTS.TRAININGNAME1 | DP:PROJECTASSIGNMENTS.PROJECTASSIGNMENTNAME1 | DP:SAMPATHASSIGNMENTS.SAMPATHNAME | DP:EXAMASSIGNMENTS.ISAEXAMNAME | DP:TRAININGASSIGNMENTS.TRAININGISANAME1 | DP:PROJECTASSIGNMENTS.PROJECTISANAME | DP:SAMPATHASSIGNMENTS.ISASAMPATHANAME |" name="And I click on X icon" time="0.094">
    <skipped/>
  </testcase>
  <testcase classname="| DP:SUPER.USERNAME | DP:SUPER.PASSWORD | DP:SAMPATHASSIGNMENTS.SAMPATHSUBJECT | DP:STUDENTS.STUDENT2.FULLNAME | DP:SECTIONS.SECTIONNAME | Y | N | SAM Assignments | Assignments | DP:EXAMASSIGNMENTS.EXAMNAME1 | DP:TRAININGASSIGNMENTS.TRAININGNAME1 | DP:PROJECTASSIGNMENTS.PROJECTASSIGNMENTNAME1 | DP:SAMPATHASSIGNMENTS.SAMPATHNAME | DP:EXAMASSIGNMENTS.ISAEXAMNAME | DP:TRAININGASSIGNMENTS.TRAININGISANAME1 | DP:PROJECTASSIGNMENTS.PROJECTISANAME | DP:SAMPATHASSIGNMENTS.ISASAMPATHANAME |" name="And I click on Back OneStep Button" time="0.094">
    <skipped/>
  </testcase>
  <testcase classname="| DP:SUPER.USERNAME | DP:SUPER.PASSWORD | DP:SAMPATHASSIGNMENTS.SAMPATHSUBJECT | DP:STUDENTS.STUDENT2.FULLNAME | DP:SECTIONS.SECTIONNAME | Y | N | SAM Assignments | Assignments | DP:EXAMASSIGNMENTS.EXAMNAME1 | DP:TRAININGASSIGNMENTS.TRAININGNAME1 | DP:PROJECTASSIGNMENTS.PROJECTASSIGNMENTNAME1 | DP:SAMPATHASSIGNMENTS.SAMPATHNAME | DP:EXAMASSIGNMENTS.ISAEXAMNAME | DP:TRAININGASSIGNMENTS.TRAININGISANAME1 | DP:PROJECTASSIGNMENTS.PROJECTISANAME | DP:SAMPATHASSIGNMENTS.ISASAMPATHANAME |" name="And I enter DP:SAMPATHASSIGNMENTS.ISASAMPATHANAME Y in Assignment Name" time="0.094">
    <skipped/>
  </testcase>
  <testcase classname="| DP:SUPER.USERNAME | DP:SUPER.PASSWORD | DP:SAMPATHASSIGNMENTS.SAMPATHSUBJECT | DP:STUDENTS.STUDENT2.FULLNAME | DP:SECTIONS.SECTIONNAME | Y | N | SAM Assignments | Assignments | DP:EXAMASSIGNMENTS.EXAMNAME1 | DP:TRAININGASSIGNMENTS.TRAININGNAME1 | DP:PROJECTASSIGNMENTS.PROJECTASSIGNMENTNAME1 | DP:SAMPATHASSIGNMENTS.SAMPATHNAME | DP:EXAMASSIGNMENTS.ISAEXAMNAME | DP:TRAININGASSIGNMENTS.TRAININGISANAME1 | DP:PROJECTASSIGNMENTS.PROJECTISANAME | DP:SAMPATHASSIGNMENTS.ISASAMPATHANAME |" name="And I click on Next Step button" time="0.094">
    <skipped/>
  </testcase>
  <testcase classname="| DP:SUPER.USERNAME | DP:SUPER.PASSWORD | DP:SAMPATHASSIGNMENTS.SAMPATHSUBJECT | DP:STUDENTS.STUDENT2.FULLNAME | DP:SECTIONS.SECTIONNAME | Y | N | SAM Assignments | Assignments | DP:EXAMASSIGNMENTS.EXAMNAME1 | DP:TRAININGASSIGNMENTS.TRAININGNAME1 | DP:PROJECTASSIGNMENTS.PROJECTASSIGNMENTNAME1 | DP:SAMPATHASSIGNMENTS.SAMPATHNAME | DP:EXAMASSIGNMENTS.ISAEXAMNAME | DP:TRAININGASSIGNMENTS.TRAININGISANAME1 | DP:PROJECTASSIGNMENTS.PROJECTISANAME | DP:SAMPATHASSIGNMENTS.ISASAMPATHANAME |" name="When I click on Save button" time="0.094">
    <skipped/>
  </testcase>
  <testcase classname="| DP:SUPER.USERNAME | DP:SUPER.PASSWORD | DP:SAMPATHASSIGNMENTS.SAMPATHSUBJECT | DP:STUDENTS.STUDENT2.FULLNAME | DP:SECTIONS.SECTIONNAME | Y | N | SAM Assignments | Assignments | DP:EXAMASSIGNMENTS.EXAMNAME1 | DP:TRAININGASSIGNMENTS.TRAININGNAME1 | DP:PROJECTASSIGNMENTS.PROJECTASSIGNMENTNAME1 | DP:SAMPATHASSIGNMENTS.SAMPATHNAME | DP:EXAMASSIGNMENTS.ISAEXAMNAME | DP:TRAININGASSIGNMENTS.TRAININGISANAME1 | DP:PROJECTASSIGNMENTS.PROJECTISANAME | DP:SAMPATHASSIGNMENTS.ISASAMPATHANAME |" name="Then I see the DP:SAMPATHASSIGNMENTS.ISASAMPATHANAME Y duplicate assignment warning message Popup in Assignment Creation" time="0.11">
    <skipped/>
  </testcase>
  <testcase classname="| DP:SUPER.USERNAME | DP:SUPER.PASSWORD | DP:SAMPATHASSIGNMENTS.SAMPATHSUBJECT | DP:STUDENTS.STUDENT2.FULLNAME | DP:SECTIONS.SECTIONNAME | Y | N | SAM Assignments | Assignments | DP:EXAMASSIGNMENTS.EXAMNAME1 | DP:TRAININGASSIGNMENTS.TRAININGNAME1 | DP:PROJECTASSIGNMENTS.PROJECTASSIGNMENTNAME1 | DP:SAMPATHASSIGNMENTS.SAMPATHNAME | DP:EXAMASSIGNMENTS.ISAEXAMNAME | DP:TRAININGASSIGNMENTS.TRAININGISANAME1 | DP:PROJECTASSIGNMENTS.PROJECTISANAME | DP:SAMPATHASSIGNMENTS.ISASAMPATHANAME |" name="And I click on X icon" time="0.11">
    <skipped/>
  </testcase>
  <testcase classname="| DP:SUPER.USERNAME | DP:SUPER.PASSWORD | DP:SAMPATHASSIGNMENTS.SAMPATHSUBJECT | DP:STUDENTS.STUDENT2.FULLNAME | DP:SECTIONS.SECTIONNAME | Y | N | SAM Assignments | Assignments | DP:EXAMASSIGNMENTS.EXAMNAME1 | DP:TRAININGASSIGNMENTS.TRAININGNAME1 | DP:PROJECTASSIGNMENTS.PROJECTASSIGNMENTNAME1 | DP:SAMPATHASSIGNMENTS.SAMPATHNAME | DP:EXAMASSIGNMENTS.ISAEXAMNAME | DP:TRAININGASSIGNMENTS.TRAININGISANAME1 | DP:PROJECTASSIGNMENTS.PROJECTISANAME | DP:SAMPATHASSIGNMENTS.ISASAMPATHANAME |" name="And I click on Logout button" time="0.11">
    <skipped/>
  </testcase>
  <testcase classname="| DP:SUPER.USERNAME | DP:SUPER.PASSWORD | DP:STUDENTS.STUDENT2.FULLNAME | DP:SECTIONS.SECTIONNAME | DP:TRAININGASSIGNMENTS.TRAININGNAME1 | DP:SAMPATHASSIGNMENTS.SAMPATHSUBJECT | Assignments | Y | N | SAM Assignments | DP:EXAMASSIGNMENTS.EXAMNAME1 | DP:TRAININGASSIGNMENTS.TRAININGNAME1 | DP:PROJECTASSIGNMENTS.PROJECTASSIGNMENTNAME1 | DP:SAMPATHASSIGNMENTS.SAMPATHNAME | DP:EXAMASSIGNMENTS.ISAEXAMNAME | DP:TRAININGASSIGNMENTS.TRAININGISANAME1 | DP:PROJECTASSIGNMENTS.PROJECTISANAME | DP:SAMPATHASSIGNMENTS.ISASAMPATHANAME |" name="Given As a user I see login page of LMS" time="0"/>
  <testcase classname="| DP:SUPER.USERNAME | DP:SUPER.PASSWORD | DP:STUDENTS.STUDENT2.FULLNAME | DP:SECTIONS.SECTIONNAME | DP:TRAININGASSIGNMENTS.TRAININGNAME1 | DP:SAMPATHASSIGNMENTS.SAMPATHSUBJECT | Assignments | Y | N | SAM Assignments | DP:EXAMASSIGNMENTS.EXAMNAME1 | DP:TRAININGASSIGNMENTS.TRAININGNAME1 | DP:PROJECTASSIGNMENTS.PROJECTASSIGNMENTNAME1 | DP:SAMPATHASSIGNMENTS.SAMPATHNAME | DP:EXAMASSIGNMENTS.ISAEXAMNAME | DP:TRAININGASSIGNMENTS.TRAININGISANAME1 | DP:PROJECTASSIGNMENTS.PROJECTISANAME | DP:SAMPATHASSIGNMENTS.ISASAMPATHANAME |" name="And I enter DP:SUPER.USERNAME N Username in LMS login page" time="0"/>
  <testcase classname="| DP:SUPER.USERNAME | DP:SUPER.PASSWORD | DP:STUDENTS.STUDENT2.FULLNAME | DP:SECTIONS.SECTIONNAME | DP:TRAININGASSIGNMENTS.TRAININGNAME1 | DP:SAMPATHASSIGNMENTS.SAMPATHSUBJECT | Assignments | Y | N | SAM Assignments | DP:EXAMASSIGNMENTS.EXAMNAME1 | DP:TRAININGASSIGNMENTS.TRAININGNAME1 | DP:PROJECTASSIGNMENTS.PROJECTASSIGNMENTNAME1 | DP:SAMPATHASSIGNMENTS.SAMPATHNAME | DP:EXAMASSIGNMENTS.ISAEXAMNAME | DP:TRAININGASSIGNMENTS.TRAININGISANAME1 | DP:PROJECTASSIGNMENTS.PROJECTISANAME | DP:SAMPATHASSIGNMENTS.ISASAMPATHANAME |" name="And I enter DP:SUPER.PASSWORD Password in LMS login page" time="0"/>
  <testcase classname="| DP:SUPER.USERNAME | DP:SUPER.PASSWORD | DP:STUDENTS.STUDENT2.FULLNAME | DP:SECTIONS.SECTIONNAME | DP:TRAININGASSIGNMENTS.TRAININGNAME1 | DP:SAMPATHASSIGNMENTS.SAMPATHSUBJECT | Assignments | Y | N | SAM Assignments | DP:EXAMASSIGNMENTS.EXAMNAME1 | DP:TRAININGASSIGNMENTS.TRAININGNAME1 | DP:PROJECTASSIGNMENTS.PROJECTASSIGNMENTNAME1 | DP:SAMPATHASSIGNMENTS.SAMPATHNAME | DP:EXAMASSIGNMENTS.ISAEXAMNAME | DP:TRAININGASSIGNMENTS.TRAININGISANAME1 | DP:PROJECTASSIGNMENTS.PROJECTISANAME | DP:SAMPATHASSIGNMENTS.ISASAMPATHANAME |" name="And I click on Log In button" time="0"/>
  <testcase classname="| DP:SUPER.USERNAME | DP:SUPER.PASSWORD | DP:STUDENTS.STUDENT2.FULLNAME | DP:SECTIONS.SECTIONNAME | DP:TRAININGASSIGNMENTS.TRAININGNAME1 | DP:SAMPATHASSIGNMENTS.SAMPATHSUBJECT | Assignments | Y | N | SAM Assignments | DP:EXAMASSIGNMENTS.EXAMNAME1 | DP:TRAININGASSIGNMENTS.TRAININGNAME1 | DP:PROJECTASSIGNMENTS.PROJECTASSIGNMENTNAME1 | DP:SAMPATHASSIGNMENTS.SAMPATHNAME | DP:EXAMASSIGNMENTS.ISAEXAMNAME | DP:TRAININGASSIGNMENTS.TRAININGISANAME1 | DP:PROJECTASSIGNMENTS.PROJECTISANAME | DP:SAMPATHASSIGNMENTS.ISASAMPATHANAME |" name="And I see home page of LMS" time="0"/>
  <testcase classname="| DP:SUPER.USERNAME | DP:SUPER.PASSWORD | DP:STUDENTS.STUDENT2.FULLNAME | DP:SECTIONS.SECTIONNAME | DP:TRAININGASSIGNMENTS.TRAININGNAME1 | DP:SAMPATHASSIGNMENTS.SAMPATHSUBJECT | Assignments | Y | N | SAM Assignments | DP:EXAMASSIGNMENTS.EXAMNAME1 | DP:TRAININGASSIGNMENTS.TRAININGNAME1 | DP:PROJECTASSIGNMENTS.PROJECTASSIGNMENTNAME1 | DP:SAMPATHASSIGNMENTS.SAMPATHNAME | DP:EXAMASSIGNMENTS.ISAEXAMNAME | DP:TRAININGASSIGNMENTS.TRAININGISANAME1 | DP:PROJECTASSIGNMENTS.PROJECTISANAME | DP:SAMPATHASSIGNMENTS.ISASAMPATHANAME |" name="And I click on SAM Assignments tab" time="0"/>
  <testcase classname="| DP:SUPER.USERNAME | DP:SUPER.PASSWORD | DP:STUDENTS.STUDENT2.FULLNAME | DP:SECTIONS.SECTIONNAME | DP:TRAININGASSIGNMENTS.TRAININGNAME1 | DP:SAMPATHASSIGNMENTS.SAMPATHSUBJECT | Assignments | Y | N | SAM Assignments | DP:EXAMASSIGNMENTS.EXAMNAME1 | DP:TRAININGASSIGNMENTS.TRAININGNAME1 | DP:PROJECTASSIGNMENTS.PROJECTASSIGNMENTNAME1 | DP:SAMPATHASSIGNMENTS.SAMPATHNAME | DP:EXAMASSIGNMENTS.ISAEXAMNAME | DP:TRAININGASSIGNMENTS.TRAININGISANAME1 | DP:PROJECTASSIGNMENTS.PROJECTISANAME | DP:SAMPATHASSIGNMENTS.ISASAMPATHANAME |" name="And I click on Schedule New button" time="0"/>
  <testcase classname="| DP:SUPER.USERNAME | DP:SUPER.PASSWORD | DP:STUDENTS.STUDENT2.FULLNAME | DP:SECTIONS.SECTIONNAME | DP:TRAININGASSIGNMENTS.TRAININGNAME1 | DP:SAMPATHASSIGNMENTS.SAMPATHSUBJECT | Assignments | Y | N | SAM Assignments | DP:EXAMASSIGNMENTS.EXAMNAME1 | DP:TRAININGASSIGNMENTS.TRAININGNAME1 | DP:PROJECTASSIGNMENTS.PROJECTASSIGNMENTNAME1 | DP:SAMPATHASSIGNMENTS.SAMPATHNAME | DP:EXAMASSIGNMENTS.ISAEXAMNAME | DP:TRAININGASSIGNMENTS.TRAININGISANAME1 | DP:PROJECTASSIGNMENTS.PROJECTISANAME | DP:SAMPATHASSIGNMENTS.ISASAMPATHANAME |" name="And I click on Training button in Select Assignment Type page" time="0.001"/>
  <testcase classname="| DP:SUPER.USERNAME | DP:SUPER.PASSWORD | DP:STUDENTS.STUDENT2.FULLNAME | DP:SECTIONS.SECTIONNAME | DP:TRAININGASSIGNMENTS.TRAININGNAME1 | DP:SAMPATHASSIGNMENTS.SAMPATHSUBJECT | Assignments | Y | N | SAM Assignments | DP:EXAMASSIGNMENTS.EXAMNAME1 | DP:TRAININGASSIGNMENTS.TRAININGNAME1 | DP:PROJECTASSIGNMENTS.PROJECTASSIGNMENTNAME1 | DP:SAMPATHASSIGNMENTS.SAMPATHNAME | DP:EXAMASSIGNMENTS.ISAEXAMNAME | DP:TRAININGASSIGNMENTS.TRAININGISANAME1 | DP:PROJECTASSIGNMENTS.PROJECTISANAME | DP:SAMPATHASSIGNMENTS.ISASAMPATHANAME |" name="And I select DP:SAMPATHASSIGNMENTS.SAMPATHSUBJECT in Subject drop down" time="0"/>
  <testcase classname="| DP:SUPER.USERNAME | DP:SUPER.PASSWORD | DP:STUDENTS.STUDENT2.FULLNAME | DP:SECTIONS.SECTIONNAME | DP:TRAININGASSIGNMENTS.TRAININGNAME1 | DP:SAMPATHASSIGNMENTS.SAMPATHSUBJECT | Assignments | Y | N | SAM Assignments | DP:EXAMASSIGNMENTS.EXAMNAME1 | DP:TRAININGASSIGNMENTS.TRAININGNAME1 | DP:PROJECTASSIGNMENTS.PROJECTASSIGNMENTNAME1 | DP:SAMPATHASSIGNMENTS.SAMPATHNAME | DP:EXAMASSIGNMENTS.ISAEXAMNAME | DP:TRAININGASSIGNMENTS.TRAININGISANAME1 | DP:PROJECTASSIGNMENTS.PROJECTISANAME | DP:SAMPATHASSIGNMENTS.ISASAMPATHANAME |" name="And I select DP:TRAININGASSIGNMENTS.TRAININGNAME1 Y in Exam Name" time="0"/>
  <testcase classname="| DP:SUPER.USERNAME | DP:SUPER.PASSWORD | DP:STUDENTS.STUDENT2.FULLNAME | DP:SECTIONS.SECTIONNAME | DP:TRAININGASSIGNMENTS.TRAININGNAME1 | DP:SAMPATHASSIGNMENTS.SAMPATHSUBJECT | Assignments | Y | N | SAM Assignments | DP:EXAMASSIGNMENTS.EXAMNAME1 | DP:TRAININGASSIGNMENTS.TRAININGNAME1 | DP:PROJECTASSIGNMENTS.PROJECTASSIGNMENTNAME1 | DP:SAMPATHASSIGNMENTS.SAMPATHNAME | DP:EXAMASSIGNMENTS.ISAEXAMNAME | DP:TRAININGASSIGNMENTS.TRAININGISANAME1 | DP:PROJECTASSIGNMENTS.PROJECTISANAME | DP:SAMPATHASSIGNMENTS.ISASAMPATHANAME |" name="And I click on Next Step button" time="0"/>
  <testcase classname="| DP:SUPER.USERNAME | DP:SUPER.PASSWORD | DP:STUDENTS.STUDENT2.FULLNAME | DP:SECTIONS.SECTIONNAME | DP:TRAININGASSIGNMENTS.TRAININGNAME1 | DP:SAMPATHASSIGNMENTS.SAMPATHSUBJECT | Assignments | Y | N | SAM Assignments | DP:EXAMASSIGNMENTS.EXAMNAME1 | DP:TRAININGASSIGNMENTS.TRAININGNAME1 | DP:PROJECTASSIGNMENTS.PROJECTASSIGNMENTNAME1 | DP:SAMPATHASSIGNMENTS.SAMPATHNAME | DP:EXAMASSIGNMENTS.ISAEXAMNAME | DP:TRAININGASSIGNMENTS.TRAININGISANAME1 | DP:PROJECTASSIGNMENTS.PROJECTISANAME | DP:SAMPATHASSIGNMENTS.ISASAMPATHANAME |" name="And I enter DP:EXAMASSIGNMENTS.EXAMNAME1 Y in Assignment Name" time="0"/>
  <testcase classname="| DP:SUPER.USERNAME | DP:SUPER.PASSWORD | DP:STUDENTS.STUDENT2.FULLNAME | DP:SECTIONS.SECTIONNAME | DP:TRAININGASSIGNMENTS.TRAININGNAME1 | DP:SAMPATHASSIGNMENTS.SAMPATHSUBJECT | Assignments | Y | N | SAM Assignments | DP:EXAMASSIGNMENTS.EXAMNAME1 | DP:TRAININGASSIGNMENTS.TRAININGNAME1 | DP:PROJECTASSIGNMENTS.PROJECTASSIGNMENTNAME1 | DP:SAMPATHASSIGNMENTS.SAMPATHNAME | DP:EXAMASSIGNMENTS.ISAEXAMNAME | DP:TRAININGASSIGNMENTS.TRAININGISANAME1 | DP:PROJECTASSIGNMENTS.PROJECTISANAME | DP:SAMPATHASSIGNMENTS.ISASAMPATHANAME |" name="And I click on section drop down" time="0"/>
  <testcase classname="| DP:SUPER.USERNAME | DP:SUPER.PASSWORD | DP:STUDENTS.STUDENT2.FULLNAME | DP:SECTIONS.SECTIONNAME | DP:TRAININGASSIGNMENTS.TRAININGNAME1 | DP:SAMPATHASSIGNMENTS.SAMPATHSUBJECT | Assignments | Y | N | SAM Assignments | DP:EXAMASSIGNMENTS.EXAMNAME1 | DP:TRAININGASSIGNMENTS.TRAININGNAME1 | DP:PROJECTASSIGNMENTS.PROJECTASSIGNMENTNAME1 | DP:SAMPATHASSIGNMENTS.SAMPATHNAME | DP:EXAMASSIGNMENTS.ISAEXAMNAME | DP:TRAININGASSIGNMENTS.TRAININGISANAME1 | DP:PROJECTASSIGNMENTS.PROJECTISANAME | DP:SAMPATHASSIGNMENTS.ISASAMPATHANAME |" name="And I check DP:SECTIONS.SECTIONNAME Y in Select section drop down" time="0"/>
  <testcase classname="| DP:SUPER.USERNAME | DP:SUPER.PASSWORD | DP:STUDENTS.STUDENT2.FULLNAME | DP:SECTIONS.SECTIONNAME | DP:TRAININGASSIGNMENTS.TRAININGNAME1 | DP:SAMPATHASSIGNMENTS.SAMPATHSUBJECT | Assignments | Y | N | SAM Assignments | DP:EXAMASSIGNMENTS.EXAMNAME1 | DP:TRAININGASSIGNMENTS.TRAININGNAME1 | DP:PROJECTASSIGNMENTS.PROJECTASSIGNMENTNAME1 | DP:SAMPATHASSIGNMENTS.SAMPATHNAME | DP:EXAMASSIGNMENTS.ISAEXAMNAME | DP:TRAININGASSIGNMENTS.TRAININGISANAME1 | DP:PROJECTASSIGNMENTS.PROJECTISANAME | DP:SAMPATHASSIGNMENTS.ISASAMPATHANAME |" name="And I click on section drop down" time="0"/>
  <testcase classname="| DP:SUPER.USERNAME | DP:SUPER.PASSWORD | DP:STUDENTS.STUDENT2.FULLNAME | DP:SECTIONS.SECTIONNAME | DP:TRAININGASSIGNMENTS.TRAININGNAME1 | DP:SAMPATHASSIGNMENTS.SAMPATHSUBJECT | Assignments | Y | N | SAM Assignments | DP:EXAMASSIGNMENTS.EXAMNAME1 | DP:TRAININGASSIGNMENTS.TRAININGNAME1 | DP:PROJECTASSIGNMENTS.PROJECTASSIGNMENTNAME1 | DP:SAMPATHASSIGNMENTS.SAMPATHNAME | DP:EXAMASSIGNMENTS.ISAEXAMNAME | DP:TRAININGASSIGNMENTS.TRAININGISANAME1 | DP:PROJECTASSIGNMENTS.PROJECTISANAME | DP:SAMPATHASSIGNMENTS.ISASAMPATHANAME |" name="And I click on Save button" time="0"/>
  <testcase classname="| DP:SUPER.USERNAME | DP:SUPER.PASSWORD | DP:STUDENTS.STUDENT2.FULLNAME | DP:SECTIONS.SECTIONNAME | DP:TRAININGASSIGNMENTS.TRAININGNAME1 | DP:SAMPATHASSIGNMENTS.SAMPATHSUBJECT | Assignments | Y | N | SAM Assignments | DP:EXAMASSIGNMENTS.EXAMNAME1 | DP:TRAININGASSIGNMENTS.TRAININGNAME1 | DP:PROJECTASSIGNMENTS.PROJECTASSIGNMENTNAME1 | DP:SAMPATHASSIGNMENTS.SAMPATHNAME | DP:EXAMASSIGNMENTS.ISAEXAMNAME | DP:TRAININGASSIGNMENTS.TRAININGISANAME1 | DP:PROJECTASSIGNMENTS.PROJECTISANAME | DP:SAMPATHASSIGNMENTS.ISASAMPATHANAME |" name="And I see the DP:EXAMASSIGNMENTS.EXAMNAME1 Y duplicate assignment warning message Popup in Assignment Creation" time="0"/>
  <testcase classname="| DP:SUPER.USERNAME | DP:SUPER.PASSWORD | DP:STUDENTS.STUDENT2.FULLNAME | DP:SECTIONS.SECTIONNAME | DP:TRAININGASSIGNMENTS.TRAININGNAME1 | DP:SAMPATHASSIGNMENTS.SAMPATHSUBJECT | Assignments | Y | N | SAM Assignments | DP:EXAMASSIGNMENTS.EXAMNAME1 | DP:TRAININGASSIGNMENTS.TRAININGNAME1 | DP:PROJECTASSIGNMENTS.PROJECTASSIGNMENTNAME1 | DP:SAMPATHASSIGNMENTS.SAMPATHNAME | DP:EXAMASSIGNMENTS.ISAEXAMNAME | DP:TRAININGASSIGNMENTS.TRAININGISANAME1 | DP:PROJECTASSIGNMENTS.PROJECTISANAME | DP:SAMPATHASSIGNMENTS.ISASAMPATHANAME |" name="And I click on X icon" time="0"/>
  <testcase classname="| DP:SUPER.USERNAME | DP:SUPER.PASSWORD | DP:STUDENTS.STUDENT2.FULLNAME | DP:SECTIONS.SECTIONNAME | DP:TRAININGASSIGNMENTS.TRAININGNAME1 | DP:SAMPATHASSIGNMENTS.SAMPATHSUBJECT | Assignments | Y | N | SAM Assignments | DP:EXAMASSIGNMENTS.EXAMNAME1 | DP:TRAININGASSIGNMENTS.TRAININGNAME1 | DP:PROJECTASSIGNMENTS.PROJECTASSIGNMENTNAME1 | DP:SAMPATHASSIGNMENTS.SAMPATHNAME | DP:EXAMASSIGNMENTS.ISAEXAMNAME | DP:TRAININGASSIGNMENTS.TRAININGISANAME1 | DP:PROJECTASSIGNMENTS.PROJECTISANAME | DP:SAMPATHASSIGNMENTS.ISASAMPATHANAME |" name="And I enter DP:TRAININGASSIGNMENTS.TRAININGNAME1 Y in Assignment Name" time="0"/>
  <testcase classname="| DP:SUPER.USERNAME | DP:SUPER.PASSWORD | DP:STUDENTS.STUDENT2.FULLNAME | DP:SECTIONS.SECTIONNAME | DP:TRAININGASSIGNMENTS.TRAININGNAME1 | DP:SAMPATHASSIGNMENTS.SAMPATHSUBJECT | Assignments | Y | N | SAM Assignments | DP:EXAMASSIGNMENTS.EXAMNAME1 | DP:TRAININGASSIGNMENTS.TRAININGNAME1 | DP:PROJECTASSIGNMENTS.PROJECTASSIGNMENTNAME1 | DP:SAMPATHASSIGNMENTS.SAMPATHNAME | DP:EXAMASSIGNMENTS.ISAEXAMNAME | DP:TRAININGASSIGNMENTS.TRAININGISANAME1 | DP:PROJECTASSIGNMENTS.PROJECTISANAME | DP:SAMPATHASSIGNMENTS.ISASAMPATHANAME |" name="And I click on Save button" time="0"/>
  <testcase classname="| DP:SUPER.USERNAME | DP:SUPER.PASSWORD | DP:STUDENTS.STUDENT2.FULLNAME | DP:SECTIONS.SECTIONNAME | DP:TRAININGASSIGNMENTS.TRAININGNAME1 | DP:SAMPATHASSIGNMENTS.SAMPATHSUBJECT | Assignments | Y | N | SAM Assignments | DP:EXAMASSIGNMENTS.EXAMNAME1 | DP:TRAININGASSIGNMENTS.TRAININGNAME1 | DP:PROJECTASSIGNMENTS.PROJECTASSIGNMENTNAME1 | DP:SAMPATHASSIGNMENTS.SAMPATHNAME | DP:EXAMASSIGNMENTS.ISAEXAMNAME | DP:TRAININGASSIGNMENTS.TRAININGISANAME1 | DP:PROJECTASSIGNMENTS.PROJECTISANAME | DP:SAMPATHASSIGNMENTS.ISASAMPATHANAME |" name="And I see the DP:TRAININGASSIGNMENTS.TRAININGNAME1 Y duplicate assignment warning message Popup in Assignment Creation" time="0"/>
  <testcase classname="| DP:SUPER.USERNAME | DP:SUPER.PASSWORD | DP:STUDENTS.STUDENT2.FULLNAME | DP:SECTIONS.SECTIONNAME | DP:TRAININGASSIGNMENTS.TRAININGNAME1 | DP:SAMPATHASSIGNMENTS.SAMPATHSUBJECT | Assignments | Y | N | SAM Assignments | DP:EXAMASSIGNMENTS.EXAMNAME1 | DP:TRAININGASSIGNMENTS.TRAININGNAME1 | DP:PROJECTASSIGNMENTS.PROJECTASSIGNMENTNAME1 | DP:SAMPATHASSIGNMENTS.SAMPATHNAME | DP:EXAMASSIGNMENTS.ISAEXAMNAME | DP:TRAININGASSIGNMENTS.TRAININGISANAME1 | DP:PROJECTASSIGNMENTS.PROJECTISANAME | DP:SAMPATHASSIGNMENTS.ISASAMPATHANAME |" name="And I click on X icon" time="0"/>
  <testcase classname="| DP:SUPER.USERNAME | DP:SUPER.PASSWORD | DP:STUDENTS.STUDENT2.FULLNAME | DP:SECTIONS.SECTIONNAME | DP:TRAININGASSIGNMENTS.TRAININGNAME1 | DP:SAMPATHASSIGNMENTS.SAMPATHSUBJECT | Assignments | Y | N | SAM Assignments | DP:EXAMASSIGNMENTS.EXAMNAME1 | DP:TRAININGASSIGNMENTS.TRAININGNAME1 | DP:PROJECTASSIGNMENTS.PROJECTASSIGNMENTNAME1 | DP:SAMPATHASSIGNMENTS.SAMPATHNAME | DP:EXAMASSIGNMENTS.ISAEXAMNAME | DP:TRAININGASSIGNMENTS.TRAININGISANAME1 | DP:PROJECTASSIGNMENTS.PROJECTISANAME | DP:SAMPATHASSIGNMENTS.ISASAMPATHANAME |" name="And I enter DP:PROJECTASSIGNMENTS.PROJECTASSIGNMENTNAME1 Y in Assignment Name" time="0"/>
  <testcase classname="| DP:SUPER.USERNAME | DP:SUPER.PASSWORD | DP:STUDENTS.STUDENT2.FULLNAME | DP:SECTIONS.SECTIONNAME | DP:TRAININGASSIGNMENTS.TRAININGNAME1 | DP:SAMPATHASSIGNMENTS.SAMPATHSUBJECT | Assignments | Y | N | SAM Assignments | DP:EXAMASSIGNMENTS.EXAMNAME1 | DP:TRAININGASSIGNMENTS.TRAININGNAME1 | DP:PROJECTASSIGNMENTS.PROJECTASSIGNMENTNAME1 | DP:SAMPATHASSIGNMENTS.SAMPATHNAME | DP:EXAMASSIGNMENTS.ISAEXAMNAME | DP:TRAININGASSIGNMENTS.TRAININGISANAME1 | DP:PROJECTASSIGNMENTS.PROJECTISANAME | DP:SAMPATHASSIGNMENTS.ISASAMPATHANAME |" name="And I click on Save button" time="0"/>
  <testcase classname="| DP:SUPER.USERNAME | DP:SUPER.PASSWORD | DP:STUDENTS.STUDENT2.FULLNAME | DP:SECTIONS.SECTIONNAME | DP:TRAININGASSIGNMENTS.TRAININGNAME1 | DP:SAMPATHASSIGNMENTS.SAMPATHSUBJECT | Assignments | Y | N | SAM Assignments | DP:EXAMASSIGNMENTS.EXAMNAME1 | DP:TRAININGASSIGNMENTS.TRAININGNAME1 | DP:PROJECTASSIGNMENTS.PROJECTASSIGNMENTNAME1 | DP:SAMPATHASSIGNMENTS.SAMPATHNAME | DP:EXAMASSIGNMENTS.ISAEXAMNAME | DP:TRAININGASSIGNMENTS.TRAININGISANAME1 | DP:PROJECTASSIGNMENTS.PROJECTISANAME | DP:SAMPATHASSIGNMENTS.ISASAMPATHANAME |" name="And I see the DP:PROJECTASSIGNMENTS.PROJECTASSIGNMENTNAME1 Y duplicate assignment warning message Popup in Assignment Creation" time="0"/>
  <testcase classname="| DP:SUPER.USERNAME | DP:SUPER.PASSWORD | DP:STUDENTS.STUDENT2.FULLNAME | DP:SECTIONS.SECTIONNAME | DP:TRAININGASSIGNMENTS.TRAININGNAME1 | DP:SAMPATHASSIGNMENTS.SAMPATHSUBJECT | Assignments | Y | N | SAM Assignments | DP:EXAMASSIGNMENTS.EXAMNAME1 | DP:TRAININGASSIGNMENTS.TRAININGNAME1 | DP:PROJECTASSIGNMENTS.PROJECTASSIGNMENTNAME1 | DP:SAMPATHASSIGNMENTS.SAMPATHNAME | DP:EXAMASSIGNMENTS.ISAEXAMNAME | DP:TRAININGASSIGNMENTS.TRAININGISANAME1 | DP:PROJECTASSIGNMENTS.PROJECTISANAME | DP:SAMPATHASSIGNMENTS.ISASAMPATHANAME |" name="And I click on X icon" time="0"/>
  <testcase classname="| DP:SUPER.USERNAME | DP:SUPER.PASSWORD | DP:STUDENTS.STUDENT2.FULLNAME | DP:SECTIONS.SECTIONNAME | DP:TRAININGASSIGNMENTS.TRAININGNAME1 | DP:SAMPATHASSIGNMENTS.SAMPATHSUBJECT | Assignments | Y | N | SAM Assignments | DP:EXAMASSIGNMENTS.EXAMNAME1 | DP:TRAININGASSIGNMENTS.TRAININGNAME1 | DP:PROJECTASSIGNMENTS.PROJECTASSIGNMENTNAME1 | DP:SAMPATHASSIGNMENTS.SAMPATHNAME | DP:EXAMASSIGNMENTS.ISAEXAMNAME | DP:TRAININGASSIGNMENTS.TRAININGISANAME1 | DP:PROJECTASSIGNMENTS.PROJECTISANAME | DP:SAMPATHASSIGNMENTS.ISASAMPATHANAME |" name="And I enter DP:SAMPATHASSIGNMENTS.SAMPATHNAME Y in Assignment Name" time="0"/>
  <testcase classname="| DP:SUPER.USERNAME | DP:SUPER.PASSWORD | DP:STUDENTS.STUDENT2.FULLNAME | DP:SECTIONS.SECTIONNAME | DP:TRAININGASSIGNMENTS.TRAININGNAME1 | DP:SAMPATHASSIGNMENTS.SAMPATHSUBJECT | Assignments | Y | N | SAM Assignments | DP:EXAMASSIGNMENTS.EXAMNAME1 | DP:TRAININGASSIGNMENTS.TRAININGNAME1 | DP:PROJECTASSIGNMENTS.PROJECTASSIGNMENTNAME1 | DP:SAMPATHASSIGNMENTS.SAMPATHNAME | DP:EXAMASSIGNMENTS.ISAEXAMNAME | DP:TRAININGASSIGNMENTS.TRAININGISANAME1 | DP:PROJECTASSIGNMENTS.PROJECTISANAME | DP:SAMPATHASSIGNMENTS.ISASAMPATHANAME |" name="And I click on Save button" time="0"/>
  <testcase classname="| DP:SUPER.USERNAME | DP:SUPER.PASSWORD | DP:STUDENTS.STUDENT2.FULLNAME | DP:SECTIONS.SECTIONNAME | DP:TRAININGASSIGNMENTS.TRAININGNAME1 | DP:SAMPATHASSIGNMENTS.SAMPATHSUBJECT | Assignments | Y | N | SAM Assignments | DP:EXAMASSIGNMENTS.EXAMNAME1 | DP:TRAININGASSIGNMENTS.TRAININGNAME1 | DP:PROJECTASSIGNMENTS.PROJECTASSIGNMENTNAME1 | DP:SAMPATHASSIGNMENTS.SAMPATHNAME | DP:EXAMASSIGNMENTS.ISAEXAMNAME | DP:TRAININGASSIGNMENTS.TRAININGISANAME1 | DP:PROJECTASSIGNMENTS.PROJECTISANAME | DP:SAMPATHASSIGNMENTS.ISASAMPATHANAME |" name="And I see the DP:SAMPATHASSIGNMENTS.SAMPATHNAME Y duplicate assignment warning message Popup in Assignment Creation" time="0"/>
  <testcase classname="| DP:SUPER.USERNAME | DP:SUPER.PASSWORD | DP:STUDENTS.STUDENT2.FULLNAME | DP:SECTIONS.SECTIONNAME | DP:TRAININGASSIGNMENTS.TRAININGNAME1 | DP:SAMPATHASSIGNMENTS.SAMPATHSUBJECT | Assignments | Y | N | SAM Assignments | DP:EXAMASSIGNMENTS.EXAMNAME1 | DP:TRAININGASSIGNMENTS.TRAININGNAME1 | DP:PROJECTASSIGNMENTS.PROJECTASSIGNMENTNAME1 | DP:SAMPATHASSIGNMENTS.SAMPATHNAME | DP:EXAMASSIGNMENTS.ISAEXAMNAME | DP:TRAININGASSIGNMENTS.TRAININGISANAME1 | DP:PROJECTASSIGNMENTS.PROJECTISANAME | DP:SAMPATHASSIGNMENTS.ISASAMPATHANAME |" name="And I click on X icon" time="0"/>
  <testcase classname="| DP:SUPER.USERNAME | DP:SUPER.PASSWORD | DP:STUDENTS.STUDENT2.FULLNAME | DP:SECTIONS.SECTIONNAME | DP:TRAININGASSIGNMENTS.TRAININGNAME1 | DP:SAMPATHASSIGNMENTS.SAMPATHSUBJECT | Assignments | Y | N | SAM Assignments | DP:EXAMASSIGNMENTS.EXAMNAME1 | DP:TRAININGASSIGNMENTS.TRAININGNAME1 | DP:PROJECTASSIGNMENTS.PROJECTASSIGNMENTNAME1 | DP:SAMPATHASSIGNMENTS.SAMPATHNAME | DP:EXAMASSIGNMENTS.ISAEXAMNAME | DP:TRAININGASSIGNMENTS.TRAININGISANAME1 | DP:PROJECTASSIGNMENTS.PROJECTISANAME | DP:SAMPATHASSIGNMENTS.ISASAMPATHANAME |" name="And I enter DP:EXAMASSIGNMENTS.ISAEXAMNAME Y in Assignment Name" time="0"/>
  <testcase classname="| DP:SUPER.USERNAME | DP:SUPER.PASSWORD | DP:STUDENTS.STUDENT2.FULLNAME | DP:SECTIONS.SECTIONNAME | DP:TRAININGASSIGNMENTS.TRAININGNAME1 | DP:SAMPATHASSIGNMENTS.SAMPATHSUBJECT | Assignments | Y | N | SAM Assignments | DP:EXAMASSIGNMENTS.EXAMNAME1 | DP:TRAININGASSIGNMENTS.TRAININGNAME1 | DP:PROJECTASSIGNMENTS.PROJECTASSIGNMENTNAME1 | DP:SAMPATHASSIGNMENTS.SAMPATHNAME | DP:EXAMASSIGNMENTS.ISAEXAMNAME | DP:TRAININGASSIGNMENTS.TRAININGISANAME1 | DP:PROJECTASSIGNMENTS.PROJECTISANAME | DP:SAMPATHASSIGNMENTS.ISASAMPATHANAME |" name="And I click on Save button" time="0"/>
  <testcase classname="| DP:SUPER.USERNAME | DP:SUPER.PASSWORD | DP:STUDENTS.STUDENT2.FULLNAME | DP:SECTIONS.SECTIONNAME | DP:TRAININGASSIGNMENTS.TRAININGNAME1 | DP:SAMPATHASSIGNMENTS.SAMPATHSUBJECT | Assignments | Y | N | SAM Assignments | DP:EXAMASSIGNMENTS.EXAMNAME1 | DP:TRAININGASSIGNMENTS.TRAININGNAME1 | DP:PROJECTASSIGNMENTS.PROJECTASSIGNMENTNAME1 | DP:SAMPATHASSIGNMENTS.SAMPATHNAME | DP:EXAMASSIGNMENTS.ISAEXAMNAME | DP:TRAININGASSIGNMENTS.TRAININGISANAME1 | DP:PROJECTASSIGNMENTS.PROJECTISANAME | DP:SAMPATHASSIGNMENTS.ISASAMPATHANAME |" name="And I see the DP:EXAMASSIGNMENTS.ISAEXAMNAME Y duplicate assignment warning message Popup in Assignment Creation" time="0"/>
  <testcase classname="| DP:SUPER.USERNAME | DP:SUPER.PASSWORD | DP:STUDENTS.STUDENT2.FULLNAME | DP:SECTIONS.SECTIONNAME | DP:TRAININGASSIGNMENTS.TRAININGNAME1 | DP:SAMPATHASSIGNMENTS.SAMPATHSUBJECT | Assignments | Y | N | SAM Assignments | DP:EXAMASSIGNMENTS.EXAMNAME1 | DP:TRAININGASSIGNMENTS.TRAININGNAME1 | DP:PROJECTASSIGNMENTS.PROJECTASSIGNMENTNAME1 | DP:SAMPATHASSIGNMENTS.SAMPATHNAME | DP:EXAMASSIGNMENTS.ISAEXAMNAME | DP:TRAININGASSIGNMENTS.TRAININGISANAME1 | DP:PROJECTASSIGNMENTS.PROJECTISANAME | DP:SAMPATHASSIGNMENTS.ISASAMPATHANAME |" name="And I click on X icon" time="0"/>
  <testcase classname="| DP:SUPER.USERNAME | DP:SUPER.PASSWORD | DP:STUDENTS.STUDENT2.FULLNAME | DP:SECTIONS.SECTIONNAME | DP:TRAININGASSIGNMENTS.TRAININGNAME1 | DP:SAMPATHASSIGNMENTS.SAMPATHSUBJECT | Assignments | Y | N | SAM Assignments | DP:EXAMASSIGNMENTS.EXAMNAME1 | DP:TRAININGASSIGNMENTS.TRAININGNAME1 | DP:PROJECTASSIGNMENTS.PROJECTASSIGNMENTNAME1 | DP:SAMPATHASSIGNMENTS.SAMPATHNAME | DP:EXAMASSIGNMENTS.ISAEXAMNAME | DP:TRAININGASSIGNMENTS.TRAININGISANAME1 | DP:PROJECTASSIGNMENTS.PROJECTISANAME | DP:SAMPATHASSIGNMENTS.ISASAMPATHANAME |" name="And I enter DP:TRAININGASSIGNMENTS.TRAININGISANAME1 Y in Assignment Name" time="0"/>
  <testcase classname="| DP:SUPER.USERNAME | DP:SUPER.PASSWORD | DP:STUDENTS.STUDENT2.FULLNAME | DP:SECTIONS.SECTIONNAME | DP:TRAININGASSIGNMENTS.TRAININGNAME1 | DP:SAMPATHASSIGNMENTS.SAMPATHSUBJECT | Assignments | Y | N | SAM Assignments | DP:EXAMASSIGNMENTS.EXAMNAME1 | DP:TRAININGASSIGNMENTS.TRAININGNAME1 | DP:PROJECTASSIGNMENTS.PROJECTASSIGNMENTNAME1 | DP:SAMPATHASSIGNMENTS.SAMPATHNAME | DP:EXAMASSIGNMENTS.ISAEXAMNAME | DP:TRAININGASSIGNMENTS.TRAININGISANAME1 | DP:PROJECTASSIGNMENTS.PROJECTISANAME | DP:SAMPATHASSIGNMENTS.ISASAMPATHANAME |" name="And I click on Save button" time="0"/>
  <testcase classname="| DP:SUPER.USERNAME | DP:SUPER.PASSWORD | DP:STUDENTS.STUDENT2.FULLNAME | DP:SECTIONS.SECTIONNAME | DP:TRAININGASSIGNMENTS.TRAININGNAME1 | DP:SAMPATHASSIGNMENTS.SAMPATHSUBJECT | Assignments | Y | N | SAM Assignments | DP:EXAMASSIGNMENTS.EXAMNAME1 | DP:TRAININGASSIGNMENTS.TRAININGNAME1 | DP:PROJECTASSIGNMENTS.PROJECTASSIGNMENTNAME1 | DP:SAMPATHASSIGNMENTS.SAMPATHNAME | DP:EXAMASSIGNMENTS.ISAEXAMNAME | DP:TRAININGASSIGNMENTS.TRAININGISANAME1 | DP:PROJECTASSIGNMENTS.PROJECTISANAME | DP:SAMPATHASSIGNMENTS.ISASAMPATHANAME |" name="And I see the DP:TRAININGASSIGNMENTS.TRAININGISANAME1 Y duplicate assignment warning message Popup in Assignment Creation" time="0">
    <failure type="java.lang.AssertionError">java.lang.AssertionError
	at org.junit.Assert.fail(Assert.java:86)
	at org.junit.Assert.assertTrue(Assert.java:41)
	at org.junit.Assert.assertTrue(Assert.java:52)
	at cengage.samlms.stepdefinition.SAMAssignmentsSteps.I_see_the_duplicate_assignment_warning_message_Popup_in_Assignment_Creation(SAMAssignmentsSteps.java:738)
	at ✽.And I see the DP:TRAININGASSIGNMENTS.TRAININGISANAME1 Y duplicate assignment warning message Popup in Assignment Creation(test/resources/cengage/samlms/lms_stories/Assignment_Name_Validation.feature:532)
</failure>
    <system-out>23:58:04.279 [main] ERROR cengage.common.toolbox.Sync - org.openqa.selenium.TimeoutException: Timed out after 150 seconds waiting for cengage.common.toolbox.Sync$1@6dcab9d9
Build info: version: &apos;2.53.0&apos;, revision: &apos;35ae25b1534ae328c771e0856c93e187490ca824&apos;, time: &apos;2016-03-15 10:43:46&apos;
System info: host: &apos;CODOID&apos;, ip: &apos;10.161.243.104&apos;, os.name: &apos;Windows 8.1&apos;, os.arch: &apos;amd64&apos;, os.version: &apos;6.3&apos;, java.version: &apos;1.8.0_91&apos;
Driver info: driver.version: unknown
23:58:04.279 [main] ERROR cengage.common.toolbox.Element - java.lang.NullPointerException
</system-out>
  </testcase>
  <testcase classname="| DP:SUPER.USERNAME | DP:SUPER.PASSWORD | DP:STUDENTS.STUDENT2.FULLNAME | DP:SECTIONS.SECTIONNAME | DP:TRAININGASSIGNMENTS.TRAININGNAME1 | DP:SAMPATHASSIGNMENTS.SAMPATHSUBJECT | Assignments | Y | N | SAM Assignments | DP:EXAMASSIGNMENTS.EXAMNAME1 | DP:TRAININGASSIGNMENTS.TRAININGNAME1 | DP:PROJECTASSIGNMENTS.PROJECTASSIGNMENTNAME1 | DP:SAMPATHASSIGNMENTS.SAMPATHNAME | DP:EXAMASSIGNMENTS.ISAEXAMNAME | DP:TRAININGASSIGNMENTS.TRAININGISANAME1 | DP:PROJECTASSIGNMENTS.PROJECTISANAME | DP:SAMPATHASSIGNMENTS.ISASAMPATHANAME |" name="| DP:SUPER.USERNAME | DP:SUPER.PASSWORD | DP:STUDENTS.STUDENT2.FULLNAME | DP:SECTIONS.SECTIONNAME | DP:TRAININGASSIGNMENTS.TRAININGNAME1 | DP:SAMPATHASSIGNMENTS.SAMPATHSUBJECT | Assignments | Y | N | SAM Assignments | DP:EXAMASSIGNMENTS.EXAMNAME1 | DP:TRAININGASSIGNMENTS.TRAININGNAME1 | DP:PROJECTASSIGNMENTS.PROJECTASSIGNMENTNAME1 | DP:SAMPATHASSIGNMENTS.SAMPATHNAME | DP:EXAMASSIGNMENTS.ISAEXAMNAME | DP:TRAININGASSIGNMENTS.TRAININGISANAME1 | DP:PROJECTASSIGNMENTS.PROJECTISANAME | DP:SAMPATHASSIGNMENTS.ISASAMPATHANAME |" time="0">
    <failure type="java.lang.AssertionError">java.lang.AssertionError
	at org.junit.Assert.fail(Assert.java:86)
	at org.junit.Assert.assertTrue(Assert.java:41)
	at org.junit.Assert.assertTrue(Assert.java:52)
	at cengage.samlms.stepdefinition.SAMAssignmentsSteps.I_see_the_duplicate_assignment_warning_message_Popup_in_Assignment_Creation(SAMAssignmentsSteps.java:738)
	at ✽.And I see the DP:TRAININGASSIGNMENTS.TRAININGISANAME1 Y duplicate assignment warning message Popup in Assignment Creation(test/resources/cengage/samlms/lms_stories/Assignment_Name_Validation.feature:532)
</failure>
  </testcase>
  <testcase classname="| DP:SUPER.USERNAME | DP:SUPER.PASSWORD | DP:STUDENTS.STUDENT2.FULLNAME | DP:SECTIONS.SECTIONNAME | DP:TRAININGASSIGNMENTS.TRAININGNAME1 | DP:SAMPATHASSIGNMENTS.SAMPATHSUBJECT | Assignments | Y | N | SAM Assignments | DP:EXAMASSIGNMENTS.EXAMNAME1 | DP:TRAININGASSIGNMENTS.TRAININGNAME1 | DP:PROJECTASSIGNMENTS.PROJECTASSIGNMENTNAME1 | DP:SAMPATHASSIGNMENTS.SAMPATHNAME | DP:EXAMASSIGNMENTS.ISAEXAMNAME | DP:TRAININGASSIGNMENTS.TRAININGISANAME1 | DP:PROJECTASSIGNMENTS.PROJECTISANAME | DP:SAMPATHASSIGNMENTS.ISASAMPATHANAME |" name="And I click on X icon" time="0">
    <skipped/>
  </testcase>
  <testcase classname="| DP:SUPER.USERNAME | DP:SUPER.PASSWORD | DP:STUDENTS.STUDENT2.FULLNAME | DP:SECTIONS.SECTIONNAME | DP:TRAININGASSIGNMENTS.TRAININGNAME1 | DP:SAMPATHASSIGNMENTS.SAMPATHSUBJECT | Assignments | Y | N | SAM Assignments | DP:EXAMASSIGNMENTS.EXAMNAME1 | DP:TRAININGASSIGNMENTS.TRAININGNAME1 | DP:PROJECTASSIGNMENTS.PROJECTASSIGNMENTNAME1 | DP:SAMPATHASSIGNMENTS.SAMPATHNAME | DP:EXAMASSIGNMENTS.ISAEXAMNAME | DP:TRAININGASSIGNMENTS.TRAININGISANAME1 | DP:PROJECTASSIGNMENTS.PROJECTISANAME | DP:SAMPATHASSIGNMENTS.ISASAMPATHANAME |" name="And I enter DP:PROJECTASSIGNMENTS.PROJECTISANAME Y in Assignment Name" time="0">
    <skipped/>
  </testcase>
  <testcase classname="| DP:SUPER.USERNAME | DP:SUPER.PASSWORD | DP:STUDENTS.STUDENT2.FULLNAME | DP:SECTIONS.SECTIONNAME | DP:TRAININGASSIGNMENTS.TRAININGNAME1 | DP:SAMPATHASSIGNMENTS.SAMPATHSUBJECT | Assignments | Y | N | SAM Assignments | DP:EXAMASSIGNMENTS.EXAMNAME1 | DP:TRAININGASSIGNMENTS.TRAININGNAME1 | DP:PROJECTASSIGNMENTS.PROJECTASSIGNMENTNAME1 | DP:SAMPATHASSIGNMENTS.SAMPATHNAME | DP:EXAMASSIGNMENTS.ISAEXAMNAME | DP:TRAININGASSIGNMENTS.TRAININGISANAME1 | DP:PROJECTASSIGNMENTS.PROJECTISANAME | DP:SAMPATHASSIGNMENTS.ISASAMPATHANAME |" name="And I click on Save button" time="0.016">
    <skipped/>
  </testcase>
  <testcase classname="| DP:SUPER.USERNAME | DP:SUPER.PASSWORD | DP:STUDENTS.STUDENT2.FULLNAME | DP:SECTIONS.SECTIONNAME | DP:TRAININGASSIGNMENTS.TRAININGNAME1 | DP:SAMPATHASSIGNMENTS.SAMPATHSUBJECT | Assignments | Y | N | SAM Assignments | DP:EXAMASSIGNMENTS.EXAMNAME1 | DP:TRAININGASSIGNMENTS.TRAININGNAME1 | DP:PROJECTASSIGNMENTS.PROJECTASSIGNMENTNAME1 | DP:SAMPATHASSIGNMENTS.SAMPATHNAME | DP:EXAMASSIGNMENTS.ISAEXAMNAME | DP:TRAININGASSIGNMENTS.TRAININGISANAME1 | DP:PROJECTASSIGNMENTS.PROJECTISANAME | DP:SAMPATHASSIGNMENTS.ISASAMPATHANAME |" name="And I see the DP:PROJECTASSIGNMENTS.PROJECTISANAME Y duplicate assignment warning message Popup in Assignment Creation" time="0.032">
    <skipped/>
  </testcase>
  <testcase classname="| DP:SUPER.USERNAME | DP:SUPER.PASSWORD | DP:STUDENTS.STUDENT2.FULLNAME | DP:SECTIONS.SECTIONNAME | DP:TRAININGASSIGNMENTS.TRAININGNAME1 | DP:SAMPATHASSIGNMENTS.SAMPATHSUBJECT | Assignments | Y | N | SAM Assignments | DP:EXAMASSIGNMENTS.EXAMNAME1 | DP:TRAININGASSIGNMENTS.TRAININGNAME1 | DP:PROJECTASSIGNMENTS.PROJECTASSIGNMENTNAME1 | DP:SAMPATHASSIGNMENTS.SAMPATHNAME | DP:EXAMASSIGNMENTS.ISAEXAMNAME | DP:TRAININGASSIGNMENTS.TRAININGISANAME1 | DP:PROJECTASSIGNMENTS.PROJECTISANAME | DP:SAMPATHASSIGNMENTS.ISASAMPATHANAME |" name="And I click on X icon" time="0.032">
    <skipped/>
  </testcase>
  <testcase classname="| DP:SUPER.USERNAME | DP:SUPER.PASSWORD | DP:STUDENTS.STUDENT2.FULLNAME | DP:SECTIONS.SECTIONNAME | DP:TRAININGASSIGNMENTS.TRAININGNAME1 | DP:SAMPATHASSIGNMENTS.SAMPATHSUBJECT | Assignments | Y | N | SAM Assignments | DP:EXAMASSIGNMENTS.EXAMNAME1 | DP:TRAININGASSIGNMENTS.TRAININGNAME1 | DP:PROJECTASSIGNMENTS.PROJECTASSIGNMENTNAME1 | DP:SAMPATHASSIGNMENTS.SAMPATHNAME | DP:EXAMASSIGNMENTS.ISAEXAMNAME | DP:TRAININGASSIGNMENTS.TRAININGISANAME1 | DP:PROJECTASSIGNMENTS.PROJECTISANAME | DP:SAMPATHASSIGNMENTS.ISASAMPATHANAME |" name="And I enter DP:SAMPATHASSIGNMENTS.ISASAMPATHANAME Y in Assignment Name" time="0.032">
    <skipped/>
  </testcase>
  <testcase classname="| DP:SUPER.USERNAME | DP:SUPER.PASSWORD | DP:STUDENTS.STUDENT2.FULLNAME | DP:SECTIONS.SECTIONNAME | DP:TRAININGASSIGNMENTS.TRAININGNAME1 | DP:SAMPATHASSIGNMENTS.SAMPATHSUBJECT | Assignments | Y | N | SAM Assignments | DP:EXAMASSIGNMENTS.EXAMNAME1 | DP:TRAININGASSIGNMENTS.TRAININGNAME1 | DP:PROJECTASSIGNMENTS.PROJECTASSIGNMENTNAME1 | DP:SAMPATHASSIGNMENTS.SAMPATHNAME | DP:EXAMASSIGNMENTS.ISAEXAMNAME | DP:TRAININGASSIGNMENTS.TRAININGISANAME1 | DP:PROJECTASSIGNMENTS.PROJECTISANAME | DP:SAMPATHASSIGNMENTS.ISASAMPATHANAME |" name="And I click on Save button" time="0.032">
    <skipped/>
  </testcase>
  <testcase classname="| DP:SUPER.USERNAME | DP:SUPER.PASSWORD | DP:STUDENTS.STUDENT2.FULLNAME | DP:SECTIONS.SECTIONNAME | DP:TRAININGASSIGNMENTS.TRAININGNAME1 | DP:SAMPATHASSIGNMENTS.SAMPATHSUBJECT | Assignments | Y | N | SAM Assignments | DP:EXAMASSIGNMENTS.EXAMNAME1 | DP:TRAININGASSIGNMENTS.TRAININGNAME1 | DP:PROJECTASSIGNMENTS.PROJECTASSIGNMENTNAME1 | DP:SAMPATHASSIGNMENTS.SAMPATHNAME | DP:EXAMASSIGNMENTS.ISAEXAMNAME | DP:TRAININGASSIGNMENTS.TRAININGISANAME1 | DP:PROJECTASSIGNMENTS.PROJECTISANAME | DP:SAMPATHASSIGNMENTS.ISASAMPATHANAME |" name="And I see the DP:SAMPATHASSIGNMENTS.ISASAMPATHANAME Y duplicate assignment warning message Popup in Assignment Creation" time="0.047">
    <skipped/>
  </testcase>
  <testcase classname="| DP:SUPER.USERNAME | DP:SUPER.PASSWORD | DP:STUDENTS.STUDENT2.FULLNAME | DP:SECTIONS.SECTIONNAME | DP:TRAININGASSIGNMENTS.TRAININGNAME1 | DP:SAMPATHASSIGNMENTS.SAMPATHSUBJECT | Assignments | Y | N | SAM Assignments | DP:EXAMASSIGNMENTS.EXAMNAME1 | DP:TRAININGASSIGNMENTS.TRAININGNAME1 | DP:PROJECTASSIGNMENTS.PROJECTASSIGNMENTNAME1 | DP:SAMPATHASSIGNMENTS.SAMPATHNAME | DP:EXAMASSIGNMENTS.ISAEXAMNAME | DP:TRAININGASSIGNMENTS.TRAININGISANAME1 | DP:PROJECTASSIGNMENTS.PROJECTISANAME | DP:SAMPATHASSIGNMENTS.ISASAMPATHANAME |" name="And I click on X icon" time="0.047">
    <skipped/>
  </testcase>
  <testcase classname="| DP:SUPER.USERNAME | DP:SUPER.PASSWORD | DP:STUDENTS.STUDENT2.FULLNAME | DP:SECTIONS.SECTIONNAME | DP:TRAININGASSIGNMENTS.TRAININGNAME1 | DP:SAMPATHASSIGNMENTS.SAMPATHSUBJECT | Assignments | Y | N | SAM Assignments | DP:EXAMASSIGNMENTS.EXAMNAME1 | DP:TRAININGASSIGNMENTS.TRAININGNAME1 | DP:PROJECTASSIGNMENTS.PROJECTASSIGNMENTNAME1 | DP:SAMPATHASSIGNMENTS.SAMPATHNAME | DP:EXAMASSIGNMENTS.ISAEXAMNAME | DP:TRAININGASSIGNMENTS.TRAININGISANAME1 | DP:PROJECTASSIGNMENTS.PROJECTISANAME | DP:SAMPATHASSIGNMENTS.ISASAMPATHANAME |" name="And I click on SAM Assignments tab" time="0.047">
    <skipped/>
  </testcase>
  <testcase classname="| DP:SUPER.USERNAME | DP:SUPER.PASSWORD | DP:STUDENTS.STUDENT2.FULLNAME | DP:SECTIONS.SECTIONNAME | DP:TRAININGASSIGNMENTS.TRAININGNAME1 | DP:SAMPATHASSIGNMENTS.SAMPATHSUBJECT | Assignments | Y | N | SAM Assignments | DP:EXAMASSIGNMENTS.EXAMNAME1 | DP:TRAININGASSIGNMENTS.TRAININGNAME1 | DP:PROJECTASSIGNMENTS.PROJECTASSIGNMENTNAME1 | DP:SAMPATHASSIGNMENTS.SAMPATHNAME | DP:EXAMASSIGNMENTS.ISAEXAMNAME | DP:TRAININGASSIGNMENTS.TRAININGISANAME1 | DP:PROJECTASSIGNMENTS.PROJECTISANAME | DP:SAMPATHASSIGNMENTS.ISASAMPATHANAME |" name="And I click on Assignments tab" time="0.047">
    <skipped/>
  </testcase>
  <testcase classname="| DP:SUPER.USERNAME | DP:SUPER.PASSWORD | DP:STUDENTS.STUDENT2.FULLNAME | DP:SECTIONS.SECTIONNAME | DP:TRAININGASSIGNMENTS.TRAININGNAME1 | DP:SAMPATHASSIGNMENTS.SAMPATHSUBJECT | Assignments | Y | N | SAM Assignments | DP:EXAMASSIGNMENTS.EXAMNAME1 | DP:TRAININGASSIGNMENTS.TRAININGNAME1 | DP:PROJECTASSIGNMENTS.PROJECTASSIGNMENTNAME1 | DP:SAMPATHASSIGNMENTS.SAMPATHNAME | DP:EXAMASSIGNMENTS.ISAEXAMNAME | DP:TRAININGASSIGNMENTS.TRAININGISANAME1 | DP:PROJECTASSIGNMENTS.PROJECTISANAME | DP:SAMPATHASSIGNMENTS.ISASAMPATHANAME |" name="And I see DP:TRAININGASSIGNMENTS.TRAININGNAME1 Y in Assignment tab" time="0.047">
    <skipped/>
  </testcase>
  <testcase classname="| DP:SUPER.USERNAME | DP:SUPER.PASSWORD | DP:STUDENTS.STUDENT2.FULLNAME | DP:SECTIONS.SECTIONNAME | DP:TRAININGASSIGNMENTS.TRAININGNAME1 | DP:SAMPATHASSIGNMENTS.SAMPATHSUBJECT | Assignments | Y | N | SAM Assignments | DP:EXAMASSIGNMENTS.EXAMNAME1 | DP:TRAININGASSIGNMENTS.TRAININGNAME1 | DP:PROJECTASSIGNMENTS.PROJECTASSIGNMENTNAME1 | DP:SAMPATHASSIGNMENTS.SAMPATHNAME | DP:EXAMASSIGNMENTS.ISAEXAMNAME | DP:TRAININGASSIGNMENTS.TRAININGISANAME1 | DP:PROJECTASSIGNMENTS.PROJECTISANAME | DP:SAMPATHASSIGNMENTS.ISASAMPATHANAME |" name="And I click on Schedule Individual Student Assignment icon" time="0.047">
    <skipped/>
  </testcase>
  <testcase classname="| DP:SUPER.USERNAME | DP:SUPER.PASSWORD | DP:STUDENTS.STUDENT2.FULLNAME | DP:SECTIONS.SECTIONNAME | DP:TRAININGASSIGNMENTS.TRAININGNAME1 | DP:SAMPATHASSIGNMENTS.SAMPATHSUBJECT | Assignments | Y | N | SAM Assignments | DP:EXAMASSIGNMENTS.EXAMNAME1 | DP:TRAININGASSIGNMENTS.TRAININGNAME1 | DP:PROJECTASSIGNMENTS.PROJECTASSIGNMENTNAME1 | DP:SAMPATHASSIGNMENTS.SAMPATHNAME | DP:EXAMASSIGNMENTS.ISAEXAMNAME | DP:TRAININGASSIGNMENTS.TRAININGISANAME1 | DP:PROJECTASSIGNMENTS.PROJECTISANAME | DP:SAMPATHASSIGNMENTS.ISASAMPATHANAME |" name="And I enter DP:EXAMASSIGNMENTS.ISAEXAMNAME Y in Assignment Name" time="0.047">
    <skipped/>
  </testcase>
  <testcase classname="| DP:SUPER.USERNAME | DP:SUPER.PASSWORD | DP:STUDENTS.STUDENT2.FULLNAME | DP:SECTIONS.SECTIONNAME | DP:TRAININGASSIGNMENTS.TRAININGNAME1 | DP:SAMPATHASSIGNMENTS.SAMPATHSUBJECT | Assignments | Y | N | SAM Assignments | DP:EXAMASSIGNMENTS.EXAMNAME1 | DP:TRAININGASSIGNMENTS.TRAININGNAME1 | DP:PROJECTASSIGNMENTS.PROJECTASSIGNMENTNAME1 | DP:SAMPATHASSIGNMENTS.SAMPATHNAME | DP:EXAMASSIGNMENTS.ISAEXAMNAME | DP:TRAININGASSIGNMENTS.TRAININGISANAME1 | DP:PROJECTASSIGNMENTS.PROJECTISANAME | DP:SAMPATHASSIGNMENTS.ISASAMPATHANAME |" name="And I select DP:SECTIONS.SECTIONNAME Y in Select Section drop down" time="0.047">
    <skipped/>
  </testcase>
  <testcase classname="| DP:SUPER.USERNAME | DP:SUPER.PASSWORD | DP:STUDENTS.STUDENT2.FULLNAME | DP:SECTIONS.SECTIONNAME | DP:TRAININGASSIGNMENTS.TRAININGNAME1 | DP:SAMPATHASSIGNMENTS.SAMPATHSUBJECT | Assignments | Y | N | SAM Assignments | DP:EXAMASSIGNMENTS.EXAMNAME1 | DP:TRAININGASSIGNMENTS.TRAININGNAME1 | DP:PROJECTASSIGNMENTS.PROJECTASSIGNMENTNAME1 | DP:SAMPATHASSIGNMENTS.SAMPATHNAME | DP:EXAMASSIGNMENTS.ISAEXAMNAME | DP:TRAININGASSIGNMENTS.TRAININGISANAME1 | DP:PROJECTASSIGNMENTS.PROJECTISANAME | DP:SAMPATHASSIGNMENTS.ISASAMPATHANAME |" name="And I click on Next Step button" time="0.047">
    <skipped/>
  </testcase>
  <testcase classname="| DP:SUPER.USERNAME | DP:SUPER.PASSWORD | DP:STUDENTS.STUDENT2.FULLNAME | DP:SECTIONS.SECTIONNAME | DP:TRAININGASSIGNMENTS.TRAININGNAME1 | DP:SAMPATHASSIGNMENTS.SAMPATHSUBJECT | Assignments | Y | N | SAM Assignments | DP:EXAMASSIGNMENTS.EXAMNAME1 | DP:TRAININGASSIGNMENTS.TRAININGNAME1 | DP:PROJECTASSIGNMENTS.PROJECTASSIGNMENTNAME1 | DP:SAMPATHASSIGNMENTS.SAMPATHNAME | DP:EXAMASSIGNMENTS.ISAEXAMNAME | DP:TRAININGASSIGNMENTS.TRAININGISANAME1 | DP:PROJECTASSIGNMENTS.PROJECTISANAME | DP:SAMPATHASSIGNMENTS.ISASAMPATHANAME |" name="And I check DP:STUDENTS.STUDENT2.FULLNAME student in Available Students" time="0.047">
    <skipped/>
  </testcase>
  <testcase classname="| DP:SUPER.USERNAME | DP:SUPER.PASSWORD | DP:STUDENTS.STUDENT2.FULLNAME | DP:SECTIONS.SECTIONNAME | DP:TRAININGASSIGNMENTS.TRAININGNAME1 | DP:SAMPATHASSIGNMENTS.SAMPATHSUBJECT | Assignments | Y | N | SAM Assignments | DP:EXAMASSIGNMENTS.EXAMNAME1 | DP:TRAININGASSIGNMENTS.TRAININGNAME1 | DP:PROJECTASSIGNMENTS.PROJECTASSIGNMENTNAME1 | DP:SAMPATHASSIGNMENTS.SAMPATHNAME | DP:EXAMASSIGNMENTS.ISAEXAMNAME | DP:TRAININGASSIGNMENTS.TRAININGISANAME1 | DP:PROJECTASSIGNMENTS.PROJECTISANAME | DP:SAMPATHASSIGNMENTS.ISASAMPATHANAME |" name="And I click on Save button" time="0.047">
    <skipped/>
  </testcase>
  <testcase classname="| DP:SUPER.USERNAME | DP:SUPER.PASSWORD | DP:STUDENTS.STUDENT2.FULLNAME | DP:SECTIONS.SECTIONNAME | DP:TRAININGASSIGNMENTS.TRAININGNAME1 | DP:SAMPATHASSIGNMENTS.SAMPATHSUBJECT | Assignments | Y | N | SAM Assignments | DP:EXAMASSIGNMENTS.EXAMNAME1 | DP:TRAININGASSIGNMENTS.TRAININGNAME1 | DP:PROJECTASSIGNMENTS.PROJECTASSIGNMENTNAME1 | DP:SAMPATHASSIGNMENTS.SAMPATHNAME | DP:EXAMASSIGNMENTS.ISAEXAMNAME | DP:TRAININGASSIGNMENTS.TRAININGISANAME1 | DP:PROJECTASSIGNMENTS.PROJECTISANAME | DP:SAMPATHASSIGNMENTS.ISASAMPATHANAME |" name="And I see the DP:EXAMASSIGNMENTS.ISAEXAMNAME Y duplicate assignment warning message Popup in Assignment Creation" time="0.063">
    <skipped/>
  </testcase>
  <testcase classname="| DP:SUPER.USERNAME | DP:SUPER.PASSWORD | DP:STUDENTS.STUDENT2.FULLNAME | DP:SECTIONS.SECTIONNAME | DP:TRAININGASSIGNMENTS.TRAININGNAME1 | DP:SAMPATHASSIGNMENTS.SAMPATHSUBJECT | Assignments | Y | N | SAM Assignments | DP:EXAMASSIGNMENTS.EXAMNAME1 | DP:TRAININGASSIGNMENTS.TRAININGNAME1 | DP:PROJECTASSIGNMENTS.PROJECTASSIGNMENTNAME1 | DP:SAMPATHASSIGNMENTS.SAMPATHNAME | DP:EXAMASSIGNMENTS.ISAEXAMNAME | DP:TRAININGASSIGNMENTS.TRAININGISANAME1 | DP:PROJECTASSIGNMENTS.PROJECTISANAME | DP:SAMPATHASSIGNMENTS.ISASAMPATHANAME |" name="And I click on X icon" time="0.063">
    <skipped/>
  </testcase>
  <testcase classname="| DP:SUPER.USERNAME | DP:SUPER.PASSWORD | DP:STUDENTS.STUDENT2.FULLNAME | DP:SECTIONS.SECTIONNAME | DP:TRAININGASSIGNMENTS.TRAININGNAME1 | DP:SAMPATHASSIGNMENTS.SAMPATHSUBJECT | Assignments | Y | N | SAM Assignments | DP:EXAMASSIGNMENTS.EXAMNAME1 | DP:TRAININGASSIGNMENTS.TRAININGNAME1 | DP:PROJECTASSIGNMENTS.PROJECTASSIGNMENTNAME1 | DP:SAMPATHASSIGNMENTS.SAMPATHNAME | DP:EXAMASSIGNMENTS.ISAEXAMNAME | DP:TRAININGASSIGNMENTS.TRAININGISANAME1 | DP:PROJECTASSIGNMENTS.PROJECTISANAME | DP:SAMPATHASSIGNMENTS.ISASAMPATHANAME |" name="And I click on Back OneStep Button" time="0.063">
    <skipped/>
  </testcase>
  <testcase classname="| DP:SUPER.USERNAME | DP:SUPER.PASSWORD | DP:STUDENTS.STUDENT2.FULLNAME | DP:SECTIONS.SECTIONNAME | DP:TRAININGASSIGNMENTS.TRAININGNAME1 | DP:SAMPATHASSIGNMENTS.SAMPATHSUBJECT | Assignments | Y | N | SAM Assignments | DP:EXAMASSIGNMENTS.EXAMNAME1 | DP:TRAININGASSIGNMENTS.TRAININGNAME1 | DP:PROJECTASSIGNMENTS.PROJECTASSIGNMENTNAME1 | DP:SAMPATHASSIGNMENTS.SAMPATHNAME | DP:EXAMASSIGNMENTS.ISAEXAMNAME | DP:TRAININGASSIGNMENTS.TRAININGISANAME1 | DP:PROJECTASSIGNMENTS.PROJECTISANAME | DP:SAMPATHASSIGNMENTS.ISASAMPATHANAME |" name="And I enter DP:TRAININGASSIGNMENTS.TRAININGISANAME1 Y in Assignment Name" time="0.063">
    <skipped/>
  </testcase>
  <testcase classname="| DP:SUPER.USERNAME | DP:SUPER.PASSWORD | DP:STUDENTS.STUDENT2.FULLNAME | DP:SECTIONS.SECTIONNAME | DP:TRAININGASSIGNMENTS.TRAININGNAME1 | DP:SAMPATHASSIGNMENTS.SAMPATHSUBJECT | Assignments | Y | N | SAM Assignments | DP:EXAMASSIGNMENTS.EXAMNAME1 | DP:TRAININGASSIGNMENTS.TRAININGNAME1 | DP:PROJECTASSIGNMENTS.PROJECTASSIGNMENTNAME1 | DP:SAMPATHASSIGNMENTS.SAMPATHNAME | DP:EXAMASSIGNMENTS.ISAEXAMNAME | DP:TRAININGASSIGNMENTS.TRAININGISANAME1 | DP:PROJECTASSIGNMENTS.PROJECTISANAME | DP:SAMPATHASSIGNMENTS.ISASAMPATHANAME |" name="And I click on Next Step button" time="0.063">
    <skipped/>
  </testcase>
  <testcase classname="| DP:SUPER.USERNAME | DP:SUPER.PASSWORD | DP:STUDENTS.STUDENT2.FULLNAME | DP:SECTIONS.SECTIONNAME | DP:TRAININGASSIGNMENTS.TRAININGNAME1 | DP:SAMPATHASSIGNMENTS.SAMPATHSUBJECT | Assignments | Y | N | SAM Assignments | DP:EXAMASSIGNMENTS.EXAMNAME1 | DP:TRAININGASSIGNMENTS.TRAININGNAME1 | DP:PROJECTASSIGNMENTS.PROJECTASSIGNMENTNAME1 | DP:SAMPATHASSIGNMENTS.SAMPATHNAME | DP:EXAMASSIGNMENTS.ISAEXAMNAME | DP:TRAININGASSIGNMENTS.TRAININGISANAME1 | DP:PROJECTASSIGNMENTS.PROJECTISANAME | DP:SAMPATHASSIGNMENTS.ISASAMPATHANAME |" name="And I click on Save button" time="0.063">
    <skipped/>
  </testcase>
  <testcase classname="| DP:SUPER.USERNAME | DP:SUPER.PASSWORD | DP:STUDENTS.STUDENT2.FULLNAME | DP:SECTIONS.SECTIONNAME | DP:TRAININGASSIGNMENTS.TRAININGNAME1 | DP:SAMPATHASSIGNMENTS.SAMPATHSUBJECT | Assignments | Y | N | SAM Assignments | DP:EXAMASSIGNMENTS.EXAMNAME1 | DP:TRAININGASSIGNMENTS.TRAININGNAME1 | DP:PROJECTASSIGNMENTS.PROJECTASSIGNMENTNAME1 | DP:SAMPATHASSIGNMENTS.SAMPATHNAME | DP:EXAMASSIGNMENTS.ISAEXAMNAME | DP:TRAININGASSIGNMENTS.TRAININGISANAME1 | DP:PROJECTASSIGNMENTS.PROJECTISANAME | DP:SAMPATHASSIGNMENTS.ISASAMPATHANAME |" name="And I see the DP:TRAININGASSIGNMENTS.TRAININGISANAME1 Y duplicate assignment warning message Popup in Assignment Creation" time="0.078">
    <skipped/>
  </testcase>
  <testcase classname="| DP:SUPER.USERNAME | DP:SUPER.PASSWORD | DP:STUDENTS.STUDENT2.FULLNAME | DP:SECTIONS.SECTIONNAME | DP:TRAININGASSIGNMENTS.TRAININGNAME1 | DP:SAMPATHASSIGNMENTS.SAMPATHSUBJECT | Assignments | Y | N | SAM Assignments | DP:EXAMASSIGNMENTS.EXAMNAME1 | DP:TRAININGASSIGNMENTS.TRAININGNAME1 | DP:PROJECTASSIGNMENTS.PROJECTASSIGNMENTNAME1 | DP:SAMPATHASSIGNMENTS.SAMPATHNAME | DP:EXAMASSIGNMENTS.ISAEXAMNAME | DP:TRAININGASSIGNMENTS.TRAININGISANAME1 | DP:PROJECTASSIGNMENTS.PROJECTISANAME | DP:SAMPATHASSIGNMENTS.ISASAMPATHANAME |" name="And I click on X icon" time="0.078">
    <skipped/>
  </testcase>
  <testcase classname="| DP:SUPER.USERNAME | DP:SUPER.PASSWORD | DP:STUDENTS.STUDENT2.FULLNAME | DP:SECTIONS.SECTIONNAME | DP:TRAININGASSIGNMENTS.TRAININGNAME1 | DP:SAMPATHASSIGNMENTS.SAMPATHSUBJECT | Assignments | Y | N | SAM Assignments | DP:EXAMASSIGNMENTS.EXAMNAME1 | DP:TRAININGASSIGNMENTS.TRAININGNAME1 | DP:PROJECTASSIGNMENTS.PROJECTASSIGNMENTNAME1 | DP:SAMPATHASSIGNMENTS.SAMPATHNAME | DP:EXAMASSIGNMENTS.ISAEXAMNAME | DP:TRAININGASSIGNMENTS.TRAININGISANAME1 | DP:PROJECTASSIGNMENTS.PROJECTISANAME | DP:SAMPATHASSIGNMENTS.ISASAMPATHANAME |" name="And I click on Back OneStep Button" time="0.078">
    <skipped/>
  </testcase>
  <testcase classname="| DP:SUPER.USERNAME | DP:SUPER.PASSWORD | DP:STUDENTS.STUDENT2.FULLNAME | DP:SECTIONS.SECTIONNAME | DP:TRAININGASSIGNMENTS.TRAININGNAME1 | DP:SAMPATHASSIGNMENTS.SAMPATHSUBJECT | Assignments | Y | N | SAM Assignments | DP:EXAMASSIGNMENTS.EXAMNAME1 | DP:TRAININGASSIGNMENTS.TRAININGNAME1 | DP:PROJECTASSIGNMENTS.PROJECTASSIGNMENTNAME1 | DP:SAMPATHASSIGNMENTS.SAMPATHNAME | DP:EXAMASSIGNMENTS.ISAEXAMNAME | DP:TRAININGASSIGNMENTS.TRAININGISANAME1 | DP:PROJECTASSIGNMENTS.PROJECTISANAME | DP:SAMPATHASSIGNMENTS.ISASAMPATHANAME |" name="And I enter DP:PROJECTASSIGNMENTS.PROJECTISANAME Y in Assignment Name" time="0.078">
    <skipped/>
  </testcase>
  <testcase classname="| DP:SUPER.USERNAME | DP:SUPER.PASSWORD | DP:STUDENTS.STUDENT2.FULLNAME | DP:SECTIONS.SECTIONNAME | DP:TRAININGASSIGNMENTS.TRAININGNAME1 | DP:SAMPATHASSIGNMENTS.SAMPATHSUBJECT | Assignments | Y | N | SAM Assignments | DP:EXAMASSIGNMENTS.EXAMNAME1 | DP:TRAININGASSIGNMENTS.TRAININGNAME1 | DP:PROJECTASSIGNMENTS.PROJECTASSIGNMENTNAME1 | DP:SAMPATHASSIGNMENTS.SAMPATHNAME | DP:EXAMASSIGNMENTS.ISAEXAMNAME | DP:TRAININGASSIGNMENTS.TRAININGISANAME1 | DP:PROJECTASSIGNMENTS.PROJECTISANAME | DP:SAMPATHASSIGNMENTS.ISASAMPATHANAME |" name="And I click on Next Step button" time="0.078">
    <skipped/>
  </testcase>
  <testcase classname="| DP:SUPER.USERNAME | DP:SUPER.PASSWORD | DP:STUDENTS.STUDENT2.FULLNAME | DP:SECTIONS.SECTIONNAME | DP:TRAININGASSIGNMENTS.TRAININGNAME1 | DP:SAMPATHASSIGNMENTS.SAMPATHSUBJECT | Assignments | Y | N | SAM Assignments | DP:EXAMASSIGNMENTS.EXAMNAME1 | DP:TRAININGASSIGNMENTS.TRAININGNAME1 | DP:PROJECTASSIGNMENTS.PROJECTASSIGNMENTNAME1 | DP:SAMPATHASSIGNMENTS.SAMPATHNAME | DP:EXAMASSIGNMENTS.ISAEXAMNAME | DP:TRAININGASSIGNMENTS.TRAININGISANAME1 | DP:PROJECTASSIGNMENTS.PROJECTISANAME | DP:SAMPATHASSIGNMENTS.ISASAMPATHANAME |" name="And I click on Save button" time="0.078">
    <skipped/>
  </testcase>
  <testcase classname="| DP:SUPER.USERNAME | DP:SUPER.PASSWORD | DP:STUDENTS.STUDENT2.FULLNAME | DP:SECTIONS.SECTIONNAME | DP:TRAININGASSIGNMENTS.TRAININGNAME1 | DP:SAMPATHASSIGNMENTS.SAMPATHSUBJECT | Assignments | Y | N | SAM Assignments | DP:EXAMASSIGNMENTS.EXAMNAME1 | DP:TRAININGASSIGNMENTS.TRAININGNAME1 | DP:PROJECTASSIGNMENTS.PROJECTASSIGNMENTNAME1 | DP:SAMPATHASSIGNMENTS.SAMPATHNAME | DP:EXAMASSIGNMENTS.ISAEXAMNAME | DP:TRAININGASSIGNMENTS.TRAININGISANAME1 | DP:PROJECTASSIGNMENTS.PROJECTISANAME | DP:SAMPATHASSIGNMENTS.ISASAMPATHANAME |" name="And I see the DP:PROJECTASSIGNMENTS.PROJECTISANAME Y duplicate assignment warning message Popup in Assignment Creation" time="0.094">
    <skipped/>
  </testcase>
  <testcase classname="| DP:SUPER.USERNAME | DP:SUPER.PASSWORD | DP:STUDENTS.STUDENT2.FULLNAME | DP:SECTIONS.SECTIONNAME | DP:TRAININGASSIGNMENTS.TRAININGNAME1 | DP:SAMPATHASSIGNMENTS.SAMPATHSUBJECT | Assignments | Y | N | SAM Assignments | DP:EXAMASSIGNMENTS.EXAMNAME1 | DP:TRAININGASSIGNMENTS.TRAININGNAME1 | DP:PROJECTASSIGNMENTS.PROJECTASSIGNMENTNAME1 | DP:SAMPATHASSIGNMENTS.SAMPATHNAME | DP:EXAMASSIGNMENTS.ISAEXAMNAME | DP:TRAININGASSIGNMENTS.TRAININGISANAME1 | DP:PROJECTASSIGNMENTS.PROJECTISANAME | DP:SAMPATHASSIGNMENTS.ISASAMPATHANAME |" name="And I click on X icon" time="0.094">
    <skipped/>
  </testcase>
  <testcase classname="| DP:SUPER.USERNAME | DP:SUPER.PASSWORD | DP:STUDENTS.STUDENT2.FULLNAME | DP:SECTIONS.SECTIONNAME | DP:TRAININGASSIGNMENTS.TRAININGNAME1 | DP:SAMPATHASSIGNMENTS.SAMPATHSUBJECT | Assignments | Y | N | SAM Assignments | DP:EXAMASSIGNMENTS.EXAMNAME1 | DP:TRAININGASSIGNMENTS.TRAININGNAME1 | DP:PROJECTASSIGNMENTS.PROJECTASSIGNMENTNAME1 | DP:SAMPATHASSIGNMENTS.SAMPATHNAME | DP:EXAMASSIGNMENTS.ISAEXAMNAME | DP:TRAININGASSIGNMENTS.TRAININGISANAME1 | DP:PROJECTASSIGNMENTS.PROJECTISANAME | DP:SAMPATHASSIGNMENTS.ISASAMPATHANAME |" name="And I click on Back OneStep Button" time="0.094">
    <skipped/>
  </testcase>
  <testcase classname="| DP:SUPER.USERNAME | DP:SUPER.PASSWORD | DP:STUDENTS.STUDENT2.FULLNAME | DP:SECTIONS.SECTIONNAME | DP:TRAININGASSIGNMENTS.TRAININGNAME1 | DP:SAMPATHASSIGNMENTS.SAMPATHSUBJECT | Assignments | Y | N | SAM Assignments | DP:EXAMASSIGNMENTS.EXAMNAME1 | DP:TRAININGASSIGNMENTS.TRAININGNAME1 | DP:PROJECTASSIGNMENTS.PROJECTASSIGNMENTNAME1 | DP:SAMPATHASSIGNMENTS.SAMPATHNAME | DP:EXAMASSIGNMENTS.ISAEXAMNAME | DP:TRAININGASSIGNMENTS.TRAININGISANAME1 | DP:PROJECTASSIGNMENTS.PROJECTISANAME | DP:SAMPATHASSIGNMENTS.ISASAMPATHANAME |" name="And I enter DP:SAMPATHASSIGNMENTS.ISASAMPATHANAME Y in Assignment Name" time="0.094">
    <skipped/>
  </testcase>
  <testcase classname="| DP:SUPER.USERNAME | DP:SUPER.PASSWORD | DP:STUDENTS.STUDENT2.FULLNAME | DP:SECTIONS.SECTIONNAME | DP:TRAININGASSIGNMENTS.TRAININGNAME1 | DP:SAMPATHASSIGNMENTS.SAMPATHSUBJECT | Assignments | Y | N | SAM Assignments | DP:EXAMASSIGNMENTS.EXAMNAME1 | DP:TRAININGASSIGNMENTS.TRAININGNAME1 | DP:PROJECTASSIGNMENTS.PROJECTASSIGNMENTNAME1 | DP:SAMPATHASSIGNMENTS.SAMPATHNAME | DP:EXAMASSIGNMENTS.ISAEXAMNAME | DP:TRAININGASSIGNMENTS.TRAININGISANAME1 | DP:PROJECTASSIGNMENTS.PROJECTISANAME | DP:SAMPATHASSIGNMENTS.ISASAMPATHANAME |" name="And I click on Next Step button" time="0.094">
    <skipped/>
  </testcase>
  <testcase classname="| DP:SUPER.USERNAME | DP:SUPER.PASSWORD | DP:STUDENTS.STUDENT2.FULLNAME | DP:SECTIONS.SECTIONNAME | DP:TRAININGASSIGNMENTS.TRAININGNAME1 | DP:SAMPATHASSIGNMENTS.SAMPATHSUBJECT | Assignments | Y | N | SAM Assignments | DP:EXAMASSIGNMENTS.EXAMNAME1 | DP:TRAININGASSIGNMENTS.TRAININGNAME1 | DP:PROJECTASSIGNMENTS.PROJECTASSIGNMENTNAME1 | DP:SAMPATHASSIGNMENTS.SAMPATHNAME | DP:EXAMASSIGNMENTS.ISAEXAMNAME | DP:TRAININGASSIGNMENTS.TRAININGISANAME1 | DP:PROJECTASSIGNMENTS.PROJECTISANAME | DP:SAMPATHASSIGNMENTS.ISASAMPATHANAME |" name="When I click on Save button" time="0.094">
    <skipped/>
  </testcase>
  <testcase classname="| DP:SUPER.USERNAME | DP:SUPER.PASSWORD | DP:STUDENTS.STUDENT2.FULLNAME | DP:SECTIONS.SECTIONNAME | DP:TRAININGASSIGNMENTS.TRAININGNAME1 | DP:SAMPATHASSIGNMENTS.SAMPATHSUBJECT | Assignments | Y | N | SAM Assignments | DP:EXAMASSIGNMENTS.EXAMNAME1 | DP:TRAININGASSIGNMENTS.TRAININGNAME1 | DP:PROJECTASSIGNMENTS.PROJECTASSIGNMENTNAME1 | DP:SAMPATHASSIGNMENTS.SAMPATHNAME | DP:EXAMASSIGNMENTS.ISAEXAMNAME | DP:TRAININGASSIGNMENTS.TRAININGISANAME1 | DP:PROJECTASSIGNMENTS.PROJECTISANAME | DP:SAMPATHASSIGNMENTS.ISASAMPATHANAME |" name="Then I see the DP:SAMPATHASSIGNMENTS.ISASAMPATHANAME Y duplicate assignment warning message Popup in Assignment Creation" time="0.11">
    <skipped/>
  </testcase>
  <testcase classname="| DP:SUPER.USERNAME | DP:SUPER.PASSWORD | DP:STUDENTS.STUDENT2.FULLNAME | DP:SECTIONS.SECTIONNAME | DP:TRAININGASSIGNMENTS.TRAININGNAME1 | DP:SAMPATHASSIGNMENTS.SAMPATHSUBJECT | Assignments | Y | N | SAM Assignments | DP:EXAMASSIGNMENTS.EXAMNAME1 | DP:TRAININGASSIGNMENTS.TRAININGNAME1 | DP:PROJECTASSIGNMENTS.PROJECTASSIGNMENTNAME1 | DP:SAMPATHASSIGNMENTS.SAMPATHNAME | DP:EXAMASSIGNMENTS.ISAEXAMNAME | DP:TRAININGASSIGNMENTS.TRAININGISANAME1 | DP:PROJECTASSIGNMENTS.PROJECTISANAME | DP:SAMPATHASSIGNMENTS.ISASAMPATHANAME |" name="And I click on X icon" time="0.11">
    <skipped/>
  </testcase>
  <testcase classname="| DP:SUPER.USERNAME | DP:SUPER.PASSWORD | DP:STUDENTS.STUDENT2.FULLNAME | DP:SECTIONS.SECTIONNAME | DP:TRAININGASSIGNMENTS.TRAININGNAME1 | DP:SAMPATHASSIGNMENTS.SAMPATHSUBJECT | Assignments | Y | N | SAM Assignments | DP:EXAMASSIGNMENTS.EXAMNAME1 | DP:TRAININGASSIGNMENTS.TRAININGNAME1 | DP:PROJECTASSIGNMENTS.PROJECTASSIGNMENTNAME1 | DP:SAMPATHASSIGNMENTS.SAMPATHNAME | DP:EXAMASSIGNMENTS.ISAEXAMNAME | DP:TRAININGASSIGNMENTS.TRAININGISANAME1 | DP:PROJECTASSIGNMENTS.PROJECTISANAME | DP:SAMPATHASSIGNMENTS.ISASAMPATHANAME |" name="And I click on Logout button" time="0.11">
    <skipped/>
  </testcase>
  <testcase classname="| DP:SUPER.USERNAME | DP:SUPER.PASSWORD | DP:STUDENTS.STUDENT2.FULLNAME | DP:SECTIONS.SECTIONNAME | DP:TEXTBOOK.BOOK | DP:PROJECTASSIGNMENTS.PROJECTUNITS | DP:PROJECTASSIGNMENTS.PROJECTSUBJECT | Y | N | SAM Assignments | Assignments | CMPTR PowerPoint 2013 Chapter 20: SAM Project 1a | DP:EXAMASSIGNMENTS.EXAMNAME1 | DP:TRAININGASSIGNMENTS.TRAININGNAME1 | DP:PROJECTASSIGNMENTS.PROJECTASSIGNMENTNAME1 | DP:SAMPATHASSIGNMENTS.SAMPATHNAME | DP:EXAMASSIGNMENTS.ISAEXAMNAME | DP:TRAININGASSIGNMENTS.TRAININGISANAME1 | DP:PROJECTASSIGNMENTS.PROJECTISANAME | DP:SAMPATHASSIGNMENTS.ISASAMPATHANAME |" name="Given As a user I see login page of LMS" time="0"/>
  <testcase classname="| DP:SUPER.USERNAME | DP:SUPER.PASSWORD | DP:STUDENTS.STUDENT2.FULLNAME | DP:SECTIONS.SECTIONNAME | DP:TEXTBOOK.BOOK | DP:PROJECTASSIGNMENTS.PROJECTUNITS | DP:PROJECTASSIGNMENTS.PROJECTSUBJECT | Y | N | SAM Assignments | Assignments | CMPTR PowerPoint 2013 Chapter 20: SAM Project 1a | DP:EXAMASSIGNMENTS.EXAMNAME1 | DP:TRAININGASSIGNMENTS.TRAININGNAME1 | DP:PROJECTASSIGNMENTS.PROJECTASSIGNMENTNAME1 | DP:SAMPATHASSIGNMENTS.SAMPATHNAME | DP:EXAMASSIGNMENTS.ISAEXAMNAME | DP:TRAININGASSIGNMENTS.TRAININGISANAME1 | DP:PROJECTASSIGNMENTS.PROJECTISANAME | DP:SAMPATHASSIGNMENTS.ISASAMPATHANAME |" name="And I enter DP:SUPER.USERNAME N Username in LMS login page" time="0"/>
  <testcase classname="| DP:SUPER.USERNAME | DP:SUPER.PASSWORD | DP:STUDENTS.STUDENT2.FULLNAME | DP:SECTIONS.SECTIONNAME | DP:TEXTBOOK.BOOK | DP:PROJECTASSIGNMENTS.PROJECTUNITS | DP:PROJECTASSIGNMENTS.PROJECTSUBJECT | Y | N | SAM Assignments | Assignments | CMPTR PowerPoint 2013 Chapter 20: SAM Project 1a | DP:EXAMASSIGNMENTS.EXAMNAME1 | DP:TRAININGASSIGNMENTS.TRAININGNAME1 | DP:PROJECTASSIGNMENTS.PROJECTASSIGNMENTNAME1 | DP:SAMPATHASSIGNMENTS.SAMPATHNAME | DP:EXAMASSIGNMENTS.ISAEXAMNAME | DP:TRAININGASSIGNMENTS.TRAININGISANAME1 | DP:PROJECTASSIGNMENTS.PROJECTISANAME | DP:SAMPATHASSIGNMENTS.ISASAMPATHANAME |" name="And I enter DP:SUPER.PASSWORD Password in LMS login page" time="0"/>
  <testcase classname="| DP:SUPER.USERNAME | DP:SUPER.PASSWORD | DP:STUDENTS.STUDENT2.FULLNAME | DP:SECTIONS.SECTIONNAME | DP:TEXTBOOK.BOOK | DP:PROJECTASSIGNMENTS.PROJECTUNITS | DP:PROJECTASSIGNMENTS.PROJECTSUBJECT | Y | N | SAM Assignments | Assignments | CMPTR PowerPoint 2013 Chapter 20: SAM Project 1a | DP:EXAMASSIGNMENTS.EXAMNAME1 | DP:TRAININGASSIGNMENTS.TRAININGNAME1 | DP:PROJECTASSIGNMENTS.PROJECTASSIGNMENTNAME1 | DP:SAMPATHASSIGNMENTS.SAMPATHNAME | DP:EXAMASSIGNMENTS.ISAEXAMNAME | DP:TRAININGASSIGNMENTS.TRAININGISANAME1 | DP:PROJECTASSIGNMENTS.PROJECTISANAME | DP:SAMPATHASSIGNMENTS.ISASAMPATHANAME |" name="And I click on Log In button" time="0"/>
  <testcase classname="| DP:SUPER.USERNAME | DP:SUPER.PASSWORD | DP:STUDENTS.STUDENT2.FULLNAME | DP:SECTIONS.SECTIONNAME | DP:TEXTBOOK.BOOK | DP:PROJECTASSIGNMENTS.PROJECTUNITS | DP:PROJECTASSIGNMENTS.PROJECTSUBJECT | Y | N | SAM Assignments | Assignments | CMPTR PowerPoint 2013 Chapter 20: SAM Project 1a | DP:EXAMASSIGNMENTS.EXAMNAME1 | DP:TRAININGASSIGNMENTS.TRAININGNAME1 | DP:PROJECTASSIGNMENTS.PROJECTASSIGNMENTNAME1 | DP:SAMPATHASSIGNMENTS.SAMPATHNAME | DP:EXAMASSIGNMENTS.ISAEXAMNAME | DP:TRAININGASSIGNMENTS.TRAININGISANAME1 | DP:PROJECTASSIGNMENTS.PROJECTISANAME | DP:SAMPATHASSIGNMENTS.ISASAMPATHANAME |" name="And I see home page of LMS" time="0"/>
  <testcase classname="| DP:SUPER.USERNAME | DP:SUPER.PASSWORD | DP:STUDENTS.STUDENT2.FULLNAME | DP:SECTIONS.SECTIONNAME | DP:TEXTBOOK.BOOK | DP:PROJECTASSIGNMENTS.PROJECTUNITS | DP:PROJECTASSIGNMENTS.PROJECTSUBJECT | Y | N | SAM Assignments | Assignments | CMPTR PowerPoint 2013 Chapter 20: SAM Project 1a | DP:EXAMASSIGNMENTS.EXAMNAME1 | DP:TRAININGASSIGNMENTS.TRAININGNAME1 | DP:PROJECTASSIGNMENTS.PROJECTASSIGNMENTNAME1 | DP:SAMPATHASSIGNMENTS.SAMPATHNAME | DP:EXAMASSIGNMENTS.ISAEXAMNAME | DP:TRAININGASSIGNMENTS.TRAININGISANAME1 | DP:PROJECTASSIGNMENTS.PROJECTISANAME | DP:SAMPATHASSIGNMENTS.ISASAMPATHANAME |" name="And I click on SAM Assignments tab" time="0"/>
  <testcase classname="| DP:SUPER.USERNAME | DP:SUPER.PASSWORD | DP:STUDENTS.STUDENT2.FULLNAME | DP:SECTIONS.SECTIONNAME | DP:TEXTBOOK.BOOK | DP:PROJECTASSIGNMENTS.PROJECTUNITS | DP:PROJECTASSIGNMENTS.PROJECTSUBJECT | Y | N | SAM Assignments | Assignments | CMPTR PowerPoint 2013 Chapter 20: SAM Project 1a | DP:EXAMASSIGNMENTS.EXAMNAME1 | DP:TRAININGASSIGNMENTS.TRAININGNAME1 | DP:PROJECTASSIGNMENTS.PROJECTASSIGNMENTNAME1 | DP:SAMPATHASSIGNMENTS.SAMPATHNAME | DP:EXAMASSIGNMENTS.ISAEXAMNAME | DP:TRAININGASSIGNMENTS.TRAININGISANAME1 | DP:PROJECTASSIGNMENTS.PROJECTISANAME | DP:SAMPATHASSIGNMENTS.ISASAMPATHANAME |" name="And I click on Assignments tab" time="0"/>
  <testcase classname="| DP:SUPER.USERNAME | DP:SUPER.PASSWORD | DP:STUDENTS.STUDENT2.FULLNAME | DP:SECTIONS.SECTIONNAME | DP:TEXTBOOK.BOOK | DP:PROJECTASSIGNMENTS.PROJECTUNITS | DP:PROJECTASSIGNMENTS.PROJECTSUBJECT | Y | N | SAM Assignments | Assignments | CMPTR PowerPoint 2013 Chapter 20: SAM Project 1a | DP:EXAMASSIGNMENTS.EXAMNAME1 | DP:TRAININGASSIGNMENTS.TRAININGNAME1 | DP:PROJECTASSIGNMENTS.PROJECTASSIGNMENTNAME1 | DP:SAMPATHASSIGNMENTS.SAMPATHNAME | DP:EXAMASSIGNMENTS.ISAEXAMNAME | DP:TRAININGASSIGNMENTS.TRAININGISANAME1 | DP:PROJECTASSIGNMENTS.PROJECTISANAME | DP:SAMPATHASSIGNMENTS.ISASAMPATHANAME |" name="And I click on Schedule New button" time="0"/>
  <testcase classname="| DP:SUPER.USERNAME | DP:SUPER.PASSWORD | DP:STUDENTS.STUDENT2.FULLNAME | DP:SECTIONS.SECTIONNAME | DP:TEXTBOOK.BOOK | DP:PROJECTASSIGNMENTS.PROJECTUNITS | DP:PROJECTASSIGNMENTS.PROJECTSUBJECT | Y | N | SAM Assignments | Assignments | CMPTR PowerPoint 2013 Chapter 20: SAM Project 1a | DP:EXAMASSIGNMENTS.EXAMNAME1 | DP:TRAININGASSIGNMENTS.TRAININGNAME1 | DP:PROJECTASSIGNMENTS.PROJECTASSIGNMENTNAME1 | DP:SAMPATHASSIGNMENTS.SAMPATHNAME | DP:EXAMASSIGNMENTS.ISAEXAMNAME | DP:TRAININGASSIGNMENTS.TRAININGISANAME1 | DP:PROJECTASSIGNMENTS.PROJECTISANAME | DP:SAMPATHASSIGNMENTS.ISASAMPATHANAME |" name="And I click on Project button in Select Assignment Type page" time="0"/>
  <testcase classname="| DP:SUPER.USERNAME | DP:SUPER.PASSWORD | DP:STUDENTS.STUDENT2.FULLNAME | DP:SECTIONS.SECTIONNAME | DP:TEXTBOOK.BOOK | DP:PROJECTASSIGNMENTS.PROJECTUNITS | DP:PROJECTASSIGNMENTS.PROJECTSUBJECT | Y | N | SAM Assignments | Assignments | CMPTR PowerPoint 2013 Chapter 20: SAM Project 1a | DP:EXAMASSIGNMENTS.EXAMNAME1 | DP:TRAININGASSIGNMENTS.TRAININGNAME1 | DP:PROJECTASSIGNMENTS.PROJECTASSIGNMENTNAME1 | DP:SAMPATHASSIGNMENTS.SAMPATHNAME | DP:EXAMASSIGNMENTS.ISAEXAMNAME | DP:TRAININGASSIGNMENTS.TRAININGISANAME1 | DP:PROJECTASSIGNMENTS.PROJECTISANAME | DP:SAMPATHASSIGNMENTS.ISASAMPATHANAME |" name="And I select DP:TEXTBOOK.BOOK in Textbook drop down" time="0"/>
  <testcase classname="| DP:SUPER.USERNAME | DP:SUPER.PASSWORD | DP:STUDENTS.STUDENT2.FULLNAME | DP:SECTIONS.SECTIONNAME | DP:TEXTBOOK.BOOK | DP:PROJECTASSIGNMENTS.PROJECTUNITS | DP:PROJECTASSIGNMENTS.PROJECTSUBJECT | Y | N | SAM Assignments | Assignments | CMPTR PowerPoint 2013 Chapter 20: SAM Project 1a | DP:EXAMASSIGNMENTS.EXAMNAME1 | DP:TRAININGASSIGNMENTS.TRAININGNAME1 | DP:PROJECTASSIGNMENTS.PROJECTASSIGNMENTNAME1 | DP:SAMPATHASSIGNMENTS.SAMPATHNAME | DP:EXAMASSIGNMENTS.ISAEXAMNAME | DP:TRAININGASSIGNMENTS.TRAININGISANAME1 | DP:PROJECTASSIGNMENTS.PROJECTISANAME | DP:SAMPATHASSIGNMENTS.ISASAMPATHANAME |" name="And I select DP:PROJECTASSIGNMENTS.PROJECTUNITS in Unit drop down" time="0"/>
  <testcase classname="| DP:SUPER.USERNAME | DP:SUPER.PASSWORD | DP:STUDENTS.STUDENT2.FULLNAME | DP:SECTIONS.SECTIONNAME | DP:TEXTBOOK.BOOK | DP:PROJECTASSIGNMENTS.PROJECTUNITS | DP:PROJECTASSIGNMENTS.PROJECTSUBJECT | Y | N | SAM Assignments | Assignments | CMPTR PowerPoint 2013 Chapter 20: SAM Project 1a | DP:EXAMASSIGNMENTS.EXAMNAME1 | DP:TRAININGASSIGNMENTS.TRAININGNAME1 | DP:PROJECTASSIGNMENTS.PROJECTASSIGNMENTNAME1 | DP:SAMPATHASSIGNMENTS.SAMPATHNAME | DP:EXAMASSIGNMENTS.ISAEXAMNAME | DP:TRAININGASSIGNMENTS.TRAININGISANAME1 | DP:PROJECTASSIGNMENTS.PROJECTISANAME | DP:SAMPATHASSIGNMENTS.ISASAMPATHANAME |" name="And I select DP:PROJECTASSIGNMENTS.PROJECTSUBJECT in Subject drop down" time="0"/>
  <testcase classname="| DP:SUPER.USERNAME | DP:SUPER.PASSWORD | DP:STUDENTS.STUDENT2.FULLNAME | DP:SECTIONS.SECTIONNAME | DP:TEXTBOOK.BOOK | DP:PROJECTASSIGNMENTS.PROJECTUNITS | DP:PROJECTASSIGNMENTS.PROJECTSUBJECT | Y | N | SAM Assignments | Assignments | CMPTR PowerPoint 2013 Chapter 20: SAM Project 1a | DP:EXAMASSIGNMENTS.EXAMNAME1 | DP:TRAININGASSIGNMENTS.TRAININGNAME1 | DP:PROJECTASSIGNMENTS.PROJECTASSIGNMENTNAME1 | DP:SAMPATHASSIGNMENTS.SAMPATHNAME | DP:EXAMASSIGNMENTS.ISAEXAMNAME | DP:TRAININGASSIGNMENTS.TRAININGISANAME1 | DP:PROJECTASSIGNMENTS.PROJECTISANAME | DP:SAMPATHASSIGNMENTS.ISASAMPATHANAME |" name="And I select CMPTR PowerPoint 2013 Chapter 20: SAM Project 1a N in Project Name" time="0"/>
  <testcase classname="| DP:SUPER.USERNAME | DP:SUPER.PASSWORD | DP:STUDENTS.STUDENT2.FULLNAME | DP:SECTIONS.SECTIONNAME | DP:TEXTBOOK.BOOK | DP:PROJECTASSIGNMENTS.PROJECTUNITS | DP:PROJECTASSIGNMENTS.PROJECTSUBJECT | Y | N | SAM Assignments | Assignments | CMPTR PowerPoint 2013 Chapter 20: SAM Project 1a | DP:EXAMASSIGNMENTS.EXAMNAME1 | DP:TRAININGASSIGNMENTS.TRAININGNAME1 | DP:PROJECTASSIGNMENTS.PROJECTASSIGNMENTNAME1 | DP:SAMPATHASSIGNMENTS.SAMPATHNAME | DP:EXAMASSIGNMENTS.ISAEXAMNAME | DP:TRAININGASSIGNMENTS.TRAININGISANAME1 | DP:PROJECTASSIGNMENTS.PROJECTISANAME | DP:SAMPATHASSIGNMENTS.ISASAMPATHANAME |" name="And I click on Next Step button" time="0"/>
  <testcase classname="| DP:SUPER.USERNAME | DP:SUPER.PASSWORD | DP:STUDENTS.STUDENT2.FULLNAME | DP:SECTIONS.SECTIONNAME | DP:TEXTBOOK.BOOK | DP:PROJECTASSIGNMENTS.PROJECTUNITS | DP:PROJECTASSIGNMENTS.PROJECTSUBJECT | Y | N | SAM Assignments | Assignments | CMPTR PowerPoint 2013 Chapter 20: SAM Project 1a | DP:EXAMASSIGNMENTS.EXAMNAME1 | DP:TRAININGASSIGNMENTS.TRAININGNAME1 | DP:PROJECTASSIGNMENTS.PROJECTASSIGNMENTNAME1 | DP:SAMPATHASSIGNMENTS.SAMPATHNAME | DP:EXAMASSIGNMENTS.ISAEXAMNAME | DP:TRAININGASSIGNMENTS.TRAININGISANAME1 | DP:PROJECTASSIGNMENTS.PROJECTISANAME | DP:SAMPATHASSIGNMENTS.ISASAMPATHANAME |" name="And I enter DP:EXAMASSIGNMENTS.EXAMNAME1 Y in Assignment Name" time="0"/>
  <testcase classname="| DP:SUPER.USERNAME | DP:SUPER.PASSWORD | DP:STUDENTS.STUDENT2.FULLNAME | DP:SECTIONS.SECTIONNAME | DP:TEXTBOOK.BOOK | DP:PROJECTASSIGNMENTS.PROJECTUNITS | DP:PROJECTASSIGNMENTS.PROJECTSUBJECT | Y | N | SAM Assignments | Assignments | CMPTR PowerPoint 2013 Chapter 20: SAM Project 1a | DP:EXAMASSIGNMENTS.EXAMNAME1 | DP:TRAININGASSIGNMENTS.TRAININGNAME1 | DP:PROJECTASSIGNMENTS.PROJECTASSIGNMENTNAME1 | DP:SAMPATHASSIGNMENTS.SAMPATHNAME | DP:EXAMASSIGNMENTS.ISAEXAMNAME | DP:TRAININGASSIGNMENTS.TRAININGISANAME1 | DP:PROJECTASSIGNMENTS.PROJECTISANAME | DP:SAMPATHASSIGNMENTS.ISASAMPATHANAME |" name="And I click on section drop down" time="0"/>
  <testcase classname="| DP:SUPER.USERNAME | DP:SUPER.PASSWORD | DP:STUDENTS.STUDENT2.FULLNAME | DP:SECTIONS.SECTIONNAME | DP:TEXTBOOK.BOOK | DP:PROJECTASSIGNMENTS.PROJECTUNITS | DP:PROJECTASSIGNMENTS.PROJECTSUBJECT | Y | N | SAM Assignments | Assignments | CMPTR PowerPoint 2013 Chapter 20: SAM Project 1a | DP:EXAMASSIGNMENTS.EXAMNAME1 | DP:TRAININGASSIGNMENTS.TRAININGNAME1 | DP:PROJECTASSIGNMENTS.PROJECTASSIGNMENTNAME1 | DP:SAMPATHASSIGNMENTS.SAMPATHNAME | DP:EXAMASSIGNMENTS.ISAEXAMNAME | DP:TRAININGASSIGNMENTS.TRAININGISANAME1 | DP:PROJECTASSIGNMENTS.PROJECTISANAME | DP:SAMPATHASSIGNMENTS.ISASAMPATHANAME |" name="And I check DP:SECTIONS.SECTIONNAME Y in Select section drop down" time="0"/>
  <testcase classname="| DP:SUPER.USERNAME | DP:SUPER.PASSWORD | DP:STUDENTS.STUDENT2.FULLNAME | DP:SECTIONS.SECTIONNAME | DP:TEXTBOOK.BOOK | DP:PROJECTASSIGNMENTS.PROJECTUNITS | DP:PROJECTASSIGNMENTS.PROJECTSUBJECT | Y | N | SAM Assignments | Assignments | CMPTR PowerPoint 2013 Chapter 20: SAM Project 1a | DP:EXAMASSIGNMENTS.EXAMNAME1 | DP:TRAININGASSIGNMENTS.TRAININGNAME1 | DP:PROJECTASSIGNMENTS.PROJECTASSIGNMENTNAME1 | DP:SAMPATHASSIGNMENTS.SAMPATHNAME | DP:EXAMASSIGNMENTS.ISAEXAMNAME | DP:TRAININGASSIGNMENTS.TRAININGISANAME1 | DP:PROJECTASSIGNMENTS.PROJECTISANAME | DP:SAMPATHASSIGNMENTS.ISASAMPATHANAME |" name="And I click on section drop down" time="0"/>
  <testcase classname="| DP:SUPER.USERNAME | DP:SUPER.PASSWORD | DP:STUDENTS.STUDENT2.FULLNAME | DP:SECTIONS.SECTIONNAME | DP:TEXTBOOK.BOOK | DP:PROJECTASSIGNMENTS.PROJECTUNITS | DP:PROJECTASSIGNMENTS.PROJECTSUBJECT | Y | N | SAM Assignments | Assignments | CMPTR PowerPoint 2013 Chapter 20: SAM Project 1a | DP:EXAMASSIGNMENTS.EXAMNAME1 | DP:TRAININGASSIGNMENTS.TRAININGNAME1 | DP:PROJECTASSIGNMENTS.PROJECTASSIGNMENTNAME1 | DP:SAMPATHASSIGNMENTS.SAMPATHNAME | DP:EXAMASSIGNMENTS.ISAEXAMNAME | DP:TRAININGASSIGNMENTS.TRAININGISANAME1 | DP:PROJECTASSIGNMENTS.PROJECTISANAME | DP:SAMPATHASSIGNMENTS.ISASAMPATHANAME |" name="And I click on Save button" time="0"/>
  <testcase classname="| DP:SUPER.USERNAME | DP:SUPER.PASSWORD | DP:STUDENTS.STUDENT2.FULLNAME | DP:SECTIONS.SECTIONNAME | DP:TEXTBOOK.BOOK | DP:PROJECTASSIGNMENTS.PROJECTUNITS | DP:PROJECTASSIGNMENTS.PROJECTSUBJECT | Y | N | SAM Assignments | Assignments | CMPTR PowerPoint 2013 Chapter 20: SAM Project 1a | DP:EXAMASSIGNMENTS.EXAMNAME1 | DP:TRAININGASSIGNMENTS.TRAININGNAME1 | DP:PROJECTASSIGNMENTS.PROJECTASSIGNMENTNAME1 | DP:SAMPATHASSIGNMENTS.SAMPATHNAME | DP:EXAMASSIGNMENTS.ISAEXAMNAME | DP:TRAININGASSIGNMENTS.TRAININGISANAME1 | DP:PROJECTASSIGNMENTS.PROJECTISANAME | DP:SAMPATHASSIGNMENTS.ISASAMPATHANAME |" name="And I see the DP:EXAMASSIGNMENTS.EXAMNAME1 Y duplicate assignment warning message Popup in Assignment Creation" time="0"/>
  <testcase classname="| DP:SUPER.USERNAME | DP:SUPER.PASSWORD | DP:STUDENTS.STUDENT2.FULLNAME | DP:SECTIONS.SECTIONNAME | DP:TEXTBOOK.BOOK | DP:PROJECTASSIGNMENTS.PROJECTUNITS | DP:PROJECTASSIGNMENTS.PROJECTSUBJECT | Y | N | SAM Assignments | Assignments | CMPTR PowerPoint 2013 Chapter 20: SAM Project 1a | DP:EXAMASSIGNMENTS.EXAMNAME1 | DP:TRAININGASSIGNMENTS.TRAININGNAME1 | DP:PROJECTASSIGNMENTS.PROJECTASSIGNMENTNAME1 | DP:SAMPATHASSIGNMENTS.SAMPATHNAME | DP:EXAMASSIGNMENTS.ISAEXAMNAME | DP:TRAININGASSIGNMENTS.TRAININGISANAME1 | DP:PROJECTASSIGNMENTS.PROJECTISANAME | DP:SAMPATHASSIGNMENTS.ISASAMPATHANAME |" name="And I click on X icon" time="0"/>
  <testcase classname="| DP:SUPER.USERNAME | DP:SUPER.PASSWORD | DP:STUDENTS.STUDENT2.FULLNAME | DP:SECTIONS.SECTIONNAME | DP:TEXTBOOK.BOOK | DP:PROJECTASSIGNMENTS.PROJECTUNITS | DP:PROJECTASSIGNMENTS.PROJECTSUBJECT | Y | N | SAM Assignments | Assignments | CMPTR PowerPoint 2013 Chapter 20: SAM Project 1a | DP:EXAMASSIGNMENTS.EXAMNAME1 | DP:TRAININGASSIGNMENTS.TRAININGNAME1 | DP:PROJECTASSIGNMENTS.PROJECTASSIGNMENTNAME1 | DP:SAMPATHASSIGNMENTS.SAMPATHNAME | DP:EXAMASSIGNMENTS.ISAEXAMNAME | DP:TRAININGASSIGNMENTS.TRAININGISANAME1 | DP:PROJECTASSIGNMENTS.PROJECTISANAME | DP:SAMPATHASSIGNMENTS.ISASAMPATHANAME |" name="And I enter DP:TRAININGASSIGNMENTS.TRAININGNAME1 Y in Assignment Name" time="0"/>
  <testcase classname="| DP:SUPER.USERNAME | DP:SUPER.PASSWORD | DP:STUDENTS.STUDENT2.FULLNAME | DP:SECTIONS.SECTIONNAME | DP:TEXTBOOK.BOOK | DP:PROJECTASSIGNMENTS.PROJECTUNITS | DP:PROJECTASSIGNMENTS.PROJECTSUBJECT | Y | N | SAM Assignments | Assignments | CMPTR PowerPoint 2013 Chapter 20: SAM Project 1a | DP:EXAMASSIGNMENTS.EXAMNAME1 | DP:TRAININGASSIGNMENTS.TRAININGNAME1 | DP:PROJECTASSIGNMENTS.PROJECTASSIGNMENTNAME1 | DP:SAMPATHASSIGNMENTS.SAMPATHNAME | DP:EXAMASSIGNMENTS.ISAEXAMNAME | DP:TRAININGASSIGNMENTS.TRAININGISANAME1 | DP:PROJECTASSIGNMENTS.PROJECTISANAME | DP:SAMPATHASSIGNMENTS.ISASAMPATHANAME |" name="And I click on Save button" time="0"/>
  <testcase classname="| DP:SUPER.USERNAME | DP:SUPER.PASSWORD | DP:STUDENTS.STUDENT2.FULLNAME | DP:SECTIONS.SECTIONNAME | DP:TEXTBOOK.BOOK | DP:PROJECTASSIGNMENTS.PROJECTUNITS | DP:PROJECTASSIGNMENTS.PROJECTSUBJECT | Y | N | SAM Assignments | Assignments | CMPTR PowerPoint 2013 Chapter 20: SAM Project 1a | DP:EXAMASSIGNMENTS.EXAMNAME1 | DP:TRAININGASSIGNMENTS.TRAININGNAME1 | DP:PROJECTASSIGNMENTS.PROJECTASSIGNMENTNAME1 | DP:SAMPATHASSIGNMENTS.SAMPATHNAME | DP:EXAMASSIGNMENTS.ISAEXAMNAME | DP:TRAININGASSIGNMENTS.TRAININGISANAME1 | DP:PROJECTASSIGNMENTS.PROJECTISANAME | DP:SAMPATHASSIGNMENTS.ISASAMPATHANAME |" name="And I see the DP:TRAININGASSIGNMENTS.TRAININGNAME1 Y duplicate assignment warning message Popup in Assignment Creation" time="0"/>
  <testcase classname="| DP:SUPER.USERNAME | DP:SUPER.PASSWORD | DP:STUDENTS.STUDENT2.FULLNAME | DP:SECTIONS.SECTIONNAME | DP:TEXTBOOK.BOOK | DP:PROJECTASSIGNMENTS.PROJECTUNITS | DP:PROJECTASSIGNMENTS.PROJECTSUBJECT | Y | N | SAM Assignments | Assignments | CMPTR PowerPoint 2013 Chapter 20: SAM Project 1a | DP:EXAMASSIGNMENTS.EXAMNAME1 | DP:TRAININGASSIGNMENTS.TRAININGNAME1 | DP:PROJECTASSIGNMENTS.PROJECTASSIGNMENTNAME1 | DP:SAMPATHASSIGNMENTS.SAMPATHNAME | DP:EXAMASSIGNMENTS.ISAEXAMNAME | DP:TRAININGASSIGNMENTS.TRAININGISANAME1 | DP:PROJECTASSIGNMENTS.PROJECTISANAME | DP:SAMPATHASSIGNMENTS.ISASAMPATHANAME |" name="And I click on X icon" time="0"/>
  <testcase classname="| DP:SUPER.USERNAME | DP:SUPER.PASSWORD | DP:STUDENTS.STUDENT2.FULLNAME | DP:SECTIONS.SECTIONNAME | DP:TEXTBOOK.BOOK | DP:PROJECTASSIGNMENTS.PROJECTUNITS | DP:PROJECTASSIGNMENTS.PROJECTSUBJECT | Y | N | SAM Assignments | Assignments | CMPTR PowerPoint 2013 Chapter 20: SAM Project 1a | DP:EXAMASSIGNMENTS.EXAMNAME1 | DP:TRAININGASSIGNMENTS.TRAININGNAME1 | DP:PROJECTASSIGNMENTS.PROJECTASSIGNMENTNAME1 | DP:SAMPATHASSIGNMENTS.SAMPATHNAME | DP:EXAMASSIGNMENTS.ISAEXAMNAME | DP:TRAININGASSIGNMENTS.TRAININGISANAME1 | DP:PROJECTASSIGNMENTS.PROJECTISANAME | DP:SAMPATHASSIGNMENTS.ISASAMPATHANAME |" name="And I enter DP:PROJECTASSIGNMENTS.PROJECTASSIGNMENTNAME1 Y in Assignment Name" time="0"/>
  <testcase classname="| DP:SUPER.USERNAME | DP:SUPER.PASSWORD | DP:STUDENTS.STUDENT2.FULLNAME | DP:SECTIONS.SECTIONNAME | DP:TEXTBOOK.BOOK | DP:PROJECTASSIGNMENTS.PROJECTUNITS | DP:PROJECTASSIGNMENTS.PROJECTSUBJECT | Y | N | SAM Assignments | Assignments | CMPTR PowerPoint 2013 Chapter 20: SAM Project 1a | DP:EXAMASSIGNMENTS.EXAMNAME1 | DP:TRAININGASSIGNMENTS.TRAININGNAME1 | DP:PROJECTASSIGNMENTS.PROJECTASSIGNMENTNAME1 | DP:SAMPATHASSIGNMENTS.SAMPATHNAME | DP:EXAMASSIGNMENTS.ISAEXAMNAME | DP:TRAININGASSIGNMENTS.TRAININGISANAME1 | DP:PROJECTASSIGNMENTS.PROJECTISANAME | DP:SAMPATHASSIGNMENTS.ISASAMPATHANAME |" name="And I click on Save button" time="0"/>
  <testcase classname="| DP:SUPER.USERNAME | DP:SUPER.PASSWORD | DP:STUDENTS.STUDENT2.FULLNAME | DP:SECTIONS.SECTIONNAME | DP:TEXTBOOK.BOOK | DP:PROJECTASSIGNMENTS.PROJECTUNITS | DP:PROJECTASSIGNMENTS.PROJECTSUBJECT | Y | N | SAM Assignments | Assignments | CMPTR PowerPoint 2013 Chapter 20: SAM Project 1a | DP:EXAMASSIGNMENTS.EXAMNAME1 | DP:TRAININGASSIGNMENTS.TRAININGNAME1 | DP:PROJECTASSIGNMENTS.PROJECTASSIGNMENTNAME1 | DP:SAMPATHASSIGNMENTS.SAMPATHNAME | DP:EXAMASSIGNMENTS.ISAEXAMNAME | DP:TRAININGASSIGNMENTS.TRAININGISANAME1 | DP:PROJECTASSIGNMENTS.PROJECTISANAME | DP:SAMPATHASSIGNMENTS.ISASAMPATHANAME |" name="And I see the DP:PROJECTASSIGNMENTS.PROJECTASSIGNMENTNAME1 Y duplicate assignment warning message Popup in Assignment Creation" time="0"/>
  <testcase classname="| DP:SUPER.USERNAME | DP:SUPER.PASSWORD | DP:STUDENTS.STUDENT2.FULLNAME | DP:SECTIONS.SECTIONNAME | DP:TEXTBOOK.BOOK | DP:PROJECTASSIGNMENTS.PROJECTUNITS | DP:PROJECTASSIGNMENTS.PROJECTSUBJECT | Y | N | SAM Assignments | Assignments | CMPTR PowerPoint 2013 Chapter 20: SAM Project 1a | DP:EXAMASSIGNMENTS.EXAMNAME1 | DP:TRAININGASSIGNMENTS.TRAININGNAME1 | DP:PROJECTASSIGNMENTS.PROJECTASSIGNMENTNAME1 | DP:SAMPATHASSIGNMENTS.SAMPATHNAME | DP:EXAMASSIGNMENTS.ISAEXAMNAME | DP:TRAININGASSIGNMENTS.TRAININGISANAME1 | DP:PROJECTASSIGNMENTS.PROJECTISANAME | DP:SAMPATHASSIGNMENTS.ISASAMPATHANAME |" name="And I click on X icon" time="0"/>
  <testcase classname="| DP:SUPER.USERNAME | DP:SUPER.PASSWORD | DP:STUDENTS.STUDENT2.FULLNAME | DP:SECTIONS.SECTIONNAME | DP:TEXTBOOK.BOOK | DP:PROJECTASSIGNMENTS.PROJECTUNITS | DP:PROJECTASSIGNMENTS.PROJECTSUBJECT | Y | N | SAM Assignments | Assignments | CMPTR PowerPoint 2013 Chapter 20: SAM Project 1a | DP:EXAMASSIGNMENTS.EXAMNAME1 | DP:TRAININGASSIGNMENTS.TRAININGNAME1 | DP:PROJECTASSIGNMENTS.PROJECTASSIGNMENTNAME1 | DP:SAMPATHASSIGNMENTS.SAMPATHNAME | DP:EXAMASSIGNMENTS.ISAEXAMNAME | DP:TRAININGASSIGNMENTS.TRAININGISANAME1 | DP:PROJECTASSIGNMENTS.PROJECTISANAME | DP:SAMPATHASSIGNMENTS.ISASAMPATHANAME |" name="And I enter DP:SAMPATHASSIGNMENTS.SAMPATHNAME Y in Assignment Name" time="0"/>
  <testcase classname="| DP:SUPER.USERNAME | DP:SUPER.PASSWORD | DP:STUDENTS.STUDENT2.FULLNAME | DP:SECTIONS.SECTIONNAME | DP:TEXTBOOK.BOOK | DP:PROJECTASSIGNMENTS.PROJECTUNITS | DP:PROJECTASSIGNMENTS.PROJECTSUBJECT | Y | N | SAM Assignments | Assignments | CMPTR PowerPoint 2013 Chapter 20: SAM Project 1a | DP:EXAMASSIGNMENTS.EXAMNAME1 | DP:TRAININGASSIGNMENTS.TRAININGNAME1 | DP:PROJECTASSIGNMENTS.PROJECTASSIGNMENTNAME1 | DP:SAMPATHASSIGNMENTS.SAMPATHNAME | DP:EXAMASSIGNMENTS.ISAEXAMNAME | DP:TRAININGASSIGNMENTS.TRAININGISANAME1 | DP:PROJECTASSIGNMENTS.PROJECTISANAME | DP:SAMPATHASSIGNMENTS.ISASAMPATHANAME |" name="And I click on Save button" time="0"/>
  <testcase classname="| DP:SUPER.USERNAME | DP:SUPER.PASSWORD | DP:STUDENTS.STUDENT2.FULLNAME | DP:SECTIONS.SECTIONNAME | DP:TEXTBOOK.BOOK | DP:PROJECTASSIGNMENTS.PROJECTUNITS | DP:PROJECTASSIGNMENTS.PROJECTSUBJECT | Y | N | SAM Assignments | Assignments | CMPTR PowerPoint 2013 Chapter 20: SAM Project 1a | DP:EXAMASSIGNMENTS.EXAMNAME1 | DP:TRAININGASSIGNMENTS.TRAININGNAME1 | DP:PROJECTASSIGNMENTS.PROJECTASSIGNMENTNAME1 | DP:SAMPATHASSIGNMENTS.SAMPATHNAME | DP:EXAMASSIGNMENTS.ISAEXAMNAME | DP:TRAININGASSIGNMENTS.TRAININGISANAME1 | DP:PROJECTASSIGNMENTS.PROJECTISANAME | DP:SAMPATHASSIGNMENTS.ISASAMPATHANAME |" name="And I see the DP:SAMPATHASSIGNMENTS.SAMPATHNAME Y duplicate assignment warning message Popup in Assignment Creation" time="0"/>
  <testcase classname="| DP:SUPER.USERNAME | DP:SUPER.PASSWORD | DP:STUDENTS.STUDENT2.FULLNAME | DP:SECTIONS.SECTIONNAME | DP:TEXTBOOK.BOOK | DP:PROJECTASSIGNMENTS.PROJECTUNITS | DP:PROJECTASSIGNMENTS.PROJECTSUBJECT | Y | N | SAM Assignments | Assignments | CMPTR PowerPoint 2013 Chapter 20: SAM Project 1a | DP:EXAMASSIGNMENTS.EXAMNAME1 | DP:TRAININGASSIGNMENTS.TRAININGNAME1 | DP:PROJECTASSIGNMENTS.PROJECTASSIGNMENTNAME1 | DP:SAMPATHASSIGNMENTS.SAMPATHNAME | DP:EXAMASSIGNMENTS.ISAEXAMNAME | DP:TRAININGASSIGNMENTS.TRAININGISANAME1 | DP:PROJECTASSIGNMENTS.PROJECTISANAME | DP:SAMPATHASSIGNMENTS.ISASAMPATHANAME |" name="And I click on X icon" time="0"/>
  <testcase classname="| DP:SUPER.USERNAME | DP:SUPER.PASSWORD | DP:STUDENTS.STUDENT2.FULLNAME | DP:SECTIONS.SECTIONNAME | DP:TEXTBOOK.BOOK | DP:PROJECTASSIGNMENTS.PROJECTUNITS | DP:PROJECTASSIGNMENTS.PROJECTSUBJECT | Y | N | SAM Assignments | Assignments | CMPTR PowerPoint 2013 Chapter 20: SAM Project 1a | DP:EXAMASSIGNMENTS.EXAMNAME1 | DP:TRAININGASSIGNMENTS.TRAININGNAME1 | DP:PROJECTASSIGNMENTS.PROJECTASSIGNMENTNAME1 | DP:SAMPATHASSIGNMENTS.SAMPATHNAME | DP:EXAMASSIGNMENTS.ISAEXAMNAME | DP:TRAININGASSIGNMENTS.TRAININGISANAME1 | DP:PROJECTASSIGNMENTS.PROJECTISANAME | DP:SAMPATHASSIGNMENTS.ISASAMPATHANAME |" name="And I enter DP:EXAMASSIGNMENTS.ISAEXAMNAME Y in Assignment Name" time="0"/>
  <testcase classname="| DP:SUPER.USERNAME | DP:SUPER.PASSWORD | DP:STUDENTS.STUDENT2.FULLNAME | DP:SECTIONS.SECTIONNAME | DP:TEXTBOOK.BOOK | DP:PROJECTASSIGNMENTS.PROJECTUNITS | DP:PROJECTASSIGNMENTS.PROJECTSUBJECT | Y | N | SAM Assignments | Assignments | CMPTR PowerPoint 2013 Chapter 20: SAM Project 1a | DP:EXAMASSIGNMENTS.EXAMNAME1 | DP:TRAININGASSIGNMENTS.TRAININGNAME1 | DP:PROJECTASSIGNMENTS.PROJECTASSIGNMENTNAME1 | DP:SAMPATHASSIGNMENTS.SAMPATHNAME | DP:EXAMASSIGNMENTS.ISAEXAMNAME | DP:TRAININGASSIGNMENTS.TRAININGISANAME1 | DP:PROJECTASSIGNMENTS.PROJECTISANAME | DP:SAMPATHASSIGNMENTS.ISASAMPATHANAME |" name="And I click on Save button" time="0.001"/>
  <testcase classname="| DP:SUPER.USERNAME | DP:SUPER.PASSWORD | DP:STUDENTS.STUDENT2.FULLNAME | DP:SECTIONS.SECTIONNAME | DP:TEXTBOOK.BOOK | DP:PROJECTASSIGNMENTS.PROJECTUNITS | DP:PROJECTASSIGNMENTS.PROJECTSUBJECT | Y | N | SAM Assignments | Assignments | CMPTR PowerPoint 2013 Chapter 20: SAM Project 1a | DP:EXAMASSIGNMENTS.EXAMNAME1 | DP:TRAININGASSIGNMENTS.TRAININGNAME1 | DP:PROJECTASSIGNMENTS.PROJECTASSIGNMENTNAME1 | DP:SAMPATHASSIGNMENTS.SAMPATHNAME | DP:EXAMASSIGNMENTS.ISAEXAMNAME | DP:TRAININGASSIGNMENTS.TRAININGISANAME1 | DP:PROJECTASSIGNMENTS.PROJECTISANAME | DP:SAMPATHASSIGNMENTS.ISASAMPATHANAME |" name="And I see the DP:EXAMASSIGNMENTS.ISAEXAMNAME Y duplicate assignment warning message Popup in Assignment Creation" time="0"/>
  <testcase classname="| DP:SUPER.USERNAME | DP:SUPER.PASSWORD | DP:STUDENTS.STUDENT2.FULLNAME | DP:SECTIONS.SECTIONNAME | DP:TEXTBOOK.BOOK | DP:PROJECTASSIGNMENTS.PROJECTUNITS | DP:PROJECTASSIGNMENTS.PROJECTSUBJECT | Y | N | SAM Assignments | Assignments | CMPTR PowerPoint 2013 Chapter 20: SAM Project 1a | DP:EXAMASSIGNMENTS.EXAMNAME1 | DP:TRAININGASSIGNMENTS.TRAININGNAME1 | DP:PROJECTASSIGNMENTS.PROJECTASSIGNMENTNAME1 | DP:SAMPATHASSIGNMENTS.SAMPATHNAME | DP:EXAMASSIGNMENTS.ISAEXAMNAME | DP:TRAININGASSIGNMENTS.TRAININGISANAME1 | DP:PROJECTASSIGNMENTS.PROJECTISANAME | DP:SAMPATHASSIGNMENTS.ISASAMPATHANAME |" name="And I click on X icon" time="0"/>
  <testcase classname="| DP:SUPER.USERNAME | DP:SUPER.PASSWORD | DP:STUDENTS.STUDENT2.FULLNAME | DP:SECTIONS.SECTIONNAME | DP:TEXTBOOK.BOOK | DP:PROJECTASSIGNMENTS.PROJECTUNITS | DP:PROJECTASSIGNMENTS.PROJECTSUBJECT | Y | N | SAM Assignments | Assignments | CMPTR PowerPoint 2013 Chapter 20: SAM Project 1a | DP:EXAMASSIGNMENTS.EXAMNAME1 | DP:TRAININGASSIGNMENTS.TRAININGNAME1 | DP:PROJECTASSIGNMENTS.PROJECTASSIGNMENTNAME1 | DP:SAMPATHASSIGNMENTS.SAMPATHNAME | DP:EXAMASSIGNMENTS.ISAEXAMNAME | DP:TRAININGASSIGNMENTS.TRAININGISANAME1 | DP:PROJECTASSIGNMENTS.PROJECTISANAME | DP:SAMPATHASSIGNMENTS.ISASAMPATHANAME |" name="And I enter DP:TRAININGASSIGNMENTS.TRAININGISANAME1 Y in Assignment Name" time="0"/>
  <testcase classname="| DP:SUPER.USERNAME | DP:SUPER.PASSWORD | DP:STUDENTS.STUDENT2.FULLNAME | DP:SECTIONS.SECTIONNAME | DP:TEXTBOOK.BOOK | DP:PROJECTASSIGNMENTS.PROJECTUNITS | DP:PROJECTASSIGNMENTS.PROJECTSUBJECT | Y | N | SAM Assignments | Assignments | CMPTR PowerPoint 2013 Chapter 20: SAM Project 1a | DP:EXAMASSIGNMENTS.EXAMNAME1 | DP:TRAININGASSIGNMENTS.TRAININGNAME1 | DP:PROJECTASSIGNMENTS.PROJECTASSIGNMENTNAME1 | DP:SAMPATHASSIGNMENTS.SAMPATHNAME | DP:EXAMASSIGNMENTS.ISAEXAMNAME | DP:TRAININGASSIGNMENTS.TRAININGISANAME1 | DP:PROJECTASSIGNMENTS.PROJECTISANAME | DP:SAMPATHASSIGNMENTS.ISASAMPATHANAME |" name="And I click on Save button" time="0"/>
  <testcase classname="| DP:SUPER.USERNAME | DP:SUPER.PASSWORD | DP:STUDENTS.STUDENT2.FULLNAME | DP:SECTIONS.SECTIONNAME | DP:TEXTBOOK.BOOK | DP:PROJECTASSIGNMENTS.PROJECTUNITS | DP:PROJECTASSIGNMENTS.PROJECTSUBJECT | Y | N | SAM Assignments | Assignments | CMPTR PowerPoint 2013 Chapter 20: SAM Project 1a | DP:EXAMASSIGNMENTS.EXAMNAME1 | DP:TRAININGASSIGNMENTS.TRAININGNAME1 | DP:PROJECTASSIGNMENTS.PROJECTASSIGNMENTNAME1 | DP:SAMPATHASSIGNMENTS.SAMPATHNAME | DP:EXAMASSIGNMENTS.ISAEXAMNAME | DP:TRAININGASSIGNMENTS.TRAININGISANAME1 | DP:PROJECTASSIGNMENTS.PROJECTISANAME | DP:SAMPATHASSIGNMENTS.ISASAMPATHANAME |" name="And I see the DP:TRAININGASSIGNMENTS.TRAININGISANAME1 Y duplicate assignment warning message Popup in Assignment Creation" time="0"/>
  <testcase classname="| DP:SUPER.USERNAME | DP:SUPER.PASSWORD | DP:STUDENTS.STUDENT2.FULLNAME | DP:SECTIONS.SECTIONNAME | DP:TEXTBOOK.BOOK | DP:PROJECTASSIGNMENTS.PROJECTUNITS | DP:PROJECTASSIGNMENTS.PROJECTSUBJECT | Y | N | SAM Assignments | Assignments | CMPTR PowerPoint 2013 Chapter 20: SAM Project 1a | DP:EXAMASSIGNMENTS.EXAMNAME1 | DP:TRAININGASSIGNMENTS.TRAININGNAME1 | DP:PROJECTASSIGNMENTS.PROJECTASSIGNMENTNAME1 | DP:SAMPATHASSIGNMENTS.SAMPATHNAME | DP:EXAMASSIGNMENTS.ISAEXAMNAME | DP:TRAININGASSIGNMENTS.TRAININGISANAME1 | DP:PROJECTASSIGNMENTS.PROJECTISANAME | DP:SAMPATHASSIGNMENTS.ISASAMPATHANAME |" name="And I click on X icon" time="0"/>
  <testcase classname="| DP:SUPER.USERNAME | DP:SUPER.PASSWORD | DP:STUDENTS.STUDENT2.FULLNAME | DP:SECTIONS.SECTIONNAME | DP:TEXTBOOK.BOOK | DP:PROJECTASSIGNMENTS.PROJECTUNITS | DP:PROJECTASSIGNMENTS.PROJECTSUBJECT | Y | N | SAM Assignments | Assignments | CMPTR PowerPoint 2013 Chapter 20: SAM Project 1a | DP:EXAMASSIGNMENTS.EXAMNAME1 | DP:TRAININGASSIGNMENTS.TRAININGNAME1 | DP:PROJECTASSIGNMENTS.PROJECTASSIGNMENTNAME1 | DP:SAMPATHASSIGNMENTS.SAMPATHNAME | DP:EXAMASSIGNMENTS.ISAEXAMNAME | DP:TRAININGASSIGNMENTS.TRAININGISANAME1 | DP:PROJECTASSIGNMENTS.PROJECTISANAME | DP:SAMPATHASSIGNMENTS.ISASAMPATHANAME |" name="And I enter DP:PROJECTASSIGNMENTS.PROJECTISANAME Y in Assignment Name" time="0"/>
  <testcase classname="| DP:SUPER.USERNAME | DP:SUPER.PASSWORD | DP:STUDENTS.STUDENT2.FULLNAME | DP:SECTIONS.SECTIONNAME | DP:TEXTBOOK.BOOK | DP:PROJECTASSIGNMENTS.PROJECTUNITS | DP:PROJECTASSIGNMENTS.PROJECTSUBJECT | Y | N | SAM Assignments | Assignments | CMPTR PowerPoint 2013 Chapter 20: SAM Project 1a | DP:EXAMASSIGNMENTS.EXAMNAME1 | DP:TRAININGASSIGNMENTS.TRAININGNAME1 | DP:PROJECTASSIGNMENTS.PROJECTASSIGNMENTNAME1 | DP:SAMPATHASSIGNMENTS.SAMPATHNAME | DP:EXAMASSIGNMENTS.ISAEXAMNAME | DP:TRAININGASSIGNMENTS.TRAININGISANAME1 | DP:PROJECTASSIGNMENTS.PROJECTISANAME | DP:SAMPATHASSIGNMENTS.ISASAMPATHANAME |" name="And I click on Save button" time="0"/>
  <testcase classname="| DP:SUPER.USERNAME | DP:SUPER.PASSWORD | DP:STUDENTS.STUDENT2.FULLNAME | DP:SECTIONS.SECTIONNAME | DP:TEXTBOOK.BOOK | DP:PROJECTASSIGNMENTS.PROJECTUNITS | DP:PROJECTASSIGNMENTS.PROJECTSUBJECT | Y | N | SAM Assignments | Assignments | CMPTR PowerPoint 2013 Chapter 20: SAM Project 1a | DP:EXAMASSIGNMENTS.EXAMNAME1 | DP:TRAININGASSIGNMENTS.TRAININGNAME1 | DP:PROJECTASSIGNMENTS.PROJECTASSIGNMENTNAME1 | DP:SAMPATHASSIGNMENTS.SAMPATHNAME | DP:EXAMASSIGNMENTS.ISAEXAMNAME | DP:TRAININGASSIGNMENTS.TRAININGISANAME1 | DP:PROJECTASSIGNMENTS.PROJECTISANAME | DP:SAMPATHASSIGNMENTS.ISASAMPATHANAME |" name="And I see the DP:PROJECTASSIGNMENTS.PROJECTISANAME Y duplicate assignment warning message Popup in Assignment Creation" time="0">
    <failure type="java.lang.AssertionError">java.lang.AssertionError
	at org.junit.Assert.fail(Assert.java:86)
	at org.junit.Assert.assertTrue(Assert.java:41)
	at org.junit.Assert.assertTrue(Assert.java:52)
	at cengage.samlms.stepdefinition.SAMAssignmentsSteps.I_see_the_duplicate_assignment_warning_message_Popup_in_Assignment_Creation(SAMAssignmentsSteps.java:738)
	at ✽.And I see the DP:PROJECTASSIGNMENTS.PROJECTISANAME Y duplicate assignment warning message Popup in Assignment Creation(test/resources/cengage/samlms/lms_stories/Assignment_Name_Validation.feature:623)
</failure>
    <system-out>00:07:50.850 [main] ERROR cengage.common.toolbox.Sync - org.openqa.selenium.TimeoutException: Timed out after 150 seconds waiting for cengage.common.toolbox.Sync$1@31ab1e67
Build info: version: &apos;2.53.0&apos;, revision: &apos;35ae25b1534ae328c771e0856c93e187490ca824&apos;, time: &apos;2016-03-15 10:43:46&apos;
System info: host: &apos;CODOID&apos;, ip: &apos;10.161.243.104&apos;, os.name: &apos;Windows 8.1&apos;, os.arch: &apos;amd64&apos;, os.version: &apos;6.3&apos;, java.version: &apos;1.8.0_91&apos;
Driver info: driver.version: unknown
00:07:50.850 [main] ERROR cengage.common.toolbox.Element - java.lang.NullPointerException
</system-out>
  </testcase>
  <testcase classname="| DP:SUPER.USERNAME | DP:SUPER.PASSWORD | DP:STUDENTS.STUDENT2.FULLNAME | DP:SECTIONS.SECTIONNAME | DP:TEXTBOOK.BOOK | DP:PROJECTASSIGNMENTS.PROJECTUNITS | DP:PROJECTASSIGNMENTS.PROJECTSUBJECT | Y | N | SAM Assignments | Assignments | CMPTR PowerPoint 2013 Chapter 20: SAM Project 1a | DP:EXAMASSIGNMENTS.EXAMNAME1 | DP:TRAININGASSIGNMENTS.TRAININGNAME1 | DP:PROJECTASSIGNMENTS.PROJECTASSIGNMENTNAME1 | DP:SAMPATHASSIGNMENTS.SAMPATHNAME | DP:EXAMASSIGNMENTS.ISAEXAMNAME | DP:TRAININGASSIGNMENTS.TRAININGISANAME1 | DP:PROJECTASSIGNMENTS.PROJECTISANAME | DP:SAMPATHASSIGNMENTS.ISASAMPATHANAME |" name="| DP:SUPER.USERNAME | DP:SUPER.PASSWORD | DP:STUDENTS.STUDENT2.FULLNAME | DP:SECTIONS.SECTIONNAME | DP:TEXTBOOK.BOOK | DP:PROJECTASSIGNMENTS.PROJECTUNITS | DP:PROJECTASSIGNMENTS.PROJECTSUBJECT | Y | N | SAM Assignments | Assignments | CMPTR PowerPoint 2013 Chapter 20: SAM Project 1a | DP:EXAMASSIGNMENTS.EXAMNAME1 | DP:TRAININGASSIGNMENTS.TRAININGNAME1 | DP:PROJECTASSIGNMENTS.PROJECTASSIGNMENTNAME1 | DP:SAMPATHASSIGNMENTS.SAMPATHNAME | DP:EXAMASSIGNMENTS.ISAEXAMNAME | DP:TRAININGASSIGNMENTS.TRAININGISANAME1 | DP:PROJECTASSIGNMENTS.PROJECTISANAME | DP:SAMPATHASSIGNMENTS.ISASAMPATHANAME |" time="0">
    <failure type="java.lang.AssertionError">java.lang.AssertionError
	at org.junit.Assert.fail(Assert.java:86)
	at org.junit.Assert.assertTrue(Assert.java:41)
	at org.junit.Assert.assertTrue(Assert.java:52)
	at cengage.samlms.stepdefinition.SAMAssignmentsSteps.I_see_the_duplicate_assignment_warning_message_Popup_in_Assignment_Creation(SAMAssignmentsSteps.java:738)
	at ✽.And I see the DP:PROJECTASSIGNMENTS.PROJECTISANAME Y duplicate assignment warning message Popup in Assignment Creation(test/resources/cengage/samlms/lms_stories/Assignment_Name_Validation.feature:623)
</failure>
  </testcase>
  <testcase classname="| DP:SUPER.USERNAME | DP:SUPER.PASSWORD | DP:STUDENTS.STUDENT2.FULLNAME | DP:SECTIONS.SECTIONNAME | DP:TEXTBOOK.BOOK | DP:PROJECTASSIGNMENTS.PROJECTUNITS | DP:PROJECTASSIGNMENTS.PROJECTSUBJECT | Y | N | SAM Assignments | Assignments | CMPTR PowerPoint 2013 Chapter 20: SAM Project 1a | DP:EXAMASSIGNMENTS.EXAMNAME1 | DP:TRAININGASSIGNMENTS.TRAININGNAME1 | DP:PROJECTASSIGNMENTS.PROJECTASSIGNMENTNAME1 | DP:SAMPATHASSIGNMENTS.SAMPATHNAME | DP:EXAMASSIGNMENTS.ISAEXAMNAME | DP:TRAININGASSIGNMENTS.TRAININGISANAME1 | DP:PROJECTASSIGNMENTS.PROJECTISANAME | DP:SAMPATHASSIGNMENTS.ISASAMPATHANAME |" name="And I click on X icon" time="0">
    <skipped/>
  </testcase>
  <testcase classname="| DP:SUPER.USERNAME | DP:SUPER.PASSWORD | DP:STUDENTS.STUDENT2.FULLNAME | DP:SECTIONS.SECTIONNAME | DP:TEXTBOOK.BOOK | DP:PROJECTASSIGNMENTS.PROJECTUNITS | DP:PROJECTASSIGNMENTS.PROJECTSUBJECT | Y | N | SAM Assignments | Assignments | CMPTR PowerPoint 2013 Chapter 20: SAM Project 1a | DP:EXAMASSIGNMENTS.EXAMNAME1 | DP:TRAININGASSIGNMENTS.TRAININGNAME1 | DP:PROJECTASSIGNMENTS.PROJECTASSIGNMENTNAME1 | DP:SAMPATHASSIGNMENTS.SAMPATHNAME | DP:EXAMASSIGNMENTS.ISAEXAMNAME | DP:TRAININGASSIGNMENTS.TRAININGISANAME1 | DP:PROJECTASSIGNMENTS.PROJECTISANAME | DP:SAMPATHASSIGNMENTS.ISASAMPATHANAME |" name="And I enter DP:SAMPATHASSIGNMENTS.ISASAMPATHANAME Y in Assignment Name" time="0">
    <skipped/>
  </testcase>
  <testcase classname="| DP:SUPER.USERNAME | DP:SUPER.PASSWORD | DP:STUDENTS.STUDENT2.FULLNAME | DP:SECTIONS.SECTIONNAME | DP:TEXTBOOK.BOOK | DP:PROJECTASSIGNMENTS.PROJECTUNITS | DP:PROJECTASSIGNMENTS.PROJECTSUBJECT | Y | N | SAM Assignments | Assignments | CMPTR PowerPoint 2013 Chapter 20: SAM Project 1a | DP:EXAMASSIGNMENTS.EXAMNAME1 | DP:TRAININGASSIGNMENTS.TRAININGNAME1 | DP:PROJECTASSIGNMENTS.PROJECTASSIGNMENTNAME1 | DP:SAMPATHASSIGNMENTS.SAMPATHNAME | DP:EXAMASSIGNMENTS.ISAEXAMNAME | DP:TRAININGASSIGNMENTS.TRAININGISANAME1 | DP:PROJECTASSIGNMENTS.PROJECTISANAME | DP:SAMPATHASSIGNMENTS.ISASAMPATHANAME |" name="And I click on Save button" time="0.016">
    <skipped/>
  </testcase>
  <testcase classname="| DP:SUPER.USERNAME | DP:SUPER.PASSWORD | DP:STUDENTS.STUDENT2.FULLNAME | DP:SECTIONS.SECTIONNAME | DP:TEXTBOOK.BOOK | DP:PROJECTASSIGNMENTS.PROJECTUNITS | DP:PROJECTASSIGNMENTS.PROJECTSUBJECT | Y | N | SAM Assignments | Assignments | CMPTR PowerPoint 2013 Chapter 20: SAM Project 1a | DP:EXAMASSIGNMENTS.EXAMNAME1 | DP:TRAININGASSIGNMENTS.TRAININGNAME1 | DP:PROJECTASSIGNMENTS.PROJECTASSIGNMENTNAME1 | DP:SAMPATHASSIGNMENTS.SAMPATHNAME | DP:EXAMASSIGNMENTS.ISAEXAMNAME | DP:TRAININGASSIGNMENTS.TRAININGISANAME1 | DP:PROJECTASSIGNMENTS.PROJECTISANAME | DP:SAMPATHASSIGNMENTS.ISASAMPATHANAME |" name="And I see the DP:SAMPATHASSIGNMENTS.ISASAMPATHANAME Y duplicate assignment warning message Popup in Assignment Creation" time="0.032">
    <skipped/>
  </testcase>
  <testcase classname="| DP:SUPER.USERNAME | DP:SUPER.PASSWORD | DP:STUDENTS.STUDENT2.FULLNAME | DP:SECTIONS.SECTIONNAME | DP:TEXTBOOK.BOOK | DP:PROJECTASSIGNMENTS.PROJECTUNITS | DP:PROJECTASSIGNMENTS.PROJECTSUBJECT | Y | N | SAM Assignments | Assignments | CMPTR PowerPoint 2013 Chapter 20: SAM Project 1a | DP:EXAMASSIGNMENTS.EXAMNAME1 | DP:TRAININGASSIGNMENTS.TRAININGNAME1 | DP:PROJECTASSIGNMENTS.PROJECTASSIGNMENTNAME1 | DP:SAMPATHASSIGNMENTS.SAMPATHNAME | DP:EXAMASSIGNMENTS.ISAEXAMNAME | DP:TRAININGASSIGNMENTS.TRAININGISANAME1 | DP:PROJECTASSIGNMENTS.PROJECTISANAME | DP:SAMPATHASSIGNMENTS.ISASAMPATHANAME |" name="And I click on X icon" time="0.032">
    <skipped/>
  </testcase>
  <testcase classname="| DP:SUPER.USERNAME | DP:SUPER.PASSWORD | DP:STUDENTS.STUDENT2.FULLNAME | DP:SECTIONS.SECTIONNAME | DP:TEXTBOOK.BOOK | DP:PROJECTASSIGNMENTS.PROJECTUNITS | DP:PROJECTASSIGNMENTS.PROJECTSUBJECT | Y | N | SAM Assignments | Assignments | CMPTR PowerPoint 2013 Chapter 20: SAM Project 1a | DP:EXAMASSIGNMENTS.EXAMNAME1 | DP:TRAININGASSIGNMENTS.TRAININGNAME1 | DP:PROJECTASSIGNMENTS.PROJECTASSIGNMENTNAME1 | DP:SAMPATHASSIGNMENTS.SAMPATHNAME | DP:EXAMASSIGNMENTS.ISAEXAMNAME | DP:TRAININGASSIGNMENTS.TRAININGISANAME1 | DP:PROJECTASSIGNMENTS.PROJECTISANAME | DP:SAMPATHASSIGNMENTS.ISASAMPATHANAME |" name="And I click on SAM Assignments tab" time="0.032">
    <skipped/>
  </testcase>
  <testcase classname="| DP:SUPER.USERNAME | DP:SUPER.PASSWORD | DP:STUDENTS.STUDENT2.FULLNAME | DP:SECTIONS.SECTIONNAME | DP:TEXTBOOK.BOOK | DP:PROJECTASSIGNMENTS.PROJECTUNITS | DP:PROJECTASSIGNMENTS.PROJECTSUBJECT | Y | N | SAM Assignments | Assignments | CMPTR PowerPoint 2013 Chapter 20: SAM Project 1a | DP:EXAMASSIGNMENTS.EXAMNAME1 | DP:TRAININGASSIGNMENTS.TRAININGNAME1 | DP:PROJECTASSIGNMENTS.PROJECTASSIGNMENTNAME1 | DP:SAMPATHASSIGNMENTS.SAMPATHNAME | DP:EXAMASSIGNMENTS.ISAEXAMNAME | DP:TRAININGASSIGNMENTS.TRAININGISANAME1 | DP:PROJECTASSIGNMENTS.PROJECTISANAME | DP:SAMPATHASSIGNMENTS.ISASAMPATHANAME |" name="And I click on Assignments tab" time="0.032">
    <skipped/>
  </testcase>
  <testcase classname="| DP:SUPER.USERNAME | DP:SUPER.PASSWORD | DP:STUDENTS.STUDENT2.FULLNAME | DP:SECTIONS.SECTIONNAME | DP:TEXTBOOK.BOOK | DP:PROJECTASSIGNMENTS.PROJECTUNITS | DP:PROJECTASSIGNMENTS.PROJECTSUBJECT | Y | N | SAM Assignments | Assignments | CMPTR PowerPoint 2013 Chapter 20: SAM Project 1a | DP:EXAMASSIGNMENTS.EXAMNAME1 | DP:TRAININGASSIGNMENTS.TRAININGNAME1 | DP:PROJECTASSIGNMENTS.PROJECTASSIGNMENTNAME1 | DP:SAMPATHASSIGNMENTS.SAMPATHNAME | DP:EXAMASSIGNMENTS.ISAEXAMNAME | DP:TRAININGASSIGNMENTS.TRAININGISANAME1 | DP:PROJECTASSIGNMENTS.PROJECTISANAME | DP:SAMPATHASSIGNMENTS.ISASAMPATHANAME |" name="And I see DP:TRAININGASSIGNMENTS.TRAININGNAME1 Y in Assignment tab" time="0.032">
    <skipped/>
  </testcase>
  <testcase classname="| DP:SUPER.USERNAME | DP:SUPER.PASSWORD | DP:STUDENTS.STUDENT2.FULLNAME | DP:SECTIONS.SECTIONNAME | DP:TEXTBOOK.BOOK | DP:PROJECTASSIGNMENTS.PROJECTUNITS | DP:PROJECTASSIGNMENTS.PROJECTSUBJECT | Y | N | SAM Assignments | Assignments | CMPTR PowerPoint 2013 Chapter 20: SAM Project 1a | DP:EXAMASSIGNMENTS.EXAMNAME1 | DP:TRAININGASSIGNMENTS.TRAININGNAME1 | DP:PROJECTASSIGNMENTS.PROJECTASSIGNMENTNAME1 | DP:SAMPATHASSIGNMENTS.SAMPATHNAME | DP:EXAMASSIGNMENTS.ISAEXAMNAME | DP:TRAININGASSIGNMENTS.TRAININGISANAME1 | DP:PROJECTASSIGNMENTS.PROJECTISANAME | DP:SAMPATHASSIGNMENTS.ISASAMPATHANAME |" name="And I click on Schedule Individual Student Assignment icon" time="0.032">
    <skipped/>
  </testcase>
  <testcase classname="| DP:SUPER.USERNAME | DP:SUPER.PASSWORD | DP:STUDENTS.STUDENT2.FULLNAME | DP:SECTIONS.SECTIONNAME | DP:TEXTBOOK.BOOK | DP:PROJECTASSIGNMENTS.PROJECTUNITS | DP:PROJECTASSIGNMENTS.PROJECTSUBJECT | Y | N | SAM Assignments | Assignments | CMPTR PowerPoint 2013 Chapter 20: SAM Project 1a | DP:EXAMASSIGNMENTS.EXAMNAME1 | DP:TRAININGASSIGNMENTS.TRAININGNAME1 | DP:PROJECTASSIGNMENTS.PROJECTASSIGNMENTNAME1 | DP:SAMPATHASSIGNMENTS.SAMPATHNAME | DP:EXAMASSIGNMENTS.ISAEXAMNAME | DP:TRAININGASSIGNMENTS.TRAININGISANAME1 | DP:PROJECTASSIGNMENTS.PROJECTISANAME | DP:SAMPATHASSIGNMENTS.ISASAMPATHANAME |" name="And I enter DP:EXAMASSIGNMENTS.ISAEXAMNAME Y in Assignment Name" time="0.032">
    <skipped/>
  </testcase>
  <testcase classname="| DP:SUPER.USERNAME | DP:SUPER.PASSWORD | DP:STUDENTS.STUDENT2.FULLNAME | DP:SECTIONS.SECTIONNAME | DP:TEXTBOOK.BOOK | DP:PROJECTASSIGNMENTS.PROJECTUNITS | DP:PROJECTASSIGNMENTS.PROJECTSUBJECT | Y | N | SAM Assignments | Assignments | CMPTR PowerPoint 2013 Chapter 20: SAM Project 1a | DP:EXAMASSIGNMENTS.EXAMNAME1 | DP:TRAININGASSIGNMENTS.TRAININGNAME1 | DP:PROJECTASSIGNMENTS.PROJECTASSIGNMENTNAME1 | DP:SAMPATHASSIGNMENTS.SAMPATHNAME | DP:EXAMASSIGNMENTS.ISAEXAMNAME | DP:TRAININGASSIGNMENTS.TRAININGISANAME1 | DP:PROJECTASSIGNMENTS.PROJECTISANAME | DP:SAMPATHASSIGNMENTS.ISASAMPATHANAME |" name="And I select DP:SECTIONS.SECTIONNAME Y in Select Section drop down" time="0.032">
    <skipped/>
  </testcase>
  <testcase classname="| DP:SUPER.USERNAME | DP:SUPER.PASSWORD | DP:STUDENTS.STUDENT2.FULLNAME | DP:SECTIONS.SECTIONNAME | DP:TEXTBOOK.BOOK | DP:PROJECTASSIGNMENTS.PROJECTUNITS | DP:PROJECTASSIGNMENTS.PROJECTSUBJECT | Y | N | SAM Assignments | Assignments | CMPTR PowerPoint 2013 Chapter 20: SAM Project 1a | DP:EXAMASSIGNMENTS.EXAMNAME1 | DP:TRAININGASSIGNMENTS.TRAININGNAME1 | DP:PROJECTASSIGNMENTS.PROJECTASSIGNMENTNAME1 | DP:SAMPATHASSIGNMENTS.SAMPATHNAME | DP:EXAMASSIGNMENTS.ISAEXAMNAME | DP:TRAININGASSIGNMENTS.TRAININGISANAME1 | DP:PROJECTASSIGNMENTS.PROJECTISANAME | DP:SAMPATHASSIGNMENTS.ISASAMPATHANAME |" name="And I click on Next Step button" time="0.032">
    <skipped/>
  </testcase>
  <testcase classname="| DP:SUPER.USERNAME | DP:SUPER.PASSWORD | DP:STUDENTS.STUDENT2.FULLNAME | DP:SECTIONS.SECTIONNAME | DP:TEXTBOOK.BOOK | DP:PROJECTASSIGNMENTS.PROJECTUNITS | DP:PROJECTASSIGNMENTS.PROJECTSUBJECT | Y | N | SAM Assignments | Assignments | CMPTR PowerPoint 2013 Chapter 20: SAM Project 1a | DP:EXAMASSIGNMENTS.EXAMNAME1 | DP:TRAININGASSIGNMENTS.TRAININGNAME1 | DP:PROJECTASSIGNMENTS.PROJECTASSIGNMENTNAME1 | DP:SAMPATHASSIGNMENTS.SAMPATHNAME | DP:EXAMASSIGNMENTS.ISAEXAMNAME | DP:TRAININGASSIGNMENTS.TRAININGISANAME1 | DP:PROJECTASSIGNMENTS.PROJECTISANAME | DP:SAMPATHASSIGNMENTS.ISASAMPATHANAME |" name="And I check DP:STUDENTS.STUDENT2.FULLNAME student in Available Students" time="0.047">
    <skipped/>
  </testcase>
  <testcase classname="| DP:SUPER.USERNAME | DP:SUPER.PASSWORD | DP:STUDENTS.STUDENT2.FULLNAME | DP:SECTIONS.SECTIONNAME | DP:TEXTBOOK.BOOK | DP:PROJECTASSIGNMENTS.PROJECTUNITS | DP:PROJECTASSIGNMENTS.PROJECTSUBJECT | Y | N | SAM Assignments | Assignments | CMPTR PowerPoint 2013 Chapter 20: SAM Project 1a | DP:EXAMASSIGNMENTS.EXAMNAME1 | DP:TRAININGASSIGNMENTS.TRAININGNAME1 | DP:PROJECTASSIGNMENTS.PROJECTASSIGNMENTNAME1 | DP:SAMPATHASSIGNMENTS.SAMPATHNAME | DP:EXAMASSIGNMENTS.ISAEXAMNAME | DP:TRAININGASSIGNMENTS.TRAININGISANAME1 | DP:PROJECTASSIGNMENTS.PROJECTISANAME | DP:SAMPATHASSIGNMENTS.ISASAMPATHANAME |" name="And I click on Save button" time="0.047">
    <skipped/>
  </testcase>
  <testcase classname="| DP:SUPER.USERNAME | DP:SUPER.PASSWORD | DP:STUDENTS.STUDENT2.FULLNAME | DP:SECTIONS.SECTIONNAME | DP:TEXTBOOK.BOOK | DP:PROJECTASSIGNMENTS.PROJECTUNITS | DP:PROJECTASSIGNMENTS.PROJECTSUBJECT | Y | N | SAM Assignments | Assignments | CMPTR PowerPoint 2013 Chapter 20: SAM Project 1a | DP:EXAMASSIGNMENTS.EXAMNAME1 | DP:TRAININGASSIGNMENTS.TRAININGNAME1 | DP:PROJECTASSIGNMENTS.PROJECTASSIGNMENTNAME1 | DP:SAMPATHASSIGNMENTS.SAMPATHNAME | DP:EXAMASSIGNMENTS.ISAEXAMNAME | DP:TRAININGASSIGNMENTS.TRAININGISANAME1 | DP:PROJECTASSIGNMENTS.PROJECTISANAME | DP:SAMPATHASSIGNMENTS.ISASAMPATHANAME |" name="And I see the DP:EXAMASSIGNMENTS.ISAEXAMNAME Y duplicate assignment warning message Popup in Assignment Creation" time="0.047">
    <skipped/>
  </testcase>
  <testcase classname="| DP:SUPER.USERNAME | DP:SUPER.PASSWORD | DP:STUDENTS.STUDENT2.FULLNAME | DP:SECTIONS.SECTIONNAME | DP:TEXTBOOK.BOOK | DP:PROJECTASSIGNMENTS.PROJECTUNITS | DP:PROJECTASSIGNMENTS.PROJECTSUBJECT | Y | N | SAM Assignments | Assignments | CMPTR PowerPoint 2013 Chapter 20: SAM Project 1a | DP:EXAMASSIGNMENTS.EXAMNAME1 | DP:TRAININGASSIGNMENTS.TRAININGNAME1 | DP:PROJECTASSIGNMENTS.PROJECTASSIGNMENTNAME1 | DP:SAMPATHASSIGNMENTS.SAMPATHNAME | DP:EXAMASSIGNMENTS.ISAEXAMNAME | DP:TRAININGASSIGNMENTS.TRAININGISANAME1 | DP:PROJECTASSIGNMENTS.PROJECTISANAME | DP:SAMPATHASSIGNMENTS.ISASAMPATHANAME |" name="And I click on X icon" time="0.047">
    <skipped/>
  </testcase>
  <testcase classname="| DP:SUPER.USERNAME | DP:SUPER.PASSWORD | DP:STUDENTS.STUDENT2.FULLNAME | DP:SECTIONS.SECTIONNAME | DP:TEXTBOOK.BOOK | DP:PROJECTASSIGNMENTS.PROJECTUNITS | DP:PROJECTASSIGNMENTS.PROJECTSUBJECT | Y | N | SAM Assignments | Assignments | CMPTR PowerPoint 2013 Chapter 20: SAM Project 1a | DP:EXAMASSIGNMENTS.EXAMNAME1 | DP:TRAININGASSIGNMENTS.TRAININGNAME1 | DP:PROJECTASSIGNMENTS.PROJECTASSIGNMENTNAME1 | DP:SAMPATHASSIGNMENTS.SAMPATHNAME | DP:EXAMASSIGNMENTS.ISAEXAMNAME | DP:TRAININGASSIGNMENTS.TRAININGISANAME1 | DP:PROJECTASSIGNMENTS.PROJECTISANAME | DP:SAMPATHASSIGNMENTS.ISASAMPATHANAME |" name="And I click on Back OneStep Button" time="0.047">
    <skipped/>
  </testcase>
  <testcase classname="| DP:SUPER.USERNAME | DP:SUPER.PASSWORD | DP:STUDENTS.STUDENT2.FULLNAME | DP:SECTIONS.SECTIONNAME | DP:TEXTBOOK.BOOK | DP:PROJECTASSIGNMENTS.PROJECTUNITS | DP:PROJECTASSIGNMENTS.PROJECTSUBJECT | Y | N | SAM Assignments | Assignments | CMPTR PowerPoint 2013 Chapter 20: SAM Project 1a | DP:EXAMASSIGNMENTS.EXAMNAME1 | DP:TRAININGASSIGNMENTS.TRAININGNAME1 | DP:PROJECTASSIGNMENTS.PROJECTASSIGNMENTNAME1 | DP:SAMPATHASSIGNMENTS.SAMPATHNAME | DP:EXAMASSIGNMENTS.ISAEXAMNAME | DP:TRAININGASSIGNMENTS.TRAININGISANAME1 | DP:PROJECTASSIGNMENTS.PROJECTISANAME | DP:SAMPATHASSIGNMENTS.ISASAMPATHANAME |" name="And I enter DP:TRAININGASSIGNMENTS.TRAININGISANAME1 Y in Assignment Name" time="0.047">
    <skipped/>
  </testcase>
  <testcase classname="| DP:SUPER.USERNAME | DP:SUPER.PASSWORD | DP:STUDENTS.STUDENT2.FULLNAME | DP:SECTIONS.SECTIONNAME | DP:TEXTBOOK.BOOK | DP:PROJECTASSIGNMENTS.PROJECTUNITS | DP:PROJECTASSIGNMENTS.PROJECTSUBJECT | Y | N | SAM Assignments | Assignments | CMPTR PowerPoint 2013 Chapter 20: SAM Project 1a | DP:EXAMASSIGNMENTS.EXAMNAME1 | DP:TRAININGASSIGNMENTS.TRAININGNAME1 | DP:PROJECTASSIGNMENTS.PROJECTASSIGNMENTNAME1 | DP:SAMPATHASSIGNMENTS.SAMPATHNAME | DP:EXAMASSIGNMENTS.ISAEXAMNAME | DP:TRAININGASSIGNMENTS.TRAININGISANAME1 | DP:PROJECTASSIGNMENTS.PROJECTISANAME | DP:SAMPATHASSIGNMENTS.ISASAMPATHANAME |" name="And I click on Next Step button" time="0.047">
    <skipped/>
  </testcase>
  <testcase classname="| DP:SUPER.USERNAME | DP:SUPER.PASSWORD | DP:STUDENTS.STUDENT2.FULLNAME | DP:SECTIONS.SECTIONNAME | DP:TEXTBOOK.BOOK | DP:PROJECTASSIGNMENTS.PROJECTUNITS | DP:PROJECTASSIGNMENTS.PROJECTSUBJECT | Y | N | SAM Assignments | Assignments | CMPTR PowerPoint 2013 Chapter 20: SAM Project 1a | DP:EXAMASSIGNMENTS.EXAMNAME1 | DP:TRAININGASSIGNMENTS.TRAININGNAME1 | DP:PROJECTASSIGNMENTS.PROJECTASSIGNMENTNAME1 | DP:SAMPATHASSIGNMENTS.SAMPATHNAME | DP:EXAMASSIGNMENTS.ISAEXAMNAME | DP:TRAININGASSIGNMENTS.TRAININGISANAME1 | DP:PROJECTASSIGNMENTS.PROJECTISANAME | DP:SAMPATHASSIGNMENTS.ISASAMPATHANAME |" name="And I click on Save button" time="0.063">
    <skipped/>
  </testcase>
  <testcase classname="| DP:SUPER.USERNAME | DP:SUPER.PASSWORD | DP:STUDENTS.STUDENT2.FULLNAME | DP:SECTIONS.SECTIONNAME | DP:TEXTBOOK.BOOK | DP:PROJECTASSIGNMENTS.PROJECTUNITS | DP:PROJECTASSIGNMENTS.PROJECTSUBJECT | Y | N | SAM Assignments | Assignments | CMPTR PowerPoint 2013 Chapter 20: SAM Project 1a | DP:EXAMASSIGNMENTS.EXAMNAME1 | DP:TRAININGASSIGNMENTS.TRAININGNAME1 | DP:PROJECTASSIGNMENTS.PROJECTASSIGNMENTNAME1 | DP:SAMPATHASSIGNMENTS.SAMPATHNAME | DP:EXAMASSIGNMENTS.ISAEXAMNAME | DP:TRAININGASSIGNMENTS.TRAININGISANAME1 | DP:PROJECTASSIGNMENTS.PROJECTISANAME | DP:SAMPATHASSIGNMENTS.ISASAMPATHANAME |" name="And I see the DP:TRAININGASSIGNMENTS.TRAININGISANAME1 Y duplicate assignment warning message Popup in Assignment Creation" time="0.063">
    <skipped/>
  </testcase>
  <testcase classname="| DP:SUPER.USERNAME | DP:SUPER.PASSWORD | DP:STUDENTS.STUDENT2.FULLNAME | DP:SECTIONS.SECTIONNAME | DP:TEXTBOOK.BOOK | DP:PROJECTASSIGNMENTS.PROJECTUNITS | DP:PROJECTASSIGNMENTS.PROJECTSUBJECT | Y | N | SAM Assignments | Assignments | CMPTR PowerPoint 2013 Chapter 20: SAM Project 1a | DP:EXAMASSIGNMENTS.EXAMNAME1 | DP:TRAININGASSIGNMENTS.TRAININGNAME1 | DP:PROJECTASSIGNMENTS.PROJECTASSIGNMENTNAME1 | DP:SAMPATHASSIGNMENTS.SAMPATHNAME | DP:EXAMASSIGNMENTS.ISAEXAMNAME | DP:TRAININGASSIGNMENTS.TRAININGISANAME1 | DP:PROJECTASSIGNMENTS.PROJECTISANAME | DP:SAMPATHASSIGNMENTS.ISASAMPATHANAME |" name="And I click on X icon" time="0.063">
    <skipped/>
  </testcase>
  <testcase classname="| DP:SUPER.USERNAME | DP:SUPER.PASSWORD | DP:STUDENTS.STUDENT2.FULLNAME | DP:SECTIONS.SECTIONNAME | DP:TEXTBOOK.BOOK | DP:PROJECTASSIGNMENTS.PROJECTUNITS | DP:PROJECTASSIGNMENTS.PROJECTSUBJECT | Y | N | SAM Assignments | Assignments | CMPTR PowerPoint 2013 Chapter 20: SAM Project 1a | DP:EXAMASSIGNMENTS.EXAMNAME1 | DP:TRAININGASSIGNMENTS.TRAININGNAME1 | DP:PROJECTASSIGNMENTS.PROJECTASSIGNMENTNAME1 | DP:SAMPATHASSIGNMENTS.SAMPATHNAME | DP:EXAMASSIGNMENTS.ISAEXAMNAME | DP:TRAININGASSIGNMENTS.TRAININGISANAME1 | DP:PROJECTASSIGNMENTS.PROJECTISANAME | DP:SAMPATHASSIGNMENTS.ISASAMPATHANAME |" name="And I click on Back OneStep Button" time="0.063">
    <skipped/>
  </testcase>
  <testcase classname="| DP:SUPER.USERNAME | DP:SUPER.PASSWORD | DP:STUDENTS.STUDENT2.FULLNAME | DP:SECTIONS.SECTIONNAME | DP:TEXTBOOK.BOOK | DP:PROJECTASSIGNMENTS.PROJECTUNITS | DP:PROJECTASSIGNMENTS.PROJECTSUBJECT | Y | N | SAM Assignments | Assignments | CMPTR PowerPoint 2013 Chapter 20: SAM Project 1a | DP:EXAMASSIGNMENTS.EXAMNAME1 | DP:TRAININGASSIGNMENTS.TRAININGNAME1 | DP:PROJECTASSIGNMENTS.PROJECTASSIGNMENTNAME1 | DP:SAMPATHASSIGNMENTS.SAMPATHNAME | DP:EXAMASSIGNMENTS.ISAEXAMNAME | DP:TRAININGASSIGNMENTS.TRAININGISANAME1 | DP:PROJECTASSIGNMENTS.PROJECTISANAME | DP:SAMPATHASSIGNMENTS.ISASAMPATHANAME |" name="And I enter DP:PROJECTASSIGNMENTS.PROJECTISANAME Y in Assignment Name" time="0.063">
    <skipped/>
  </testcase>
  <testcase classname="| DP:SUPER.USERNAME | DP:SUPER.PASSWORD | DP:STUDENTS.STUDENT2.FULLNAME | DP:SECTIONS.SECTIONNAME | DP:TEXTBOOK.BOOK | DP:PROJECTASSIGNMENTS.PROJECTUNITS | DP:PROJECTASSIGNMENTS.PROJECTSUBJECT | Y | N | SAM Assignments | Assignments | CMPTR PowerPoint 2013 Chapter 20: SAM Project 1a | DP:EXAMASSIGNMENTS.EXAMNAME1 | DP:TRAININGASSIGNMENTS.TRAININGNAME1 | DP:PROJECTASSIGNMENTS.PROJECTASSIGNMENTNAME1 | DP:SAMPATHASSIGNMENTS.SAMPATHNAME | DP:EXAMASSIGNMENTS.ISAEXAMNAME | DP:TRAININGASSIGNMENTS.TRAININGISANAME1 | DP:PROJECTASSIGNMENTS.PROJECTISANAME | DP:SAMPATHASSIGNMENTS.ISASAMPATHANAME |" name="And I click on Next Step button" time="0.063">
    <skipped/>
  </testcase>
  <testcase classname="| DP:SUPER.USERNAME | DP:SUPER.PASSWORD | DP:STUDENTS.STUDENT2.FULLNAME | DP:SECTIONS.SECTIONNAME | DP:TEXTBOOK.BOOK | DP:PROJECTASSIGNMENTS.PROJECTUNITS | DP:PROJECTASSIGNMENTS.PROJECTSUBJECT | Y | N | SAM Assignments | Assignments | CMPTR PowerPoint 2013 Chapter 20: SAM Project 1a | DP:EXAMASSIGNMENTS.EXAMNAME1 | DP:TRAININGASSIGNMENTS.TRAININGNAME1 | DP:PROJECTASSIGNMENTS.PROJECTASSIGNMENTNAME1 | DP:SAMPATHASSIGNMENTS.SAMPATHNAME | DP:EXAMASSIGNMENTS.ISAEXAMNAME | DP:TRAININGASSIGNMENTS.TRAININGISANAME1 | DP:PROJECTASSIGNMENTS.PROJECTISANAME | DP:SAMPATHASSIGNMENTS.ISASAMPATHANAME |" name="And I click on Save button" time="0.063">
    <skipped/>
  </testcase>
  <testcase classname="| DP:SUPER.USERNAME | DP:SUPER.PASSWORD | DP:STUDENTS.STUDENT2.FULLNAME | DP:SECTIONS.SECTIONNAME | DP:TEXTBOOK.BOOK | DP:PROJECTASSIGNMENTS.PROJECTUNITS | DP:PROJECTASSIGNMENTS.PROJECTSUBJECT | Y | N | SAM Assignments | Assignments | CMPTR PowerPoint 2013 Chapter 20: SAM Project 1a | DP:EXAMASSIGNMENTS.EXAMNAME1 | DP:TRAININGASSIGNMENTS.TRAININGNAME1 | DP:PROJECTASSIGNMENTS.PROJECTASSIGNMENTNAME1 | DP:SAMPATHASSIGNMENTS.SAMPATHNAME | DP:EXAMASSIGNMENTS.ISAEXAMNAME | DP:TRAININGASSIGNMENTS.TRAININGISANAME1 | DP:PROJECTASSIGNMENTS.PROJECTISANAME | DP:SAMPATHASSIGNMENTS.ISASAMPATHANAME |" name="And I see the DP:PROJECTASSIGNMENTS.PROJECTISANAME Y duplicate assignment warning message Popup in Assignment Creation" time="0.078">
    <skipped/>
  </testcase>
  <testcase classname="| DP:SUPER.USERNAME | DP:SUPER.PASSWORD | DP:STUDENTS.STUDENT2.FULLNAME | DP:SECTIONS.SECTIONNAME | DP:TEXTBOOK.BOOK | DP:PROJECTASSIGNMENTS.PROJECTUNITS | DP:PROJECTASSIGNMENTS.PROJECTSUBJECT | Y | N | SAM Assignments | Assignments | CMPTR PowerPoint 2013 Chapter 20: SAM Project 1a | DP:EXAMASSIGNMENTS.EXAMNAME1 | DP:TRAININGASSIGNMENTS.TRAININGNAME1 | DP:PROJECTASSIGNMENTS.PROJECTASSIGNMENTNAME1 | DP:SAMPATHASSIGNMENTS.SAMPATHNAME | DP:EXAMASSIGNMENTS.ISAEXAMNAME | DP:TRAININGASSIGNMENTS.TRAININGISANAME1 | DP:PROJECTASSIGNMENTS.PROJECTISANAME | DP:SAMPATHASSIGNMENTS.ISASAMPATHANAME |" name="And I click on X icon" time="0.078">
    <skipped/>
  </testcase>
  <testcase classname="| DP:SUPER.USERNAME | DP:SUPER.PASSWORD | DP:STUDENTS.STUDENT2.FULLNAME | DP:SECTIONS.SECTIONNAME | DP:TEXTBOOK.BOOK | DP:PROJECTASSIGNMENTS.PROJECTUNITS | DP:PROJECTASSIGNMENTS.PROJECTSUBJECT | Y | N | SAM Assignments | Assignments | CMPTR PowerPoint 2013 Chapter 20: SAM Project 1a | DP:EXAMASSIGNMENTS.EXAMNAME1 | DP:TRAININGASSIGNMENTS.TRAININGNAME1 | DP:PROJECTASSIGNMENTS.PROJECTASSIGNMENTNAME1 | DP:SAMPATHASSIGNMENTS.SAMPATHNAME | DP:EXAMASSIGNMENTS.ISAEXAMNAME | DP:TRAININGASSIGNMENTS.TRAININGISANAME1 | DP:PROJECTASSIGNMENTS.PROJECTISANAME | DP:SAMPATHASSIGNMENTS.ISASAMPATHANAME |" name="And I click on Back OneStep Button" time="0.078">
    <skipped/>
  </testcase>
  <testcase classname="| DP:SUPER.USERNAME | DP:SUPER.PASSWORD | DP:STUDENTS.STUDENT2.FULLNAME | DP:SECTIONS.SECTIONNAME | DP:TEXTBOOK.BOOK | DP:PROJECTASSIGNMENTS.PROJECTUNITS | DP:PROJECTASSIGNMENTS.PROJECTSUBJECT | Y | N | SAM Assignments | Assignments | CMPTR PowerPoint 2013 Chapter 20: SAM Project 1a | DP:EXAMASSIGNMENTS.EXAMNAME1 | DP:TRAININGASSIGNMENTS.TRAININGNAME1 | DP:PROJECTASSIGNMENTS.PROJECTASSIGNMENTNAME1 | DP:SAMPATHASSIGNMENTS.SAMPATHNAME | DP:EXAMASSIGNMENTS.ISAEXAMNAME | DP:TRAININGASSIGNMENTS.TRAININGISANAME1 | DP:PROJECTASSIGNMENTS.PROJECTISANAME | DP:SAMPATHASSIGNMENTS.ISASAMPATHANAME |" name="And I enter DP:SAMPATHASSIGNMENTS.ISASAMPATHANAME Y in Assignment Name" time="0.078">
    <skipped/>
  </testcase>
  <testcase classname="| DP:SUPER.USERNAME | DP:SUPER.PASSWORD | DP:STUDENTS.STUDENT2.FULLNAME | DP:SECTIONS.SECTIONNAME | DP:TEXTBOOK.BOOK | DP:PROJECTASSIGNMENTS.PROJECTUNITS | DP:PROJECTASSIGNMENTS.PROJECTSUBJECT | Y | N | SAM Assignments | Assignments | CMPTR PowerPoint 2013 Chapter 20: SAM Project 1a | DP:EXAMASSIGNMENTS.EXAMNAME1 | DP:TRAININGASSIGNMENTS.TRAININGNAME1 | DP:PROJECTASSIGNMENTS.PROJECTASSIGNMENTNAME1 | DP:SAMPATHASSIGNMENTS.SAMPATHNAME | DP:EXAMASSIGNMENTS.ISAEXAMNAME | DP:TRAININGASSIGNMENTS.TRAININGISANAME1 | DP:PROJECTASSIGNMENTS.PROJECTISANAME | DP:SAMPATHASSIGNMENTS.ISASAMPATHANAME |" name="And I click on Next Step button" time="0.078">
    <skipped/>
  </testcase>
  <testcase classname="| DP:SUPER.USERNAME | DP:SUPER.PASSWORD | DP:STUDENTS.STUDENT2.FULLNAME | DP:SECTIONS.SECTIONNAME | DP:TEXTBOOK.BOOK | DP:PROJECTASSIGNMENTS.PROJECTUNITS | DP:PROJECTASSIGNMENTS.PROJECTSUBJECT | Y | N | SAM Assignments | Assignments | CMPTR PowerPoint 2013 Chapter 20: SAM Project 1a | DP:EXAMASSIGNMENTS.EXAMNAME1 | DP:TRAININGASSIGNMENTS.TRAININGNAME1 | DP:PROJECTASSIGNMENTS.PROJECTASSIGNMENTNAME1 | DP:SAMPATHASSIGNMENTS.SAMPATHNAME | DP:EXAMASSIGNMENTS.ISAEXAMNAME | DP:TRAININGASSIGNMENTS.TRAININGISANAME1 | DP:PROJECTASSIGNMENTS.PROJECTISANAME | DP:SAMPATHASSIGNMENTS.ISASAMPATHANAME |" name="When I click on Save button" time="0.078">
    <skipped/>
  </testcase>
  <testcase classname="| DP:SUPER.USERNAME | DP:SUPER.PASSWORD | DP:STUDENTS.STUDENT2.FULLNAME | DP:SECTIONS.SECTIONNAME | DP:TEXTBOOK.BOOK | DP:PROJECTASSIGNMENTS.PROJECTUNITS | DP:PROJECTASSIGNMENTS.PROJECTSUBJECT | Y | N | SAM Assignments | Assignments | CMPTR PowerPoint 2013 Chapter 20: SAM Project 1a | DP:EXAMASSIGNMENTS.EXAMNAME1 | DP:TRAININGASSIGNMENTS.TRAININGNAME1 | DP:PROJECTASSIGNMENTS.PROJECTASSIGNMENTNAME1 | DP:SAMPATHASSIGNMENTS.SAMPATHNAME | DP:EXAMASSIGNMENTS.ISAEXAMNAME | DP:TRAININGASSIGNMENTS.TRAININGISANAME1 | DP:PROJECTASSIGNMENTS.PROJECTISANAME | DP:SAMPATHASSIGNMENTS.ISASAMPATHANAME |" name="Then I see the DP:SAMPATHASSIGNMENTS.ISASAMPATHANAME Y duplicate assignment warning message Popup in Assignment Creation" time="0.078">
    <skipped/>
  </testcase>
  <testcase classname="| DP:SUPER.USERNAME | DP:SUPER.PASSWORD | DP:STUDENTS.STUDENT2.FULLNAME | DP:SECTIONS.SECTIONNAME | DP:TEXTBOOK.BOOK | DP:PROJECTASSIGNMENTS.PROJECTUNITS | DP:PROJECTASSIGNMENTS.PROJECTSUBJECT | Y | N | SAM Assignments | Assignments | CMPTR PowerPoint 2013 Chapter 20: SAM Project 1a | DP:EXAMASSIGNMENTS.EXAMNAME1 | DP:TRAININGASSIGNMENTS.TRAININGNAME1 | DP:PROJECTASSIGNMENTS.PROJECTASSIGNMENTNAME1 | DP:SAMPATHASSIGNMENTS.SAMPATHNAME | DP:EXAMASSIGNMENTS.ISAEXAMNAME | DP:TRAININGASSIGNMENTS.TRAININGISANAME1 | DP:PROJECTASSIGNMENTS.PROJECTISANAME | DP:SAMPATHASSIGNMENTS.ISASAMPATHANAME |" name="And I click on X icon" time="0.078">
    <skipped/>
  </testcase>
  <testcase classname="| DP:SUPER.USERNAME | DP:SUPER.PASSWORD | DP:STUDENTS.STUDENT2.FULLNAME | DP:SECTIONS.SECTIONNAME | DP:TEXTBOOK.BOOK | DP:PROJECTASSIGNMENTS.PROJECTUNITS | DP:PROJECTASSIGNMENTS.PROJECTSUBJECT | Y | N | SAM Assignments | Assignments | CMPTR PowerPoint 2013 Chapter 20: SAM Project 1a | DP:EXAMASSIGNMENTS.EXAMNAME1 | DP:TRAININGASSIGNMENTS.TRAININGNAME1 | DP:PROJECTASSIGNMENTS.PROJECTASSIGNMENTNAME1 | DP:SAMPATHASSIGNMENTS.SAMPATHNAME | DP:EXAMASSIGNMENTS.ISAEXAMNAME | DP:TRAININGASSIGNMENTS.TRAININGISANAME1 | DP:PROJECTASSIGNMENTS.PROJECTISANAME | DP:SAMPATHASSIGNMENTS.ISASAMPATHANAME |" name="And I click on Logout button" time="0.094">
    <skipped/>
  </testcase>
  <testcase classname="| DP:SUPER.USERNAME | DP:SUPER.PASSWORD | DP:STUDENTS.STUDENT2.FULLNAME | DP:SECTIONS.SECTIONNAME | DP:SAMPATHASSIGNMENTS.SAMPATHSUBJECT | Y | N | SAM Assignments | Assignments | DP:EXAMASSIGNMENTS.EXAMNAME1 | DP:TRAININGASSIGNMENTS.TRAININGNAME1 | DP:PROJECTASSIGNMENTS.PROJECTASSIGNMENTNAME1 | DP:SAMPATHASSIGNMENTS.SAMPATHNAME | DP:EXAMASSIGNMENTS.ISAEXAMNAME | DP:TRAININGASSIGNMENTS.TRAININGISANAME1 | DP:PROJECTASSIGNMENTS.PROJECTISANAME | DP:SAMPATHASSIGNMENTS.ISASAMPATHANAME |" name="Given As a user I see login page of LMS" time="0"/>
  <testcase classname="| DP:SUPER.USERNAME | DP:SUPER.PASSWORD | DP:STUDENTS.STUDENT2.FULLNAME | DP:SECTIONS.SECTIONNAME | DP:SAMPATHASSIGNMENTS.SAMPATHSUBJECT | Y | N | SAM Assignments | Assignments | DP:EXAMASSIGNMENTS.EXAMNAME1 | DP:TRAININGASSIGNMENTS.TRAININGNAME1 | DP:PROJECTASSIGNMENTS.PROJECTASSIGNMENTNAME1 | DP:SAMPATHASSIGNMENTS.SAMPATHNAME | DP:EXAMASSIGNMENTS.ISAEXAMNAME | DP:TRAININGASSIGNMENTS.TRAININGISANAME1 | DP:PROJECTASSIGNMENTS.PROJECTISANAME | DP:SAMPATHASSIGNMENTS.ISASAMPATHANAME |" name="And I enter DP:SUPER.USERNAME N Username in LMS login page" time="0"/>
  <testcase classname="| DP:SUPER.USERNAME | DP:SUPER.PASSWORD | DP:STUDENTS.STUDENT2.FULLNAME | DP:SECTIONS.SECTIONNAME | DP:SAMPATHASSIGNMENTS.SAMPATHSUBJECT | Y | N | SAM Assignments | Assignments | DP:EXAMASSIGNMENTS.EXAMNAME1 | DP:TRAININGASSIGNMENTS.TRAININGNAME1 | DP:PROJECTASSIGNMENTS.PROJECTASSIGNMENTNAME1 | DP:SAMPATHASSIGNMENTS.SAMPATHNAME | DP:EXAMASSIGNMENTS.ISAEXAMNAME | DP:TRAININGASSIGNMENTS.TRAININGISANAME1 | DP:PROJECTASSIGNMENTS.PROJECTISANAME | DP:SAMPATHASSIGNMENTS.ISASAMPATHANAME |" name="And I enter DP:SUPER.PASSWORD Password in LMS login page" time="0"/>
  <testcase classname="| DP:SUPER.USERNAME | DP:SUPER.PASSWORD | DP:STUDENTS.STUDENT2.FULLNAME | DP:SECTIONS.SECTIONNAME | DP:SAMPATHASSIGNMENTS.SAMPATHSUBJECT | Y | N | SAM Assignments | Assignments | DP:EXAMASSIGNMENTS.EXAMNAME1 | DP:TRAININGASSIGNMENTS.TRAININGNAME1 | DP:PROJECTASSIGNMENTS.PROJECTASSIGNMENTNAME1 | DP:SAMPATHASSIGNMENTS.SAMPATHNAME | DP:EXAMASSIGNMENTS.ISAEXAMNAME | DP:TRAININGASSIGNMENTS.TRAININGISANAME1 | DP:PROJECTASSIGNMENTS.PROJECTISANAME | DP:SAMPATHASSIGNMENTS.ISASAMPATHANAME |" name="And I click on Log In button" time="0"/>
  <testcase classname="| DP:SUPER.USERNAME | DP:SUPER.PASSWORD | DP:STUDENTS.STUDENT2.FULLNAME | DP:SECTIONS.SECTIONNAME | DP:SAMPATHASSIGNMENTS.SAMPATHSUBJECT | Y | N | SAM Assignments | Assignments | DP:EXAMASSIGNMENTS.EXAMNAME1 | DP:TRAININGASSIGNMENTS.TRAININGNAME1 | DP:PROJECTASSIGNMENTS.PROJECTASSIGNMENTNAME1 | DP:SAMPATHASSIGNMENTS.SAMPATHNAME | DP:EXAMASSIGNMENTS.ISAEXAMNAME | DP:TRAININGASSIGNMENTS.TRAININGISANAME1 | DP:PROJECTASSIGNMENTS.PROJECTISANAME | DP:SAMPATHASSIGNMENTS.ISASAMPATHANAME |" name="And I see home page of LMS" time="0"/>
  <testcase classname="| DP:SUPER.USERNAME | DP:SUPER.PASSWORD | DP:STUDENTS.STUDENT2.FULLNAME | DP:SECTIONS.SECTIONNAME | DP:SAMPATHASSIGNMENTS.SAMPATHSUBJECT | Y | N | SAM Assignments | Assignments | DP:EXAMASSIGNMENTS.EXAMNAME1 | DP:TRAININGASSIGNMENTS.TRAININGNAME1 | DP:PROJECTASSIGNMENTS.PROJECTASSIGNMENTNAME1 | DP:SAMPATHASSIGNMENTS.SAMPATHNAME | DP:EXAMASSIGNMENTS.ISAEXAMNAME | DP:TRAININGASSIGNMENTS.TRAININGISANAME1 | DP:PROJECTASSIGNMENTS.PROJECTISANAME | DP:SAMPATHASSIGNMENTS.ISASAMPATHANAME |" name="And I click on SAM Assignments tab" time="0"/>
  <testcase classname="| DP:SUPER.USERNAME | DP:SUPER.PASSWORD | DP:STUDENTS.STUDENT2.FULLNAME | DP:SECTIONS.SECTIONNAME | DP:SAMPATHASSIGNMENTS.SAMPATHSUBJECT | Y | N | SAM Assignments | Assignments | DP:EXAMASSIGNMENTS.EXAMNAME1 | DP:TRAININGASSIGNMENTS.TRAININGNAME1 | DP:PROJECTASSIGNMENTS.PROJECTASSIGNMENTNAME1 | DP:SAMPATHASSIGNMENTS.SAMPATHNAME | DP:EXAMASSIGNMENTS.ISAEXAMNAME | DP:TRAININGASSIGNMENTS.TRAININGISANAME1 | DP:PROJECTASSIGNMENTS.PROJECTISANAME | DP:SAMPATHASSIGNMENTS.ISASAMPATHANAME |" name="And I click on Assignments tab" time="0"/>
  <testcase classname="| DP:SUPER.USERNAME | DP:SUPER.PASSWORD | DP:STUDENTS.STUDENT2.FULLNAME | DP:SECTIONS.SECTIONNAME | DP:SAMPATHASSIGNMENTS.SAMPATHSUBJECT | Y | N | SAM Assignments | Assignments | DP:EXAMASSIGNMENTS.EXAMNAME1 | DP:TRAININGASSIGNMENTS.TRAININGNAME1 | DP:PROJECTASSIGNMENTS.PROJECTASSIGNMENTNAME1 | DP:SAMPATHASSIGNMENTS.SAMPATHNAME | DP:EXAMASSIGNMENTS.ISAEXAMNAME | DP:TRAININGASSIGNMENTS.TRAININGISANAME1 | DP:PROJECTASSIGNMENTS.PROJECTISANAME | DP:SAMPATHASSIGNMENTS.ISASAMPATHANAME |" name="And I click on Schedule New button" time="0"/>
  <testcase classname="| DP:SUPER.USERNAME | DP:SUPER.PASSWORD | DP:STUDENTS.STUDENT2.FULLNAME | DP:SECTIONS.SECTIONNAME | DP:SAMPATHASSIGNMENTS.SAMPATHSUBJECT | Y | N | SAM Assignments | Assignments | DP:EXAMASSIGNMENTS.EXAMNAME1 | DP:TRAININGASSIGNMENTS.TRAININGNAME1 | DP:PROJECTASSIGNMENTS.PROJECTASSIGNMENTNAME1 | DP:SAMPATHASSIGNMENTS.SAMPATHNAME | DP:EXAMASSIGNMENTS.ISAEXAMNAME | DP:TRAININGASSIGNMENTS.TRAININGISANAME1 | DP:PROJECTASSIGNMENTS.PROJECTISANAME | DP:SAMPATHASSIGNMENTS.ISASAMPATHANAME |" name="And I click on SAM path button" time="0"/>
  <testcase classname="| DP:SUPER.USERNAME | DP:SUPER.PASSWORD | DP:STUDENTS.STUDENT2.FULLNAME | DP:SECTIONS.SECTIONNAME | DP:SAMPATHASSIGNMENTS.SAMPATHSUBJECT | Y | N | SAM Assignments | Assignments | DP:EXAMASSIGNMENTS.EXAMNAME1 | DP:TRAININGASSIGNMENTS.TRAININGNAME1 | DP:PROJECTASSIGNMENTS.PROJECTASSIGNMENTNAME1 | DP:SAMPATHASSIGNMENTS.SAMPATHNAME | DP:EXAMASSIGNMENTS.ISAEXAMNAME | DP:TRAININGASSIGNMENTS.TRAININGISANAME1 | DP:PROJECTASSIGNMENTS.PROJECTISANAME | DP:SAMPATHASSIGNMENTS.ISASAMPATHANAME |" name="And I select DP:SAMPATHASSIGNMENTS.SAMPATHSUBJECT in Subject drop down" time="0"/>
  <testcase classname="| DP:SUPER.USERNAME | DP:SUPER.PASSWORD | DP:STUDENTS.STUDENT2.FULLNAME | DP:SECTIONS.SECTIONNAME | DP:SAMPATHASSIGNMENTS.SAMPATHSUBJECT | Y | N | SAM Assignments | Assignments | DP:EXAMASSIGNMENTS.EXAMNAME1 | DP:TRAININGASSIGNMENTS.TRAININGNAME1 | DP:PROJECTASSIGNMENTS.PROJECTASSIGNMENTNAME1 | DP:SAMPATHASSIGNMENTS.SAMPATHNAME | DP:EXAMASSIGNMENTS.ISAEXAMNAME | DP:TRAININGASSIGNMENTS.TRAININGISANAME1 | DP:PROJECTASSIGNMENTS.PROJECTISANAME | DP:SAMPATHASSIGNMENTS.ISASAMPATHANAME |" name="And I select DP:EXAMASSIGNMENTS.EXAMNAME1 Y in Exam Name" time="0"/>
  <testcase classname="| DP:SUPER.USERNAME | DP:SUPER.PASSWORD | DP:STUDENTS.STUDENT2.FULLNAME | DP:SECTIONS.SECTIONNAME | DP:SAMPATHASSIGNMENTS.SAMPATHSUBJECT | Y | N | SAM Assignments | Assignments | DP:EXAMASSIGNMENTS.EXAMNAME1 | DP:TRAININGASSIGNMENTS.TRAININGNAME1 | DP:PROJECTASSIGNMENTS.PROJECTASSIGNMENTNAME1 | DP:SAMPATHASSIGNMENTS.SAMPATHNAME | DP:EXAMASSIGNMENTS.ISAEXAMNAME | DP:TRAININGASSIGNMENTS.TRAININGISANAME1 | DP:PROJECTASSIGNMENTS.PROJECTISANAME | DP:SAMPATHASSIGNMENTS.ISASAMPATHANAME |" name="And I click on Next Step button" time="0"/>
  <testcase classname="| DP:SUPER.USERNAME | DP:SUPER.PASSWORD | DP:STUDENTS.STUDENT2.FULLNAME | DP:SECTIONS.SECTIONNAME | DP:SAMPATHASSIGNMENTS.SAMPATHSUBJECT | Y | N | SAM Assignments | Assignments | DP:EXAMASSIGNMENTS.EXAMNAME1 | DP:TRAININGASSIGNMENTS.TRAININGNAME1 | DP:PROJECTASSIGNMENTS.PROJECTASSIGNMENTNAME1 | DP:SAMPATHASSIGNMENTS.SAMPATHNAME | DP:EXAMASSIGNMENTS.ISAEXAMNAME | DP:TRAININGASSIGNMENTS.TRAININGISANAME1 | DP:PROJECTASSIGNMENTS.PROJECTISANAME | DP:SAMPATHASSIGNMENTS.ISASAMPATHANAME |" name="And I enter DP:EXAMASSIGNMENTS.EXAMNAME1 Y in Assignment Name" time="0"/>
  <testcase classname="| DP:SUPER.USERNAME | DP:SUPER.PASSWORD | DP:STUDENTS.STUDENT2.FULLNAME | DP:SECTIONS.SECTIONNAME | DP:SAMPATHASSIGNMENTS.SAMPATHSUBJECT | Y | N | SAM Assignments | Assignments | DP:EXAMASSIGNMENTS.EXAMNAME1 | DP:TRAININGASSIGNMENTS.TRAININGNAME1 | DP:PROJECTASSIGNMENTS.PROJECTASSIGNMENTNAME1 | DP:SAMPATHASSIGNMENTS.SAMPATHNAME | DP:EXAMASSIGNMENTS.ISAEXAMNAME | DP:TRAININGASSIGNMENTS.TRAININGISANAME1 | DP:PROJECTASSIGNMENTS.PROJECTISANAME | DP:SAMPATHASSIGNMENTS.ISASAMPATHANAME |" name="And I click on section drop down" time="0"/>
  <testcase classname="| DP:SUPER.USERNAME | DP:SUPER.PASSWORD | DP:STUDENTS.STUDENT2.FULLNAME | DP:SECTIONS.SECTIONNAME | DP:SAMPATHASSIGNMENTS.SAMPATHSUBJECT | Y | N | SAM Assignments | Assignments | DP:EXAMASSIGNMENTS.EXAMNAME1 | DP:TRAININGASSIGNMENTS.TRAININGNAME1 | DP:PROJECTASSIGNMENTS.PROJECTASSIGNMENTNAME1 | DP:SAMPATHASSIGNMENTS.SAMPATHNAME | DP:EXAMASSIGNMENTS.ISAEXAMNAME | DP:TRAININGASSIGNMENTS.TRAININGISANAME1 | DP:PROJECTASSIGNMENTS.PROJECTISANAME | DP:SAMPATHASSIGNMENTS.ISASAMPATHANAME |" name="And I check DP:SECTIONS.SECTIONNAME Y in Select section drop down" time="0"/>
  <testcase classname="| DP:SUPER.USERNAME | DP:SUPER.PASSWORD | DP:STUDENTS.STUDENT2.FULLNAME | DP:SECTIONS.SECTIONNAME | DP:SAMPATHASSIGNMENTS.SAMPATHSUBJECT | Y | N | SAM Assignments | Assignments | DP:EXAMASSIGNMENTS.EXAMNAME1 | DP:TRAININGASSIGNMENTS.TRAININGNAME1 | DP:PROJECTASSIGNMENTS.PROJECTASSIGNMENTNAME1 | DP:SAMPATHASSIGNMENTS.SAMPATHNAME | DP:EXAMASSIGNMENTS.ISAEXAMNAME | DP:TRAININGASSIGNMENTS.TRAININGISANAME1 | DP:PROJECTASSIGNMENTS.PROJECTISANAME | DP:SAMPATHASSIGNMENTS.ISASAMPATHANAME |" name="And I click on section drop down" time="0"/>
  <testcase classname="| DP:SUPER.USERNAME | DP:SUPER.PASSWORD | DP:STUDENTS.STUDENT2.FULLNAME | DP:SECTIONS.SECTIONNAME | DP:SAMPATHASSIGNMENTS.SAMPATHSUBJECT | Y | N | SAM Assignments | Assignments | DP:EXAMASSIGNMENTS.EXAMNAME1 | DP:TRAININGASSIGNMENTS.TRAININGNAME1 | DP:PROJECTASSIGNMENTS.PROJECTASSIGNMENTNAME1 | DP:SAMPATHASSIGNMENTS.SAMPATHNAME | DP:EXAMASSIGNMENTS.ISAEXAMNAME | DP:TRAININGASSIGNMENTS.TRAININGISANAME1 | DP:PROJECTASSIGNMENTS.PROJECTISANAME | DP:SAMPATHASSIGNMENTS.ISASAMPATHANAME |" name="And I click on Save button" time="0"/>
  <testcase classname="| DP:SUPER.USERNAME | DP:SUPER.PASSWORD | DP:STUDENTS.STUDENT2.FULLNAME | DP:SECTIONS.SECTIONNAME | DP:SAMPATHASSIGNMENTS.SAMPATHSUBJECT | Y | N | SAM Assignments | Assignments | DP:EXAMASSIGNMENTS.EXAMNAME1 | DP:TRAININGASSIGNMENTS.TRAININGNAME1 | DP:PROJECTASSIGNMENTS.PROJECTASSIGNMENTNAME1 | DP:SAMPATHASSIGNMENTS.SAMPATHNAME | DP:EXAMASSIGNMENTS.ISAEXAMNAME | DP:TRAININGASSIGNMENTS.TRAININGISANAME1 | DP:PROJECTASSIGNMENTS.PROJECTISANAME | DP:SAMPATHASSIGNMENTS.ISASAMPATHANAME |" name="And I see the DP:EXAMASSIGNMENTS.EXAMNAME1 Y duplicate assignment warning message Popup in Assignment Creation" time="0"/>
  <testcase classname="| DP:SUPER.USERNAME | DP:SUPER.PASSWORD | DP:STUDENTS.STUDENT2.FULLNAME | DP:SECTIONS.SECTIONNAME | DP:SAMPATHASSIGNMENTS.SAMPATHSUBJECT | Y | N | SAM Assignments | Assignments | DP:EXAMASSIGNMENTS.EXAMNAME1 | DP:TRAININGASSIGNMENTS.TRAININGNAME1 | DP:PROJECTASSIGNMENTS.PROJECTASSIGNMENTNAME1 | DP:SAMPATHASSIGNMENTS.SAMPATHNAME | DP:EXAMASSIGNMENTS.ISAEXAMNAME | DP:TRAININGASSIGNMENTS.TRAININGISANAME1 | DP:PROJECTASSIGNMENTS.PROJECTISANAME | DP:SAMPATHASSIGNMENTS.ISASAMPATHANAME |" name="And I click on X icon" time="0"/>
  <testcase classname="| DP:SUPER.USERNAME | DP:SUPER.PASSWORD | DP:STUDENTS.STUDENT2.FULLNAME | DP:SECTIONS.SECTIONNAME | DP:SAMPATHASSIGNMENTS.SAMPATHSUBJECT | Y | N | SAM Assignments | Assignments | DP:EXAMASSIGNMENTS.EXAMNAME1 | DP:TRAININGASSIGNMENTS.TRAININGNAME1 | DP:PROJECTASSIGNMENTS.PROJECTASSIGNMENTNAME1 | DP:SAMPATHASSIGNMENTS.SAMPATHNAME | DP:EXAMASSIGNMENTS.ISAEXAMNAME | DP:TRAININGASSIGNMENTS.TRAININGISANAME1 | DP:PROJECTASSIGNMENTS.PROJECTISANAME | DP:SAMPATHASSIGNMENTS.ISASAMPATHANAME |" name="And I enter DP:TRAININGASSIGNMENTS.TRAININGNAME1 Y in Assignment Name" time="0"/>
  <testcase classname="| DP:SUPER.USERNAME | DP:SUPER.PASSWORD | DP:STUDENTS.STUDENT2.FULLNAME | DP:SECTIONS.SECTIONNAME | DP:SAMPATHASSIGNMENTS.SAMPATHSUBJECT | Y | N | SAM Assignments | Assignments | DP:EXAMASSIGNMENTS.EXAMNAME1 | DP:TRAININGASSIGNMENTS.TRAININGNAME1 | DP:PROJECTASSIGNMENTS.PROJECTASSIGNMENTNAME1 | DP:SAMPATHASSIGNMENTS.SAMPATHNAME | DP:EXAMASSIGNMENTS.ISAEXAMNAME | DP:TRAININGASSIGNMENTS.TRAININGISANAME1 | DP:PROJECTASSIGNMENTS.PROJECTISANAME | DP:SAMPATHASSIGNMENTS.ISASAMPATHANAME |" name="And I click on Save button" time="0"/>
  <testcase classname="| DP:SUPER.USERNAME | DP:SUPER.PASSWORD | DP:STUDENTS.STUDENT2.FULLNAME | DP:SECTIONS.SECTIONNAME | DP:SAMPATHASSIGNMENTS.SAMPATHSUBJECT | Y | N | SAM Assignments | Assignments | DP:EXAMASSIGNMENTS.EXAMNAME1 | DP:TRAININGASSIGNMENTS.TRAININGNAME1 | DP:PROJECTASSIGNMENTS.PROJECTASSIGNMENTNAME1 | DP:SAMPATHASSIGNMENTS.SAMPATHNAME | DP:EXAMASSIGNMENTS.ISAEXAMNAME | DP:TRAININGASSIGNMENTS.TRAININGISANAME1 | DP:PROJECTASSIGNMENTS.PROJECTISANAME | DP:SAMPATHASSIGNMENTS.ISASAMPATHANAME |" name="And I see the DP:TRAININGASSIGNMENTS.TRAININGNAME1 Y duplicate assignment warning message Popup in Assignment Creation" time="0"/>
  <testcase classname="| DP:SUPER.USERNAME | DP:SUPER.PASSWORD | DP:STUDENTS.STUDENT2.FULLNAME | DP:SECTIONS.SECTIONNAME | DP:SAMPATHASSIGNMENTS.SAMPATHSUBJECT | Y | N | SAM Assignments | Assignments | DP:EXAMASSIGNMENTS.EXAMNAME1 | DP:TRAININGASSIGNMENTS.TRAININGNAME1 | DP:PROJECTASSIGNMENTS.PROJECTASSIGNMENTNAME1 | DP:SAMPATHASSIGNMENTS.SAMPATHNAME | DP:EXAMASSIGNMENTS.ISAEXAMNAME | DP:TRAININGASSIGNMENTS.TRAININGISANAME1 | DP:PROJECTASSIGNMENTS.PROJECTISANAME | DP:SAMPATHASSIGNMENTS.ISASAMPATHANAME |" name="And I click on X icon" time="0"/>
  <testcase classname="| DP:SUPER.USERNAME | DP:SUPER.PASSWORD | DP:STUDENTS.STUDENT2.FULLNAME | DP:SECTIONS.SECTIONNAME | DP:SAMPATHASSIGNMENTS.SAMPATHSUBJECT | Y | N | SAM Assignments | Assignments | DP:EXAMASSIGNMENTS.EXAMNAME1 | DP:TRAININGASSIGNMENTS.TRAININGNAME1 | DP:PROJECTASSIGNMENTS.PROJECTASSIGNMENTNAME1 | DP:SAMPATHASSIGNMENTS.SAMPATHNAME | DP:EXAMASSIGNMENTS.ISAEXAMNAME | DP:TRAININGASSIGNMENTS.TRAININGISANAME1 | DP:PROJECTASSIGNMENTS.PROJECTISANAME | DP:SAMPATHASSIGNMENTS.ISASAMPATHANAME |" name="And I enter DP:PROJECTASSIGNMENTS.PROJECTASSIGNMENTNAME1 Y in Assignment Name" time="0"/>
  <testcase classname="| DP:SUPER.USERNAME | DP:SUPER.PASSWORD | DP:STUDENTS.STUDENT2.FULLNAME | DP:SECTIONS.SECTIONNAME | DP:SAMPATHASSIGNMENTS.SAMPATHSUBJECT | Y | N | SAM Assignments | Assignments | DP:EXAMASSIGNMENTS.EXAMNAME1 | DP:TRAININGASSIGNMENTS.TRAININGNAME1 | DP:PROJECTASSIGNMENTS.PROJECTASSIGNMENTNAME1 | DP:SAMPATHASSIGNMENTS.SAMPATHNAME | DP:EXAMASSIGNMENTS.ISAEXAMNAME | DP:TRAININGASSIGNMENTS.TRAININGISANAME1 | DP:PROJECTASSIGNMENTS.PROJECTISANAME | DP:SAMPATHASSIGNMENTS.ISASAMPATHANAME |" name="And I click on Save button" time="0"/>
  <testcase classname="| DP:SUPER.USERNAME | DP:SUPER.PASSWORD | DP:STUDENTS.STUDENT2.FULLNAME | DP:SECTIONS.SECTIONNAME | DP:SAMPATHASSIGNMENTS.SAMPATHSUBJECT | Y | N | SAM Assignments | Assignments | DP:EXAMASSIGNMENTS.EXAMNAME1 | DP:TRAININGASSIGNMENTS.TRAININGNAME1 | DP:PROJECTASSIGNMENTS.PROJECTASSIGNMENTNAME1 | DP:SAMPATHASSIGNMENTS.SAMPATHNAME | DP:EXAMASSIGNMENTS.ISAEXAMNAME | DP:TRAININGASSIGNMENTS.TRAININGISANAME1 | DP:PROJECTASSIGNMENTS.PROJECTISANAME | DP:SAMPATHASSIGNMENTS.ISASAMPATHANAME |" name="And I see the DP:PROJECTASSIGNMENTS.PROJECTASSIGNMENTNAME1 Y duplicate assignment warning message Popup in Assignment Creation" time="0"/>
  <testcase classname="| DP:SUPER.USERNAME | DP:SUPER.PASSWORD | DP:STUDENTS.STUDENT2.FULLNAME | DP:SECTIONS.SECTIONNAME | DP:SAMPATHASSIGNMENTS.SAMPATHSUBJECT | Y | N | SAM Assignments | Assignments | DP:EXAMASSIGNMENTS.EXAMNAME1 | DP:TRAININGASSIGNMENTS.TRAININGNAME1 | DP:PROJECTASSIGNMENTS.PROJECTASSIGNMENTNAME1 | DP:SAMPATHASSIGNMENTS.SAMPATHNAME | DP:EXAMASSIGNMENTS.ISAEXAMNAME | DP:TRAININGASSIGNMENTS.TRAININGISANAME1 | DP:PROJECTASSIGNMENTS.PROJECTISANAME | DP:SAMPATHASSIGNMENTS.ISASAMPATHANAME |" name="And I click on X icon" time="0"/>
  <testcase classname="| DP:SUPER.USERNAME | DP:SUPER.PASSWORD | DP:STUDENTS.STUDENT2.FULLNAME | DP:SECTIONS.SECTIONNAME | DP:SAMPATHASSIGNMENTS.SAMPATHSUBJECT | Y | N | SAM Assignments | Assignments | DP:EXAMASSIGNMENTS.EXAMNAME1 | DP:TRAININGASSIGNMENTS.TRAININGNAME1 | DP:PROJECTASSIGNMENTS.PROJECTASSIGNMENTNAME1 | DP:SAMPATHASSIGNMENTS.SAMPATHNAME | DP:EXAMASSIGNMENTS.ISAEXAMNAME | DP:TRAININGASSIGNMENTS.TRAININGISANAME1 | DP:PROJECTASSIGNMENTS.PROJECTISANAME | DP:SAMPATHASSIGNMENTS.ISASAMPATHANAME |" name="And I enter DP:SAMPATHASSIGNMENTS.SAMPATHNAME Y in Assignment Name" time="0.001"/>
  <testcase classname="| DP:SUPER.USERNAME | DP:SUPER.PASSWORD | DP:STUDENTS.STUDENT2.FULLNAME | DP:SECTIONS.SECTIONNAME | DP:SAMPATHASSIGNMENTS.SAMPATHSUBJECT | Y | N | SAM Assignments | Assignments | DP:EXAMASSIGNMENTS.EXAMNAME1 | DP:TRAININGASSIGNMENTS.TRAININGNAME1 | DP:PROJECTASSIGNMENTS.PROJECTASSIGNMENTNAME1 | DP:SAMPATHASSIGNMENTS.SAMPATHNAME | DP:EXAMASSIGNMENTS.ISAEXAMNAME | DP:TRAININGASSIGNMENTS.TRAININGISANAME1 | DP:PROJECTASSIGNMENTS.PROJECTISANAME | DP:SAMPATHASSIGNMENTS.ISASAMPATHANAME |" name="And I click on Save button" time="0"/>
  <testcase classname="| DP:SUPER.USERNAME | DP:SUPER.PASSWORD | DP:STUDENTS.STUDENT2.FULLNAME | DP:SECTIONS.SECTIONNAME | DP:SAMPATHASSIGNMENTS.SAMPATHSUBJECT | Y | N | SAM Assignments | Assignments | DP:EXAMASSIGNMENTS.EXAMNAME1 | DP:TRAININGASSIGNMENTS.TRAININGNAME1 | DP:PROJECTASSIGNMENTS.PROJECTASSIGNMENTNAME1 | DP:SAMPATHASSIGNMENTS.SAMPATHNAME | DP:EXAMASSIGNMENTS.ISAEXAMNAME | DP:TRAININGASSIGNMENTS.TRAININGISANAME1 | DP:PROJECTASSIGNMENTS.PROJECTISANAME | DP:SAMPATHASSIGNMENTS.ISASAMPATHANAME |" name="And I see the DP:SAMPATHASSIGNMENTS.SAMPATHNAME Y duplicate assignment warning message Popup in Assignment Creation" time="0"/>
  <testcase classname="| DP:SUPER.USERNAME | DP:SUPER.PASSWORD | DP:STUDENTS.STUDENT2.FULLNAME | DP:SECTIONS.SECTIONNAME | DP:SAMPATHASSIGNMENTS.SAMPATHSUBJECT | Y | N | SAM Assignments | Assignments | DP:EXAMASSIGNMENTS.EXAMNAME1 | DP:TRAININGASSIGNMENTS.TRAININGNAME1 | DP:PROJECTASSIGNMENTS.PROJECTASSIGNMENTNAME1 | DP:SAMPATHASSIGNMENTS.SAMPATHNAME | DP:EXAMASSIGNMENTS.ISAEXAMNAME | DP:TRAININGASSIGNMENTS.TRAININGISANAME1 | DP:PROJECTASSIGNMENTS.PROJECTISANAME | DP:SAMPATHASSIGNMENTS.ISASAMPATHANAME |" name="And I click on X icon" time="0"/>
  <testcase classname="| DP:SUPER.USERNAME | DP:SUPER.PASSWORD | DP:STUDENTS.STUDENT2.FULLNAME | DP:SECTIONS.SECTIONNAME | DP:SAMPATHASSIGNMENTS.SAMPATHSUBJECT | Y | N | SAM Assignments | Assignments | DP:EXAMASSIGNMENTS.EXAMNAME1 | DP:TRAININGASSIGNMENTS.TRAININGNAME1 | DP:PROJECTASSIGNMENTS.PROJECTASSIGNMENTNAME1 | DP:SAMPATHASSIGNMENTS.SAMPATHNAME | DP:EXAMASSIGNMENTS.ISAEXAMNAME | DP:TRAININGASSIGNMENTS.TRAININGISANAME1 | DP:PROJECTASSIGNMENTS.PROJECTISANAME | DP:SAMPATHASSIGNMENTS.ISASAMPATHANAME |" name="And I enter DP:EXAMASSIGNMENTS.ISAEXAMNAME Y in Assignment Name" time="0"/>
  <testcase classname="| DP:SUPER.USERNAME | DP:SUPER.PASSWORD | DP:STUDENTS.STUDENT2.FULLNAME | DP:SECTIONS.SECTIONNAME | DP:SAMPATHASSIGNMENTS.SAMPATHSUBJECT | Y | N | SAM Assignments | Assignments | DP:EXAMASSIGNMENTS.EXAMNAME1 | DP:TRAININGASSIGNMENTS.TRAININGNAME1 | DP:PROJECTASSIGNMENTS.PROJECTASSIGNMENTNAME1 | DP:SAMPATHASSIGNMENTS.SAMPATHNAME | DP:EXAMASSIGNMENTS.ISAEXAMNAME | DP:TRAININGASSIGNMENTS.TRAININGISANAME1 | DP:PROJECTASSIGNMENTS.PROJECTISANAME | DP:SAMPATHASSIGNMENTS.ISASAMPATHANAME |" name="And I click on Save button" time="0"/>
  <testcase classname="| DP:SUPER.USERNAME | DP:SUPER.PASSWORD | DP:STUDENTS.STUDENT2.FULLNAME | DP:SECTIONS.SECTIONNAME | DP:SAMPATHASSIGNMENTS.SAMPATHSUBJECT | Y | N | SAM Assignments | Assignments | DP:EXAMASSIGNMENTS.EXAMNAME1 | DP:TRAININGASSIGNMENTS.TRAININGNAME1 | DP:PROJECTASSIGNMENTS.PROJECTASSIGNMENTNAME1 | DP:SAMPATHASSIGNMENTS.SAMPATHNAME | DP:EXAMASSIGNMENTS.ISAEXAMNAME | DP:TRAININGASSIGNMENTS.TRAININGISANAME1 | DP:PROJECTASSIGNMENTS.PROJECTISANAME | DP:SAMPATHASSIGNMENTS.ISASAMPATHANAME |" name="And I see the DP:EXAMASSIGNMENTS.ISAEXAMNAME Y duplicate assignment warning message Popup in Assignment Creation" time="0"/>
  <testcase classname="| DP:SUPER.USERNAME | DP:SUPER.PASSWORD | DP:STUDENTS.STUDENT2.FULLNAME | DP:SECTIONS.SECTIONNAME | DP:SAMPATHASSIGNMENTS.SAMPATHSUBJECT | Y | N | SAM Assignments | Assignments | DP:EXAMASSIGNMENTS.EXAMNAME1 | DP:TRAININGASSIGNMENTS.TRAININGNAME1 | DP:PROJECTASSIGNMENTS.PROJECTASSIGNMENTNAME1 | DP:SAMPATHASSIGNMENTS.SAMPATHNAME | DP:EXAMASSIGNMENTS.ISAEXAMNAME | DP:TRAININGASSIGNMENTS.TRAININGISANAME1 | DP:PROJECTASSIGNMENTS.PROJECTISANAME | DP:SAMPATHASSIGNMENTS.ISASAMPATHANAME |" name="And I click on X icon" time="0"/>
  <testcase classname="| DP:SUPER.USERNAME | DP:SUPER.PASSWORD | DP:STUDENTS.STUDENT2.FULLNAME | DP:SECTIONS.SECTIONNAME | DP:SAMPATHASSIGNMENTS.SAMPATHSUBJECT | Y | N | SAM Assignments | Assignments | DP:EXAMASSIGNMENTS.EXAMNAME1 | DP:TRAININGASSIGNMENTS.TRAININGNAME1 | DP:PROJECTASSIGNMENTS.PROJECTASSIGNMENTNAME1 | DP:SAMPATHASSIGNMENTS.SAMPATHNAME | DP:EXAMASSIGNMENTS.ISAEXAMNAME | DP:TRAININGASSIGNMENTS.TRAININGISANAME1 | DP:PROJECTASSIGNMENTS.PROJECTISANAME | DP:SAMPATHASSIGNMENTS.ISASAMPATHANAME |" name="And I enter DP:TRAININGASSIGNMENTS.TRAININGISANAME1 Y in Assignment Name" time="0"/>
  <testcase classname="| DP:SUPER.USERNAME | DP:SUPER.PASSWORD | DP:STUDENTS.STUDENT2.FULLNAME | DP:SECTIONS.SECTIONNAME | DP:SAMPATHASSIGNMENTS.SAMPATHSUBJECT | Y | N | SAM Assignments | Assignments | DP:EXAMASSIGNMENTS.EXAMNAME1 | DP:TRAININGASSIGNMENTS.TRAININGNAME1 | DP:PROJECTASSIGNMENTS.PROJECTASSIGNMENTNAME1 | DP:SAMPATHASSIGNMENTS.SAMPATHNAME | DP:EXAMASSIGNMENTS.ISAEXAMNAME | DP:TRAININGASSIGNMENTS.TRAININGISANAME1 | DP:PROJECTASSIGNMENTS.PROJECTISANAME | DP:SAMPATHASSIGNMENTS.ISASAMPATHANAME |" name="And I click on Save button" time="0"/>
  <testcase classname="| DP:SUPER.USERNAME | DP:SUPER.PASSWORD | DP:STUDENTS.STUDENT2.FULLNAME | DP:SECTIONS.SECTIONNAME | DP:SAMPATHASSIGNMENTS.SAMPATHSUBJECT | Y | N | SAM Assignments | Assignments | DP:EXAMASSIGNMENTS.EXAMNAME1 | DP:TRAININGASSIGNMENTS.TRAININGNAME1 | DP:PROJECTASSIGNMENTS.PROJECTASSIGNMENTNAME1 | DP:SAMPATHASSIGNMENTS.SAMPATHNAME | DP:EXAMASSIGNMENTS.ISAEXAMNAME | DP:TRAININGASSIGNMENTS.TRAININGISANAME1 | DP:PROJECTASSIGNMENTS.PROJECTISANAME | DP:SAMPATHASSIGNMENTS.ISASAMPATHANAME |" name="And I see the DP:TRAININGASSIGNMENTS.TRAININGISANAME1 Y duplicate assignment warning message Popup in Assignment Creation" time="0"/>
  <testcase classname="| DP:SUPER.USERNAME | DP:SUPER.PASSWORD | DP:STUDENTS.STUDENT2.FULLNAME | DP:SECTIONS.SECTIONNAME | DP:SAMPATHASSIGNMENTS.SAMPATHSUBJECT | Y | N | SAM Assignments | Assignments | DP:EXAMASSIGNMENTS.EXAMNAME1 | DP:TRAININGASSIGNMENTS.TRAININGNAME1 | DP:PROJECTASSIGNMENTS.PROJECTASSIGNMENTNAME1 | DP:SAMPATHASSIGNMENTS.SAMPATHNAME | DP:EXAMASSIGNMENTS.ISAEXAMNAME | DP:TRAININGASSIGNMENTS.TRAININGISANAME1 | DP:PROJECTASSIGNMENTS.PROJECTISANAME | DP:SAMPATHASSIGNMENTS.ISASAMPATHANAME |" name="And I click on X icon" time="0"/>
  <testcase classname="| DP:SUPER.USERNAME | DP:SUPER.PASSWORD | DP:STUDENTS.STUDENT2.FULLNAME | DP:SECTIONS.SECTIONNAME | DP:SAMPATHASSIGNMENTS.SAMPATHSUBJECT | Y | N | SAM Assignments | Assignments | DP:EXAMASSIGNMENTS.EXAMNAME1 | DP:TRAININGASSIGNMENTS.TRAININGNAME1 | DP:PROJECTASSIGNMENTS.PROJECTASSIGNMENTNAME1 | DP:SAMPATHASSIGNMENTS.SAMPATHNAME | DP:EXAMASSIGNMENTS.ISAEXAMNAME | DP:TRAININGASSIGNMENTS.TRAININGISANAME1 | DP:PROJECTASSIGNMENTS.PROJECTISANAME | DP:SAMPATHASSIGNMENTS.ISASAMPATHANAME |" name="And I enter DP:PROJECTASSIGNMENTS.PROJECTISANAME Y in Assignment Name" time="0"/>
  <testcase classname="| DP:SUPER.USERNAME | DP:SUPER.PASSWORD | DP:STUDENTS.STUDENT2.FULLNAME | DP:SECTIONS.SECTIONNAME | DP:SAMPATHASSIGNMENTS.SAMPATHSUBJECT | Y | N | SAM Assignments | Assignments | DP:EXAMASSIGNMENTS.EXAMNAME1 | DP:TRAININGASSIGNMENTS.TRAININGNAME1 | DP:PROJECTASSIGNMENTS.PROJECTASSIGNMENTNAME1 | DP:SAMPATHASSIGNMENTS.SAMPATHNAME | DP:EXAMASSIGNMENTS.ISAEXAMNAME | DP:TRAININGASSIGNMENTS.TRAININGISANAME1 | DP:PROJECTASSIGNMENTS.PROJECTISANAME | DP:SAMPATHASSIGNMENTS.ISASAMPATHANAME |" name="And I click on Save button" time="0"/>
  <testcase classname="| DP:SUPER.USERNAME | DP:SUPER.PASSWORD | DP:STUDENTS.STUDENT2.FULLNAME | DP:SECTIONS.SECTIONNAME | DP:SAMPATHASSIGNMENTS.SAMPATHSUBJECT | Y | N | SAM Assignments | Assignments | DP:EXAMASSIGNMENTS.EXAMNAME1 | DP:TRAININGASSIGNMENTS.TRAININGNAME1 | DP:PROJECTASSIGNMENTS.PROJECTASSIGNMENTNAME1 | DP:SAMPATHASSIGNMENTS.SAMPATHNAME | DP:EXAMASSIGNMENTS.ISAEXAMNAME | DP:TRAININGASSIGNMENTS.TRAININGISANAME1 | DP:PROJECTASSIGNMENTS.PROJECTISANAME | DP:SAMPATHASSIGNMENTS.ISASAMPATHANAME |" name="And I see the DP:PROJECTASSIGNMENTS.PROJECTISANAME Y duplicate assignment warning message Popup in Assignment Creation" time="0"/>
  <testcase classname="| DP:SUPER.USERNAME | DP:SUPER.PASSWORD | DP:STUDENTS.STUDENT2.FULLNAME | DP:SECTIONS.SECTIONNAME | DP:SAMPATHASSIGNMENTS.SAMPATHSUBJECT | Y | N | SAM Assignments | Assignments | DP:EXAMASSIGNMENTS.EXAMNAME1 | DP:TRAININGASSIGNMENTS.TRAININGNAME1 | DP:PROJECTASSIGNMENTS.PROJECTASSIGNMENTNAME1 | DP:SAMPATHASSIGNMENTS.SAMPATHNAME | DP:EXAMASSIGNMENTS.ISAEXAMNAME | DP:TRAININGASSIGNMENTS.TRAININGISANAME1 | DP:PROJECTASSIGNMENTS.PROJECTISANAME | DP:SAMPATHASSIGNMENTS.ISASAMPATHANAME |" name="And I click on X icon" time="0"/>
  <testcase classname="| DP:SUPER.USERNAME | DP:SUPER.PASSWORD | DP:STUDENTS.STUDENT2.FULLNAME | DP:SECTIONS.SECTIONNAME | DP:SAMPATHASSIGNMENTS.SAMPATHSUBJECT | Y | N | SAM Assignments | Assignments | DP:EXAMASSIGNMENTS.EXAMNAME1 | DP:TRAININGASSIGNMENTS.TRAININGNAME1 | DP:PROJECTASSIGNMENTS.PROJECTASSIGNMENTNAME1 | DP:SAMPATHASSIGNMENTS.SAMPATHNAME | DP:EXAMASSIGNMENTS.ISAEXAMNAME | DP:TRAININGASSIGNMENTS.TRAININGISANAME1 | DP:PROJECTASSIGNMENTS.PROJECTISANAME | DP:SAMPATHASSIGNMENTS.ISASAMPATHANAME |" name="And I enter DP:SAMPATHASSIGNMENTS.ISASAMPATHANAME Y in Assignment Name" time="0"/>
  <testcase classname="| DP:SUPER.USERNAME | DP:SUPER.PASSWORD | DP:STUDENTS.STUDENT2.FULLNAME | DP:SECTIONS.SECTIONNAME | DP:SAMPATHASSIGNMENTS.SAMPATHSUBJECT | Y | N | SAM Assignments | Assignments | DP:EXAMASSIGNMENTS.EXAMNAME1 | DP:TRAININGASSIGNMENTS.TRAININGNAME1 | DP:PROJECTASSIGNMENTS.PROJECTASSIGNMENTNAME1 | DP:SAMPATHASSIGNMENTS.SAMPATHNAME | DP:EXAMASSIGNMENTS.ISAEXAMNAME | DP:TRAININGASSIGNMENTS.TRAININGISANAME1 | DP:PROJECTASSIGNMENTS.PROJECTISANAME | DP:SAMPATHASSIGNMENTS.ISASAMPATHANAME |" name="And I click on Save button" time="0"/>
  <testcase classname="| DP:SUPER.USERNAME | DP:SUPER.PASSWORD | DP:STUDENTS.STUDENT2.FULLNAME | DP:SECTIONS.SECTIONNAME | DP:SAMPATHASSIGNMENTS.SAMPATHSUBJECT | Y | N | SAM Assignments | Assignments | DP:EXAMASSIGNMENTS.EXAMNAME1 | DP:TRAININGASSIGNMENTS.TRAININGNAME1 | DP:PROJECTASSIGNMENTS.PROJECTASSIGNMENTNAME1 | DP:SAMPATHASSIGNMENTS.SAMPATHNAME | DP:EXAMASSIGNMENTS.ISAEXAMNAME | DP:TRAININGASSIGNMENTS.TRAININGISANAME1 | DP:PROJECTASSIGNMENTS.PROJECTISANAME | DP:SAMPATHASSIGNMENTS.ISASAMPATHANAME |" name="And I see the DP:SAMPATHASSIGNMENTS.ISASAMPATHANAME Y duplicate assignment warning message Popup in Assignment Creation" time="0">
    <failure type="java.lang.AssertionError">java.lang.AssertionError
	at org.junit.Assert.fail(Assert.java:86)
	at org.junit.Assert.assertTrue(Assert.java:41)
	at org.junit.Assert.assertTrue(Assert.java:52)
	at cengage.samlms.stepdefinition.SAMAssignmentsSteps.I_see_the_duplicate_assignment_warning_message_Popup_in_Assignment_Creation(SAMAssignmentsSteps.java:738)
	at ✽.And I see the DP:SAMPATHASSIGNMENTS.ISASAMPATHANAME Y duplicate assignment warning message Popup in Assignment Creation(test/resources/cengage/samlms/lms_stories/Assignment_Name_Validation.feature:713)
</failure>
    <system-out>00:16:31.278 [main] ERROR cengage.common.toolbox.Sync - org.openqa.selenium.TimeoutException: Timed out after 150 seconds waiting for cengage.common.toolbox.Sync$1@7cf8f45a
Build info: version: &apos;2.53.0&apos;, revision: &apos;35ae25b1534ae328c771e0856c93e187490ca824&apos;, time: &apos;2016-03-15 10:43:46&apos;
System info: host: &apos;CODOID&apos;, ip: &apos;10.161.243.104&apos;, os.name: &apos;Windows 8.1&apos;, os.arch: &apos;amd64&apos;, os.version: &apos;6.3&apos;, java.version: &apos;1.8.0_91&apos;
Driver info: driver.version: unknown
00:16:31.278 [main] ERROR cengage.common.toolbox.Element - java.lang.NullPointerException
</system-out>
  </testcase>
  <testcase classname="| DP:SUPER.USERNAME | DP:SUPER.PASSWORD | DP:STUDENTS.STUDENT2.FULLNAME | DP:SECTIONS.SECTIONNAME | DP:SAMPATHASSIGNMENTS.SAMPATHSUBJECT | Y | N | SAM Assignments | Assignments | DP:EXAMASSIGNMENTS.EXAMNAME1 | DP:TRAININGASSIGNMENTS.TRAININGNAME1 | DP:PROJECTASSIGNMENTS.PROJECTASSIGNMENTNAME1 | DP:SAMPATHASSIGNMENTS.SAMPATHNAME | DP:EXAMASSIGNMENTS.ISAEXAMNAME | DP:TRAININGASSIGNMENTS.TRAININGISANAME1 | DP:PROJECTASSIGNMENTS.PROJECTISANAME | DP:SAMPATHASSIGNMENTS.ISASAMPATHANAME |" name="| DP:SUPER.USERNAME | DP:SUPER.PASSWORD | DP:STUDENTS.STUDENT2.FULLNAME | DP:SECTIONS.SECTIONNAME | DP:SAMPATHASSIGNMENTS.SAMPATHSUBJECT | Y | N | SAM Assignments | Assignments | DP:EXAMASSIGNMENTS.EXAMNAME1 | DP:TRAININGASSIGNMENTS.TRAININGNAME1 | DP:PROJECTASSIGNMENTS.PROJECTASSIGNMENTNAME1 | DP:SAMPATHASSIGNMENTS.SAMPATHNAME | DP:EXAMASSIGNMENTS.ISAEXAMNAME | DP:TRAININGASSIGNMENTS.TRAININGISANAME1 | DP:PROJECTASSIGNMENTS.PROJECTISANAME | DP:SAMPATHASSIGNMENTS.ISASAMPATHANAME |" time="0">
    <failure type="java.lang.AssertionError">java.lang.AssertionError
	at org.junit.Assert.fail(Assert.java:86)
	at org.junit.Assert.assertTrue(Assert.java:41)
	at org.junit.Assert.assertTrue(Assert.java:52)
	at cengage.samlms.stepdefinition.SAMAssignmentsSteps.I_see_the_duplicate_assignment_warning_message_Popup_in_Assignment_Creation(SAMAssignmentsSteps.java:738)
	at ✽.And I see the DP:SAMPATHASSIGNMENTS.ISASAMPATHANAME Y duplicate assignment warning message Popup in Assignment Creation(test/resources/cengage/samlms/lms_stories/Assignment_Name_Validation.feature:713)
</failure>
  </testcase>
  <testcase classname="| DP:SUPER.USERNAME | DP:SUPER.PASSWORD | DP:STUDENTS.STUDENT2.FULLNAME | DP:SECTIONS.SECTIONNAME | DP:SAMPATHASSIGNMENTS.SAMPATHSUBJECT | Y | N | SAM Assignments | Assignments | DP:EXAMASSIGNMENTS.EXAMNAME1 | DP:TRAININGASSIGNMENTS.TRAININGNAME1 | DP:PROJECTASSIGNMENTS.PROJECTASSIGNMENTNAME1 | DP:SAMPATHASSIGNMENTS.SAMPATHNAME | DP:EXAMASSIGNMENTS.ISAEXAMNAME | DP:TRAININGASSIGNMENTS.TRAININGISANAME1 | DP:PROJECTASSIGNMENTS.PROJECTISANAME | DP:SAMPATHASSIGNMENTS.ISASAMPATHANAME |" name="And I click on X icon" time="0">
    <skipped/>
  </testcase>
  <testcase classname="| DP:SUPER.USERNAME | DP:SUPER.PASSWORD | DP:STUDENTS.STUDENT2.FULLNAME | DP:SECTIONS.SECTIONNAME | DP:SAMPATHASSIGNMENTS.SAMPATHSUBJECT | Y | N | SAM Assignments | Assignments | DP:EXAMASSIGNMENTS.EXAMNAME1 | DP:TRAININGASSIGNMENTS.TRAININGNAME1 | DP:PROJECTASSIGNMENTS.PROJECTASSIGNMENTNAME1 | DP:SAMPATHASSIGNMENTS.SAMPATHNAME | DP:EXAMASSIGNMENTS.ISAEXAMNAME | DP:TRAININGASSIGNMENTS.TRAININGISANAME1 | DP:PROJECTASSIGNMENTS.PROJECTISANAME | DP:SAMPATHASSIGNMENTS.ISASAMPATHANAME |" name="And I click on SAM Assignments tab" time="0">
    <skipped/>
  </testcase>
  <testcase classname="| DP:SUPER.USERNAME | DP:SUPER.PASSWORD | DP:STUDENTS.STUDENT2.FULLNAME | DP:SECTIONS.SECTIONNAME | DP:SAMPATHASSIGNMENTS.SAMPATHSUBJECT | Y | N | SAM Assignments | Assignments | DP:EXAMASSIGNMENTS.EXAMNAME1 | DP:TRAININGASSIGNMENTS.TRAININGNAME1 | DP:PROJECTASSIGNMENTS.PROJECTASSIGNMENTNAME1 | DP:SAMPATHASSIGNMENTS.SAMPATHNAME | DP:EXAMASSIGNMENTS.ISAEXAMNAME | DP:TRAININGASSIGNMENTS.TRAININGISANAME1 | DP:PROJECTASSIGNMENTS.PROJECTISANAME | DP:SAMPATHASSIGNMENTS.ISASAMPATHANAME |" name="And I click on Assignments tab" time="0.015">
    <skipped/>
  </testcase>
  <testcase classname="| DP:SUPER.USERNAME | DP:SUPER.PASSWORD | DP:STUDENTS.STUDENT2.FULLNAME | DP:SECTIONS.SECTIONNAME | DP:SAMPATHASSIGNMENTS.SAMPATHSUBJECT | Y | N | SAM Assignments | Assignments | DP:EXAMASSIGNMENTS.EXAMNAME1 | DP:TRAININGASSIGNMENTS.TRAININGNAME1 | DP:PROJECTASSIGNMENTS.PROJECTASSIGNMENTNAME1 | DP:SAMPATHASSIGNMENTS.SAMPATHNAME | DP:EXAMASSIGNMENTS.ISAEXAMNAME | DP:TRAININGASSIGNMENTS.TRAININGISANAME1 | DP:PROJECTASSIGNMENTS.PROJECTISANAME | DP:SAMPATHASSIGNMENTS.ISASAMPATHANAME |" name="And I see DP:SAMPATHASSIGNMENTS.SAMPATHNAME Y in Assignment tab" time="0.015">
    <skipped/>
  </testcase>
  <testcase classname="| DP:SUPER.USERNAME | DP:SUPER.PASSWORD | DP:STUDENTS.STUDENT2.FULLNAME | DP:SECTIONS.SECTIONNAME | DP:SAMPATHASSIGNMENTS.SAMPATHSUBJECT | Y | N | SAM Assignments | Assignments | DP:EXAMASSIGNMENTS.EXAMNAME1 | DP:TRAININGASSIGNMENTS.TRAININGNAME1 | DP:PROJECTASSIGNMENTS.PROJECTASSIGNMENTNAME1 | DP:SAMPATHASSIGNMENTS.SAMPATHNAME | DP:EXAMASSIGNMENTS.ISAEXAMNAME | DP:TRAININGASSIGNMENTS.TRAININGISANAME1 | DP:PROJECTASSIGNMENTS.PROJECTISANAME | DP:SAMPATHASSIGNMENTS.ISASAMPATHANAME |" name="And I click on Schedule Individual Student Assignment icon" time="0.015">
    <skipped/>
  </testcase>
  <testcase classname="| DP:SUPER.USERNAME | DP:SUPER.PASSWORD | DP:STUDENTS.STUDENT2.FULLNAME | DP:SECTIONS.SECTIONNAME | DP:SAMPATHASSIGNMENTS.SAMPATHSUBJECT | Y | N | SAM Assignments | Assignments | DP:EXAMASSIGNMENTS.EXAMNAME1 | DP:TRAININGASSIGNMENTS.TRAININGNAME1 | DP:PROJECTASSIGNMENTS.PROJECTASSIGNMENTNAME1 | DP:SAMPATHASSIGNMENTS.SAMPATHNAME | DP:EXAMASSIGNMENTS.ISAEXAMNAME | DP:TRAININGASSIGNMENTS.TRAININGISANAME1 | DP:PROJECTASSIGNMENTS.PROJECTISANAME | DP:SAMPATHASSIGNMENTS.ISASAMPATHANAME |" name="And I enter DP:EXAMASSIGNMENTS.ISAEXAMNAME Y in Assignment Name" time="0.015">
    <skipped/>
  </testcase>
  <testcase classname="| DP:SUPER.USERNAME | DP:SUPER.PASSWORD | DP:STUDENTS.STUDENT2.FULLNAME | DP:SECTIONS.SECTIONNAME | DP:SAMPATHASSIGNMENTS.SAMPATHSUBJECT | Y | N | SAM Assignments | Assignments | DP:EXAMASSIGNMENTS.EXAMNAME1 | DP:TRAININGASSIGNMENTS.TRAININGNAME1 | DP:PROJECTASSIGNMENTS.PROJECTASSIGNMENTNAME1 | DP:SAMPATHASSIGNMENTS.SAMPATHNAME | DP:EXAMASSIGNMENTS.ISAEXAMNAME | DP:TRAININGASSIGNMENTS.TRAININGISANAME1 | DP:PROJECTASSIGNMENTS.PROJECTISANAME | DP:SAMPATHASSIGNMENTS.ISASAMPATHANAME |" name="And I select DP:SECTIONS.SECTIONNAME Y in Select Section drop down" time="0.015">
    <skipped/>
  </testcase>
  <testcase classname="| DP:SUPER.USERNAME | DP:SUPER.PASSWORD | DP:STUDENTS.STUDENT2.FULLNAME | DP:SECTIONS.SECTIONNAME | DP:SAMPATHASSIGNMENTS.SAMPATHSUBJECT | Y | N | SAM Assignments | Assignments | DP:EXAMASSIGNMENTS.EXAMNAME1 | DP:TRAININGASSIGNMENTS.TRAININGNAME1 | DP:PROJECTASSIGNMENTS.PROJECTASSIGNMENTNAME1 | DP:SAMPATHASSIGNMENTS.SAMPATHNAME | DP:EXAMASSIGNMENTS.ISAEXAMNAME | DP:TRAININGASSIGNMENTS.TRAININGISANAME1 | DP:PROJECTASSIGNMENTS.PROJECTISANAME | DP:SAMPATHASSIGNMENTS.ISASAMPATHANAME |" name="And I click on Next Step button" time="0.015">
    <skipped/>
  </testcase>
  <testcase classname="| DP:SUPER.USERNAME | DP:SUPER.PASSWORD | DP:STUDENTS.STUDENT2.FULLNAME | DP:SECTIONS.SECTIONNAME | DP:SAMPATHASSIGNMENTS.SAMPATHSUBJECT | Y | N | SAM Assignments | Assignments | DP:EXAMASSIGNMENTS.EXAMNAME1 | DP:TRAININGASSIGNMENTS.TRAININGNAME1 | DP:PROJECTASSIGNMENTS.PROJECTASSIGNMENTNAME1 | DP:SAMPATHASSIGNMENTS.SAMPATHNAME | DP:EXAMASSIGNMENTS.ISAEXAMNAME | DP:TRAININGASSIGNMENTS.TRAININGISANAME1 | DP:PROJECTASSIGNMENTS.PROJECTISANAME | DP:SAMPATHASSIGNMENTS.ISASAMPATHANAME |" name="And I check DP:STUDENTS.STUDENT2.FULLNAME student in Available Students" time="0.031">
    <skipped/>
  </testcase>
  <testcase classname="| DP:SUPER.USERNAME | DP:SUPER.PASSWORD | DP:STUDENTS.STUDENT2.FULLNAME | DP:SECTIONS.SECTIONNAME | DP:SAMPATHASSIGNMENTS.SAMPATHSUBJECT | Y | N | SAM Assignments | Assignments | DP:EXAMASSIGNMENTS.EXAMNAME1 | DP:TRAININGASSIGNMENTS.TRAININGNAME1 | DP:PROJECTASSIGNMENTS.PROJECTASSIGNMENTNAME1 | DP:SAMPATHASSIGNMENTS.SAMPATHNAME | DP:EXAMASSIGNMENTS.ISAEXAMNAME | DP:TRAININGASSIGNMENTS.TRAININGISANAME1 | DP:PROJECTASSIGNMENTS.PROJECTISANAME | DP:SAMPATHASSIGNMENTS.ISASAMPATHANAME |" name="And I click on Save button" time="0.031">
    <skipped/>
  </testcase>
  <testcase classname="| DP:SUPER.USERNAME | DP:SUPER.PASSWORD | DP:STUDENTS.STUDENT2.FULLNAME | DP:SECTIONS.SECTIONNAME | DP:SAMPATHASSIGNMENTS.SAMPATHSUBJECT | Y | N | SAM Assignments | Assignments | DP:EXAMASSIGNMENTS.EXAMNAME1 | DP:TRAININGASSIGNMENTS.TRAININGNAME1 | DP:PROJECTASSIGNMENTS.PROJECTASSIGNMENTNAME1 | DP:SAMPATHASSIGNMENTS.SAMPATHNAME | DP:EXAMASSIGNMENTS.ISAEXAMNAME | DP:TRAININGASSIGNMENTS.TRAININGISANAME1 | DP:PROJECTASSIGNMENTS.PROJECTISANAME | DP:SAMPATHASSIGNMENTS.ISASAMPATHANAME |" name="And I see the DP:EXAMASSIGNMENTS.ISAEXAMNAME Y duplicate assignment warning message Popup in Assignment Creation" time="0.031">
    <skipped/>
  </testcase>
  <testcase classname="| DP:SUPER.USERNAME | DP:SUPER.PASSWORD | DP:STUDENTS.STUDENT2.FULLNAME | DP:SECTIONS.SECTIONNAME | DP:SAMPATHASSIGNMENTS.SAMPATHSUBJECT | Y | N | SAM Assignments | Assignments | DP:EXAMASSIGNMENTS.EXAMNAME1 | DP:TRAININGASSIGNMENTS.TRAININGNAME1 | DP:PROJECTASSIGNMENTS.PROJECTASSIGNMENTNAME1 | DP:SAMPATHASSIGNMENTS.SAMPATHNAME | DP:EXAMASSIGNMENTS.ISAEXAMNAME | DP:TRAININGASSIGNMENTS.TRAININGISANAME1 | DP:PROJECTASSIGNMENTS.PROJECTISANAME | DP:SAMPATHASSIGNMENTS.ISASAMPATHANAME |" name="And I click on X icon" time="0.047">
    <skipped/>
  </testcase>
  <testcase classname="| DP:SUPER.USERNAME | DP:SUPER.PASSWORD | DP:STUDENTS.STUDENT2.FULLNAME | DP:SECTIONS.SECTIONNAME | DP:SAMPATHASSIGNMENTS.SAMPATHSUBJECT | Y | N | SAM Assignments | Assignments | DP:EXAMASSIGNMENTS.EXAMNAME1 | DP:TRAININGASSIGNMENTS.TRAININGNAME1 | DP:PROJECTASSIGNMENTS.PROJECTASSIGNMENTNAME1 | DP:SAMPATHASSIGNMENTS.SAMPATHNAME | DP:EXAMASSIGNMENTS.ISAEXAMNAME | DP:TRAININGASSIGNMENTS.TRAININGISANAME1 | DP:PROJECTASSIGNMENTS.PROJECTISANAME | DP:SAMPATHASSIGNMENTS.ISASAMPATHANAME |" name="And I click on Back OneStep Button" time="0.047">
    <skipped/>
  </testcase>
  <testcase classname="| DP:SUPER.USERNAME | DP:SUPER.PASSWORD | DP:STUDENTS.STUDENT2.FULLNAME | DP:SECTIONS.SECTIONNAME | DP:SAMPATHASSIGNMENTS.SAMPATHSUBJECT | Y | N | SAM Assignments | Assignments | DP:EXAMASSIGNMENTS.EXAMNAME1 | DP:TRAININGASSIGNMENTS.TRAININGNAME1 | DP:PROJECTASSIGNMENTS.PROJECTASSIGNMENTNAME1 | DP:SAMPATHASSIGNMENTS.SAMPATHNAME | DP:EXAMASSIGNMENTS.ISAEXAMNAME | DP:TRAININGASSIGNMENTS.TRAININGISANAME1 | DP:PROJECTASSIGNMENTS.PROJECTISANAME | DP:SAMPATHASSIGNMENTS.ISASAMPATHANAME |" name="And I enter DP:TRAININGASSIGNMENTS.TRAININGISANAME1 Y in Assignment Name" time="0.047">
    <skipped/>
  </testcase>
  <testcase classname="| DP:SUPER.USERNAME | DP:SUPER.PASSWORD | DP:STUDENTS.STUDENT2.FULLNAME | DP:SECTIONS.SECTIONNAME | DP:SAMPATHASSIGNMENTS.SAMPATHSUBJECT | Y | N | SAM Assignments | Assignments | DP:EXAMASSIGNMENTS.EXAMNAME1 | DP:TRAININGASSIGNMENTS.TRAININGNAME1 | DP:PROJECTASSIGNMENTS.PROJECTASSIGNMENTNAME1 | DP:SAMPATHASSIGNMENTS.SAMPATHNAME | DP:EXAMASSIGNMENTS.ISAEXAMNAME | DP:TRAININGASSIGNMENTS.TRAININGISANAME1 | DP:PROJECTASSIGNMENTS.PROJECTISANAME | DP:SAMPATHASSIGNMENTS.ISASAMPATHANAME |" name="And I click on Next Step button" time="0.047">
    <skipped/>
  </testcase>
  <testcase classname="| DP:SUPER.USERNAME | DP:SUPER.PASSWORD | DP:STUDENTS.STUDENT2.FULLNAME | DP:SECTIONS.SECTIONNAME | DP:SAMPATHASSIGNMENTS.SAMPATHSUBJECT | Y | N | SAM Assignments | Assignments | DP:EXAMASSIGNMENTS.EXAMNAME1 | DP:TRAININGASSIGNMENTS.TRAININGNAME1 | DP:PROJECTASSIGNMENTS.PROJECTASSIGNMENTNAME1 | DP:SAMPATHASSIGNMENTS.SAMPATHNAME | DP:EXAMASSIGNMENTS.ISAEXAMNAME | DP:TRAININGASSIGNMENTS.TRAININGISANAME1 | DP:PROJECTASSIGNMENTS.PROJECTISANAME | DP:SAMPATHASSIGNMENTS.ISASAMPATHANAME |" name="And I click on Save button" time="0.047">
    <skipped/>
  </testcase>
  <testcase classname="| DP:SUPER.USERNAME | DP:SUPER.PASSWORD | DP:STUDENTS.STUDENT2.FULLNAME | DP:SECTIONS.SECTIONNAME | DP:SAMPATHASSIGNMENTS.SAMPATHSUBJECT | Y | N | SAM Assignments | Assignments | DP:EXAMASSIGNMENTS.EXAMNAME1 | DP:TRAININGASSIGNMENTS.TRAININGNAME1 | DP:PROJECTASSIGNMENTS.PROJECTASSIGNMENTNAME1 | DP:SAMPATHASSIGNMENTS.SAMPATHNAME | DP:EXAMASSIGNMENTS.ISAEXAMNAME | DP:TRAININGASSIGNMENTS.TRAININGISANAME1 | DP:PROJECTASSIGNMENTS.PROJECTISANAME | DP:SAMPATHASSIGNMENTS.ISASAMPATHANAME |" name="And I see the DP:TRAININGASSIGNMENTS.TRAININGISANAME1 Y duplicate assignment warning message Popup in Assignment Creation" time="0.047">
    <skipped/>
  </testcase>
  <testcase classname="| DP:SUPER.USERNAME | DP:SUPER.PASSWORD | DP:STUDENTS.STUDENT2.FULLNAME | DP:SECTIONS.SECTIONNAME | DP:SAMPATHASSIGNMENTS.SAMPATHSUBJECT | Y | N | SAM Assignments | Assignments | DP:EXAMASSIGNMENTS.EXAMNAME1 | DP:TRAININGASSIGNMENTS.TRAININGNAME1 | DP:PROJECTASSIGNMENTS.PROJECTASSIGNMENTNAME1 | DP:SAMPATHASSIGNMENTS.SAMPATHNAME | DP:EXAMASSIGNMENTS.ISAEXAMNAME | DP:TRAININGASSIGNMENTS.TRAININGISANAME1 | DP:PROJECTASSIGNMENTS.PROJECTISANAME | DP:SAMPATHASSIGNMENTS.ISASAMPATHANAME |" name="And I click on X icon" time="0.047">
    <skipped/>
  </testcase>
  <testcase classname="| DP:SUPER.USERNAME | DP:SUPER.PASSWORD | DP:STUDENTS.STUDENT2.FULLNAME | DP:SECTIONS.SECTIONNAME | DP:SAMPATHASSIGNMENTS.SAMPATHSUBJECT | Y | N | SAM Assignments | Assignments | DP:EXAMASSIGNMENTS.EXAMNAME1 | DP:TRAININGASSIGNMENTS.TRAININGNAME1 | DP:PROJECTASSIGNMENTS.PROJECTASSIGNMENTNAME1 | DP:SAMPATHASSIGNMENTS.SAMPATHNAME | DP:EXAMASSIGNMENTS.ISAEXAMNAME | DP:TRAININGASSIGNMENTS.TRAININGISANAME1 | DP:PROJECTASSIGNMENTS.PROJECTISANAME | DP:SAMPATHASSIGNMENTS.ISASAMPATHANAME |" name="And I click on Back OneStep Button" time="0.062">
    <skipped/>
  </testcase>
  <testcase classname="| DP:SUPER.USERNAME | DP:SUPER.PASSWORD | DP:STUDENTS.STUDENT2.FULLNAME | DP:SECTIONS.SECTIONNAME | DP:SAMPATHASSIGNMENTS.SAMPATHSUBJECT | Y | N | SAM Assignments | Assignments | DP:EXAMASSIGNMENTS.EXAMNAME1 | DP:TRAININGASSIGNMENTS.TRAININGNAME1 | DP:PROJECTASSIGNMENTS.PROJECTASSIGNMENTNAME1 | DP:SAMPATHASSIGNMENTS.SAMPATHNAME | DP:EXAMASSIGNMENTS.ISAEXAMNAME | DP:TRAININGASSIGNMENTS.TRAININGISANAME1 | DP:PROJECTASSIGNMENTS.PROJECTISANAME | DP:SAMPATHASSIGNMENTS.ISASAMPATHANAME |" name="And I enter DP:PROJECTASSIGNMENTS.PROJECTISANAME Y in Assignment Name" time="0.062">
    <skipped/>
  </testcase>
  <testcase classname="| DP:SUPER.USERNAME | DP:SUPER.PASSWORD | DP:STUDENTS.STUDENT2.FULLNAME | DP:SECTIONS.SECTIONNAME | DP:SAMPATHASSIGNMENTS.SAMPATHSUBJECT | Y | N | SAM Assignments | Assignments | DP:EXAMASSIGNMENTS.EXAMNAME1 | DP:TRAININGASSIGNMENTS.TRAININGNAME1 | DP:PROJECTASSIGNMENTS.PROJECTASSIGNMENTNAME1 | DP:SAMPATHASSIGNMENTS.SAMPATHNAME | DP:EXAMASSIGNMENTS.ISAEXAMNAME | DP:TRAININGASSIGNMENTS.TRAININGISANAME1 | DP:PROJECTASSIGNMENTS.PROJECTISANAME | DP:SAMPATHASSIGNMENTS.ISASAMPATHANAME |" name="And I click on Next Step button" time="0.062">
    <skipped/>
  </testcase>
  <testcase classname="| DP:SUPER.USERNAME | DP:SUPER.PASSWORD | DP:STUDENTS.STUDENT2.FULLNAME | DP:SECTIONS.SECTIONNAME | DP:SAMPATHASSIGNMENTS.SAMPATHSUBJECT | Y | N | SAM Assignments | Assignments | DP:EXAMASSIGNMENTS.EXAMNAME1 | DP:TRAININGASSIGNMENTS.TRAININGNAME1 | DP:PROJECTASSIGNMENTS.PROJECTASSIGNMENTNAME1 | DP:SAMPATHASSIGNMENTS.SAMPATHNAME | DP:EXAMASSIGNMENTS.ISAEXAMNAME | DP:TRAININGASSIGNMENTS.TRAININGISANAME1 | DP:PROJECTASSIGNMENTS.PROJECTISANAME | DP:SAMPATHASSIGNMENTS.ISASAMPATHANAME |" name="And I click on Save button" time="0.062">
    <skipped/>
  </testcase>
  <testcase classname="| DP:SUPER.USERNAME | DP:SUPER.PASSWORD | DP:STUDENTS.STUDENT2.FULLNAME | DP:SECTIONS.SECTIONNAME | DP:SAMPATHASSIGNMENTS.SAMPATHSUBJECT | Y | N | SAM Assignments | Assignments | DP:EXAMASSIGNMENTS.EXAMNAME1 | DP:TRAININGASSIGNMENTS.TRAININGNAME1 | DP:PROJECTASSIGNMENTS.PROJECTASSIGNMENTNAME1 | DP:SAMPATHASSIGNMENTS.SAMPATHNAME | DP:EXAMASSIGNMENTS.ISAEXAMNAME | DP:TRAININGASSIGNMENTS.TRAININGISANAME1 | DP:PROJECTASSIGNMENTS.PROJECTISANAME | DP:SAMPATHASSIGNMENTS.ISASAMPATHANAME |" name="And I see the DP:PROJECTASSIGNMENTS.PROJECTISANAME Y duplicate assignment warning message Popup in Assignment Creation" time="0.062">
    <skipped/>
  </testcase>
  <testcase classname="| DP:SUPER.USERNAME | DP:SUPER.PASSWORD | DP:STUDENTS.STUDENT2.FULLNAME | DP:SECTIONS.SECTIONNAME | DP:SAMPATHASSIGNMENTS.SAMPATHSUBJECT | Y | N | SAM Assignments | Assignments | DP:EXAMASSIGNMENTS.EXAMNAME1 | DP:TRAININGASSIGNMENTS.TRAININGNAME1 | DP:PROJECTASSIGNMENTS.PROJECTASSIGNMENTNAME1 | DP:SAMPATHASSIGNMENTS.SAMPATHNAME | DP:EXAMASSIGNMENTS.ISAEXAMNAME | DP:TRAININGASSIGNMENTS.TRAININGISANAME1 | DP:PROJECTASSIGNMENTS.PROJECTISANAME | DP:SAMPATHASSIGNMENTS.ISASAMPATHANAME |" name="And I click on X icon" time="0.062">
    <skipped/>
  </testcase>
  <testcase classname="| DP:SUPER.USERNAME | DP:SUPER.PASSWORD | DP:STUDENTS.STUDENT2.FULLNAME | DP:SECTIONS.SECTIONNAME | DP:SAMPATHASSIGNMENTS.SAMPATHSUBJECT | Y | N | SAM Assignments | Assignments | DP:EXAMASSIGNMENTS.EXAMNAME1 | DP:TRAININGASSIGNMENTS.TRAININGNAME1 | DP:PROJECTASSIGNMENTS.PROJECTASSIGNMENTNAME1 | DP:SAMPATHASSIGNMENTS.SAMPATHNAME | DP:EXAMASSIGNMENTS.ISAEXAMNAME | DP:TRAININGASSIGNMENTS.TRAININGISANAME1 | DP:PROJECTASSIGNMENTS.PROJECTISANAME | DP:SAMPATHASSIGNMENTS.ISASAMPATHANAME |" name="And I click on Back OneStep Button" time="0.062">
    <skipped/>
  </testcase>
  <testcase classname="| DP:SUPER.USERNAME | DP:SUPER.PASSWORD | DP:STUDENTS.STUDENT2.FULLNAME | DP:SECTIONS.SECTIONNAME | DP:SAMPATHASSIGNMENTS.SAMPATHSUBJECT | Y | N | SAM Assignments | Assignments | DP:EXAMASSIGNMENTS.EXAMNAME1 | DP:TRAININGASSIGNMENTS.TRAININGNAME1 | DP:PROJECTASSIGNMENTS.PROJECTASSIGNMENTNAME1 | DP:SAMPATHASSIGNMENTS.SAMPATHNAME | DP:EXAMASSIGNMENTS.ISAEXAMNAME | DP:TRAININGASSIGNMENTS.TRAININGISANAME1 | DP:PROJECTASSIGNMENTS.PROJECTISANAME | DP:SAMPATHASSIGNMENTS.ISASAMPATHANAME |" name="And I enter DP:SAMPATHASSIGNMENTS.ISASAMPATHANAME Y in Assignment Name" time="0.062">
    <skipped/>
  </testcase>
  <testcase classname="| DP:SUPER.USERNAME | DP:SUPER.PASSWORD | DP:STUDENTS.STUDENT2.FULLNAME | DP:SECTIONS.SECTIONNAME | DP:SAMPATHASSIGNMENTS.SAMPATHSUBJECT | Y | N | SAM Assignments | Assignments | DP:EXAMASSIGNMENTS.EXAMNAME1 | DP:TRAININGASSIGNMENTS.TRAININGNAME1 | DP:PROJECTASSIGNMENTS.PROJECTASSIGNMENTNAME1 | DP:SAMPATHASSIGNMENTS.SAMPATHNAME | DP:EXAMASSIGNMENTS.ISAEXAMNAME | DP:TRAININGASSIGNMENTS.TRAININGISANAME1 | DP:PROJECTASSIGNMENTS.PROJECTISANAME | DP:SAMPATHASSIGNMENTS.ISASAMPATHANAME |" name="And I click on Next Step button" time="0.062">
    <skipped/>
  </testcase>
  <testcase classname="| DP:SUPER.USERNAME | DP:SUPER.PASSWORD | DP:STUDENTS.STUDENT2.FULLNAME | DP:SECTIONS.SECTIONNAME | DP:SAMPATHASSIGNMENTS.SAMPATHSUBJECT | Y | N | SAM Assignments | Assignments | DP:EXAMASSIGNMENTS.EXAMNAME1 | DP:TRAININGASSIGNMENTS.TRAININGNAME1 | DP:PROJECTASSIGNMENTS.PROJECTASSIGNMENTNAME1 | DP:SAMPATHASSIGNMENTS.SAMPATHNAME | DP:EXAMASSIGNMENTS.ISAEXAMNAME | DP:TRAININGASSIGNMENTS.TRAININGISANAME1 | DP:PROJECTASSIGNMENTS.PROJECTISANAME | DP:SAMPATHASSIGNMENTS.ISASAMPATHANAME |" name="When I click on Save button" time="0.062">
    <skipped/>
  </testcase>
  <testcase classname="| DP:SUPER.USERNAME | DP:SUPER.PASSWORD | DP:STUDENTS.STUDENT2.FULLNAME | DP:SECTIONS.SECTIONNAME | DP:SAMPATHASSIGNMENTS.SAMPATHSUBJECT | Y | N | SAM Assignments | Assignments | DP:EXAMASSIGNMENTS.EXAMNAME1 | DP:TRAININGASSIGNMENTS.TRAININGNAME1 | DP:PROJECTASSIGNMENTS.PROJECTASSIGNMENTNAME1 | DP:SAMPATHASSIGNMENTS.SAMPATHNAME | DP:EXAMASSIGNMENTS.ISAEXAMNAME | DP:TRAININGASSIGNMENTS.TRAININGISANAME1 | DP:PROJECTASSIGNMENTS.PROJECTISANAME | DP:SAMPATHASSIGNMENTS.ISASAMPATHANAME |" name="Then I see the DP:SAMPATHASSIGNMENTS.ISASAMPATHANAME Y duplicate assignment warning message Popup in Assignment Creation" time="0.078">
    <skipped/>
  </testcase>
  <testcase classname="| DP:SUPER.USERNAME | DP:SUPER.PASSWORD | DP:STUDENTS.STUDENT2.FULLNAME | DP:SECTIONS.SECTIONNAME | DP:SAMPATHASSIGNMENTS.SAMPATHSUBJECT | Y | N | SAM Assignments | Assignments | DP:EXAMASSIGNMENTS.EXAMNAME1 | DP:TRAININGASSIGNMENTS.TRAININGNAME1 | DP:PROJECTASSIGNMENTS.PROJECTASSIGNMENTNAME1 | DP:SAMPATHASSIGNMENTS.SAMPATHNAME | DP:EXAMASSIGNMENTS.ISAEXAMNAME | DP:TRAININGASSIGNMENTS.TRAININGISANAME1 | DP:PROJECTASSIGNMENTS.PROJECTISANAME | DP:SAMPATHASSIGNMENTS.ISASAMPATHANAME |" name="And I click on X icon" time="0.078">
    <skipped/>
  </testcase>
  <testcase classname="| DP:SUPER.USERNAME | DP:SUPER.PASSWORD | DP:STUDENTS.STUDENT2.FULLNAME | DP:SECTIONS.SECTIONNAME | DP:SAMPATHASSIGNMENTS.SAMPATHSUBJECT | Y | N | SAM Assignments | Assignments | DP:EXAMASSIGNMENTS.EXAMNAME1 | DP:TRAININGASSIGNMENTS.TRAININGNAME1 | DP:PROJECTASSIGNMENTS.PROJECTASSIGNMENTNAME1 | DP:SAMPATHASSIGNMENTS.SAMPATHNAME | DP:EXAMASSIGNMENTS.ISAEXAMNAME | DP:TRAININGASSIGNMENTS.TRAININGISANAME1 | DP:PROJECTASSIGNMENTS.PROJECTISANAME | DP:SAMPATHASSIGNMENTS.ISASAMPATHANAME |" name="And I click on Logout button" time="0.078">
    <skipped/>
  </testcase>
  <testcase classname="| DP:SUPER.USERNAME | DP:SUPER.PASSWORD | DP:SECTIONS.SECTIONNAME | DP:SAMPATHASSIGNMENTS.SAMPATHSUBJECT | Y | N | SAM Assignments | Assignments | DP:EXAMASSIGNMENTS.EXAMNAME1 | DP:TRAININGASSIGNMENTS.TRAININGNAME1 | DP:PROJECTASSIGNMENTS.PROJECTASSIGNMENTNAME1 | DP:SAMPATHASSIGNMENTS.SAMPATHNAME | Training &gt; Exam | Exam &gt;Training |" name="Given As a user I see login page of LMS" time="0"/>
  <testcase classname="| DP:SUPER.USERNAME | DP:SUPER.PASSWORD | DP:SECTIONS.SECTIONNAME | DP:SAMPATHASSIGNMENTS.SAMPATHSUBJECT | Y | N | SAM Assignments | Assignments | DP:EXAMASSIGNMENTS.EXAMNAME1 | DP:TRAININGASSIGNMENTS.TRAININGNAME1 | DP:PROJECTASSIGNMENTS.PROJECTASSIGNMENTNAME1 | DP:SAMPATHASSIGNMENTS.SAMPATHNAME | Training &gt; Exam | Exam &gt;Training |" name="And I enter DP:SUPER.USERNAME N Username in LMS login page" time="0"/>
  <testcase classname="| DP:SUPER.USERNAME | DP:SUPER.PASSWORD | DP:SECTIONS.SECTIONNAME | DP:SAMPATHASSIGNMENTS.SAMPATHSUBJECT | Y | N | SAM Assignments | Assignments | DP:EXAMASSIGNMENTS.EXAMNAME1 | DP:TRAININGASSIGNMENTS.TRAININGNAME1 | DP:PROJECTASSIGNMENTS.PROJECTASSIGNMENTNAME1 | DP:SAMPATHASSIGNMENTS.SAMPATHNAME | Training &gt; Exam | Exam &gt;Training |" name="And I enter DP:SUPER.PASSWORD Password in LMS login page" time="0.001"/>
  <testcase classname="| DP:SUPER.USERNAME | DP:SUPER.PASSWORD | DP:SECTIONS.SECTIONNAME | DP:SAMPATHASSIGNMENTS.SAMPATHSUBJECT | Y | N | SAM Assignments | Assignments | DP:EXAMASSIGNMENTS.EXAMNAME1 | DP:TRAININGASSIGNMENTS.TRAININGNAME1 | DP:PROJECTASSIGNMENTS.PROJECTASSIGNMENTNAME1 | DP:SAMPATHASSIGNMENTS.SAMPATHNAME | Training &gt; Exam | Exam &gt;Training |" name="And I click on Log In button" time="0"/>
  <testcase classname="| DP:SUPER.USERNAME | DP:SUPER.PASSWORD | DP:SECTIONS.SECTIONNAME | DP:SAMPATHASSIGNMENTS.SAMPATHSUBJECT | Y | N | SAM Assignments | Assignments | DP:EXAMASSIGNMENTS.EXAMNAME1 | DP:TRAININGASSIGNMENTS.TRAININGNAME1 | DP:PROJECTASSIGNMENTS.PROJECTASSIGNMENTNAME1 | DP:SAMPATHASSIGNMENTS.SAMPATHNAME | Training &gt; Exam | Exam &gt;Training |" name="And I see home page of LMS" time="0"/>
  <testcase classname="| DP:SUPER.USERNAME | DP:SUPER.PASSWORD | DP:SECTIONS.SECTIONNAME | DP:SAMPATHASSIGNMENTS.SAMPATHSUBJECT | Y | N | SAM Assignments | Assignments | DP:EXAMASSIGNMENTS.EXAMNAME1 | DP:TRAININGASSIGNMENTS.TRAININGNAME1 | DP:PROJECTASSIGNMENTS.PROJECTASSIGNMENTNAME1 | DP:SAMPATHASSIGNMENTS.SAMPATHNAME | Training &gt; Exam | Exam &gt;Training |" name="And I click on SAM Assignments tab" time="0"/>
  <testcase classname="| DP:SUPER.USERNAME | DP:SUPER.PASSWORD | DP:SECTIONS.SECTIONNAME | DP:SAMPATHASSIGNMENTS.SAMPATHSUBJECT | Y | N | SAM Assignments | Assignments | DP:EXAMASSIGNMENTS.EXAMNAME1 | DP:TRAININGASSIGNMENTS.TRAININGNAME1 | DP:PROJECTASSIGNMENTS.PROJECTASSIGNMENTNAME1 | DP:SAMPATHASSIGNMENTS.SAMPATHNAME | Training &gt; Exam | Exam &gt;Training |" name="And I click on Assignments tab" time="0"/>
  <testcase classname="| DP:SUPER.USERNAME | DP:SUPER.PASSWORD | DP:SECTIONS.SECTIONNAME | DP:SAMPATHASSIGNMENTS.SAMPATHSUBJECT | Y | N | SAM Assignments | Assignments | DP:EXAMASSIGNMENTS.EXAMNAME1 | DP:TRAININGASSIGNMENTS.TRAININGNAME1 | DP:PROJECTASSIGNMENTS.PROJECTASSIGNMENTNAME1 | DP:SAMPATHASSIGNMENTS.SAMPATHNAME | Training &gt; Exam | Exam &gt;Training |" name="And I click on Schedule New button" time="0"/>
  <testcase classname="| DP:SUPER.USERNAME | DP:SUPER.PASSWORD | DP:SECTIONS.SECTIONNAME | DP:SAMPATHASSIGNMENTS.SAMPATHSUBJECT | Y | N | SAM Assignments | Assignments | DP:EXAMASSIGNMENTS.EXAMNAME1 | DP:TRAININGASSIGNMENTS.TRAININGNAME1 | DP:PROJECTASSIGNMENTS.PROJECTASSIGNMENTNAME1 | DP:SAMPATHASSIGNMENTS.SAMPATHNAME | Training &gt; Exam | Exam &gt;Training |" name="And I click on SAM path button" time="0"/>
  <testcase classname="| DP:SUPER.USERNAME | DP:SUPER.PASSWORD | DP:SECTIONS.SECTIONNAME | DP:SAMPATHASSIGNMENTS.SAMPATHSUBJECT | Y | N | SAM Assignments | Assignments | DP:EXAMASSIGNMENTS.EXAMNAME1 | DP:TRAININGASSIGNMENTS.TRAININGNAME1 | DP:PROJECTASSIGNMENTS.PROJECTASSIGNMENTNAME1 | DP:SAMPATHASSIGNMENTS.SAMPATHNAME | Training &gt; Exam | Exam &gt;Training |" name="And I select DP:SAMPATHASSIGNMENTS.SAMPATHSUBJECT in Subject drop down" time="0"/>
  <testcase classname="| DP:SUPER.USERNAME | DP:SUPER.PASSWORD | DP:SECTIONS.SECTIONNAME | DP:SAMPATHASSIGNMENTS.SAMPATHSUBJECT | Y | N | SAM Assignments | Assignments | DP:EXAMASSIGNMENTS.EXAMNAME1 | DP:TRAININGASSIGNMENTS.TRAININGNAME1 | DP:PROJECTASSIGNMENTS.PROJECTASSIGNMENTNAME1 | DP:SAMPATHASSIGNMENTS.SAMPATHNAME | Training &gt; Exam | Exam &gt;Training |" name="And I select DP:EXAMASSIGNMENTS.EXAMNAME1 Y in Exam Name" time="0"/>
  <testcase classname="| DP:SUPER.USERNAME | DP:SUPER.PASSWORD | DP:SECTIONS.SECTIONNAME | DP:SAMPATHASSIGNMENTS.SAMPATHSUBJECT | Y | N | SAM Assignments | Assignments | DP:EXAMASSIGNMENTS.EXAMNAME1 | DP:TRAININGASSIGNMENTS.TRAININGNAME1 | DP:PROJECTASSIGNMENTS.PROJECTASSIGNMENTNAME1 | DP:SAMPATHASSIGNMENTS.SAMPATHNAME | Training &gt; Exam | Exam &gt;Training |" name="And I click on Next Step button" time="0"/>
  <testcase classname="| DP:SUPER.USERNAME | DP:SUPER.PASSWORD | DP:SECTIONS.SECTIONNAME | DP:SAMPATHASSIGNMENTS.SAMPATHSUBJECT | Y | N | SAM Assignments | Assignments | DP:EXAMASSIGNMENTS.EXAMNAME1 | DP:TRAININGASSIGNMENTS.TRAININGNAME1 | DP:PROJECTASSIGNMENTS.PROJECTASSIGNMENTNAME1 | DP:SAMPATHASSIGNMENTS.SAMPATHNAME | Training &gt; Exam | Exam &gt;Training |" name="And I click on Training &gt; Exam tab" time="0"/>
  <testcase classname="| DP:SUPER.USERNAME | DP:SUPER.PASSWORD | DP:SECTIONS.SECTIONNAME | DP:SAMPATHASSIGNMENTS.SAMPATHSUBJECT | Y | N | SAM Assignments | Assignments | DP:EXAMASSIGNMENTS.EXAMNAME1 | DP:TRAININGASSIGNMENTS.TRAININGNAME1 | DP:PROJECTASSIGNMENTS.PROJECTASSIGNMENTNAME1 | DP:SAMPATHASSIGNMENTS.SAMPATHNAME | Training &gt; Exam | Exam &gt;Training |" name="And I enter DP:EXAMASSIGNMENTS.EXAMNAME1 Y in Assignment Name" time="0"/>
  <testcase classname="| DP:SUPER.USERNAME | DP:SUPER.PASSWORD | DP:SECTIONS.SECTIONNAME | DP:SAMPATHASSIGNMENTS.SAMPATHSUBJECT | Y | N | SAM Assignments | Assignments | DP:EXAMASSIGNMENTS.EXAMNAME1 | DP:TRAININGASSIGNMENTS.TRAININGNAME1 | DP:PROJECTASSIGNMENTS.PROJECTASSIGNMENTNAME1 | DP:SAMPATHASSIGNMENTS.SAMPATHNAME | Training &gt; Exam | Exam &gt;Training |" name="And I click on section drop down" time="0"/>
  <testcase classname="| DP:SUPER.USERNAME | DP:SUPER.PASSWORD | DP:SECTIONS.SECTIONNAME | DP:SAMPATHASSIGNMENTS.SAMPATHSUBJECT | Y | N | SAM Assignments | Assignments | DP:EXAMASSIGNMENTS.EXAMNAME1 | DP:TRAININGASSIGNMENTS.TRAININGNAME1 | DP:PROJECTASSIGNMENTS.PROJECTASSIGNMENTNAME1 | DP:SAMPATHASSIGNMENTS.SAMPATHNAME | Training &gt; Exam | Exam &gt;Training |" name="And I check DP:SECTIONS.SECTIONNAME Y in Select section drop down" time="0"/>
  <testcase classname="| DP:SUPER.USERNAME | DP:SUPER.PASSWORD | DP:SECTIONS.SECTIONNAME | DP:SAMPATHASSIGNMENTS.SAMPATHSUBJECT | Y | N | SAM Assignments | Assignments | DP:EXAMASSIGNMENTS.EXAMNAME1 | DP:TRAININGASSIGNMENTS.TRAININGNAME1 | DP:PROJECTASSIGNMENTS.PROJECTASSIGNMENTNAME1 | DP:SAMPATHASSIGNMENTS.SAMPATHNAME | Training &gt; Exam | Exam &gt;Training |" name="And I click on section drop down" time="0"/>
  <testcase classname="| DP:SUPER.USERNAME | DP:SUPER.PASSWORD | DP:SECTIONS.SECTIONNAME | DP:SAMPATHASSIGNMENTS.SAMPATHSUBJECT | Y | N | SAM Assignments | Assignments | DP:EXAMASSIGNMENTS.EXAMNAME1 | DP:TRAININGASSIGNMENTS.TRAININGNAME1 | DP:PROJECTASSIGNMENTS.PROJECTASSIGNMENTNAME1 | DP:SAMPATHASSIGNMENTS.SAMPATHNAME | Training &gt; Exam | Exam &gt;Training |" name="And I click on Save button" time="0"/>
  <testcase classname="| DP:SUPER.USERNAME | DP:SUPER.PASSWORD | DP:SECTIONS.SECTIONNAME | DP:SAMPATHASSIGNMENTS.SAMPATHSUBJECT | Y | N | SAM Assignments | Assignments | DP:EXAMASSIGNMENTS.EXAMNAME1 | DP:TRAININGASSIGNMENTS.TRAININGNAME1 | DP:PROJECTASSIGNMENTS.PROJECTASSIGNMENTNAME1 | DP:SAMPATHASSIGNMENTS.SAMPATHNAME | Training &gt; Exam | Exam &gt;Training |" name="And I see the DP:EXAMASSIGNMENTS.EXAMNAME1 Y duplicate assignment warning message Popup in Assignment Creation" time="0"/>
  <testcase classname="| DP:SUPER.USERNAME | DP:SUPER.PASSWORD | DP:SECTIONS.SECTIONNAME | DP:SAMPATHASSIGNMENTS.SAMPATHSUBJECT | Y | N | SAM Assignments | Assignments | DP:EXAMASSIGNMENTS.EXAMNAME1 | DP:TRAININGASSIGNMENTS.TRAININGNAME1 | DP:PROJECTASSIGNMENTS.PROJECTASSIGNMENTNAME1 | DP:SAMPATHASSIGNMENTS.SAMPATHNAME | Training &gt; Exam | Exam &gt;Training |" name="And I click on X icon" time="0"/>
  <testcase classname="| DP:SUPER.USERNAME | DP:SUPER.PASSWORD | DP:SECTIONS.SECTIONNAME | DP:SAMPATHASSIGNMENTS.SAMPATHSUBJECT | Y | N | SAM Assignments | Assignments | DP:EXAMASSIGNMENTS.EXAMNAME1 | DP:TRAININGASSIGNMENTS.TRAININGNAME1 | DP:PROJECTASSIGNMENTS.PROJECTASSIGNMENTNAME1 | DP:SAMPATHASSIGNMENTS.SAMPATHNAME | Training &gt; Exam | Exam &gt;Training |" name="And I enter DP:TRAININGASSIGNMENTS.TRAININGNAME1 Y in Assignment Name" time="0"/>
  <testcase classname="| DP:SUPER.USERNAME | DP:SUPER.PASSWORD | DP:SECTIONS.SECTIONNAME | DP:SAMPATHASSIGNMENTS.SAMPATHSUBJECT | Y | N | SAM Assignments | Assignments | DP:EXAMASSIGNMENTS.EXAMNAME1 | DP:TRAININGASSIGNMENTS.TRAININGNAME1 | DP:PROJECTASSIGNMENTS.PROJECTASSIGNMENTNAME1 | DP:SAMPATHASSIGNMENTS.SAMPATHNAME | Training &gt; Exam | Exam &gt;Training |" name="And I click on Save button" time="0"/>
  <testcase classname="| DP:SUPER.USERNAME | DP:SUPER.PASSWORD | DP:SECTIONS.SECTIONNAME | DP:SAMPATHASSIGNMENTS.SAMPATHSUBJECT | Y | N | SAM Assignments | Assignments | DP:EXAMASSIGNMENTS.EXAMNAME1 | DP:TRAININGASSIGNMENTS.TRAININGNAME1 | DP:PROJECTASSIGNMENTS.PROJECTASSIGNMENTNAME1 | DP:SAMPATHASSIGNMENTS.SAMPATHNAME | Training &gt; Exam | Exam &gt;Training |" name="And I see the DP:TRAININGASSIGNMENTS.TRAININGNAME1 Y duplicate assignment warning message Popup in Assignment Creation" time="0"/>
  <testcase classname="| DP:SUPER.USERNAME | DP:SUPER.PASSWORD | DP:SECTIONS.SECTIONNAME | DP:SAMPATHASSIGNMENTS.SAMPATHSUBJECT | Y | N | SAM Assignments | Assignments | DP:EXAMASSIGNMENTS.EXAMNAME1 | DP:TRAININGASSIGNMENTS.TRAININGNAME1 | DP:PROJECTASSIGNMENTS.PROJECTASSIGNMENTNAME1 | DP:SAMPATHASSIGNMENTS.SAMPATHNAME | Training &gt; Exam | Exam &gt;Training |" name="And I click on X icon" time="0"/>
  <testcase classname="| DP:SUPER.USERNAME | DP:SUPER.PASSWORD | DP:SECTIONS.SECTIONNAME | DP:SAMPATHASSIGNMENTS.SAMPATHSUBJECT | Y | N | SAM Assignments | Assignments | DP:EXAMASSIGNMENTS.EXAMNAME1 | DP:TRAININGASSIGNMENTS.TRAININGNAME1 | DP:PROJECTASSIGNMENTS.PROJECTASSIGNMENTNAME1 | DP:SAMPATHASSIGNMENTS.SAMPATHNAME | Training &gt; Exam | Exam &gt;Training |" name="And I enter DP:PROJECTASSIGNMENTS.PROJECTASSIGNMENTNAME1 Y in Assignment Name" time="0"/>
  <testcase classname="| DP:SUPER.USERNAME | DP:SUPER.PASSWORD | DP:SECTIONS.SECTIONNAME | DP:SAMPATHASSIGNMENTS.SAMPATHSUBJECT | Y | N | SAM Assignments | Assignments | DP:EXAMASSIGNMENTS.EXAMNAME1 | DP:TRAININGASSIGNMENTS.TRAININGNAME1 | DP:PROJECTASSIGNMENTS.PROJECTASSIGNMENTNAME1 | DP:SAMPATHASSIGNMENTS.SAMPATHNAME | Training &gt; Exam | Exam &gt;Training |" name="And I click on Save button" time="0"/>
  <testcase classname="| DP:SUPER.USERNAME | DP:SUPER.PASSWORD | DP:SECTIONS.SECTIONNAME | DP:SAMPATHASSIGNMENTS.SAMPATHSUBJECT | Y | N | SAM Assignments | Assignments | DP:EXAMASSIGNMENTS.EXAMNAME1 | DP:TRAININGASSIGNMENTS.TRAININGNAME1 | DP:PROJECTASSIGNMENTS.PROJECTASSIGNMENTNAME1 | DP:SAMPATHASSIGNMENTS.SAMPATHNAME | Training &gt; Exam | Exam &gt;Training |" name="And I see the DP:PROJECTASSIGNMENTS.PROJECTASSIGNMENTNAME1 Y duplicate assignment warning message Popup in Assignment Creation" time="0"/>
  <testcase classname="| DP:SUPER.USERNAME | DP:SUPER.PASSWORD | DP:SECTIONS.SECTIONNAME | DP:SAMPATHASSIGNMENTS.SAMPATHSUBJECT | Y | N | SAM Assignments | Assignments | DP:EXAMASSIGNMENTS.EXAMNAME1 | DP:TRAININGASSIGNMENTS.TRAININGNAME1 | DP:PROJECTASSIGNMENTS.PROJECTASSIGNMENTNAME1 | DP:SAMPATHASSIGNMENTS.SAMPATHNAME | Training &gt; Exam | Exam &gt;Training |" name="And I click on X icon" time="0"/>
  <testcase classname="| DP:SUPER.USERNAME | DP:SUPER.PASSWORD | DP:SECTIONS.SECTIONNAME | DP:SAMPATHASSIGNMENTS.SAMPATHSUBJECT | Y | N | SAM Assignments | Assignments | DP:EXAMASSIGNMENTS.EXAMNAME1 | DP:TRAININGASSIGNMENTS.TRAININGNAME1 | DP:PROJECTASSIGNMENTS.PROJECTASSIGNMENTNAME1 | DP:SAMPATHASSIGNMENTS.SAMPATHNAME | Training &gt; Exam | Exam &gt;Training |" name="And I enter DP:SAMPATHASSIGNMENTS.SAMPATHNAME Y in Assignment Name" time="0"/>
  <testcase classname="| DP:SUPER.USERNAME | DP:SUPER.PASSWORD | DP:SECTIONS.SECTIONNAME | DP:SAMPATHASSIGNMENTS.SAMPATHSUBJECT | Y | N | SAM Assignments | Assignments | DP:EXAMASSIGNMENTS.EXAMNAME1 | DP:TRAININGASSIGNMENTS.TRAININGNAME1 | DP:PROJECTASSIGNMENTS.PROJECTASSIGNMENTNAME1 | DP:SAMPATHASSIGNMENTS.SAMPATHNAME | Training &gt; Exam | Exam &gt;Training |" name="And I click on Save button" time="0"/>
  <testcase classname="| DP:SUPER.USERNAME | DP:SUPER.PASSWORD | DP:SECTIONS.SECTIONNAME | DP:SAMPATHASSIGNMENTS.SAMPATHSUBJECT | Y | N | SAM Assignments | Assignments | DP:EXAMASSIGNMENTS.EXAMNAME1 | DP:TRAININGASSIGNMENTS.TRAININGNAME1 | DP:PROJECTASSIGNMENTS.PROJECTASSIGNMENTNAME1 | DP:SAMPATHASSIGNMENTS.SAMPATHNAME | Training &gt; Exam | Exam &gt;Training |" name="And I see the DP:SAMPATHASSIGNMENTS.SAMPATHNAME Y duplicate assignment warning message Popup in Assignment Creation" time="0"/>
  <testcase classname="| DP:SUPER.USERNAME | DP:SUPER.PASSWORD | DP:SECTIONS.SECTIONNAME | DP:SAMPATHASSIGNMENTS.SAMPATHSUBJECT | Y | N | SAM Assignments | Assignments | DP:EXAMASSIGNMENTS.EXAMNAME1 | DP:TRAININGASSIGNMENTS.TRAININGNAME1 | DP:PROJECTASSIGNMENTS.PROJECTASSIGNMENTNAME1 | DP:SAMPATHASSIGNMENTS.SAMPATHNAME | Training &gt; Exam | Exam &gt;Training |" name="And I click on X icon" time="0"/>
  <testcase classname="| DP:SUPER.USERNAME | DP:SUPER.PASSWORD | DP:SECTIONS.SECTIONNAME | DP:SAMPATHASSIGNMENTS.SAMPATHSUBJECT | Y | N | SAM Assignments | Assignments | DP:EXAMASSIGNMENTS.EXAMNAME1 | DP:TRAININGASSIGNMENTS.TRAININGNAME1 | DP:PROJECTASSIGNMENTS.PROJECTASSIGNMENTNAME1 | DP:SAMPATHASSIGNMENTS.SAMPATHNAME | Training &gt; Exam | Exam &gt;Training |" name="And I click on Assignments tab" time="0"/>
  <testcase classname="| DP:SUPER.USERNAME | DP:SUPER.PASSWORD | DP:SECTIONS.SECTIONNAME | DP:SAMPATHASSIGNMENTS.SAMPATHSUBJECT | Y | N | SAM Assignments | Assignments | DP:EXAMASSIGNMENTS.EXAMNAME1 | DP:TRAININGASSIGNMENTS.TRAININGNAME1 | DP:PROJECTASSIGNMENTS.PROJECTASSIGNMENTNAME1 | DP:SAMPATHASSIGNMENTS.SAMPATHNAME | Training &gt; Exam | Exam &gt;Training |" name="And I click on Schedule New button" time="0"/>
  <testcase classname="| DP:SUPER.USERNAME | DP:SUPER.PASSWORD | DP:SECTIONS.SECTIONNAME | DP:SAMPATHASSIGNMENTS.SAMPATHSUBJECT | Y | N | SAM Assignments | Assignments | DP:EXAMASSIGNMENTS.EXAMNAME1 | DP:TRAININGASSIGNMENTS.TRAININGNAME1 | DP:PROJECTASSIGNMENTS.PROJECTASSIGNMENTNAME1 | DP:SAMPATHASSIGNMENTS.SAMPATHNAME | Training &gt; Exam | Exam &gt;Training |" name="And I click on SAM path button" time="0"/>
  <testcase classname="| DP:SUPER.USERNAME | DP:SUPER.PASSWORD | DP:SECTIONS.SECTIONNAME | DP:SAMPATHASSIGNMENTS.SAMPATHSUBJECT | Y | N | SAM Assignments | Assignments | DP:EXAMASSIGNMENTS.EXAMNAME1 | DP:TRAININGASSIGNMENTS.TRAININGNAME1 | DP:PROJECTASSIGNMENTS.PROJECTASSIGNMENTNAME1 | DP:SAMPATHASSIGNMENTS.SAMPATHNAME | Training &gt; Exam | Exam &gt;Training |" name="And I select DP:SAMPATHASSIGNMENTS.SAMPATHSUBJECT in Subject drop down" time="0"/>
  <testcase classname="| DP:SUPER.USERNAME | DP:SUPER.PASSWORD | DP:SECTIONS.SECTIONNAME | DP:SAMPATHASSIGNMENTS.SAMPATHSUBJECT | Y | N | SAM Assignments | Assignments | DP:EXAMASSIGNMENTS.EXAMNAME1 | DP:TRAININGASSIGNMENTS.TRAININGNAME1 | DP:PROJECTASSIGNMENTS.PROJECTASSIGNMENTNAME1 | DP:SAMPATHASSIGNMENTS.SAMPATHNAME | Training &gt; Exam | Exam &gt;Training |" name="And I select DP:EXAMASSIGNMENTS.EXAMNAME1 Y in Exam Name" time="0"/>
  <testcase classname="| DP:SUPER.USERNAME | DP:SUPER.PASSWORD | DP:SECTIONS.SECTIONNAME | DP:SAMPATHASSIGNMENTS.SAMPATHSUBJECT | Y | N | SAM Assignments | Assignments | DP:EXAMASSIGNMENTS.EXAMNAME1 | DP:TRAININGASSIGNMENTS.TRAININGNAME1 | DP:PROJECTASSIGNMENTS.PROJECTASSIGNMENTNAME1 | DP:SAMPATHASSIGNMENTS.SAMPATHNAME | Training &gt; Exam | Exam &gt;Training |" name="And I click on Next Step button" time="0"/>
  <testcase classname="| DP:SUPER.USERNAME | DP:SUPER.PASSWORD | DP:SECTIONS.SECTIONNAME | DP:SAMPATHASSIGNMENTS.SAMPATHSUBJECT | Y | N | SAM Assignments | Assignments | DP:EXAMASSIGNMENTS.EXAMNAME1 | DP:TRAININGASSIGNMENTS.TRAININGNAME1 | DP:PROJECTASSIGNMENTS.PROJECTASSIGNMENTNAME1 | DP:SAMPATHASSIGNMENTS.SAMPATHNAME | Training &gt; Exam | Exam &gt;Training |" name="And I click on Exam &gt;Training tab" time="0"/>
  <testcase classname="| DP:SUPER.USERNAME | DP:SUPER.PASSWORD | DP:SECTIONS.SECTIONNAME | DP:SAMPATHASSIGNMENTS.SAMPATHSUBJECT | Y | N | SAM Assignments | Assignments | DP:EXAMASSIGNMENTS.EXAMNAME1 | DP:TRAININGASSIGNMENTS.TRAININGNAME1 | DP:PROJECTASSIGNMENTS.PROJECTASSIGNMENTNAME1 | DP:SAMPATHASSIGNMENTS.SAMPATHNAME | Training &gt; Exam | Exam &gt;Training |" name="And I enter DP:EXAMASSIGNMENTS.EXAMNAME1 Y in Assignment Name" time="0"/>
  <testcase classname="| DP:SUPER.USERNAME | DP:SUPER.PASSWORD | DP:SECTIONS.SECTIONNAME | DP:SAMPATHASSIGNMENTS.SAMPATHSUBJECT | Y | N | SAM Assignments | Assignments | DP:EXAMASSIGNMENTS.EXAMNAME1 | DP:TRAININGASSIGNMENTS.TRAININGNAME1 | DP:PROJECTASSIGNMENTS.PROJECTASSIGNMENTNAME1 | DP:SAMPATHASSIGNMENTS.SAMPATHNAME | Training &gt; Exam | Exam &gt;Training |" name="And I click on section drop down" time="0"/>
  <testcase classname="| DP:SUPER.USERNAME | DP:SUPER.PASSWORD | DP:SECTIONS.SECTIONNAME | DP:SAMPATHASSIGNMENTS.SAMPATHSUBJECT | Y | N | SAM Assignments | Assignments | DP:EXAMASSIGNMENTS.EXAMNAME1 | DP:TRAININGASSIGNMENTS.TRAININGNAME1 | DP:PROJECTASSIGNMENTS.PROJECTASSIGNMENTNAME1 | DP:SAMPATHASSIGNMENTS.SAMPATHNAME | Training &gt; Exam | Exam &gt;Training |" name="And I check DP:SECTIONS.SECTIONNAME Y in Select section drop down" time="0"/>
  <testcase classname="| DP:SUPER.USERNAME | DP:SUPER.PASSWORD | DP:SECTIONS.SECTIONNAME | DP:SAMPATHASSIGNMENTS.SAMPATHSUBJECT | Y | N | SAM Assignments | Assignments | DP:EXAMASSIGNMENTS.EXAMNAME1 | DP:TRAININGASSIGNMENTS.TRAININGNAME1 | DP:PROJECTASSIGNMENTS.PROJECTASSIGNMENTNAME1 | DP:SAMPATHASSIGNMENTS.SAMPATHNAME | Training &gt; Exam | Exam &gt;Training |" name="And I click on section drop down" time="0"/>
  <testcase classname="| DP:SUPER.USERNAME | DP:SUPER.PASSWORD | DP:SECTIONS.SECTIONNAME | DP:SAMPATHASSIGNMENTS.SAMPATHSUBJECT | Y | N | SAM Assignments | Assignments | DP:EXAMASSIGNMENTS.EXAMNAME1 | DP:TRAININGASSIGNMENTS.TRAININGNAME1 | DP:PROJECTASSIGNMENTS.PROJECTASSIGNMENTNAME1 | DP:SAMPATHASSIGNMENTS.SAMPATHNAME | Training &gt; Exam | Exam &gt;Training |" name="And I click on Save button" time="0"/>
  <testcase classname="| DP:SUPER.USERNAME | DP:SUPER.PASSWORD | DP:SECTIONS.SECTIONNAME | DP:SAMPATHASSIGNMENTS.SAMPATHSUBJECT | Y | N | SAM Assignments | Assignments | DP:EXAMASSIGNMENTS.EXAMNAME1 | DP:TRAININGASSIGNMENTS.TRAININGNAME1 | DP:PROJECTASSIGNMENTS.PROJECTASSIGNMENTNAME1 | DP:SAMPATHASSIGNMENTS.SAMPATHNAME | Training &gt; Exam | Exam &gt;Training |" name="And I see the DP:EXAMASSIGNMENTS.EXAMNAME1 Y duplicate assignment warning message Popup in Assignment Creation" time="0"/>
  <testcase classname="| DP:SUPER.USERNAME | DP:SUPER.PASSWORD | DP:SECTIONS.SECTIONNAME | DP:SAMPATHASSIGNMENTS.SAMPATHSUBJECT | Y | N | SAM Assignments | Assignments | DP:EXAMASSIGNMENTS.EXAMNAME1 | DP:TRAININGASSIGNMENTS.TRAININGNAME1 | DP:PROJECTASSIGNMENTS.PROJECTASSIGNMENTNAME1 | DP:SAMPATHASSIGNMENTS.SAMPATHNAME | Training &gt; Exam | Exam &gt;Training |" name="And I click on X icon" time="0"/>
  <testcase classname="| DP:SUPER.USERNAME | DP:SUPER.PASSWORD | DP:SECTIONS.SECTIONNAME | DP:SAMPATHASSIGNMENTS.SAMPATHSUBJECT | Y | N | SAM Assignments | Assignments | DP:EXAMASSIGNMENTS.EXAMNAME1 | DP:TRAININGASSIGNMENTS.TRAININGNAME1 | DP:PROJECTASSIGNMENTS.PROJECTASSIGNMENTNAME1 | DP:SAMPATHASSIGNMENTS.SAMPATHNAME | Training &gt; Exam | Exam &gt;Training |" name="And I enter DP:TRAININGASSIGNMENTS.TRAININGNAME1 Y in Assignment Name" time="0"/>
  <testcase classname="| DP:SUPER.USERNAME | DP:SUPER.PASSWORD | DP:SECTIONS.SECTIONNAME | DP:SAMPATHASSIGNMENTS.SAMPATHSUBJECT | Y | N | SAM Assignments | Assignments | DP:EXAMASSIGNMENTS.EXAMNAME1 | DP:TRAININGASSIGNMENTS.TRAININGNAME1 | DP:PROJECTASSIGNMENTS.PROJECTASSIGNMENTNAME1 | DP:SAMPATHASSIGNMENTS.SAMPATHNAME | Training &gt; Exam | Exam &gt;Training |" name="And I click on Save button" time="0.001"/>
  <testcase classname="| DP:SUPER.USERNAME | DP:SUPER.PASSWORD | DP:SECTIONS.SECTIONNAME | DP:SAMPATHASSIGNMENTS.SAMPATHSUBJECT | Y | N | SAM Assignments | Assignments | DP:EXAMASSIGNMENTS.EXAMNAME1 | DP:TRAININGASSIGNMENTS.TRAININGNAME1 | DP:PROJECTASSIGNMENTS.PROJECTASSIGNMENTNAME1 | DP:SAMPATHASSIGNMENTS.SAMPATHNAME | Training &gt; Exam | Exam &gt;Training |" name="And I see the DP:TRAININGASSIGNMENTS.TRAININGNAME1 Y duplicate assignment warning message Popup in Assignment Creation" time="0"/>
  <testcase classname="| DP:SUPER.USERNAME | DP:SUPER.PASSWORD | DP:SECTIONS.SECTIONNAME | DP:SAMPATHASSIGNMENTS.SAMPATHSUBJECT | Y | N | SAM Assignments | Assignments | DP:EXAMASSIGNMENTS.EXAMNAME1 | DP:TRAININGASSIGNMENTS.TRAININGNAME1 | DP:PROJECTASSIGNMENTS.PROJECTASSIGNMENTNAME1 | DP:SAMPATHASSIGNMENTS.SAMPATHNAME | Training &gt; Exam | Exam &gt;Training |" name="And I click on X icon" time="0"/>
  <testcase classname="| DP:SUPER.USERNAME | DP:SUPER.PASSWORD | DP:SECTIONS.SECTIONNAME | DP:SAMPATHASSIGNMENTS.SAMPATHSUBJECT | Y | N | SAM Assignments | Assignments | DP:EXAMASSIGNMENTS.EXAMNAME1 | DP:TRAININGASSIGNMENTS.TRAININGNAME1 | DP:PROJECTASSIGNMENTS.PROJECTASSIGNMENTNAME1 | DP:SAMPATHASSIGNMENTS.SAMPATHNAME | Training &gt; Exam | Exam &gt;Training |" name="And I enter DP:PROJECTASSIGNMENTS.PROJECTASSIGNMENTNAME1 Y in Assignment Name" time="0"/>
  <testcase classname="| DP:SUPER.USERNAME | DP:SUPER.PASSWORD | DP:SECTIONS.SECTIONNAME | DP:SAMPATHASSIGNMENTS.SAMPATHSUBJECT | Y | N | SAM Assignments | Assignments | DP:EXAMASSIGNMENTS.EXAMNAME1 | DP:TRAININGASSIGNMENTS.TRAININGNAME1 | DP:PROJECTASSIGNMENTS.PROJECTASSIGNMENTNAME1 | DP:SAMPATHASSIGNMENTS.SAMPATHNAME | Training &gt; Exam | Exam &gt;Training |" name="And I click on Save button" time="0"/>
  <testcase classname="| DP:SUPER.USERNAME | DP:SUPER.PASSWORD | DP:SECTIONS.SECTIONNAME | DP:SAMPATHASSIGNMENTS.SAMPATHSUBJECT | Y | N | SAM Assignments | Assignments | DP:EXAMASSIGNMENTS.EXAMNAME1 | DP:TRAININGASSIGNMENTS.TRAININGNAME1 | DP:PROJECTASSIGNMENTS.PROJECTASSIGNMENTNAME1 | DP:SAMPATHASSIGNMENTS.SAMPATHNAME | Training &gt; Exam | Exam &gt;Training |" name="And I see the DP:PROJECTASSIGNMENTS.PROJECTASSIGNMENTNAME1 Y duplicate assignment warning message Popup in Assignment Creation" time="0"/>
  <testcase classname="| DP:SUPER.USERNAME | DP:SUPER.PASSWORD | DP:SECTIONS.SECTIONNAME | DP:SAMPATHASSIGNMENTS.SAMPATHSUBJECT | Y | N | SAM Assignments | Assignments | DP:EXAMASSIGNMENTS.EXAMNAME1 | DP:TRAININGASSIGNMENTS.TRAININGNAME1 | DP:PROJECTASSIGNMENTS.PROJECTASSIGNMENTNAME1 | DP:SAMPATHASSIGNMENTS.SAMPATHNAME | Training &gt; Exam | Exam &gt;Training |" name="And I click on X icon" time="0"/>
  <testcase classname="| DP:SUPER.USERNAME | DP:SUPER.PASSWORD | DP:SECTIONS.SECTIONNAME | DP:SAMPATHASSIGNMENTS.SAMPATHSUBJECT | Y | N | SAM Assignments | Assignments | DP:EXAMASSIGNMENTS.EXAMNAME1 | DP:TRAININGASSIGNMENTS.TRAININGNAME1 | DP:PROJECTASSIGNMENTS.PROJECTASSIGNMENTNAME1 | DP:SAMPATHASSIGNMENTS.SAMPATHNAME | Training &gt; Exam | Exam &gt;Training |" name="And I enter DP:SAMPATHASSIGNMENTS.SAMPATHNAME Y in Assignment Name" time="0"/>
  <testcase classname="| DP:SUPER.USERNAME | DP:SUPER.PASSWORD | DP:SECTIONS.SECTIONNAME | DP:SAMPATHASSIGNMENTS.SAMPATHSUBJECT | Y | N | SAM Assignments | Assignments | DP:EXAMASSIGNMENTS.EXAMNAME1 | DP:TRAININGASSIGNMENTS.TRAININGNAME1 | DP:PROJECTASSIGNMENTS.PROJECTASSIGNMENTNAME1 | DP:SAMPATHASSIGNMENTS.SAMPATHNAME | Training &gt; Exam | Exam &gt;Training |" name="When I click on Save button" time="0"/>
  <testcase classname="| DP:SUPER.USERNAME | DP:SUPER.PASSWORD | DP:SECTIONS.SECTIONNAME | DP:SAMPATHASSIGNMENTS.SAMPATHSUBJECT | Y | N | SAM Assignments | Assignments | DP:EXAMASSIGNMENTS.EXAMNAME1 | DP:TRAININGASSIGNMENTS.TRAININGNAME1 | DP:PROJECTASSIGNMENTS.PROJECTASSIGNMENTNAME1 | DP:SAMPATHASSIGNMENTS.SAMPATHNAME | Training &gt; Exam | Exam &gt;Training |" name="Then I see the DP:SAMPATHASSIGNMENTS.SAMPATHNAME Y duplicate assignment warning message Popup in Assignment Creation" time="0"/>
  <testcase classname="| DP:SUPER.USERNAME | DP:SUPER.PASSWORD | DP:SECTIONS.SECTIONNAME | DP:SAMPATHASSIGNMENTS.SAMPATHSUBJECT | Y | N | SAM Assignments | Assignments | DP:EXAMASSIGNMENTS.EXAMNAME1 | DP:TRAININGASSIGNMENTS.TRAININGNAME1 | DP:PROJECTASSIGNMENTS.PROJECTASSIGNMENTNAME1 | DP:SAMPATHASSIGNMENTS.SAMPATHNAME | Training &gt; Exam | Exam &gt;Training |" name="And I click on X icon" time="0"/>
  <testcase classname="| DP:SUPER.USERNAME | DP:SUPER.PASSWORD | DP:SECTIONS.SECTIONNAME | DP:SAMPATHASSIGNMENTS.SAMPATHSUBJECT | Y | N | SAM Assignments | Assignments | DP:EXAMASSIGNMENTS.EXAMNAME1 | DP:TRAININGASSIGNMENTS.TRAININGNAME1 | DP:PROJECTASSIGNMENTS.PROJECTASSIGNMENTNAME1 | DP:SAMPATHASSIGNMENTS.SAMPATHNAME | Training &gt; Exam | Exam &gt;Training |" name="And I click on Logout button" time="0"/>
  <testcase classname="| DP:SUPER.USERNAME | DP:SUPER.PASSWORD | DP:SECTIONS.SECTIONNAME | DP:SAMPATHASSIGNMENTS.SAMPATHSUBJECT | Y | N | SAM Assignments | Assignments | DP:EXAMASSIGNMENTS.EXAMNAME1 | DP:TRAININGASSIGNMENTS.TRAININGNAME1 | DP:PROJECTASSIGNMENTS.PROJECTASSIGNMENTNAME1 | DP:SAMPATHASSIGNMENTS.SAMPATHNAME | Training &gt; Exam | Exam &gt;Training |" name="| DP:SUPER.USERNAME | DP:SUPER.PASSWORD | DP:SECTIONS.SECTIONNAME | DP:SAMPATHASSIGNMENTS.SAMPATHSUBJECT | Y | N | SAM Assignments | Assignments | DP:EXAMASSIGNMENTS.EXAMNAME1 | DP:TRAININGASSIGNMENTS.TRAININGNAME1 | DP:PROJECTASSIGNMENTS.PROJECTASSIGNMENTNAME1 | DP:SAMPATHASSIGNMENTS.SAMPATHNAME | Training &gt; Exam | Exam &gt;Training |" time="0"/>
  <testcase classname="| DP:SUPER.USERNAME | DP:SUPER.PASSWORD | DP:STUDENTS.STUDENT2.FULLNAME | DP:SECTIONS.SECTIONNAME | DP:TEXTBOOK.BOOK | DP:PROJECTASSIGNMENTS.PROJECTUNITS | Y | N | SAM Assignments | Exams | Training | Projects | DP:EXAMASSIGNMENTS.EXAMNAME1 | DP:TRAININGASSIGNMENTS.TRAININGNAME1 | DP:PROJECTASSIGNMENTS.PROJECTASSIGNMENTNAME1 | CMPTR PowerPoint 2013 Chapter 20: SAM Project 1a |" name="Given As a user I see login page of LMS" time="0"/>
  <testcase classname="| DP:SUPER.USERNAME | DP:SUPER.PASSWORD | DP:STUDENTS.STUDENT2.FULLNAME | DP:SECTIONS.SECTIONNAME | DP:TEXTBOOK.BOOK | DP:PROJECTASSIGNMENTS.PROJECTUNITS | Y | N | SAM Assignments | Exams | Training | Projects | DP:EXAMASSIGNMENTS.EXAMNAME1 | DP:TRAININGASSIGNMENTS.TRAININGNAME1 | DP:PROJECTASSIGNMENTS.PROJECTASSIGNMENTNAME1 | CMPTR PowerPoint 2013 Chapter 20: SAM Project 1a |" name="And I enter DP:SUPER.USERNAME N Username in LMS login page" time="0"/>
  <testcase classname="| DP:SUPER.USERNAME | DP:SUPER.PASSWORD | DP:STUDENTS.STUDENT2.FULLNAME | DP:SECTIONS.SECTIONNAME | DP:TEXTBOOK.BOOK | DP:PROJECTASSIGNMENTS.PROJECTUNITS | Y | N | SAM Assignments | Exams | Training | Projects | DP:EXAMASSIGNMENTS.EXAMNAME1 | DP:TRAININGASSIGNMENTS.TRAININGNAME1 | DP:PROJECTASSIGNMENTS.PROJECTASSIGNMENTNAME1 | CMPTR PowerPoint 2013 Chapter 20: SAM Project 1a |" name="And I enter DP:SUPER.PASSWORD Password in LMS login page" time="0"/>
  <testcase classname="| DP:SUPER.USERNAME | DP:SUPER.PASSWORD | DP:STUDENTS.STUDENT2.FULLNAME | DP:SECTIONS.SECTIONNAME | DP:TEXTBOOK.BOOK | DP:PROJECTASSIGNMENTS.PROJECTUNITS | Y | N | SAM Assignments | Exams | Training | Projects | DP:EXAMASSIGNMENTS.EXAMNAME1 | DP:TRAININGASSIGNMENTS.TRAININGNAME1 | DP:PROJECTASSIGNMENTS.PROJECTASSIGNMENTNAME1 | CMPTR PowerPoint 2013 Chapter 20: SAM Project 1a |" name="And I click on Log In button" time="0"/>
  <testcase classname="| DP:SUPER.USERNAME | DP:SUPER.PASSWORD | DP:STUDENTS.STUDENT2.FULLNAME | DP:SECTIONS.SECTIONNAME | DP:TEXTBOOK.BOOK | DP:PROJECTASSIGNMENTS.PROJECTUNITS | Y | N | SAM Assignments | Exams | Training | Projects | DP:EXAMASSIGNMENTS.EXAMNAME1 | DP:TRAININGASSIGNMENTS.TRAININGNAME1 | DP:PROJECTASSIGNMENTS.PROJECTASSIGNMENTNAME1 | CMPTR PowerPoint 2013 Chapter 20: SAM Project 1a |" name="And I see home page of LMS" time="0"/>
  <testcase classname="| DP:SUPER.USERNAME | DP:SUPER.PASSWORD | DP:STUDENTS.STUDENT2.FULLNAME | DP:SECTIONS.SECTIONNAME | DP:TEXTBOOK.BOOK | DP:PROJECTASSIGNMENTS.PROJECTUNITS | Y | N | SAM Assignments | Exams | Training | Projects | DP:EXAMASSIGNMENTS.EXAMNAME1 | DP:TRAININGASSIGNMENTS.TRAININGNAME1 | DP:PROJECTASSIGNMENTS.PROJECTASSIGNMENTNAME1 | CMPTR PowerPoint 2013 Chapter 20: SAM Project 1a |" name="And I click on SAM Assignments tab" time="0"/>
  <testcase classname="| DP:SUPER.USERNAME | DP:SUPER.PASSWORD | DP:STUDENTS.STUDENT2.FULLNAME | DP:SECTIONS.SECTIONNAME | DP:TEXTBOOK.BOOK | DP:PROJECTASSIGNMENTS.PROJECTUNITS | Y | N | SAM Assignments | Exams | Training | Projects | DP:EXAMASSIGNMENTS.EXAMNAME1 | DP:TRAININGASSIGNMENTS.TRAININGNAME1 | DP:PROJECTASSIGNMENTS.PROJECTASSIGNMENTNAME1 | CMPTR PowerPoint 2013 Chapter 20: SAM Project 1a |" name="And I click on Exams tab" time="0"/>
  <testcase classname="| DP:SUPER.USERNAME | DP:SUPER.PASSWORD | DP:STUDENTS.STUDENT2.FULLNAME | DP:SECTIONS.SECTIONNAME | DP:TEXTBOOK.BOOK | DP:PROJECTASSIGNMENTS.PROJECTUNITS | Y | N | SAM Assignments | Exams | Training | Projects | DP:EXAMASSIGNMENTS.EXAMNAME1 | DP:TRAININGASSIGNMENTS.TRAININGNAME1 | DP:PROJECTASSIGNMENTS.PROJECTASSIGNMENTNAME1 | CMPTR PowerPoint 2013 Chapter 20: SAM Project 1a |" name="And I see DP:EXAMASSIGNMENTS.EXAMNAME1 Y in Assignment tab" time="0"/>
  <testcase classname="| DP:SUPER.USERNAME | DP:SUPER.PASSWORD | DP:STUDENTS.STUDENT2.FULLNAME | DP:SECTIONS.SECTIONNAME | DP:TEXTBOOK.BOOK | DP:PROJECTASSIGNMENTS.PROJECTUNITS | Y | N | SAM Assignments | Exams | Training | Projects | DP:EXAMASSIGNMENTS.EXAMNAME1 | DP:TRAININGASSIGNMENTS.TRAININGNAME1 | DP:PROJECTASSIGNMENTS.PROJECTASSIGNMENTNAME1 | CMPTR PowerPoint 2013 Chapter 20: SAM Project 1a |" name="And I click on DP:EXAMASSIGNMENTS.EXAMNAME1 Schedule Assignment icon" time="0"/>
  <testcase classname="| DP:SUPER.USERNAME | DP:SUPER.PASSWORD | DP:STUDENTS.STUDENT2.FULLNAME | DP:SECTIONS.SECTIONNAME | DP:TEXTBOOK.BOOK | DP:PROJECTASSIGNMENTS.PROJECTUNITS | Y | N | SAM Assignments | Exams | Training | Projects | DP:EXAMASSIGNMENTS.EXAMNAME1 | DP:TRAININGASSIGNMENTS.TRAININGNAME1 | DP:PROJECTASSIGNMENTS.PROJECTASSIGNMENTNAME1 | CMPTR PowerPoint 2013 Chapter 20: SAM Project 1a |" name="And I enter DP:EXAMASSIGNMENTS.EXAMNAME1 Y in Assignment Name" time="0"/>
  <testcase classname="| DP:SUPER.USERNAME | DP:SUPER.PASSWORD | DP:STUDENTS.STUDENT2.FULLNAME | DP:SECTIONS.SECTIONNAME | DP:TEXTBOOK.BOOK | DP:PROJECTASSIGNMENTS.PROJECTUNITS | Y | N | SAM Assignments | Exams | Training | Projects | DP:EXAMASSIGNMENTS.EXAMNAME1 | DP:TRAININGASSIGNMENTS.TRAININGNAME1 | DP:PROJECTASSIGNMENTS.PROJECTASSIGNMENTNAME1 | CMPTR PowerPoint 2013 Chapter 20: SAM Project 1a |" name="And I click on section drop down" time="0"/>
  <testcase classname="| DP:SUPER.USERNAME | DP:SUPER.PASSWORD | DP:STUDENTS.STUDENT2.FULLNAME | DP:SECTIONS.SECTIONNAME | DP:TEXTBOOK.BOOK | DP:PROJECTASSIGNMENTS.PROJECTUNITS | Y | N | SAM Assignments | Exams | Training | Projects | DP:EXAMASSIGNMENTS.EXAMNAME1 | DP:TRAININGASSIGNMENTS.TRAININGNAME1 | DP:PROJECTASSIGNMENTS.PROJECTASSIGNMENTNAME1 | CMPTR PowerPoint 2013 Chapter 20: SAM Project 1a |" name="And I check DP:SECTIONS.SECTIONNAME Y in Select section drop down" time="0.001"/>
  <testcase classname="| DP:SUPER.USERNAME | DP:SUPER.PASSWORD | DP:STUDENTS.STUDENT2.FULLNAME | DP:SECTIONS.SECTIONNAME | DP:TEXTBOOK.BOOK | DP:PROJECTASSIGNMENTS.PROJECTUNITS | Y | N | SAM Assignments | Exams | Training | Projects | DP:EXAMASSIGNMENTS.EXAMNAME1 | DP:TRAININGASSIGNMENTS.TRAININGNAME1 | DP:PROJECTASSIGNMENTS.PROJECTASSIGNMENTNAME1 | CMPTR PowerPoint 2013 Chapter 20: SAM Project 1a |" name="And I click on section drop down" time="0"/>
  <testcase classname="| DP:SUPER.USERNAME | DP:SUPER.PASSWORD | DP:STUDENTS.STUDENT2.FULLNAME | DP:SECTIONS.SECTIONNAME | DP:TEXTBOOK.BOOK | DP:PROJECTASSIGNMENTS.PROJECTUNITS | Y | N | SAM Assignments | Exams | Training | Projects | DP:EXAMASSIGNMENTS.EXAMNAME1 | DP:TRAININGASSIGNMENTS.TRAININGNAME1 | DP:PROJECTASSIGNMENTS.PROJECTASSIGNMENTNAME1 | CMPTR PowerPoint 2013 Chapter 20: SAM Project 1a |" name="And I click on Save button" time="0"/>
  <testcase classname="| DP:SUPER.USERNAME | DP:SUPER.PASSWORD | DP:STUDENTS.STUDENT2.FULLNAME | DP:SECTIONS.SECTIONNAME | DP:TEXTBOOK.BOOK | DP:PROJECTASSIGNMENTS.PROJECTUNITS | Y | N | SAM Assignments | Exams | Training | Projects | DP:EXAMASSIGNMENTS.EXAMNAME1 | DP:TRAININGASSIGNMENTS.TRAININGNAME1 | DP:PROJECTASSIGNMENTS.PROJECTASSIGNMENTNAME1 | CMPTR PowerPoint 2013 Chapter 20: SAM Project 1a |" name="And I see the DP:EXAMASSIGNMENTS.EXAMNAME1 Y duplicate assignment warning message Popup in Assignment Creation" time="0"/>
  <testcase classname="| DP:SUPER.USERNAME | DP:SUPER.PASSWORD | DP:STUDENTS.STUDENT2.FULLNAME | DP:SECTIONS.SECTIONNAME | DP:TEXTBOOK.BOOK | DP:PROJECTASSIGNMENTS.PROJECTUNITS | Y | N | SAM Assignments | Exams | Training | Projects | DP:EXAMASSIGNMENTS.EXAMNAME1 | DP:TRAININGASSIGNMENTS.TRAININGNAME1 | DP:PROJECTASSIGNMENTS.PROJECTASSIGNMENTNAME1 | CMPTR PowerPoint 2013 Chapter 20: SAM Project 1a |" name="And I click on X icon" time="0"/>
  <testcase classname="| DP:SUPER.USERNAME | DP:SUPER.PASSWORD | DP:STUDENTS.STUDENT2.FULLNAME | DP:SECTIONS.SECTIONNAME | DP:TEXTBOOK.BOOK | DP:PROJECTASSIGNMENTS.PROJECTUNITS | Y | N | SAM Assignments | Exams | Training | Projects | DP:EXAMASSIGNMENTS.EXAMNAME1 | DP:TRAININGASSIGNMENTS.TRAININGNAME1 | DP:PROJECTASSIGNMENTS.PROJECTASSIGNMENTNAME1 | CMPTR PowerPoint 2013 Chapter 20: SAM Project 1a |" name="And I click on SAM Assignments tab" time="0"/>
  <testcase classname="| DP:SUPER.USERNAME | DP:SUPER.PASSWORD | DP:STUDENTS.STUDENT2.FULLNAME | DP:SECTIONS.SECTIONNAME | DP:TEXTBOOK.BOOK | DP:PROJECTASSIGNMENTS.PROJECTUNITS | Y | N | SAM Assignments | Exams | Training | Projects | DP:EXAMASSIGNMENTS.EXAMNAME1 | DP:TRAININGASSIGNMENTS.TRAININGNAME1 | DP:PROJECTASSIGNMENTS.PROJECTASSIGNMENTNAME1 | CMPTR PowerPoint 2013 Chapter 20: SAM Project 1a |" name="And I click on Training tab" time="0"/>
  <testcase classname="| DP:SUPER.USERNAME | DP:SUPER.PASSWORD | DP:STUDENTS.STUDENT2.FULLNAME | DP:SECTIONS.SECTIONNAME | DP:TEXTBOOK.BOOK | DP:PROJECTASSIGNMENTS.PROJECTUNITS | Y | N | SAM Assignments | Exams | Training | Projects | DP:EXAMASSIGNMENTS.EXAMNAME1 | DP:TRAININGASSIGNMENTS.TRAININGNAME1 | DP:PROJECTASSIGNMENTS.PROJECTASSIGNMENTNAME1 | CMPTR PowerPoint 2013 Chapter 20: SAM Project 1a |" name="And I see DP:TRAININGASSIGNMENTS.TRAININGNAME1 Y in Assignment tab" time="0"/>
  <testcase classname="| DP:SUPER.USERNAME | DP:SUPER.PASSWORD | DP:STUDENTS.STUDENT2.FULLNAME | DP:SECTIONS.SECTIONNAME | DP:TEXTBOOK.BOOK | DP:PROJECTASSIGNMENTS.PROJECTUNITS | Y | N | SAM Assignments | Exams | Training | Projects | DP:EXAMASSIGNMENTS.EXAMNAME1 | DP:TRAININGASSIGNMENTS.TRAININGNAME1 | DP:PROJECTASSIGNMENTS.PROJECTASSIGNMENTNAME1 | CMPTR PowerPoint 2013 Chapter 20: SAM Project 1a |" name="And I click on DP:TRAININGASSIGNMENTS.TRAININGNAME1 Schedule Assignment icon" time="0"/>
  <testcase classname="| DP:SUPER.USERNAME | DP:SUPER.PASSWORD | DP:STUDENTS.STUDENT2.FULLNAME | DP:SECTIONS.SECTIONNAME | DP:TEXTBOOK.BOOK | DP:PROJECTASSIGNMENTS.PROJECTUNITS | Y | N | SAM Assignments | Exams | Training | Projects | DP:EXAMASSIGNMENTS.EXAMNAME1 | DP:TRAININGASSIGNMENTS.TRAININGNAME1 | DP:PROJECTASSIGNMENTS.PROJECTASSIGNMENTNAME1 | CMPTR PowerPoint 2013 Chapter 20: SAM Project 1a |" name="And I enter DP:TRAININGASSIGNMENTS.TRAININGNAME1 Y in Assignment Name" time="0"/>
  <testcase classname="| DP:SUPER.USERNAME | DP:SUPER.PASSWORD | DP:STUDENTS.STUDENT2.FULLNAME | DP:SECTIONS.SECTIONNAME | DP:TEXTBOOK.BOOK | DP:PROJECTASSIGNMENTS.PROJECTUNITS | Y | N | SAM Assignments | Exams | Training | Projects | DP:EXAMASSIGNMENTS.EXAMNAME1 | DP:TRAININGASSIGNMENTS.TRAININGNAME1 | DP:PROJECTASSIGNMENTS.PROJECTASSIGNMENTNAME1 | CMPTR PowerPoint 2013 Chapter 20: SAM Project 1a |" name="And I click on section drop down" time="0"/>
  <testcase classname="| DP:SUPER.USERNAME | DP:SUPER.PASSWORD | DP:STUDENTS.STUDENT2.FULLNAME | DP:SECTIONS.SECTIONNAME | DP:TEXTBOOK.BOOK | DP:PROJECTASSIGNMENTS.PROJECTUNITS | Y | N | SAM Assignments | Exams | Training | Projects | DP:EXAMASSIGNMENTS.EXAMNAME1 | DP:TRAININGASSIGNMENTS.TRAININGNAME1 | DP:PROJECTASSIGNMENTS.PROJECTASSIGNMENTNAME1 | CMPTR PowerPoint 2013 Chapter 20: SAM Project 1a |" name="And I check DP:SECTIONS.SECTIONNAME Y in Select section drop down" time="0"/>
  <testcase classname="| DP:SUPER.USERNAME | DP:SUPER.PASSWORD | DP:STUDENTS.STUDENT2.FULLNAME | DP:SECTIONS.SECTIONNAME | DP:TEXTBOOK.BOOK | DP:PROJECTASSIGNMENTS.PROJECTUNITS | Y | N | SAM Assignments | Exams | Training | Projects | DP:EXAMASSIGNMENTS.EXAMNAME1 | DP:TRAININGASSIGNMENTS.TRAININGNAME1 | DP:PROJECTASSIGNMENTS.PROJECTASSIGNMENTNAME1 | CMPTR PowerPoint 2013 Chapter 20: SAM Project 1a |" name="And I click on section drop down" time="0"/>
  <testcase classname="| DP:SUPER.USERNAME | DP:SUPER.PASSWORD | DP:STUDENTS.STUDENT2.FULLNAME | DP:SECTIONS.SECTIONNAME | DP:TEXTBOOK.BOOK | DP:PROJECTASSIGNMENTS.PROJECTUNITS | Y | N | SAM Assignments | Exams | Training | Projects | DP:EXAMASSIGNMENTS.EXAMNAME1 | DP:TRAININGASSIGNMENTS.TRAININGNAME1 | DP:PROJECTASSIGNMENTS.PROJECTASSIGNMENTNAME1 | CMPTR PowerPoint 2013 Chapter 20: SAM Project 1a |" name="And I click on Save button" time="0"/>
  <testcase classname="| DP:SUPER.USERNAME | DP:SUPER.PASSWORD | DP:STUDENTS.STUDENT2.FULLNAME | DP:SECTIONS.SECTIONNAME | DP:TEXTBOOK.BOOK | DP:PROJECTASSIGNMENTS.PROJECTUNITS | Y | N | SAM Assignments | Exams | Training | Projects | DP:EXAMASSIGNMENTS.EXAMNAME1 | DP:TRAININGASSIGNMENTS.TRAININGNAME1 | DP:PROJECTASSIGNMENTS.PROJECTASSIGNMENTNAME1 | CMPTR PowerPoint 2013 Chapter 20: SAM Project 1a |" name="And I see the DP:TRAININGASSIGNMENTS.TRAININGNAME1 Y duplicate assignment warning message Popup in Assignment Creation" time="0"/>
  <testcase classname="| DP:SUPER.USERNAME | DP:SUPER.PASSWORD | DP:STUDENTS.STUDENT2.FULLNAME | DP:SECTIONS.SECTIONNAME | DP:TEXTBOOK.BOOK | DP:PROJECTASSIGNMENTS.PROJECTUNITS | Y | N | SAM Assignments | Exams | Training | Projects | DP:EXAMASSIGNMENTS.EXAMNAME1 | DP:TRAININGASSIGNMENTS.TRAININGNAME1 | DP:PROJECTASSIGNMENTS.PROJECTASSIGNMENTNAME1 | CMPTR PowerPoint 2013 Chapter 20: SAM Project 1a |" name="And I click on X icon" time="0"/>
  <testcase classname="| DP:SUPER.USERNAME | DP:SUPER.PASSWORD | DP:STUDENTS.STUDENT2.FULLNAME | DP:SECTIONS.SECTIONNAME | DP:TEXTBOOK.BOOK | DP:PROJECTASSIGNMENTS.PROJECTUNITS | Y | N | SAM Assignments | Exams | Training | Projects | DP:EXAMASSIGNMENTS.EXAMNAME1 | DP:TRAININGASSIGNMENTS.TRAININGNAME1 | DP:PROJECTASSIGNMENTS.PROJECTASSIGNMENTNAME1 | CMPTR PowerPoint 2013 Chapter 20: SAM Project 1a |" name="And I click on SAM Assignments tab" time="0"/>
  <testcase classname="| DP:SUPER.USERNAME | DP:SUPER.PASSWORD | DP:STUDENTS.STUDENT2.FULLNAME | DP:SECTIONS.SECTIONNAME | DP:TEXTBOOK.BOOK | DP:PROJECTASSIGNMENTS.PROJECTUNITS | Y | N | SAM Assignments | Exams | Training | Projects | DP:EXAMASSIGNMENTS.EXAMNAME1 | DP:TRAININGASSIGNMENTS.TRAININGNAME1 | DP:PROJECTASSIGNMENTS.PROJECTASSIGNMENTNAME1 | CMPTR PowerPoint 2013 Chapter 20: SAM Project 1a |" name="And I click on Projects tab" time="0"/>
  <testcase classname="| DP:SUPER.USERNAME | DP:SUPER.PASSWORD | DP:STUDENTS.STUDENT2.FULLNAME | DP:SECTIONS.SECTIONNAME | DP:TEXTBOOK.BOOK | DP:PROJECTASSIGNMENTS.PROJECTUNITS | Y | N | SAM Assignments | Exams | Training | Projects | DP:EXAMASSIGNMENTS.EXAMNAME1 | DP:TRAININGASSIGNMENTS.TRAININGNAME1 | DP:PROJECTASSIGNMENTS.PROJECTASSIGNMENTNAME1 | CMPTR PowerPoint 2013 Chapter 20: SAM Project 1a |" name="And I select DP:TEXTBOOK.BOOK in Textbook drop down" time="0"/>
  <testcase classname="| DP:SUPER.USERNAME | DP:SUPER.PASSWORD | DP:STUDENTS.STUDENT2.FULLNAME | DP:SECTIONS.SECTIONNAME | DP:TEXTBOOK.BOOK | DP:PROJECTASSIGNMENTS.PROJECTUNITS | Y | N | SAM Assignments | Exams | Training | Projects | DP:EXAMASSIGNMENTS.EXAMNAME1 | DP:TRAININGASSIGNMENTS.TRAININGNAME1 | DP:PROJECTASSIGNMENTS.PROJECTASSIGNMENTNAME1 | CMPTR PowerPoint 2013 Chapter 20: SAM Project 1a |" name="And I select DP:PROJECTASSIGNMENTS.PROJECTUNITS Unit for project Assignment" time="0"/>
  <testcase classname="| DP:SUPER.USERNAME | DP:SUPER.PASSWORD | DP:STUDENTS.STUDENT2.FULLNAME | DP:SECTIONS.SECTIONNAME | DP:TEXTBOOK.BOOK | DP:PROJECTASSIGNMENTS.PROJECTUNITS | Y | N | SAM Assignments | Exams | Training | Projects | DP:EXAMASSIGNMENTS.EXAMNAME1 | DP:TRAININGASSIGNMENTS.TRAININGNAME1 | DP:PROJECTASSIGNMENTS.PROJECTASSIGNMENTNAME1 | CMPTR PowerPoint 2013 Chapter 20: SAM Project 1a |" name="And I click on CMPTR PowerPoint 2013 Chapter 20: SAM Project 1a Schedule Assignment icon in Project Scheduling" time="0"/>
  <testcase classname="| DP:SUPER.USERNAME | DP:SUPER.PASSWORD | DP:STUDENTS.STUDENT2.FULLNAME | DP:SECTIONS.SECTIONNAME | DP:TEXTBOOK.BOOK | DP:PROJECTASSIGNMENTS.PROJECTUNITS | Y | N | SAM Assignments | Exams | Training | Projects | DP:EXAMASSIGNMENTS.EXAMNAME1 | DP:TRAININGASSIGNMENTS.TRAININGNAME1 | DP:PROJECTASSIGNMENTS.PROJECTASSIGNMENTNAME1 | CMPTR PowerPoint 2013 Chapter 20: SAM Project 1a |" name="And I enter DP:PROJECTASSIGNMENTS.PROJECTASSIGNMENTNAME1 Y in Assignment Name" time="0"/>
  <testcase classname="| DP:SUPER.USERNAME | DP:SUPER.PASSWORD | DP:STUDENTS.STUDENT2.FULLNAME | DP:SECTIONS.SECTIONNAME | DP:TEXTBOOK.BOOK | DP:PROJECTASSIGNMENTS.PROJECTUNITS | Y | N | SAM Assignments | Exams | Training | Projects | DP:EXAMASSIGNMENTS.EXAMNAME1 | DP:TRAININGASSIGNMENTS.TRAININGNAME1 | DP:PROJECTASSIGNMENTS.PROJECTASSIGNMENTNAME1 | CMPTR PowerPoint 2013 Chapter 20: SAM Project 1a |" name="And I select DP:SECTIONS.SECTIONNAME Y in Select Section drop down" time="0"/>
  <testcase classname="| DP:SUPER.USERNAME | DP:SUPER.PASSWORD | DP:STUDENTS.STUDENT2.FULLNAME | DP:SECTIONS.SECTIONNAME | DP:TEXTBOOK.BOOK | DP:PROJECTASSIGNMENTS.PROJECTUNITS | Y | N | SAM Assignments | Exams | Training | Projects | DP:EXAMASSIGNMENTS.EXAMNAME1 | DP:TRAININGASSIGNMENTS.TRAININGNAME1 | DP:PROJECTASSIGNMENTS.PROJECTASSIGNMENTNAME1 | CMPTR PowerPoint 2013 Chapter 20: SAM Project 1a |" name="And I click on Next Step button" time="0"/>
  <testcase classname="| DP:SUPER.USERNAME | DP:SUPER.PASSWORD | DP:STUDENTS.STUDENT2.FULLNAME | DP:SECTIONS.SECTIONNAME | DP:TEXTBOOK.BOOK | DP:PROJECTASSIGNMENTS.PROJECTUNITS | Y | N | SAM Assignments | Exams | Training | Projects | DP:EXAMASSIGNMENTS.EXAMNAME1 | DP:TRAININGASSIGNMENTS.TRAININGNAME1 | DP:PROJECTASSIGNMENTS.PROJECTASSIGNMENTNAME1 | CMPTR PowerPoint 2013 Chapter 20: SAM Project 1a |" name="And I check DP:STUDENTS.STUDENT2.FULLNAME student in Available Students" time="0"/>
  <testcase classname="| DP:SUPER.USERNAME | DP:SUPER.PASSWORD | DP:STUDENTS.STUDENT2.FULLNAME | DP:SECTIONS.SECTIONNAME | DP:TEXTBOOK.BOOK | DP:PROJECTASSIGNMENTS.PROJECTUNITS | Y | N | SAM Assignments | Exams | Training | Projects | DP:EXAMASSIGNMENTS.EXAMNAME1 | DP:TRAININGASSIGNMENTS.TRAININGNAME1 | DP:PROJECTASSIGNMENTS.PROJECTASSIGNMENTNAME1 | CMPTR PowerPoint 2013 Chapter 20: SAM Project 1a |" name="When I click on Save button" time="0"/>
  <testcase classname="| DP:SUPER.USERNAME | DP:SUPER.PASSWORD | DP:STUDENTS.STUDENT2.FULLNAME | DP:SECTIONS.SECTIONNAME | DP:TEXTBOOK.BOOK | DP:PROJECTASSIGNMENTS.PROJECTUNITS | Y | N | SAM Assignments | Exams | Training | Projects | DP:EXAMASSIGNMENTS.EXAMNAME1 | DP:TRAININGASSIGNMENTS.TRAININGNAME1 | DP:PROJECTASSIGNMENTS.PROJECTASSIGNMENTNAME1 | CMPTR PowerPoint 2013 Chapter 20: SAM Project 1a |" name="Then I see the DP:PROJECTASSIGNMENTS.PROJECTASSIGNMENTNAME1 Y duplicate assignment warning message Popup in Assignment Creation" time="0"/>
  <testcase classname="| DP:SUPER.USERNAME | DP:SUPER.PASSWORD | DP:STUDENTS.STUDENT2.FULLNAME | DP:SECTIONS.SECTIONNAME | DP:TEXTBOOK.BOOK | DP:PROJECTASSIGNMENTS.PROJECTUNITS | Y | N | SAM Assignments | Exams | Training | Projects | DP:EXAMASSIGNMENTS.EXAMNAME1 | DP:TRAININGASSIGNMENTS.TRAININGNAME1 | DP:PROJECTASSIGNMENTS.PROJECTASSIGNMENTNAME1 | CMPTR PowerPoint 2013 Chapter 20: SAM Project 1a |" name="And I click on X icon" time="0"/>
  <testcase classname="| DP:SUPER.USERNAME | DP:SUPER.PASSWORD | DP:STUDENTS.STUDENT2.FULLNAME | DP:SECTIONS.SECTIONNAME | DP:TEXTBOOK.BOOK | DP:PROJECTASSIGNMENTS.PROJECTUNITS | Y | N | SAM Assignments | Exams | Training | Projects | DP:EXAMASSIGNMENTS.EXAMNAME1 | DP:TRAININGASSIGNMENTS.TRAININGNAME1 | DP:PROJECTASSIGNMENTS.PROJECTASSIGNMENTNAME1 | CMPTR PowerPoint 2013 Chapter 20: SAM Project 1a |" name="And I click on Logout button" time="0"/>
  <testcase classname="| DP:SUPER.USERNAME | DP:SUPER.PASSWORD | DP:STUDENTS.STUDENT2.FULLNAME | DP:SECTIONS.SECTIONNAME | DP:TEXTBOOK.BOOK | DP:PROJECTASSIGNMENTS.PROJECTUNITS | Y | N | SAM Assignments | Exams | Training | Projects | DP:EXAMASSIGNMENTS.EXAMNAME1 | DP:TRAININGASSIGNMENTS.TRAININGNAME1 | DP:PROJECTASSIGNMENTS.PROJECTASSIGNMENTNAME1 | CMPTR PowerPoint 2013 Chapter 20: SAM Project 1a |" name="| DP:SUPER.USERNAME | DP:SUPER.PASSWORD | DP:STUDENTS.STUDENT2.FULLNAME | DP:SECTIONS.SECTIONNAME | DP:TEXTBOOK.BOOK | DP:PROJECTASSIGNMENTS.PROJECTUNITS | Y | N | SAM Assignments | Exams | Training | Projects | DP:EXAMASSIGNMENTS.EXAMNAME1 | DP:TRAININGASSIGNMENTS.TRAININGNAME1 | DP:PROJECTASSIGNMENTS.PROJECTASSIGNMENTNAME1 | CMPTR PowerPoint 2013 Chapter 20: SAM Project 1a |" time="0.001"/>
  <testcase classname="| DP:SUPER.USERNAME | DP:SUPER.PASSWORD | DP:SAMPATHASSIGNMENTS.SAMPATHSUBJECT | DP:PROJECTASSIGNMENTS.PROJECTUNITS | DP:EXAMASSIGNMENTS.EXAMNAME2 | DP:SAMPATHASSIGNMENTS.SAMPATHNAME | CMPTR PowerPoint 2013 Chapter 20: SAM Project 1a | DP:SECTIONS.SECTIONNAME | DP:PROJECTASSIGNMENTS.PROJECTSUBJECT | DP:TEXTBOOK.BOOK | Y | N | SAM Assignments | Exams | Training | DP:EXAMASSIGNMENTS.EXAMNAME1 | DP:TRAININGASSIGNMENTS.TRAININGNAME1 | DP:PROJECTASSIGNMENTS.PROJECTASSIGNMENTNAME1 | DP:SAMPATHASSIGNMENTS.SAMPATHNAME | DP:TRAININGASSIGNMENTS.TRAININGNAME2 |" name="Given As a user I see login page of LMS" time="0"/>
  <testcase classname="| DP:SUPER.USERNAME | DP:SUPER.PASSWORD | DP:SAMPATHASSIGNMENTS.SAMPATHSUBJECT | DP:PROJECTASSIGNMENTS.PROJECTUNITS | DP:EXAMASSIGNMENTS.EXAMNAME2 | DP:SAMPATHASSIGNMENTS.SAMPATHNAME | CMPTR PowerPoint 2013 Chapter 20: SAM Project 1a | DP:SECTIONS.SECTIONNAME | DP:PROJECTASSIGNMENTS.PROJECTSUBJECT | DP:TEXTBOOK.BOOK | Y | N | SAM Assignments | Exams | Training | DP:EXAMASSIGNMENTS.EXAMNAME1 | DP:TRAININGASSIGNMENTS.TRAININGNAME1 | DP:PROJECTASSIGNMENTS.PROJECTASSIGNMENTNAME1 | DP:SAMPATHASSIGNMENTS.SAMPATHNAME | DP:TRAININGASSIGNMENTS.TRAININGNAME2 |" name="And I enter DP:SUPER.USERNAME N Username in LMS login page" time="0"/>
  <testcase classname="| DP:SUPER.USERNAME | DP:SUPER.PASSWORD | DP:SAMPATHASSIGNMENTS.SAMPATHSUBJECT | DP:PROJECTASSIGNMENTS.PROJECTUNITS | DP:EXAMASSIGNMENTS.EXAMNAME2 | DP:SAMPATHASSIGNMENTS.SAMPATHNAME | CMPTR PowerPoint 2013 Chapter 20: SAM Project 1a | DP:SECTIONS.SECTIONNAME | DP:PROJECTASSIGNMENTS.PROJECTSUBJECT | DP:TEXTBOOK.BOOK | Y | N | SAM Assignments | Exams | Training | DP:EXAMASSIGNMENTS.EXAMNAME1 | DP:TRAININGASSIGNMENTS.TRAININGNAME1 | DP:PROJECTASSIGNMENTS.PROJECTASSIGNMENTNAME1 | DP:SAMPATHASSIGNMENTS.SAMPATHNAME | DP:TRAININGASSIGNMENTS.TRAININGNAME2 |" name="And I enter DP:SUPER.PASSWORD Password in LMS login page" time="0"/>
  <testcase classname="| DP:SUPER.USERNAME | DP:SUPER.PASSWORD | DP:SAMPATHASSIGNMENTS.SAMPATHSUBJECT | DP:PROJECTASSIGNMENTS.PROJECTUNITS | DP:EXAMASSIGNMENTS.EXAMNAME2 | DP:SAMPATHASSIGNMENTS.SAMPATHNAME | CMPTR PowerPoint 2013 Chapter 20: SAM Project 1a | DP:SECTIONS.SECTIONNAME | DP:PROJECTASSIGNMENTS.PROJECTSUBJECT | DP:TEXTBOOK.BOOK | Y | N | SAM Assignments | Exams | Training | DP:EXAMASSIGNMENTS.EXAMNAME1 | DP:TRAININGASSIGNMENTS.TRAININGNAME1 | DP:PROJECTASSIGNMENTS.PROJECTASSIGNMENTNAME1 | DP:SAMPATHASSIGNMENTS.SAMPATHNAME | DP:TRAININGASSIGNMENTS.TRAININGNAME2 |" name="And I click on Log In button" time="0"/>
  <testcase classname="| DP:SUPER.USERNAME | DP:SUPER.PASSWORD | DP:SAMPATHASSIGNMENTS.SAMPATHSUBJECT | DP:PROJECTASSIGNMENTS.PROJECTUNITS | DP:EXAMASSIGNMENTS.EXAMNAME2 | DP:SAMPATHASSIGNMENTS.SAMPATHNAME | CMPTR PowerPoint 2013 Chapter 20: SAM Project 1a | DP:SECTIONS.SECTIONNAME | DP:PROJECTASSIGNMENTS.PROJECTSUBJECT | DP:TEXTBOOK.BOOK | Y | N | SAM Assignments | Exams | Training | DP:EXAMASSIGNMENTS.EXAMNAME1 | DP:TRAININGASSIGNMENTS.TRAININGNAME1 | DP:PROJECTASSIGNMENTS.PROJECTASSIGNMENTNAME1 | DP:SAMPATHASSIGNMENTS.SAMPATHNAME | DP:TRAININGASSIGNMENTS.TRAININGNAME2 |" name="And I see home page of LMS" time="0"/>
  <testcase classname="| DP:SUPER.USERNAME | DP:SUPER.PASSWORD | DP:SAMPATHASSIGNMENTS.SAMPATHSUBJECT | DP:PROJECTASSIGNMENTS.PROJECTUNITS | DP:EXAMASSIGNMENTS.EXAMNAME2 | DP:SAMPATHASSIGNMENTS.SAMPATHNAME | CMPTR PowerPoint 2013 Chapter 20: SAM Project 1a | DP:SECTIONS.SECTIONNAME | DP:PROJECTASSIGNMENTS.PROJECTSUBJECT | DP:TEXTBOOK.BOOK | Y | N | SAM Assignments | Exams | Training | DP:EXAMASSIGNMENTS.EXAMNAME1 | DP:TRAININGASSIGNMENTS.TRAININGNAME1 | DP:PROJECTASSIGNMENTS.PROJECTASSIGNMENTNAME1 | DP:SAMPATHASSIGNMENTS.SAMPATHNAME | DP:TRAININGASSIGNMENTS.TRAININGNAME2 |" name="And I click on SAM Assignments tab" time="0"/>
  <testcase classname="| DP:SUPER.USERNAME | DP:SUPER.PASSWORD | DP:SAMPATHASSIGNMENTS.SAMPATHSUBJECT | DP:PROJECTASSIGNMENTS.PROJECTUNITS | DP:EXAMASSIGNMENTS.EXAMNAME2 | DP:SAMPATHASSIGNMENTS.SAMPATHNAME | CMPTR PowerPoint 2013 Chapter 20: SAM Project 1a | DP:SECTIONS.SECTIONNAME | DP:PROJECTASSIGNMENTS.PROJECTSUBJECT | DP:TEXTBOOK.BOOK | Y | N | SAM Assignments | Exams | Training | DP:EXAMASSIGNMENTS.EXAMNAME1 | DP:TRAININGASSIGNMENTS.TRAININGNAME1 | DP:PROJECTASSIGNMENTS.PROJECTASSIGNMENTNAME1 | DP:SAMPATHASSIGNMENTS.SAMPATHNAME | DP:TRAININGASSIGNMENTS.TRAININGNAME2 |" name="And I see DP:PROJECTASSIGNMENTS.PROJECTASSIGNMENTNAME1 Y in Exams page" time="0"/>
  <testcase classname="| DP:SUPER.USERNAME | DP:SUPER.PASSWORD | DP:SAMPATHASSIGNMENTS.SAMPATHSUBJECT | DP:PROJECTASSIGNMENTS.PROJECTUNITS | DP:EXAMASSIGNMENTS.EXAMNAME2 | DP:SAMPATHASSIGNMENTS.SAMPATHNAME | CMPTR PowerPoint 2013 Chapter 20: SAM Project 1a | DP:SECTIONS.SECTIONNAME | DP:PROJECTASSIGNMENTS.PROJECTSUBJECT | DP:TEXTBOOK.BOOK | Y | N | SAM Assignments | Exams | Training | DP:EXAMASSIGNMENTS.EXAMNAME1 | DP:TRAININGASSIGNMENTS.TRAININGNAME1 | DP:PROJECTASSIGNMENTS.PROJECTASSIGNMENTNAME1 | DP:SAMPATHASSIGNMENTS.SAMPATHNAME | DP:TRAININGASSIGNMENTS.TRAININGNAME2 |" name="And I click on DP:PROJECTASSIGNMENTS.PROJECTASSIGNMENTNAME1 Y Deactivate icon" time="0"/>
  <testcase classname="| DP:SUPER.USERNAME | DP:SUPER.PASSWORD | DP:SAMPATHASSIGNMENTS.SAMPATHSUBJECT | DP:PROJECTASSIGNMENTS.PROJECTUNITS | DP:EXAMASSIGNMENTS.EXAMNAME2 | DP:SAMPATHASSIGNMENTS.SAMPATHNAME | CMPTR PowerPoint 2013 Chapter 20: SAM Project 1a | DP:SECTIONS.SECTIONNAME | DP:PROJECTASSIGNMENTS.PROJECTSUBJECT | DP:TEXTBOOK.BOOK | Y | N | SAM Assignments | Exams | Training | DP:EXAMASSIGNMENTS.EXAMNAME1 | DP:TRAININGASSIGNMENTS.TRAININGNAME1 | DP:PROJECTASSIGNMENTS.PROJECTASSIGNMENTNAME1 | DP:SAMPATHASSIGNMENTS.SAMPATHNAME | DP:TRAININGASSIGNMENTS.TRAININGNAME2 |" name="And I click on OK button in popup" time="0"/>
  <testcase classname="| DP:SUPER.USERNAME | DP:SUPER.PASSWORD | DP:SAMPATHASSIGNMENTS.SAMPATHSUBJECT | DP:PROJECTASSIGNMENTS.PROJECTUNITS | DP:EXAMASSIGNMENTS.EXAMNAME2 | DP:SAMPATHASSIGNMENTS.SAMPATHNAME | CMPTR PowerPoint 2013 Chapter 20: SAM Project 1a | DP:SECTIONS.SECTIONNAME | DP:PROJECTASSIGNMENTS.PROJECTSUBJECT | DP:TEXTBOOK.BOOK | Y | N | SAM Assignments | Exams | Training | DP:EXAMASSIGNMENTS.EXAMNAME1 | DP:TRAININGASSIGNMENTS.TRAININGNAME1 | DP:PROJECTASSIGNMENTS.PROJECTASSIGNMENTNAME1 | DP:SAMPATHASSIGNMENTS.SAMPATHNAME | DP:TRAININGASSIGNMENTS.TRAININGNAME2 |" name="And I see DP:SAMPATHASSIGNMENTS.SAMPATHNAME Y in Exams page" time="0"/>
  <testcase classname="| DP:SUPER.USERNAME | DP:SUPER.PASSWORD | DP:SAMPATHASSIGNMENTS.SAMPATHSUBJECT | DP:PROJECTASSIGNMENTS.PROJECTUNITS | DP:EXAMASSIGNMENTS.EXAMNAME2 | DP:SAMPATHASSIGNMENTS.SAMPATHNAME | CMPTR PowerPoint 2013 Chapter 20: SAM Project 1a | DP:SECTIONS.SECTIONNAME | DP:PROJECTASSIGNMENTS.PROJECTSUBJECT | DP:TEXTBOOK.BOOK | Y | N | SAM Assignments | Exams | Training | DP:EXAMASSIGNMENTS.EXAMNAME1 | DP:TRAININGASSIGNMENTS.TRAININGNAME1 | DP:PROJECTASSIGNMENTS.PROJECTASSIGNMENTNAME1 | DP:SAMPATHASSIGNMENTS.SAMPATHNAME | DP:TRAININGASSIGNMENTS.TRAININGNAME2 |" name="And I click on DP:SAMPATHASSIGNMENTS.SAMPATHNAME Y Deactivate icon" time="0"/>
  <testcase classname="| DP:SUPER.USERNAME | DP:SUPER.PASSWORD | DP:SAMPATHASSIGNMENTS.SAMPATHSUBJECT | DP:PROJECTASSIGNMENTS.PROJECTUNITS | DP:EXAMASSIGNMENTS.EXAMNAME2 | DP:SAMPATHASSIGNMENTS.SAMPATHNAME | CMPTR PowerPoint 2013 Chapter 20: SAM Project 1a | DP:SECTIONS.SECTIONNAME | DP:PROJECTASSIGNMENTS.PROJECTSUBJECT | DP:TEXTBOOK.BOOK | Y | N | SAM Assignments | Exams | Training | DP:EXAMASSIGNMENTS.EXAMNAME1 | DP:TRAININGASSIGNMENTS.TRAININGNAME1 | DP:PROJECTASSIGNMENTS.PROJECTASSIGNMENTNAME1 | DP:SAMPATHASSIGNMENTS.SAMPATHNAME | DP:TRAININGASSIGNMENTS.TRAININGNAME2 |" name="And I click on OK button in popup" time="0"/>
  <testcase classname="| DP:SUPER.USERNAME | DP:SUPER.PASSWORD | DP:SAMPATHASSIGNMENTS.SAMPATHSUBJECT | DP:PROJECTASSIGNMENTS.PROJECTUNITS | DP:EXAMASSIGNMENTS.EXAMNAME2 | DP:SAMPATHASSIGNMENTS.SAMPATHNAME | CMPTR PowerPoint 2013 Chapter 20: SAM Project 1a | DP:SECTIONS.SECTIONNAME | DP:PROJECTASSIGNMENTS.PROJECTSUBJECT | DP:TEXTBOOK.BOOK | Y | N | SAM Assignments | Exams | Training | DP:EXAMASSIGNMENTS.EXAMNAME1 | DP:TRAININGASSIGNMENTS.TRAININGNAME1 | DP:PROJECTASSIGNMENTS.PROJECTASSIGNMENTNAME1 | DP:SAMPATHASSIGNMENTS.SAMPATHNAME | DP:TRAININGASSIGNMENTS.TRAININGNAME2 |" name="And I click on Exams tab" time="0.001"/>
  <testcase classname="| DP:SUPER.USERNAME | DP:SUPER.PASSWORD | DP:SAMPATHASSIGNMENTS.SAMPATHSUBJECT | DP:PROJECTASSIGNMENTS.PROJECTUNITS | DP:EXAMASSIGNMENTS.EXAMNAME2 | DP:SAMPATHASSIGNMENTS.SAMPATHNAME | CMPTR PowerPoint 2013 Chapter 20: SAM Project 1a | DP:SECTIONS.SECTIONNAME | DP:PROJECTASSIGNMENTS.PROJECTSUBJECT | DP:TEXTBOOK.BOOK | Y | N | SAM Assignments | Exams | Training | DP:EXAMASSIGNMENTS.EXAMNAME1 | DP:TRAININGASSIGNMENTS.TRAININGNAME1 | DP:PROJECTASSIGNMENTS.PROJECTASSIGNMENTNAME1 | DP:SAMPATHASSIGNMENTS.SAMPATHNAME | DP:TRAININGASSIGNMENTS.TRAININGNAME2 |" name="And I see DP:EXAMASSIGNMENTS.EXAMNAME1 Y in Exams page" time="0"/>
  <testcase classname="| DP:SUPER.USERNAME | DP:SUPER.PASSWORD | DP:SAMPATHASSIGNMENTS.SAMPATHSUBJECT | DP:PROJECTASSIGNMENTS.PROJECTUNITS | DP:EXAMASSIGNMENTS.EXAMNAME2 | DP:SAMPATHASSIGNMENTS.SAMPATHNAME | CMPTR PowerPoint 2013 Chapter 20: SAM Project 1a | DP:SECTIONS.SECTIONNAME | DP:PROJECTASSIGNMENTS.PROJECTSUBJECT | DP:TEXTBOOK.BOOK | Y | N | SAM Assignments | Exams | Training | DP:EXAMASSIGNMENTS.EXAMNAME1 | DP:TRAININGASSIGNMENTS.TRAININGNAME1 | DP:PROJECTASSIGNMENTS.PROJECTASSIGNMENTNAME1 | DP:SAMPATHASSIGNMENTS.SAMPATHNAME | DP:TRAININGASSIGNMENTS.TRAININGNAME2 |" name="And I click on DP:EXAMASSIGNMENTS.EXAMNAME1 Y Deactivate icon" time="0"/>
  <testcase classname="| DP:SUPER.USERNAME | DP:SUPER.PASSWORD | DP:SAMPATHASSIGNMENTS.SAMPATHSUBJECT | DP:PROJECTASSIGNMENTS.PROJECTUNITS | DP:EXAMASSIGNMENTS.EXAMNAME2 | DP:SAMPATHASSIGNMENTS.SAMPATHNAME | CMPTR PowerPoint 2013 Chapter 20: SAM Project 1a | DP:SECTIONS.SECTIONNAME | DP:PROJECTASSIGNMENTS.PROJECTSUBJECT | DP:TEXTBOOK.BOOK | Y | N | SAM Assignments | Exams | Training | DP:EXAMASSIGNMENTS.EXAMNAME1 | DP:TRAININGASSIGNMENTS.TRAININGNAME1 | DP:PROJECTASSIGNMENTS.PROJECTASSIGNMENTNAME1 | DP:SAMPATHASSIGNMENTS.SAMPATHNAME | DP:TRAININGASSIGNMENTS.TRAININGNAME2 |" name="And I click on OK button in popup" time="0"/>
  <testcase classname="| DP:SUPER.USERNAME | DP:SUPER.PASSWORD | DP:SAMPATHASSIGNMENTS.SAMPATHSUBJECT | DP:PROJECTASSIGNMENTS.PROJECTUNITS | DP:EXAMASSIGNMENTS.EXAMNAME2 | DP:SAMPATHASSIGNMENTS.SAMPATHNAME | CMPTR PowerPoint 2013 Chapter 20: SAM Project 1a | DP:SECTIONS.SECTIONNAME | DP:PROJECTASSIGNMENTS.PROJECTSUBJECT | DP:TEXTBOOK.BOOK | Y | N | SAM Assignments | Exams | Training | DP:EXAMASSIGNMENTS.EXAMNAME1 | DP:TRAININGASSIGNMENTS.TRAININGNAME1 | DP:PROJECTASSIGNMENTS.PROJECTASSIGNMENTNAME1 | DP:SAMPATHASSIGNMENTS.SAMPATHNAME | DP:TRAININGASSIGNMENTS.TRAININGNAME2 |" name="And I click on Training tab" time="0"/>
  <testcase classname="| DP:SUPER.USERNAME | DP:SUPER.PASSWORD | DP:SAMPATHASSIGNMENTS.SAMPATHSUBJECT | DP:PROJECTASSIGNMENTS.PROJECTUNITS | DP:EXAMASSIGNMENTS.EXAMNAME2 | DP:SAMPATHASSIGNMENTS.SAMPATHNAME | CMPTR PowerPoint 2013 Chapter 20: SAM Project 1a | DP:SECTIONS.SECTIONNAME | DP:PROJECTASSIGNMENTS.PROJECTSUBJECT | DP:TEXTBOOK.BOOK | Y | N | SAM Assignments | Exams | Training | DP:EXAMASSIGNMENTS.EXAMNAME1 | DP:TRAININGASSIGNMENTS.TRAININGNAME1 | DP:PROJECTASSIGNMENTS.PROJECTASSIGNMENTNAME1 | DP:SAMPATHASSIGNMENTS.SAMPATHNAME | DP:TRAININGASSIGNMENTS.TRAININGNAME2 |" name="And I see DP:TRAININGASSIGNMENTS.TRAININGNAME1 Y in Exams page" time="0"/>
  <testcase classname="| DP:SUPER.USERNAME | DP:SUPER.PASSWORD | DP:SAMPATHASSIGNMENTS.SAMPATHSUBJECT | DP:PROJECTASSIGNMENTS.PROJECTUNITS | DP:EXAMASSIGNMENTS.EXAMNAME2 | DP:SAMPATHASSIGNMENTS.SAMPATHNAME | CMPTR PowerPoint 2013 Chapter 20: SAM Project 1a | DP:SECTIONS.SECTIONNAME | DP:PROJECTASSIGNMENTS.PROJECTSUBJECT | DP:TEXTBOOK.BOOK | Y | N | SAM Assignments | Exams | Training | DP:EXAMASSIGNMENTS.EXAMNAME1 | DP:TRAININGASSIGNMENTS.TRAININGNAME1 | DP:PROJECTASSIGNMENTS.PROJECTASSIGNMENTNAME1 | DP:SAMPATHASSIGNMENTS.SAMPATHNAME | DP:TRAININGASSIGNMENTS.TRAININGNAME2 |" name="And I click on DP:TRAININGASSIGNMENTS.TRAININGNAME1 Y Deactivate icon" time="0"/>
  <testcase classname="| DP:SUPER.USERNAME | DP:SUPER.PASSWORD | DP:SAMPATHASSIGNMENTS.SAMPATHSUBJECT | DP:PROJECTASSIGNMENTS.PROJECTUNITS | DP:EXAMASSIGNMENTS.EXAMNAME2 | DP:SAMPATHASSIGNMENTS.SAMPATHNAME | CMPTR PowerPoint 2013 Chapter 20: SAM Project 1a | DP:SECTIONS.SECTIONNAME | DP:PROJECTASSIGNMENTS.PROJECTSUBJECT | DP:TEXTBOOK.BOOK | Y | N | SAM Assignments | Exams | Training | DP:EXAMASSIGNMENTS.EXAMNAME1 | DP:TRAININGASSIGNMENTS.TRAININGNAME1 | DP:PROJECTASSIGNMENTS.PROJECTASSIGNMENTNAME1 | DP:SAMPATHASSIGNMENTS.SAMPATHNAME | DP:TRAININGASSIGNMENTS.TRAININGNAME2 |" name="And I click on OK button in popup" time="0"/>
  <testcase classname="| DP:SUPER.USERNAME | DP:SUPER.PASSWORD | DP:SAMPATHASSIGNMENTS.SAMPATHSUBJECT | DP:PROJECTASSIGNMENTS.PROJECTUNITS | DP:EXAMASSIGNMENTS.EXAMNAME2 | DP:SAMPATHASSIGNMENTS.SAMPATHNAME | CMPTR PowerPoint 2013 Chapter 20: SAM Project 1a | DP:SECTIONS.SECTIONNAME | DP:PROJECTASSIGNMENTS.PROJECTSUBJECT | DP:TEXTBOOK.BOOK | Y | N | SAM Assignments | Exams | Training | DP:EXAMASSIGNMENTS.EXAMNAME1 | DP:TRAININGASSIGNMENTS.TRAININGNAME1 | DP:PROJECTASSIGNMENTS.PROJECTASSIGNMENTNAME1 | DP:SAMPATHASSIGNMENTS.SAMPATHNAME | DP:TRAININGASSIGNMENTS.TRAININGNAME2 |" name="And I click on SAM Assignments tab" time="0"/>
  <testcase classname="| DP:SUPER.USERNAME | DP:SUPER.PASSWORD | DP:SAMPATHASSIGNMENTS.SAMPATHSUBJECT | DP:PROJECTASSIGNMENTS.PROJECTUNITS | DP:EXAMASSIGNMENTS.EXAMNAME2 | DP:SAMPATHASSIGNMENTS.SAMPATHNAME | CMPTR PowerPoint 2013 Chapter 20: SAM Project 1a | DP:SECTIONS.SECTIONNAME | DP:PROJECTASSIGNMENTS.PROJECTSUBJECT | DP:TEXTBOOK.BOOK | Y | N | SAM Assignments | Exams | Training | DP:EXAMASSIGNMENTS.EXAMNAME1 | DP:TRAININGASSIGNMENTS.TRAININGNAME1 | DP:PROJECTASSIGNMENTS.PROJECTASSIGNMENTNAME1 | DP:SAMPATHASSIGNMENTS.SAMPATHNAME | DP:TRAININGASSIGNMENTS.TRAININGNAME2 |" name="And I click on Schedule New button" time="0"/>
  <testcase classname="| DP:SUPER.USERNAME | DP:SUPER.PASSWORD | DP:SAMPATHASSIGNMENTS.SAMPATHSUBJECT | DP:PROJECTASSIGNMENTS.PROJECTUNITS | DP:EXAMASSIGNMENTS.EXAMNAME2 | DP:SAMPATHASSIGNMENTS.SAMPATHNAME | CMPTR PowerPoint 2013 Chapter 20: SAM Project 1a | DP:SECTIONS.SECTIONNAME | DP:PROJECTASSIGNMENTS.PROJECTSUBJECT | DP:TEXTBOOK.BOOK | Y | N | SAM Assignments | Exams | Training | DP:EXAMASSIGNMENTS.EXAMNAME1 | DP:TRAININGASSIGNMENTS.TRAININGNAME1 | DP:PROJECTASSIGNMENTS.PROJECTASSIGNMENTNAME1 | DP:SAMPATHASSIGNMENTS.SAMPATHNAME | DP:TRAININGASSIGNMENTS.TRAININGNAME2 |" name="And I click on Training button in Select Assignment Type page" time="0"/>
  <testcase classname="| DP:SUPER.USERNAME | DP:SUPER.PASSWORD | DP:SAMPATHASSIGNMENTS.SAMPATHSUBJECT | DP:PROJECTASSIGNMENTS.PROJECTUNITS | DP:EXAMASSIGNMENTS.EXAMNAME2 | DP:SAMPATHASSIGNMENTS.SAMPATHNAME | CMPTR PowerPoint 2013 Chapter 20: SAM Project 1a | DP:SECTIONS.SECTIONNAME | DP:PROJECTASSIGNMENTS.PROJECTSUBJECT | DP:TEXTBOOK.BOOK | Y | N | SAM Assignments | Exams | Training | DP:EXAMASSIGNMENTS.EXAMNAME1 | DP:TRAININGASSIGNMENTS.TRAININGNAME1 | DP:PROJECTASSIGNMENTS.PROJECTASSIGNMENTNAME1 | DP:SAMPATHASSIGNMENTS.SAMPATHNAME | DP:TRAININGASSIGNMENTS.TRAININGNAME2 |" name="And I click on Exam button in Select Assignment Type page" time="0"/>
  <testcase classname="| DP:SUPER.USERNAME | DP:SUPER.PASSWORD | DP:SAMPATHASSIGNMENTS.SAMPATHSUBJECT | DP:PROJECTASSIGNMENTS.PROJECTUNITS | DP:EXAMASSIGNMENTS.EXAMNAME2 | DP:SAMPATHASSIGNMENTS.SAMPATHNAME | CMPTR PowerPoint 2013 Chapter 20: SAM Project 1a | DP:SECTIONS.SECTIONNAME | DP:PROJECTASSIGNMENTS.PROJECTSUBJECT | DP:TEXTBOOK.BOOK | Y | N | SAM Assignments | Exams | Training | DP:EXAMASSIGNMENTS.EXAMNAME1 | DP:TRAININGASSIGNMENTS.TRAININGNAME1 | DP:PROJECTASSIGNMENTS.PROJECTASSIGNMENTNAME1 | DP:SAMPATHASSIGNMENTS.SAMPATHNAME | DP:TRAININGASSIGNMENTS.TRAININGNAME2 |" name="And I select DP:SAMPATHASSIGNMENTS.SAMPATHSUBJECT in Subject drop down" time="0"/>
  <testcase classname="| DP:SUPER.USERNAME | DP:SUPER.PASSWORD | DP:SAMPATHASSIGNMENTS.SAMPATHSUBJECT | DP:PROJECTASSIGNMENTS.PROJECTUNITS | DP:EXAMASSIGNMENTS.EXAMNAME2 | DP:SAMPATHASSIGNMENTS.SAMPATHNAME | CMPTR PowerPoint 2013 Chapter 20: SAM Project 1a | DP:SECTIONS.SECTIONNAME | DP:PROJECTASSIGNMENTS.PROJECTSUBJECT | DP:TEXTBOOK.BOOK | Y | N | SAM Assignments | Exams | Training | DP:EXAMASSIGNMENTS.EXAMNAME1 | DP:TRAININGASSIGNMENTS.TRAININGNAME1 | DP:PROJECTASSIGNMENTS.PROJECTASSIGNMENTNAME1 | DP:SAMPATHASSIGNMENTS.SAMPATHNAME | DP:TRAININGASSIGNMENTS.TRAININGNAME2 |" name="And I select DP:EXAMASSIGNMENTS.EXAMNAME2 Y in Exam Name" time="0"/>
  <testcase classname="| DP:SUPER.USERNAME | DP:SUPER.PASSWORD | DP:SAMPATHASSIGNMENTS.SAMPATHSUBJECT | DP:PROJECTASSIGNMENTS.PROJECTUNITS | DP:EXAMASSIGNMENTS.EXAMNAME2 | DP:SAMPATHASSIGNMENTS.SAMPATHNAME | CMPTR PowerPoint 2013 Chapter 20: SAM Project 1a | DP:SECTIONS.SECTIONNAME | DP:PROJECTASSIGNMENTS.PROJECTSUBJECT | DP:TEXTBOOK.BOOK | Y | N | SAM Assignments | Exams | Training | DP:EXAMASSIGNMENTS.EXAMNAME1 | DP:TRAININGASSIGNMENTS.TRAININGNAME1 | DP:PROJECTASSIGNMENTS.PROJECTASSIGNMENTNAME1 | DP:SAMPATHASSIGNMENTS.SAMPATHNAME | DP:TRAININGASSIGNMENTS.TRAININGNAME2 |" name="And I click on Next Step button" time="0"/>
  <testcase classname="| DP:SUPER.USERNAME | DP:SUPER.PASSWORD | DP:SAMPATHASSIGNMENTS.SAMPATHSUBJECT | DP:PROJECTASSIGNMENTS.PROJECTUNITS | DP:EXAMASSIGNMENTS.EXAMNAME2 | DP:SAMPATHASSIGNMENTS.SAMPATHNAME | CMPTR PowerPoint 2013 Chapter 20: SAM Project 1a | DP:SECTIONS.SECTIONNAME | DP:PROJECTASSIGNMENTS.PROJECTSUBJECT | DP:TEXTBOOK.BOOK | Y | N | SAM Assignments | Exams | Training | DP:EXAMASSIGNMENTS.EXAMNAME1 | DP:TRAININGASSIGNMENTS.TRAININGNAME1 | DP:PROJECTASSIGNMENTS.PROJECTASSIGNMENTNAME1 | DP:SAMPATHASSIGNMENTS.SAMPATHNAME | DP:TRAININGASSIGNMENTS.TRAININGNAME2 |" name="And I enter DP:EXAMASSIGNMENTS.EXAMNAME1 Y in Assignment Name" time="0"/>
  <testcase classname="| DP:SUPER.USERNAME | DP:SUPER.PASSWORD | DP:SAMPATHASSIGNMENTS.SAMPATHSUBJECT | DP:PROJECTASSIGNMENTS.PROJECTUNITS | DP:EXAMASSIGNMENTS.EXAMNAME2 | DP:SAMPATHASSIGNMENTS.SAMPATHNAME | CMPTR PowerPoint 2013 Chapter 20: SAM Project 1a | DP:SECTIONS.SECTIONNAME | DP:PROJECTASSIGNMENTS.PROJECTSUBJECT | DP:TEXTBOOK.BOOK | Y | N | SAM Assignments | Exams | Training | DP:EXAMASSIGNMENTS.EXAMNAME1 | DP:TRAININGASSIGNMENTS.TRAININGNAME1 | DP:PROJECTASSIGNMENTS.PROJECTASSIGNMENTNAME1 | DP:SAMPATHASSIGNMENTS.SAMPATHNAME | DP:TRAININGASSIGNMENTS.TRAININGNAME2 |" name="And I click on section drop down" time="0"/>
  <testcase classname="| DP:SUPER.USERNAME | DP:SUPER.PASSWORD | DP:SAMPATHASSIGNMENTS.SAMPATHSUBJECT | DP:PROJECTASSIGNMENTS.PROJECTUNITS | DP:EXAMASSIGNMENTS.EXAMNAME2 | DP:SAMPATHASSIGNMENTS.SAMPATHNAME | CMPTR PowerPoint 2013 Chapter 20: SAM Project 1a | DP:SECTIONS.SECTIONNAME | DP:PROJECTASSIGNMENTS.PROJECTSUBJECT | DP:TEXTBOOK.BOOK | Y | N | SAM Assignments | Exams | Training | DP:EXAMASSIGNMENTS.EXAMNAME1 | DP:TRAININGASSIGNMENTS.TRAININGNAME1 | DP:PROJECTASSIGNMENTS.PROJECTASSIGNMENTNAME1 | DP:SAMPATHASSIGNMENTS.SAMPATHNAME | DP:TRAININGASSIGNMENTS.TRAININGNAME2 |" name="And I check DP:SECTIONS.SECTIONNAME Y in Select section drop down" time="0"/>
  <testcase classname="| DP:SUPER.USERNAME | DP:SUPER.PASSWORD | DP:SAMPATHASSIGNMENTS.SAMPATHSUBJECT | DP:PROJECTASSIGNMENTS.PROJECTUNITS | DP:EXAMASSIGNMENTS.EXAMNAME2 | DP:SAMPATHASSIGNMENTS.SAMPATHNAME | CMPTR PowerPoint 2013 Chapter 20: SAM Project 1a | DP:SECTIONS.SECTIONNAME | DP:PROJECTASSIGNMENTS.PROJECTSUBJECT | DP:TEXTBOOK.BOOK | Y | N | SAM Assignments | Exams | Training | DP:EXAMASSIGNMENTS.EXAMNAME1 | DP:TRAININGASSIGNMENTS.TRAININGNAME1 | DP:PROJECTASSIGNMENTS.PROJECTASSIGNMENTNAME1 | DP:SAMPATHASSIGNMENTS.SAMPATHNAME | DP:TRAININGASSIGNMENTS.TRAININGNAME2 |" name="And I click on section drop down" time="0"/>
  <testcase classname="| DP:SUPER.USERNAME | DP:SUPER.PASSWORD | DP:SAMPATHASSIGNMENTS.SAMPATHSUBJECT | DP:PROJECTASSIGNMENTS.PROJECTUNITS | DP:EXAMASSIGNMENTS.EXAMNAME2 | DP:SAMPATHASSIGNMENTS.SAMPATHNAME | CMPTR PowerPoint 2013 Chapter 20: SAM Project 1a | DP:SECTIONS.SECTIONNAME | DP:PROJECTASSIGNMENTS.PROJECTSUBJECT | DP:TEXTBOOK.BOOK | Y | N | SAM Assignments | Exams | Training | DP:EXAMASSIGNMENTS.EXAMNAME1 | DP:TRAININGASSIGNMENTS.TRAININGNAME1 | DP:PROJECTASSIGNMENTS.PROJECTASSIGNMENTNAME1 | DP:SAMPATHASSIGNMENTS.SAMPATHNAME | DP:TRAININGASSIGNMENTS.TRAININGNAME2 |" name="And I click on Save button" time="0"/>
  <testcase classname="| DP:SUPER.USERNAME | DP:SUPER.PASSWORD | DP:SAMPATHASSIGNMENTS.SAMPATHSUBJECT | DP:PROJECTASSIGNMENTS.PROJECTUNITS | DP:EXAMASSIGNMENTS.EXAMNAME2 | DP:SAMPATHASSIGNMENTS.SAMPATHNAME | CMPTR PowerPoint 2013 Chapter 20: SAM Project 1a | DP:SECTIONS.SECTIONNAME | DP:PROJECTASSIGNMENTS.PROJECTSUBJECT | DP:TEXTBOOK.BOOK | Y | N | SAM Assignments | Exams | Training | DP:EXAMASSIGNMENTS.EXAMNAME1 | DP:TRAININGASSIGNMENTS.TRAININGNAME1 | DP:PROJECTASSIGNMENTS.PROJECTASSIGNMENTNAME1 | DP:SAMPATHASSIGNMENTS.SAMPATHNAME | DP:TRAININGASSIGNMENTS.TRAININGNAME2 |" name="And I see the DP:EXAMASSIGNMENTS.EXAMNAME1 Y duplicate assignment warning message Popup in Assignment Creation" time="0"/>
  <testcase classname="| DP:SUPER.USERNAME | DP:SUPER.PASSWORD | DP:SAMPATHASSIGNMENTS.SAMPATHSUBJECT | DP:PROJECTASSIGNMENTS.PROJECTUNITS | DP:EXAMASSIGNMENTS.EXAMNAME2 | DP:SAMPATHASSIGNMENTS.SAMPATHNAME | CMPTR PowerPoint 2013 Chapter 20: SAM Project 1a | DP:SECTIONS.SECTIONNAME | DP:PROJECTASSIGNMENTS.PROJECTSUBJECT | DP:TEXTBOOK.BOOK | Y | N | SAM Assignments | Exams | Training | DP:EXAMASSIGNMENTS.EXAMNAME1 | DP:TRAININGASSIGNMENTS.TRAININGNAME1 | DP:PROJECTASSIGNMENTS.PROJECTASSIGNMENTNAME1 | DP:SAMPATHASSIGNMENTS.SAMPATHNAME | DP:TRAININGASSIGNMENTS.TRAININGNAME2 |" name="And I click on X icon" time="0"/>
  <testcase classname="| DP:SUPER.USERNAME | DP:SUPER.PASSWORD | DP:SAMPATHASSIGNMENTS.SAMPATHSUBJECT | DP:PROJECTASSIGNMENTS.PROJECTUNITS | DP:EXAMASSIGNMENTS.EXAMNAME2 | DP:SAMPATHASSIGNMENTS.SAMPATHNAME | CMPTR PowerPoint 2013 Chapter 20: SAM Project 1a | DP:SECTIONS.SECTIONNAME | DP:PROJECTASSIGNMENTS.PROJECTSUBJECT | DP:TEXTBOOK.BOOK | Y | N | SAM Assignments | Exams | Training | DP:EXAMASSIGNMENTS.EXAMNAME1 | DP:TRAININGASSIGNMENTS.TRAININGNAME1 | DP:PROJECTASSIGNMENTS.PROJECTASSIGNMENTNAME1 | DP:SAMPATHASSIGNMENTS.SAMPATHNAME | DP:TRAININGASSIGNMENTS.TRAININGNAME2 |" name="And I click on SAM Assignments tab" time="0"/>
  <testcase classname="| DP:SUPER.USERNAME | DP:SUPER.PASSWORD | DP:SAMPATHASSIGNMENTS.SAMPATHSUBJECT | DP:PROJECTASSIGNMENTS.PROJECTUNITS | DP:EXAMASSIGNMENTS.EXAMNAME2 | DP:SAMPATHASSIGNMENTS.SAMPATHNAME | CMPTR PowerPoint 2013 Chapter 20: SAM Project 1a | DP:SECTIONS.SECTIONNAME | DP:PROJECTASSIGNMENTS.PROJECTSUBJECT | DP:TEXTBOOK.BOOK | Y | N | SAM Assignments | Exams | Training | DP:EXAMASSIGNMENTS.EXAMNAME1 | DP:TRAININGASSIGNMENTS.TRAININGNAME1 | DP:PROJECTASSIGNMENTS.PROJECTASSIGNMENTNAME1 | DP:SAMPATHASSIGNMENTS.SAMPATHNAME | DP:TRAININGASSIGNMENTS.TRAININGNAME2 |" name="And I click on Schedule New button" time="0"/>
  <testcase classname="| DP:SUPER.USERNAME | DP:SUPER.PASSWORD | DP:SAMPATHASSIGNMENTS.SAMPATHSUBJECT | DP:PROJECTASSIGNMENTS.PROJECTUNITS | DP:EXAMASSIGNMENTS.EXAMNAME2 | DP:SAMPATHASSIGNMENTS.SAMPATHNAME | CMPTR PowerPoint 2013 Chapter 20: SAM Project 1a | DP:SECTIONS.SECTIONNAME | DP:PROJECTASSIGNMENTS.PROJECTSUBJECT | DP:TEXTBOOK.BOOK | Y | N | SAM Assignments | Exams | Training | DP:EXAMASSIGNMENTS.EXAMNAME1 | DP:TRAININGASSIGNMENTS.TRAININGNAME1 | DP:PROJECTASSIGNMENTS.PROJECTASSIGNMENTNAME1 | DP:SAMPATHASSIGNMENTS.SAMPATHNAME | DP:TRAININGASSIGNMENTS.TRAININGNAME2 |" name="And I click on Project button in Select Assignment Type page" time="0"/>
  <testcase classname="| DP:SUPER.USERNAME | DP:SUPER.PASSWORD | DP:SAMPATHASSIGNMENTS.SAMPATHSUBJECT | DP:PROJECTASSIGNMENTS.PROJECTUNITS | DP:EXAMASSIGNMENTS.EXAMNAME2 | DP:SAMPATHASSIGNMENTS.SAMPATHNAME | CMPTR PowerPoint 2013 Chapter 20: SAM Project 1a | DP:SECTIONS.SECTIONNAME | DP:PROJECTASSIGNMENTS.PROJECTSUBJECT | DP:TEXTBOOK.BOOK | Y | N | SAM Assignments | Exams | Training | DP:EXAMASSIGNMENTS.EXAMNAME1 | DP:TRAININGASSIGNMENTS.TRAININGNAME1 | DP:PROJECTASSIGNMENTS.PROJECTASSIGNMENTNAME1 | DP:SAMPATHASSIGNMENTS.SAMPATHNAME | DP:TRAININGASSIGNMENTS.TRAININGNAME2 |" name="And I select DP:TEXTBOOK.BOOK in Textbook drop down" time="0"/>
  <testcase classname="| DP:SUPER.USERNAME | DP:SUPER.PASSWORD | DP:SAMPATHASSIGNMENTS.SAMPATHSUBJECT | DP:PROJECTASSIGNMENTS.PROJECTUNITS | DP:EXAMASSIGNMENTS.EXAMNAME2 | DP:SAMPATHASSIGNMENTS.SAMPATHNAME | CMPTR PowerPoint 2013 Chapter 20: SAM Project 1a | DP:SECTIONS.SECTIONNAME | DP:PROJECTASSIGNMENTS.PROJECTSUBJECT | DP:TEXTBOOK.BOOK | Y | N | SAM Assignments | Exams | Training | DP:EXAMASSIGNMENTS.EXAMNAME1 | DP:TRAININGASSIGNMENTS.TRAININGNAME1 | DP:PROJECTASSIGNMENTS.PROJECTASSIGNMENTNAME1 | DP:SAMPATHASSIGNMENTS.SAMPATHNAME | DP:TRAININGASSIGNMENTS.TRAININGNAME2 |" name="And I select DP:PROJECTASSIGNMENTS.PROJECTUNITS in Unit drop down" time="0"/>
  <testcase classname="| DP:SUPER.USERNAME | DP:SUPER.PASSWORD | DP:SAMPATHASSIGNMENTS.SAMPATHSUBJECT | DP:PROJECTASSIGNMENTS.PROJECTUNITS | DP:EXAMASSIGNMENTS.EXAMNAME2 | DP:SAMPATHASSIGNMENTS.SAMPATHNAME | CMPTR PowerPoint 2013 Chapter 20: SAM Project 1a | DP:SECTIONS.SECTIONNAME | DP:PROJECTASSIGNMENTS.PROJECTSUBJECT | DP:TEXTBOOK.BOOK | Y | N | SAM Assignments | Exams | Training | DP:EXAMASSIGNMENTS.EXAMNAME1 | DP:TRAININGASSIGNMENTS.TRAININGNAME1 | DP:PROJECTASSIGNMENTS.PROJECTASSIGNMENTNAME1 | DP:SAMPATHASSIGNMENTS.SAMPATHNAME | DP:TRAININGASSIGNMENTS.TRAININGNAME2 |" name="And I select DP:PROJECTASSIGNMENTS.PROJECTSUBJECT in Subject drop down" time="0"/>
  <testcase classname="| DP:SUPER.USERNAME | DP:SUPER.PASSWORD | DP:SAMPATHASSIGNMENTS.SAMPATHSUBJECT | DP:PROJECTASSIGNMENTS.PROJECTUNITS | DP:EXAMASSIGNMENTS.EXAMNAME2 | DP:SAMPATHASSIGNMENTS.SAMPATHNAME | CMPTR PowerPoint 2013 Chapter 20: SAM Project 1a | DP:SECTIONS.SECTIONNAME | DP:PROJECTASSIGNMENTS.PROJECTSUBJECT | DP:TEXTBOOK.BOOK | Y | N | SAM Assignments | Exams | Training | DP:EXAMASSIGNMENTS.EXAMNAME1 | DP:TRAININGASSIGNMENTS.TRAININGNAME1 | DP:PROJECTASSIGNMENTS.PROJECTASSIGNMENTNAME1 | DP:SAMPATHASSIGNMENTS.SAMPATHNAME | DP:TRAININGASSIGNMENTS.TRAININGNAME2 |" name="And I select CMPTR PowerPoint 2013 Chapter 20: SAM Project 1a N in Exam Name" time="0"/>
  <testcase classname="| DP:SUPER.USERNAME | DP:SUPER.PASSWORD | DP:SAMPATHASSIGNMENTS.SAMPATHSUBJECT | DP:PROJECTASSIGNMENTS.PROJECTUNITS | DP:EXAMASSIGNMENTS.EXAMNAME2 | DP:SAMPATHASSIGNMENTS.SAMPATHNAME | CMPTR PowerPoint 2013 Chapter 20: SAM Project 1a | DP:SECTIONS.SECTIONNAME | DP:PROJECTASSIGNMENTS.PROJECTSUBJECT | DP:TEXTBOOK.BOOK | Y | N | SAM Assignments | Exams | Training | DP:EXAMASSIGNMENTS.EXAMNAME1 | DP:TRAININGASSIGNMENTS.TRAININGNAME1 | DP:PROJECTASSIGNMENTS.PROJECTASSIGNMENTNAME1 | DP:SAMPATHASSIGNMENTS.SAMPATHNAME | DP:TRAININGASSIGNMENTS.TRAININGNAME2 |" name="And I click on Next Step button" time="0"/>
  <testcase classname="| DP:SUPER.USERNAME | DP:SUPER.PASSWORD | DP:SAMPATHASSIGNMENTS.SAMPATHSUBJECT | DP:PROJECTASSIGNMENTS.PROJECTUNITS | DP:EXAMASSIGNMENTS.EXAMNAME2 | DP:SAMPATHASSIGNMENTS.SAMPATHNAME | CMPTR PowerPoint 2013 Chapter 20: SAM Project 1a | DP:SECTIONS.SECTIONNAME | DP:PROJECTASSIGNMENTS.PROJECTSUBJECT | DP:TEXTBOOK.BOOK | Y | N | SAM Assignments | Exams | Training | DP:EXAMASSIGNMENTS.EXAMNAME1 | DP:TRAININGASSIGNMENTS.TRAININGNAME1 | DP:PROJECTASSIGNMENTS.PROJECTASSIGNMENTNAME1 | DP:SAMPATHASSIGNMENTS.SAMPATHNAME | DP:TRAININGASSIGNMENTS.TRAININGNAME2 |" name="And I enter DP:EXAMASSIGNMENTS.EXAMNAME1 Y in Assignment Name" time="0"/>
  <testcase classname="| DP:SUPER.USERNAME | DP:SUPER.PASSWORD | DP:SAMPATHASSIGNMENTS.SAMPATHSUBJECT | DP:PROJECTASSIGNMENTS.PROJECTUNITS | DP:EXAMASSIGNMENTS.EXAMNAME2 | DP:SAMPATHASSIGNMENTS.SAMPATHNAME | CMPTR PowerPoint 2013 Chapter 20: SAM Project 1a | DP:SECTIONS.SECTIONNAME | DP:PROJECTASSIGNMENTS.PROJECTSUBJECT | DP:TEXTBOOK.BOOK | Y | N | SAM Assignments | Exams | Training | DP:EXAMASSIGNMENTS.EXAMNAME1 | DP:TRAININGASSIGNMENTS.TRAININGNAME1 | DP:PROJECTASSIGNMENTS.PROJECTASSIGNMENTNAME1 | DP:SAMPATHASSIGNMENTS.SAMPATHNAME | DP:TRAININGASSIGNMENTS.TRAININGNAME2 |" name="And I click on section drop down" time="0"/>
  <testcase classname="| DP:SUPER.USERNAME | DP:SUPER.PASSWORD | DP:SAMPATHASSIGNMENTS.SAMPATHSUBJECT | DP:PROJECTASSIGNMENTS.PROJECTUNITS | DP:EXAMASSIGNMENTS.EXAMNAME2 | DP:SAMPATHASSIGNMENTS.SAMPATHNAME | CMPTR PowerPoint 2013 Chapter 20: SAM Project 1a | DP:SECTIONS.SECTIONNAME | DP:PROJECTASSIGNMENTS.PROJECTSUBJECT | DP:TEXTBOOK.BOOK | Y | N | SAM Assignments | Exams | Training | DP:EXAMASSIGNMENTS.EXAMNAME1 | DP:TRAININGASSIGNMENTS.TRAININGNAME1 | DP:PROJECTASSIGNMENTS.PROJECTASSIGNMENTNAME1 | DP:SAMPATHASSIGNMENTS.SAMPATHNAME | DP:TRAININGASSIGNMENTS.TRAININGNAME2 |" name="And I check DP:SECTIONS.SECTIONNAME Y in Select section drop down" time="0"/>
  <testcase classname="| DP:SUPER.USERNAME | DP:SUPER.PASSWORD | DP:SAMPATHASSIGNMENTS.SAMPATHSUBJECT | DP:PROJECTASSIGNMENTS.PROJECTUNITS | DP:EXAMASSIGNMENTS.EXAMNAME2 | DP:SAMPATHASSIGNMENTS.SAMPATHNAME | CMPTR PowerPoint 2013 Chapter 20: SAM Project 1a | DP:SECTIONS.SECTIONNAME | DP:PROJECTASSIGNMENTS.PROJECTSUBJECT | DP:TEXTBOOK.BOOK | Y | N | SAM Assignments | Exams | Training | DP:EXAMASSIGNMENTS.EXAMNAME1 | DP:TRAININGASSIGNMENTS.TRAININGNAME1 | DP:PROJECTASSIGNMENTS.PROJECTASSIGNMENTNAME1 | DP:SAMPATHASSIGNMENTS.SAMPATHNAME | DP:TRAININGASSIGNMENTS.TRAININGNAME2 |" name="And I click on section drop down" time="0"/>
  <testcase classname="| DP:SUPER.USERNAME | DP:SUPER.PASSWORD | DP:SAMPATHASSIGNMENTS.SAMPATHSUBJECT | DP:PROJECTASSIGNMENTS.PROJECTUNITS | DP:EXAMASSIGNMENTS.EXAMNAME2 | DP:SAMPATHASSIGNMENTS.SAMPATHNAME | CMPTR PowerPoint 2013 Chapter 20: SAM Project 1a | DP:SECTIONS.SECTIONNAME | DP:PROJECTASSIGNMENTS.PROJECTSUBJECT | DP:TEXTBOOK.BOOK | Y | N | SAM Assignments | Exams | Training | DP:EXAMASSIGNMENTS.EXAMNAME1 | DP:TRAININGASSIGNMENTS.TRAININGNAME1 | DP:PROJECTASSIGNMENTS.PROJECTASSIGNMENTNAME1 | DP:SAMPATHASSIGNMENTS.SAMPATHNAME | DP:TRAININGASSIGNMENTS.TRAININGNAME2 |" name="And I click on Save button" time="0"/>
  <testcase classname="| DP:SUPER.USERNAME | DP:SUPER.PASSWORD | DP:SAMPATHASSIGNMENTS.SAMPATHSUBJECT | DP:PROJECTASSIGNMENTS.PROJECTUNITS | DP:EXAMASSIGNMENTS.EXAMNAME2 | DP:SAMPATHASSIGNMENTS.SAMPATHNAME | CMPTR PowerPoint 2013 Chapter 20: SAM Project 1a | DP:SECTIONS.SECTIONNAME | DP:PROJECTASSIGNMENTS.PROJECTSUBJECT | DP:TEXTBOOK.BOOK | Y | N | SAM Assignments | Exams | Training | DP:EXAMASSIGNMENTS.EXAMNAME1 | DP:TRAININGASSIGNMENTS.TRAININGNAME1 | DP:PROJECTASSIGNMENTS.PROJECTASSIGNMENTNAME1 | DP:SAMPATHASSIGNMENTS.SAMPATHNAME | DP:TRAININGASSIGNMENTS.TRAININGNAME2 |" name="And I see the DP:EXAMASSIGNMENTS.EXAMNAME1 Y duplicate assignment warning message Popup in Assignment Creation" time="0"/>
  <testcase classname="| DP:SUPER.USERNAME | DP:SUPER.PASSWORD | DP:SAMPATHASSIGNMENTS.SAMPATHSUBJECT | DP:PROJECTASSIGNMENTS.PROJECTUNITS | DP:EXAMASSIGNMENTS.EXAMNAME2 | DP:SAMPATHASSIGNMENTS.SAMPATHNAME | CMPTR PowerPoint 2013 Chapter 20: SAM Project 1a | DP:SECTIONS.SECTIONNAME | DP:PROJECTASSIGNMENTS.PROJECTSUBJECT | DP:TEXTBOOK.BOOK | Y | N | SAM Assignments | Exams | Training | DP:EXAMASSIGNMENTS.EXAMNAME1 | DP:TRAININGASSIGNMENTS.TRAININGNAME1 | DP:PROJECTASSIGNMENTS.PROJECTASSIGNMENTNAME1 | DP:SAMPATHASSIGNMENTS.SAMPATHNAME | DP:TRAININGASSIGNMENTS.TRAININGNAME2 |" name="And I click on X icon" time="0"/>
  <testcase classname="| DP:SUPER.USERNAME | DP:SUPER.PASSWORD | DP:SAMPATHASSIGNMENTS.SAMPATHSUBJECT | DP:PROJECTASSIGNMENTS.PROJECTUNITS | DP:EXAMASSIGNMENTS.EXAMNAME2 | DP:SAMPATHASSIGNMENTS.SAMPATHNAME | CMPTR PowerPoint 2013 Chapter 20: SAM Project 1a | DP:SECTIONS.SECTIONNAME | DP:PROJECTASSIGNMENTS.PROJECTSUBJECT | DP:TEXTBOOK.BOOK | Y | N | SAM Assignments | Exams | Training | DP:EXAMASSIGNMENTS.EXAMNAME1 | DP:TRAININGASSIGNMENTS.TRAININGNAME1 | DP:PROJECTASSIGNMENTS.PROJECTASSIGNMENTNAME1 | DP:SAMPATHASSIGNMENTS.SAMPATHNAME | DP:TRAININGASSIGNMENTS.TRAININGNAME2 |" name="And I click on SAM Assignments tab" time="0"/>
  <testcase classname="| DP:SUPER.USERNAME | DP:SUPER.PASSWORD | DP:SAMPATHASSIGNMENTS.SAMPATHSUBJECT | DP:PROJECTASSIGNMENTS.PROJECTUNITS | DP:EXAMASSIGNMENTS.EXAMNAME2 | DP:SAMPATHASSIGNMENTS.SAMPATHNAME | CMPTR PowerPoint 2013 Chapter 20: SAM Project 1a | DP:SECTIONS.SECTIONNAME | DP:PROJECTASSIGNMENTS.PROJECTSUBJECT | DP:TEXTBOOK.BOOK | Y | N | SAM Assignments | Exams | Training | DP:EXAMASSIGNMENTS.EXAMNAME1 | DP:TRAININGASSIGNMENTS.TRAININGNAME1 | DP:PROJECTASSIGNMENTS.PROJECTASSIGNMENTNAME1 | DP:SAMPATHASSIGNMENTS.SAMPATHNAME | DP:TRAININGASSIGNMENTS.TRAININGNAME2 |" name="And I click on Schedule New button" time="0"/>
  <testcase classname="| DP:SUPER.USERNAME | DP:SUPER.PASSWORD | DP:SAMPATHASSIGNMENTS.SAMPATHSUBJECT | DP:PROJECTASSIGNMENTS.PROJECTUNITS | DP:EXAMASSIGNMENTS.EXAMNAME2 | DP:SAMPATHASSIGNMENTS.SAMPATHNAME | CMPTR PowerPoint 2013 Chapter 20: SAM Project 1a | DP:SECTIONS.SECTIONNAME | DP:PROJECTASSIGNMENTS.PROJECTSUBJECT | DP:TEXTBOOK.BOOK | Y | N | SAM Assignments | Exams | Training | DP:EXAMASSIGNMENTS.EXAMNAME1 | DP:TRAININGASSIGNMENTS.TRAININGNAME1 | DP:PROJECTASSIGNMENTS.PROJECTASSIGNMENTNAME1 | DP:SAMPATHASSIGNMENTS.SAMPATHNAME | DP:TRAININGASSIGNMENTS.TRAININGNAME2 |" name="And I click on Training button in Select Assignment Type page" time="0"/>
  <testcase classname="| DP:SUPER.USERNAME | DP:SUPER.PASSWORD | DP:SAMPATHASSIGNMENTS.SAMPATHSUBJECT | DP:PROJECTASSIGNMENTS.PROJECTUNITS | DP:EXAMASSIGNMENTS.EXAMNAME2 | DP:SAMPATHASSIGNMENTS.SAMPATHNAME | CMPTR PowerPoint 2013 Chapter 20: SAM Project 1a | DP:SECTIONS.SECTIONNAME | DP:PROJECTASSIGNMENTS.PROJECTSUBJECT | DP:TEXTBOOK.BOOK | Y | N | SAM Assignments | Exams | Training | DP:EXAMASSIGNMENTS.EXAMNAME1 | DP:TRAININGASSIGNMENTS.TRAININGNAME1 | DP:PROJECTASSIGNMENTS.PROJECTASSIGNMENTNAME1 | DP:SAMPATHASSIGNMENTS.SAMPATHNAME | DP:TRAININGASSIGNMENTS.TRAININGNAME2 |" name="And I select DP:SAMPATHASSIGNMENTS.SAMPATHSUBJECT in Subject drop down" time="0"/>
  <testcase classname="| DP:SUPER.USERNAME | DP:SUPER.PASSWORD | DP:SAMPATHASSIGNMENTS.SAMPATHSUBJECT | DP:PROJECTASSIGNMENTS.PROJECTUNITS | DP:EXAMASSIGNMENTS.EXAMNAME2 | DP:SAMPATHASSIGNMENTS.SAMPATHNAME | CMPTR PowerPoint 2013 Chapter 20: SAM Project 1a | DP:SECTIONS.SECTIONNAME | DP:PROJECTASSIGNMENTS.PROJECTSUBJECT | DP:TEXTBOOK.BOOK | Y | N | SAM Assignments | Exams | Training | DP:EXAMASSIGNMENTS.EXAMNAME1 | DP:TRAININGASSIGNMENTS.TRAININGNAME1 | DP:PROJECTASSIGNMENTS.PROJECTASSIGNMENTNAME1 | DP:SAMPATHASSIGNMENTS.SAMPATHNAME | DP:TRAININGASSIGNMENTS.TRAININGNAME2 |" name="And I select DP:TRAININGASSIGNMENTS.TRAININGNAME2 Y in Exam Name" time="0"/>
  <testcase classname="| DP:SUPER.USERNAME | DP:SUPER.PASSWORD | DP:SAMPATHASSIGNMENTS.SAMPATHSUBJECT | DP:PROJECTASSIGNMENTS.PROJECTUNITS | DP:EXAMASSIGNMENTS.EXAMNAME2 | DP:SAMPATHASSIGNMENTS.SAMPATHNAME | CMPTR PowerPoint 2013 Chapter 20: SAM Project 1a | DP:SECTIONS.SECTIONNAME | DP:PROJECTASSIGNMENTS.PROJECTSUBJECT | DP:TEXTBOOK.BOOK | Y | N | SAM Assignments | Exams | Training | DP:EXAMASSIGNMENTS.EXAMNAME1 | DP:TRAININGASSIGNMENTS.TRAININGNAME1 | DP:PROJECTASSIGNMENTS.PROJECTASSIGNMENTNAME1 | DP:SAMPATHASSIGNMENTS.SAMPATHNAME | DP:TRAININGASSIGNMENTS.TRAININGNAME2 |" name="And I click on Next Step button" time="0"/>
  <testcase classname="| DP:SUPER.USERNAME | DP:SUPER.PASSWORD | DP:SAMPATHASSIGNMENTS.SAMPATHSUBJECT | DP:PROJECTASSIGNMENTS.PROJECTUNITS | DP:EXAMASSIGNMENTS.EXAMNAME2 | DP:SAMPATHASSIGNMENTS.SAMPATHNAME | CMPTR PowerPoint 2013 Chapter 20: SAM Project 1a | DP:SECTIONS.SECTIONNAME | DP:PROJECTASSIGNMENTS.PROJECTSUBJECT | DP:TEXTBOOK.BOOK | Y | N | SAM Assignments | Exams | Training | DP:EXAMASSIGNMENTS.EXAMNAME1 | DP:TRAININGASSIGNMENTS.TRAININGNAME1 | DP:PROJECTASSIGNMENTS.PROJECTASSIGNMENTNAME1 | DP:SAMPATHASSIGNMENTS.SAMPATHNAME | DP:TRAININGASSIGNMENTS.TRAININGNAME2 |" name="And I enter DP:TRAININGASSIGNMENTS.TRAININGNAME1 Y in Assignment Name" time="0"/>
  <testcase classname="| DP:SUPER.USERNAME | DP:SUPER.PASSWORD | DP:SAMPATHASSIGNMENTS.SAMPATHSUBJECT | DP:PROJECTASSIGNMENTS.PROJECTUNITS | DP:EXAMASSIGNMENTS.EXAMNAME2 | DP:SAMPATHASSIGNMENTS.SAMPATHNAME | CMPTR PowerPoint 2013 Chapter 20: SAM Project 1a | DP:SECTIONS.SECTIONNAME | DP:PROJECTASSIGNMENTS.PROJECTSUBJECT | DP:TEXTBOOK.BOOK | Y | N | SAM Assignments | Exams | Training | DP:EXAMASSIGNMENTS.EXAMNAME1 | DP:TRAININGASSIGNMENTS.TRAININGNAME1 | DP:PROJECTASSIGNMENTS.PROJECTASSIGNMENTNAME1 | DP:SAMPATHASSIGNMENTS.SAMPATHNAME | DP:TRAININGASSIGNMENTS.TRAININGNAME2 |" name="And I click on section drop down" time="0"/>
  <testcase classname="| DP:SUPER.USERNAME | DP:SUPER.PASSWORD | DP:SAMPATHASSIGNMENTS.SAMPATHSUBJECT | DP:PROJECTASSIGNMENTS.PROJECTUNITS | DP:EXAMASSIGNMENTS.EXAMNAME2 | DP:SAMPATHASSIGNMENTS.SAMPATHNAME | CMPTR PowerPoint 2013 Chapter 20: SAM Project 1a | DP:SECTIONS.SECTIONNAME | DP:PROJECTASSIGNMENTS.PROJECTSUBJECT | DP:TEXTBOOK.BOOK | Y | N | SAM Assignments | Exams | Training | DP:EXAMASSIGNMENTS.EXAMNAME1 | DP:TRAININGASSIGNMENTS.TRAININGNAME1 | DP:PROJECTASSIGNMENTS.PROJECTASSIGNMENTNAME1 | DP:SAMPATHASSIGNMENTS.SAMPATHNAME | DP:TRAININGASSIGNMENTS.TRAININGNAME2 |" name="And I check DP:SECTIONS.SECTIONNAME Y in Select section drop down" time="0"/>
  <testcase classname="| DP:SUPER.USERNAME | DP:SUPER.PASSWORD | DP:SAMPATHASSIGNMENTS.SAMPATHSUBJECT | DP:PROJECTASSIGNMENTS.PROJECTUNITS | DP:EXAMASSIGNMENTS.EXAMNAME2 | DP:SAMPATHASSIGNMENTS.SAMPATHNAME | CMPTR PowerPoint 2013 Chapter 20: SAM Project 1a | DP:SECTIONS.SECTIONNAME | DP:PROJECTASSIGNMENTS.PROJECTSUBJECT | DP:TEXTBOOK.BOOK | Y | N | SAM Assignments | Exams | Training | DP:EXAMASSIGNMENTS.EXAMNAME1 | DP:TRAININGASSIGNMENTS.TRAININGNAME1 | DP:PROJECTASSIGNMENTS.PROJECTASSIGNMENTNAME1 | DP:SAMPATHASSIGNMENTS.SAMPATHNAME | DP:TRAININGASSIGNMENTS.TRAININGNAME2 |" name="And I click on section drop down" time="0"/>
  <testcase classname="| DP:SUPER.USERNAME | DP:SUPER.PASSWORD | DP:SAMPATHASSIGNMENTS.SAMPATHSUBJECT | DP:PROJECTASSIGNMENTS.PROJECTUNITS | DP:EXAMASSIGNMENTS.EXAMNAME2 | DP:SAMPATHASSIGNMENTS.SAMPATHNAME | CMPTR PowerPoint 2013 Chapter 20: SAM Project 1a | DP:SECTIONS.SECTIONNAME | DP:PROJECTASSIGNMENTS.PROJECTSUBJECT | DP:TEXTBOOK.BOOK | Y | N | SAM Assignments | Exams | Training | DP:EXAMASSIGNMENTS.EXAMNAME1 | DP:TRAININGASSIGNMENTS.TRAININGNAME1 | DP:PROJECTASSIGNMENTS.PROJECTASSIGNMENTNAME1 | DP:SAMPATHASSIGNMENTS.SAMPATHNAME | DP:TRAININGASSIGNMENTS.TRAININGNAME2 |" name="And I click on Save button" time="0"/>
  <testcase classname="| DP:SUPER.USERNAME | DP:SUPER.PASSWORD | DP:SAMPATHASSIGNMENTS.SAMPATHSUBJECT | DP:PROJECTASSIGNMENTS.PROJECTUNITS | DP:EXAMASSIGNMENTS.EXAMNAME2 | DP:SAMPATHASSIGNMENTS.SAMPATHNAME | CMPTR PowerPoint 2013 Chapter 20: SAM Project 1a | DP:SECTIONS.SECTIONNAME | DP:PROJECTASSIGNMENTS.PROJECTSUBJECT | DP:TEXTBOOK.BOOK | Y | N | SAM Assignments | Exams | Training | DP:EXAMASSIGNMENTS.EXAMNAME1 | DP:TRAININGASSIGNMENTS.TRAININGNAME1 | DP:PROJECTASSIGNMENTS.PROJECTASSIGNMENTNAME1 | DP:SAMPATHASSIGNMENTS.SAMPATHNAME | DP:TRAININGASSIGNMENTS.TRAININGNAME2 |" name="And I see the DP:TRAININGASSIGNMENTS.TRAININGNAME1 Y duplicate assignment warning message Popup in Assignment Creation" time="0"/>
  <testcase classname="| DP:SUPER.USERNAME | DP:SUPER.PASSWORD | DP:SAMPATHASSIGNMENTS.SAMPATHSUBJECT | DP:PROJECTASSIGNMENTS.PROJECTUNITS | DP:EXAMASSIGNMENTS.EXAMNAME2 | DP:SAMPATHASSIGNMENTS.SAMPATHNAME | CMPTR PowerPoint 2013 Chapter 20: SAM Project 1a | DP:SECTIONS.SECTIONNAME | DP:PROJECTASSIGNMENTS.PROJECTSUBJECT | DP:TEXTBOOK.BOOK | Y | N | SAM Assignments | Exams | Training | DP:EXAMASSIGNMENTS.EXAMNAME1 | DP:TRAININGASSIGNMENTS.TRAININGNAME1 | DP:PROJECTASSIGNMENTS.PROJECTASSIGNMENTNAME1 | DP:SAMPATHASSIGNMENTS.SAMPATHNAME | DP:TRAININGASSIGNMENTS.TRAININGNAME2 |" name="And I click on X icon" time="0"/>
  <testcase classname="| DP:SUPER.USERNAME | DP:SUPER.PASSWORD | DP:SAMPATHASSIGNMENTS.SAMPATHSUBJECT | DP:PROJECTASSIGNMENTS.PROJECTUNITS | DP:EXAMASSIGNMENTS.EXAMNAME2 | DP:SAMPATHASSIGNMENTS.SAMPATHNAME | CMPTR PowerPoint 2013 Chapter 20: SAM Project 1a | DP:SECTIONS.SECTIONNAME | DP:PROJECTASSIGNMENTS.PROJECTSUBJECT | DP:TEXTBOOK.BOOK | Y | N | SAM Assignments | Exams | Training | DP:EXAMASSIGNMENTS.EXAMNAME1 | DP:TRAININGASSIGNMENTS.TRAININGNAME1 | DP:PROJECTASSIGNMENTS.PROJECTASSIGNMENTNAME1 | DP:SAMPATHASSIGNMENTS.SAMPATHNAME | DP:TRAININGASSIGNMENTS.TRAININGNAME2 |" name="And I click on SAM Assignments tab" time="0"/>
  <testcase classname="| DP:SUPER.USERNAME | DP:SUPER.PASSWORD | DP:SAMPATHASSIGNMENTS.SAMPATHSUBJECT | DP:PROJECTASSIGNMENTS.PROJECTUNITS | DP:EXAMASSIGNMENTS.EXAMNAME2 | DP:SAMPATHASSIGNMENTS.SAMPATHNAME | CMPTR PowerPoint 2013 Chapter 20: SAM Project 1a | DP:SECTIONS.SECTIONNAME | DP:PROJECTASSIGNMENTS.PROJECTSUBJECT | DP:TEXTBOOK.BOOK | Y | N | SAM Assignments | Exams | Training | DP:EXAMASSIGNMENTS.EXAMNAME1 | DP:TRAININGASSIGNMENTS.TRAININGNAME1 | DP:PROJECTASSIGNMENTS.PROJECTASSIGNMENTNAME1 | DP:SAMPATHASSIGNMENTS.SAMPATHNAME | DP:TRAININGASSIGNMENTS.TRAININGNAME2 |" name="And I click on Schedule New button" time="0"/>
  <testcase classname="| DP:SUPER.USERNAME | DP:SUPER.PASSWORD | DP:SAMPATHASSIGNMENTS.SAMPATHSUBJECT | DP:PROJECTASSIGNMENTS.PROJECTUNITS | DP:EXAMASSIGNMENTS.EXAMNAME2 | DP:SAMPATHASSIGNMENTS.SAMPATHNAME | CMPTR PowerPoint 2013 Chapter 20: SAM Project 1a | DP:SECTIONS.SECTIONNAME | DP:PROJECTASSIGNMENTS.PROJECTSUBJECT | DP:TEXTBOOK.BOOK | Y | N | SAM Assignments | Exams | Training | DP:EXAMASSIGNMENTS.EXAMNAME1 | DP:TRAININGASSIGNMENTS.TRAININGNAME1 | DP:PROJECTASSIGNMENTS.PROJECTASSIGNMENTNAME1 | DP:SAMPATHASSIGNMENTS.SAMPATHNAME | DP:TRAININGASSIGNMENTS.TRAININGNAME2 |" name="And I click on SAM path button" time="0"/>
  <testcase classname="| DP:SUPER.USERNAME | DP:SUPER.PASSWORD | DP:SAMPATHASSIGNMENTS.SAMPATHSUBJECT | DP:PROJECTASSIGNMENTS.PROJECTUNITS | DP:EXAMASSIGNMENTS.EXAMNAME2 | DP:SAMPATHASSIGNMENTS.SAMPATHNAME | CMPTR PowerPoint 2013 Chapter 20: SAM Project 1a | DP:SECTIONS.SECTIONNAME | DP:PROJECTASSIGNMENTS.PROJECTSUBJECT | DP:TEXTBOOK.BOOK | Y | N | SAM Assignments | Exams | Training | DP:EXAMASSIGNMENTS.EXAMNAME1 | DP:TRAININGASSIGNMENTS.TRAININGNAME1 | DP:PROJECTASSIGNMENTS.PROJECTASSIGNMENTNAME1 | DP:SAMPATHASSIGNMENTS.SAMPATHNAME | DP:TRAININGASSIGNMENTS.TRAININGNAME2 |" name="And I select DP:SAMPATHASSIGNMENTS.SAMPATHSUBJECT in Subject drop down" time="0"/>
  <testcase classname="| DP:SUPER.USERNAME | DP:SUPER.PASSWORD | DP:SAMPATHASSIGNMENTS.SAMPATHSUBJECT | DP:PROJECTASSIGNMENTS.PROJECTUNITS | DP:EXAMASSIGNMENTS.EXAMNAME2 | DP:SAMPATHASSIGNMENTS.SAMPATHNAME | CMPTR PowerPoint 2013 Chapter 20: SAM Project 1a | DP:SECTIONS.SECTIONNAME | DP:PROJECTASSIGNMENTS.PROJECTSUBJECT | DP:TEXTBOOK.BOOK | Y | N | SAM Assignments | Exams | Training | DP:EXAMASSIGNMENTS.EXAMNAME1 | DP:TRAININGASSIGNMENTS.TRAININGNAME1 | DP:PROJECTASSIGNMENTS.PROJECTASSIGNMENTNAME1 | DP:SAMPATHASSIGNMENTS.SAMPATHNAME | DP:TRAININGASSIGNMENTS.TRAININGNAME2 |" name="And I select DP:EXAMASSIGNMENTS.EXAMNAME2 Y in Exam Name" time="0"/>
  <testcase classname="| DP:SUPER.USERNAME | DP:SUPER.PASSWORD | DP:SAMPATHASSIGNMENTS.SAMPATHSUBJECT | DP:PROJECTASSIGNMENTS.PROJECTUNITS | DP:EXAMASSIGNMENTS.EXAMNAME2 | DP:SAMPATHASSIGNMENTS.SAMPATHNAME | CMPTR PowerPoint 2013 Chapter 20: SAM Project 1a | DP:SECTIONS.SECTIONNAME | DP:PROJECTASSIGNMENTS.PROJECTSUBJECT | DP:TEXTBOOK.BOOK | Y | N | SAM Assignments | Exams | Training | DP:EXAMASSIGNMENTS.EXAMNAME1 | DP:TRAININGASSIGNMENTS.TRAININGNAME1 | DP:PROJECTASSIGNMENTS.PROJECTASSIGNMENTNAME1 | DP:SAMPATHASSIGNMENTS.SAMPATHNAME | DP:TRAININGASSIGNMENTS.TRAININGNAME2 |" name="And I click on Next Step button" time="0"/>
  <testcase classname="| DP:SUPER.USERNAME | DP:SUPER.PASSWORD | DP:SAMPATHASSIGNMENTS.SAMPATHSUBJECT | DP:PROJECTASSIGNMENTS.PROJECTUNITS | DP:EXAMASSIGNMENTS.EXAMNAME2 | DP:SAMPATHASSIGNMENTS.SAMPATHNAME | CMPTR PowerPoint 2013 Chapter 20: SAM Project 1a | DP:SECTIONS.SECTIONNAME | DP:PROJECTASSIGNMENTS.PROJECTSUBJECT | DP:TEXTBOOK.BOOK | Y | N | SAM Assignments | Exams | Training | DP:EXAMASSIGNMENTS.EXAMNAME1 | DP:TRAININGASSIGNMENTS.TRAININGNAME1 | DP:PROJECTASSIGNMENTS.PROJECTASSIGNMENTNAME1 | DP:SAMPATHASSIGNMENTS.SAMPATHNAME | DP:TRAININGASSIGNMENTS.TRAININGNAME2 |" name="And I enter DP:SAMPATHASSIGNMENTS.SAMPATHNAME Y in Assignment Name" time="0"/>
  <testcase classname="| DP:SUPER.USERNAME | DP:SUPER.PASSWORD | DP:SAMPATHASSIGNMENTS.SAMPATHSUBJECT | DP:PROJECTASSIGNMENTS.PROJECTUNITS | DP:EXAMASSIGNMENTS.EXAMNAME2 | DP:SAMPATHASSIGNMENTS.SAMPATHNAME | CMPTR PowerPoint 2013 Chapter 20: SAM Project 1a | DP:SECTIONS.SECTIONNAME | DP:PROJECTASSIGNMENTS.PROJECTSUBJECT | DP:TEXTBOOK.BOOK | Y | N | SAM Assignments | Exams | Training | DP:EXAMASSIGNMENTS.EXAMNAME1 | DP:TRAININGASSIGNMENTS.TRAININGNAME1 | DP:PROJECTASSIGNMENTS.PROJECTASSIGNMENTNAME1 | DP:SAMPATHASSIGNMENTS.SAMPATHNAME | DP:TRAININGASSIGNMENTS.TRAININGNAME2 |" name="And I click on section drop down" time="0"/>
  <testcase classname="| DP:SUPER.USERNAME | DP:SUPER.PASSWORD | DP:SAMPATHASSIGNMENTS.SAMPATHSUBJECT | DP:PROJECTASSIGNMENTS.PROJECTUNITS | DP:EXAMASSIGNMENTS.EXAMNAME2 | DP:SAMPATHASSIGNMENTS.SAMPATHNAME | CMPTR PowerPoint 2013 Chapter 20: SAM Project 1a | DP:SECTIONS.SECTIONNAME | DP:PROJECTASSIGNMENTS.PROJECTSUBJECT | DP:TEXTBOOK.BOOK | Y | N | SAM Assignments | Exams | Training | DP:EXAMASSIGNMENTS.EXAMNAME1 | DP:TRAININGASSIGNMENTS.TRAININGNAME1 | DP:PROJECTASSIGNMENTS.PROJECTASSIGNMENTNAME1 | DP:SAMPATHASSIGNMENTS.SAMPATHNAME | DP:TRAININGASSIGNMENTS.TRAININGNAME2 |" name="And I check DP:SECTIONS.SECTIONNAME Y in Select section drop down" time="0"/>
  <testcase classname="| DP:SUPER.USERNAME | DP:SUPER.PASSWORD | DP:SAMPATHASSIGNMENTS.SAMPATHSUBJECT | DP:PROJECTASSIGNMENTS.PROJECTUNITS | DP:EXAMASSIGNMENTS.EXAMNAME2 | DP:SAMPATHASSIGNMENTS.SAMPATHNAME | CMPTR PowerPoint 2013 Chapter 20: SAM Project 1a | DP:SECTIONS.SECTIONNAME | DP:PROJECTASSIGNMENTS.PROJECTSUBJECT | DP:TEXTBOOK.BOOK | Y | N | SAM Assignments | Exams | Training | DP:EXAMASSIGNMENTS.EXAMNAME1 | DP:TRAININGASSIGNMENTS.TRAININGNAME1 | DP:PROJECTASSIGNMENTS.PROJECTASSIGNMENTNAME1 | DP:SAMPATHASSIGNMENTS.SAMPATHNAME | DP:TRAININGASSIGNMENTS.TRAININGNAME2 |" name="And I click on section drop down" time="0"/>
  <testcase classname="| DP:SUPER.USERNAME | DP:SUPER.PASSWORD | DP:SAMPATHASSIGNMENTS.SAMPATHSUBJECT | DP:PROJECTASSIGNMENTS.PROJECTUNITS | DP:EXAMASSIGNMENTS.EXAMNAME2 | DP:SAMPATHASSIGNMENTS.SAMPATHNAME | CMPTR PowerPoint 2013 Chapter 20: SAM Project 1a | DP:SECTIONS.SECTIONNAME | DP:PROJECTASSIGNMENTS.PROJECTSUBJECT | DP:TEXTBOOK.BOOK | Y | N | SAM Assignments | Exams | Training | DP:EXAMASSIGNMENTS.EXAMNAME1 | DP:TRAININGASSIGNMENTS.TRAININGNAME1 | DP:PROJECTASSIGNMENTS.PROJECTASSIGNMENTNAME1 | DP:SAMPATHASSIGNMENTS.SAMPATHNAME | DP:TRAININGASSIGNMENTS.TRAININGNAME2 |" name="When I click on Save button" time="0"/>
  <testcase classname="| DP:SUPER.USERNAME | DP:SUPER.PASSWORD | DP:SAMPATHASSIGNMENTS.SAMPATHSUBJECT | DP:PROJECTASSIGNMENTS.PROJECTUNITS | DP:EXAMASSIGNMENTS.EXAMNAME2 | DP:SAMPATHASSIGNMENTS.SAMPATHNAME | CMPTR PowerPoint 2013 Chapter 20: SAM Project 1a | DP:SECTIONS.SECTIONNAME | DP:PROJECTASSIGNMENTS.PROJECTSUBJECT | DP:TEXTBOOK.BOOK | Y | N | SAM Assignments | Exams | Training | DP:EXAMASSIGNMENTS.EXAMNAME1 | DP:TRAININGASSIGNMENTS.TRAININGNAME1 | DP:PROJECTASSIGNMENTS.PROJECTASSIGNMENTNAME1 | DP:SAMPATHASSIGNMENTS.SAMPATHNAME | DP:TRAININGASSIGNMENTS.TRAININGNAME2 |" name="Then I see the DP:SAMPATHASSIGNMENTS.SAMPATHNAME Y duplicate assignment warning message Popup in Assignment Creation" time="0"/>
  <testcase classname="| DP:SUPER.USERNAME | DP:SUPER.PASSWORD | DP:SAMPATHASSIGNMENTS.SAMPATHSUBJECT | DP:PROJECTASSIGNMENTS.PROJECTUNITS | DP:EXAMASSIGNMENTS.EXAMNAME2 | DP:SAMPATHASSIGNMENTS.SAMPATHNAME | CMPTR PowerPoint 2013 Chapter 20: SAM Project 1a | DP:SECTIONS.SECTIONNAME | DP:PROJECTASSIGNMENTS.PROJECTSUBJECT | DP:TEXTBOOK.BOOK | Y | N | SAM Assignments | Exams | Training | DP:EXAMASSIGNMENTS.EXAMNAME1 | DP:TRAININGASSIGNMENTS.TRAININGNAME1 | DP:PROJECTASSIGNMENTS.PROJECTASSIGNMENTNAME1 | DP:SAMPATHASSIGNMENTS.SAMPATHNAME | DP:TRAININGASSIGNMENTS.TRAININGNAME2 |" name="And I click on X icon" time="0"/>
  <testcase classname="| DP:SUPER.USERNAME | DP:SUPER.PASSWORD | DP:SAMPATHASSIGNMENTS.SAMPATHSUBJECT | DP:PROJECTASSIGNMENTS.PROJECTUNITS | DP:EXAMASSIGNMENTS.EXAMNAME2 | DP:SAMPATHASSIGNMENTS.SAMPATHNAME | CMPTR PowerPoint 2013 Chapter 20: SAM Project 1a | DP:SECTIONS.SECTIONNAME | DP:PROJECTASSIGNMENTS.PROJECTSUBJECT | DP:TEXTBOOK.BOOK | Y | N | SAM Assignments | Exams | Training | DP:EXAMASSIGNMENTS.EXAMNAME1 | DP:TRAININGASSIGNMENTS.TRAININGNAME1 | DP:PROJECTASSIGNMENTS.PROJECTASSIGNMENTNAME1 | DP:SAMPATHASSIGNMENTS.SAMPATHNAME | DP:TRAININGASSIGNMENTS.TRAININGNAME2 |" name="And I click on Logout button" time="0"/>
  <testcase classname="| DP:SUPER.USERNAME | DP:SUPER.PASSWORD | DP:SAMPATHASSIGNMENTS.SAMPATHSUBJECT | DP:PROJECTASSIGNMENTS.PROJECTUNITS | DP:EXAMASSIGNMENTS.EXAMNAME2 | DP:SAMPATHASSIGNMENTS.SAMPATHNAME | CMPTR PowerPoint 2013 Chapter 20: SAM Project 1a | DP:SECTIONS.SECTIONNAME | DP:PROJECTASSIGNMENTS.PROJECTSUBJECT | DP:TEXTBOOK.BOOK | Y | N | SAM Assignments | Exams | Training | DP:EXAMASSIGNMENTS.EXAMNAME1 | DP:TRAININGASSIGNMENTS.TRAININGNAME1 | DP:PROJECTASSIGNMENTS.PROJECTASSIGNMENTNAME1 | DP:SAMPATHASSIGNMENTS.SAMPATHNAME | DP:TRAININGASSIGNMENTS.TRAININGNAME2 |" name="| DP:SUPER.USERNAME | DP:SUPER.PASSWORD | DP:SAMPATHASSIGNMENTS.SAMPATHSUBJECT | DP:PROJECTASSIGNMENTS.PROJECTUNITS | DP:EXAMASSIGNMENTS.EXAMNAME2 | DP:SAMPATHASSIGNMENTS.SAMPATHNAME | CMPTR PowerPoint 2013 Chapter 20: SAM Project 1a | DP:SECTIONS.SECTIONNAME | DP:PROJECTASSIGNMENTS.PROJECTSUBJECT | DP:TEXTBOOK.BOOK | Y | N | SAM Assignments | Exams | Training | DP:EXAMASSIGNMENTS.EXAMNAME1 | DP:TRAININGASSIGNMENTS.TRAININGNAME1 | DP:PROJECTASSIGNMENTS.PROJECTASSIGNMENTNAME1 | DP:SAMPATHASSIGNMENTS.SAMPATHNAME | DP:TRAININGASSIGNMENTS.TRAININGNAME2 |" time="0.001"/>
  <testcase classname="| DP:SUPER.USERNAME | DP:SUPER.PASSWORD | DP:PROJECTASSIGNMENTS.PROJECTSUBJECT | DP:EXAMASSIGNMENTS.EXAMNAME2 | DP:SECTIONS.SECTIONNAME | CMPTR PowerPoint 2013 Chapter 20: SAM Project 1a | DP:TEXTBOOK.BOOK | DP:PROJECTASSIGNMENTS.PROJECTUNITS | DP:SAMPATHASSIGNMENTS.SAMPATHSUBJECT | SAM Assignments | Exams | Projects | Trainings | DP:SAMPATHASSIGNMENTS.SAMPATHNAME | SAM Paths | Y | N | Admin | SAM Assignments | Purge | DP:EXAMASSIGNMENTS.EXAMNAME1 | DP:TRAININGASSIGNMENTS.TRAININGNAME1 | DP:PROJECTASSIGNMENTS.PROJECTASSIGNMENTNAME1 | DP:TRAININGASSIGNMENTS.TRAININGNAME2 |" name="Given As a user I see login page of LMS" time="0"/>
  <testcase classname="| DP:SUPER.USERNAME | DP:SUPER.PASSWORD | DP:PROJECTASSIGNMENTS.PROJECTSUBJECT | DP:EXAMASSIGNMENTS.EXAMNAME2 | DP:SECTIONS.SECTIONNAME | CMPTR PowerPoint 2013 Chapter 20: SAM Project 1a | DP:TEXTBOOK.BOOK | DP:PROJECTASSIGNMENTS.PROJECTUNITS | DP:SAMPATHASSIGNMENTS.SAMPATHSUBJECT | SAM Assignments | Exams | Projects | Trainings | DP:SAMPATHASSIGNMENTS.SAMPATHNAME | SAM Paths | Y | N | Admin | SAM Assignments | Purge | DP:EXAMASSIGNMENTS.EXAMNAME1 | DP:TRAININGASSIGNMENTS.TRAININGNAME1 | DP:PROJECTASSIGNMENTS.PROJECTASSIGNMENTNAME1 | DP:TRAININGASSIGNMENTS.TRAININGNAME2 |" name="And I enter DP:SUPER.USERNAME N Username in LMS login page" time="0"/>
  <testcase classname="| DP:SUPER.USERNAME | DP:SUPER.PASSWORD | DP:PROJECTASSIGNMENTS.PROJECTSUBJECT | DP:EXAMASSIGNMENTS.EXAMNAME2 | DP:SECTIONS.SECTIONNAME | CMPTR PowerPoint 2013 Chapter 20: SAM Project 1a | DP:TEXTBOOK.BOOK | DP:PROJECTASSIGNMENTS.PROJECTUNITS | DP:SAMPATHASSIGNMENTS.SAMPATHSUBJECT | SAM Assignments | Exams | Projects | Trainings | DP:SAMPATHASSIGNMENTS.SAMPATHNAME | SAM Paths | Y | N | Admin | SAM Assignments | Purge | DP:EXAMASSIGNMENTS.EXAMNAME1 | DP:TRAININGASSIGNMENTS.TRAININGNAME1 | DP:PROJECTASSIGNMENTS.PROJECTASSIGNMENTNAME1 | DP:TRAININGASSIGNMENTS.TRAININGNAME2 |" name="And I enter DP:SUPER.PASSWORD Password in LMS login page" time="0"/>
  <testcase classname="| DP:SUPER.USERNAME | DP:SUPER.PASSWORD | DP:PROJECTASSIGNMENTS.PROJECTSUBJECT | DP:EXAMASSIGNMENTS.EXAMNAME2 | DP:SECTIONS.SECTIONNAME | CMPTR PowerPoint 2013 Chapter 20: SAM Project 1a | DP:TEXTBOOK.BOOK | DP:PROJECTASSIGNMENTS.PROJECTUNITS | DP:SAMPATHASSIGNMENTS.SAMPATHSUBJECT | SAM Assignments | Exams | Projects | Trainings | DP:SAMPATHASSIGNMENTS.SAMPATHNAME | SAM Paths | Y | N | Admin | SAM Assignments | Purge | DP:EXAMASSIGNMENTS.EXAMNAME1 | DP:TRAININGASSIGNMENTS.TRAININGNAME1 | DP:PROJECTASSIGNMENTS.PROJECTASSIGNMENTNAME1 | DP:TRAININGASSIGNMENTS.TRAININGNAME2 |" name="And I click on Log In button" time="0"/>
  <testcase classname="| DP:SUPER.USERNAME | DP:SUPER.PASSWORD | DP:PROJECTASSIGNMENTS.PROJECTSUBJECT | DP:EXAMASSIGNMENTS.EXAMNAME2 | DP:SECTIONS.SECTIONNAME | CMPTR PowerPoint 2013 Chapter 20: SAM Project 1a | DP:TEXTBOOK.BOOK | DP:PROJECTASSIGNMENTS.PROJECTUNITS | DP:SAMPATHASSIGNMENTS.SAMPATHSUBJECT | SAM Assignments | Exams | Projects | Trainings | DP:SAMPATHASSIGNMENTS.SAMPATHNAME | SAM Paths | Y | N | Admin | SAM Assignments | Purge | DP:EXAMASSIGNMENTS.EXAMNAME1 | DP:TRAININGASSIGNMENTS.TRAININGNAME1 | DP:PROJECTASSIGNMENTS.PROJECTASSIGNMENTNAME1 | DP:TRAININGASSIGNMENTS.TRAININGNAME2 |" name="And I see home page of LMS" time="0"/>
  <testcase classname="| DP:SUPER.USERNAME | DP:SUPER.PASSWORD | DP:PROJECTASSIGNMENTS.PROJECTSUBJECT | DP:EXAMASSIGNMENTS.EXAMNAME2 | DP:SECTIONS.SECTIONNAME | CMPTR PowerPoint 2013 Chapter 20: SAM Project 1a | DP:TEXTBOOK.BOOK | DP:PROJECTASSIGNMENTS.PROJECTUNITS | DP:SAMPATHASSIGNMENTS.SAMPATHSUBJECT | SAM Assignments | Exams | Projects | Trainings | DP:SAMPATHASSIGNMENTS.SAMPATHNAME | SAM Paths | Y | N | Admin | SAM Assignments | Purge | DP:EXAMASSIGNMENTS.EXAMNAME1 | DP:TRAININGASSIGNMENTS.TRAININGNAME1 | DP:PROJECTASSIGNMENTS.PROJECTASSIGNMENTNAME1 | DP:TRAININGASSIGNMENTS.TRAININGNAME2 |" name="And I click on Admin tab" time="0"/>
  <testcase classname="| DP:SUPER.USERNAME | DP:SUPER.PASSWORD | DP:PROJECTASSIGNMENTS.PROJECTSUBJECT | DP:EXAMASSIGNMENTS.EXAMNAME2 | DP:SECTIONS.SECTIONNAME | CMPTR PowerPoint 2013 Chapter 20: SAM Project 1a | DP:TEXTBOOK.BOOK | DP:PROJECTASSIGNMENTS.PROJECTUNITS | DP:SAMPATHASSIGNMENTS.SAMPATHSUBJECT | SAM Assignments | Exams | Projects | Trainings | DP:SAMPATHASSIGNMENTS.SAMPATHNAME | SAM Paths | Y | N | Admin | SAM Assignments | Purge | DP:EXAMASSIGNMENTS.EXAMNAME1 | DP:TRAININGASSIGNMENTS.TRAININGNAME1 | DP:PROJECTASSIGNMENTS.PROJECTASSIGNMENTNAME1 | DP:TRAININGASSIGNMENTS.TRAININGNAME2 |" name="And I click on Purge tab in AdminTab" time="0"/>
  <testcase classname="| DP:SUPER.USERNAME | DP:SUPER.PASSWORD | DP:PROJECTASSIGNMENTS.PROJECTSUBJECT | DP:EXAMASSIGNMENTS.EXAMNAME2 | DP:SECTIONS.SECTIONNAME | CMPTR PowerPoint 2013 Chapter 20: SAM Project 1a | DP:TEXTBOOK.BOOK | DP:PROJECTASSIGNMENTS.PROJECTUNITS | DP:SAMPATHASSIGNMENTS.SAMPATHSUBJECT | SAM Assignments | Exams | Projects | Trainings | DP:SAMPATHASSIGNMENTS.SAMPATHNAME | SAM Paths | Y | N | Admin | SAM Assignments | Purge | DP:EXAMASSIGNMENTS.EXAMNAME1 | DP:TRAININGASSIGNMENTS.TRAININGNAME1 | DP:PROJECTASSIGNMENTS.PROJECTASSIGNMENTNAME1 | DP:TRAININGASSIGNMENTS.TRAININGNAME2 |" name="And I click on SAM Assignments label RadioButton" time="0"/>
  <testcase classname="| DP:SUPER.USERNAME | DP:SUPER.PASSWORD | DP:PROJECTASSIGNMENTS.PROJECTSUBJECT | DP:EXAMASSIGNMENTS.EXAMNAME2 | DP:SECTIONS.SECTIONNAME | CMPTR PowerPoint 2013 Chapter 20: SAM Project 1a | DP:TEXTBOOK.BOOK | DP:PROJECTASSIGNMENTS.PROJECTUNITS | DP:SAMPATHASSIGNMENTS.SAMPATHSUBJECT | SAM Assignments | Exams | Projects | Trainings | DP:SAMPATHASSIGNMENTS.SAMPATHNAME | SAM Paths | Y | N | Admin | SAM Assignments | Purge | DP:EXAMASSIGNMENTS.EXAMNAME1 | DP:TRAININGASSIGNMENTS.TRAININGNAME1 | DP:PROJECTASSIGNMENTS.PROJECTASSIGNMENTNAME1 | DP:TRAININGASSIGNMENTS.TRAININGNAME2 |" name="And I check on Exams label CheckBox" time="0"/>
  <testcase classname="| DP:SUPER.USERNAME | DP:SUPER.PASSWORD | DP:PROJECTASSIGNMENTS.PROJECTSUBJECT | DP:EXAMASSIGNMENTS.EXAMNAME2 | DP:SECTIONS.SECTIONNAME | CMPTR PowerPoint 2013 Chapter 20: SAM Project 1a | DP:TEXTBOOK.BOOK | DP:PROJECTASSIGNMENTS.PROJECTUNITS | DP:SAMPATHASSIGNMENTS.SAMPATHSUBJECT | SAM Assignments | Exams | Projects | Trainings | DP:SAMPATHASSIGNMENTS.SAMPATHNAME | SAM Paths | Y | N | Admin | SAM Assignments | Purge | DP:EXAMASSIGNMENTS.EXAMNAME1 | DP:TRAININGASSIGNMENTS.TRAININGNAME1 | DP:PROJECTASSIGNMENTS.PROJECTASSIGNMENTNAME1 | DP:TRAININGASSIGNMENTS.TRAININGNAME2 |" name="And I check on DP:EXAMASSIGNMENTS.EXAMNAME1 Y Assignments CheckBox" time="0"/>
  <testcase classname="| DP:SUPER.USERNAME | DP:SUPER.PASSWORD | DP:PROJECTASSIGNMENTS.PROJECTSUBJECT | DP:EXAMASSIGNMENTS.EXAMNAME2 | DP:SECTIONS.SECTIONNAME | CMPTR PowerPoint 2013 Chapter 20: SAM Project 1a | DP:TEXTBOOK.BOOK | DP:PROJECTASSIGNMENTS.PROJECTUNITS | DP:SAMPATHASSIGNMENTS.SAMPATHSUBJECT | SAM Assignments | Exams | Projects | Trainings | DP:SAMPATHASSIGNMENTS.SAMPATHNAME | SAM Paths | Y | N | Admin | SAM Assignments | Purge | DP:EXAMASSIGNMENTS.EXAMNAME1 | DP:TRAININGASSIGNMENTS.TRAININGNAME1 | DP:PROJECTASSIGNMENTS.PROJECTASSIGNMENTNAME1 | DP:TRAININGASSIGNMENTS.TRAININGNAME2 |" name="And I click on Purge button in Admin Tab" time="0"/>
  <testcase classname="| DP:SUPER.USERNAME | DP:SUPER.PASSWORD | DP:PROJECTASSIGNMENTS.PROJECTSUBJECT | DP:EXAMASSIGNMENTS.EXAMNAME2 | DP:SECTIONS.SECTIONNAME | CMPTR PowerPoint 2013 Chapter 20: SAM Project 1a | DP:TEXTBOOK.BOOK | DP:PROJECTASSIGNMENTS.PROJECTUNITS | DP:SAMPATHASSIGNMENTS.SAMPATHSUBJECT | SAM Assignments | Exams | Projects | Trainings | DP:SAMPATHASSIGNMENTS.SAMPATHNAME | SAM Paths | Y | N | Admin | SAM Assignments | Purge | DP:EXAMASSIGNMENTS.EXAMNAME1 | DP:TRAININGASSIGNMENTS.TRAININGNAME1 | DP:PROJECTASSIGNMENTS.PROJECTASSIGNMENTNAME1 | DP:TRAININGASSIGNMENTS.TRAININGNAME2 |" name="And I click on OK button in Project Creation" time="0"/>
  <testcase classname="| DP:SUPER.USERNAME | DP:SUPER.PASSWORD | DP:PROJECTASSIGNMENTS.PROJECTSUBJECT | DP:EXAMASSIGNMENTS.EXAMNAME2 | DP:SECTIONS.SECTIONNAME | CMPTR PowerPoint 2013 Chapter 20: SAM Project 1a | DP:TEXTBOOK.BOOK | DP:PROJECTASSIGNMENTS.PROJECTUNITS | DP:SAMPATHASSIGNMENTS.SAMPATHSUBJECT | SAM Assignments | Exams | Projects | Trainings | DP:SAMPATHASSIGNMENTS.SAMPATHNAME | SAM Paths | Y | N | Admin | SAM Assignments | Purge | DP:EXAMASSIGNMENTS.EXAMNAME1 | DP:TRAININGASSIGNMENTS.TRAININGNAME1 | DP:PROJECTASSIGNMENTS.PROJECTASSIGNMENTNAME1 | DP:TRAININGASSIGNMENTS.TRAININGNAME2 |" name="And I uncheck on Exams label CheckBox" time="0"/>
  <testcase classname="| DP:SUPER.USERNAME | DP:SUPER.PASSWORD | DP:PROJECTASSIGNMENTS.PROJECTSUBJECT | DP:EXAMASSIGNMENTS.EXAMNAME2 | DP:SECTIONS.SECTIONNAME | CMPTR PowerPoint 2013 Chapter 20: SAM Project 1a | DP:TEXTBOOK.BOOK | DP:PROJECTASSIGNMENTS.PROJECTUNITS | DP:SAMPATHASSIGNMENTS.SAMPATHSUBJECT | SAM Assignments | Exams | Projects | Trainings | DP:SAMPATHASSIGNMENTS.SAMPATHNAME | SAM Paths | Y | N | Admin | SAM Assignments | Purge | DP:EXAMASSIGNMENTS.EXAMNAME1 | DP:TRAININGASSIGNMENTS.TRAININGNAME1 | DP:PROJECTASSIGNMENTS.PROJECTASSIGNMENTNAME1 | DP:TRAININGASSIGNMENTS.TRAININGNAME2 |" name="And I check on Projects label CheckBox" time="0"/>
  <testcase classname="| DP:SUPER.USERNAME | DP:SUPER.PASSWORD | DP:PROJECTASSIGNMENTS.PROJECTSUBJECT | DP:EXAMASSIGNMENTS.EXAMNAME2 | DP:SECTIONS.SECTIONNAME | CMPTR PowerPoint 2013 Chapter 20: SAM Project 1a | DP:TEXTBOOK.BOOK | DP:PROJECTASSIGNMENTS.PROJECTUNITS | DP:SAMPATHASSIGNMENTS.SAMPATHSUBJECT | SAM Assignments | Exams | Projects | Trainings | DP:SAMPATHASSIGNMENTS.SAMPATHNAME | SAM Paths | Y | N | Admin | SAM Assignments | Purge | DP:EXAMASSIGNMENTS.EXAMNAME1 | DP:TRAININGASSIGNMENTS.TRAININGNAME1 | DP:PROJECTASSIGNMENTS.PROJECTASSIGNMENTNAME1 | DP:TRAININGASSIGNMENTS.TRAININGNAME2 |" name="And I check on DP:PROJECTASSIGNMENTS.PROJECTASSIGNMENTNAME1 Y Assignments CheckBox" time="0"/>
  <testcase classname="| DP:SUPER.USERNAME | DP:SUPER.PASSWORD | DP:PROJECTASSIGNMENTS.PROJECTSUBJECT | DP:EXAMASSIGNMENTS.EXAMNAME2 | DP:SECTIONS.SECTIONNAME | CMPTR PowerPoint 2013 Chapter 20: SAM Project 1a | DP:TEXTBOOK.BOOK | DP:PROJECTASSIGNMENTS.PROJECTUNITS | DP:SAMPATHASSIGNMENTS.SAMPATHSUBJECT | SAM Assignments | Exams | Projects | Trainings | DP:SAMPATHASSIGNMENTS.SAMPATHNAME | SAM Paths | Y | N | Admin | SAM Assignments | Purge | DP:EXAMASSIGNMENTS.EXAMNAME1 | DP:TRAININGASSIGNMENTS.TRAININGNAME1 | DP:PROJECTASSIGNMENTS.PROJECTASSIGNMENTNAME1 | DP:TRAININGASSIGNMENTS.TRAININGNAME2 |" name="And I click on Purge button in Admin Tab" time="0"/>
  <testcase classname="| DP:SUPER.USERNAME | DP:SUPER.PASSWORD | DP:PROJECTASSIGNMENTS.PROJECTSUBJECT | DP:EXAMASSIGNMENTS.EXAMNAME2 | DP:SECTIONS.SECTIONNAME | CMPTR PowerPoint 2013 Chapter 20: SAM Project 1a | DP:TEXTBOOK.BOOK | DP:PROJECTASSIGNMENTS.PROJECTUNITS | DP:SAMPATHASSIGNMENTS.SAMPATHSUBJECT | SAM Assignments | Exams | Projects | Trainings | DP:SAMPATHASSIGNMENTS.SAMPATHNAME | SAM Paths | Y | N | Admin | SAM Assignments | Purge | DP:EXAMASSIGNMENTS.EXAMNAME1 | DP:TRAININGASSIGNMENTS.TRAININGNAME1 | DP:PROJECTASSIGNMENTS.PROJECTASSIGNMENTNAME1 | DP:TRAININGASSIGNMENTS.TRAININGNAME2 |" name="And I click on OK button in Project Creation" time="0"/>
  <testcase classname="| DP:SUPER.USERNAME | DP:SUPER.PASSWORD | DP:PROJECTASSIGNMENTS.PROJECTSUBJECT | DP:EXAMASSIGNMENTS.EXAMNAME2 | DP:SECTIONS.SECTIONNAME | CMPTR PowerPoint 2013 Chapter 20: SAM Project 1a | DP:TEXTBOOK.BOOK | DP:PROJECTASSIGNMENTS.PROJECTUNITS | DP:SAMPATHASSIGNMENTS.SAMPATHSUBJECT | SAM Assignments | Exams | Projects | Trainings | DP:SAMPATHASSIGNMENTS.SAMPATHNAME | SAM Paths | Y | N | Admin | SAM Assignments | Purge | DP:EXAMASSIGNMENTS.EXAMNAME1 | DP:TRAININGASSIGNMENTS.TRAININGNAME1 | DP:PROJECTASSIGNMENTS.PROJECTASSIGNMENTNAME1 | DP:TRAININGASSIGNMENTS.TRAININGNAME2 |" name="And I uncheck on Projects label CheckBox" time="0"/>
  <testcase classname="| DP:SUPER.USERNAME | DP:SUPER.PASSWORD | DP:PROJECTASSIGNMENTS.PROJECTSUBJECT | DP:EXAMASSIGNMENTS.EXAMNAME2 | DP:SECTIONS.SECTIONNAME | CMPTR PowerPoint 2013 Chapter 20: SAM Project 1a | DP:TEXTBOOK.BOOK | DP:PROJECTASSIGNMENTS.PROJECTUNITS | DP:SAMPATHASSIGNMENTS.SAMPATHSUBJECT | SAM Assignments | Exams | Projects | Trainings | DP:SAMPATHASSIGNMENTS.SAMPATHNAME | SAM Paths | Y | N | Admin | SAM Assignments | Purge | DP:EXAMASSIGNMENTS.EXAMNAME1 | DP:TRAININGASSIGNMENTS.TRAININGNAME1 | DP:PROJECTASSIGNMENTS.PROJECTASSIGNMENTNAME1 | DP:TRAININGASSIGNMENTS.TRAININGNAME2 |" name="And I check on SAM Paths label CheckBox" time="0"/>
  <testcase classname="| DP:SUPER.USERNAME | DP:SUPER.PASSWORD | DP:PROJECTASSIGNMENTS.PROJECTSUBJECT | DP:EXAMASSIGNMENTS.EXAMNAME2 | DP:SECTIONS.SECTIONNAME | CMPTR PowerPoint 2013 Chapter 20: SAM Project 1a | DP:TEXTBOOK.BOOK | DP:PROJECTASSIGNMENTS.PROJECTUNITS | DP:SAMPATHASSIGNMENTS.SAMPATHSUBJECT | SAM Assignments | Exams | Projects | Trainings | DP:SAMPATHASSIGNMENTS.SAMPATHNAME | SAM Paths | Y | N | Admin | SAM Assignments | Purge | DP:EXAMASSIGNMENTS.EXAMNAME1 | DP:TRAININGASSIGNMENTS.TRAININGNAME1 | DP:PROJECTASSIGNMENTS.PROJECTASSIGNMENTNAME1 | DP:TRAININGASSIGNMENTS.TRAININGNAME2 |" name="And I check on DP:SAMPATHASSIGNMENTS.SAMPATHNAME Y Assignments CheckBox" time="0"/>
  <testcase classname="| DP:SUPER.USERNAME | DP:SUPER.PASSWORD | DP:PROJECTASSIGNMENTS.PROJECTSUBJECT | DP:EXAMASSIGNMENTS.EXAMNAME2 | DP:SECTIONS.SECTIONNAME | CMPTR PowerPoint 2013 Chapter 20: SAM Project 1a | DP:TEXTBOOK.BOOK | DP:PROJECTASSIGNMENTS.PROJECTUNITS | DP:SAMPATHASSIGNMENTS.SAMPATHSUBJECT | SAM Assignments | Exams | Projects | Trainings | DP:SAMPATHASSIGNMENTS.SAMPATHNAME | SAM Paths | Y | N | Admin | SAM Assignments | Purge | DP:EXAMASSIGNMENTS.EXAMNAME1 | DP:TRAININGASSIGNMENTS.TRAININGNAME1 | DP:PROJECTASSIGNMENTS.PROJECTASSIGNMENTNAME1 | DP:TRAININGASSIGNMENTS.TRAININGNAME2 |" name="And I click on Purge button in Admin Tab" time="0"/>
  <testcase classname="| DP:SUPER.USERNAME | DP:SUPER.PASSWORD | DP:PROJECTASSIGNMENTS.PROJECTSUBJECT | DP:EXAMASSIGNMENTS.EXAMNAME2 | DP:SECTIONS.SECTIONNAME | CMPTR PowerPoint 2013 Chapter 20: SAM Project 1a | DP:TEXTBOOK.BOOK | DP:PROJECTASSIGNMENTS.PROJECTUNITS | DP:SAMPATHASSIGNMENTS.SAMPATHSUBJECT | SAM Assignments | Exams | Projects | Trainings | DP:SAMPATHASSIGNMENTS.SAMPATHNAME | SAM Paths | Y | N | Admin | SAM Assignments | Purge | DP:EXAMASSIGNMENTS.EXAMNAME1 | DP:TRAININGASSIGNMENTS.TRAININGNAME1 | DP:PROJECTASSIGNMENTS.PROJECTASSIGNMENTNAME1 | DP:TRAININGASSIGNMENTS.TRAININGNAME2 |" name="And I click on OK button in Project Creation" time="0"/>
  <testcase classname="| DP:SUPER.USERNAME | DP:SUPER.PASSWORD | DP:PROJECTASSIGNMENTS.PROJECTSUBJECT | DP:EXAMASSIGNMENTS.EXAMNAME2 | DP:SECTIONS.SECTIONNAME | CMPTR PowerPoint 2013 Chapter 20: SAM Project 1a | DP:TEXTBOOK.BOOK | DP:PROJECTASSIGNMENTS.PROJECTUNITS | DP:SAMPATHASSIGNMENTS.SAMPATHSUBJECT | SAM Assignments | Exams | Projects | Trainings | DP:SAMPATHASSIGNMENTS.SAMPATHNAME | SAM Paths | Y | N | Admin | SAM Assignments | Purge | DP:EXAMASSIGNMENTS.EXAMNAME1 | DP:TRAININGASSIGNMENTS.TRAININGNAME1 | DP:PROJECTASSIGNMENTS.PROJECTASSIGNMENTNAME1 | DP:TRAININGASSIGNMENTS.TRAININGNAME2 |" name="And I uncheck on SAM Paths label CheckBox" time="0"/>
  <testcase classname="| DP:SUPER.USERNAME | DP:SUPER.PASSWORD | DP:PROJECTASSIGNMENTS.PROJECTSUBJECT | DP:EXAMASSIGNMENTS.EXAMNAME2 | DP:SECTIONS.SECTIONNAME | CMPTR PowerPoint 2013 Chapter 20: SAM Project 1a | DP:TEXTBOOK.BOOK | DP:PROJECTASSIGNMENTS.PROJECTUNITS | DP:SAMPATHASSIGNMENTS.SAMPATHSUBJECT | SAM Assignments | Exams | Projects | Trainings | DP:SAMPATHASSIGNMENTS.SAMPATHNAME | SAM Paths | Y | N | Admin | SAM Assignments | Purge | DP:EXAMASSIGNMENTS.EXAMNAME1 | DP:TRAININGASSIGNMENTS.TRAININGNAME1 | DP:PROJECTASSIGNMENTS.PROJECTASSIGNMENTNAME1 | DP:TRAININGASSIGNMENTS.TRAININGNAME2 |" name="And I check on Trainings label CheckBox" time="0"/>
  <testcase classname="| DP:SUPER.USERNAME | DP:SUPER.PASSWORD | DP:PROJECTASSIGNMENTS.PROJECTSUBJECT | DP:EXAMASSIGNMENTS.EXAMNAME2 | DP:SECTIONS.SECTIONNAME | CMPTR PowerPoint 2013 Chapter 20: SAM Project 1a | DP:TEXTBOOK.BOOK | DP:PROJECTASSIGNMENTS.PROJECTUNITS | DP:SAMPATHASSIGNMENTS.SAMPATHSUBJECT | SAM Assignments | Exams | Projects | Trainings | DP:SAMPATHASSIGNMENTS.SAMPATHNAME | SAM Paths | Y | N | Admin | SAM Assignments | Purge | DP:EXAMASSIGNMENTS.EXAMNAME1 | DP:TRAININGASSIGNMENTS.TRAININGNAME1 | DP:PROJECTASSIGNMENTS.PROJECTASSIGNMENTNAME1 | DP:TRAININGASSIGNMENTS.TRAININGNAME2 |" name="And I check on DP:TRAININGASSIGNMENTS.TRAININGNAME1 Y Assignments CheckBox" time="0"/>
  <testcase classname="| DP:SUPER.USERNAME | DP:SUPER.PASSWORD | DP:PROJECTASSIGNMENTS.PROJECTSUBJECT | DP:EXAMASSIGNMENTS.EXAMNAME2 | DP:SECTIONS.SECTIONNAME | CMPTR PowerPoint 2013 Chapter 20: SAM Project 1a | DP:TEXTBOOK.BOOK | DP:PROJECTASSIGNMENTS.PROJECTUNITS | DP:SAMPATHASSIGNMENTS.SAMPATHSUBJECT | SAM Assignments | Exams | Projects | Trainings | DP:SAMPATHASSIGNMENTS.SAMPATHNAME | SAM Paths | Y | N | Admin | SAM Assignments | Purge | DP:EXAMASSIGNMENTS.EXAMNAME1 | DP:TRAININGASSIGNMENTS.TRAININGNAME1 | DP:PROJECTASSIGNMENTS.PROJECTASSIGNMENTNAME1 | DP:TRAININGASSIGNMENTS.TRAININGNAME2 |" name="And I click on Purge button in Admin Tab" time="0"/>
  <testcase classname="| DP:SUPER.USERNAME | DP:SUPER.PASSWORD | DP:PROJECTASSIGNMENTS.PROJECTSUBJECT | DP:EXAMASSIGNMENTS.EXAMNAME2 | DP:SECTIONS.SECTIONNAME | CMPTR PowerPoint 2013 Chapter 20: SAM Project 1a | DP:TEXTBOOK.BOOK | DP:PROJECTASSIGNMENTS.PROJECTUNITS | DP:SAMPATHASSIGNMENTS.SAMPATHSUBJECT | SAM Assignments | Exams | Projects | Trainings | DP:SAMPATHASSIGNMENTS.SAMPATHNAME | SAM Paths | Y | N | Admin | SAM Assignments | Purge | DP:EXAMASSIGNMENTS.EXAMNAME1 | DP:TRAININGASSIGNMENTS.TRAININGNAME1 | DP:PROJECTASSIGNMENTS.PROJECTASSIGNMENTNAME1 | DP:TRAININGASSIGNMENTS.TRAININGNAME2 |" name="And I click on OK button in Project Creation" time="0"/>
  <testcase classname="| DP:SUPER.USERNAME | DP:SUPER.PASSWORD | DP:PROJECTASSIGNMENTS.PROJECTSUBJECT | DP:EXAMASSIGNMENTS.EXAMNAME2 | DP:SECTIONS.SECTIONNAME | CMPTR PowerPoint 2013 Chapter 20: SAM Project 1a | DP:TEXTBOOK.BOOK | DP:PROJECTASSIGNMENTS.PROJECTUNITS | DP:SAMPATHASSIGNMENTS.SAMPATHSUBJECT | SAM Assignments | Exams | Projects | Trainings | DP:SAMPATHASSIGNMENTS.SAMPATHNAME | SAM Paths | Y | N | Admin | SAM Assignments | Purge | DP:EXAMASSIGNMENTS.EXAMNAME1 | DP:TRAININGASSIGNMENTS.TRAININGNAME1 | DP:PROJECTASSIGNMENTS.PROJECTASSIGNMENTNAME1 | DP:TRAININGASSIGNMENTS.TRAININGNAME2 |" name="And I click on SAM Assignments tab" time="0"/>
  <testcase classname="| DP:SUPER.USERNAME | DP:SUPER.PASSWORD | DP:PROJECTASSIGNMENTS.PROJECTSUBJECT | DP:EXAMASSIGNMENTS.EXAMNAME2 | DP:SECTIONS.SECTIONNAME | CMPTR PowerPoint 2013 Chapter 20: SAM Project 1a | DP:TEXTBOOK.BOOK | DP:PROJECTASSIGNMENTS.PROJECTUNITS | DP:SAMPATHASSIGNMENTS.SAMPATHSUBJECT | SAM Assignments | Exams | Projects | Trainings | DP:SAMPATHASSIGNMENTS.SAMPATHNAME | SAM Paths | Y | N | Admin | SAM Assignments | Purge | DP:EXAMASSIGNMENTS.EXAMNAME1 | DP:TRAININGASSIGNMENTS.TRAININGNAME1 | DP:PROJECTASSIGNMENTS.PROJECTASSIGNMENTNAME1 | DP:TRAININGASSIGNMENTS.TRAININGNAME2 |" name="And I click on Schedule New button" time="0"/>
  <testcase classname="| DP:SUPER.USERNAME | DP:SUPER.PASSWORD | DP:PROJECTASSIGNMENTS.PROJECTSUBJECT | DP:EXAMASSIGNMENTS.EXAMNAME2 | DP:SECTIONS.SECTIONNAME | CMPTR PowerPoint 2013 Chapter 20: SAM Project 1a | DP:TEXTBOOK.BOOK | DP:PROJECTASSIGNMENTS.PROJECTUNITS | DP:SAMPATHASSIGNMENTS.SAMPATHSUBJECT | SAM Assignments | Exams | Projects | Trainings | DP:SAMPATHASSIGNMENTS.SAMPATHNAME | SAM Paths | Y | N | Admin | SAM Assignments | Purge | DP:EXAMASSIGNMENTS.EXAMNAME1 | DP:TRAININGASSIGNMENTS.TRAININGNAME1 | DP:PROJECTASSIGNMENTS.PROJECTASSIGNMENTNAME1 | DP:TRAININGASSIGNMENTS.TRAININGNAME2 |" name="And I click on Training button in Select Assignment Type page" time="0"/>
  <testcase classname="| DP:SUPER.USERNAME | DP:SUPER.PASSWORD | DP:PROJECTASSIGNMENTS.PROJECTSUBJECT | DP:EXAMASSIGNMENTS.EXAMNAME2 | DP:SECTIONS.SECTIONNAME | CMPTR PowerPoint 2013 Chapter 20: SAM Project 1a | DP:TEXTBOOK.BOOK | DP:PROJECTASSIGNMENTS.PROJECTUNITS | DP:SAMPATHASSIGNMENTS.SAMPATHSUBJECT | SAM Assignments | Exams | Projects | Trainings | DP:SAMPATHASSIGNMENTS.SAMPATHNAME | SAM Paths | Y | N | Admin | SAM Assignments | Purge | DP:EXAMASSIGNMENTS.EXAMNAME1 | DP:TRAININGASSIGNMENTS.TRAININGNAME1 | DP:PROJECTASSIGNMENTS.PROJECTASSIGNMENTNAME1 | DP:TRAININGASSIGNMENTS.TRAININGNAME2 |" name="And I click on Exam button in Select Assignment Type page" time="0"/>
  <testcase classname="| DP:SUPER.USERNAME | DP:SUPER.PASSWORD | DP:PROJECTASSIGNMENTS.PROJECTSUBJECT | DP:EXAMASSIGNMENTS.EXAMNAME2 | DP:SECTIONS.SECTIONNAME | CMPTR PowerPoint 2013 Chapter 20: SAM Project 1a | DP:TEXTBOOK.BOOK | DP:PROJECTASSIGNMENTS.PROJECTUNITS | DP:SAMPATHASSIGNMENTS.SAMPATHSUBJECT | SAM Assignments | Exams | Projects | Trainings | DP:SAMPATHASSIGNMENTS.SAMPATHNAME | SAM Paths | Y | N | Admin | SAM Assignments | Purge | DP:EXAMASSIGNMENTS.EXAMNAME1 | DP:TRAININGASSIGNMENTS.TRAININGNAME1 | DP:PROJECTASSIGNMENTS.PROJECTASSIGNMENTNAME1 | DP:TRAININGASSIGNMENTS.TRAININGNAME2 |" name="And I select DP:SAMPATHASSIGNMENTS.SAMPATHSUBJECT in Subject drop down" time="0"/>
  <testcase classname="| DP:SUPER.USERNAME | DP:SUPER.PASSWORD | DP:PROJECTASSIGNMENTS.PROJECTSUBJECT | DP:EXAMASSIGNMENTS.EXAMNAME2 | DP:SECTIONS.SECTIONNAME | CMPTR PowerPoint 2013 Chapter 20: SAM Project 1a | DP:TEXTBOOK.BOOK | DP:PROJECTASSIGNMENTS.PROJECTUNITS | DP:SAMPATHASSIGNMENTS.SAMPATHSUBJECT | SAM Assignments | Exams | Projects | Trainings | DP:SAMPATHASSIGNMENTS.SAMPATHNAME | SAM Paths | Y | N | Admin | SAM Assignments | Purge | DP:EXAMASSIGNMENTS.EXAMNAME1 | DP:TRAININGASSIGNMENTS.TRAININGNAME1 | DP:PROJECTASSIGNMENTS.PROJECTASSIGNMENTNAME1 | DP:TRAININGASSIGNMENTS.TRAININGNAME2 |" name="And I select DP:EXAMASSIGNMENTS.EXAMNAME2 Y in Exam Name" time="0"/>
  <testcase classname="| DP:SUPER.USERNAME | DP:SUPER.PASSWORD | DP:PROJECTASSIGNMENTS.PROJECTSUBJECT | DP:EXAMASSIGNMENTS.EXAMNAME2 | DP:SECTIONS.SECTIONNAME | CMPTR PowerPoint 2013 Chapter 20: SAM Project 1a | DP:TEXTBOOK.BOOK | DP:PROJECTASSIGNMENTS.PROJECTUNITS | DP:SAMPATHASSIGNMENTS.SAMPATHSUBJECT | SAM Assignments | Exams | Projects | Trainings | DP:SAMPATHASSIGNMENTS.SAMPATHNAME | SAM Paths | Y | N | Admin | SAM Assignments | Purge | DP:EXAMASSIGNMENTS.EXAMNAME1 | DP:TRAININGASSIGNMENTS.TRAININGNAME1 | DP:PROJECTASSIGNMENTS.PROJECTASSIGNMENTNAME1 | DP:TRAININGASSIGNMENTS.TRAININGNAME2 |" name="And I click on Next Step button" time="0"/>
  <testcase classname="| DP:SUPER.USERNAME | DP:SUPER.PASSWORD | DP:PROJECTASSIGNMENTS.PROJECTSUBJECT | DP:EXAMASSIGNMENTS.EXAMNAME2 | DP:SECTIONS.SECTIONNAME | CMPTR PowerPoint 2013 Chapter 20: SAM Project 1a | DP:TEXTBOOK.BOOK | DP:PROJECTASSIGNMENTS.PROJECTUNITS | DP:SAMPATHASSIGNMENTS.SAMPATHSUBJECT | SAM Assignments | Exams | Projects | Trainings | DP:SAMPATHASSIGNMENTS.SAMPATHNAME | SAM Paths | Y | N | Admin | SAM Assignments | Purge | DP:EXAMASSIGNMENTS.EXAMNAME1 | DP:TRAININGASSIGNMENTS.TRAININGNAME1 | DP:PROJECTASSIGNMENTS.PROJECTASSIGNMENTNAME1 | DP:TRAININGASSIGNMENTS.TRAININGNAME2 |" name="And I enter DP:EXAMASSIGNMENTS.EXAMNAME1 Y in Assignment Name" time="0"/>
  <testcase classname="| DP:SUPER.USERNAME | DP:SUPER.PASSWORD | DP:PROJECTASSIGNMENTS.PROJECTSUBJECT | DP:EXAMASSIGNMENTS.EXAMNAME2 | DP:SECTIONS.SECTIONNAME | CMPTR PowerPoint 2013 Chapter 20: SAM Project 1a | DP:TEXTBOOK.BOOK | DP:PROJECTASSIGNMENTS.PROJECTUNITS | DP:SAMPATHASSIGNMENTS.SAMPATHSUBJECT | SAM Assignments | Exams | Projects | Trainings | DP:SAMPATHASSIGNMENTS.SAMPATHNAME | SAM Paths | Y | N | Admin | SAM Assignments | Purge | DP:EXAMASSIGNMENTS.EXAMNAME1 | DP:TRAININGASSIGNMENTS.TRAININGNAME1 | DP:PROJECTASSIGNMENTS.PROJECTASSIGNMENTNAME1 | DP:TRAININGASSIGNMENTS.TRAININGNAME2 |" name="And I click on section drop down" time="0"/>
  <testcase classname="| DP:SUPER.USERNAME | DP:SUPER.PASSWORD | DP:PROJECTASSIGNMENTS.PROJECTSUBJECT | DP:EXAMASSIGNMENTS.EXAMNAME2 | DP:SECTIONS.SECTIONNAME | CMPTR PowerPoint 2013 Chapter 20: SAM Project 1a | DP:TEXTBOOK.BOOK | DP:PROJECTASSIGNMENTS.PROJECTUNITS | DP:SAMPATHASSIGNMENTS.SAMPATHSUBJECT | SAM Assignments | Exams | Projects | Trainings | DP:SAMPATHASSIGNMENTS.SAMPATHNAME | SAM Paths | Y | N | Admin | SAM Assignments | Purge | DP:EXAMASSIGNMENTS.EXAMNAME1 | DP:TRAININGASSIGNMENTS.TRAININGNAME1 | DP:PROJECTASSIGNMENTS.PROJECTASSIGNMENTNAME1 | DP:TRAININGASSIGNMENTS.TRAININGNAME2 |" name="And I check DP:SECTIONS.SECTIONNAME Y in Select section drop down" time="0"/>
  <testcase classname="| DP:SUPER.USERNAME | DP:SUPER.PASSWORD | DP:PROJECTASSIGNMENTS.PROJECTSUBJECT | DP:EXAMASSIGNMENTS.EXAMNAME2 | DP:SECTIONS.SECTIONNAME | CMPTR PowerPoint 2013 Chapter 20: SAM Project 1a | DP:TEXTBOOK.BOOK | DP:PROJECTASSIGNMENTS.PROJECTUNITS | DP:SAMPATHASSIGNMENTS.SAMPATHSUBJECT | SAM Assignments | Exams | Projects | Trainings | DP:SAMPATHASSIGNMENTS.SAMPATHNAME | SAM Paths | Y | N | Admin | SAM Assignments | Purge | DP:EXAMASSIGNMENTS.EXAMNAME1 | DP:TRAININGASSIGNMENTS.TRAININGNAME1 | DP:PROJECTASSIGNMENTS.PROJECTASSIGNMENTNAME1 | DP:TRAININGASSIGNMENTS.TRAININGNAME2 |" name="And I click on section drop down" time="0"/>
  <testcase classname="| DP:SUPER.USERNAME | DP:SUPER.PASSWORD | DP:PROJECTASSIGNMENTS.PROJECTSUBJECT | DP:EXAMASSIGNMENTS.EXAMNAME2 | DP:SECTIONS.SECTIONNAME | CMPTR PowerPoint 2013 Chapter 20: SAM Project 1a | DP:TEXTBOOK.BOOK | DP:PROJECTASSIGNMENTS.PROJECTUNITS | DP:SAMPATHASSIGNMENTS.SAMPATHSUBJECT | SAM Assignments | Exams | Projects | Trainings | DP:SAMPATHASSIGNMENTS.SAMPATHNAME | SAM Paths | Y | N | Admin | SAM Assignments | Purge | DP:EXAMASSIGNMENTS.EXAMNAME1 | DP:TRAININGASSIGNMENTS.TRAININGNAME1 | DP:PROJECTASSIGNMENTS.PROJECTASSIGNMENTNAME1 | DP:TRAININGASSIGNMENTS.TRAININGNAME2 |" name="And I click on Save button" time="0"/>
  <testcase classname="| DP:SUPER.USERNAME | DP:SUPER.PASSWORD | DP:PROJECTASSIGNMENTS.PROJECTSUBJECT | DP:EXAMASSIGNMENTS.EXAMNAME2 | DP:SECTIONS.SECTIONNAME | CMPTR PowerPoint 2013 Chapter 20: SAM Project 1a | DP:TEXTBOOK.BOOK | DP:PROJECTASSIGNMENTS.PROJECTUNITS | DP:SAMPATHASSIGNMENTS.SAMPATHSUBJECT | SAM Assignments | Exams | Projects | Trainings | DP:SAMPATHASSIGNMENTS.SAMPATHNAME | SAM Paths | Y | N | Admin | SAM Assignments | Purge | DP:EXAMASSIGNMENTS.EXAMNAME1 | DP:TRAININGASSIGNMENTS.TRAININGNAME1 | DP:PROJECTASSIGNMENTS.PROJECTASSIGNMENTNAME1 | DP:TRAININGASSIGNMENTS.TRAININGNAME2 |" name="And I click on X icon" time="0"/>
  <testcase classname="| DP:SUPER.USERNAME | DP:SUPER.PASSWORD | DP:PROJECTASSIGNMENTS.PROJECTSUBJECT | DP:EXAMASSIGNMENTS.EXAMNAME2 | DP:SECTIONS.SECTIONNAME | CMPTR PowerPoint 2013 Chapter 20: SAM Project 1a | DP:TEXTBOOK.BOOK | DP:PROJECTASSIGNMENTS.PROJECTUNITS | DP:SAMPATHASSIGNMENTS.SAMPATHSUBJECT | SAM Assignments | Exams | Projects | Trainings | DP:SAMPATHASSIGNMENTS.SAMPATHNAME | SAM Paths | Y | N | Admin | SAM Assignments | Purge | DP:EXAMASSIGNMENTS.EXAMNAME1 | DP:TRAININGASSIGNMENTS.TRAININGNAME1 | DP:PROJECTASSIGNMENTS.PROJECTASSIGNMENTNAME1 | DP:TRAININGASSIGNMENTS.TRAININGNAME2 |" name="And I click on SAM Assignments tab" time="0"/>
  <testcase classname="| DP:SUPER.USERNAME | DP:SUPER.PASSWORD | DP:PROJECTASSIGNMENTS.PROJECTSUBJECT | DP:EXAMASSIGNMENTS.EXAMNAME2 | DP:SECTIONS.SECTIONNAME | CMPTR PowerPoint 2013 Chapter 20: SAM Project 1a | DP:TEXTBOOK.BOOK | DP:PROJECTASSIGNMENTS.PROJECTUNITS | DP:SAMPATHASSIGNMENTS.SAMPATHSUBJECT | SAM Assignments | Exams | Projects | Trainings | DP:SAMPATHASSIGNMENTS.SAMPATHNAME | SAM Paths | Y | N | Admin | SAM Assignments | Purge | DP:EXAMASSIGNMENTS.EXAMNAME1 | DP:TRAININGASSIGNMENTS.TRAININGNAME1 | DP:PROJECTASSIGNMENTS.PROJECTASSIGNMENTNAME1 | DP:TRAININGASSIGNMENTS.TRAININGNAME2 |" name="And I click on Schedule New button" time="0"/>
  <testcase classname="| DP:SUPER.USERNAME | DP:SUPER.PASSWORD | DP:PROJECTASSIGNMENTS.PROJECTSUBJECT | DP:EXAMASSIGNMENTS.EXAMNAME2 | DP:SECTIONS.SECTIONNAME | CMPTR PowerPoint 2013 Chapter 20: SAM Project 1a | DP:TEXTBOOK.BOOK | DP:PROJECTASSIGNMENTS.PROJECTUNITS | DP:SAMPATHASSIGNMENTS.SAMPATHSUBJECT | SAM Assignments | Exams | Projects | Trainings | DP:SAMPATHASSIGNMENTS.SAMPATHNAME | SAM Paths | Y | N | Admin | SAM Assignments | Purge | DP:EXAMASSIGNMENTS.EXAMNAME1 | DP:TRAININGASSIGNMENTS.TRAININGNAME1 | DP:PROJECTASSIGNMENTS.PROJECTASSIGNMENTNAME1 | DP:TRAININGASSIGNMENTS.TRAININGNAME2 |" name="And I click on Training button in Select Assignment Type page" time="0"/>
  <testcase classname="| DP:SUPER.USERNAME | DP:SUPER.PASSWORD | DP:PROJECTASSIGNMENTS.PROJECTSUBJECT | DP:EXAMASSIGNMENTS.EXAMNAME2 | DP:SECTIONS.SECTIONNAME | CMPTR PowerPoint 2013 Chapter 20: SAM Project 1a | DP:TEXTBOOK.BOOK | DP:PROJECTASSIGNMENTS.PROJECTUNITS | DP:SAMPATHASSIGNMENTS.SAMPATHSUBJECT | SAM Assignments | Exams | Projects | Trainings | DP:SAMPATHASSIGNMENTS.SAMPATHNAME | SAM Paths | Y | N | Admin | SAM Assignments | Purge | DP:EXAMASSIGNMENTS.EXAMNAME1 | DP:TRAININGASSIGNMENTS.TRAININGNAME1 | DP:PROJECTASSIGNMENTS.PROJECTASSIGNMENTNAME1 | DP:TRAININGASSIGNMENTS.TRAININGNAME2 |" name="And I select DP:SAMPATHASSIGNMENTS.SAMPATHSUBJECT in Subject drop down" time="0"/>
  <testcase classname="| DP:SUPER.USERNAME | DP:SUPER.PASSWORD | DP:PROJECTASSIGNMENTS.PROJECTSUBJECT | DP:EXAMASSIGNMENTS.EXAMNAME2 | DP:SECTIONS.SECTIONNAME | CMPTR PowerPoint 2013 Chapter 20: SAM Project 1a | DP:TEXTBOOK.BOOK | DP:PROJECTASSIGNMENTS.PROJECTUNITS | DP:SAMPATHASSIGNMENTS.SAMPATHSUBJECT | SAM Assignments | Exams | Projects | Trainings | DP:SAMPATHASSIGNMENTS.SAMPATHNAME | SAM Paths | Y | N | Admin | SAM Assignments | Purge | DP:EXAMASSIGNMENTS.EXAMNAME1 | DP:TRAININGASSIGNMENTS.TRAININGNAME1 | DP:PROJECTASSIGNMENTS.PROJECTASSIGNMENTNAME1 | DP:TRAININGASSIGNMENTS.TRAININGNAME2 |" name="And I select DP:TRAININGASSIGNMENTS.TRAININGNAME2 Y in Exam Name" time="0"/>
  <testcase classname="| DP:SUPER.USERNAME | DP:SUPER.PASSWORD | DP:PROJECTASSIGNMENTS.PROJECTSUBJECT | DP:EXAMASSIGNMENTS.EXAMNAME2 | DP:SECTIONS.SECTIONNAME | CMPTR PowerPoint 2013 Chapter 20: SAM Project 1a | DP:TEXTBOOK.BOOK | DP:PROJECTASSIGNMENTS.PROJECTUNITS | DP:SAMPATHASSIGNMENTS.SAMPATHSUBJECT | SAM Assignments | Exams | Projects | Trainings | DP:SAMPATHASSIGNMENTS.SAMPATHNAME | SAM Paths | Y | N | Admin | SAM Assignments | Purge | DP:EXAMASSIGNMENTS.EXAMNAME1 | DP:TRAININGASSIGNMENTS.TRAININGNAME1 | DP:PROJECTASSIGNMENTS.PROJECTASSIGNMENTNAME1 | DP:TRAININGASSIGNMENTS.TRAININGNAME2 |" name="And I click on Next Step button" time="0"/>
  <testcase classname="| DP:SUPER.USERNAME | DP:SUPER.PASSWORD | DP:PROJECTASSIGNMENTS.PROJECTSUBJECT | DP:EXAMASSIGNMENTS.EXAMNAME2 | DP:SECTIONS.SECTIONNAME | CMPTR PowerPoint 2013 Chapter 20: SAM Project 1a | DP:TEXTBOOK.BOOK | DP:PROJECTASSIGNMENTS.PROJECTUNITS | DP:SAMPATHASSIGNMENTS.SAMPATHSUBJECT | SAM Assignments | Exams | Projects | Trainings | DP:SAMPATHASSIGNMENTS.SAMPATHNAME | SAM Paths | Y | N | Admin | SAM Assignments | Purge | DP:EXAMASSIGNMENTS.EXAMNAME1 | DP:TRAININGASSIGNMENTS.TRAININGNAME1 | DP:PROJECTASSIGNMENTS.PROJECTASSIGNMENTNAME1 | DP:TRAININGASSIGNMENTS.TRAININGNAME2 |" name="And I enter DP:TRAININGASSIGNMENTS.TRAININGNAME1 Y in Assignment Name" time="0"/>
  <testcase classname="| DP:SUPER.USERNAME | DP:SUPER.PASSWORD | DP:PROJECTASSIGNMENTS.PROJECTSUBJECT | DP:EXAMASSIGNMENTS.EXAMNAME2 | DP:SECTIONS.SECTIONNAME | CMPTR PowerPoint 2013 Chapter 20: SAM Project 1a | DP:TEXTBOOK.BOOK | DP:PROJECTASSIGNMENTS.PROJECTUNITS | DP:SAMPATHASSIGNMENTS.SAMPATHSUBJECT | SAM Assignments | Exams | Projects | Trainings | DP:SAMPATHASSIGNMENTS.SAMPATHNAME | SAM Paths | Y | N | Admin | SAM Assignments | Purge | DP:EXAMASSIGNMENTS.EXAMNAME1 | DP:TRAININGASSIGNMENTS.TRAININGNAME1 | DP:PROJECTASSIGNMENTS.PROJECTASSIGNMENTNAME1 | DP:TRAININGASSIGNMENTS.TRAININGNAME2 |" name="And I click on section drop down" time="0"/>
  <testcase classname="| DP:SUPER.USERNAME | DP:SUPER.PASSWORD | DP:PROJECTASSIGNMENTS.PROJECTSUBJECT | DP:EXAMASSIGNMENTS.EXAMNAME2 | DP:SECTIONS.SECTIONNAME | CMPTR PowerPoint 2013 Chapter 20: SAM Project 1a | DP:TEXTBOOK.BOOK | DP:PROJECTASSIGNMENTS.PROJECTUNITS | DP:SAMPATHASSIGNMENTS.SAMPATHSUBJECT | SAM Assignments | Exams | Projects | Trainings | DP:SAMPATHASSIGNMENTS.SAMPATHNAME | SAM Paths | Y | N | Admin | SAM Assignments | Purge | DP:EXAMASSIGNMENTS.EXAMNAME1 | DP:TRAININGASSIGNMENTS.TRAININGNAME1 | DP:PROJECTASSIGNMENTS.PROJECTASSIGNMENTNAME1 | DP:TRAININGASSIGNMENTS.TRAININGNAME2 |" name="And I check DP:SECTIONS.SECTIONNAME Y in Select section drop down" time="0"/>
  <testcase classname="| DP:SUPER.USERNAME | DP:SUPER.PASSWORD | DP:PROJECTASSIGNMENTS.PROJECTSUBJECT | DP:EXAMASSIGNMENTS.EXAMNAME2 | DP:SECTIONS.SECTIONNAME | CMPTR PowerPoint 2013 Chapter 20: SAM Project 1a | DP:TEXTBOOK.BOOK | DP:PROJECTASSIGNMENTS.PROJECTUNITS | DP:SAMPATHASSIGNMENTS.SAMPATHSUBJECT | SAM Assignments | Exams | Projects | Trainings | DP:SAMPATHASSIGNMENTS.SAMPATHNAME | SAM Paths | Y | N | Admin | SAM Assignments | Purge | DP:EXAMASSIGNMENTS.EXAMNAME1 | DP:TRAININGASSIGNMENTS.TRAININGNAME1 | DP:PROJECTASSIGNMENTS.PROJECTASSIGNMENTNAME1 | DP:TRAININGASSIGNMENTS.TRAININGNAME2 |" name="And I click on section drop down" time="0"/>
  <testcase classname="| DP:SUPER.USERNAME | DP:SUPER.PASSWORD | DP:PROJECTASSIGNMENTS.PROJECTSUBJECT | DP:EXAMASSIGNMENTS.EXAMNAME2 | DP:SECTIONS.SECTIONNAME | CMPTR PowerPoint 2013 Chapter 20: SAM Project 1a | DP:TEXTBOOK.BOOK | DP:PROJECTASSIGNMENTS.PROJECTUNITS | DP:SAMPATHASSIGNMENTS.SAMPATHSUBJECT | SAM Assignments | Exams | Projects | Trainings | DP:SAMPATHASSIGNMENTS.SAMPATHNAME | SAM Paths | Y | N | Admin | SAM Assignments | Purge | DP:EXAMASSIGNMENTS.EXAMNAME1 | DP:TRAININGASSIGNMENTS.TRAININGNAME1 | DP:PROJECTASSIGNMENTS.PROJECTASSIGNMENTNAME1 | DP:TRAININGASSIGNMENTS.TRAININGNAME2 |" name="And I click on Save button" time="0"/>
  <testcase classname="| DP:SUPER.USERNAME | DP:SUPER.PASSWORD | DP:PROJECTASSIGNMENTS.PROJECTSUBJECT | DP:EXAMASSIGNMENTS.EXAMNAME2 | DP:SECTIONS.SECTIONNAME | CMPTR PowerPoint 2013 Chapter 20: SAM Project 1a | DP:TEXTBOOK.BOOK | DP:PROJECTASSIGNMENTS.PROJECTUNITS | DP:SAMPATHASSIGNMENTS.SAMPATHSUBJECT | SAM Assignments | Exams | Projects | Trainings | DP:SAMPATHASSIGNMENTS.SAMPATHNAME | SAM Paths | Y | N | Admin | SAM Assignments | Purge | DP:EXAMASSIGNMENTS.EXAMNAME1 | DP:TRAININGASSIGNMENTS.TRAININGNAME1 | DP:PROJECTASSIGNMENTS.PROJECTASSIGNMENTNAME1 | DP:TRAININGASSIGNMENTS.TRAININGNAME2 |" name="And I click on X icon" time="0"/>
  <testcase classname="| DP:SUPER.USERNAME | DP:SUPER.PASSWORD | DP:PROJECTASSIGNMENTS.PROJECTSUBJECT | DP:EXAMASSIGNMENTS.EXAMNAME2 | DP:SECTIONS.SECTIONNAME | CMPTR PowerPoint 2013 Chapter 20: SAM Project 1a | DP:TEXTBOOK.BOOK | DP:PROJECTASSIGNMENTS.PROJECTUNITS | DP:SAMPATHASSIGNMENTS.SAMPATHSUBJECT | SAM Assignments | Exams | Projects | Trainings | DP:SAMPATHASSIGNMENTS.SAMPATHNAME | SAM Paths | Y | N | Admin | SAM Assignments | Purge | DP:EXAMASSIGNMENTS.EXAMNAME1 | DP:TRAININGASSIGNMENTS.TRAININGNAME1 | DP:PROJECTASSIGNMENTS.PROJECTASSIGNMENTNAME1 | DP:TRAININGASSIGNMENTS.TRAININGNAME2 |" name="And I click on SAM Assignments tab" time="0"/>
  <testcase classname="| DP:SUPER.USERNAME | DP:SUPER.PASSWORD | DP:PROJECTASSIGNMENTS.PROJECTSUBJECT | DP:EXAMASSIGNMENTS.EXAMNAME2 | DP:SECTIONS.SECTIONNAME | CMPTR PowerPoint 2013 Chapter 20: SAM Project 1a | DP:TEXTBOOK.BOOK | DP:PROJECTASSIGNMENTS.PROJECTUNITS | DP:SAMPATHASSIGNMENTS.SAMPATHSUBJECT | SAM Assignments | Exams | Projects | Trainings | DP:SAMPATHASSIGNMENTS.SAMPATHNAME | SAM Paths | Y | N | Admin | SAM Assignments | Purge | DP:EXAMASSIGNMENTS.EXAMNAME1 | DP:TRAININGASSIGNMENTS.TRAININGNAME1 | DP:PROJECTASSIGNMENTS.PROJECTASSIGNMENTNAME1 | DP:TRAININGASSIGNMENTS.TRAININGNAME2 |" name="And I click on Schedule New button" time="0"/>
  <testcase classname="| DP:SUPER.USERNAME | DP:SUPER.PASSWORD | DP:PROJECTASSIGNMENTS.PROJECTSUBJECT | DP:EXAMASSIGNMENTS.EXAMNAME2 | DP:SECTIONS.SECTIONNAME | CMPTR PowerPoint 2013 Chapter 20: SAM Project 1a | DP:TEXTBOOK.BOOK | DP:PROJECTASSIGNMENTS.PROJECTUNITS | DP:SAMPATHASSIGNMENTS.SAMPATHSUBJECT | SAM Assignments | Exams | Projects | Trainings | DP:SAMPATHASSIGNMENTS.SAMPATHNAME | SAM Paths | Y | N | Admin | SAM Assignments | Purge | DP:EXAMASSIGNMENTS.EXAMNAME1 | DP:TRAININGASSIGNMENTS.TRAININGNAME1 | DP:PROJECTASSIGNMENTS.PROJECTASSIGNMENTNAME1 | DP:TRAININGASSIGNMENTS.TRAININGNAME2 |" name="And I click on Project button in Select Assignment Type page" time="0"/>
  <testcase classname="| DP:SUPER.USERNAME | DP:SUPER.PASSWORD | DP:PROJECTASSIGNMENTS.PROJECTSUBJECT | DP:EXAMASSIGNMENTS.EXAMNAME2 | DP:SECTIONS.SECTIONNAME | CMPTR PowerPoint 2013 Chapter 20: SAM Project 1a | DP:TEXTBOOK.BOOK | DP:PROJECTASSIGNMENTS.PROJECTUNITS | DP:SAMPATHASSIGNMENTS.SAMPATHSUBJECT | SAM Assignments | Exams | Projects | Trainings | DP:SAMPATHASSIGNMENTS.SAMPATHNAME | SAM Paths | Y | N | Admin | SAM Assignments | Purge | DP:EXAMASSIGNMENTS.EXAMNAME1 | DP:TRAININGASSIGNMENTS.TRAININGNAME1 | DP:PROJECTASSIGNMENTS.PROJECTASSIGNMENTNAME1 | DP:TRAININGASSIGNMENTS.TRAININGNAME2 |" name="And I select DP:TEXTBOOK.BOOK in Textbook drop down" time="0"/>
  <testcase classname="| DP:SUPER.USERNAME | DP:SUPER.PASSWORD | DP:PROJECTASSIGNMENTS.PROJECTSUBJECT | DP:EXAMASSIGNMENTS.EXAMNAME2 | DP:SECTIONS.SECTIONNAME | CMPTR PowerPoint 2013 Chapter 20: SAM Project 1a | DP:TEXTBOOK.BOOK | DP:PROJECTASSIGNMENTS.PROJECTUNITS | DP:SAMPATHASSIGNMENTS.SAMPATHSUBJECT | SAM Assignments | Exams | Projects | Trainings | DP:SAMPATHASSIGNMENTS.SAMPATHNAME | SAM Paths | Y | N | Admin | SAM Assignments | Purge | DP:EXAMASSIGNMENTS.EXAMNAME1 | DP:TRAININGASSIGNMENTS.TRAININGNAME1 | DP:PROJECTASSIGNMENTS.PROJECTASSIGNMENTNAME1 | DP:TRAININGASSIGNMENTS.TRAININGNAME2 |" name="And I select DP:PROJECTASSIGNMENTS.PROJECTUNITS in Unit drop down" time="0"/>
  <testcase classname="| DP:SUPER.USERNAME | DP:SUPER.PASSWORD | DP:PROJECTASSIGNMENTS.PROJECTSUBJECT | DP:EXAMASSIGNMENTS.EXAMNAME2 | DP:SECTIONS.SECTIONNAME | CMPTR PowerPoint 2013 Chapter 20: SAM Project 1a | DP:TEXTBOOK.BOOK | DP:PROJECTASSIGNMENTS.PROJECTUNITS | DP:SAMPATHASSIGNMENTS.SAMPATHSUBJECT | SAM Assignments | Exams | Projects | Trainings | DP:SAMPATHASSIGNMENTS.SAMPATHNAME | SAM Paths | Y | N | Admin | SAM Assignments | Purge | DP:EXAMASSIGNMENTS.EXAMNAME1 | DP:TRAININGASSIGNMENTS.TRAININGNAME1 | DP:PROJECTASSIGNMENTS.PROJECTASSIGNMENTNAME1 | DP:TRAININGASSIGNMENTS.TRAININGNAME2 |" name="And I select DP:PROJECTASSIGNMENTS.PROJECTSUBJECT in Subject drop down" time="0"/>
  <testcase classname="| DP:SUPER.USERNAME | DP:SUPER.PASSWORD | DP:PROJECTASSIGNMENTS.PROJECTSUBJECT | DP:EXAMASSIGNMENTS.EXAMNAME2 | DP:SECTIONS.SECTIONNAME | CMPTR PowerPoint 2013 Chapter 20: SAM Project 1a | DP:TEXTBOOK.BOOK | DP:PROJECTASSIGNMENTS.PROJECTUNITS | DP:SAMPATHASSIGNMENTS.SAMPATHSUBJECT | SAM Assignments | Exams | Projects | Trainings | DP:SAMPATHASSIGNMENTS.SAMPATHNAME | SAM Paths | Y | N | Admin | SAM Assignments | Purge | DP:EXAMASSIGNMENTS.EXAMNAME1 | DP:TRAININGASSIGNMENTS.TRAININGNAME1 | DP:PROJECTASSIGNMENTS.PROJECTASSIGNMENTNAME1 | DP:TRAININGASSIGNMENTS.TRAININGNAME2 |" name="And I select CMPTR PowerPoint 2013 Chapter 20: SAM Project 1a N in Exam Name" time="0"/>
  <testcase classname="| DP:SUPER.USERNAME | DP:SUPER.PASSWORD | DP:PROJECTASSIGNMENTS.PROJECTSUBJECT | DP:EXAMASSIGNMENTS.EXAMNAME2 | DP:SECTIONS.SECTIONNAME | CMPTR PowerPoint 2013 Chapter 20: SAM Project 1a | DP:TEXTBOOK.BOOK | DP:PROJECTASSIGNMENTS.PROJECTUNITS | DP:SAMPATHASSIGNMENTS.SAMPATHSUBJECT | SAM Assignments | Exams | Projects | Trainings | DP:SAMPATHASSIGNMENTS.SAMPATHNAME | SAM Paths | Y | N | Admin | SAM Assignments | Purge | DP:EXAMASSIGNMENTS.EXAMNAME1 | DP:TRAININGASSIGNMENTS.TRAININGNAME1 | DP:PROJECTASSIGNMENTS.PROJECTASSIGNMENTNAME1 | DP:TRAININGASSIGNMENTS.TRAININGNAME2 |" name="And I click on Next Step button" time="0"/>
  <testcase classname="| DP:SUPER.USERNAME | DP:SUPER.PASSWORD | DP:PROJECTASSIGNMENTS.PROJECTSUBJECT | DP:EXAMASSIGNMENTS.EXAMNAME2 | DP:SECTIONS.SECTIONNAME | CMPTR PowerPoint 2013 Chapter 20: SAM Project 1a | DP:TEXTBOOK.BOOK | DP:PROJECTASSIGNMENTS.PROJECTUNITS | DP:SAMPATHASSIGNMENTS.SAMPATHSUBJECT | SAM Assignments | Exams | Projects | Trainings | DP:SAMPATHASSIGNMENTS.SAMPATHNAME | SAM Paths | Y | N | Admin | SAM Assignments | Purge | DP:EXAMASSIGNMENTS.EXAMNAME1 | DP:TRAININGASSIGNMENTS.TRAININGNAME1 | DP:PROJECTASSIGNMENTS.PROJECTASSIGNMENTNAME1 | DP:TRAININGASSIGNMENTS.TRAININGNAME2 |" name="And I enter DP:PROJECTASSIGNMENTS.PROJECTASSIGNMENTNAME1 Y in Assignment Name" time="0"/>
  <testcase classname="| DP:SUPER.USERNAME | DP:SUPER.PASSWORD | DP:PROJECTASSIGNMENTS.PROJECTSUBJECT | DP:EXAMASSIGNMENTS.EXAMNAME2 | DP:SECTIONS.SECTIONNAME | CMPTR PowerPoint 2013 Chapter 20: SAM Project 1a | DP:TEXTBOOK.BOOK | DP:PROJECTASSIGNMENTS.PROJECTUNITS | DP:SAMPATHASSIGNMENTS.SAMPATHSUBJECT | SAM Assignments | Exams | Projects | Trainings | DP:SAMPATHASSIGNMENTS.SAMPATHNAME | SAM Paths | Y | N | Admin | SAM Assignments | Purge | DP:EXAMASSIGNMENTS.EXAMNAME1 | DP:TRAININGASSIGNMENTS.TRAININGNAME1 | DP:PROJECTASSIGNMENTS.PROJECTASSIGNMENTNAME1 | DP:TRAININGASSIGNMENTS.TRAININGNAME2 |" name="And I click on section drop down" time="0"/>
  <testcase classname="| DP:SUPER.USERNAME | DP:SUPER.PASSWORD | DP:PROJECTASSIGNMENTS.PROJECTSUBJECT | DP:EXAMASSIGNMENTS.EXAMNAME2 | DP:SECTIONS.SECTIONNAME | CMPTR PowerPoint 2013 Chapter 20: SAM Project 1a | DP:TEXTBOOK.BOOK | DP:PROJECTASSIGNMENTS.PROJECTUNITS | DP:SAMPATHASSIGNMENTS.SAMPATHSUBJECT | SAM Assignments | Exams | Projects | Trainings | DP:SAMPATHASSIGNMENTS.SAMPATHNAME | SAM Paths | Y | N | Admin | SAM Assignments | Purge | DP:EXAMASSIGNMENTS.EXAMNAME1 | DP:TRAININGASSIGNMENTS.TRAININGNAME1 | DP:PROJECTASSIGNMENTS.PROJECTASSIGNMENTNAME1 | DP:TRAININGASSIGNMENTS.TRAININGNAME2 |" name="And I check DP:SECTIONS.SECTIONNAME Y in Select section drop down" time="0"/>
  <testcase classname="| DP:SUPER.USERNAME | DP:SUPER.PASSWORD | DP:PROJECTASSIGNMENTS.PROJECTSUBJECT | DP:EXAMASSIGNMENTS.EXAMNAME2 | DP:SECTIONS.SECTIONNAME | CMPTR PowerPoint 2013 Chapter 20: SAM Project 1a | DP:TEXTBOOK.BOOK | DP:PROJECTASSIGNMENTS.PROJECTUNITS | DP:SAMPATHASSIGNMENTS.SAMPATHSUBJECT | SAM Assignments | Exams | Projects | Trainings | DP:SAMPATHASSIGNMENTS.SAMPATHNAME | SAM Paths | Y | N | Admin | SAM Assignments | Purge | DP:EXAMASSIGNMENTS.EXAMNAME1 | DP:TRAININGASSIGNMENTS.TRAININGNAME1 | DP:PROJECTASSIGNMENTS.PROJECTASSIGNMENTNAME1 | DP:TRAININGASSIGNMENTS.TRAININGNAME2 |" name="And I click on section drop down" time="0"/>
  <testcase classname="| DP:SUPER.USERNAME | DP:SUPER.PASSWORD | DP:PROJECTASSIGNMENTS.PROJECTSUBJECT | DP:EXAMASSIGNMENTS.EXAMNAME2 | DP:SECTIONS.SECTIONNAME | CMPTR PowerPoint 2013 Chapter 20: SAM Project 1a | DP:TEXTBOOK.BOOK | DP:PROJECTASSIGNMENTS.PROJECTUNITS | DP:SAMPATHASSIGNMENTS.SAMPATHSUBJECT | SAM Assignments | Exams | Projects | Trainings | DP:SAMPATHASSIGNMENTS.SAMPATHNAME | SAM Paths | Y | N | Admin | SAM Assignments | Purge | DP:EXAMASSIGNMENTS.EXAMNAME1 | DP:TRAININGASSIGNMENTS.TRAININGNAME1 | DP:PROJECTASSIGNMENTS.PROJECTASSIGNMENTNAME1 | DP:TRAININGASSIGNMENTS.TRAININGNAME2 |" name="And I click on Save button" time="0"/>
  <testcase classname="| DP:SUPER.USERNAME | DP:SUPER.PASSWORD | DP:PROJECTASSIGNMENTS.PROJECTSUBJECT | DP:EXAMASSIGNMENTS.EXAMNAME2 | DP:SECTIONS.SECTIONNAME | CMPTR PowerPoint 2013 Chapter 20: SAM Project 1a | DP:TEXTBOOK.BOOK | DP:PROJECTASSIGNMENTS.PROJECTUNITS | DP:SAMPATHASSIGNMENTS.SAMPATHSUBJECT | SAM Assignments | Exams | Projects | Trainings | DP:SAMPATHASSIGNMENTS.SAMPATHNAME | SAM Paths | Y | N | Admin | SAM Assignments | Purge | DP:EXAMASSIGNMENTS.EXAMNAME1 | DP:TRAININGASSIGNMENTS.TRAININGNAME1 | DP:PROJECTASSIGNMENTS.PROJECTASSIGNMENTNAME1 | DP:TRAININGASSIGNMENTS.TRAININGNAME2 |" name="And I click on X icon" time="0"/>
  <testcase classname="| DP:SUPER.USERNAME | DP:SUPER.PASSWORD | DP:PROJECTASSIGNMENTS.PROJECTSUBJECT | DP:EXAMASSIGNMENTS.EXAMNAME2 | DP:SECTIONS.SECTIONNAME | CMPTR PowerPoint 2013 Chapter 20: SAM Project 1a | DP:TEXTBOOK.BOOK | DP:PROJECTASSIGNMENTS.PROJECTUNITS | DP:SAMPATHASSIGNMENTS.SAMPATHSUBJECT | SAM Assignments | Exams | Projects | Trainings | DP:SAMPATHASSIGNMENTS.SAMPATHNAME | SAM Paths | Y | N | Admin | SAM Assignments | Purge | DP:EXAMASSIGNMENTS.EXAMNAME1 | DP:TRAININGASSIGNMENTS.TRAININGNAME1 | DP:PROJECTASSIGNMENTS.PROJECTASSIGNMENTNAME1 | DP:TRAININGASSIGNMENTS.TRAININGNAME2 |" name="And I click on SAM Assignments tab" time="0"/>
  <testcase classname="| DP:SUPER.USERNAME | DP:SUPER.PASSWORD | DP:PROJECTASSIGNMENTS.PROJECTSUBJECT | DP:EXAMASSIGNMENTS.EXAMNAME2 | DP:SECTIONS.SECTIONNAME | CMPTR PowerPoint 2013 Chapter 20: SAM Project 1a | DP:TEXTBOOK.BOOK | DP:PROJECTASSIGNMENTS.PROJECTUNITS | DP:SAMPATHASSIGNMENTS.SAMPATHSUBJECT | SAM Assignments | Exams | Projects | Trainings | DP:SAMPATHASSIGNMENTS.SAMPATHNAME | SAM Paths | Y | N | Admin | SAM Assignments | Purge | DP:EXAMASSIGNMENTS.EXAMNAME1 | DP:TRAININGASSIGNMENTS.TRAININGNAME1 | DP:PROJECTASSIGNMENTS.PROJECTASSIGNMENTNAME1 | DP:TRAININGASSIGNMENTS.TRAININGNAME2 |" name="And I click on Schedule New button" time="0"/>
  <testcase classname="| DP:SUPER.USERNAME | DP:SUPER.PASSWORD | DP:PROJECTASSIGNMENTS.PROJECTSUBJECT | DP:EXAMASSIGNMENTS.EXAMNAME2 | DP:SECTIONS.SECTIONNAME | CMPTR PowerPoint 2013 Chapter 20: SAM Project 1a | DP:TEXTBOOK.BOOK | DP:PROJECTASSIGNMENTS.PROJECTUNITS | DP:SAMPATHASSIGNMENTS.SAMPATHSUBJECT | SAM Assignments | Exams | Projects | Trainings | DP:SAMPATHASSIGNMENTS.SAMPATHNAME | SAM Paths | Y | N | Admin | SAM Assignments | Purge | DP:EXAMASSIGNMENTS.EXAMNAME1 | DP:TRAININGASSIGNMENTS.TRAININGNAME1 | DP:PROJECTASSIGNMENTS.PROJECTASSIGNMENTNAME1 | DP:TRAININGASSIGNMENTS.TRAININGNAME2 |" name="And I click on SAM path button" time="0"/>
  <testcase classname="| DP:SUPER.USERNAME | DP:SUPER.PASSWORD | DP:PROJECTASSIGNMENTS.PROJECTSUBJECT | DP:EXAMASSIGNMENTS.EXAMNAME2 | DP:SECTIONS.SECTIONNAME | CMPTR PowerPoint 2013 Chapter 20: SAM Project 1a | DP:TEXTBOOK.BOOK | DP:PROJECTASSIGNMENTS.PROJECTUNITS | DP:SAMPATHASSIGNMENTS.SAMPATHSUBJECT | SAM Assignments | Exams | Projects | Trainings | DP:SAMPATHASSIGNMENTS.SAMPATHNAME | SAM Paths | Y | N | Admin | SAM Assignments | Purge | DP:EXAMASSIGNMENTS.EXAMNAME1 | DP:TRAININGASSIGNMENTS.TRAININGNAME1 | DP:PROJECTASSIGNMENTS.PROJECTASSIGNMENTNAME1 | DP:TRAININGASSIGNMENTS.TRAININGNAME2 |" name="And I select DP:SAMPATHASSIGNMENTS.SAMPATHSUBJECT in Subject drop down" time="0"/>
  <testcase classname="| DP:SUPER.USERNAME | DP:SUPER.PASSWORD | DP:PROJECTASSIGNMENTS.PROJECTSUBJECT | DP:EXAMASSIGNMENTS.EXAMNAME2 | DP:SECTIONS.SECTIONNAME | CMPTR PowerPoint 2013 Chapter 20: SAM Project 1a | DP:TEXTBOOK.BOOK | DP:PROJECTASSIGNMENTS.PROJECTUNITS | DP:SAMPATHASSIGNMENTS.SAMPATHSUBJECT | SAM Assignments | Exams | Projects | Trainings | DP:SAMPATHASSIGNMENTS.SAMPATHNAME | SAM Paths | Y | N | Admin | SAM Assignments | Purge | DP:EXAMASSIGNMENTS.EXAMNAME1 | DP:TRAININGASSIGNMENTS.TRAININGNAME1 | DP:PROJECTASSIGNMENTS.PROJECTASSIGNMENTNAME1 | DP:TRAININGASSIGNMENTS.TRAININGNAME2 |" name="And I select DP:EXAMASSIGNMENTS.EXAMNAME2 Y in Exam Name" time="0"/>
  <testcase classname="| DP:SUPER.USERNAME | DP:SUPER.PASSWORD | DP:PROJECTASSIGNMENTS.PROJECTSUBJECT | DP:EXAMASSIGNMENTS.EXAMNAME2 | DP:SECTIONS.SECTIONNAME | CMPTR PowerPoint 2013 Chapter 20: SAM Project 1a | DP:TEXTBOOK.BOOK | DP:PROJECTASSIGNMENTS.PROJECTUNITS | DP:SAMPATHASSIGNMENTS.SAMPATHSUBJECT | SAM Assignments | Exams | Projects | Trainings | DP:SAMPATHASSIGNMENTS.SAMPATHNAME | SAM Paths | Y | N | Admin | SAM Assignments | Purge | DP:EXAMASSIGNMENTS.EXAMNAME1 | DP:TRAININGASSIGNMENTS.TRAININGNAME1 | DP:PROJECTASSIGNMENTS.PROJECTASSIGNMENTNAME1 | DP:TRAININGASSIGNMENTS.TRAININGNAME2 |" name="And I click on Next Step button" time="0"/>
  <testcase classname="| DP:SUPER.USERNAME | DP:SUPER.PASSWORD | DP:PROJECTASSIGNMENTS.PROJECTSUBJECT | DP:EXAMASSIGNMENTS.EXAMNAME2 | DP:SECTIONS.SECTIONNAME | CMPTR PowerPoint 2013 Chapter 20: SAM Project 1a | DP:TEXTBOOK.BOOK | DP:PROJECTASSIGNMENTS.PROJECTUNITS | DP:SAMPATHASSIGNMENTS.SAMPATHSUBJECT | SAM Assignments | Exams | Projects | Trainings | DP:SAMPATHASSIGNMENTS.SAMPATHNAME | SAM Paths | Y | N | Admin | SAM Assignments | Purge | DP:EXAMASSIGNMENTS.EXAMNAME1 | DP:TRAININGASSIGNMENTS.TRAININGNAME1 | DP:PROJECTASSIGNMENTS.PROJECTASSIGNMENTNAME1 | DP:TRAININGASSIGNMENTS.TRAININGNAME2 |" name="And I enter DP:SAMPATHASSIGNMENTS.SAMPATHNAME Y in Assignment Name" time="0"/>
  <testcase classname="| DP:SUPER.USERNAME | DP:SUPER.PASSWORD | DP:PROJECTASSIGNMENTS.PROJECTSUBJECT | DP:EXAMASSIGNMENTS.EXAMNAME2 | DP:SECTIONS.SECTIONNAME | CMPTR PowerPoint 2013 Chapter 20: SAM Project 1a | DP:TEXTBOOK.BOOK | DP:PROJECTASSIGNMENTS.PROJECTUNITS | DP:SAMPATHASSIGNMENTS.SAMPATHSUBJECT | SAM Assignments | Exams | Projects | Trainings | DP:SAMPATHASSIGNMENTS.SAMPATHNAME | SAM Paths | Y | N | Admin | SAM Assignments | Purge | DP:EXAMASSIGNMENTS.EXAMNAME1 | DP:TRAININGASSIGNMENTS.TRAININGNAME1 | DP:PROJECTASSIGNMENTS.PROJECTASSIGNMENTNAME1 | DP:TRAININGASSIGNMENTS.TRAININGNAME2 |" name="And I click on section drop down" time="0"/>
  <testcase classname="| DP:SUPER.USERNAME | DP:SUPER.PASSWORD | DP:PROJECTASSIGNMENTS.PROJECTSUBJECT | DP:EXAMASSIGNMENTS.EXAMNAME2 | DP:SECTIONS.SECTIONNAME | CMPTR PowerPoint 2013 Chapter 20: SAM Project 1a | DP:TEXTBOOK.BOOK | DP:PROJECTASSIGNMENTS.PROJECTUNITS | DP:SAMPATHASSIGNMENTS.SAMPATHSUBJECT | SAM Assignments | Exams | Projects | Trainings | DP:SAMPATHASSIGNMENTS.SAMPATHNAME | SAM Paths | Y | N | Admin | SAM Assignments | Purge | DP:EXAMASSIGNMENTS.EXAMNAME1 | DP:TRAININGASSIGNMENTS.TRAININGNAME1 | DP:PROJECTASSIGNMENTS.PROJECTASSIGNMENTNAME1 | DP:TRAININGASSIGNMENTS.TRAININGNAME2 |" name="And I check DP:SECTIONS.SECTIONNAME Y in Select section drop down" time="0"/>
  <testcase classname="| DP:SUPER.USERNAME | DP:SUPER.PASSWORD | DP:PROJECTASSIGNMENTS.PROJECTSUBJECT | DP:EXAMASSIGNMENTS.EXAMNAME2 | DP:SECTIONS.SECTIONNAME | CMPTR PowerPoint 2013 Chapter 20: SAM Project 1a | DP:TEXTBOOK.BOOK | DP:PROJECTASSIGNMENTS.PROJECTUNITS | DP:SAMPATHASSIGNMENTS.SAMPATHSUBJECT | SAM Assignments | Exams | Projects | Trainings | DP:SAMPATHASSIGNMENTS.SAMPATHNAME | SAM Paths | Y | N | Admin | SAM Assignments | Purge | DP:EXAMASSIGNMENTS.EXAMNAME1 | DP:TRAININGASSIGNMENTS.TRAININGNAME1 | DP:PROJECTASSIGNMENTS.PROJECTASSIGNMENTNAME1 | DP:TRAININGASSIGNMENTS.TRAININGNAME2 |" name="And I click on section drop down" time="0.001"/>
  <testcase classname="| DP:SUPER.USERNAME | DP:SUPER.PASSWORD | DP:PROJECTASSIGNMENTS.PROJECTSUBJECT | DP:EXAMASSIGNMENTS.EXAMNAME2 | DP:SECTIONS.SECTIONNAME | CMPTR PowerPoint 2013 Chapter 20: SAM Project 1a | DP:TEXTBOOK.BOOK | DP:PROJECTASSIGNMENTS.PROJECTUNITS | DP:SAMPATHASSIGNMENTS.SAMPATHSUBJECT | SAM Assignments | Exams | Projects | Trainings | DP:SAMPATHASSIGNMENTS.SAMPATHNAME | SAM Paths | Y | N | Admin | SAM Assignments | Purge | DP:EXAMASSIGNMENTS.EXAMNAME1 | DP:TRAININGASSIGNMENTS.TRAININGNAME1 | DP:PROJECTASSIGNMENTS.PROJECTASSIGNMENTNAME1 | DP:TRAININGASSIGNMENTS.TRAININGNAME2 |" name="When I click on Save button" time="0"/>
  <testcase classname="| DP:SUPER.USERNAME | DP:SUPER.PASSWORD | DP:PROJECTASSIGNMENTS.PROJECTSUBJECT | DP:EXAMASSIGNMENTS.EXAMNAME2 | DP:SECTIONS.SECTIONNAME | CMPTR PowerPoint 2013 Chapter 20: SAM Project 1a | DP:TEXTBOOK.BOOK | DP:PROJECTASSIGNMENTS.PROJECTUNITS | DP:SAMPATHASSIGNMENTS.SAMPATHSUBJECT | SAM Assignments | Exams | Projects | Trainings | DP:SAMPATHASSIGNMENTS.SAMPATHNAME | SAM Paths | Y | N | Admin | SAM Assignments | Purge | DP:EXAMASSIGNMENTS.EXAMNAME1 | DP:TRAININGASSIGNMENTS.TRAININGNAME1 | DP:PROJECTASSIGNMENTS.PROJECTASSIGNMENTNAME1 | DP:TRAININGASSIGNMENTS.TRAININGNAME2 |" name="Then I click on X icon" time="0"/>
  <testcase classname="| DP:SUPER.USERNAME | DP:SUPER.PASSWORD | DP:PROJECTASSIGNMENTS.PROJECTSUBJECT | DP:EXAMASSIGNMENTS.EXAMNAME2 | DP:SECTIONS.SECTIONNAME | CMPTR PowerPoint 2013 Chapter 20: SAM Project 1a | DP:TEXTBOOK.BOOK | DP:PROJECTASSIGNMENTS.PROJECTUNITS | DP:SAMPATHASSIGNMENTS.SAMPATHSUBJECT | SAM Assignments | Exams | Projects | Trainings | DP:SAMPATHASSIGNMENTS.SAMPATHNAME | SAM Paths | Y | N | Admin | SAM Assignments | Purge | DP:EXAMASSIGNMENTS.EXAMNAME1 | DP:TRAININGASSIGNMENTS.TRAININGNAME1 | DP:PROJECTASSIGNMENTS.PROJECTASSIGNMENTNAME1 | DP:TRAININGASSIGNMENTS.TRAININGNAME2 |" name="And I click on Logout button" time="0"/>
  <testcase classname="| DP:SUPER.USERNAME | DP:SUPER.PASSWORD | DP:PROJECTASSIGNMENTS.PROJECTSUBJECT | DP:EXAMASSIGNMENTS.EXAMNAME2 | DP:SECTIONS.SECTIONNAME | CMPTR PowerPoint 2013 Chapter 20: SAM Project 1a | DP:TEXTBOOK.BOOK | DP:PROJECTASSIGNMENTS.PROJECTUNITS | DP:SAMPATHASSIGNMENTS.SAMPATHSUBJECT | SAM Assignments | Exams | Projects | Trainings | DP:SAMPATHASSIGNMENTS.SAMPATHNAME | SAM Paths | Y | N | Admin | SAM Assignments | Purge | DP:EXAMASSIGNMENTS.EXAMNAME1 | DP:TRAININGASSIGNMENTS.TRAININGNAME1 | DP:PROJECTASSIGNMENTS.PROJECTASSIGNMENTNAME1 | DP:TRAININGASSIGNMENTS.TRAININGNAME2 |" name="| DP:SUPER.USERNAME | DP:SUPER.PASSWORD | DP:PROJECTASSIGNMENTS.PROJECTSUBJECT | DP:EXAMASSIGNMENTS.EXAMNAME2 | DP:SECTIONS.SECTIONNAME | CMPTR PowerPoint 2013 Chapter 20: SAM Project 1a | DP:TEXTBOOK.BOOK | DP:PROJECTASSIGNMENTS.PROJECTUNITS | DP:SAMPATHASSIGNMENTS.SAMPATHSUBJECT | SAM Assignments | Exams | Projects | Trainings | DP:SAMPATHASSIGNMENTS.SAMPATHNAME | SAM Paths | Y | N | Admin | SAM Assignments | Purge | DP:EXAMASSIGNMENTS.EXAMNAME1 | DP:TRAININGASSIGNMENTS.TRAININGNAME1 | DP:PROJECTASSIGNMENTS.PROJECTASSIGNMENTNAME1 | DP:TRAININGASSIGNMENTS.TRAININGNAME2 |" time="0.002"/>
</testsuite>