<?xml version="1.0" encoding="UTF-8" ?>
<testsuite tests="432" failures="12" name="cengage.samlms.cukes.KBTrainingAssignmentValidationCukesTest" time="9,481.051" errors="0" skipped="125">
  <properties>
    <property name="java.vendor" value="Oracle Corporation"/>
    <property name="JOB_NAME" value="LMS_Keyboarding_Training_Module"/>
    <property name="sun.java.launcher" value="SUN_STANDARD"/>
    <property name="NUMBER_OF_PROCESSORS" value="4"/>
    <property name="sun.management.compiler" value="HotSpot 64-Bit Tiered Compilers"/>
    <property name="JENKINS_HOME" value="C:\Users\CODOID-PC1\.jenkins"/>
    <property name="HUDSON_SERVER_COOKIE" value="c18caf217400819f"/>
    <property name="POM_ARTIFACTID" value="framework"/>
    <property name="os.name" value="Windows 8.1"/>
    <property name="sun.boot.class.path" value="C:\Program Files\Java\jdk1.8.0_91\jre\lib\resources.jar;C:\Program Files\Java\jdk1.8.0_91\jre\lib\rt.jar;C:\Program Files\Java\jdk1.8.0_91\jre\lib\sunrsasign.jar;C:\Program Files\Java\jdk1.8.0_91\jre\lib\jsse.jar;C:\Program Files\Java\jdk1.8.0_91\jre\lib\jce.jar;C:\Program Files\Java\jdk1.8.0_91\jre\lib\charsets.jar;C:\Program Files\Java\jdk1.8.0_91\jre\lib\jfr.jar;C:\Program Files\Java\jdk1.8.0_91\jre\classes"/>
    <property name="EXECUTOR_NUMBER" value="0"/>
    <property name="sun.desktop" value="windows"/>
    <property name="PATHEXT" value=".COM;.EXE;.BAT;.CMD;.VBS;.VBE;.JS;.JSE;.WSF;.WSH;.MSC"/>
    <property name="java.vm.specification.vendor" value="Oracle Corporation"/>
    <property name="POM_DISPLAYNAME" value="framework"/>
    <property name="NODE_LABELS" value="master"/>
    <property name="TEMP" value="C:\Users\CODOID~1\AppData\Local\Temp"/>
    <property name="java.runtime.version" value="1.8.0_91-b15"/>
    <property name="user.name" value="CODOID-PC1"/>
    <property name="guice.disable.misplaced.annotation.check" value="true"/>
    <property name="CommonProgramW6432" value="C:\Program Files\Common Files"/>
    <property name="ProgramFiles" value="C:\Program Files"/>
    <property name="PROMPT" value="$P$G"/>
    <property name="user.language" value="en"/>
    <property name="BUILD_DISPLAY_NAME" value="#7"/>
    <property name="sun.boot.library.path" value="C:\Program Files\Java\jdk1.8.0_91\jre\bin"/>
    <property name="LOCALAPPDATA" value="C:\Users\CODOID-PC1\AppData\Local"/>
    <property name="java.version" value="1.8.0_91"/>
    <property name="PROCESSOR_LEVEL" value="6"/>
    <property name="user.timezone" value="Asia/Calcutta"/>
    <property name="USERNAME" value="CODOID-PC1"/>
    <property name="sun.arch.data.model" value="64"/>
    <property name="NODE_NAME" value="master"/>
    <property name="java.endorsed.dirs" value="C:\Program Files\Java\jdk1.8.0_91\jre\lib\endorsed"/>
    <property name="BUILD_ID" value="7"/>
    <property name="sun.cpu.isalist" value="amd64"/>
    <property name="sun.jnu.encoding" value="Cp1252"/>
    <property name="file.encoding.pkg" value="sun.io"/>
    <property name="file.separator" value="\"/>
    <property name="java.specification.name" value="Java Platform API Specification"/>
    <property name="HOMEDRIVE" value="C:"/>
    <property name="env" value="QA4"/>
    <property name="java.class.version" value="52.0"/>
    <property name="org.slf4j.simpleLogger.defaultLogLevel" value="info"/>
    <property name="user.country" value="US"/>
    <property name="ALLUSERSPROFILE" value="C:\ProgramData"/>
    <property name="java.home" value="C:\Program Files\Java\jdk1.8.0_91\jre"/>
    <property name="java.vm.info" value="mixed mode"/>
    <property name="os.version" value="6.3"/>
    <property name="POM_VERSION" value="0.0.1-SNAPSHOT"/>
    <property name="TMP" value="C:\Users\CODOID~1\AppData\Local\Temp"/>
    <property name="path.separator" value=";"/>
    <property name="java.vm.version" value="25.91-b15"/>
    <property name="user.variant" value=""/>
    <property name="CommonProgramFiles(x86)" value="C:\Program Files (x86)\Common Files"/>
    <property name="USERDOMAIN_ROAMINGPROFILE" value="CODOID"/>
    <property name="java.awt.printerjob" value="sun.awt.windows.WPrinterJob"/>
    <property name="FP_NO_HOST_CHECK" value="NO"/>
    <property name="JAVA_HOME" value="C:\Program Files\Java\jdk1.8.0_91"/>
    <property name="sun.io.unicode.encoding" value="UnicodeLittle"/>
    <property name="CommonProgramFiles" value="C:\Program Files\Common Files"/>
    <property name="ComSpec" value="C:\Windows\system32\cmd.exe"/>
    <property name="HOMEPATH" value="\Users\CODOID-PC1"/>
    <property name="awt.toolkit" value="sun.awt.windows.WToolkit"/>
    <property name="POM_PACKAGING" value="pom"/>
    <property name="COMPUTERNAME" value="CODOID"/>
    <property name="user.script" value=""/>
    <property name="VBOX_MSI_INSTALL_PATH" value="C:\Program Files\Oracle\VirtualBox\"/>
    <property name="POM_GROUPID" value="com.codoid"/>
    <property name="PUBLIC" value="C:\Users\Public"/>
    <property name="user.home" value="C:\Users\CODOID-PC1"/>
    <property name="BUILD_TAG" value="jenkins-LMS_Keyboarding_Training_Module-7"/>
    <property name="JENKINS_SERVER_COOKIE" value="c18caf217400819f"/>
    <property name="HUDSON_URL" value="http://localhost:8080/"/>
    <property name="ProgramData" value="C:\ProgramData"/>
    <property name="java.specification.vendor" value="Oracle Corporation"/>
    <property name="USERPROFILE" value="C:\Users\CODOID-PC1"/>
    <property name="CLASSPATH" value=""/>
    <property name="java.vendor.url" value="http://java.oracle.com/"/>
    <property name="java.library.path" value="C:\Program Files\Java\jdk1.8.0_91\bin;C:\Windows\Sun\Java\bin;C:\Windows\system32;C:\Windows;C:\Program Files\apache-maven-3.3.9/bin;C:\Program Files\Java\jdk1.8.0_91/bin;C:\Program Files\Java\jdk1.8.0_91/bin;C:\ProgramData\Oracle\Java\javapath;C:\Windows\system32;C:\Windows;C:\Windows\System32\Wbem;C:\Windows\System32\WindowsPowerShell\v1.0\;C:\Program Files\Java\jdk1.8.0_91\bin;C:\Program Files\apache-maven-3.3.9\bin;C:\Program Files (x86)\Skype\Phone\;C:\Program Files\nodejs;C:\Users\CODOID-PC1\AppData\Roaming\npm;."/>
    <property name="java.vm.vendor" value="Oracle Corporation"/>
    <property name="APPDATA" value="C:\Users\CODOID-PC1\AppData\Roaming"/>
    <property name="java.runtime.name" value="Java(TM) SE Runtime Environment"/>
    <property name="maven.home" value="C:\Program Files\apache-maven-3.3.9"/>
    <property name="java.class.path" value="C:\Users\CODOID-PC1\.jenkins\plugins\maven-plugin\WEB-INF\lib\maven31-agent-1.5.jar;C:\Program Files\apache-maven-3.3.9\boot\plexus-classworlds-2.5.2.jar;C:\Program Files\apache-maven-3.3.9/conf/logging"/>
    <property name="sun.java.command" value="jenkins.maven3.agent.Maven31Main C:\Program Files\apache-maven-3.3.9 C:\Users\CODOID-PC1\.jenkins\war\WEB-INF\lib\remoting-2.49.jar C:\Users\CODOID-PC1\.jenkins\plugins\maven-plugin\WEB-INF\lib\maven31-interceptor-1.5.jar C:\Users\CODOID-PC1\.jenkins\plugins\maven-plugin\WEB-INF\lib\maven3-interceptor-commons-1.5.jar 59546"/>
    <property name="Path" value="C:\Program Files\Java\jdk1.8.0_91/bin;C:\ProgramData\Oracle\Java\javapath;C:\Windows\system32;C:\Windows;C:\Windows\System32\Wbem;C:\Windows\System32\WindowsPowerShell\v1.0\;C:\Program Files\Java\jdk1.8.0_91\bin;C:\Program Files\apache-maven-3.3.9\bin;C:\Program Files (x86)\Skype\Phone\;C:\Program Files\nodejs;C:\Users\CODOID-PC1\AppData\Roaming\npm"/>
    <property name="java.vm.specification.name" value="Java Virtual Machine Specification"/>
    <property name="PROCESSOR_ARCHITECTURE" value="AMD64"/>
    <property name="PATH+JDK" value="C:\Program Files\Java\jdk1.8.0_91/bin"/>
    <property name="PROCESSOR_IDENTIFIER" value="Intel64 Family 6 Model 60 Stepping 3, GenuineIntel"/>
    <property name="SESSIONNAME" value="Console"/>
    <property name="java.vm.specification.version" value="1.8"/>
    <property name="sun.os.patch.level" value=""/>
    <property name="sun.cpu.endian" value="little"/>
    <property name="M2_HOME" value="C:\Program Files\apache-maven-3.3.9"/>
    <property name="java.io.tmpdir" value="C:\Users\CODOID~1\AppData\Local\Temp\"/>
    <property name="OS" value="Windows_NT"/>
    <property name="HUDSON_HOME" value="C:\Users\CODOID-PC1\.jenkins"/>
    <property name="PATH+MAVEN" value="C:\Program Files\apache-maven-3.3.9/bin"/>
    <property name="ProgramFiles(x86)" value="C:\Program Files (x86)"/>
    <property name="BUILD_URL" value="http://localhost:8080/job/LMS_Keyboarding_Training_Module/7/"/>
    <property name="java.vendor.url.bug" value="http://bugreport.sun.com/bugreport/"/>
    <property name="java.awt.graphicsenv" value="sun.awt.Win32GraphicsEnvironment"/>
    <property name="os.arch" value="amd64"/>
    <property name="SystemRoot" value="C:\Windows"/>
    <property name="java.ext.dirs" value="C:\Program Files\Java\jdk1.8.0_91\jre\lib\ext;C:\Windows\Sun\Java\lib\ext"/>
    <property name="user.dir" value="E:\CE-GIT-SAN\ce-jvm-cucumber"/>
    <property name="JOB_URL" value="http://localhost:8080/job/LMS_Keyboarding_Training_Module/"/>
    <property name="LOGONSERVER" value="\\CODOID"/>
    <property name="USERDOMAIN" value="CODOID"/>
    <property name="line.separator" value="
"/>
    <property name="MAVEN_HOME" value="C:\Program Files\apache-maven-3.3.9"/>
    <property name="java.vm.name" value="Java HotSpot(TM) 64-Bit Server VM"/>
    <property name="BUILD_NUMBER" value="7"/>
    <property name="JENKINS_URL" value="http://localhost:8080/"/>
    <property name="PROCESSOR_REVISION" value="3c03"/>
    <property name="ProgramW6432" value="C:\Program Files"/>
    <property name="windir" value="C:\Windows"/>
    <property name="=C:" value="C:\Users\CODOID-PC1\Desktop"/>
    <property name="file.encoding" value="Cp1252"/>
    <property name="SystemDrive" value="C:"/>
    <property name="maven3.interceptor" value="C:\Users\CODOID-PC1\.jenkins\plugins\maven-plugin\WEB-INF\lib\maven31-interceptor-1.5.jar"/>
    <property name="WORKSPACE" value="E:\CE-GIT-SAN\ce-jvm-cucumber"/>
    <property name="maven3.interceptor.common" value="C:\Users\CODOID-PC1\.jenkins\plugins\maven-plugin\WEB-INF\lib\maven3-interceptor-commons-1.5.jar"/>
    <property name="java.specification.version" value="1.8"/>
    <property name="PSModulePath" value="C:\Windows\system32\WindowsPowerShell\v1.0\Modules\"/>
    <property name="module" value="KBTrainingAssignmentValidation"/>
  </properties>
  <testcase classname="| super_T2088807@sam.com | DP:SUPER.PASSWORD | N | DP:SECTIONS.SECTIONNAME | Y | DP:SECTIONS.COURSENAME | DP:SECTIONS.TERM |" name="Given As a user I see login page of LMS" time="0"/>
  <testcase classname="| super_T2088807@sam.com | DP:SUPER.PASSWORD | N | DP:SECTIONS.SECTIONNAME | Y | DP:SECTIONS.COURSENAME | DP:SECTIONS.TERM |" name="And I enter super_T2088807@sam.com N Username in LMS login page" time="0"/>
  <testcase classname="| super_T2088807@sam.com | DP:SUPER.PASSWORD | N | DP:SECTIONS.SECTIONNAME | Y | DP:SECTIONS.COURSENAME | DP:SECTIONS.TERM |" name="And I enter DP:SUPER.PASSWORD Password in LMS login page" time="0"/>
  <testcase classname="| super_T2088807@sam.com | DP:SUPER.PASSWORD | N | DP:SECTIONS.SECTIONNAME | Y | DP:SECTIONS.COURSENAME | DP:SECTIONS.TERM |" name="And I click on Log In button" time="0"/>
  <testcase classname="| super_T2088807@sam.com | DP:SUPER.PASSWORD | N | DP:SECTIONS.SECTIONNAME | Y | DP:SECTIONS.COURSENAME | DP:SECTIONS.TERM |" name="And I see home page of LMS" time="0"/>
  <testcase classname="| super_T2088807@sam.com | DP:SUPER.PASSWORD | N | DP:SECTIONS.SECTIONNAME | Y | DP:SECTIONS.COURSENAME | DP:SECTIONS.TERM |" name="And I click on Sections tab" time="0"/>
  <testcase classname="| super_T2088807@sam.com | DP:SUPER.PASSWORD | N | DP:SECTIONS.SECTIONNAME | Y | DP:SECTIONS.COURSENAME | DP:SECTIONS.TERM |" name="And I click on Add New button" time="0"/>
  <testcase classname="| super_T2088807@sam.com | DP:SUPER.PASSWORD | N | DP:SECTIONS.SECTIONNAME | Y | DP:SECTIONS.COURSENAME | DP:SECTIONS.TERM |" name="And I enter DP:SECTIONS.SECTIONNAME Y in Section Name" time="0"/>
  <testcase classname="| super_T2088807@sam.com | DP:SUPER.PASSWORD | N | DP:SECTIONS.SECTIONNAME | Y | DP:SECTIONS.COURSENAME | DP:SECTIONS.TERM |" name="And I enter DP:SECTIONS.COURSENAME in Course Name" time="0"/>
  <testcase classname="| super_T2088807@sam.com | DP:SUPER.PASSWORD | N | DP:SECTIONS.SECTIONNAME | Y | DP:SECTIONS.COURSENAME | DP:SECTIONS.TERM |" name="And I enter DP:SECTIONS.TERM in Term" time="0.001"/>
  <testcase classname="| super_T2088807@sam.com | DP:SUPER.PASSWORD | N | DP:SECTIONS.SECTIONNAME | Y | DP:SECTIONS.COURSENAME | DP:SECTIONS.TERM |" name="When I click on Save button" time="0"/>
  <testcase classname="| super_T2088807@sam.com | DP:SUPER.PASSWORD | N | DP:SECTIONS.SECTIONNAME | Y | DP:SECTIONS.COURSENAME | DP:SECTIONS.TERM |" name="Then I see Successfully added the Section Pop-up" time="0"/>
  <testcase classname="| super_T2088807@sam.com | DP:SUPER.PASSWORD | N | DP:SECTIONS.SECTIONNAME | Y | DP:SECTIONS.COURSENAME | DP:SECTIONS.TERM |" name="And I click on OK button in popup" time="0"/>
  <testcase classname="| super_T2088807@sam.com | DP:SUPER.PASSWORD | N | DP:SECTIONS.SECTIONNAME | Y | DP:SECTIONS.COURSENAME | DP:SECTIONS.TERM |" name="And I click on keyboarding preferences tab in section page" time="0"/>
  <testcase classname="| super_T2088807@sam.com | DP:SUPER.PASSWORD | N | DP:SECTIONS.SECTIONNAME | Y | DP:SECTIONS.COURSENAME | DP:SECTIONS.TERM |" name="And I click on Lessons tab in Section page" time="0"/>
  <testcase classname="| super_T2088807@sam.com | DP:SUPER.PASSWORD | N | DP:SECTIONS.SECTIONNAME | Y | DP:SECTIONS.COURSENAME | DP:SECTIONS.TERM |" name="And I click on save and close button in section page" time="0"/>
  <testcase classname="| super_T2088807@sam.com | DP:SUPER.PASSWORD | N | DP:SECTIONS.SECTIONNAME | Y | DP:SECTIONS.COURSENAME | DP:SECTIONS.TERM |" name="| super_T2088807@sam.com | DP:SUPER.PASSWORD | N | DP:SECTIONS.SECTIONNAME | Y | DP:SECTIONS.COURSENAME | DP:SECTIONS.TERM |" time="11.449"/>
  <testcase classname="| super_T2088807@sam.com | DP:SUPER.PASSWORD | DP:SECTIONS.SECTIONNAME | Y | L1 Training: Computer Basics | N | chrome:\/\/plugins\/ |" name="Given As a user I see login page of LMS" time="0"/>
  <testcase classname="| super_T2088807@sam.com | DP:SUPER.PASSWORD | DP:SECTIONS.SECTIONNAME | Y | L1 Training: Computer Basics | N | chrome:\/\/plugins\/ |" name="And I enter super_T2088807@sam.com N Username in LMS login page" time="0"/>
  <testcase classname="| super_T2088807@sam.com | DP:SUPER.PASSWORD | DP:SECTIONS.SECTIONNAME | Y | L1 Training: Computer Basics | N | chrome:\/\/plugins\/ |" name="And I enter DP:SUPER.PASSWORD Password in LMS login page" time="0"/>
  <testcase classname="| super_T2088807@sam.com | DP:SUPER.PASSWORD | DP:SECTIONS.SECTIONNAME | Y | L1 Training: Computer Basics | N | chrome:\/\/plugins\/ |" name="And I click on Log In button" time="0"/>
  <testcase classname="| super_T2088807@sam.com | DP:SUPER.PASSWORD | DP:SECTIONS.SECTIONNAME | Y | L1 Training: Computer Basics | N | chrome:\/\/plugins\/ |" name="And I see home page of LMS" time="0"/>
  <testcase classname="| super_T2088807@sam.com | DP:SUPER.PASSWORD | DP:SECTIONS.SECTIONNAME | Y | L1 Training: Computer Basics | N | chrome:\/\/plugins\/ |" name="And I click on SAM Assignments tab" time="0"/>
  <testcase classname="| super_T2088807@sam.com | DP:SUPER.PASSWORD | DP:SECTIONS.SECTIONNAME | Y | L1 Training: Computer Basics | N | chrome:\/\/plugins\/ |" name="And I select DP:SECTIONS.SECTIONNAME Y from section drop down" time="0"/>
  <testcase classname="| super_T2088807@sam.com | DP:SUPER.PASSWORD | DP:SECTIONS.SECTIONNAME | Y | L1 Training: Computer Basics | N | chrome:\/\/plugins\/ |" name="And I click on L1 Training: Computer Basics N Preview icon" time="0.001"/>
  <testcase classname="| super_T2088807@sam.com | DP:SUPER.PASSWORD | DP:SECTIONS.SECTIONNAME | Y | L1 Training: Computer Basics | N | chrome:\/\/plugins\/ |" name="And I verify the L1 Training: Computer Basics N in the top" time="0"/>
  <testcase classname="| super_T2088807@sam.com | DP:SUPER.PASSWORD | DP:SECTIONS.SECTIONNAME | Y | L1 Training: Computer Basics | N | chrome:\/\/plugins\/ |" name="And I verify the date and time in the top right corner" time="0"/>
  <testcase classname="| super_T2088807@sam.com | DP:SUPER.PASSWORD | DP:SECTIONS.SECTIONNAME | Y | L1 Training: Computer Basics | N | chrome:\/\/plugins\/ |" name="And I see Launch All button left to the Print Screen button at the top right corner of header area of the dialog" time="0"/>
  <testcase classname="| super_T2088807@sam.com | DP:SUPER.PASSWORD | DP:SECTIONS.SECTIONNAME | Y | L1 Training: Computer Basics | N | chrome:\/\/plugins\/ |" name="And I see Print Screen button at the top right corner of header area of the dialog" time="0"/>
  <testcase classname="| super_T2088807@sam.com | DP:SUPER.PASSWORD | DP:SECTIONS.SECTIONNAME | Y | L1 Training: Computer Basics | N | chrome:\/\/plugins\/ |" name="And I verify Task ID value CMA order in training preview popup" time="0"/>
  <testcase classname="| super_T2088807@sam.com | DP:SUPER.PASSWORD | DP:SECTIONS.SECTIONNAME | Y | L1 Training: Computer Basics | N | chrome:\/\/plugins\/ |" name="And I verify Task Group value CMA order in training preview popup" time="0"/>
  <testcase classname="| super_T2088807@sam.com | DP:SUPER.PASSWORD | DP:SECTIONS.SECTIONNAME | Y | L1 Training: Computer Basics | N | chrome:\/\/plugins\/ |" name="And I click Launch All button in training preview popup" time="0"/>
  <testcase classname="| super_T2088807@sam.com | DP:SUPER.PASSWORD | DP:SECTIONS.SECTIONNAME | Y | L1 Training: Computer Basics | N | chrome:\/\/plugins\/ |" name="And I verify 2013 task launch successfully" time="0"/>
  <testcase classname="| super_T2088807@sam.com | DP:SUPER.PASSWORD | DP:SECTIONS.SECTIONNAME | Y | L1 Training: Computer Basics | N | chrome:\/\/plugins\/ |" name="And I click Buying a Computer launch button for training task" time="0"/>
  <testcase classname="| super_T2088807@sam.com | DP:SUPER.PASSWORD | DP:SECTIONS.SECTIONNAME | Y | L1 Training: Computer Basics | N | chrome:\/\/plugins\/ |" name="And I attempt KB training assignment" time="0"/>
  <testcase classname="| super_T2088807@sam.com | DP:SUPER.PASSWORD | DP:SECTIONS.SECTIONNAME | Y | L1 Training: Computer Basics | N | chrome:\/\/plugins\/ |" name="And I click on X icon" time="0"/>
  <testcase classname="| super_T2088807@sam.com | DP:SUPER.PASSWORD | DP:SECTIONS.SECTIONNAME | Y | L1 Training: Computer Basics | N | chrome:\/\/plugins\/ |" name="| super_T2088807@sam.com | DP:SUPER.PASSWORD | DP:SECTIONS.SECTIONNAME | Y | L1 Training: Computer Basics | N | chrome:\/\/plugins\/ |" time="12.535"/>
  <testcase classname="| super_T2088807@sam.com | DP:SUPER.PASSWORD | DP:SECTIONS.SECTIONNAME | MMM d\u002C yyyy | L1 Training: Computer Basics | N | Y |" name="Given As a user I see login page of LMS" time="0"/>
  <testcase classname="| super_T2088807@sam.com | DP:SUPER.PASSWORD | DP:SECTIONS.SECTIONNAME | MMM d\u002C yyyy | L1 Training: Computer Basics | N | Y |" name="And I enter super_T2088807@sam.com N Username in LMS login page" time="0"/>
  <testcase classname="| super_T2088807@sam.com | DP:SUPER.PASSWORD | DP:SECTIONS.SECTIONNAME | MMM d\u002C yyyy | L1 Training: Computer Basics | N | Y |" name="And I enter DP:SUPER.PASSWORD Password in LMS login page" time="0"/>
  <testcase classname="| super_T2088807@sam.com | DP:SUPER.PASSWORD | DP:SECTIONS.SECTIONNAME | MMM d\u002C yyyy | L1 Training: Computer Basics | N | Y |" name="And I click on Log In button" time="0"/>
  <testcase classname="| super_T2088807@sam.com | DP:SUPER.PASSWORD | DP:SECTIONS.SECTIONNAME | MMM d\u002C yyyy | L1 Training: Computer Basics | N | Y |" name="And I see home page of LMS" time="0"/>
  <testcase classname="| super_T2088807@sam.com | DP:SUPER.PASSWORD | DP:SECTIONS.SECTIONNAME | MMM d\u002C yyyy | L1 Training: Computer Basics | N | Y |" name="And I click on SAM Assignments tab" time="0"/>
  <testcase classname="| super_T2088807@sam.com | DP:SUPER.PASSWORD | DP:SECTIONS.SECTIONNAME | MMM d\u002C yyyy | L1 Training: Computer Basics | N | Y |" name="And I select DP:SECTIONS.SECTIONNAME Y from section drop down" time="0"/>
  <testcase classname="| super_T2088807@sam.com | DP:SUPER.PASSWORD | DP:SECTIONS.SECTIONNAME | MMM d\u002C yyyy | L1 Training: Computer Basics | N | Y |" name="And I uncheck Reading checkbox in assignment filter" time="0"/>
  <testcase classname="| super_T2088807@sam.com | DP:SUPER.PASSWORD | DP:SECTIONS.SECTIONNAME | MMM d\u002C yyyy | L1 Training: Computer Basics | N | Y |" name="And I verify Lesson 2 lesson available value in Always column" time="0"/>
  <testcase classname="| super_T2088807@sam.com | DP:SUPER.PASSWORD | DP:SECTIONS.SECTIONNAME | MMM d\u002C yyyy | L1 Training: Computer Basics | N | Y |" name="And I click to collapse Lesson 1 lesson in SAM Assignments page" time="0"/>
  <testcase classname="| super_T2088807@sam.com | DP:SUPER.PASSWORD | DP:SECTIONS.SECTIONNAME | MMM d\u002C yyyy | L1 Training: Computer Basics | N | Y |" name="And I click to expand Lesson 1 lesson in SAM Assignments page" time="0"/>
  <testcase classname="| super_T2088807@sam.com | DP:SUPER.PASSWORD | DP:SECTIONS.SECTIONNAME | MMM d\u002C yyyy | L1 Training: Computer Basics | N | Y |" name="And I see L1 Training: Computer Basics N keyboarding project assignment in assignments page" time="0"/>
  <testcase classname="| super_T2088807@sam.com | DP:SUPER.PASSWORD | DP:SECTIONS.SECTIONNAME | MMM d\u002C yyyy | L1 Training: Computer Basics | N | Y |" name="And I uncheck Keyboarding checkbox in assignment filter" time="0"/>
  <testcase classname="| super_T2088807@sam.com | DP:SUPER.PASSWORD | DP:SECTIONS.SECTIONNAME | MMM d\u002C yyyy | L1 Training: Computer Basics | N | Y |" name="And I should not see L1 Training: Computer Basics N keyboarding assignment in assignments page" time="0"/>
  <testcase classname="| super_T2088807@sam.com | DP:SUPER.PASSWORD | DP:SECTIONS.SECTIONNAME | MMM d\u002C yyyy | L1 Training: Computer Basics | N | Y |" name="And I check Keyboarding checkbox in assignment filter" time="0"/>
  <testcase classname="| super_T2088807@sam.com | DP:SUPER.PASSWORD | DP:SECTIONS.SECTIONNAME | MMM d\u002C yyyy | L1 Training: Computer Basics | N | Y |" name="And I click to collapse Lesson 1 lesson in SAM Assignments page" time="0"/>
  <testcase classname="| super_T2088807@sam.com | DP:SUPER.PASSWORD | DP:SECTIONS.SECTIONNAME | MMM d\u002C yyyy | L1 Training: Computer Basics | N | Y |" name="And I verify Lesson 1 lesson available value should be blank" time="0"/>
  <testcase classname="| super_T2088807@sam.com | DP:SUPER.PASSWORD | DP:SECTIONS.SECTIONNAME | MMM d\u002C yyyy | L1 Training: Computer Basics | N | Y |" name="And I verify Lesson 1 lesson due-date value should be blank" time="0"/>
  <testcase classname="| super_T2088807@sam.com | DP:SUPER.PASSWORD | DP:SECTIONS.SECTIONNAME | MMM d\u002C yyyy | L1 Training: Computer Basics | N | Y |" name="And I click to expand Lesson 1 lesson in SAM Assignments page" time="0"/>
  <testcase classname="| super_T2088807@sam.com | DP:SUPER.PASSWORD | DP:SECTIONS.SECTIONNAME | MMM d\u002C yyyy | L1 Training: Computer Basics | N | Y |" name="And I verify L1 Training: Computer Basics assignment Always value in available column" time="0"/>
  <testcase classname="| super_T2088807@sam.com | DP:SUPER.PASSWORD | DP:SECTIONS.SECTIONNAME | MMM d\u002C yyyy | L1 Training: Computer Basics | N | Y |" name="And I verify L1 Training: Computer Basics assignment --- value in due-date column" time="0"/>
  <testcase classname="| super_T2088807@sam.com | DP:SUPER.PASSWORD | DP:SECTIONS.SECTIONNAME | MMM d\u002C yyyy | L1 Training: Computer Basics | N | Y |" name="And I click on Sections tab" time="0"/>
  <testcase classname="| super_T2088807@sam.com | DP:SUPER.PASSWORD | DP:SECTIONS.SECTIONNAME | MMM d\u002C yyyy | L1 Training: Computer Basics | N | Y |" name="And I check DP:SECTIONS.SECTIONNAME Y from section list" time="0"/>
  <testcase classname="| super_T2088807@sam.com | DP:SUPER.PASSWORD | DP:SECTIONS.SECTIONNAME | MMM d\u002C yyyy | L1 Training: Computer Basics | N | Y |" name="And I click on Edit button" time="0"/>
  <testcase classname="| super_T2088807@sam.com | DP:SUPER.PASSWORD | DP:SECTIONS.SECTIONNAME | MMM d\u002C yyyy | L1 Training: Computer Basics | N | Y |" name="And I click on keyboarding preferences tab in section page" time="0"/>
  <testcase classname="| super_T2088807@sam.com | DP:SUPER.PASSWORD | DP:SECTIONS.SECTIONNAME | MMM d\u002C yyyy | L1 Training: Computer Basics | N | Y |" name="And I click on Lessons tab in Section page" time="0"/>
  <testcase classname="| super_T2088807@sam.com | DP:SUPER.PASSWORD | DP:SECTIONS.SECTIONNAME | MMM d\u002C yyyy | L1 Training: Computer Basics | N | Y |" name="And I enter L1 Training: Computer Basics in lesson search textbox" time="0"/>
  <testcase classname="| super_T2088807@sam.com | DP:SUPER.PASSWORD | DP:SECTIONS.SECTIONNAME | MMM d\u002C yyyy | L1 Training: Computer Basics | N | Y |" name="And I set L1 Training: Computer Basics N Keyboarding Project Always Available toggle to OFF" time="0"/>
  <testcase classname="| super_T2088807@sam.com | DP:SUPER.PASSWORD | DP:SECTIONS.SECTIONNAME | MMM d\u002C yyyy | L1 Training: Computer Basics | N | Y |" name="And I click L1 Training: Computer Basics N section lesson dates and security field" time="0"/>
  <testcase classname="| super_T2088807@sam.com | DP:SUPER.PASSWORD | DP:SECTIONS.SECTIONNAME | MMM d\u002C yyyy | L1 Training: Computer Basics | N | Y |" name="And I select Tomorrow date with MMM d\u002C yyyy from select available or due date in previous calendar" time="0"/>
  <testcase classname="| super_T2088807@sam.com | DP:SUPER.PASSWORD | DP:SECTIONS.SECTIONNAME | MMM d\u002C yyyy | L1 Training: Computer Basics | N | Y |" name="And I click on Scheduling option Save and Close button" time="0"/>
  <testcase classname="| super_T2088807@sam.com | DP:SUPER.PASSWORD | DP:SECTIONS.SECTIONNAME | MMM d\u002C yyyy | L1 Training: Computer Basics | N | Y |" name="And I click on save and close button in section page" time="0"/>
  <testcase classname="| super_T2088807@sam.com | DP:SUPER.PASSWORD | DP:SECTIONS.SECTIONNAME | MMM d\u002C yyyy | L1 Training: Computer Basics | N | Y |" name="And I click on SAM Assignments tab" time="0"/>
  <testcase classname="| super_T2088807@sam.com | DP:SUPER.PASSWORD | DP:SECTIONS.SECTIONNAME | MMM d\u002C yyyy | L1 Training: Computer Basics | N | Y |" name="And I select DP:SECTIONS.SECTIONNAME Y from section drop down" time="0"/>
  <testcase classname="| super_T2088807@sam.com | DP:SUPER.PASSWORD | DP:SECTIONS.SECTIONNAME | MMM d\u002C yyyy | L1 Training: Computer Basics | N | Y |" name="And I verify Lesson 1 lesson available value should be blank" time="0.004">
    <failure type="java.lang.AssertionError">java.lang.AssertionError
	at org.junit.Assert.fail(Assert.java:86)
	at org.junit.Assert.assertTrue(Assert.java:41)
	at org.junit.Assert.assertTrue(Assert.java:52)
	at cengage.samlms.stepdefinition.SAMAssignmentsSteps.iVerifyLessonLessonAvailableValueShouldBeBlank(SAMAssignmentsSteps.java:2635)
	at ✽.And I verify Lesson 1 lesson available value should be blank(test/resources/cengage/samlms/keyboarding/KB_Training_Assignment_Validation.feature:123)
</failure>
    <system-out>20:58:27.511 [main] ERROR cengage.common.toolbox.Sync - org.openqa.selenium.TimeoutException: Timed out after 150 seconds waiting for cengage.common.toolbox.Sync$1@2d85fb64
Build info: version: &apos;2.53.0&apos;, revision: &apos;35ae25b1534ae328c771e0856c93e187490ca824&apos;, time: &apos;2016-03-15 10:43:46&apos;
System info: host: &apos;CODOID&apos;, ip: &apos;10.161.244.44&apos;, os.name: &apos;Windows 8.1&apos;, os.arch: &apos;amd64&apos;, os.version: &apos;6.3&apos;, java.version: &apos;1.8.0_91&apos;
Driver info: driver.version: unknown
20:58:27.513 [main] ERROR cengage.common.toolbox.Element - java.lang.NullPointerException
</system-out>
  </testcase>
  <testcase classname="| super_T2088807@sam.com | DP:SUPER.PASSWORD | DP:SECTIONS.SECTIONNAME | MMM d\u002C yyyy | L1 Training: Computer Basics | N | Y |" name="| super_T2088807@sam.com | DP:SUPER.PASSWORD | DP:SECTIONS.SECTIONNAME | MMM d\u002C yyyy | L1 Training: Computer Basics | N | Y |" time="0.005">
    <failure type="java.lang.AssertionError">java.lang.AssertionError
	at org.junit.Assert.fail(Assert.java:86)
	at org.junit.Assert.assertTrue(Assert.java:41)
	at org.junit.Assert.assertTrue(Assert.java:52)
	at cengage.samlms.stepdefinition.SAMAssignmentsSteps.iVerifyLessonLessonAvailableValueShouldBeBlank(SAMAssignmentsSteps.java:2635)
	at ✽.And I verify Lesson 1 lesson available value should be blank(test/resources/cengage/samlms/keyboarding/KB_Training_Assignment_Validation.feature:123)
</failure>
  </testcase>
  <testcase classname="| super_T2088807@sam.com | DP:SUPER.PASSWORD | DP:SECTIONS.SECTIONNAME | MMM d\u002C yyyy | L1 Training: Computer Basics | N | Y |" name="And I verify Lesson 1 lesson due-date value should be blank" time="0.006">
    <skipped/>
  </testcase>
  <testcase classname="| super_T2088807@sam.com | DP:SUPER.PASSWORD | DP:SECTIONS.SECTIONNAME | MMM d\u002C yyyy | L1 Training: Computer Basics | N | Y |" name="And I verify L1 Training: Computer Basics available value as tomorowDate" time="0.008">
    <skipped/>
  </testcase>
  <testcase classname="| super_T2088807@sam.com | DP:SUPER.PASSWORD | DP:SECTIONS.SECTIONNAME | MMM d\u002C yyyy | L1 Training: Computer Basics | N | Y |" name="And I click on Sections tab" time="0.011">
    <skipped/>
  </testcase>
  <testcase classname="| super_T2088807@sam.com | DP:SUPER.PASSWORD | DP:SECTIONS.SECTIONNAME | MMM d\u002C yyyy | L1 Training: Computer Basics | N | Y |" name="And I check DP:SECTIONS.SECTIONNAME Y from section list" time="0.015">
    <skipped/>
  </testcase>
  <testcase classname="| super_T2088807@sam.com | DP:SUPER.PASSWORD | DP:SECTIONS.SECTIONNAME | MMM d\u002C yyyy | L1 Training: Computer Basics | N | Y |" name="And I click on Edit button" time="0.016">
    <skipped/>
  </testcase>
  <testcase classname="| super_T2088807@sam.com | DP:SUPER.PASSWORD | DP:SECTIONS.SECTIONNAME | MMM d\u002C yyyy | L1 Training: Computer Basics | N | Y |" name="And I click on Lessons tab in Section page" time="0.018">
    <skipped/>
  </testcase>
  <testcase classname="| super_T2088807@sam.com | DP:SUPER.PASSWORD | DP:SECTIONS.SECTIONNAME | MMM d\u002C yyyy | L1 Training: Computer Basics | N | Y |" name="And I enter L1 Training: Computer Basics in lesson search textbox" time="0.021">
    <skipped/>
  </testcase>
  <testcase classname="| super_T2088807@sam.com | DP:SUPER.PASSWORD | DP:SECTIONS.SECTIONNAME | MMM d\u002C yyyy | L1 Training: Computer Basics | N | Y |" name="And I set L1 Training: Computer Basics N Keyboarding Project Always Available toggle to ON" time="0.023">
    <skipped/>
  </testcase>
  <testcase classname="| super_T2088807@sam.com | DP:SUPER.PASSWORD | DP:SECTIONS.SECTIONNAME | MMM d\u002C yyyy | L1 Training: Computer Basics | N | Y |" name="And I set L1 Training: Computer Basics N Keyboarding Project Always Available toggle to OFF" time="0.025">
    <skipped/>
  </testcase>
  <testcase classname="| super_T2088807@sam.com | DP:SUPER.PASSWORD | DP:SECTIONS.SECTIONNAME | MMM d\u002C yyyy | L1 Training: Computer Basics | N | Y |" name="And I click L1 Training: Computer Basics N section lesson dates and security field" time="0.028">
    <skipped/>
  </testcase>
  <testcase classname="| super_T2088807@sam.com | DP:SUPER.PASSWORD | DP:SECTIONS.SECTIONNAME | MMM d\u002C yyyy | L1 Training: Computer Basics | N | Y |" name="And I select Tomorrow date with MMM d\u002C yyyy from select available or due date in previous calendar" time="0.033">
    <skipped/>
  </testcase>
  <testcase classname="| super_T2088807@sam.com | DP:SUPER.PASSWORD | DP:SECTIONS.SECTIONNAME | MMM d\u002C yyyy | L1 Training: Computer Basics | N | Y |" name="And I select Day After Tomorrow date with MMM d\u002C yyyy from select available or due date in previous calendar" time="0.036">
    <skipped/>
  </testcase>
  <testcase classname="| super_T2088807@sam.com | DP:SUPER.PASSWORD | DP:SECTIONS.SECTIONNAME | MMM d\u002C yyyy | L1 Training: Computer Basics | N | Y |" name="And I click on Scheduling option Save and Close button" time="0.038">
    <skipped/>
  </testcase>
  <testcase classname="| super_T2088807@sam.com | DP:SUPER.PASSWORD | DP:SECTIONS.SECTIONNAME | MMM d\u002C yyyy | L1 Training: Computer Basics | N | Y |" name="And I click on save and close button in section page" time="0.04">
    <skipped/>
  </testcase>
  <testcase classname="| super_T2088807@sam.com | DP:SUPER.PASSWORD | DP:SECTIONS.SECTIONNAME | MMM d\u002C yyyy | L1 Training: Computer Basics | N | Y |" name="And I click on SAM Assignments tab" time="0.042">
    <skipped/>
  </testcase>
  <testcase classname="| super_T2088807@sam.com | DP:SUPER.PASSWORD | DP:SECTIONS.SECTIONNAME | MMM d\u002C yyyy | L1 Training: Computer Basics | N | Y |" name="When I select DP:SECTIONS.SECTIONNAME Y from section drop down" time="0.043">
    <skipped/>
  </testcase>
  <testcase classname="| super_T2088807@sam.com | DP:SUPER.PASSWORD | DP:SECTIONS.SECTIONNAME | MMM d\u002C yyyy | L1 Training: Computer Basics | N | Y |" name="Then I verify Lesson 1 lesson available value should be blank" time="0.045">
    <skipped/>
  </testcase>
  <testcase classname="| super_T2088807@sam.com | DP:SUPER.PASSWORD | DP:SECTIONS.SECTIONNAME | MMM d\u002C yyyy | L1 Training: Computer Basics | N | Y |" name="And I verify Lesson 1 lesson due-date value should be blank" time="0.048">
    <skipped/>
  </testcase>
  <testcase classname="| super_T2088807@sam.com | DP:SUPER.PASSWORD | DP:SECTIONS.SECTIONNAME | MMM d\u002C yyyy | L1 Training: Computer Basics | N | Y |" name="And I verify L1 Training: Computer Basics available value as tomorowDate" time="0.049">
    <skipped/>
  </testcase>
  <testcase classname="| super_T2088807@sam.com | DP:SUPER.PASSWORD | DP:SECTIONS.SECTIONNAME | MMM d\u002C yyyy | L1 Training: Computer Basics | N | Y |" name="And I verify L1 Training: Computer Basics due-date value as dayAfterTomorrow" time="0.051">
    <skipped/>
  </testcase>
  <testcase classname="Given I click on Sections tab(| L6 Textbook Drills: Home Keys (fdsa jkl;) | DP:SECTIONS.SECTIONNAME | Y | MMM d\u002C yyyy | L6 Additional Drills: Learn Home Row\u002C Enter\u002C and Space Bar | N | N |)" name="Given I click on Sections tab" time="0"/>
  <testcase classname="And I check DP:SECTIONS.SECTIONNAME Y from section list(| L6 Textbook Drills: Home Keys (fdsa jkl;) | DP:SECTIONS.SECTIONNAME | Y | MMM d\u002C yyyy | L6 Additional Drills: Learn Home Row\u002C Enter\u002C and Space Bar | N | N |)" name="And I check DP:SECTIONS.SECTIONNAME Y from section list" time="0"/>
  <testcase classname="And I click on Edit button(| L6 Textbook Drills: Home Keys (fdsa jkl;) | DP:SECTIONS.SECTIONNAME | Y | MMM d\u002C yyyy | L6 Additional Drills: Learn Home Row\u002C Enter\u002C and Space Bar | N | N |)" name="And I click on Edit button" time="0"/>
  <testcase classname="And I click on Lessons tab in Section page(| L6 Textbook Drills: Home Keys (fdsa jkl;) | DP:SECTIONS.SECTIONNAME | Y | MMM d\u002C yyyy | L6 Additional Drills: Learn Home Row\u002C Enter\u002C and Space Bar | N | N |)" name="And I click on Lessons tab in Section page" time="0"/>
  <testcase classname="And I enter L6 Additional Drills: Learn Home Row\u002C Enter\u002C and Space Bar in lesson search textbox(| L6 Textbook Drills: Home Keys (fdsa jkl;) | DP:SECTIONS.SECTIONNAME | Y | MMM d\u002C yyyy | L6 Additional Drills: Learn Home Row\u002C Enter\u002C and Space Bar | N | N |)" name="And I enter L6 Additional Drills: Learn Home Row\u002C Enter\u002C and Space Bar in lesson search textbox" time="0"/>
  <testcase classname="And I set L6 Additional Drills: Learn Home Row\u002C Enter\u002C and Space Bar N Keyboarding Project Always Available toggle to OFF(| L6 Textbook Drills: Home Keys (fdsa jkl;) | DP:SECTIONS.SECTIONNAME | Y | MMM d\u002C yyyy | L6 Additional Drills: Learn Home Row\u002C Enter\u002C and Space Bar | N | N |)" name="And I set L6 Additional Drills: Learn Home Row\u002C Enter\u002C and Space Bar N Keyboarding Project Always Available toggle to OFF" time="0"/>
  <testcase classname="And I click L6 Additional Drills: Learn Home Row\u002C Enter\u002C and Space Bar N section lesson dates and security field(| L6 Textbook Drills: Home Keys (fdsa jkl;) | DP:SECTIONS.SECTIONNAME | Y | MMM d\u002C yyyy | L6 Additional Drills: Learn Home Row\u002C Enter\u002C and Space Bar | N | N |)" name="And I click L6 Additional Drills: Learn Home Row\u002C Enter\u002C and Space Bar N section lesson dates and security field" time="0"/>
  <testcase classname="And I select Tomorrow date with MMM d\u002C yyyy from select available or due date in previous calendar(| L6 Textbook Drills: Home Keys (fdsa jkl;) | DP:SECTIONS.SECTIONNAME | Y | MMM d\u002C yyyy | L6 Additional Drills: Learn Home Row\u002C Enter\u002C and Space Bar | N | N |)" name="And I select Tomorrow date with MMM d\u002C yyyy from select available or due date in previous calendar" time="0"/>
  <testcase classname="And I click on Scheduling option Save and Close button(| L6 Textbook Drills: Home Keys (fdsa jkl;) | DP:SECTIONS.SECTIONNAME | Y | MMM d\u002C yyyy | L6 Additional Drills: Learn Home Row\u002C Enter\u002C and Space Bar | N | N |)" name="And I click on Scheduling option Save and Close button" time="0"/>
  <testcase classname="And I click on save and close button in section page(| L6 Textbook Drills: Home Keys (fdsa jkl;) | DP:SECTIONS.SECTIONNAME | Y | MMM d\u002C yyyy | L6 Additional Drills: Learn Home Row\u002C Enter\u002C and Space Bar | N | N |)" name="And I click on save and close button in section page" time="0"/>
  <testcase classname="And I click on SAM Assignments tab(| L6 Textbook Drills: Home Keys (fdsa jkl;) | DP:SECTIONS.SECTIONNAME | Y | MMM d\u002C yyyy | L6 Additional Drills: Learn Home Row\u002C Enter\u002C and Space Bar | N | N |)" name="And I click on SAM Assignments tab" time="0"/>
  <testcase classname="And I select DP:SECTIONS.SECTIONNAME Y from section drop down(| L6 Textbook Drills: Home Keys (fdsa jkl;) | DP:SECTIONS.SECTIONNAME | Y | MMM d\u002C yyyy | L6 Additional Drills: Learn Home Row\u002C Enter\u002C and Space Bar | N | N |)" name="And I select DP:SECTIONS.SECTIONNAME Y from section drop down" time="0"/>
  <testcase classname="And I verify Lesson 6 lesson available value should be blank(| L6 Textbook Drills: Home Keys (fdsa jkl;) | DP:SECTIONS.SECTIONNAME | Y | MMM d\u002C yyyy | L6 Additional Drills: Learn Home Row\u002C Enter\u002C and Space Bar | N | N |)" name="And I verify Lesson 6 lesson available value should be blank" time="0.001">
    <failure type="java.lang.AssertionError">java.lang.AssertionError
	at org.junit.Assert.fail(Assert.java:86)
	at org.junit.Assert.assertTrue(Assert.java:41)
	at org.junit.Assert.assertTrue(Assert.java:52)
	at cengage.samlms.stepdefinition.SAMAssignmentsSteps.iVerifyLessonLessonAvailableValueShouldBeBlank(SAMAssignmentsSteps.java:2635)
	at ✽.And I verify Lesson 6 lesson available value should be blank(test/resources/cengage/samlms/keyboarding/KB_Training_Assignment_Validation.feature:165)
</failure>
    <system-out>21:02:08.426 [main] ERROR cengage.common.toolbox.Sync - org.openqa.selenium.TimeoutException: Timed out after 150 seconds waiting for cengage.common.toolbox.Sync$1@39ee94de
Build info: version: &apos;2.53.0&apos;, revision: &apos;35ae25b1534ae328c771e0856c93e187490ca824&apos;, time: &apos;2016-03-15 10:43:46&apos;
System info: host: &apos;CODOID&apos;, ip: &apos;10.161.244.44&apos;, os.name: &apos;Windows 8.1&apos;, os.arch: &apos;amd64&apos;, os.version: &apos;6.3&apos;, java.version: &apos;1.8.0_91&apos;
Driver info: driver.version: unknown
21:02:08.429 [main] ERROR cengage.common.toolbox.Element - java.lang.NullPointerException
</system-out>
  </testcase>
  <testcase classname="| L6 Textbook Drills: Home Keys (fdsa jkl;) | DP:SECTIONS.SECTIONNAME | Y | MMM d\u002C yyyy | L6 Additional Drills: Learn Home Row\u002C Enter\u002C and Space Bar | N | N |" name="| L6 Textbook Drills: Home Keys " time="0.002">
    <failure type="java.lang.AssertionError">java.lang.AssertionError
	at org.junit.Assert.fail(Assert.java:86)
	at org.junit.Assert.assertTrue(Assert.java:41)
	at org.junit.Assert.assertTrue(Assert.java:52)
	at cengage.samlms.stepdefinition.SAMAssignmentsSteps.iVerifyLessonLessonAvailableValueShouldBeBlank(SAMAssignmentsSteps.java:2635)
	at ✽.And I verify Lesson 6 lesson available value should be blank(test/resources/cengage/samlms/keyboarding/KB_Training_Assignment_Validation.feature:165)
</failure>
  </testcase>
  <testcase classname="And I verify Lesson 6 lesson due-date value should be blank(| L6 Textbook Drills: Home Keys (fdsa jkl;) | DP:SECTIONS.SECTIONNAME | Y | MMM d\u002C yyyy | L6 Additional Drills: Learn Home Row\u002C Enter\u002C and Space Bar | N | N |)" name="And I verify Lesson 6 lesson due-date value should be blank" time="0.009">
    <skipped/>
  </testcase>
  <testcase classname="And I click to expand Lesson 6 lesson in SAM Assignments page(| L6 Textbook Drills: Home Keys (fdsa jkl;) | DP:SECTIONS.SECTIONNAME | Y | MMM d\u002C yyyy | L6 Additional Drills: Learn Home Row\u002C Enter\u002C and Space Bar | N | N |)" name="And I click to expand Lesson 6 lesson in SAM Assignments page" time="0.014">
    <skipped/>
  </testcase>
  <testcase classname="And I verify L6 Textbook Drills: Home Keys (fdsa jkl;) assignment Always value in available column(| L6 Textbook Drills: Home Keys (fdsa jkl;) | DP:SECTIONS.SECTIONNAME | Y | MMM d\u002C yyyy | L6 Additional Drills: Learn Home Row\u002C Enter\u002C and Space Bar | N | N |)" name="And I verify L6 Textbook Drills: Home Keys " time="0.02">
    <skipped/>
  </testcase>
  <testcase classname="And I click on Sections tab(| L6 Textbook Drills: Home Keys (fdsa jkl;) | DP:SECTIONS.SECTIONNAME | Y | MMM d\u002C yyyy | L6 Additional Drills: Learn Home Row\u002C Enter\u002C and Space Bar | N | N |)" name="And I click on Sections tab" time="0.022">
    <skipped/>
  </testcase>
  <testcase classname="And I check DP:SECTIONS.SECTIONNAME Y from section list(| L6 Textbook Drills: Home Keys (fdsa jkl;) | DP:SECTIONS.SECTIONNAME | Y | MMM d\u002C yyyy | L6 Additional Drills: Learn Home Row\u002C Enter\u002C and Space Bar | N | N |)" name="And I check DP:SECTIONS.SECTIONNAME Y from section list" time="0.024">
    <skipped/>
  </testcase>
  <testcase classname="And I click on Edit button(| L6 Textbook Drills: Home Keys (fdsa jkl;) | DP:SECTIONS.SECTIONNAME | Y | MMM d\u002C yyyy | L6 Additional Drills: Learn Home Row\u002C Enter\u002C and Space Bar | N | N |)" name="And I click on Edit button" time="0.025">
    <skipped/>
  </testcase>
  <testcase classname="And I click on Lessons tab in Section page(| L6 Textbook Drills: Home Keys (fdsa jkl;) | DP:SECTIONS.SECTIONNAME | Y | MMM d\u002C yyyy | L6 Additional Drills: Learn Home Row\u002C Enter\u002C and Space Bar | N | N |)" name="And I click on Lessons tab in Section page" time="0.027">
    <skipped/>
  </testcase>
  <testcase classname="And I enter L6 Textbook Drills: Home Keys (fdsa jkl;) in lesson search textbox(| L6 Textbook Drills: Home Keys (fdsa jkl;) | DP:SECTIONS.SECTIONNAME | Y | MMM d\u002C yyyy | L6 Additional Drills: Learn Home Row\u002C Enter\u002C and Space Bar | N | N |)" name="And I enter L6 Textbook Drills: Home Keys " time="0.029">
    <skipped/>
  </testcase>
  <testcase classname="And I set L6 Textbook Drills: Home Keys (fdsa jkl;) N Keyboarding Project Always Available toggle to OFF(| L6 Textbook Drills: Home Keys (fdsa jkl;) | DP:SECTIONS.SECTIONNAME | Y | MMM d\u002C yyyy | L6 Additional Drills: Learn Home Row\u002C Enter\u002C and Space Bar | N | N |)" name="And I set L6 Textbook Drills: Home Keys " time="0.031">
    <skipped/>
  </testcase>
  <testcase classname="And I click L6 Textbook Drills: Home Keys (fdsa jkl;) N section lesson dates and security field(| L6 Textbook Drills: Home Keys (fdsa jkl;) | DP:SECTIONS.SECTIONNAME | Y | MMM d\u002C yyyy | L6 Additional Drills: Learn Home Row\u002C Enter\u002C and Space Bar | N | N |)" name="And I click L6 Textbook Drills: Home Keys " time="0.033">
    <skipped/>
  </testcase>
  <testcase classname="And I select Tomorrow date with MMM d\u002C yyyy from select available or due date in previous calendar(| L6 Textbook Drills: Home Keys (fdsa jkl;) | DP:SECTIONS.SECTIONNAME | Y | MMM d\u002C yyyy | L6 Additional Drills: Learn Home Row\u002C Enter\u002C and Space Bar | N | N |)" name="And I select Tomorrow date with MMM d\u002C yyyy from select available or due date in previous calendar" time="0.037">
    <skipped/>
  </testcase>
  <testcase classname="And I select Day After Tomorrow date with MMM d\u002C yyyy from select available or due date in previous calendar(| L6 Textbook Drills: Home Keys (fdsa jkl;) | DP:SECTIONS.SECTIONNAME | Y | MMM d\u002C yyyy | L6 Additional Drills: Learn Home Row\u002C Enter\u002C and Space Bar | N | N |)" name="And I select Day After Tomorrow date with MMM d\u002C yyyy from select available or due date in previous calendar" time="0.043">
    <skipped/>
  </testcase>
  <testcase classname="And I click on Scheduling option Save and Close button(| L6 Textbook Drills: Home Keys (fdsa jkl;) | DP:SECTIONS.SECTIONNAME | Y | MMM d\u002C yyyy | L6 Additional Drills: Learn Home Row\u002C Enter\u002C and Space Bar | N | N |)" name="And I click on Scheduling option Save and Close button" time="0.045">
    <skipped/>
  </testcase>
  <testcase classname="And I click on save and close button in section page(| L6 Textbook Drills: Home Keys (fdsa jkl;) | DP:SECTIONS.SECTIONNAME | Y | MMM d\u002C yyyy | L6 Additional Drills: Learn Home Row\u002C Enter\u002C and Space Bar | N | N |)" name="And I click on save and close button in section page" time="0.047">
    <skipped/>
  </testcase>
  <testcase classname="And I click on SAM Assignments tab(| L6 Textbook Drills: Home Keys (fdsa jkl;) | DP:SECTIONS.SECTIONNAME | Y | MMM d\u002C yyyy | L6 Additional Drills: Learn Home Row\u002C Enter\u002C and Space Bar | N | N |)" name="And I click on SAM Assignments tab" time="0.048">
    <skipped/>
  </testcase>
  <testcase classname="And I select DP:SECTIONS.SECTIONNAME Y from section drop down(| L6 Textbook Drills: Home Keys (fdsa jkl;) | DP:SECTIONS.SECTIONNAME | Y | MMM d\u002C yyyy | L6 Additional Drills: Learn Home Row\u002C Enter\u002C and Space Bar | N | N |)" name="And I select DP:SECTIONS.SECTIONNAME Y from section drop down" time="0.05">
    <skipped/>
  </testcase>
  <testcase classname="And I verify Lesson 6 lesson available value should be blank(| L6 Textbook Drills: Home Keys (fdsa jkl;) | DP:SECTIONS.SECTIONNAME | Y | MMM d\u002C yyyy | L6 Additional Drills: Learn Home Row\u002C Enter\u002C and Space Bar | N | N |)" name="And I verify Lesson 6 lesson available value should be blank" time="0.051">
    <skipped/>
  </testcase>
  <testcase classname="And I verify Lesson 6 lesson due-date value should be blank(| L6 Textbook Drills: Home Keys (fdsa jkl;) | DP:SECTIONS.SECTIONNAME | Y | MMM d\u002C yyyy | L6 Additional Drills: Learn Home Row\u002C Enter\u002C and Space Bar | N | N |)" name="And I verify Lesson 6 lesson due-date value should be blank" time="0.053">
    <skipped/>
  </testcase>
  <testcase classname="When I click to expand Lesson 6 lesson in SAM Assignments page(| L6 Textbook Drills: Home Keys (fdsa jkl;) | DP:SECTIONS.SECTIONNAME | Y | MMM d\u002C yyyy | L6 Additional Drills: Learn Home Row\u002C Enter\u002C and Space Bar | N | N |)" name="When I click to expand Lesson 6 lesson in SAM Assignments page" time="0.054">
    <skipped/>
  </testcase>
  <testcase classname="Then I verify L6 Additional Drills: Learn Home Row\u002C Enter\u002C and Space Bar available value as tomorowDate(| L6 Textbook Drills: Home Keys (fdsa jkl;) | DP:SECTIONS.SECTIONNAME | Y | MMM d\u002C yyyy | L6 Additional Drills: Learn Home Row\u002C Enter\u002C and Space Bar | N | N |)" name="Then I verify L6 Additional Drills: Learn Home Row\u002C Enter\u002C and Space Bar available value as tomorowDate" time="0.056">
    <skipped/>
  </testcase>
  <testcase classname="And I verify L6 Textbook Drills: Home Keys (fdsa jkl;) available value as tomorowDate(| L6 Textbook Drills: Home Keys (fdsa jkl;) | DP:SECTIONS.SECTIONNAME | Y | MMM d\u002C yyyy | L6 Additional Drills: Learn Home Row\u002C Enter\u002C and Space Bar | N | N |)" name="And I verify L6 Textbook Drills: Home Keys " time="0.058">
    <skipped/>
  </testcase>
  <testcase classname="And I verify L6 Textbook Drills: Home Keys (fdsa jkl;) due-date value as dayAfterTomorrow(| L6 Textbook Drills: Home Keys (fdsa jkl;) | DP:SECTIONS.SECTIONNAME | Y | MMM d\u002C yyyy | L6 Additional Drills: Learn Home Row\u002C Enter\u002C and Space Bar | N | N |)" name="And I verify L6 Textbook Drills: Home Keys " time="0.06">
    <skipped/>
  </testcase>
  <testcase classname="| L2 Training: Application Software Basics | DP:SECTIONS.SECTIONNAME | L3 Training: Using a Software Application | MMM d\u002C yyyy | N | Y |" name="Given I click on Sections tab" time="0"/>
  <testcase classname="| L2 Training: Application Software Basics | DP:SECTIONS.SECTIONNAME | L3 Training: Using a Software Application | MMM d\u002C yyyy | N | Y |" name="And I check DP:SECTIONS.SECTIONNAME Y from section list" time="0"/>
  <testcase classname="| L2 Training: Application Software Basics | DP:SECTIONS.SECTIONNAME | L3 Training: Using a Software Application | MMM d\u002C yyyy | N | Y |" name="And I click on Edit button" time="0"/>
  <testcase classname="| L2 Training: Application Software Basics | DP:SECTIONS.SECTIONNAME | L3 Training: Using a Software Application | MMM d\u002C yyyy | N | Y |" name="And I click on Lessons tab in Section page" time="0"/>
  <testcase classname="| L2 Training: Application Software Basics | DP:SECTIONS.SECTIONNAME | L3 Training: Using a Software Application | MMM d\u002C yyyy | N | Y |" name="And I enter L3 Training: Using a Software Application in lesson search textbox" time="0"/>
  <testcase classname="| L2 Training: Application Software Basics | DP:SECTIONS.SECTIONNAME | L3 Training: Using a Software Application | MMM d\u002C yyyy | N | Y |" name="And I set L3 Training: Using a Software Application N Keyboarding Project Always Available toggle to OFF" time="0"/>
  <testcase classname="| L2 Training: Application Software Basics | DP:SECTIONS.SECTIONNAME | L3 Training: Using a Software Application | MMM d\u002C yyyy | N | Y |" name="And I click L3 Training: Using a Software Application N section lesson dates and security field" time="0"/>
  <testcase classname="| L2 Training: Application Software Basics | DP:SECTIONS.SECTIONNAME | L3 Training: Using a Software Application | MMM d\u002C yyyy | N | Y |" name="And I click select Available Date only radio button in Dates\/Security scheduling options modal" time="0.001"/>
  <testcase classname="| L2 Training: Application Software Basics | DP:SECTIONS.SECTIONNAME | L3 Training: Using a Software Application | MMM d\u002C yyyy | N | Y |" name="And I select Todays date with MMM d\u002C yyyy from select available or due date in previous calendar" time="0"/>
  <testcase classname="| L2 Training: Application Software Basics | DP:SECTIONS.SECTIONNAME | L3 Training: Using a Software Application | MMM d\u002C yyyy | N | Y |" name="And I click on Scheduling option Save and Close button" time="0"/>
  <testcase classname="| L2 Training: Application Software Basics | DP:SECTIONS.SECTIONNAME | L3 Training: Using a Software Application | MMM d\u002C yyyy | N | Y |" name="And I click on save and close button in section page" time="0"/>
  <testcase classname="| L2 Training: Application Software Basics | DP:SECTIONS.SECTIONNAME | L3 Training: Using a Software Application | MMM d\u002C yyyy | N | Y |" name="And I click on SAM Assignments tab" time="0"/>
  <testcase classname="| L2 Training: Application Software Basics | DP:SECTIONS.SECTIONNAME | L3 Training: Using a Software Application | MMM d\u002C yyyy | N | Y |" name="And I select DP:SECTIONS.SECTIONNAME Y from section drop down" time="0"/>
  <testcase classname="| L2 Training: Application Software Basics | DP:SECTIONS.SECTIONNAME | L3 Training: Using a Software Application | MMM d\u002C yyyy | N | Y |" name="And I click to expand Lesson 3 lesson in SAM Assignments page" time="0">
    <failure type="java.lang.AssertionError">java.lang.AssertionError
	at org.junit.Assert.fail(Assert.java:86)
	at org.junit.Assert.assertTrue(Assert.java:41)
	at org.junit.Assert.assertTrue(Assert.java:52)
	at cengage.samlms.stepdefinition.SAMAssignmentsSteps.iClickToExpandLessonnoLessonInSAMAssignmentsPage(SAMAssignmentsSteps.java:2615)
	at ✽.And I click to expand Lesson 3 lesson in SAM Assignments page(test/resources/cengage/samlms/keyboarding/KB_Training_Assignment_Validation.feature:211)
</failure>
    <system-out>21:05:59.586 [main] ERROR cengage.common.toolbox.Sync - org.openqa.selenium.TimeoutException: Timed out after 150 seconds waiting for cengage.common.toolbox.Sync$1@4fb04a72
Build info: version: &apos;2.53.0&apos;, revision: &apos;35ae25b1534ae328c771e0856c93e187490ca824&apos;, time: &apos;2016-03-15 10:43:46&apos;
System info: host: &apos;CODOID&apos;, ip: &apos;10.161.244.44&apos;, os.name: &apos;Windows 8.1&apos;, os.arch: &apos;amd64&apos;, os.version: &apos;6.3&apos;, java.version: &apos;1.8.0_91&apos;
Driver info: driver.version: unknown
21:05:59.590 [main] ERROR cengage.common.toolbox.Sync - java.lang.NullPointerException
21:05:59.603 [main] ERROR cengage.common.toolbox.Element - org.openqa.selenium.WebDriverException: unknown error: Cannot read property &apos;click&apos; of null
  (Session info: chrome=56.0.2924.87)
  (Driver info: chromedriver=2.25.426923 (0390b88869384d6eb0d5d09729679f934aab9eed),platform=Windows NT 6.3.9600 x86_64) (WARNING: The server did not provide any stacktrace information)
Command duration or timeout: 11 milliseconds
Build info: version: &apos;2.53.0&apos;, revision: &apos;35ae25b1534ae328c771e0856c93e187490ca824&apos;, time: &apos;2016-03-15 10:43:46&apos;
System info: host: &apos;CODOID&apos;, ip: &apos;10.161.244.44&apos;, os.name: &apos;Windows 8.1&apos;, os.arch: &apos;amd64&apos;, os.version: &apos;6.3&apos;, java.version: &apos;1.8.0_91&apos;
Driver info: org.openqa.selenium.chrome.ChromeDriver
Capabilities [{applicationCacheEnabled=false, rotatable=false, mobileEmulationEnabled=false, networkConnectionEnabled=false, chrome={chromedriverVersion=2.25.426923 (0390b88869384d6eb0d5d09729679f934aab9eed), userDataDir=C:\Users\CODOID~1\AppData\Local\Temp\scoped_dir3872_13250}, takesHeapSnapshot=true, pageLoadStrategy=normal, databaseEnabled=false, handlesAlerts=true, hasTouchScreen=false, version=56.0.2924.87, platform=WIN8_1, browserConnectionEnabled=false, nativeEvents=true, acceptSslCerts=true, locationContextEnabled=true, webStorageEnabled=true, browserName=chrome, takesScreenshot=true, javascriptEnabled=true, cssSelectorsEnabled=true}]
Session ID: 18b4ef8828fe3887e5e860a542d7704c
</system-out>
  </testcase>
  <testcase classname="| L2 Training: Application Software Basics | DP:SECTIONS.SECTIONNAME | L3 Training: Using a Software Application | MMM d\u002C yyyy | N | Y |" name="| L2 Training: Application Software Basics | DP:SECTIONS.SECTIONNAME | L3 Training: Using a Software Application | MMM d\u002C yyyy | N | Y |" time="0.001">
    <failure type="java.lang.AssertionError">java.lang.AssertionError
	at org.junit.Assert.fail(Assert.java:86)
	at org.junit.Assert.assertTrue(Assert.java:41)
	at org.junit.Assert.assertTrue(Assert.java:52)
	at cengage.samlms.stepdefinition.SAMAssignmentsSteps.iClickToExpandLessonnoLessonInSAMAssignmentsPage(SAMAssignmentsSteps.java:2615)
	at ✽.And I click to expand Lesson 3 lesson in SAM Assignments page(test/resources/cengage/samlms/keyboarding/KB_Training_Assignment_Validation.feature:211)
</failure>
  </testcase>
  <testcase classname="| L2 Training: Application Software Basics | DP:SECTIONS.SECTIONNAME | L3 Training: Using a Software Application | MMM d\u002C yyyy | N | Y |" name="And I verify L3 Training: Using a Software Application assignment Always value in available column" time="0.004">
    <skipped/>
  </testcase>
  <testcase classname="| L2 Training: Application Software Basics | DP:SECTIONS.SECTIONNAME | L3 Training: Using a Software Application | MMM d\u002C yyyy | N | Y |" name="And I click on Sections tab" time="0.006">
    <skipped/>
  </testcase>
  <testcase classname="| L2 Training: Application Software Basics | DP:SECTIONS.SECTIONNAME | L3 Training: Using a Software Application | MMM d\u002C yyyy | N | Y |" name="And I check DP:SECTIONS.SECTIONNAME Y from section list" time="0.008">
    <skipped/>
  </testcase>
  <testcase classname="| L2 Training: Application Software Basics | DP:SECTIONS.SECTIONNAME | L3 Training: Using a Software Application | MMM d\u002C yyyy | N | Y |" name="And I click on Edit button" time="0.01">
    <skipped/>
  </testcase>
  <testcase classname="| L2 Training: Application Software Basics | DP:SECTIONS.SECTIONNAME | L3 Training: Using a Software Application | MMM d\u002C yyyy | N | Y |" name="And I click on Lessons tab in Section page" time="0.013">
    <skipped/>
  </testcase>
  <testcase classname="| L2 Training: Application Software Basics | DP:SECTIONS.SECTIONNAME | L3 Training: Using a Software Application | MMM d\u002C yyyy | N | Y |" name="And I enter L3 Training: Using a Software Application in lesson search textbox" time="0.016">
    <skipped/>
  </testcase>
  <testcase classname="| L2 Training: Application Software Basics | DP:SECTIONS.SECTIONNAME | L3 Training: Using a Software Application | MMM d\u002C yyyy | N | Y |" name="And I click L3 Training: Using a Software Application N section lesson dates and security field" time="0.018">
    <skipped/>
  </testcase>
  <testcase classname="| L2 Training: Application Software Basics | DP:SECTIONS.SECTIONNAME | L3 Training: Using a Software Application | MMM d\u002C yyyy | N | Y |" name="And I select Tomorrow date with MMM d\u002C yyyy from select available or due date in previous calendar" time="0.021">
    <skipped/>
  </testcase>
  <testcase classname="| L2 Training: Application Software Basics | DP:SECTIONS.SECTIONNAME | L3 Training: Using a Software Application | MMM d\u002C yyyy | N | Y |" name="And I click on Scheduling option Save and Close button" time="0.023">
    <skipped/>
  </testcase>
  <testcase classname="| L2 Training: Application Software Basics | DP:SECTIONS.SECTIONNAME | L3 Training: Using a Software Application | MMM d\u002C yyyy | N | Y |" name="And I click on save and close button in section page" time="0.025">
    <skipped/>
  </testcase>
  <testcase classname="| L2 Training: Application Software Basics | DP:SECTIONS.SECTIONNAME | L3 Training: Using a Software Application | MMM d\u002C yyyy | N | Y |" name="And I click on SAM Assignments tab" time="0.027">
    <skipped/>
  </testcase>
  <testcase classname="| L2 Training: Application Software Basics | DP:SECTIONS.SECTIONNAME | L3 Training: Using a Software Application | MMM d\u002C yyyy | N | Y |" name="And I select DP:SECTIONS.SECTIONNAME Y from section drop down" time="0.029">
    <skipped/>
  </testcase>
  <testcase classname="| L2 Training: Application Software Basics | DP:SECTIONS.SECTIONNAME | L3 Training: Using a Software Application | MMM d\u002C yyyy | N | Y |" name="And I click to expand Lesson 3 lesson in SAM Assignments page" time="0.03">
    <skipped/>
  </testcase>
  <testcase classname="| L2 Training: Application Software Basics | DP:SECTIONS.SECTIONNAME | L3 Training: Using a Software Application | MMM d\u002C yyyy | N | Y |" name="And I verify L3 Training: Using a Software Application available value as tomorowDate" time="0.032">
    <skipped/>
  </testcase>
  <testcase classname="| L2 Training: Application Software Basics | DP:SECTIONS.SECTIONNAME | L3 Training: Using a Software Application | MMM d\u002C yyyy | N | Y |" name="And I verify L3 Training: Using a Software Application assignment --- value in due-date column" time="0.035">
    <skipped/>
  </testcase>
  <testcase classname="| L2 Training: Application Software Basics | DP:SECTIONS.SECTIONNAME | L3 Training: Using a Software Application | MMM d\u002C yyyy | N | Y |" name="And I click on Sections tab" time="0.038">
    <skipped/>
  </testcase>
  <testcase classname="| L2 Training: Application Software Basics | DP:SECTIONS.SECTIONNAME | L3 Training: Using a Software Application | MMM d\u002C yyyy | N | Y |" name="And I check DP:SECTIONS.SECTIONNAME Y from section list" time="0.039">
    <skipped/>
  </testcase>
  <testcase classname="| L2 Training: Application Software Basics | DP:SECTIONS.SECTIONNAME | L3 Training: Using a Software Application | MMM d\u002C yyyy | N | Y |" name="And I click on Edit button" time="0.041">
    <skipped/>
  </testcase>
  <testcase classname="| L2 Training: Application Software Basics | DP:SECTIONS.SECTIONNAME | L3 Training: Using a Software Application | MMM d\u002C yyyy | N | Y |" name="And I click on Lessons tab in Section page" time="0.042">
    <skipped/>
  </testcase>
  <testcase classname="| L2 Training: Application Software Basics | DP:SECTIONS.SECTIONNAME | L3 Training: Using a Software Application | MMM d\u002C yyyy | N | Y |" name="And I enter L2 Training: Application Software Basics in lesson search textbox" time="0.044">
    <skipped/>
  </testcase>
  <testcase classname="| L2 Training: Application Software Basics | DP:SECTIONS.SECTIONNAME | L3 Training: Using a Software Application | MMM d\u002C yyyy | N | Y |" name="And I set L2 Training: Application Software Basics N Keyboarding Project Always Available toggle to OFF" time="0.045">
    <skipped/>
  </testcase>
  <testcase classname="| L2 Training: Application Software Basics | DP:SECTIONS.SECTIONNAME | L3 Training: Using a Software Application | MMM d\u002C yyyy | N | Y |" name="And I click L2 Training: Application Software Basics N section lesson dates and security field" time="0.047">
    <skipped/>
  </testcase>
  <testcase classname="| L2 Training: Application Software Basics | DP:SECTIONS.SECTIONNAME | L3 Training: Using a Software Application | MMM d\u002C yyyy | N | Y |" name="And I Click Select Training Due Date only radio button" time="0.048">
    <skipped/>
  </testcase>
  <testcase classname="| L2 Training: Application Software Basics | DP:SECTIONS.SECTIONNAME | L3 Training: Using a Software Application | MMM d\u002C yyyy | N | Y |" name="And I select Tomorrow date with MMM d\u002C yyyy from select available or due date in previous calendar" time="0.051">
    <skipped/>
  </testcase>
  <testcase classname="| L2 Training: Application Software Basics | DP:SECTIONS.SECTIONNAME | L3 Training: Using a Software Application | MMM d\u002C yyyy | N | Y |" name="And I click on Scheduling option Save and Close button" time="0.052">
    <skipped/>
  </testcase>
  <testcase classname="| L2 Training: Application Software Basics | DP:SECTIONS.SECTIONNAME | L3 Training: Using a Software Application | MMM d\u002C yyyy | N | Y |" name="And I click on save and close button in section page" time="0.054">
    <skipped/>
  </testcase>
  <testcase classname="| L2 Training: Application Software Basics | DP:SECTIONS.SECTIONNAME | L3 Training: Using a Software Application | MMM d\u002C yyyy | N | Y |" name="And I click on SAM Assignments tab" time="0.055">
    <skipped/>
  </testcase>
  <testcase classname="| L2 Training: Application Software Basics | DP:SECTIONS.SECTIONNAME | L3 Training: Using a Software Application | MMM d\u002C yyyy | N | Y |" name="And I select DP:SECTIONS.SECTIONNAME Y from section drop down" time="0.057">
    <skipped/>
  </testcase>
  <testcase classname="| L2 Training: Application Software Basics | DP:SECTIONS.SECTIONNAME | L3 Training: Using a Software Application | MMM d\u002C yyyy | N | Y |" name="And I verify Lesson 2 lesson available value in Always column" time="0.058">
    <skipped/>
  </testcase>
  <testcase classname="| L2 Training: Application Software Basics | DP:SECTIONS.SECTIONNAME | L3 Training: Using a Software Application | MMM d\u002C yyyy | N | Y |" name="And I verify Lesson 2 corresponding to lesson row due-date values as tomorowDate" time="0.06">
    <skipped/>
  </testcase>
  <testcase classname="| L2 Training: Application Software Basics | DP:SECTIONS.SECTIONNAME | L3 Training: Using a Software Application | MMM d\u002C yyyy | N | Y |" name="And I click to expand Lesson 2 lesson in SAM Assignments page" time="0.061">
    <skipped/>
  </testcase>
  <testcase classname="| L2 Training: Application Software Basics | DP:SECTIONS.SECTIONNAME | L3 Training: Using a Software Application | MMM d\u002C yyyy | N | Y |" name="And I verify L2 Training: Application Software Basics due-date value as tomorowDate" time="0.062">
    <skipped/>
  </testcase>
  <testcase classname="| L2 Training: Application Software Basics | DP:SECTIONS.SECTIONNAME | L3 Training: Using a Software Application | MMM d\u002C yyyy | N | Y |" name="And I click on Sections tab" time="0.063">
    <skipped/>
  </testcase>
  <testcase classname="| L2 Training: Application Software Basics | DP:SECTIONS.SECTIONNAME | L3 Training: Using a Software Application | MMM d\u002C yyyy | N | Y |" name="And I check DP:SECTIONS.SECTIONNAME Y from section list" time="0.064">
    <skipped/>
  </testcase>
  <testcase classname="| L2 Training: Application Software Basics | DP:SECTIONS.SECTIONNAME | L3 Training: Using a Software Application | MMM d\u002C yyyy | N | Y |" name="And I click on Edit button" time="0.065">
    <skipped/>
  </testcase>
  <testcase classname="| L2 Training: Application Software Basics | DP:SECTIONS.SECTIONNAME | L3 Training: Using a Software Application | MMM d\u002C yyyy | N | Y |" name="And I click on Lessons tab in Section page" time="0.066">
    <skipped/>
  </testcase>
  <testcase classname="| L2 Training: Application Software Basics | DP:SECTIONS.SECTIONNAME | L3 Training: Using a Software Application | MMM d\u002C yyyy | N | Y |" name="And I enter L2 Training: Application Software Basics in lesson search textbox" time="0.069">
    <skipped/>
  </testcase>
  <testcase classname="| L2 Training: Application Software Basics | DP:SECTIONS.SECTIONNAME | L3 Training: Using a Software Application | MMM d\u002C yyyy | N | Y |" name="And I click L2 Training: Application Software Basics N section lesson dates and security field" time="0.07">
    <skipped/>
  </testcase>
  <testcase classname="| L2 Training: Application Software Basics | DP:SECTIONS.SECTIONNAME | L3 Training: Using a Software Application | MMM d\u002C yyyy | N | Y |" name="And I Click Select Training Due Date only radio button" time="0.071">
    <skipped/>
  </testcase>
  <testcase classname="| L2 Training: Application Software Basics | DP:SECTIONS.SECTIONNAME | L3 Training: Using a Software Application | MMM d\u002C yyyy | N | Y |" name="And I set Available After due date toggle to ON" time="0.072">
    <skipped/>
  </testcase>
  <testcase classname="| L2 Training: Application Software Basics | DP:SECTIONS.SECTIONNAME | L3 Training: Using a Software Application | MMM d\u002C yyyy | N | Y |" name="And I click on Scheduling option Save and Close button" time="0.073">
    <skipped/>
  </testcase>
  <testcase classname="| L2 Training: Application Software Basics | DP:SECTIONS.SECTIONNAME | L3 Training: Using a Software Application | MMM d\u002C yyyy | N | Y |" name="And I click on save and close button in section page" time="0.074">
    <skipped/>
  </testcase>
  <testcase classname="| L2 Training: Application Software Basics | DP:SECTIONS.SECTIONNAME | L3 Training: Using a Software Application | MMM d\u002C yyyy | N | Y |" name="And I click on SAM Assignments tab" time="0.075">
    <skipped/>
  </testcase>
  <testcase classname="| L2 Training: Application Software Basics | DP:SECTIONS.SECTIONNAME | L3 Training: Using a Software Application | MMM d\u002C yyyy | N | Y |" name="And I select DP:SECTIONS.SECTIONNAME Y from section drop down" time="0.077">
    <skipped/>
  </testcase>
  <testcase classname="| L2 Training: Application Software Basics | DP:SECTIONS.SECTIONNAME | L3 Training: Using a Software Application | MMM d\u002C yyyy | N | Y |" name="And I verify Lesson 2 lesson available value in Always column" time="0.078">
    <skipped/>
  </testcase>
  <testcase classname="| L2 Training: Application Software Basics | DP:SECTIONS.SECTIONNAME | L3 Training: Using a Software Application | MMM d\u002C yyyy | N | Y |" name="And I verify Lesson 2 corresponding to lesson row due-date values as tomorowDate" time="0.08">
    <skipped/>
  </testcase>
  <testcase classname="| L2 Training: Application Software Basics | DP:SECTIONS.SECTIONNAME | L3 Training: Using a Software Application | MMM d\u002C yyyy | N | Y |" name="When I click to expand Lesson 2 lesson in SAM Assignments page" time="0.081">
    <skipped/>
  </testcase>
  <testcase classname="| L2 Training: Application Software Basics | DP:SECTIONS.SECTIONNAME | L3 Training: Using a Software Application | MMM d\u002C yyyy | N | Y |" name="Then I verify L2 Training: Application Software Basics due-date value as tomorowDate" time="0.082">
    <skipped/>
  </testcase>
  <testcase classname="| super_T2088807@sam.com | &amp;PASSWORD&amp; | &amp;SECTIONS.SECTIONNAME_RANDOM&amp; |" name="Given As a SAM LMS user\u002C I login with following credential super_T2088807@sam.com and &amp;PASSWORD&amp;" time="0"/>
  <testcase classname="| super_T2088807@sam.com | &amp;PASSWORD&amp; | &amp;SECTIONS.SECTIONNAME_RANDOM&amp; |" name="And I create keyboarding &amp;SECTIONS.SECTIONNAME_RANDOM&amp; section" time="0"/>
  <testcase classname="| super_T2088807@sam.com | &amp;PASSWORD&amp; | &amp;SECTIONS.SECTIONNAME_RANDOM&amp; |" name="| super_T2088807@sam.com | &amp;PASSWORD&amp; | &amp;SECTIONS.SECTIONNAME_RANDOM&amp; |" time="11.334"/>
  <testcase classname="| super_T2088807@sam.com | DP:SUPER.PASSWORD | Users | DP:STUDENTS.STUDENT1.FIRSTNAME | DP:STUDENTS.STUDENT1.LASTNAME | Student | DP:STUDENTS.STUDENT1.USERNAME | DP:STUDENTS.STUDENT1.PASSWORD | DP:SECRET.QUESTION | DP:SECRET.ANSWER | DP:STUDENTS.STUDENT1.NEWPASSWORD | Y | N | Sections | Join a Section | &amp;SECTIONS.SECTIONNAME_RANDOM&amp; |" name="Given As a user I see login page of LMS" time="0"/>
  <testcase classname="| super_T2088807@sam.com | DP:SUPER.PASSWORD | Users | DP:STUDENTS.STUDENT1.FIRSTNAME | DP:STUDENTS.STUDENT1.LASTNAME | Student | DP:STUDENTS.STUDENT1.USERNAME | DP:STUDENTS.STUDENT1.PASSWORD | DP:SECRET.QUESTION | DP:SECRET.ANSWER | DP:STUDENTS.STUDENT1.NEWPASSWORD | Y | N | Sections | Join a Section | &amp;SECTIONS.SECTIONNAME_RANDOM&amp; |" name="And I enter super_T2088807@sam.com N Username in LMS login page" time="0"/>
  <testcase classname="| super_T2088807@sam.com | DP:SUPER.PASSWORD | Users | DP:STUDENTS.STUDENT1.FIRSTNAME | DP:STUDENTS.STUDENT1.LASTNAME | Student | DP:STUDENTS.STUDENT1.USERNAME | DP:STUDENTS.STUDENT1.PASSWORD | DP:SECRET.QUESTION | DP:SECRET.ANSWER | DP:STUDENTS.STUDENT1.NEWPASSWORD | Y | N | Sections | Join a Section | &amp;SECTIONS.SECTIONNAME_RANDOM&amp; |" name="And I enter DP:SUPER.PASSWORD Password in LMS login page" time="0"/>
  <testcase classname="| super_T2088807@sam.com | DP:SUPER.PASSWORD | Users | DP:STUDENTS.STUDENT1.FIRSTNAME | DP:STUDENTS.STUDENT1.LASTNAME | Student | DP:STUDENTS.STUDENT1.USERNAME | DP:STUDENTS.STUDENT1.PASSWORD | DP:SECRET.QUESTION | DP:SECRET.ANSWER | DP:STUDENTS.STUDENT1.NEWPASSWORD | Y | N | Sections | Join a Section | &amp;SECTIONS.SECTIONNAME_RANDOM&amp; |" name="And I click on Log In button" time="0"/>
  <testcase classname="| super_T2088807@sam.com | DP:SUPER.PASSWORD | Users | DP:STUDENTS.STUDENT1.FIRSTNAME | DP:STUDENTS.STUDENT1.LASTNAME | Student | DP:STUDENTS.STUDENT1.USERNAME | DP:STUDENTS.STUDENT1.PASSWORD | DP:SECRET.QUESTION | DP:SECRET.ANSWER | DP:STUDENTS.STUDENT1.NEWPASSWORD | Y | N | Sections | Join a Section | &amp;SECTIONS.SECTIONNAME_RANDOM&amp; |" name="And I see home page of LMS" time="0"/>
  <testcase classname="| super_T2088807@sam.com | DP:SUPER.PASSWORD | Users | DP:STUDENTS.STUDENT1.FIRSTNAME | DP:STUDENTS.STUDENT1.LASTNAME | Student | DP:STUDENTS.STUDENT1.USERNAME | DP:STUDENTS.STUDENT1.PASSWORD | DP:SECRET.QUESTION | DP:SECRET.ANSWER | DP:STUDENTS.STUDENT1.NEWPASSWORD | Y | N | Sections | Join a Section | &amp;SECTIONS.SECTIONNAME_RANDOM&amp; |" name="And I click on Users tab" time="0"/>
  <testcase classname="| super_T2088807@sam.com | DP:SUPER.PASSWORD | Users | DP:STUDENTS.STUDENT1.FIRSTNAME | DP:STUDENTS.STUDENT1.LASTNAME | Student | DP:STUDENTS.STUDENT1.USERNAME | DP:STUDENTS.STUDENT1.PASSWORD | DP:SECRET.QUESTION | DP:SECRET.ANSWER | DP:STUDENTS.STUDENT1.NEWPASSWORD | Y | N | Sections | Join a Section | &amp;SECTIONS.SECTIONNAME_RANDOM&amp; |" name="And I click on Add New button" time="0"/>
  <testcase classname="| super_T2088807@sam.com | DP:SUPER.PASSWORD | Users | DP:STUDENTS.STUDENT1.FIRSTNAME | DP:STUDENTS.STUDENT1.LASTNAME | Student | DP:STUDENTS.STUDENT1.USERNAME | DP:STUDENTS.STUDENT1.PASSWORD | DP:SECRET.QUESTION | DP:SECRET.ANSWER | DP:STUDENTS.STUDENT1.NEWPASSWORD | Y | N | Sections | Join a Section | &amp;SECTIONS.SECTIONNAME_RANDOM&amp; |" name="And I enter DP:STUDENTS.STUDENT1.FIRSTNAME in First Name" time="0"/>
  <testcase classname="| super_T2088807@sam.com | DP:SUPER.PASSWORD | Users | DP:STUDENTS.STUDENT1.FIRSTNAME | DP:STUDENTS.STUDENT1.LASTNAME | Student | DP:STUDENTS.STUDENT1.USERNAME | DP:STUDENTS.STUDENT1.PASSWORD | DP:SECRET.QUESTION | DP:SECRET.ANSWER | DP:STUDENTS.STUDENT1.NEWPASSWORD | Y | N | Sections | Join a Section | &amp;SECTIONS.SECTIONNAME_RANDOM&amp; |" name="And I enter DP:STUDENTS.STUDENT1.LASTNAME in Last Name" time="0"/>
  <testcase classname="| super_T2088807@sam.com | DP:SUPER.PASSWORD | Users | DP:STUDENTS.STUDENT1.FIRSTNAME | DP:STUDENTS.STUDENT1.LASTNAME | Student | DP:STUDENTS.STUDENT1.USERNAME | DP:STUDENTS.STUDENT1.PASSWORD | DP:SECRET.QUESTION | DP:SECRET.ANSWER | DP:STUDENTS.STUDENT1.NEWPASSWORD | Y | N | Sections | Join a Section | &amp;SECTIONS.SECTIONNAME_RANDOM&amp; |" name="And I select Student from Role" time="0"/>
  <testcase classname="| super_T2088807@sam.com | DP:SUPER.PASSWORD | Users | DP:STUDENTS.STUDENT1.FIRSTNAME | DP:STUDENTS.STUDENT1.LASTNAME | Student | DP:STUDENTS.STUDENT1.USERNAME | DP:STUDENTS.STUDENT1.PASSWORD | DP:SECRET.QUESTION | DP:SECRET.ANSWER | DP:STUDENTS.STUDENT1.NEWPASSWORD | Y | N | Sections | Join a Section | &amp;SECTIONS.SECTIONNAME_RANDOM&amp; |" name="And I enter DP:STUDENTS.STUDENT1.USERNAME in Username" time="0"/>
  <testcase classname="| super_T2088807@sam.com | DP:SUPER.PASSWORD | Users | DP:STUDENTS.STUDENT1.FIRSTNAME | DP:STUDENTS.STUDENT1.LASTNAME | Student | DP:STUDENTS.STUDENT1.USERNAME | DP:STUDENTS.STUDENT1.PASSWORD | DP:SECRET.QUESTION | DP:SECRET.ANSWER | DP:STUDENTS.STUDENT1.NEWPASSWORD | Y | N | Sections | Join a Section | &amp;SECTIONS.SECTIONNAME_RANDOM&amp; |" name="And I enter DP:STUDENTS.STUDENT1.USERNAME in Verify Username" time="0"/>
  <testcase classname="| super_T2088807@sam.com | DP:SUPER.PASSWORD | Users | DP:STUDENTS.STUDENT1.FIRSTNAME | DP:STUDENTS.STUDENT1.LASTNAME | Student | DP:STUDENTS.STUDENT1.USERNAME | DP:STUDENTS.STUDENT1.PASSWORD | DP:SECRET.QUESTION | DP:SECRET.ANSWER | DP:STUDENTS.STUDENT1.NEWPASSWORD | Y | N | Sections | Join a Section | &amp;SECTIONS.SECTIONNAME_RANDOM&amp; |" name="And I enter DP:STUDENTS.STUDENT1.PASSWORD in Password" time="0"/>
  <testcase classname="| super_T2088807@sam.com | DP:SUPER.PASSWORD | Users | DP:STUDENTS.STUDENT1.FIRSTNAME | DP:STUDENTS.STUDENT1.LASTNAME | Student | DP:STUDENTS.STUDENT1.USERNAME | DP:STUDENTS.STUDENT1.PASSWORD | DP:SECRET.QUESTION | DP:SECRET.ANSWER | DP:STUDENTS.STUDENT1.NEWPASSWORD | Y | N | Sections | Join a Section | &amp;SECTIONS.SECTIONNAME_RANDOM&amp; |" name="And I enter DP:STUDENTS.STUDENT1.PASSWORD in Verify Password" time="0"/>
  <testcase classname="| super_T2088807@sam.com | DP:SUPER.PASSWORD | Users | DP:STUDENTS.STUDENT1.FIRSTNAME | DP:STUDENTS.STUDENT1.LASTNAME | Student | DP:STUDENTS.STUDENT1.USERNAME | DP:STUDENTS.STUDENT1.PASSWORD | DP:SECRET.QUESTION | DP:SECRET.ANSWER | DP:STUDENTS.STUDENT1.NEWPASSWORD | Y | N | Sections | Join a Section | &amp;SECTIONS.SECTIONNAME_RANDOM&amp; |" name="And I click on Save button" time="0"/>
  <testcase classname="| super_T2088807@sam.com | DP:SUPER.PASSWORD | Users | DP:STUDENTS.STUDENT1.FIRSTNAME | DP:STUDENTS.STUDENT1.LASTNAME | Student | DP:STUDENTS.STUDENT1.USERNAME | DP:STUDENTS.STUDENT1.PASSWORD | DP:SECRET.QUESTION | DP:SECRET.ANSWER | DP:STUDENTS.STUDENT1.NEWPASSWORD | Y | N | Sections | Join a Section | &amp;SECTIONS.SECTIONNAME_RANDOM&amp; |" name="And I click on Cancel button in User Added Successfully pop-up" time="0"/>
  <testcase classname="| super_T2088807@sam.com | DP:SUPER.PASSWORD | Users | DP:STUDENTS.STUDENT1.FIRSTNAME | DP:STUDENTS.STUDENT1.LASTNAME | Student | DP:STUDENTS.STUDENT1.USERNAME | DP:STUDENTS.STUDENT1.PASSWORD | DP:SECRET.QUESTION | DP:SECRET.ANSWER | DP:STUDENTS.STUDENT1.NEWPASSWORD | Y | N | Sections | Join a Section | &amp;SECTIONS.SECTIONNAME_RANDOM&amp; |" name="And I click on Logout button" time="0"/>
  <testcase classname="| super_T2088807@sam.com | DP:SUPER.PASSWORD | Users | DP:STUDENTS.STUDENT1.FIRSTNAME | DP:STUDENTS.STUDENT1.LASTNAME | Student | DP:STUDENTS.STUDENT1.USERNAME | DP:STUDENTS.STUDENT1.PASSWORD | DP:SECRET.QUESTION | DP:SECRET.ANSWER | DP:STUDENTS.STUDENT1.NEWPASSWORD | Y | N | Sections | Join a Section | &amp;SECTIONS.SECTIONNAME_RANDOM&amp; |" name="And I enter DP:STUDENTS.STUDENT1.USERNAME Y Username in LMS login page" time="0.001"/>
  <testcase classname="| super_T2088807@sam.com | DP:SUPER.PASSWORD | Users | DP:STUDENTS.STUDENT1.FIRSTNAME | DP:STUDENTS.STUDENT1.LASTNAME | Student | DP:STUDENTS.STUDENT1.USERNAME | DP:STUDENTS.STUDENT1.PASSWORD | DP:SECRET.QUESTION | DP:SECRET.ANSWER | DP:STUDENTS.STUDENT1.NEWPASSWORD | Y | N | Sections | Join a Section | &amp;SECTIONS.SECTIONNAME_RANDOM&amp; |" name="And I enter DP:STUDENTS.STUDENT1.PASSWORD Password in LMS login page" time="0"/>
  <testcase classname="| super_T2088807@sam.com | DP:SUPER.PASSWORD | Users | DP:STUDENTS.STUDENT1.FIRSTNAME | DP:STUDENTS.STUDENT1.LASTNAME | Student | DP:STUDENTS.STUDENT1.USERNAME | DP:STUDENTS.STUDENT1.PASSWORD | DP:SECRET.QUESTION | DP:SECRET.ANSWER | DP:STUDENTS.STUDENT1.NEWPASSWORD | Y | N | Sections | Join a Section | &amp;SECTIONS.SECTIONNAME_RANDOM&amp; |" name="And I click on Log In button" time="0"/>
  <testcase classname="| super_T2088807@sam.com | DP:SUPER.PASSWORD | Users | DP:STUDENTS.STUDENT1.FIRSTNAME | DP:STUDENTS.STUDENT1.LASTNAME | Student | DP:STUDENTS.STUDENT1.USERNAME | DP:STUDENTS.STUDENT1.PASSWORD | DP:SECRET.QUESTION | DP:SECRET.ANSWER | DP:STUDENTS.STUDENT1.NEWPASSWORD | Y | N | Sections | Join a Section | &amp;SECTIONS.SECTIONNAME_RANDOM&amp; |" name="And I click on I Agree button in EULA page" time="0"/>
  <testcase classname="| super_T2088807@sam.com | DP:SUPER.PASSWORD | Users | DP:STUDENTS.STUDENT1.FIRSTNAME | DP:STUDENTS.STUDENT1.LASTNAME | Student | DP:STUDENTS.STUDENT1.USERNAME | DP:STUDENTS.STUDENT1.PASSWORD | DP:SECRET.QUESTION | DP:SECRET.ANSWER | DP:STUDENTS.STUDENT1.NEWPASSWORD | Y | N | Sections | Join a Section | &amp;SECTIONS.SECTIONNAME_RANDOM&amp; |" name="And I select DP:SECRET.QUESTION from secret question" time="0"/>
  <testcase classname="| super_T2088807@sam.com | DP:SUPER.PASSWORD | Users | DP:STUDENTS.STUDENT1.FIRSTNAME | DP:STUDENTS.STUDENT1.LASTNAME | Student | DP:STUDENTS.STUDENT1.USERNAME | DP:STUDENTS.STUDENT1.PASSWORD | DP:SECRET.QUESTION | DP:SECRET.ANSWER | DP:STUDENTS.STUDENT1.NEWPASSWORD | Y | N | Sections | Join a Section | &amp;SECTIONS.SECTIONNAME_RANDOM&amp; |" name="And I enter DP:SECRET.ANSWER in secret answer" time="0"/>
  <testcase classname="| super_T2088807@sam.com | DP:SUPER.PASSWORD | Users | DP:STUDENTS.STUDENT1.FIRSTNAME | DP:STUDENTS.STUDENT1.LASTNAME | Student | DP:STUDENTS.STUDENT1.USERNAME | DP:STUDENTS.STUDENT1.PASSWORD | DP:SECRET.QUESTION | DP:SECRET.ANSWER | DP:STUDENTS.STUDENT1.NEWPASSWORD | Y | N | Sections | Join a Section | &amp;SECTIONS.SECTIONNAME_RANDOM&amp; |" name="And I click on Submit button" time="0"/>
  <testcase classname="| super_T2088807@sam.com | DP:SUPER.PASSWORD | Users | DP:STUDENTS.STUDENT1.FIRSTNAME | DP:STUDENTS.STUDENT1.LASTNAME | Student | DP:STUDENTS.STUDENT1.USERNAME | DP:STUDENTS.STUDENT1.PASSWORD | DP:SECRET.QUESTION | DP:SECRET.ANSWER | DP:STUDENTS.STUDENT1.NEWPASSWORD | Y | N | Sections | Join a Section | &amp;SECTIONS.SECTIONNAME_RANDOM&amp; |" name="And I enter DP:STUDENTS.STUDENT1.NEWPASSWORD in New Password" time="0"/>
  <testcase classname="| super_T2088807@sam.com | DP:SUPER.PASSWORD | Users | DP:STUDENTS.STUDENT1.FIRSTNAME | DP:STUDENTS.STUDENT1.LASTNAME | Student | DP:STUDENTS.STUDENT1.USERNAME | DP:STUDENTS.STUDENT1.PASSWORD | DP:SECRET.QUESTION | DP:SECRET.ANSWER | DP:STUDENTS.STUDENT1.NEWPASSWORD | Y | N | Sections | Join a Section | &amp;SECTIONS.SECTIONNAME_RANDOM&amp; |" name="And I enter DP:STUDENTS.STUDENT1.NEWPASSWORD in Confirm Password" time="0"/>
  <testcase classname="| super_T2088807@sam.com | DP:SUPER.PASSWORD | Users | DP:STUDENTS.STUDENT1.FIRSTNAME | DP:STUDENTS.STUDENT1.LASTNAME | Student | DP:STUDENTS.STUDENT1.USERNAME | DP:STUDENTS.STUDENT1.PASSWORD | DP:SECRET.QUESTION | DP:SECRET.ANSWER | DP:STUDENTS.STUDENT1.NEWPASSWORD | Y | N | Sections | Join a Section | &amp;SECTIONS.SECTIONNAME_RANDOM&amp; |" name="And I click on Continue button" time="0"/>
  <testcase classname="| super_T2088807@sam.com | DP:SUPER.PASSWORD | Users | DP:STUDENTS.STUDENT1.FIRSTNAME | DP:STUDENTS.STUDENT1.LASTNAME | Student | DP:STUDENTS.STUDENT1.USERNAME | DP:STUDENTS.STUDENT1.PASSWORD | DP:SECRET.QUESTION | DP:SECRET.ANSWER | DP:STUDENTS.STUDENT1.NEWPASSWORD | Y | N | Sections | Join a Section | &amp;SECTIONS.SECTIONNAME_RANDOM&amp; |" name="And I see Student Activities page" time="0"/>
  <testcase classname="| super_T2088807@sam.com | DP:SUPER.PASSWORD | Users | DP:STUDENTS.STUDENT1.FIRSTNAME | DP:STUDENTS.STUDENT1.LASTNAME | Student | DP:STUDENTS.STUDENT1.USERNAME | DP:STUDENTS.STUDENT1.PASSWORD | DP:SECRET.QUESTION | DP:SECRET.ANSWER | DP:STUDENTS.STUDENT1.NEWPASSWORD | Y | N | Sections | Join a Section | &amp;SECTIONS.SECTIONNAME_RANDOM&amp; |" name="And I join to &amp;SECTIONS.SECTIONNAME_RANDOM&amp;" time="0"/>
  <testcase classname="| super_T2088807@sam.com | DP:SUPER.PASSWORD | Users | DP:STUDENTS.STUDENT1.FIRSTNAME | DP:STUDENTS.STUDENT1.LASTNAME | Student | DP:STUDENTS.STUDENT1.USERNAME | DP:STUDENTS.STUDENT1.PASSWORD | DP:SECRET.QUESTION | DP:SECRET.ANSWER | DP:STUDENTS.STUDENT1.NEWPASSWORD | Y | N | Sections | Join a Section | &amp;SECTIONS.SECTIONNAME_RANDOM&amp; |" name="And I click on Logout button" time="0.001"/>
  <testcase classname="| super_T2088807@sam.com | DP:SUPER.PASSWORD | Users | DP:STUDENTS.STUDENT1.FIRSTNAME | DP:STUDENTS.STUDENT1.LASTNAME | Student | DP:STUDENTS.STUDENT1.USERNAME | DP:STUDENTS.STUDENT1.PASSWORD | DP:SECRET.QUESTION | DP:SECRET.ANSWER | DP:STUDENTS.STUDENT1.NEWPASSWORD | Y | N | Sections | Join a Section | &amp;SECTIONS.SECTIONNAME_RANDOM&amp; |" name="| super_T2088807@sam.com | DP:SUPER.PASSWORD | Users | DP:STUDENTS.STUDENT1.FIRSTNAME | DP:STUDENTS.STUDENT1.LASTNAME | Student | DP:STUDENTS.STUDENT1.USERNAME | DP:STUDENTS.STUDENT1.PASSWORD | DP:SECRET.QUESTION | DP:SECRET.ANSWER | DP:STUDENTS.STUDENT1.NEWPASSWORD | Y | N | Sections | Join a Section | &amp;SECTIONS.SECTIONNAME_RANDOM&amp; |" time="0.002"/>
  <testcase classname="| super_T2088807@sam.com | &amp;PASSWORD&amp; | &amp;SECTIONS.SECTIONNAME_RANDOM&amp; | DP:KEYBOARDING.LESSON2 | DP:KEYBOARDING.KBTRAININGTASK |" name="Given As a SAM LMS user\u002C I login with following credential super_T2088807@sam.com and &amp;PASSWORD&amp;" time="0"/>
  <testcase classname="| super_T2088807@sam.com | &amp;PASSWORD&amp; | &amp;SECTIONS.SECTIONNAME_RANDOM&amp; | DP:KEYBOARDING.LESSON2 | DP:KEYBOARDING.KBTRAININGTASK |" name="And I see home page of LMS" time="0"/>
  <testcase classname="| super_T2088807@sam.com | &amp;PASSWORD&amp; | &amp;SECTIONS.SECTIONNAME_RANDOM&amp; | DP:KEYBOARDING.LESSON2 | DP:KEYBOARDING.KBTRAININGTASK |" name="And I navigate to ISV page" time="0"/>
  <testcase classname="| super_T2088807@sam.com | &amp;PASSWORD&amp; | &amp;SECTIONS.SECTIONNAME_RANDOM&amp; | DP:KEYBOARDING.LESSON2 | DP:KEYBOARDING.KBTRAININGTASK |" name="And I navigate to Activity List tab" time="0"/>
  <testcase classname="| super_T2088807@sam.com | &amp;PASSWORD&amp; | &amp;SECTIONS.SECTIONNAME_RANDOM&amp; | DP:KEYBOARDING.LESSON2 | DP:KEYBOARDING.KBTRAININGTASK |" name="When I take up &amp;SECTIONS.SECTIONNAME_RANDOM&amp; DP:KEYBOARDING.LESSON2 keyboarding task DP:KEYBOARDING.KBTRAININGTASK" time="0"/>
  <testcase classname="| super_T2088807@sam.com | &amp;PASSWORD&amp; | &amp;SECTIONS.SECTIONNAME_RANDOM&amp; | DP:KEYBOARDING.LESSON2 | DP:KEYBOARDING.KBTRAININGTASK |" name="Then I should see the start instruction of keyboarding task in ISV" time="0"/>
  <testcase classname="| super_T2088807@sam.com | &amp;PASSWORD&amp; | &amp;SECTIONS.SECTIONNAME_RANDOM&amp; | DP:KEYBOARDING.LESSON2 | DP:KEYBOARDING.KBTRAININGTASK |" name="And I click on cancel button in start popup page" time="0"/>
  <testcase classname="| super_T2088807@sam.com | &amp;PASSWORD&amp; | &amp;SECTIONS.SECTIONNAME_RANDOM&amp; | DP:KEYBOARDING.LESSON2 | DP:KEYBOARDING.KBTRAININGTASK |" name="| super_T2088807@sam.com | &amp;PASSWORD&amp; | &amp;SECTIONS.SECTIONNAME_RANDOM&amp; | DP:KEYBOARDING.LESSON2 | DP:KEYBOARDING.KBTRAININGTASK |" time="0.002"/>
  <testcase classname="| DP:KEYBOARDING.KBTRAININGTASK | &amp;SECTIONS.SECTIONNAME&amp; | N | DP:KEYBOARDING.LESSON2 |" name="Given I see student activities page of LMS" time="0"/>
  <testcase classname="| DP:KEYBOARDING.KBTRAININGTASK | &amp;SECTIONS.SECTIONNAME&amp; | N | DP:KEYBOARDING.LESSON2 |" name="And I navigate to Activity List tab" time="0"/>
  <testcase classname="| DP:KEYBOARDING.KBTRAININGTASK | &amp;SECTIONS.SECTIONNAME&amp; | N | DP:KEYBOARDING.LESSON2 |" name="And I select &amp;SECTIONS.SECTIONNAME&amp; N from section drop down" time="0"/>
  <testcase classname="| DP:KEYBOARDING.KBTRAININGTASK | &amp;SECTIONS.SECTIONNAME&amp; | N | DP:KEYBOARDING.LESSON2 |" name="When I take up &amp;SECTIONS.SECTIONNAME&amp; DP:KEYBOARDING.LESSON2 keyboarding task DP:KEYBOARDING.KBTRAININGTASK" time="0"/>
  <testcase classname="| DP:KEYBOARDING.KBTRAININGTASK | &amp;SECTIONS.SECTIONNAME&amp; | N | DP:KEYBOARDING.LESSON2 |" name="Then I should launch keyboarding training assignment in ISV" time="0"/>
  <testcase classname="| DP:KEYBOARDING.KBTRAININGTASK | &amp;SECTIONS.SECTIONNAME&amp; | N | DP:KEYBOARDING.LESSON2 |" name="| DP:KEYBOARDING.KBTRAININGTASK | &amp;SECTIONS.SECTIONNAME&amp; | N | DP:KEYBOARDING.LESSON2 |" time="0.001"/>
  <testcase classname="| DP:KEYBOARDING.KBTRAININGTASK | &amp;SECTIONS.SECTIONNAME&amp; | N | DP:KEYBOARDING.LESSON2 |" name="Given I see student activities page of LMS" time="0"/>
  <testcase classname="| DP:KEYBOARDING.KBTRAININGTASK | &amp;SECTIONS.SECTIONNAME&amp; | N | DP:KEYBOARDING.LESSON2 |" name="And I navigate to Activity List tab" time="0"/>
  <testcase classname="| DP:KEYBOARDING.KBTRAININGTASK | &amp;SECTIONS.SECTIONNAME&amp; | N | DP:KEYBOARDING.LESSON2 |" name="And I select &amp;SECTIONS.SECTIONNAME&amp; N from section drop down" time="0"/>
  <testcase classname="| DP:KEYBOARDING.KBTRAININGTASK | &amp;SECTIONS.SECTIONNAME&amp; | N | DP:KEYBOARDING.LESSON2 |" name="When I take up &amp;SECTIONS.SECTIONNAME&amp; DP:KEYBOARDING.LESSON2 keyboarding task DP:KEYBOARDING.KBTRAININGTASK" time="0"/>
  <testcase classname="| DP:KEYBOARDING.KBTRAININGTASK | &amp;SECTIONS.SECTIONNAME&amp; | N | DP:KEYBOARDING.LESSON2 |" name="When I click on cancel button in start popup page" time="0"/>
  <testcase classname="| DP:KEYBOARDING.KBTRAININGTASK | &amp;SECTIONS.SECTIONNAME&amp; | N | DP:KEYBOARDING.LESSON2 |" name="Then I should not see start dialog for keyboarding training assignment" time="0"/>
  <testcase classname="| DP:KEYBOARDING.KBTRAININGTASK | &amp;SECTIONS.SECTIONNAME&amp; | N | DP:KEYBOARDING.LESSON2 |" name="| DP:KEYBOARDING.KBTRAININGTASK | &amp;SECTIONS.SECTIONNAME&amp; | N | DP:KEYBOARDING.LESSON2 |" time="16.171"/>
  <testcase classname="| &amp;STUDENTS.STUDENT1.USERNAME_RANDOM&amp; | &amp;PASSWORD&amp; | &amp;SECTIONS.SECTIONNAME&amp; | DP:KEYBOARDING.LESSON2 | DP:KEYBOARDING.KBTRAININGTASK |" name="Given As a SAM LMS user\u002C I login with following credential &amp;STUDENTS.STUDENT1.USERNAME_RANDOM&amp; and &amp;PASSWORD&amp;" time="0"/>
  <testcase classname="| &amp;STUDENTS.STUDENT1.USERNAME_RANDOM&amp; | &amp;PASSWORD&amp; | &amp;SECTIONS.SECTIONNAME&amp; | DP:KEYBOARDING.LESSON2 | DP:KEYBOARDING.KBTRAININGTASK |" name="And I see student activities page of LMS" time="0"/>
  <testcase classname="| &amp;STUDENTS.STUDENT1.USERNAME_RANDOM&amp; | &amp;PASSWORD&amp; | &amp;SECTIONS.SECTIONNAME&amp; | DP:KEYBOARDING.LESSON2 | DP:KEYBOARDING.KBTRAININGTASK |" name="And I navigate to Activity List tab" time="0"/>
  <testcase classname="| &amp;STUDENTS.STUDENT1.USERNAME_RANDOM&amp; | &amp;PASSWORD&amp; | &amp;SECTIONS.SECTIONNAME&amp; | DP:KEYBOARDING.LESSON2 | DP:KEYBOARDING.KBTRAININGTASK |" name="When I take up &amp;SECTIONS.SECTIONNAME&amp; DP:KEYBOARDING.LESSON2 keyboarding task DP:KEYBOARDING.KBTRAININGTASK" time="0"/>
  <testcase classname="| &amp;STUDENTS.STUDENT1.USERNAME_RANDOM&amp; | &amp;PASSWORD&amp; | &amp;SECTIONS.SECTIONNAME&amp; | DP:KEYBOARDING.LESSON2 | DP:KEYBOARDING.KBTRAININGTASK |" name="Then I should see the start instruction of keyboarding task in Student End" time="0"/>
  <testcase classname="| &amp;STUDENTS.STUDENT1.USERNAME_RANDOM&amp; | &amp;PASSWORD&amp; | &amp;SECTIONS.SECTIONNAME&amp; | DP:KEYBOARDING.LESSON2 | DP:KEYBOARDING.KBTRAININGTASK |" name="And I click on cancel button in start popup page" time="0"/>
  <testcase classname="| &amp;STUDENTS.STUDENT1.USERNAME_RANDOM&amp; | &amp;PASSWORD&amp; | &amp;SECTIONS.SECTIONNAME&amp; | DP:KEYBOARDING.LESSON2 | DP:KEYBOARDING.KBTRAININGTASK |" name="| &amp;STUDENTS.STUDENT1.USERNAME_RANDOM&amp; | &amp;PASSWORD&amp; | &amp;SECTIONS.SECTIONNAME&amp; | DP:KEYBOARDING.LESSON2 | DP:KEYBOARDING.KBTRAININGTASK |" time="0.001"/>
  <testcase classname="| &amp;SECTIONS.SECTIONNAME&amp; | N | DP:KEYBOARDING.KBTRAININGTASK | DP:KEYBOARDING.LESSON2 |" name="Given I see student activities page of LMS" time="0"/>
  <testcase classname="| &amp;SECTIONS.SECTIONNAME&amp; | N | DP:KEYBOARDING.KBTRAININGTASK | DP:KEYBOARDING.LESSON2 |" name="And I navigate to Activity List tab" time="0"/>
  <testcase classname="| &amp;SECTIONS.SECTIONNAME&amp; | N | DP:KEYBOARDING.KBTRAININGTASK | DP:KEYBOARDING.LESSON2 |" name="And I select &amp;SECTIONS.SECTIONNAME&amp; N from section drop down" time="0"/>
  <testcase classname="| &amp;SECTIONS.SECTIONNAME&amp; | N | DP:KEYBOARDING.KBTRAININGTASK | DP:KEYBOARDING.LESSON2 |" name="When I take up &amp;SECTIONS.SECTIONNAME&amp; DP:KEYBOARDING.LESSON2 keyboarding task DP:KEYBOARDING.KBTRAININGTASK" time="0"/>
  <testcase classname="| &amp;SECTIONS.SECTIONNAME&amp; | N | DP:KEYBOARDING.KBTRAININGTASK | DP:KEYBOARDING.LESSON2 |" name="Then I should launch keyboarding training assignment in student end" time="0"/>
  <testcase classname="| &amp;SECTIONS.SECTIONNAME&amp; | N | DP:KEYBOARDING.KBTRAININGTASK | DP:KEYBOARDING.LESSON2 |" name="| &amp;SECTIONS.SECTIONNAME&amp; | N | DP:KEYBOARDING.KBTRAININGTASK | DP:KEYBOARDING.LESSON2 |" time="0.001"/>
  <testcase classname="| DP:KEYBOARDING.KBTRAININGTASK | &amp;SECTIONS.SECTIONNAME&amp; | N | DP:KEYBOARDING.LESSON2 |" name="Given I see student activities page of LMS" time="0"/>
  <testcase classname="| DP:KEYBOARDING.KBTRAININGTASK | &amp;SECTIONS.SECTIONNAME&amp; | N | DP:KEYBOARDING.LESSON2 |" name="And I navigate to Activity List tab" time="0"/>
  <testcase classname="| DP:KEYBOARDING.KBTRAININGTASK | &amp;SECTIONS.SECTIONNAME&amp; | N | DP:KEYBOARDING.LESSON2 |" name="And I select &amp;SECTIONS.SECTIONNAME&amp; N from section drop down" time="0"/>
  <testcase classname="| DP:KEYBOARDING.KBTRAININGTASK | &amp;SECTIONS.SECTIONNAME&amp; | N | DP:KEYBOARDING.LESSON2 |" name="And I take up &amp;SECTIONS.SECTIONNAME&amp; DP:KEYBOARDING.LESSON2 keyboarding task DP:KEYBOARDING.KBTRAININGTASK" time="0"/>
  <testcase classname="| DP:KEYBOARDING.KBTRAININGTASK | &amp;SECTIONS.SECTIONNAME&amp; | N | DP:KEYBOARDING.LESSON2 |" name="When I click on cancel button in start popup page" time="0"/>
  <testcase classname="| DP:KEYBOARDING.KBTRAININGTASK | &amp;SECTIONS.SECTIONNAME&amp; | N | DP:KEYBOARDING.LESSON2 |" name="Then I should not see start dialog for keyboarding training assignment" time="0"/>
  <testcase classname="| DP:KEYBOARDING.KBTRAININGTASK | &amp;SECTIONS.SECTIONNAME&amp; | N | DP:KEYBOARDING.LESSON2 |" name="| DP:KEYBOARDING.KBTRAININGTASK | &amp;SECTIONS.SECTIONNAME&amp; | N | DP:KEYBOARDING.LESSON2 |" time="12.045"/>
  <testcase classname="| super_T2088807@sam.com | password | N | DP:SECTIONS.COURSENAME | DP:SECTIONS.TERM | Y | &amp;SECTIONS.SECTIONNAME1_RANDOM&amp; | DP:KEYBOARDING.LESSON2 | DP:KEYBOARDING.KBTRAININGTASK |" name="Given As a SAM LMS user\u002C I login with following credential super_T2088807@sam.com and password" time="0"/>
  <testcase classname="| super_T2088807@sam.com | password | N | DP:SECTIONS.COURSENAME | DP:SECTIONS.TERM | Y | &amp;SECTIONS.SECTIONNAME1_RANDOM&amp; | DP:KEYBOARDING.LESSON2 | DP:KEYBOARDING.KBTRAININGTASK |" name="And I see home page of LMS" time="0.001"/>
  <testcase classname="| super_T2088807@sam.com | password | N | DP:SECTIONS.COURSENAME | DP:SECTIONS.TERM | Y | &amp;SECTIONS.SECTIONNAME1_RANDOM&amp; | DP:KEYBOARDING.LESSON2 | DP:KEYBOARDING.KBTRAININGTASK |" name="And I navigate to Sections tab" time="0"/>
  <testcase classname="| super_T2088807@sam.com | password | N | DP:SECTIONS.COURSENAME | DP:SECTIONS.TERM | Y | &amp;SECTIONS.SECTIONNAME1_RANDOM&amp; | DP:KEYBOARDING.LESSON2 | DP:KEYBOARDING.KBTRAININGTASK |" name="And I click on Add New button" time="0"/>
  <testcase classname="| super_T2088807@sam.com | password | N | DP:SECTIONS.COURSENAME | DP:SECTIONS.TERM | Y | &amp;SECTIONS.SECTIONNAME1_RANDOM&amp; | DP:KEYBOARDING.LESSON2 | DP:KEYBOARDING.KBTRAININGTASK |" name="And I enter &amp;SECTIONS.SECTIONNAME1_RANDOM&amp; N in Section Name" time="0"/>
  <testcase classname="| super_T2088807@sam.com | password | N | DP:SECTIONS.COURSENAME | DP:SECTIONS.TERM | Y | &amp;SECTIONS.SECTIONNAME1_RANDOM&amp; | DP:KEYBOARDING.LESSON2 | DP:KEYBOARDING.KBTRAININGTASK |" name="And I enter DP:SECTIONS.COURSENAME in Course Name" time="0"/>
  <testcase classname="| super_T2088807@sam.com | password | N | DP:SECTIONS.COURSENAME | DP:SECTIONS.TERM | Y | &amp;SECTIONS.SECTIONNAME1_RANDOM&amp; | DP:KEYBOARDING.LESSON2 | DP:KEYBOARDING.KBTRAININGTASK |" name="And I enter DP:SECTIONS.TERM in Term" time="0"/>
  <testcase classname="| super_T2088807@sam.com | password | N | DP:SECTIONS.COURSENAME | DP:SECTIONS.TERM | Y | &amp;SECTIONS.SECTIONNAME1_RANDOM&amp; | DP:KEYBOARDING.LESSON2 | DP:KEYBOARDING.KBTRAININGTASK |" name="And I click on Save button" time="0"/>
  <testcase classname="| super_T2088807@sam.com | password | N | DP:SECTIONS.COURSENAME | DP:SECTIONS.TERM | Y | &amp;SECTIONS.SECTIONNAME1_RANDOM&amp; | DP:KEYBOARDING.LESSON2 | DP:KEYBOARDING.KBTRAININGTASK |" name="And I see Successfully added the Section Pop-up" time="0"/>
  <testcase classname="| super_T2088807@sam.com | password | N | DP:SECTIONS.COURSENAME | DP:SECTIONS.TERM | Y | &amp;SECTIONS.SECTIONNAME1_RANDOM&amp; | DP:KEYBOARDING.LESSON2 | DP:KEYBOARDING.KBTRAININGTASK |" name="And I click on OK button in popup" time="0"/>
  <testcase classname="| super_T2088807@sam.com | password | N | DP:SECTIONS.COURSENAME | DP:SECTIONS.TERM | Y | &amp;SECTIONS.SECTIONNAME1_RANDOM&amp; | DP:KEYBOARDING.LESSON2 | DP:KEYBOARDING.KBTRAININGTASK |" name="And I navigate to Keyboarding preferences tab in section page" time="0"/>
  <testcase classname="| super_T2088807@sam.com | password | N | DP:SECTIONS.COURSENAME | DP:SECTIONS.TERM | Y | &amp;SECTIONS.SECTIONNAME1_RANDOM&amp; | DP:KEYBOARDING.LESSON2 | DP:KEYBOARDING.KBTRAININGTASK |" name="And I navigate to lessons tab in Section page" time="0"/>
  <testcase classname="| super_T2088807@sam.com | password | N | DP:SECTIONS.COURSENAME | DP:SECTIONS.TERM | Y | &amp;SECTIONS.SECTIONNAME1_RANDOM&amp; | DP:KEYBOARDING.LESSON2 | DP:KEYBOARDING.KBTRAININGTASK |" name="And I should see DP:KEYBOARDING.KBTRAININGTASK scheduling options page DP:KEYBOARDING.LESSON2" time="0"/>
  <testcase classname="| super_T2088807@sam.com | password | N | DP:SECTIONS.COURSENAME | DP:SECTIONS.TERM | Y | &amp;SECTIONS.SECTIONNAME1_RANDOM&amp; | DP:KEYBOARDING.LESSON2 | DP:KEYBOARDING.KBTRAININGTASK |" name="And I should see scheduling options page when always available toggle ON" time="0"/>
  <testcase classname="| super_T2088807@sam.com | password | N | DP:SECTIONS.COURSENAME | DP:SECTIONS.TERM | Y | &amp;SECTIONS.SECTIONNAME1_RANDOM&amp; | DP:KEYBOARDING.LESSON2 | DP:KEYBOARDING.KBTRAININGTASK |" name="And I click on Cancel button in Lessons page" time="0"/>
  <testcase classname="| super_T2088807@sam.com | password | N | DP:SECTIONS.COURSENAME | DP:SECTIONS.TERM | Y | &amp;SECTIONS.SECTIONNAME1_RANDOM&amp; | DP:KEYBOARDING.LESSON2 | DP:KEYBOARDING.KBTRAININGTASK |" name="When I set DP:KEYBOARDING.KBTRAININGTASK N Keyboarding Project Always Available toggle to OFF" time="0"/>
  <testcase classname="| super_T2088807@sam.com | password | N | DP:SECTIONS.COURSENAME | DP:SECTIONS.TERM | Y | &amp;SECTIONS.SECTIONNAME1_RANDOM&amp; | DP:KEYBOARDING.LESSON2 | DP:KEYBOARDING.KBTRAININGTASK |" name="Then I should see DP:KEYBOARDING.KBTRAININGTASK scheduling options page DP:KEYBOARDING.LESSON2" time="0"/>
  <testcase classname="| super_T2088807@sam.com | password | N | DP:SECTIONS.COURSENAME | DP:SECTIONS.TERM | Y | &amp;SECTIONS.SECTIONNAME1_RANDOM&amp; | DP:KEYBOARDING.LESSON2 | DP:KEYBOARDING.KBTRAININGTASK |" name="And I should see scheduling options page when always available toggle OFF" time="0"/>
  <testcase classname="| super_T2088807@sam.com | password | N | DP:SECTIONS.COURSENAME | DP:SECTIONS.TERM | Y | &amp;SECTIONS.SECTIONNAME1_RANDOM&amp; | DP:KEYBOARDING.LESSON2 | DP:KEYBOARDING.KBTRAININGTASK |" name="And I should see DP:KEYBOARDING.KBTRAININGTASK already scheduled date in scheduling options page" time="0"/>
  <testcase classname="| super_T2088807@sam.com | password | N | DP:SECTIONS.COURSENAME | DP:SECTIONS.TERM | Y | &amp;SECTIONS.SECTIONNAME1_RANDOM&amp; | DP:KEYBOARDING.LESSON2 | DP:KEYBOARDING.KBTRAININGTASK |" name="And I can select past dates DP:KEYBOARDING.KBTRAININGTASK in scheduling options page" time="0"/>
  <testcase classname="| super_T2088807@sam.com | password | N | DP:SECTIONS.COURSENAME | DP:SECTIONS.TERM | Y | &amp;SECTIONS.SECTIONNAME1_RANDOM&amp; | DP:KEYBOARDING.LESSON2 | DP:KEYBOARDING.KBTRAININGTASK |" name="And I should see warning message in specified password textbox" time="0"/>
  <testcase classname="| super_T2088807@sam.com | password | N | DP:SECTIONS.COURSENAME | DP:SECTIONS.TERM | Y | &amp;SECTIONS.SECTIONNAME1_RANDOM&amp; | DP:KEYBOARDING.LESSON2 | DP:KEYBOARDING.KBTRAININGTASK |" name="| super_T2088807@sam.com | password | N | DP:SECTIONS.COURSENAME | DP:SECTIONS.TERM | Y | &amp;SECTIONS.SECTIONNAME1_RANDOM&amp; | DP:KEYBOARDING.LESSON2 | DP:KEYBOARDING.KBTRAININGTASK |" time="12.034"/>
  <testcase classname="| super_T2088807@sam.com | &amp;PASSWORD&amp; | &amp;SECTIONS.SECTIONNAME2_RANDOM&amp; |" name="Given As a SAM LMS user\u002C I login with following credential super_T2088807@sam.com and &amp;PASSWORD&amp;" time="0"/>
  <testcase classname="| super_T2088807@sam.com | &amp;PASSWORD&amp; | &amp;SECTIONS.SECTIONNAME2_RANDOM&amp; |" name="And I create keyboarding &amp;SECTIONS.SECTIONNAME2_RANDOM&amp; section" time="0"/>
  <testcase classname="| super_T2088807@sam.com | &amp;PASSWORD&amp; | &amp;SECTIONS.SECTIONNAME2_RANDOM&amp; |" name="| super_T2088807@sam.com | &amp;PASSWORD&amp; | &amp;SECTIONS.SECTIONNAME2_RANDOM&amp; |" time="11.259"/>
  <testcase classname="| super_T2088807@sam.com | password | N | &amp;SECTIONS.SECTIONNAME2_RANDOM&amp; | DP:KEYBOARDING.LESSON2 | DP:KEYBOARDING.KBTRAININGTASK |" name="Given As a SAM LMS user\u002C I login with following credential super_T2088807@sam.com and password" time="0"/>
  <testcase classname="| super_T2088807@sam.com | password | N | &amp;SECTIONS.SECTIONNAME2_RANDOM&amp; | DP:KEYBOARDING.LESSON2 | DP:KEYBOARDING.KBTRAININGTASK |" name="And I see home page of LMS" time="0"/>
  <testcase classname="| super_T2088807@sam.com | password | N | &amp;SECTIONS.SECTIONNAME2_RANDOM&amp; | DP:KEYBOARDING.LESSON2 | DP:KEYBOARDING.KBTRAININGTASK |" name="And I navigate to Sections tab" time="0"/>
  <testcase classname="| super_T2088807@sam.com | password | N | &amp;SECTIONS.SECTIONNAME2_RANDOM&amp; | DP:KEYBOARDING.LESSON2 | DP:KEYBOARDING.KBTRAININGTASK |" name="And I should &amp;SECTIONS.SECTIONNAME2_RANDOM&amp; edit keyboarding section" time="0"/>
  <testcase classname="| super_T2088807@sam.com | password | N | &amp;SECTIONS.SECTIONNAME2_RANDOM&amp; | DP:KEYBOARDING.LESSON2 | DP:KEYBOARDING.KBTRAININGTASK |" name="And I navigate to lessons tab in Section page" time="0"/>
  <testcase classname="| super_T2088807@sam.com | password | N | &amp;SECTIONS.SECTIONNAME2_RANDOM&amp; | DP:KEYBOARDING.LESSON2 | DP:KEYBOARDING.KBTRAININGTASK |" name="And I should see DP:KEYBOARDING.KBTRAININGTASK scheduling options page DP:KEYBOARDING.LESSON2" time="0"/>
  <testcase classname="| super_T2088807@sam.com | password | N | &amp;SECTIONS.SECTIONNAME2_RANDOM&amp; | DP:KEYBOARDING.LESSON2 | DP:KEYBOARDING.KBTRAININGTASK |" name="And I should see scheduling options page when always available toggle ON" time="0"/>
  <testcase classname="| super_T2088807@sam.com | password | N | &amp;SECTIONS.SECTIONNAME2_RANDOM&amp; | DP:KEYBOARDING.LESSON2 | DP:KEYBOARDING.KBTRAININGTASK |" name="And I click on Cancel button in Lessons page" time="0"/>
  <testcase classname="| super_T2088807@sam.com | password | N | &amp;SECTIONS.SECTIONNAME2_RANDOM&amp; | DP:KEYBOARDING.LESSON2 | DP:KEYBOARDING.KBTRAININGTASK |" name="When I set DP:KEYBOARDING.KBTRAININGTASK N Keyboarding Project Always Available toggle to OFF" time="0"/>
  <testcase classname="| super_T2088807@sam.com | password | N | &amp;SECTIONS.SECTIONNAME2_RANDOM&amp; | DP:KEYBOARDING.LESSON2 | DP:KEYBOARDING.KBTRAININGTASK |" name="Then I should see DP:KEYBOARDING.KBTRAININGTASK scheduling options page DP:KEYBOARDING.LESSON2" time="0"/>
  <testcase classname="| super_T2088807@sam.com | password | N | &amp;SECTIONS.SECTIONNAME2_RANDOM&amp; | DP:KEYBOARDING.LESSON2 | DP:KEYBOARDING.KBTRAININGTASK |" name="And I should see scheduling options page when always available toggle OFF" time="0"/>
  <testcase classname="| super_T2088807@sam.com | password | N | &amp;SECTIONS.SECTIONNAME2_RANDOM&amp; | DP:KEYBOARDING.LESSON2 | DP:KEYBOARDING.KBTRAININGTASK |" name="And I should see DP:KEYBOARDING.KBTRAININGTASK already scheduled date in scheduling options page" time="0"/>
  <testcase classname="| super_T2088807@sam.com | password | N | &amp;SECTIONS.SECTIONNAME2_RANDOM&amp; | DP:KEYBOARDING.LESSON2 | DP:KEYBOARDING.KBTRAININGTASK |" name="And I can select past dates DP:KEYBOARDING.KBTRAININGTASK in scheduling options page" time="0"/>
  <testcase classname="| super_T2088807@sam.com | password | N | &amp;SECTIONS.SECTIONNAME2_RANDOM&amp; | DP:KEYBOARDING.LESSON2 | DP:KEYBOARDING.KBTRAININGTASK |" name="And I should see warning message in specified password textbox" time="0"/>
  <testcase classname="| super_T2088807@sam.com | password | N | &amp;SECTIONS.SECTIONNAME2_RANDOM&amp; | DP:KEYBOARDING.LESSON2 | DP:KEYBOARDING.KBTRAININGTASK |" name="| super_T2088807@sam.com | password | N | &amp;SECTIONS.SECTIONNAME2_RANDOM&amp; | DP:KEYBOARDING.LESSON2 | DP:KEYBOARDING.KBTRAININGTASK |" time="12.757"/>
  <testcase classname="| super_T2088807@sam.com | password | N | &amp;SECTIONS.SECTIONNAME2_RANDOM&amp; | DP:KEYBOARDING.LESSON2 | DP:KEYBOARDING.KBTRAININGTASK |" name="Given As a SAM LMS user\u002C I login with following credential super_T2088807@sam.com and password" time="0"/>
  <testcase classname="| super_T2088807@sam.com | password | N | &amp;SECTIONS.SECTIONNAME2_RANDOM&amp; | DP:KEYBOARDING.LESSON2 | DP:KEYBOARDING.KBTRAININGTASK |" name="And I see home page of LMS" time="0"/>
  <testcase classname="| super_T2088807@sam.com | password | N | &amp;SECTIONS.SECTIONNAME2_RANDOM&amp; | DP:KEYBOARDING.LESSON2 | DP:KEYBOARDING.KBTRAININGTASK |" name="And I navigate to SAM Assignments tab" time="0"/>
  <testcase classname="| super_T2088807@sam.com | password | N | &amp;SECTIONS.SECTIONNAME2_RANDOM&amp; | DP:KEYBOARDING.LESSON2 | DP:KEYBOARDING.KBTRAININGTASK |" name="And I select &amp;SECTIONS.SECTIONNAME2_RANDOM&amp; N from section drop down" time="0"/>
  <testcase classname="| super_T2088807@sam.com | password | N | &amp;SECTIONS.SECTIONNAME2_RANDOM&amp; | DP:KEYBOARDING.LESSON2 | DP:KEYBOARDING.KBTRAININGTASK |" name="And I should DP:KEYBOARDING.LESSON2 edit keyboarding Lesson" time="0.001">
    <failure type="java.lang.AssertionError">java.lang.AssertionError
	at org.junit.Assert.fail(Assert.java:86)
	at org.junit.Assert.assertTrue(Assert.java:41)
	at org.junit.Assert.assertTrue(Assert.java:52)
	at cengage.samlms.stepdefinition.SectionsSteps.iShouldLessonNoEditKeyboardingLesson(SectionsSteps.java:6257)
	at ✽.And I should DP:KEYBOARDING.LESSON2 edit keyboarding Lesson(test/resources/cengage/samlms/keyboarding/KB_Training_Assignment_Validation.feature:473)
</failure>
    <system-out>22:06:46.850 [main] ERROR cengage.common.toolbox.Sync - org.openqa.selenium.TimeoutException: Timed out after 150 seconds waiting for cengage.common.toolbox.Sync$1@76828577
Build info: version: &apos;2.53.0&apos;, revision: &apos;35ae25b1534ae328c771e0856c93e187490ca824&apos;, time: &apos;2016-03-15 10:43:46&apos;
System info: host: &apos;CODOID&apos;, ip: &apos;10.161.244.44&apos;, os.name: &apos;Windows 8.1&apos;, os.arch: &apos;amd64&apos;, os.version: &apos;6.3&apos;, java.version: &apos;1.8.0_91&apos;
Driver info: driver.version: unknown
22:06:46.851 [main] ERROR cengage.common.toolbox.Sync - java.lang.NullPointerException
</system-out>
    <system-err>java.lang.NullPointerException
	at cengage.common.toolbox.Element.click(Element.java:161)
	at cengage.samlms.action.SectionPageAction.editKeyboardingLesson(SectionPageAction.java:10066)
	at cengage.samlms.stepdefinition.SectionsSteps.iShouldLessonNoEditKeyboardingLesson(SectionsSteps.java:6257)
	at sun.reflect.NativeMethodAccessorImpl.invoke0(Native Method)
	at sun.reflect.NativeMethodAccessorImpl.invoke(NativeMethodAccessorImpl.java:62)
	at sun.reflect.DelegatingMethodAccessorImpl.invoke(DelegatingMethodAccessorImpl.java:43)
	at java.lang.reflect.Method.invoke(Method.java:498)
	at cucumber.runtime.Utils$1.call(Utils.java:37)
	at cucumber.runtime.Timeout.timeout(Timeout.java:13)
	at cucumber.runtime.Utils.invoke(Utils.java:31)
	at cucumber.runtime.java.JavaStepDefinition.execute(JavaStepDefinition.java:38)
	at cucumber.runtime.StepDefinitionMatch.runStep(StepDefinitionMatch.java:37)
	at cucumber.runtime.Runtime.runStep(Runtime.java:299)
	at cucumber.runtime.model.StepContainer.runStep(StepContainer.java:44)
	at cucumber.runtime.model.StepContainer.runSteps(StepContainer.java:39)
	at cucumber.runtime.model.CucumberScenario.run(CucumberScenario.java:44)
	at cucumber.runtime.junit.ExecutionUnitRunner.run(ExecutionUnitRunner.java:91)
	at org.junit.runners.Suite.runChild(Suite.java:128)
	at org.junit.runners.Suite.runChild(Suite.java:27)
	at org.junit.runners.ParentRunner$3.run(ParentRunner.java:290)
	at org.junit.runners.ParentRunner$1.schedule(ParentRunner.java:71)
	at org.junit.runners.ParentRunner.runChildren(ParentRunner.java:288)
	at org.junit.runners.ParentRunner.access$000(ParentRunner.java:58)
	at org.junit.runners.ParentRunner$2.evaluate(ParentRunner.java:268)
	at org.junit.runners.ParentRunner.run(ParentRunner.java:363)
	at cucumber.runtime.junit.ExamplesRunner.run(ExamplesRunner.java:59)
	at org.junit.runners.Suite.runChild(Suite.java:128)
	at org.junit.runners.Suite.runChild(Suite.java:27)
	at org.junit.runners.ParentRunner$3.run(ParentRunner.java:290)
	at org.junit.runners.ParentRunner$1.schedule(ParentRunner.java:71)
	at org.junit.runners.ParentRunner.runChildren(ParentRunner.java:288)
	at org.junit.runners.ParentRunner.access$000(ParentRunner.java:58)
	at org.junit.runners.ParentRunner$2.evaluate(ParentRunner.java:268)
	at org.junit.runners.ParentRunner.run(ParentRunner.java:363)
	at cucumber.runtime.junit.ScenarioOutlineRunner.run(ScenarioOutlineRunner.java:53)
	at cucumber.runtime.junit.FeatureRunner.runChild(FeatureRunner.java:63)
	at cucumber.runtime.junit.FeatureRunner.runChild(FeatureRunner.java:18)
	at org.junit.runners.ParentRunner$3.run(ParentRunner.java:290)
	at org.junit.runners.ParentRunner$1.schedule(ParentRunner.java:71)
	at org.junit.runners.ParentRunner.runChildren(ParentRunner.java:288)
	at org.junit.runners.ParentRunner.access$000(ParentRunner.java:58)
	at org.junit.runners.ParentRunner$2.evaluate(ParentRunner.java:268)
	at org.junit.runners.ParentRunner.run(ParentRunner.java:363)
	at cucumber.runtime.junit.FeatureRunner.run(FeatureRunner.java:70)
	at cucumber.api.junit.Cucumber.runChild(Cucumber.java:93)
	at cucumber.api.junit.Cucumber.runChild(Cucumber.java:37)
	at org.junit.runners.ParentRunner$3.run(ParentRunner.java:290)
	at org.junit.runners.ParentRunner$1.schedule(ParentRunner.java:71)
	at org.junit.runners.ParentRunner.runChildren(ParentRunner.java:288)
	at org.junit.runners.ParentRunner.access$000(ParentRunner.java:58)
	at org.junit.runners.ParentRunner$2.evaluate(ParentRunner.java:268)
	at org.junit.runners.ParentRunner.run(ParentRunner.java:363)
	at cucumber.api.junit.Cucumber.run(Cucumber.java:98)
	at org.apache.maven.surefire.junit4.JUnit4Provider.execute(JUnit4Provider.java:234)
	at org.apache.maven.surefire.junit4.JUnit4Provider.executeTestSet(JUnit4Provider.java:133)
	at org.apache.maven.surefire.junit4.JUnit4Provider.invoke(JUnit4Provider.java:114)
	at sun.reflect.NativeMethodAccessorImpl.invoke0(Native Method)
	at sun.reflect.NativeMethodAccessorImpl.invoke(NativeMethodAccessorImpl.java:62)
	at sun.reflect.DelegatingMethodAccessorImpl.invoke(DelegatingMethodAccessorImpl.java:43)
	at java.lang.reflect.Method.invoke(Method.java:498)
	at org.apache.maven.surefire.util.ReflectionUtils.invokeMethodWithArray(ReflectionUtils.java:188)
	at org.apache.maven.surefire.booter.ProviderFactory$ProviderProxy.invoke(ProviderFactory.java:166)
	at org.apache.maven.surefire.booter.ProviderFactory.invokeProvider(ProviderFactory.java:86)
	at org.apache.maven.surefire.booter.ForkedBooter.runSuitesInProcess(ForkedBooter.java:101)
	at org.apache.maven.surefire.booter.ForkedBooter.main(ForkedBooter.java:74)
</system-err>
  </testcase>
  <testcase classname="| super_T2088807@sam.com | password | N | &amp;SECTIONS.SECTIONNAME2_RANDOM&amp; | DP:KEYBOARDING.LESSON2 | DP:KEYBOARDING.KBTRAININGTASK |" name="| super_T2088807@sam.com | password | N | &amp;SECTIONS.SECTIONNAME2_RANDOM&amp; | DP:KEYBOARDING.LESSON2 | DP:KEYBOARDING.KBTRAININGTASK |" time="0.001">
    <failure type="java.lang.AssertionError">java.lang.AssertionError
	at org.junit.Assert.fail(Assert.java:86)
	at org.junit.Assert.assertTrue(Assert.java:41)
	at org.junit.Assert.assertTrue(Assert.java:52)
	at cengage.samlms.stepdefinition.SectionsSteps.iShouldLessonNoEditKeyboardingLesson(SectionsSteps.java:6257)
	at ✽.And I should DP:KEYBOARDING.LESSON2 edit keyboarding Lesson(test/resources/cengage/samlms/keyboarding/KB_Training_Assignment_Validation.feature:473)
</failure>
  </testcase>
  <testcase classname="| super_T2088807@sam.com | password | N | &amp;SECTIONS.SECTIONNAME2_RANDOM&amp; | DP:KEYBOARDING.LESSON2 | DP:KEYBOARDING.KBTRAININGTASK |" name="And I should see DP:KEYBOARDING.KBTRAININGTASK scheduling options page DP:KEYBOARDING.LESSON2" time="0.003">
    <skipped/>
  </testcase>
  <testcase classname="| super_T2088807@sam.com | password | N | &amp;SECTIONS.SECTIONNAME2_RANDOM&amp; | DP:KEYBOARDING.LESSON2 | DP:KEYBOARDING.KBTRAININGTASK |" name="And I should see scheduling options page when always available toggle ON" time="0.006">
    <skipped/>
  </testcase>
  <testcase classname="| super_T2088807@sam.com | password | N | &amp;SECTIONS.SECTIONNAME2_RANDOM&amp; | DP:KEYBOARDING.LESSON2 | DP:KEYBOARDING.KBTRAININGTASK |" name="And I click on Cancel button in Lessons page" time="0.008">
    <skipped/>
  </testcase>
  <testcase classname="| super_T2088807@sam.com | password | N | &amp;SECTIONS.SECTIONNAME2_RANDOM&amp; | DP:KEYBOARDING.LESSON2 | DP:KEYBOARDING.KBTRAININGTASK |" name="When I set DP:KEYBOARDING.KBTRAININGTASK N Keyboarding Project Always Available toggle to OFF" time="0.01">
    <skipped/>
  </testcase>
  <testcase classname="| super_T2088807@sam.com | password | N | &amp;SECTIONS.SECTIONNAME2_RANDOM&amp; | DP:KEYBOARDING.LESSON2 | DP:KEYBOARDING.KBTRAININGTASK |" name="Then I should see DP:KEYBOARDING.KBTRAININGTASK scheduling options page DP:KEYBOARDING.LESSON2" time="0.012">
    <skipped/>
  </testcase>
  <testcase classname="| super_T2088807@sam.com | password | N | &amp;SECTIONS.SECTIONNAME2_RANDOM&amp; | DP:KEYBOARDING.LESSON2 | DP:KEYBOARDING.KBTRAININGTASK |" name="And I should see scheduling options page when always available toggle OFF" time="0.014">
    <skipped/>
  </testcase>
  <testcase classname="| super_T2088807@sam.com | password | N | &amp;SECTIONS.SECTIONNAME2_RANDOM&amp; | DP:KEYBOARDING.LESSON2 | DP:KEYBOARDING.KBTRAININGTASK |" name="And I should see DP:KEYBOARDING.KBTRAININGTASK already scheduled date in scheduling options page" time="0.016">
    <skipped/>
  </testcase>
  <testcase classname="| super_T2088807@sam.com | password | N | &amp;SECTIONS.SECTIONNAME2_RANDOM&amp; | DP:KEYBOARDING.LESSON2 | DP:KEYBOARDING.KBTRAININGTASK |" name="And I can select past dates DP:KEYBOARDING.KBTRAININGTASK in scheduling options page" time="0.017">
    <skipped/>
  </testcase>
  <testcase classname="| super_T2088807@sam.com | password | N | &amp;SECTIONS.SECTIONNAME2_RANDOM&amp; | DP:KEYBOARDING.LESSON2 | DP:KEYBOARDING.KBTRAININGTASK |" name="And I should see warning message in specified password textbox" time="0.018">
    <skipped/>
  </testcase>
  <testcase classname="| adminusertester@email.com | password | Assignments | Graded File | Submitted File | Completed Date | string | L42 Palmetto Event Solutions Project 1 | L42 Palmetto Event Solutions Project 1edit | sectiontester | user001\u002C manualstudent | N | MM\/dd\/yy h:mm aaa | N |" name="Given As a SAM LMS user\u002C I login with following credential adminusertester@email.com and password" time="0"/>
  <testcase classname="| adminusertester@email.com | password | Assignments | Graded File | Submitted File | Completed Date | string | L42 Palmetto Event Solutions Project 1 | L42 Palmetto Event Solutions Project 1edit | sectiontester | user001\u002C manualstudent | N | MM\/dd\/yy h:mm aaa | N |" name="And I see home page of LMS" time="0"/>
  <testcase classname="| adminusertester@email.com | password | Assignments | Graded File | Submitted File | Completed Date | string | L42 Palmetto Event Solutions Project 1 | L42 Palmetto Event Solutions Project 1edit | sectiontester | user001\u002C manualstudent | N | MM\/dd\/yy h:mm aaa | N |" name="And I click on Results tab" time="0"/>
  <testcase classname="| adminusertester@email.com | password | Assignments | Graded File | Submitted File | Completed Date | string | L42 Palmetto Event Solutions Project 1 | L42 Palmetto Event Solutions Project 1edit | sectiontester | user001\u002C manualstudent | N | MM\/dd\/yy h:mm aaa | N |" name="And I Click on Keyboarding tab in new reports tab" time="0"/>
  <testcase classname="| adminusertester@email.com | password | Assignments | Graded File | Submitted File | Completed Date | string | L42 Palmetto Event Solutions Project 1 | L42 Palmetto Event Solutions Project 1edit | sectiontester | user001\u002C manualstudent | N | MM\/dd\/yy h:mm aaa | N |" name="And I click Office Projects under Keyboarding option in reports tab" time="0"/>
  <testcase classname="| adminusertester@email.com | password | Assignments | Graded File | Submitted File | Completed Date | string | L42 Palmetto Event Solutions Project 1 | L42 Palmetto Event Solutions Project 1edit | sectiontester | user001\u002C manualstudent | N | MM\/dd\/yy h:mm aaa | N |" name="And I click Report Type dropdown button" time="0"/>
  <testcase classname="| adminusertester@email.com | password | Assignments | Graded File | Submitted File | Completed Date | string | L42 Palmetto Event Solutions Project 1 | L42 Palmetto Event Solutions Project 1edit | sectiontester | user001\u002C manualstudent | N | MM\/dd\/yy h:mm aaa | N |" name="And I select Keyboarding Downloaded Submitted Projects in Report Type dropdown list" time="0"/>
  <testcase classname="| adminusertester@email.com | password | Assignments | Graded File | Submitted File | Completed Date | string | L42 Palmetto Event Solutions Project 1 | L42 Palmetto Event Solutions Project 1edit | sectiontester | user001\u002C manualstudent | N | MM\/dd\/yy h:mm aaa | N |" name="And I click Student dropdown in New Report" time="0"/>
  <testcase classname="| adminusertester@email.com | password | Assignments | Graded File | Submitted File | Completed Date | string | L42 Palmetto Event Solutions Project 1 | L42 Palmetto Event Solutions Project 1edit | sectiontester | user001\u002C manualstudent | N | MM\/dd\/yy h:mm aaa | N |" name="And I select user001\u002C manualstudent N in New Report Student dropdown" time="0"/>
  <testcase classname="| adminusertester@email.com | password | Assignments | Graded File | Submitted File | Completed Date | string | L42 Palmetto Event Solutions Project 1 | L42 Palmetto Event Solutions Project 1edit | sectiontester | user001\u002C manualstudent | N | MM\/dd\/yy h:mm aaa | N |" name="And I see table column header names in third pane of new report tab: Assignments\u002C Completed Date\u002C Submitted File\u002C Graded File" time="0"/>
  <testcase classname="| adminusertester@email.com | password | Assignments | Graded File | Submitted File | Completed Date | string | L42 Palmetto Event Solutions Project 1 | L42 Palmetto Event Solutions Project 1edit | sectiontester | user001\u002C manualstudent | N | MM\/dd\/yy h:mm aaa | N |" name="And I see L42 Palmetto Event Solutions Project 1 searched Sections appear in the table" time="0"/>
  <testcase classname="| adminusertester@email.com | password | Assignments | Graded File | Submitted File | Completed Date | string | L42 Palmetto Event Solutions Project 1 | L42 Palmetto Event Solutions Project 1edit | sectiontester | user001\u002C manualstudent | N | MM\/dd\/yy h:mm aaa | N |" name="And I click on Sections tab" time="0"/>
  <testcase classname="| adminusertester@email.com | password | Assignments | Graded File | Submitted File | Completed Date | string | L42 Palmetto Event Solutions Project 1 | L42 Palmetto Event Solutions Project 1edit | sectiontester | user001\u002C manualstudent | N | MM\/dd\/yy h:mm aaa | N |" name="And I should sectiontester edit keyboarding section" time="0"/>
  <testcase classname="| adminusertester@email.com | password | Assignments | Graded File | Submitted File | Completed Date | string | L42 Palmetto Event Solutions Project 1 | L42 Palmetto Event Solutions Project 1edit | sectiontester | user001\u002C manualstudent | N | MM\/dd\/yy h:mm aaa | N |" name="And I navigate to lessons tab in Section page" time="0"/>
  <testcase classname="| adminusertester@email.com | password | Assignments | Graded File | Submitted File | Completed Date | string | L42 Palmetto Event Solutions Project 1 | L42 Palmetto Event Solutions Project 1edit | sectiontester | user001\u002C manualstudent | N | MM\/dd\/yy h:mm aaa | N |" name="And I enter L42 Palmetto Event Solutions Project 1 in lesson search textbox" time="0.001">
    <failure type="java.lang.AssertionError">java.lang.AssertionError
	at org.junit.Assert.fail(Assert.java:86)
	at org.junit.Assert.assertTrue(Assert.java:41)
	at org.junit.Assert.assertTrue(Assert.java:52)
	at cengage.samlms.stepdefinition.SectionsSteps.iEnterLessonNameInLessonSearchTextbox(SectionsSteps.java:5157)
	at ✽.And I enter L42 Palmetto Event Solutions Project 1 in lesson search textbox(test/resources/cengage/samlms/keyboarding/KB_Training_Assignment_Validation.feature:508)
</failure>
    <system-err>org.openqa.selenium.WebDriverException: unknown error: Element is not clickable at point (1152, 164). Other element would receive the click: &lt;div class=&quot;modal-backdrop fade in&quot;&gt;&lt;/div&gt;
  (Session info: chrome=56.0.2924.87)
  (Driver info: chromedriver=2.25.426923 (0390b88869384d6eb0d5d09729679f934aab9eed),platform=Windows NT 6.3.9600 x86_64) (WARNING: The server did not provide any stacktrace information)
Command duration or timeout: 31 milliseconds
Build info: version: &apos;2.53.0&apos;, revision: &apos;35ae25b1534ae328c771e0856c93e187490ca824&apos;, time: &apos;2016-03-15 10:43:46&apos;
System info: host: &apos;CODOID&apos;, ip: &apos;10.161.244.44&apos;, os.name: &apos;Windows 8.1&apos;, os.arch: &apos;amd64&apos;, os.version: &apos;6.3&apos;, java.version: &apos;1.8.0_91&apos;
Driver info: org.openqa.selenium.chrome.ChromeDriver
Capabilities [{applicationCacheEnabled=false, rotatable=false, mobileEmulationEnabled=false, networkConnectionEnabled=false, chrome={chromedriverVersion=2.25.426923 (0390b88869384d6eb0d5d09729679f934aab9eed), userDataDir=C:\Users\CODOID~1\AppData\Local\Temp\scoped_dir3872_13250}, takesHeapSnapshot=true, pageLoadStrategy=normal, databaseEnabled=false, handlesAlerts=true, hasTouchScreen=false, version=56.0.2924.87, platform=WIN8_1, browserConnectionEnabled=false, nativeEvents=true, acceptSslCerts=true, locationContextEnabled=true, webStorageEnabled=true, browserName=chrome, takesScreenshot=true, javascriptEnabled=true, cssSelectorsEnabled=true}]
Session ID: 18b4ef8828fe3887e5e860a542d7704c
	at sun.reflect.NativeConstructorAccessorImpl.newInstance0(Native Method)
	at sun.reflect.NativeConstructorAccessorImpl.newInstance(NativeConstructorAccessorImpl.java:62)
	at sun.reflect.DelegatingConstructorAccessorImpl.newInstance(DelegatingConstructorAccessorImpl.java:45)
	at java.lang.reflect.Constructor.newInstance(Constructor.java:423)
	at org.openqa.selenium.remote.ErrorHandler.createThrowable(ErrorHandler.java:206)
	at org.openqa.selenium.remote.ErrorHandler.throwIfResponseFailed(ErrorHandler.java:158)
	at org.openqa.selenium.remote.RemoteWebDriver.execute(RemoteWebDriver.java:678)
	at org.openqa.selenium.remote.RemoteWebElement.execute(RemoteWebElement.java:327)
	at org.openqa.selenium.remote.RemoteWebElement.click(RemoteWebElement.java:85)
	at sun.reflect.GeneratedMethodAccessor13.invoke(Unknown Source)
	at sun.reflect.DelegatingMethodAccessorImpl.invoke(DelegatingMethodAccessorImpl.java:43)
	at java.lang.reflect.Method.invoke(Method.java:498)
	at org.openqa.selenium.support.events.EventFiringWebDriver$EventFiringWebElement$1.invoke(EventFiringWebDriver.java:335)
	at com.sun.proxy.$Proxy25.click(Unknown Source)
	at org.openqa.selenium.support.events.EventFiringWebDriver$EventFiringWebElement.click(EventFiringWebDriver.java:348)
	at sun.reflect.GeneratedMethodAccessor13.invoke(Unknown Source)
	at sun.reflect.DelegatingMethodAccessorImpl.invoke(DelegatingMethodAccessorImpl.java:43)
	at java.lang.reflect.Method.invoke(Method.java:498)
	at org.openqa.selenium.support.pagefactory.internal.LocatingElementHandler.invoke(LocatingElementHandler.java:51)
	at com.sun.proxy.$Proxy23.click(Unknown Source)
	at cengage.common.toolbox.Textbox.enterValue(Textbox.java:29)
	at cengage.samlms.action.SectionPageAction.enterLessonNameInSearchbox(SectionPageAction.java:8504)
	at cengage.samlms.stepdefinition.SectionsSteps.iEnterLessonNameInLessonSearchTextbox(SectionsSteps.java:5157)
	at sun.reflect.NativeMethodAccessorImpl.invoke0(Native Method)
	at sun.reflect.NativeMethodAccessorImpl.invoke(NativeMethodAccessorImpl.java:62)
	at sun.reflect.DelegatingMethodAccessorImpl.invoke(DelegatingMethodAccessorImpl.java:43)
	at java.lang.reflect.Method.invoke(Method.java:498)
	at cucumber.runtime.Utils$1.call(Utils.java:37)
	at cucumber.runtime.Timeout.timeout(Timeout.java:13)
	at cucumber.runtime.Utils.invoke(Utils.java:31)
	at cucumber.runtime.java.JavaStepDefinition.execute(JavaStepDefinition.java:38)
	at cucumber.runtime.StepDefinitionMatch.runStep(StepDefinitionMatch.java:37)
	at cucumber.runtime.Runtime.runStep(Runtime.java:299)
	at cucumber.runtime.model.StepContainer.runStep(StepContainer.java:44)
	at cucumber.runtime.model.StepContainer.runSteps(StepContainer.java:39)
	at cucumber.runtime.model.CucumberScenario.run(CucumberScenario.java:44)
	at cucumber.runtime.junit.ExecutionUnitRunner.run(ExecutionUnitRunner.java:91)
	at org.junit.runners.Suite.runChild(Suite.java:128)
	at org.junit.runners.Suite.runChild(Suite.java:27)
	at org.junit.runners.ParentRunner$3.run(ParentRunner.java:290)
	at org.junit.runners.ParentRunner$1.schedule(ParentRunner.java:71)
	at org.junit.runners.ParentRunner.runChildren(ParentRunner.java:288)
	at org.junit.runners.ParentRunner.access$000(ParentRunner.java:58)
	at org.junit.runners.ParentRunner$2.evaluate(ParentRunner.java:268)
	at org.junit.runners.ParentRunner.run(ParentRunner.java:363)
	at cucumber.runtime.junit.ExamplesRunner.run(ExamplesRunner.java:59)
	at org.junit.runners.Suite.runChild(Suite.java:128)
	at org.junit.runners.Suite.runChild(Suite.java:27)
	at org.junit.runners.ParentRunner$3.run(ParentRunner.java:290)
	at org.junit.runners.ParentRunner$1.schedule(ParentRunner.java:71)
	at org.junit.runners.ParentRunner.runChildren(ParentRunner.java:288)
	at org.junit.runners.ParentRunner.access$000(ParentRunner.java:58)
	at org.junit.runners.ParentRunner$2.evaluate(ParentRunner.java:268)
	at org.junit.runners.ParentRunner.run(ParentRunner.java:363)
	at cucumber.runtime.junit.ScenarioOutlineRunner.run(ScenarioOutlineRunner.java:53)
	at cucumber.runtime.junit.FeatureRunner.runChild(FeatureRunner.java:63)
	at cucumber.runtime.junit.FeatureRunner.runChild(FeatureRunner.java:18)
	at org.junit.runners.ParentRunner$3.run(ParentRunner.java:290)
	at org.junit.runners.ParentRunner$1.schedule(ParentRunner.java:71)
	at org.junit.runners.ParentRunner.runChildren(ParentRunner.java:288)
	at org.junit.runners.ParentRunner.access$000(ParentRunner.java:58)
	at org.junit.runners.ParentRunner$2.evaluate(ParentRunner.java:268)
	at org.junit.runners.ParentRunner.run(ParentRunner.java:363)
	at cucumber.runtime.junit.FeatureRunner.run(FeatureRunner.java:70)
	at cucumber.api.junit.Cucumber.runChild(Cucumber.java:93)
	at cucumber.api.junit.Cucumber.runChild(Cucumber.java:37)
	at org.junit.runners.ParentRunner$3.run(ParentRunner.java:290)
	at org.junit.runners.ParentRunner$1.schedule(ParentRunner.java:71)
	at org.junit.runners.ParentRunner.runChildren(ParentRunner.java:288)
	at org.junit.runners.ParentRunner.access$000(ParentRunner.java:58)
	at org.junit.runners.ParentRunner$2.evaluate(ParentRunner.java:268)
	at org.junit.runners.ParentRunner.run(ParentRunner.java:363)
	at cucumber.api.junit.Cucumber.run(Cucumber.java:98)
	at org.apache.maven.surefire.junit4.JUnit4Provider.execute(JUnit4Provider.java:234)
	at org.apache.maven.surefire.junit4.JUnit4Provider.executeTestSet(JUnit4Provider.java:133)
	at org.apache.maven.surefire.junit4.JUnit4Provider.invoke(JUnit4Provider.java:114)
	at sun.reflect.NativeMethodAccessorImpl.invoke0(Native Method)
	at sun.reflect.NativeMethodAccessorImpl.invoke(NativeMethodAccessorImpl.java:62)
	at sun.reflect.DelegatingMethodAccessorImpl.invoke(DelegatingMethodAccessorImpl.java:43)
	at java.lang.reflect.Method.invoke(Method.java:498)
	at org.apache.maven.surefire.util.ReflectionUtils.invokeMethodWithArray(ReflectionUtils.java:188)
	at org.apache.maven.surefire.booter.ProviderFactory$ProviderProxy.invoke(ProviderFactory.java:166)
	at org.apache.maven.surefire.booter.ProviderFactory.invokeProvider(ProviderFactory.java:86)
	at org.apache.maven.surefire.booter.ForkedBooter.runSuitesInProcess(ForkedBooter.java:101)
	at org.apache.maven.surefire.booter.ForkedBooter.main(ForkedBooter.java:74)
</system-err>
  </testcase>
  <testcase classname="| adminusertester@email.com | password | Assignments | Graded File | Submitted File | Completed Date | string | L42 Palmetto Event Solutions Project 1 | L42 Palmetto Event Solutions Project 1edit | sectiontester | user001\u002C manualstudent | N | MM\/dd\/yy h:mm aaa | N |" name="| adminusertester@email.com | password | Assignments | Graded File | Submitted File | Completed Date | string | L42 Palmetto Event Solutions Project 1 | L42 Palmetto Event Solutions Project 1edit | sectiontester | user001\u002C manualstudent | N | MM\/dd\/yy h:mm aaa | N |" time="0.001">
    <failure type="java.lang.AssertionError">java.lang.AssertionError
	at org.junit.Assert.fail(Assert.java:86)
	at org.junit.Assert.assertTrue(Assert.java:41)
	at org.junit.Assert.assertTrue(Assert.java:52)
	at cengage.samlms.stepdefinition.SectionsSteps.iEnterLessonNameInLessonSearchTextbox(SectionsSteps.java:5157)
	at ✽.And I enter L42 Palmetto Event Solutions Project 1 in lesson search textbox(test/resources/cengage/samlms/keyboarding/KB_Training_Assignment_Validation.feature:508)
</failure>
  </testcase>
  <testcase classname="| adminusertester@email.com | password | Assignments | Graded File | Submitted File | Completed Date | string | L42 Palmetto Event Solutions Project 1 | L42 Palmetto Event Solutions Project 1edit | sectiontester | user001\u002C manualstudent | N | MM\/dd\/yy h:mm aaa | N |" name="And I enter L42 Palmetto Event Solutions Project 1 keyboarding assignment name L42 Palmetto Event Solutions Project 1edit" time="0.003">
    <skipped/>
  </testcase>
  <testcase classname="| adminusertester@email.com | password | Assignments | Graded File | Submitted File | Completed Date | string | L42 Palmetto Event Solutions Project 1 | L42 Palmetto Event Solutions Project 1edit | sectiontester | user001\u002C manualstudent | N | MM\/dd\/yy h:mm aaa | N |" name="And I click on save and close button in section page" time="0.005">
    <skipped/>
  </testcase>
  <testcase classname="| adminusertester@email.com | password | Assignments | Graded File | Submitted File | Completed Date | string | L42 Palmetto Event Solutions Project 1 | L42 Palmetto Event Solutions Project 1edit | sectiontester | user001\u002C manualstudent | N | MM\/dd\/yy h:mm aaa | N |" name="And I click on Results tab" time="0.006">
    <skipped/>
  </testcase>
  <testcase classname="| adminusertester@email.com | password | Assignments | Graded File | Submitted File | Completed Date | string | L42 Palmetto Event Solutions Project 1 | L42 Palmetto Event Solutions Project 1edit | sectiontester | user001\u002C manualstudent | N | MM\/dd\/yy h:mm aaa | N |" name="And I Click on Keyboarding tab in new reports tab" time="0.008">
    <skipped/>
  </testcase>
  <testcase classname="| adminusertester@email.com | password | Assignments | Graded File | Submitted File | Completed Date | string | L42 Palmetto Event Solutions Project 1 | L42 Palmetto Event Solutions Project 1edit | sectiontester | user001\u002C manualstudent | N | MM\/dd\/yy h:mm aaa | N |" name="And I click Office Projects under Keyboarding option in reports tab" time="0.01">
    <skipped/>
  </testcase>
  <testcase classname="| adminusertester@email.com | password | Assignments | Graded File | Submitted File | Completed Date | string | L42 Palmetto Event Solutions Project 1 | L42 Palmetto Event Solutions Project 1edit | sectiontester | user001\u002C manualstudent | N | MM\/dd\/yy h:mm aaa | N |" name="And I click Report Type dropdown button" time="0.011">
    <skipped/>
  </testcase>
  <testcase classname="| adminusertester@email.com | password | Assignments | Graded File | Submitted File | Completed Date | string | L42 Palmetto Event Solutions Project 1 | L42 Palmetto Event Solutions Project 1edit | sectiontester | user001\u002C manualstudent | N | MM\/dd\/yy h:mm aaa | N |" name="And I select Keyboarding Downloaded Submitted Projects in Report Type dropdown list" time="0.014">
    <skipped/>
  </testcase>
  <testcase classname="| adminusertester@email.com | password | Assignments | Graded File | Submitted File | Completed Date | string | L42 Palmetto Event Solutions Project 1 | L42 Palmetto Event Solutions Project 1edit | sectiontester | user001\u002C manualstudent | N | MM\/dd\/yy h:mm aaa | N |" name="And I click Student dropdown in New Report" time="0.016">
    <skipped/>
  </testcase>
  <testcase classname="| adminusertester@email.com | password | Assignments | Graded File | Submitted File | Completed Date | string | L42 Palmetto Event Solutions Project 1 | L42 Palmetto Event Solutions Project 1edit | sectiontester | user001\u002C manualstudent | N | MM\/dd\/yy h:mm aaa | N |" name="And I select user001\u002C manualstudent N in New Report Student dropdown" time="0.018">
    <skipped/>
  </testcase>
  <testcase classname="| adminusertester@email.com | password | Assignments | Graded File | Submitted File | Completed Date | string | L42 Palmetto Event Solutions Project 1 | L42 Palmetto Event Solutions Project 1edit | sectiontester | user001\u002C manualstudent | N | MM\/dd\/yy h:mm aaa | N |" name="And I see filtered predictive search textbox with X icon above the table" time="0.024">
    <skipped/>
  </testcase>
  <testcase classname="| adminusertester@email.com | password | Assignments | Graded File | Submitted File | Completed Date | string | L42 Palmetto Event Solutions Project 1 | L42 Palmetto Event Solutions Project 1edit | sectiontester | user001\u002C manualstudent | N | MM\/dd\/yy h:mm aaa | N |" name="And I see L42 Palmetto Event Solutions Project 1edit searched Sections appear in the table" time="0.031">
    <skipped/>
  </testcase>
  <testcase classname="| adminusertester@email.com | password | Assignments | Graded File | Submitted File | Completed Date | string | L42 Palmetto Event Solutions Project 1 | L42 Palmetto Event Solutions Project 1edit | sectiontester | user001\u002C manualstudent | N | MM\/dd\/yy h:mm aaa | N |" name="And I verify table displays a list of Assignments along with completed date in MM\/dd\/yy h:mm aaa MM\/DD\/YY HH:MM AM\/PM format" time="0.034">
    <skipped/>
  </testcase>
  <testcase classname="| adminusertester@email.com | password | Assignments | Graded File | Submitted File | Completed Date | string | L42 Palmetto Event Solutions Project 1 | L42 Palmetto Event Solutions Project 1edit | sectiontester | user001\u002C manualstudent | N | MM\/dd\/yy h:mm aaa | N |" name="And I click table column Assignments in third pane of new report tab" time="0.037">
    <skipped/>
  </testcase>
  <testcase classname="| adminusertester@email.com | password | Assignments | Graded File | Submitted File | Completed Date | string | L42 Palmetto Event Solutions Project 1 | L42 Palmetto Event Solutions Project 1edit | sectiontester | user001\u002C manualstudent | N | MM\/dd\/yy h:mm aaa | N |" name="And I see table Assignments fields in third pane of new report tab is in descending order" time="0.046">
    <skipped/>
  </testcase>
  <testcase classname="| adminusertester@email.com | password | Assignments | Graded File | Submitted File | Completed Date | string | L42 Palmetto Event Solutions Project 1 | L42 Palmetto Event Solutions Project 1edit | sectiontester | user001\u002C manualstudent | N | MM\/dd\/yy h:mm aaa | N |" name="And I click table column Assignments in third pane of new report tab" time="0.048">
    <skipped/>
  </testcase>
  <testcase classname="| adminusertester@email.com | password | Assignments | Graded File | Submitted File | Completed Date | string | L42 Palmetto Event Solutions Project 1 | L42 Palmetto Event Solutions Project 1edit | sectiontester | user001\u002C manualstudent | N | MM\/dd\/yy h:mm aaa | N |" name="And I see table Assignments fields in third pane of new report tab is in ascending order" time="0.056">
    <skipped/>
  </testcase>
  <testcase classname="| adminusertester@email.com | password | Assignments | Graded File | Submitted File | Completed Date | string | L42 Palmetto Event Solutions Project 1 | L42 Palmetto Event Solutions Project 1edit | sectiontester | user001\u002C manualstudent | N | MM\/dd\/yy h:mm aaa | N |" name="And I click table column Completed Date in third pane of new report tab" time="0.057">
    <skipped/>
  </testcase>
  <testcase classname="| adminusertester@email.com | password | Assignments | Graded File | Submitted File | Completed Date | string | L42 Palmetto Event Solutions Project 1 | L42 Palmetto Event Solutions Project 1edit | sectiontester | user001\u002C manualstudent | N | MM\/dd\/yy h:mm aaa | N |" name="And I see table Completed Date fields in third pane of new report tab is in descending order string" time="0.068">
    <skipped/>
  </testcase>
  <testcase classname="| adminusertester@email.com | password | Assignments | Graded File | Submitted File | Completed Date | string | L42 Palmetto Event Solutions Project 1 | L42 Palmetto Event Solutions Project 1edit | sectiontester | user001\u002C manualstudent | N | MM\/dd\/yy h:mm aaa | N |" name="And I click table column Completed Date in third pane of new report tab" time="0.07">
    <skipped/>
  </testcase>
  <testcase classname="| adminusertester@email.com | password | Assignments | Graded File | Submitted File | Completed Date | string | L42 Palmetto Event Solutions Project 1 | L42 Palmetto Event Solutions Project 1edit | sectiontester | user001\u002C manualstudent | N | MM\/dd\/yy h:mm aaa | N |" name="And I see table Completed Date fields in third pane of new report tab is in ascending order string" time="0.082">
    <skipped/>
  </testcase>
  <testcase classname="| adminusertester@email.com | password | Assignments | Graded File | Submitted File | Completed Date | string | L42 Palmetto Event Solutions Project 1 | L42 Palmetto Event Solutions Project 1edit | sectiontester | user001\u002C manualstudent | N | MM\/dd\/yy h:mm aaa | N |" name="And I click L42 Palmetto Event Solutions Project 1edit N Submitted File icon" time="0.086">
    <skipped/>
  </testcase>
  <testcase classname="| adminusertester@email.com | password | Assignments | Graded File | Submitted File | Completed Date | string | L42 Palmetto Event Solutions Project 1 | L42 Palmetto Event Solutions Project 1edit | sectiontester | user001\u002C manualstudent | N | MM\/dd\/yy h:mm aaa | N |" name="When I click to open Submitted File" time="0.087">
    <skipped/>
  </testcase>
  <testcase classname="| adminusertester@email.com | password | Assignments | Graded File | Submitted File | Completed Date | string | L42 Palmetto Event Solutions Project 1 | L42 Palmetto Event Solutions Project 1edit | sectiontester | user001\u002C manualstudent | N | MM\/dd\/yy h:mm aaa | N |" name="Then I see downloaded report File" time="0.089">
    <skipped/>
  </testcase>
  <testcase classname="| adminusertester@email.com | password | Assignments | Graded File | Submitted File | Completed Date | string | L42 Palmetto Event Solutions Project 1 | L42 Palmetto Event Solutions Project 1edit | sectiontester | user001\u002C manualstudent | N | MM\/dd\/yy h:mm aaa | N |" name="And I click L42 Palmetto Event Solutions Project 1edit N Graded File icon" time="0.09">
    <skipped/>
  </testcase>
  <testcase classname="| adminusertester@email.com | password | Assignments | Graded File | Submitted File | Completed Date | string | L42 Palmetto Event Solutions Project 1 | L42 Palmetto Event Solutions Project 1edit | sectiontester | user001\u002C manualstudent | N | MM\/dd\/yy h:mm aaa | N |" name="And I click to open Graded File" time="0.091">
    <skipped/>
  </testcase>
  <testcase classname="| adminusertester@email.com | password | Assignments | Graded File | Submitted File | Completed Date | string | L42 Palmetto Event Solutions Project 1 | L42 Palmetto Event Solutions Project 1edit | sectiontester | user001\u002C manualstudent | N | MM\/dd\/yy h:mm aaa | N |" name="And I see downloaded report File" time="0.093">
    <skipped/>
  </testcase>
  <testcase classname="| super_T2088800@sam.com | password | L1 Exam: Computer Basics | DP:SECTIONS.COURSENAME | DP:SECTIONS.TERM | Y | section13727 | Lesson 2 | L2 Training: Application Software Basics |" name="Given As a SAM LMS user\u002C I login with following credential super_T2088800@sam.com and password" time="0"/>
  <testcase classname="| super_T2088800@sam.com | password | L1 Exam: Computer Basics | DP:SECTIONS.COURSENAME | DP:SECTIONS.TERM | Y | section13727 | Lesson 2 | L2 Training: Application Software Basics |" name="And I see home page of LMS" time="0"/>
  <testcase classname="| super_T2088800@sam.com | password | L1 Exam: Computer Basics | DP:SECTIONS.COURSENAME | DP:SECTIONS.TERM | Y | section13727 | Lesson 2 | L2 Training: Application Software Basics |" name="And I navigate to Sections tab" time="0"/>
  <testcase classname="| super_T2088800@sam.com | password | L1 Exam: Computer Basics | DP:SECTIONS.COURSENAME | DP:SECTIONS.TERM | Y | section13727 | Lesson 2 | L2 Training: Application Software Basics |" name="And I click on Add New button" time="0"/>
  <testcase classname="| super_T2088800@sam.com | password | L1 Exam: Computer Basics | DP:SECTIONS.COURSENAME | DP:SECTIONS.TERM | Y | section13727 | Lesson 2 | L2 Training: Application Software Basics |" name="And I enter section13727 Y in Section Name" time="0"/>
  <testcase classname="| super_T2088800@sam.com | password | L1 Exam: Computer Basics | DP:SECTIONS.COURSENAME | DP:SECTIONS.TERM | Y | section13727 | Lesson 2 | L2 Training: Application Software Basics |" name="And I enter DP:SECTIONS.COURSENAME in Course Name" time="0"/>
  <testcase classname="| super_T2088800@sam.com | password | L1 Exam: Computer Basics | DP:SECTIONS.COURSENAME | DP:SECTIONS.TERM | Y | section13727 | Lesson 2 | L2 Training: Application Software Basics |" name="And I enter DP:SECTIONS.TERM in Term" time="0"/>
  <testcase classname="| super_T2088800@sam.com | password | L1 Exam: Computer Basics | DP:SECTIONS.COURSENAME | DP:SECTIONS.TERM | Y | section13727 | Lesson 2 | L2 Training: Application Software Basics |" name="And I click on Save button" time="0"/>
  <testcase classname="| super_T2088800@sam.com | password | L1 Exam: Computer Basics | DP:SECTIONS.COURSENAME | DP:SECTIONS.TERM | Y | section13727 | Lesson 2 | L2 Training: Application Software Basics |" name="And I see Successfully added the Section Pop-up" time="0"/>
  <testcase classname="| super_T2088800@sam.com | password | L1 Exam: Computer Basics | DP:SECTIONS.COURSENAME | DP:SECTIONS.TERM | Y | section13727 | Lesson 2 | L2 Training: Application Software Basics |" name="And I click on OK button in popup" time="0"/>
  <testcase classname="| super_T2088800@sam.com | password | L1 Exam: Computer Basics | DP:SECTIONS.COURSENAME | DP:SECTIONS.TERM | Y | section13727 | Lesson 2 | L2 Training: Application Software Basics |" name="And I navigate to Keyboarding preferences tab in section page" time="0"/>
  <testcase classname="| super_T2088800@sam.com | password | L1 Exam: Computer Basics | DP:SECTIONS.COURSENAME | DP:SECTIONS.TERM | Y | section13727 | Lesson 2 | L2 Training: Application Software Basics |" name="When I navigate to lessons tab in Section page" time="0"/>
  <testcase classname="| super_T2088800@sam.com | password | L1 Exam: Computer Basics | DP:SECTIONS.COURSENAME | DP:SECTIONS.TERM | Y | section13727 | Lesson 2 | L2 Training: Application Software Basics |" name="Then I should see L1 Exam: Computer Basics name textbox behaviour in lessons tab" time="0"/>
  <testcase classname="| super_T2088800@sam.com | password | L1 Exam: Computer Basics | DP:SECTIONS.COURSENAME | DP:SECTIONS.TERM | Y | section13727 | Lesson 2 | L2 Training: Application Software Basics |" name="And I should see L1 Exam: Computer Basics options following to assignmentName In section creation pathway" time="0"/>
  <testcase classname="| super_T2088800@sam.com | password | L1 Exam: Computer Basics | DP:SECTIONS.COURSENAME | DP:SECTIONS.TERM | Y | section13727 | Lesson 2 | L2 Training: Application Software Basics |" name="| super_T2088800@sam.com | password | L1 Exam: Computer Basics | DP:SECTIONS.COURSENAME | DP:SECTIONS.TERM | Y | section13727 | Lesson 2 | L2 Training: Application Software Basics |" time="11.228"/>
  <testcase classname="| super_T2088807@sam.com | password | L1 Exam: Computer Basics | DP:SECTIONS.COURSENAME | DP:SECTIONS.TERM | Y | section137274 | Lesson 2 | L2 Training: Application Software Basics |" name="Given As a SAM LMS user\u002C I login with following credential super_T2088807@sam.com and password" time="0.001"/>
  <testcase classname="| super_T2088807@sam.com | password | L1 Exam: Computer Basics | DP:SECTIONS.COURSENAME | DP:SECTIONS.TERM | Y | section137274 | Lesson 2 | L2 Training: Application Software Basics |" name="And I see home page of LMS" time="0"/>
  <testcase classname="| super_T2088807@sam.com | password | L1 Exam: Computer Basics | DP:SECTIONS.COURSENAME | DP:SECTIONS.TERM | Y | section137274 | Lesson 2 | L2 Training: Application Software Basics |" name="And I navigate to Sections tab" time="0"/>
  <testcase classname="| super_T2088807@sam.com | password | L1 Exam: Computer Basics | DP:SECTIONS.COURSENAME | DP:SECTIONS.TERM | Y | section137274 | Lesson 2 | L2 Training: Application Software Basics |" name="And I click on Add New button" time="0"/>
  <testcase classname="| super_T2088807@sam.com | password | L1 Exam: Computer Basics | DP:SECTIONS.COURSENAME | DP:SECTIONS.TERM | Y | section137274 | Lesson 2 | L2 Training: Application Software Basics |" name="And I enter section137274 Y in Section Name" time="0"/>
  <testcase classname="| super_T2088807@sam.com | password | L1 Exam: Computer Basics | DP:SECTIONS.COURSENAME | DP:SECTIONS.TERM | Y | section137274 | Lesson 2 | L2 Training: Application Software Basics |" name="And I enter DP:SECTIONS.COURSENAME in Course Name" time="0"/>
  <testcase classname="| super_T2088807@sam.com | password | L1 Exam: Computer Basics | DP:SECTIONS.COURSENAME | DP:SECTIONS.TERM | Y | section137274 | Lesson 2 | L2 Training: Application Software Basics |" name="And I enter DP:SECTIONS.TERM in Term" time="0"/>
  <testcase classname="| super_T2088807@sam.com | password | L1 Exam: Computer Basics | DP:SECTIONS.COURSENAME | DP:SECTIONS.TERM | Y | section137274 | Lesson 2 | L2 Training: Application Software Basics |" name="And I click on Save button" time="0"/>
  <testcase classname="| super_T2088807@sam.com | password | L1 Exam: Computer Basics | DP:SECTIONS.COURSENAME | DP:SECTIONS.TERM | Y | section137274 | Lesson 2 | L2 Training: Application Software Basics |" name="And I see Successfully added the Section Pop-up" time="0"/>
  <testcase classname="| super_T2088807@sam.com | password | L1 Exam: Computer Basics | DP:SECTIONS.COURSENAME | DP:SECTIONS.TERM | Y | section137274 | Lesson 2 | L2 Training: Application Software Basics |" name="And I click on OK button in popup" time="0"/>
  <testcase classname="| super_T2088807@sam.com | password | L1 Exam: Computer Basics | DP:SECTIONS.COURSENAME | DP:SECTIONS.TERM | Y | section137274 | Lesson 2 | L2 Training: Application Software Basics |" name="And I navigate to Keyboarding preferences tab in section page" time="0"/>
  <testcase classname="| super_T2088807@sam.com | password | L1 Exam: Computer Basics | DP:SECTIONS.COURSENAME | DP:SECTIONS.TERM | Y | section137274 | Lesson 2 | L2 Training: Application Software Basics |" name="When I navigate to lessons tab in Section page" time="0"/>
  <testcase classname="| super_T2088807@sam.com | password | L1 Exam: Computer Basics | DP:SECTIONS.COURSENAME | DP:SECTIONS.TERM | Y | section137274 | Lesson 2 | L2 Training: Application Software Basics |" name="Then I should see L1 Exam: Computer Basics name textbox behaviour in lessons tab" time="0"/>
  <testcase classname="| super_T2088807@sam.com | password | L1 Exam: Computer Basics | DP:SECTIONS.COURSENAME | DP:SECTIONS.TERM | Y | section137274 | Lesson 2 | L2 Training: Application Software Basics |" name="And I should see L1 Exam: Computer Basics options following to assignmentName In section creation pathway" time="0"/>
  <testcase classname="| super_T2088807@sam.com | password | L1 Exam: Computer Basics | DP:SECTIONS.COURSENAME | DP:SECTIONS.TERM | Y | section137274 | Lesson 2 | L2 Training: Application Software Basics |" name="| super_T2088807@sam.com | password | L1 Exam: Computer Basics | DP:SECTIONS.COURSENAME | DP:SECTIONS.TERM | Y | section137274 | Lesson 2 | L2 Training: Application Software Basics |" time="12.027"/>
  <testcase classname="| super_T2088800@sam.com | &amp;PASSWORD&amp; | &amp;SECTIONS.SECTIONNAME3_RANDOM&amp; |" name="Given As a SAM LMS user\u002C I login with following credential super_T2088800@sam.com and &amp;PASSWORD&amp;" time="0"/>
  <testcase classname="| super_T2088800@sam.com | &amp;PASSWORD&amp; | &amp;SECTIONS.SECTIONNAME3_RANDOM&amp; |" name="And I create keyboarding &amp;SECTIONS.SECTIONNAME3_RANDOM&amp; section" time="0.001"/>
  <testcase classname="| super_T2088800@sam.com | &amp;PASSWORD&amp; | &amp;SECTIONS.SECTIONNAME3_RANDOM&amp; |" name="| super_T2088800@sam.com | &amp;PASSWORD&amp; | &amp;SECTIONS.SECTIONNAME3_RANDOM&amp; |" time="11.21"/>
  <testcase classname="| super_T2088807@sam.com | &amp;PASSWORD&amp; | &amp;SECTIONS.SECTIONNAME3_RANDOM&amp; |" name="Given As a SAM LMS user\u002C I login with following credential super_T2088807@sam.com and &amp;PASSWORD&amp;" time="0"/>
  <testcase classname="| super_T2088807@sam.com | &amp;PASSWORD&amp; | &amp;SECTIONS.SECTIONNAME3_RANDOM&amp; |" name="And I create keyboarding &amp;SECTIONS.SECTIONNAME3_RANDOM&amp; section" time="0"/>
  <testcase classname="| super_T2088807@sam.com | &amp;PASSWORD&amp; | &amp;SECTIONS.SECTIONNAME3_RANDOM&amp; |" name="| super_T2088807@sam.com | &amp;PASSWORD&amp; | &amp;SECTIONS.SECTIONNAME3_RANDOM&amp; |" time="11.283"/>
  <testcase classname="| super_T2088800@sam.com | password | &amp;SECTIONS.SECTIONNAME3_RANDOM&amp; | L1 Exam: Computer Basics |" name="Given As a SAM LMS user\u002C I login with following credential super_T2088800@sam.com and password" time="0"/>
  <testcase classname="| super_T2088800@sam.com | password | &amp;SECTIONS.SECTIONNAME3_RANDOM&amp; | L1 Exam: Computer Basics |" name="And I see home page of LMS" time="0"/>
  <testcase classname="| super_T2088800@sam.com | password | &amp;SECTIONS.SECTIONNAME3_RANDOM&amp; | L1 Exam: Computer Basics |" name="And I navigate to Sections tab" time="0"/>
  <testcase classname="| super_T2088800@sam.com | password | &amp;SECTIONS.SECTIONNAME3_RANDOM&amp; | L1 Exam: Computer Basics |" name="And I should &amp;SECTIONS.SECTIONNAME3_RANDOM&amp; edit keyboarding section" time="0"/>
  <testcase classname="| super_T2088800@sam.com | password | &amp;SECTIONS.SECTIONNAME3_RANDOM&amp; | L1 Exam: Computer Basics |" name="When I navigate to lessons tab in Section page" time="0"/>
  <testcase classname="| super_T2088800@sam.com | password | &amp;SECTIONS.SECTIONNAME3_RANDOM&amp; | L1 Exam: Computer Basics |" name="Then I should see L1 Exam: Computer Basics name textbox behaviour in lessons tab" time="0"/>
  <testcase classname="| super_T2088800@sam.com | password | &amp;SECTIONS.SECTIONNAME3_RANDOM&amp; | L1 Exam: Computer Basics |" name="And I should see L1 Exam: Computer Basics options following to assignmentName" time="0"/>
  <testcase classname="| super_T2088800@sam.com | password | &amp;SECTIONS.SECTIONNAME3_RANDOM&amp; | L1 Exam: Computer Basics |" name="| super_T2088800@sam.com | password | &amp;SECTIONS.SECTIONNAME3_RANDOM&amp; | L1 Exam: Computer Basics |" time="11.699"/>
  <testcase classname="| super_T2088807@sam.com | password | &amp;SECTIONS.SECTIONNAME3_RANDOM&amp; | L1 Exam: Computer Basics |" name="Given As a SAM LMS user\u002C I login with following credential super_T2088807@sam.com and password" time="0"/>
  <testcase classname="| super_T2088807@sam.com | password | &amp;SECTIONS.SECTIONNAME3_RANDOM&amp; | L1 Exam: Computer Basics |" name="And I see home page of LMS" time="0"/>
  <testcase classname="| super_T2088807@sam.com | password | &amp;SECTIONS.SECTIONNAME3_RANDOM&amp; | L1 Exam: Computer Basics |" name="And I navigate to Sections tab" time="0"/>
  <testcase classname="| super_T2088807@sam.com | password | &amp;SECTIONS.SECTIONNAME3_RANDOM&amp; | L1 Exam: Computer Basics |" name="And I should &amp;SECTIONS.SECTIONNAME3_RANDOM&amp; edit keyboarding section" time="0"/>
  <testcase classname="| super_T2088807@sam.com | password | &amp;SECTIONS.SECTIONNAME3_RANDOM&amp; | L1 Exam: Computer Basics |" name="When I navigate to lessons tab in Section page" time="0"/>
  <testcase classname="| super_T2088807@sam.com | password | &amp;SECTIONS.SECTIONNAME3_RANDOM&amp; | L1 Exam: Computer Basics |" name="Then I should see L1 Exam: Computer Basics name textbox behaviour in lessons tab" time="0"/>
  <testcase classname="| super_T2088807@sam.com | password | &amp;SECTIONS.SECTIONNAME3_RANDOM&amp; | L1 Exam: Computer Basics |" name="And I should see L1 Exam: Computer Basics options following to assignmentName" time="0"/>
  <testcase classname="| super_T2088807@sam.com | password | &amp;SECTIONS.SECTIONNAME3_RANDOM&amp; | L1 Exam: Computer Basics |" name="| super_T2088807@sam.com | password | &amp;SECTIONS.SECTIONNAME3_RANDOM&amp; | L1 Exam: Computer Basics |" time="11.254"/>
  <testcase classname="| super_T2088800@sam.com | password | &amp;SECTIONS.SECTIONNAME3_RANDOM&amp; | L1 Exam: Computer Basics | Lesson 1 | N |" name="Given As a SAM LMS user\u002C I login with following credential super_T2088800@sam.com and password" time="0"/>
  <testcase classname="| super_T2088800@sam.com | password | &amp;SECTIONS.SECTIONNAME3_RANDOM&amp; | L1 Exam: Computer Basics | Lesson 1 | N |" name="And I see home page of LMS" time="0"/>
  <testcase classname="| super_T2088800@sam.com | password | &amp;SECTIONS.SECTIONNAME3_RANDOM&amp; | L1 Exam: Computer Basics | Lesson 1 | N |" name="And I navigate to SAM Assignments tab" time="0"/>
  <testcase classname="| super_T2088800@sam.com | password | &amp;SECTIONS.SECTIONNAME3_RANDOM&amp; | L1 Exam: Computer Basics | Lesson 1 | N |" name="When I select &amp;SECTIONS.SECTIONNAME3_RANDOM&amp; N from section drop down" time="0"/>
  <testcase classname="| super_T2088800@sam.com | password | &amp;SECTIONS.SECTIONNAME3_RANDOM&amp; | L1 Exam: Computer Basics | Lesson 1 | N |" name="And I should Lesson 1 edit keyboarding Lesson" time="0"/>
  <testcase classname="| super_T2088800@sam.com | password | &amp;SECTIONS.SECTIONNAME3_RANDOM&amp; | L1 Exam: Computer Basics | Lesson 1 | N |" name="Then I should see L1 Exam: Computer Basics name textbox behaviour in lessons tab" time="0"/>
  <testcase classname="| super_T2088800@sam.com | password | &amp;SECTIONS.SECTIONNAME3_RANDOM&amp; | L1 Exam: Computer Basics | Lesson 1 | N |" name="And I should see L1 Exam: Computer Basics options following to assignmentName in SAM Assignments page Lesson 1" time="0"/>
  <testcase classname="| super_T2088800@sam.com | password | &amp;SECTIONS.SECTIONNAME3_RANDOM&amp; | L1 Exam: Computer Basics | Lesson 1 | N |" name="| super_T2088800@sam.com | password | &amp;SECTIONS.SECTIONNAME3_RANDOM&amp; | L1 Exam: Computer Basics | Lesson 1 | N |" time="11.022"/>
  <testcase classname="| super_T2088807@sam.com | password | &amp;SECTIONS.SECTIONNAME3_RANDOM&amp; | L1 Exam: Computer Basics | Lesson 1 | N |" name="Given As a SAM LMS user\u002C I login with following credential super_T2088807@sam.com and password" time="0"/>
  <testcase classname="| super_T2088807@sam.com | password | &amp;SECTIONS.SECTIONNAME3_RANDOM&amp; | L1 Exam: Computer Basics | Lesson 1 | N |" name="And I see home page of LMS" time="0"/>
  <testcase classname="| super_T2088807@sam.com | password | &amp;SECTIONS.SECTIONNAME3_RANDOM&amp; | L1 Exam: Computer Basics | Lesson 1 | N |" name="And I navigate to SAM Assignments tab" time="0"/>
  <testcase classname="| super_T2088807@sam.com | password | &amp;SECTIONS.SECTIONNAME3_RANDOM&amp; | L1 Exam: Computer Basics | Lesson 1 | N |" name="When I select &amp;SECTIONS.SECTIONNAME3_RANDOM&amp; N from section drop down" time="0"/>
  <testcase classname="| super_T2088807@sam.com | password | &amp;SECTIONS.SECTIONNAME3_RANDOM&amp; | L1 Exam: Computer Basics | Lesson 1 | N |" name="And I should Lesson 1 edit keyboarding Lesson" time="0"/>
  <testcase classname="| super_T2088807@sam.com | password | &amp;SECTIONS.SECTIONNAME3_RANDOM&amp; | L1 Exam: Computer Basics | Lesson 1 | N |" name="Then I should see L1 Exam: Computer Basics name textbox behaviour in lessons tab" time="0"/>
  <testcase classname="| super_T2088807@sam.com | password | &amp;SECTIONS.SECTIONNAME3_RANDOM&amp; | L1 Exam: Computer Basics | Lesson 1 | N |" name="And I should see L1 Exam: Computer Basics options following to assignmentName in SAM Assignments page Lesson 1" time="0.007">
    <failure type="java.lang.AssertionError">java.lang.AssertionError
	at org.junit.Assert.fail(Assert.java:86)
	at org.junit.Assert.assertTrue(Assert.java:41)
	at org.junit.Assert.assertTrue(Assert.java:52)
	at cengage.samlms.stepdefinition.SectionsSteps.iShouldSeeExamAssignmentNameOptionsFollowingToAssignmentNameInSAMAssignmentsPageLessonNo(SectionsSteps.java:6332)
	at ✽.And I should see L1 Exam: Computer Basics options following to assignmentName in SAM Assignments page Lesson 1(test/resources/cengage/samlms/keyboarding/KB_Training_Assignment_Validation.feature:605)
</failure>
    <system-out>23:11:06.810 [main] ERROR cengage.common.toolbox.Sync - org.openqa.selenium.TimeoutException: Timed out after 150 seconds waiting for cengage.common.toolbox.Sync$1@2cacd55e
Build info: version: &apos;2.53.0&apos;, revision: &apos;35ae25b1534ae328c771e0856c93e187490ca824&apos;, time: &apos;2016-03-15 10:43:46&apos;
System info: host: &apos;CODOID&apos;, ip: &apos;10.161.244.44&apos;, os.name: &apos;Windows 8.1&apos;, os.arch: &apos;amd64&apos;, os.version: &apos;6.3&apos;, java.version: &apos;1.8.0_91&apos;
Driver info: driver.version: unknown
23:11:06.814 [main] ERROR cengage.common.toolbox.Sync - java.lang.NullPointerException
</system-out>
    <system-err>java.lang.NullPointerException
	at cengage.common.toolbox.Element.click(Element.java:161)
	at cengage.samlms.action.SectionPageAction.editKeyboardingLesson(SectionPageAction.java:10066)
	at cengage.samlms.stepdefinition.SectionsSteps.iShouldSeeExamAssignmentNameOptionsFollowingToAssignmentNameInSAMAssignmentsPageLessonNo(SectionsSteps.java:6332)
	at sun.reflect.NativeMethodAccessorImpl.invoke0(Native Method)
	at sun.reflect.NativeMethodAccessorImpl.invoke(NativeMethodAccessorImpl.java:62)
	at sun.reflect.DelegatingMethodAccessorImpl.invoke(DelegatingMethodAccessorImpl.java:43)
	at java.lang.reflect.Method.invoke(Method.java:498)
	at cucumber.runtime.Utils$1.call(Utils.java:37)
	at cucumber.runtime.Timeout.timeout(Timeout.java:13)
	at cucumber.runtime.Utils.invoke(Utils.java:31)
	at cucumber.runtime.java.JavaStepDefinition.execute(JavaStepDefinition.java:38)
	at cucumber.runtime.StepDefinitionMatch.runStep(StepDefinitionMatch.java:37)
	at cucumber.runtime.Runtime.runStep(Runtime.java:299)
	at cucumber.runtime.model.StepContainer.runStep(StepContainer.java:44)
	at cucumber.runtime.model.StepContainer.runSteps(StepContainer.java:39)
	at cucumber.runtime.model.CucumberScenario.run(CucumberScenario.java:44)
	at cucumber.runtime.junit.ExecutionUnitRunner.run(ExecutionUnitRunner.java:91)
	at org.junit.runners.Suite.runChild(Suite.java:128)
	at org.junit.runners.Suite.runChild(Suite.java:27)
	at org.junit.runners.ParentRunner$3.run(ParentRunner.java:290)
	at org.junit.runners.ParentRunner$1.schedule(ParentRunner.java:71)
	at org.junit.runners.ParentRunner.runChildren(ParentRunner.java:288)
	at org.junit.runners.ParentRunner.access$000(ParentRunner.java:58)
	at org.junit.runners.ParentRunner$2.evaluate(ParentRunner.java:268)
	at org.junit.runners.ParentRunner.run(ParentRunner.java:363)
	at cucumber.runtime.junit.ExamplesRunner.run(ExamplesRunner.java:59)
	at org.junit.runners.Suite.runChild(Suite.java:128)
	at org.junit.runners.Suite.runChild(Suite.java:27)
	at org.junit.runners.ParentRunner$3.run(ParentRunner.java:290)
	at org.junit.runners.ParentRunner$1.schedule(ParentRunner.java:71)
	at org.junit.runners.ParentRunner.runChildren(ParentRunner.java:288)
	at org.junit.runners.ParentRunner.access$000(ParentRunner.java:58)
	at org.junit.runners.ParentRunner$2.evaluate(ParentRunner.java:268)
	at org.junit.runners.ParentRunner.run(ParentRunner.java:363)
	at cucumber.runtime.junit.ScenarioOutlineRunner.run(ScenarioOutlineRunner.java:53)
	at cucumber.runtime.junit.FeatureRunner.runChild(FeatureRunner.java:63)
	at cucumber.runtime.junit.FeatureRunner.runChild(FeatureRunner.java:18)
	at org.junit.runners.ParentRunner$3.run(ParentRunner.java:290)
	at org.junit.runners.ParentRunner$1.schedule(ParentRunner.java:71)
	at org.junit.runners.ParentRunner.runChildren(ParentRunner.java:288)
	at org.junit.runners.ParentRunner.access$000(ParentRunner.java:58)
	at org.junit.runners.ParentRunner$2.evaluate(ParentRunner.java:268)
	at org.junit.runners.ParentRunner.run(ParentRunner.java:363)
	at cucumber.runtime.junit.FeatureRunner.run(FeatureRunner.java:70)
	at cucumber.api.junit.Cucumber.runChild(Cucumber.java:93)
	at cucumber.api.junit.Cucumber.runChild(Cucumber.java:37)
	at org.junit.runners.ParentRunner$3.run(ParentRunner.java:290)
	at org.junit.runners.ParentRunner$1.schedule(ParentRunner.java:71)
	at org.junit.runners.ParentRunner.runChildren(ParentRunner.java:288)
	at org.junit.runners.ParentRunner.access$000(ParentRunner.java:58)
	at org.junit.runners.ParentRunner$2.evaluate(ParentRunner.java:268)
	at org.junit.runners.ParentRunner.run(ParentRunner.java:363)
	at cucumber.api.junit.Cucumber.run(Cucumber.java:98)
	at org.apache.maven.surefire.junit4.JUnit4Provider.execute(JUnit4Provider.java:234)
	at org.apache.maven.surefire.junit4.JUnit4Provider.executeTestSet(JUnit4Provider.java:133)
	at org.apache.maven.surefire.junit4.JUnit4Provider.invoke(JUnit4Provider.java:114)
	at sun.reflect.NativeMethodAccessorImpl.invoke0(Native Method)
	at sun.reflect.NativeMethodAccessorImpl.invoke(NativeMethodAccessorImpl.java:62)
	at sun.reflect.DelegatingMethodAccessorImpl.invoke(DelegatingMethodAccessorImpl.java:43)
	at java.lang.reflect.Method.invoke(Method.java:498)
	at org.apache.maven.surefire.util.ReflectionUtils.invokeMethodWithArray(ReflectionUtils.java:188)
	at org.apache.maven.surefire.booter.ProviderFactory$ProviderProxy.invoke(ProviderFactory.java:166)
	at org.apache.maven.surefire.booter.ProviderFactory.invokeProvider(ProviderFactory.java:86)
	at org.apache.maven.surefire.booter.ForkedBooter.runSuitesInProcess(ForkedBooter.java:101)
	at org.apache.maven.surefire.booter.ForkedBooter.main(ForkedBooter.java:74)
</system-err>
  </testcase>
  <testcase classname="| super_T2088807@sam.com | password | &amp;SECTIONS.SECTIONNAME3_RANDOM&amp; | L1 Exam: Computer Basics | Lesson 1 | N |" name="| super_T2088807@sam.com | password | &amp;SECTIONS.SECTIONNAME3_RANDOM&amp; | L1 Exam: Computer Basics | Lesson 1 | N |" time="0.009">
    <failure type="java.lang.AssertionError">java.lang.AssertionError
	at org.junit.Assert.fail(Assert.java:86)
	at org.junit.Assert.assertTrue(Assert.java:41)
	at org.junit.Assert.assertTrue(Assert.java:52)
	at cengage.samlms.stepdefinition.SectionsSteps.iShouldSeeExamAssignmentNameOptionsFollowingToAssignmentNameInSAMAssignmentsPageLessonNo(SectionsSteps.java:6332)
	at ✽.And I should see L1 Exam: Computer Basics options following to assignmentName in SAM Assignments page Lesson 1(test/resources/cengage/samlms/keyboarding/KB_Training_Assignment_Validation.feature:605)
</failure>
  </testcase>
</testsuite>