<?xml version="1.0" encoding="UTF-8" ?>
<testsuite tests="12" failures="0" name="demotest.cukes.SmokeModuleCukesTest" time="77.946" errors="0" skipped="0">
  <properties>
    <property name="PROCESSOR_ARCHITECTURE" value="AMD64"/>
    <property name="file.encoding.pkg" value="sun.io"/>
    <property name="LOGONSERVER" value="\\INLOGICDC"/>
    <property name="ProgramData" value="C:\ProgramData"/>
    <property name="java.home" value="C:\Program Files\Java\jdk1.8.0_181\jre"/>
    <property name="NODE_NAME" value="master"/>
    <property name="JENKINS_URL" value="http://localhost:8080/"/>
    <property name="ALLUSERSPROFILE" value="C:\ProgramData"/>
    <property name="java.endorsed.dirs" value="C:\Program Files\Java\jdk1.8.0_181\jre\lib\endorsed"/>
    <property name="PSModulePath" value="C:\Windows\system32\WindowsPowerShell\v1.0\Modules\;C:\Program Files (x86)\AutoIt3\AutoItX"/>
    <property name="=::" value="::\"/>
    <property name="USERDOMAIN" value="WIN"/>
    <property name="sun.os.patch.level" value="Service Pack 1"/>
    <property name="java.vendor.url" value="http://java.oracle.com/"/>
    <property name="CommonProgramFiles(x86)" value="C:\Program Files (x86)\Common Files"/>
    <property name="HICOL_LIB_PATH" value="C:\Program Files\MedtechAUEvolution\Bin\Tools\HICOnline\Lib\"/>
    <property name="java.version" value="1.8.0_181"/>
    <property name="JOB_NAME" value="MMH-AU"/>
    <property name="COMPUTERNAME" value="INLOGICPCS36"/>
    <property name="windows_tracing_logfile" value="C:\BVTBin\Tests\installpackage\csilogfile.log"/>
    <property name="java.vendor.url.bug" value="http://bugreport.sun.com/bugreport/"/>
    <property name="PUBLIC" value="C:\Users\Public"/>
    <property name="user.name" value="nganeshbabu"/>
    <property name="sun.io.unicode.encoding" value="UnicodeLittle"/>
    <property name="sun.jnu.encoding" value="Cp1252"/>
    <property name="java.runtime.name" value="Java(TM) SE Runtime Environment"/>
    <property name="windir" value="C:\Windows"/>
    <property name="PROCESSOR_IDENTIFIER" value="Intel64 Family 6 Model 37 Stepping 5, GenuineIntel"/>
    <property name="java.specification.name" value="Java Platform API Specification"/>
    <property name="LOCALAPPDATA" value="C:\Users\nganeshbabu\AppData\Local"/>
    <property name="RUN_CHANGES_DISPLAY_URL" value="http://localhost:8080/job/MMH-AU/8/display/redirect?page=changes"/>
    <property name="user.timezone" value="Asia/Calcutta"/>
    <property name="user.script" value=""/>
    <property name="path.separator" value=";"/>
    <property name="NUMBER_OF_PROCESSORS" value="4"/>
    <property name="BUILD_TAG" value="jenkins-MMH-AU-8"/>
    <property name="windows_tracing_flags" value="3"/>
    <property name="file.encoding" value="Cp1252"/>
    <property name="PYTHON_VARIABLE" value="C:\Users\v-codoid\AppData\Local\Programs\Python\Python36-32\Lib"/>
    <property name="sun.java.command" value="jenkins.maven3.agent.Maven35Main C:\Program Files\apache-maven-3.5.2 C:\Users\nganeshbabu\.jenkins\war\WEB-INF\lib\remoting-3.27.jar C:\Users\nganeshbabu\.jenkins\plugins\maven-plugin\WEB-INF\lib\maven35-interceptor-1.13.jar C:\Users\nganeshbabu\.jenkins\plugins\maven-plugin\WEB-INF\lib\maven3-interceptor-commons-1.13.jar 50330"/>
    <property name="HUDSON_URL" value="http://localhost:8080/"/>
    <property name="JENKINS_SERVER_COOKIE" value="89b90a4f7f45500c"/>
    <property name="EXECUTOR_NUMBER" value="0"/>
    <property name="Path" value="C:\Program Files\Java\jdk1.8.0_181/bin;D:\Scripts\;D:\;C:\Windows\system32;C:\Windows;C:\Windows\System32\Wbem;C:\Windows\System32\WindowsPowerShell\v1.0\;C:\Program Files\TortoiseSVN\bin;C:\MT32_AU\Bin\Tools\HICOnline;C:\MT32_AU\Bin\Tools\HICOnline\Bin;C:\MT32_AU\Bin\Tools\HICOnline\Lib;C:\MT32_AU\Bin\Tools\HICOnline\LogicPack;C:\Program Files (x86)\Windows Kits\8.1\Windows Performance Toolkit\;C:\Program Files (x86)\Windows Kits\10\Windows Performance Toolkit\C:\Users\v-codoid\AppData\Local\Programs\Python\Python36-32\Lib\;C:\Program Files\MedtechAUEvolution\Bin\Tools\HICOnline;C:\Program Files\MedtechAUEvolution\Bin\Tools\HICOnline\Bin;C:\Program Files\MedtechAUEvolution\Bin\Tools\HICOnline\Lib;C:\Program Files\MedtechAUEvolution\Bin\Tools\HICOnline\LogicPack;C:\Program Files\Java\jdk1.8.0_181\bin;C:\Program Files\Git\cmd;C:\Program Files\apache-maven-3.5.2\bin;C:\Program Files\apache-ant-1.10.7\bin;"/>
    <property name="java.io.tmpdir" value="C:\Users\NGANES~2\AppData\Local\Temp\"/>
    <property name="APPDATA" value="C:\Users\nganeshbabu\AppData\Roaming"/>
    <property name="user.language" value="en"/>
    <property name="line.separator" value="
"/>
    <property name="BUILD_URL" value="http://localhost:8080/job/MMH-AU/8/"/>
    <property name="M2_HOME" value="C:\Program Files\apache-maven-3.5.2"/>
    <property name="=C:" value="C:\Users\nganeshbabu\Desktop"/>
    <property name="java.vm.info" value="mixed mode"/>
    <property name="sun.desktop" value="windows"/>
    <property name="java.vm.specification.name" value="Java Virtual Machine Specification"/>
    <property name="BUILD_DISPLAY_NAME" value="#8"/>
    <property name="OS" value="Windows_NT"/>
    <property name="easy_api_log" value="C:\Program Files\MedtechAUEvolution\Bin\Tools\HICOnline\log\easy_cDLL.log"/>
    <property name="guice.disable.misplaced.annotation.check" value="true"/>
    <property name="HUDSON_SERVER_COOKIE" value="89b90a4f7f45500c"/>
    <property name="JRE_HOME" value="C:\Program Files\Java\jre1.8.0_181\bin"/>
    <property name="MAVEN_HOME" value="C:\Program Files\apache-maven-3.5.2"/>
    <property name="easy_parm5" value="-Dlog4j.configuration=file:///C:\Program Files\MedtechAUEvolution\Bin\Tools\HICOnline\Lib\log4j.properties"/>
    <property name="easy_parm4" value="-Dhttp.proxyPort="/>
    <property name="SESSIONNAME" value="Console"/>
    <property name="easy_parm3" value="-Dhttp.proxyHost="/>
    <property name="easy_parm2" value="-Djava.library.path=C:\Program Files\MedtechAUEvolution\Bin\Tools\HICOnline\Bin;"/>
    <property name="PATHEXT" value=".COM;.EXE;.BAT;.CMD;.VBS;.VBE;.JS;.JSE;.WSF;.WSH;.MSC;.PY;.PYW"/>
    <property name="easy_parm1" value="-Dhiconline.logicpack.dir=C:\Program Files\MedtechAUEvolution\Bin\Tools\HICOnline\LogicPack"/>
    <property name="java.awt.printerjob" value="sun.awt.windows.WPrinterJob"/>
    <property name="maven3.interceptor.common" value="C:\Users\nganeshbabu\.jenkins\plugins\maven-plugin\WEB-INF\lib\maven3-interceptor-commons-1.13.jar"/>
    <property name="CLASSPATH" value=""/>
    <property name="HOMEPATH" value="\Users\nganeshbabu"/>
    <property name="os.name" value="Windows 7"/>
    <property name="java.specification.vendor" value="Oracle Corporation"/>
    <property name="java.vm.name" value="Java HotSpot(TM) 64-Bit Server VM"/>
    <property name="BUILD_NUMBER" value="8"/>
    <property name="maven3.interceptor" value="C:\Users\nganeshbabu\.jenkins\plugins\maven-plugin\WEB-INF\lib\maven35-interceptor-1.13.jar"/>
    <property name="java.library.path" value="C:\Program Files\Java\jdk1.8.0_181\bin;C:\Windows\Sun\Java\bin;C:\Windows\system32;C:\Windows;C:\Program Files\apache-maven-3.5.2/bin;C:\Program Files\Java\jdk1.8.0_181/bin;C:\Program Files\Java\jdk1.8.0_181/bin;D:\Scripts\;D:\;C:\Windows\system32;C:\Windows;C:\Windows\System32\Wbem;C:\Windows\System32\WindowsPowerShell\v1.0\;C:\Program Files\TortoiseSVN\bin;C:\MT32_AU\Bin\Tools\HICOnline;C:\MT32_AU\Bin\Tools\HICOnline\Bin;C:\MT32_AU\Bin\Tools\HICOnline\Lib;C:\MT32_AU\Bin\Tools\HICOnline\LogicPack;C:\Program Files (x86)\Windows Kits\8.1\Windows Performance Toolkit\;C:\Program Files (x86)\Windows Kits\10\Windows Performance Toolkit\C:\Users\v-codoid\AppData\Local\Programs\Python\Python36-32\Lib\;C:\Program Files\MedtechAUEvolution\Bin\Tools\HICOnline;C:\Program Files\MedtechAUEvolution\Bin\Tools\HICOnline\Bin;C:\Program Files\MedtechAUEvolution\Bin\Tools\HICOnline\Lib;C:\Program Files\MedtechAUEvolution\Bin\Tools\HICOnline\LogicPack;C:\Program Files\Java\jdk1.8.0_181\bin;C:\Program Files\Git\cmd;C:\Program Files\apache-maven-3.5.2\bin;C:\Program Files\apache-ant-1.10.7\bin;;."/>
    <property name="HOMEDRIVE" value="C:"/>
    <property name="POM_GROUPID" value="com.evolution"/>
    <property name="POM_ARTIFACTID" value="framework"/>
    <property name="java.class.version" value="52.0"/>
    <property name="JOB_URL" value="http://localhost:8080/job/MMH-AU/"/>
    <property name="ANT_HOME" value="C:\Program Files\apache-ant-1.10.7\bin"/>
    <property name="OneDrive" value="C:\Users\nganeshbabu\OneDrive"/>
    <property name="RUN_DISPLAY_URL" value="http://localhost:8080/job/MMH-AU/8/display/redirect"/>
    <property name="JENKINS_HOME" value="C:\Users\nganeshbabu\.jenkins"/>
    <property name="BUILD_ID" value="8"/>
    <property name="TEMP" value="C:\Users\NGANES~2\AppData\Local\Temp"/>
    <property name="sun.boot.library.path" value="C:\Program Files\Java\jdk1.8.0_181\jre\bin"/>
    <property name="sun.management.compiler" value="HotSpot 64-Bit Tiered Compilers"/>
    <property name="java.awt.graphicsenv" value="sun.awt.Win32GraphicsEnvironment"/>
    <property name="user.variant" value=""/>
    <property name="PROCESSOR_REVISION" value="2505"/>
    <property name="POM_VERSION" value="0.0.1-SNAPSHOT"/>
    <property name="HUDSON_HOME" value="C:\Users\nganeshbabu\.jenkins"/>
    <property name="ProgramFiles(x86)" value="C:\Program Files (x86)"/>
    <property name="PATH+MAVEN" value="C:\Program Files\apache-maven-3.5.2/bin"/>
    <property name="PROMPT" value="$P$G"/>
    <property name="java.vm.specification.version" value="1.8"/>
    <property name="JAVA_HOME" value="C:\Program Files\Java\jdk1.8.0_181"/>
    <property name="awt.toolkit" value="sun.awt.windows.WToolkit"/>
    <property name="NODE_LABELS" value="master"/>
    <property name="sun.cpu.isalist" value="amd64"/>
    <property name="USERPROFILE" value="C:\Users\nganeshbabu"/>
    <property name="JOB_DISPLAY_URL" value="http://localhost:8080/job/MMH-AU/display/redirect"/>
    <property name="java.ext.dirs" value="C:\Program Files\Java\jdk1.8.0_181\jre\lib\ext;C:\Windows\Sun\Java\lib\ext"/>
    <property name="os.version" value="6.1"/>
    <property name="user.home" value="C:\Users\nganeshbabu"/>
    <property name="USERNAME" value="nganeshbabu"/>
    <property name="java.vm.vendor" value="Oracle Corporation"/>
    <property name="PROCESSOR_LEVEL" value="6"/>
    <property name="USERDNSDOMAIN" value="WIN.INLOGICBIZ.COM"/>
    <property name="CommonProgramW6432" value="C:\Program Files\Common Files"/>
    <property name="user.dir" value="D:\MMH\MMH_Development"/>
    <property name="maven.conf" value="C:\Program Files\apache-maven-3.5.2\conf"/>
    <property name="ProgramW6432" value="C:\Program Files"/>
    <property name="TMP" value="C:\Users\NGANES~2\AppData\Local\Temp"/>
    <property name="UATDATA" value="C:\Windows\CCM\UATData\D9F8C395-CAB8-491d-B8AC-179A1FE1BE77"/>
    <property name="sun.cpu.endian" value="little"/>
    <property name="SystemDrive" value="C:"/>
    <property name="java.vm.version" value="25.181-b13"/>
    <property name="java.class.path" value="C:\Users\nganeshbabu\.jenkins\plugins\maven-plugin\WEB-INF\lib\maven35-agent-1.13.jar;C:\Program Files\apache-maven-3.5.2\boot\plexus-classworlds-2.5.2.jar;C:\Program Files\apache-maven-3.5.2/conf/logging"/>
    <property name="org.slf4j.simpleLogger.defaultLogLevel" value="info"/>
    <property name="os.arch" value="amd64"/>
    <property name="WORKSPACE" value="D:\MMH\MMH_Development"/>
    <property name="ComSpec" value="C:\Windows\system32\cmd.exe"/>
    <property name="sun.java.launcher" value="SUN_STANDARD"/>
    <property name="SystemRoot" value="C:\Windows"/>
    <property name="module" value="SmokeModule"/>
    <property name="CommonProgramFiles" value="C:\Program Files\Common Files"/>
    <property name="java.vm.specification.vendor" value="Oracle Corporation"/>
    <property name="file.separator" value="\"/>
    <property name="java.runtime.version" value="1.8.0_181-b13"/>
    <property name="ProgramFiles" value="C:\Program Files"/>
    <property name="sun.boot.class.path" value="C:\Program Files\Java\jdk1.8.0_181\jre\lib\resources.jar;C:\Program Files\Java\jdk1.8.0_181\jre\lib\rt.jar;C:\Program Files\Java\jdk1.8.0_181\jre\lib\sunrsasign.jar;C:\Program Files\Java\jdk1.8.0_181\jre\lib\jsse.jar;C:\Program Files\Java\jdk1.8.0_181\jre\lib\jce.jar;C:\Program Files\Java\jdk1.8.0_181\jre\lib\charsets.jar;C:\Program Files\Java\jdk1.8.0_181\jre\lib\jfr.jar;C:\Program Files\Java\jdk1.8.0_181\jre\classes"/>
    <property name="PATH+JDK" value="C:\Program Files\Java\jdk1.8.0_181/bin"/>
    <property name="user.country" value="NZ"/>
    <property name="POM_PACKAGING" value="pom"/>
    <property name="maven.home" value="C:\Program Files\apache-maven-3.5.2"/>
    <property name="JOB_BASE_NAME" value="MMH-AU"/>
    <property name="java.vendor" value="Oracle Corporation"/>
    <property name="POM_DISPLAYNAME" value="framework"/>
    <property name="java.specification.version" value="1.8"/>
    <property name="sun.arch.data.model" value="64"/>
  </properties>
  <testcase classname="| DP:LOGIN.PROVIDERNAME | DP:LOGIN.PROVIDERPASSWORD | DP:EMERGENCYCONTACTS.FIRSTNAME | DP:EMERGENCYCONTACTS.MOBILEPHONE | DP:EMERGENCYCONTACTS.RELATIONSHIP | DP:EMERGENCYCONTACTS.LASTNAME |" name="Given I am on manage my health home page" time="0"/>
  <testcase classname="| DP:LOGIN.PROVIDERNAME | DP:LOGIN.PROVIDERPASSWORD | DP:EMERGENCYCONTACTS.FIRSTNAME | DP:EMERGENCYCONTACTS.MOBILEPHONE | DP:EMERGENCYCONTACTS.RELATIONSHIP | DP:EMERGENCYCONTACTS.LASTNAME |" name="And I Enter DP:LOGIN.PROVIDERNAME\u002C DP:LOGIN.PROVIDERPASSWORD valid credentials in Manage my health page" time="0"/>
  <testcase classname="| DP:LOGIN.PROVIDERNAME | DP:LOGIN.PROVIDERPASSWORD | DP:EMERGENCYCONTACTS.FIRSTNAME | DP:EMERGENCYCONTACTS.MOBILEPHONE | DP:EMERGENCYCONTACTS.RELATIONSHIP | DP:EMERGENCYCONTACTS.LASTNAME |" name="And I click Login button" time="0"/>
  <testcase classname="| DP:LOGIN.PROVIDERNAME | DP:LOGIN.PROVIDERPASSWORD | DP:EMERGENCYCONTACTS.FIRSTNAME | DP:EMERGENCYCONTACTS.MOBILEPHONE | DP:EMERGENCYCONTACTS.RELATIONSHIP | DP:EMERGENCYCONTACTS.LASTNAME |" name="And I Click My Account Main Menu" time="0"/>
  <testcase classname="| DP:LOGIN.PROVIDERNAME | DP:LOGIN.PROVIDERPASSWORD | DP:EMERGENCYCONTACTS.FIRSTNAME | DP:EMERGENCYCONTACTS.MOBILEPHONE | DP:EMERGENCYCONTACTS.RELATIONSHIP | DP:EMERGENCYCONTACTS.LASTNAME |" name="When I click Emergency Contacts Tab" time="0"/>
  <testcase classname="| DP:LOGIN.PROVIDERNAME | DP:LOGIN.PROVIDERPASSWORD | DP:EMERGENCYCONTACTS.FIRSTNAME | DP:EMERGENCYCONTACTS.MOBILEPHONE | DP:EMERGENCYCONTACTS.RELATIONSHIP | DP:EMERGENCYCONTACTS.LASTNAME |" name="Then Emergeny Contacts tab opened" time="0"/>
  <testcase classname="| DP:LOGIN.PROVIDERNAME | DP:LOGIN.PROVIDERPASSWORD | DP:EMERGENCYCONTACTS.FIRSTNAME | DP:EMERGENCYCONTACTS.MOBILEPHONE | DP:EMERGENCYCONTACTS.RELATIONSHIP | DP:EMERGENCYCONTACTS.LASTNAME |" name="And click Add icon the Emergency contact Tab" time="0"/>
  <testcase classname="| DP:LOGIN.PROVIDERNAME | DP:LOGIN.PROVIDERPASSWORD | DP:EMERGENCYCONTACTS.FIRSTNAME | DP:EMERGENCYCONTACTS.MOBILEPHONE | DP:EMERGENCYCONTACTS.RELATIONSHIP | DP:EMERGENCYCONTACTS.LASTNAME |" name="And Enter the required details in the Emergency contacts tab: DP:EMERGENCYCONTACTS.FIRSTNAME\u002C DP:EMERGENCYCONTACTS.MOBILEPHONE\u002C DP:EMERGENCYCONTACTS.RELATIONSHIP\u002C DP:EMERGENCYCONTACTS.LASTNAME" time="0.001"/>
  <testcase classname="| DP:LOGIN.PROVIDERNAME | DP:LOGIN.PROVIDERPASSWORD | DP:EMERGENCYCONTACTS.FIRSTNAME | DP:EMERGENCYCONTACTS.MOBILEPHONE | DP:EMERGENCYCONTACTS.RELATIONSHIP | DP:EMERGENCYCONTACTS.LASTNAME |" name="Then I should see added emergency contacts in the Emergency Contacts tab" time="0"/>
  <testcase classname="| DP:LOGIN.PROVIDERNAME | DP:LOGIN.PROVIDERPASSWORD | DP:EMERGENCYCONTACTS.FIRSTNAME | DP:EMERGENCYCONTACTS.MOBILEPHONE | DP:EMERGENCYCONTACTS.RELATIONSHIP | DP:EMERGENCYCONTACTS.LASTNAME |" name="And Delete the Emergency Contacts" time="0.001"/>
  <testcase classname="| DP:LOGIN.PROVIDERNAME | DP:LOGIN.PROVIDERPASSWORD | DP:EMERGENCYCONTACTS.FIRSTNAME | DP:EMERGENCYCONTACTS.MOBILEPHONE | DP:EMERGENCYCONTACTS.RELATIONSHIP | DP:EMERGENCYCONTACTS.LASTNAME |" name="And I click Logout button" time="0"/>
  <testcase classname="| DP:LOGIN.PROVIDERNAME | DP:LOGIN.PROVIDERPASSWORD | DP:EMERGENCYCONTACTS.FIRSTNAME | DP:EMERGENCYCONTACTS.MOBILEPHONE | DP:EMERGENCYCONTACTS.RELATIONSHIP | DP:EMERGENCYCONTACTS.LASTNAME |" name="| DP:LOGIN.PROVIDERNAME | DP:LOGIN.PROVIDERPASSWORD | DP:EMERGENCYCONTACTS.FIRSTNAME | DP:EMERGENCYCONTACTS.MOBILEPHONE | DP:EMERGENCYCONTACTS.RELATIONSHIP | DP:EMERGENCYCONTACTS.LASTNAME |" time="0.009"/>
</testsuite>