<?xml version="1.0" encoding="UTF-8" ?>
<testsuite tests="654" failures="0" name="cengage.samlms.cukes.LMSStories3CukesTest" time="4,348.088" errors="0" skipped="0">
  <properties>
    <property name="java.vendor" value="Oracle Corporation"/>
    <property name="JOB_NAME" value="LMS Stories Module 3"/>
    <property name="username" value="super_T2074726@sam.com"/>
    <property name="sun.java.launcher" value="SUN_STANDARD"/>
    <property name="NUMBER_OF_PROCESSORS" value="4"/>
    <property name="sun.management.compiler" value="HotSpot 64-Bit Tiered Compilers"/>
    <property name="JENKINS_HOME" value="C:\Users\CODOID-PC1\.jenkins"/>
    <property name="HUDSON_SERVER_COOKIE" value="c18caf217400819f"/>
    <property name="POM_ARTIFACTID" value="framework"/>
    <property name="os.name" value="Windows 8.1"/>
    <property name="sun.boot.class.path" value="C:\Program Files\Java\jdk1.8.0_91\jre\lib\resources.jar;C:\Program Files\Java\jdk1.8.0_91\jre\lib\rt.jar;C:\Program Files\Java\jdk1.8.0_91\jre\lib\sunrsasign.jar;C:\Program Files\Java\jdk1.8.0_91\jre\lib\jsse.jar;C:\Program Files\Java\jdk1.8.0_91\jre\lib\jce.jar;C:\Program Files\Java\jdk1.8.0_91\jre\lib\charsets.jar;C:\Program Files\Java\jdk1.8.0_91\jre\lib\jfr.jar;C:\Program Files\Java\jdk1.8.0_91\jre\classes"/>
    <property name="EXECUTOR_NUMBER" value="1"/>
    <property name="sun.desktop" value="windows"/>
    <property name="PATHEXT" value=".COM;.EXE;.BAT;.CMD;.VBS;.VBE;.JS;.JSE;.WSF;.WSH;.MSC"/>
    <property name="java.vm.specification.vendor" value="Oracle Corporation"/>
    <property name="POM_DISPLAYNAME" value="framework"/>
    <property name="NODE_LABELS" value="master"/>
    <property name="TEMP" value="C:\Users\CODOID~1\AppData\Local\Temp"/>
    <property name="java.runtime.version" value="1.8.0_91-b15"/>
    <property name="user.name" value="CODOID-PC1"/>
    <property name="guice.disable.misplaced.annotation.check" value="true"/>
    <property name="CommonProgramW6432" value="C:\Program Files\Common Files"/>
    <property name="ProgramFiles" value="C:\Program Files"/>
    <property name="PROMPT" value="$P$G"/>
    <property name="user.language" value="en"/>
    <property name="BUILD_DISPLAY_NAME" value="#35"/>
    <property name="sun.boot.library.path" value="C:\Program Files\Java\jdk1.8.0_91\jre\bin"/>
    <property name="LOCALAPPDATA" value="C:\Users\CODOID-PC1\AppData\Local"/>
    <property name="java.version" value="1.8.0_91"/>
    <property name="PROCESSOR_LEVEL" value="6"/>
    <property name="user.timezone" value="Asia/Calcutta"/>
    <property name="USERNAME" value="CODOID-PC1"/>
    <property name="sun.arch.data.model" value="64"/>
    <property name="NODE_NAME" value="master"/>
    <property name="java.endorsed.dirs" value="C:\Program Files\Java\jdk1.8.0_91\jre\lib\endorsed"/>
    <property name="BUILD_ID" value="35"/>
    <property name="sun.cpu.isalist" value="amd64"/>
    <property name="sun.jnu.encoding" value="Cp1252"/>
    <property name="file.encoding.pkg" value="sun.io"/>
    <property name="file.separator" value="\"/>
    <property name="java.specification.name" value="Java Platform API Specification"/>
    <property name="HOMEDRIVE" value="C:"/>
    <property name="env" value="QA4"/>
    <property name="ikey" value="T2074726"/>
    <property name="java.class.version" value="52.0"/>
    <property name="org.slf4j.simpleLogger.defaultLogLevel" value="info"/>
    <property name="user.country" value="US"/>
    <property name="ALLUSERSPROFILE" value="C:\ProgramData"/>
    <property name="java.home" value="C:\Program Files\Java\jdk1.8.0_91\jre"/>
    <property name="java.vm.info" value="mixed mode"/>
    <property name="os.version" value="6.3"/>
    <property name="POM_VERSION" value="0.0.1-SNAPSHOT"/>
    <property name="TMP" value="C:\Users\CODOID~1\AppData\Local\Temp"/>
    <property name="path.separator" value=";"/>
    <property name="java.vm.version" value="25.91-b15"/>
    <property name="user.variant" value=""/>
    <property name="CommonProgramFiles(x86)" value="C:\Program Files (x86)\Common Files"/>
    <property name="USERDOMAIN_ROAMINGPROFILE" value="CODOID"/>
    <property name="java.awt.printerjob" value="sun.awt.windows.WPrinterJob"/>
    <property name="FP_NO_HOST_CHECK" value="NO"/>
    <property name="JAVA_HOME" value="C:\Program Files\Java\jdk1.8.0_91"/>
    <property name="sun.io.unicode.encoding" value="UnicodeLittle"/>
    <property name="CommonProgramFiles" value="C:\Program Files\Common Files"/>
    <property name="ComSpec" value="C:\Windows\system32\cmd.exe"/>
    <property name="HOMEPATH" value="\Users\CODOID-PC1"/>
    <property name="awt.toolkit" value="sun.awt.windows.WToolkit"/>
    <property name="POM_PACKAGING" value="pom"/>
    <property name="COMPUTERNAME" value="CODOID"/>
    <property name="user.script" value=""/>
    <property name="VBOX_MSI_INSTALL_PATH" value="C:\Program Files\Oracle\VirtualBox\"/>
    <property name="POM_GROUPID" value="com.codoid"/>
    <property name="user.home" value="C:\Users\CODOID-PC1"/>
    <property name="PUBLIC" value="C:\Users\Public"/>
    <property name="BUILD_TAG" value="jenkins-LMS Stories Module 3-35"/>
    <property name="JENKINS_SERVER_COOKIE" value="c18caf217400819f"/>
    <property name="HUDSON_URL" value="http://localhost:8080/"/>
    <property name="ProgramData" value="C:\ProgramData"/>
    <property name="java.specification.vendor" value="Oracle Corporation"/>
    <property name="USERPROFILE" value="C:\Users\CODOID-PC1"/>
    <property name="CLASSPATH" value=""/>
    <property name="java.vendor.url" value="http://java.oracle.com/"/>
    <property name="java.library.path" value="C:\Program Files\Java\jdk1.8.0_91\bin;C:\Windows\Sun\Java\bin;C:\Windows\system32;C:\Windows;C:\Program Files\apache-maven-3.3.9/bin;C:\Program Files\Java\jdk1.8.0_91/bin;C:\Program Files\Java\jdk1.8.0_91/bin;C:\ProgramData\Oracle\Java\javapath;C:\Windows\system32;C:\Windows;C:\Windows\System32\Wbem;C:\Windows\System32\WindowsPowerShell\v1.0\;C:\Program Files\Java\jdk1.8.0_91\bin;C:\Program Files\apache-maven-3.3.9\bin;C:\Program Files (x86)\Skype\Phone\;C:\Program Files\nodejs;C:\Users\CODOID-PC1\AppData\Roaming\npm;."/>
    <property name="java.vm.vendor" value="Oracle Corporation"/>
    <property name="APPDATA" value="C:\Users\CODOID-PC1\AppData\Roaming"/>
    <property name="java.runtime.name" value="Java(TM) SE Runtime Environment"/>
    <property name="maven.home" value="C:\Program Files\apache-maven-3.3.9"/>
    <property name="java.class.path" value="C:\Users\CODOID-PC1\.jenkins\plugins\maven-plugin\WEB-INF\lib\maven31-agent-1.5.jar;C:\Program Files\apache-maven-3.3.9\boot\plexus-classworlds-2.5.2.jar;C:\Program Files\apache-maven-3.3.9/conf/logging"/>
    <property name="sun.java.command" value="jenkins.maven3.agent.Maven31Main C:\Program Files\apache-maven-3.3.9 C:\Users\CODOID-PC1\.jenkins\war\WEB-INF\lib\remoting-2.49.jar C:\Users\CODOID-PC1\.jenkins\plugins\maven-plugin\WEB-INF\lib\maven31-interceptor-1.5.jar C:\Users\CODOID-PC1\.jenkins\plugins\maven-plugin\WEB-INF\lib\maven3-interceptor-commons-1.5.jar 59001"/>
    <property name="Path" value="C:\Program Files\Java\jdk1.8.0_91/bin;C:\ProgramData\Oracle\Java\javapath;C:\Windows\system32;C:\Windows;C:\Windows\System32\Wbem;C:\Windows\System32\WindowsPowerShell\v1.0\;C:\Program Files\Java\jdk1.8.0_91\bin;C:\Program Files\apache-maven-3.3.9\bin;C:\Program Files (x86)\Skype\Phone\;C:\Program Files\nodejs;C:\Users\CODOID-PC1\AppData\Roaming\npm"/>
    <property name="java.vm.specification.name" value="Java Virtual Machine Specification"/>
    <property name="PROCESSOR_ARCHITECTURE" value="AMD64"/>
    <property name="PATH+JDK" value="C:\Program Files\Java\jdk1.8.0_91/bin"/>
    <property name="PROCESSOR_IDENTIFIER" value="Intel64 Family 6 Model 60 Stepping 3, GenuineIntel"/>
    <property name="SESSIONNAME" value="Console"/>
    <property name="java.vm.specification.version" value="1.8"/>
    <property name="sun.os.patch.level" value=""/>
    <property name="sun.cpu.endian" value="little"/>
    <property name="M2_HOME" value="C:\Program Files\apache-maven-3.3.9"/>
    <property name="java.io.tmpdir" value="C:\Users\CODOID~1\AppData\Local\Temp\"/>
    <property name="OS" value="Windows_NT"/>
    <property name="HUDSON_HOME" value="C:\Users\CODOID-PC1\.jenkins"/>
    <property name="PATH+MAVEN" value="C:\Program Files\apache-maven-3.3.9/bin"/>
    <property name="ProgramFiles(x86)" value="C:\Program Files (x86)"/>
    <property name="BUILD_URL" value="http://localhost:8080/job/LMS%20Stories%20Module%203/35/"/>
    <property name="java.vendor.url.bug" value="http://bugreport.sun.com/bugreport/"/>
    <property name="java.awt.graphicsenv" value="sun.awt.Win32GraphicsEnvironment"/>
    <property name="os.arch" value="amd64"/>
    <property name="SystemRoot" value="C:\Windows"/>
    <property name="java.ext.dirs" value="C:\Program Files\Java\jdk1.8.0_91\jre\lib\ext;C:\Windows\Sun\Java\lib\ext"/>
    <property name="user.dir" value="E:\CE-GIT-SAN\ce-jvm-cucumber"/>
    <property name="JOB_URL" value="http://localhost:8080/job/LMS%20Stories%20Module%203/"/>
    <property name="LOGONSERVER" value="\\CODOID"/>
    <property name="USERDOMAIN" value="CODOID"/>
    <property name="line.separator" value="
"/>
    <property name="MAVEN_HOME" value="C:\Program Files\apache-maven-3.3.9"/>
    <property name="java.vm.name" value="Java HotSpot(TM) 64-Bit Server VM"/>
    <property name="BUILD_NUMBER" value="35"/>
    <property name="JENKINS_URL" value="http://localhost:8080/"/>
    <property name="PROCESSOR_REVISION" value="3c03"/>
    <property name="ProgramW6432" value="C:\Program Files"/>
    <property name="windir" value="C:\Windows"/>
    <property name="=C:" value="C:\Users\CODOID-PC1\Desktop"/>
    <property name="file.encoding" value="Cp1252"/>
    <property name="SystemDrive" value="C:"/>
    <property name="maven3.interceptor" value="C:\Users\CODOID-PC1\.jenkins\plugins\maven-plugin\WEB-INF\lib\maven31-interceptor-1.5.jar"/>
    <property name="WORKSPACE" value="E:\CE-GIT-SAN\ce-jvm-cucumber"/>
    <property name="maven3.interceptor.common" value="C:\Users\CODOID-PC1\.jenkins\plugins\maven-plugin\WEB-INF\lib\maven3-interceptor-commons-1.5.jar"/>
    <property name="java.specification.version" value="1.8"/>
    <property name="PSModulePath" value="C:\Windows\system32\WindowsPowerShell\v1.0\Modules\"/>
    <property name="module" value="LMSStories3"/>
  </properties>
  <testcase classname="| DP:SUPER.USERNAME | Y | DP:SUPER.PASSWORD | Sections | DP:SECTIONS.SECTIONNAME | N | DP:SECTIONS.COURSENAME | DP:SECTIONS.TERM | DP:TEXTBOOK.SERIES | DP:TEXTBOOK.SUBJECT | DP:TEXTBOOK.BOOK |" name="Given As a user I see login page of LMS" time="0"/>
  <testcase classname="| DP:SUPER.USERNAME | Y | DP:SUPER.PASSWORD | Sections | DP:SECTIONS.SECTIONNAME | N | DP:SECTIONS.COURSENAME | DP:SECTIONS.TERM | DP:TEXTBOOK.SERIES | DP:TEXTBOOK.SUBJECT | DP:TEXTBOOK.BOOK |" name="And I enter DP:SUPER.USERNAME N Username in LMS login page" time="0"/>
  <testcase classname="| DP:SUPER.USERNAME | Y | DP:SUPER.PASSWORD | Sections | DP:SECTIONS.SECTIONNAME | N | DP:SECTIONS.COURSENAME | DP:SECTIONS.TERM | DP:TEXTBOOK.SERIES | DP:TEXTBOOK.SUBJECT | DP:TEXTBOOK.BOOK |" name="And I enter DP:SUPER.PASSWORD Password in LMS login page" time="0"/>
  <testcase classname="| DP:SUPER.USERNAME | Y | DP:SUPER.PASSWORD | Sections | DP:SECTIONS.SECTIONNAME | N | DP:SECTIONS.COURSENAME | DP:SECTIONS.TERM | DP:TEXTBOOK.SERIES | DP:TEXTBOOK.SUBJECT | DP:TEXTBOOK.BOOK |" name="And I click on Log In button" time="0"/>
  <testcase classname="| DP:SUPER.USERNAME | Y | DP:SUPER.PASSWORD | Sections | DP:SECTIONS.SECTIONNAME | N | DP:SECTIONS.COURSENAME | DP:SECTIONS.TERM | DP:TEXTBOOK.SERIES | DP:TEXTBOOK.SUBJECT | DP:TEXTBOOK.BOOK |" name="And I see home page of LMS" time="0"/>
  <testcase classname="| DP:SUPER.USERNAME | Y | DP:SUPER.PASSWORD | Sections | DP:SECTIONS.SECTIONNAME | N | DP:SECTIONS.COURSENAME | DP:SECTIONS.TERM | DP:TEXTBOOK.SERIES | DP:TEXTBOOK.SUBJECT | DP:TEXTBOOK.BOOK |" name="And I click on Sections tab" time="0"/>
  <testcase classname="| DP:SUPER.USERNAME | Y | DP:SUPER.PASSWORD | Sections | DP:SECTIONS.SECTIONNAME | N | DP:SECTIONS.COURSENAME | DP:SECTIONS.TERM | DP:TEXTBOOK.SERIES | DP:TEXTBOOK.SUBJECT | DP:TEXTBOOK.BOOK |" name="And I click on Add New button" time="0"/>
  <testcase classname="| DP:SUPER.USERNAME | Y | DP:SUPER.PASSWORD | Sections | DP:SECTIONS.SECTIONNAME | N | DP:SECTIONS.COURSENAME | DP:SECTIONS.TERM | DP:TEXTBOOK.SERIES | DP:TEXTBOOK.SUBJECT | DP:TEXTBOOK.BOOK |" name="And I enter DP:SECTIONS.SECTIONNAME Y in Section Name" time="0"/>
  <testcase classname="| DP:SUPER.USERNAME | Y | DP:SUPER.PASSWORD | Sections | DP:SECTIONS.SECTIONNAME | N | DP:SECTIONS.COURSENAME | DP:SECTIONS.TERM | DP:TEXTBOOK.SERIES | DP:TEXTBOOK.SUBJECT | DP:TEXTBOOK.BOOK |" name="And I enter DP:SECTIONS.COURSENAME in Course Name" time="0"/>
  <testcase classname="| DP:SUPER.USERNAME | Y | DP:SUPER.PASSWORD | Sections | DP:SECTIONS.SECTIONNAME | N | DP:SECTIONS.COURSENAME | DP:SECTIONS.TERM | DP:TEXTBOOK.SERIES | DP:TEXTBOOK.SUBJECT | DP:TEXTBOOK.BOOK |" name="And I enter DP:SECTIONS.TERM in Term" time="0"/>
  <testcase classname="| DP:SUPER.USERNAME | Y | DP:SUPER.PASSWORD | Sections | DP:SECTIONS.SECTIONNAME | N | DP:SECTIONS.COURSENAME | DP:SECTIONS.TERM | DP:TEXTBOOK.SERIES | DP:TEXTBOOK.SUBJECT | DP:TEXTBOOK.BOOK |" name="And I click on Save button" time="0"/>
  <testcase classname="| DP:SUPER.USERNAME | Y | DP:SUPER.PASSWORD | Sections | DP:SECTIONS.SECTIONNAME | N | DP:SECTIONS.COURSENAME | DP:SECTIONS.TERM | DP:TEXTBOOK.SERIES | DP:TEXTBOOK.SUBJECT | DP:TEXTBOOK.BOOK |" name="And I click on OK button in popup" time="0"/>
  <testcase classname="| DP:SUPER.USERNAME | Y | DP:SUPER.PASSWORD | Sections | DP:SECTIONS.SECTIONNAME | N | DP:SECTIONS.COURSENAME | DP:SECTIONS.TERM | DP:TEXTBOOK.SERIES | DP:TEXTBOOK.SUBJECT | DP:TEXTBOOK.BOOK |" name="And I click on text book tab in section page" time="0"/>
  <testcase classname="| DP:SUPER.USERNAME | Y | DP:SUPER.PASSWORD | Sections | DP:SECTIONS.SECTIONNAME | N | DP:SECTIONS.COURSENAME | DP:SECTIONS.TERM | DP:TEXTBOOK.SERIES | DP:TEXTBOOK.SUBJECT | DP:TEXTBOOK.BOOK |" name="And I Click on Available Textbook in textbook tab" time="0"/>
  <testcase classname="| DP:SUPER.USERNAME | Y | DP:SUPER.PASSWORD | Sections | DP:SECTIONS.SECTIONNAME | N | DP:SECTIONS.COURSENAME | DP:SECTIONS.TERM | DP:TEXTBOOK.SERIES | DP:TEXTBOOK.SUBJECT | DP:TEXTBOOK.BOOK |" name="And I select DP:TEXTBOOK.SERIES from Series drop down" time="0"/>
  <testcase classname="| DP:SUPER.USERNAME | Y | DP:SUPER.PASSWORD | Sections | DP:SECTIONS.SECTIONNAME | N | DP:SECTIONS.COURSENAME | DP:SECTIONS.TERM | DP:TEXTBOOK.SERIES | DP:TEXTBOOK.SUBJECT | DP:TEXTBOOK.BOOK |" name="And I select DP:TEXTBOOK.SUBJECT from Subject drop down" time="0"/>
  <testcase classname="| DP:SUPER.USERNAME | Y | DP:SUPER.PASSWORD | Sections | DP:SECTIONS.SECTIONNAME | N | DP:SECTIONS.COURSENAME | DP:SECTIONS.TERM | DP:TEXTBOOK.SERIES | DP:TEXTBOOK.SUBJECT | DP:TEXTBOOK.BOOK |" name="And I Click on DP:TEXTBOOK.BOOK Add Item button" time="0"/>
  <testcase classname="| DP:SUPER.USERNAME | Y | DP:SUPER.PASSWORD | Sections | DP:SECTIONS.SECTIONNAME | N | DP:SECTIONS.COURSENAME | DP:SECTIONS.TERM | DP:TEXTBOOK.SERIES | DP:TEXTBOOK.SUBJECT | DP:TEXTBOOK.BOOK |" name="And I Click on Active Textbooks in textbook tab" time="0"/>
  <testcase classname="| DP:SUPER.USERNAME | Y | DP:SUPER.PASSWORD | Sections | DP:SECTIONS.SECTIONNAME | N | DP:SECTIONS.COURSENAME | DP:SECTIONS.TERM | DP:TEXTBOOK.SERIES | DP:TEXTBOOK.SUBJECT | DP:TEXTBOOK.BOOK |" name="And I Click on Student readings toggle" time="0"/>
  <testcase classname="| DP:SUPER.USERNAME | Y | DP:SUPER.PASSWORD | Sections | DP:SECTIONS.SECTIONNAME | N | DP:SECTIONS.COURSENAME | DP:SECTIONS.TERM | DP:TEXTBOOK.SERIES | DP:TEXTBOOK.SUBJECT | DP:TEXTBOOK.BOOK |" name="When I click on save and close button in section page" time="0"/>
  <testcase classname="| DP:SUPER.USERNAME | Y | DP:SUPER.PASSWORD | Sections | DP:SECTIONS.SECTIONNAME | N | DP:SECTIONS.COURSENAME | DP:SECTIONS.TERM | DP:TEXTBOOK.SERIES | DP:TEXTBOOK.SUBJECT | DP:TEXTBOOK.BOOK |" name="Then I see the created DP:SECTIONS.SECTIONNAME Y in Sections page" time="0"/>
  <testcase classname="| DP:SUPER.USERNAME | Y | DP:SUPER.PASSWORD | Sections | DP:SECTIONS.SECTIONNAME | N | DP:SECTIONS.COURSENAME | DP:SECTIONS.TERM | DP:TEXTBOOK.SERIES | DP:TEXTBOOK.SUBJECT | DP:TEXTBOOK.BOOK |" name="And I click on Logout button" time="0"/>
  <testcase classname="| DP:SUPER.USERNAME | Y | DP:SUPER.PASSWORD | Sections | DP:SECTIONS.SECTIONNAME | N | DP:SECTIONS.COURSENAME | DP:SECTIONS.TERM | DP:TEXTBOOK.SERIES | DP:TEXTBOOK.SUBJECT | DP:TEXTBOOK.BOOK |" name="| DP:SUPER.USERNAME | Y | DP:SUPER.PASSWORD | Sections | DP:SECTIONS.SECTIONNAME | N | DP:SECTIONS.COURSENAME | DP:SECTIONS.TERM | DP:TEXTBOOK.SERIES | DP:TEXTBOOK.SUBJECT | DP:TEXTBOOK.BOOK |" time="0"/>
  <testcase classname="| DP:SUPER.USERNAME | DP:SUPER.PASSWORD | SAM Assignments | DP:TEXTBOOK.SUBJECT | Y | N | Exams | DP:EXAMASSIGNMENTS.EXAMNAME3 | DP:TEXTBOOK.BOOK | DP:TEXTBOOK.CHAPTERS | DP:TEXTBOOK.TASKS | DP:TEXTBOOK.TESTBANKQUESTION |" name="Given As a user I see login page of LMS" time="0"/>
  <testcase classname="| DP:SUPER.USERNAME | DP:SUPER.PASSWORD | SAM Assignments | DP:TEXTBOOK.SUBJECT | Y | N | Exams | DP:EXAMASSIGNMENTS.EXAMNAME3 | DP:TEXTBOOK.BOOK | DP:TEXTBOOK.CHAPTERS | DP:TEXTBOOK.TASKS | DP:TEXTBOOK.TESTBANKQUESTION |" name="And I enter DP:SUPER.USERNAME N Username in LMS login page" time="0"/>
  <testcase classname="| DP:SUPER.USERNAME | DP:SUPER.PASSWORD | SAM Assignments | DP:TEXTBOOK.SUBJECT | Y | N | Exams | DP:EXAMASSIGNMENTS.EXAMNAME3 | DP:TEXTBOOK.BOOK | DP:TEXTBOOK.CHAPTERS | DP:TEXTBOOK.TASKS | DP:TEXTBOOK.TESTBANKQUESTION |" name="And I enter DP:SUPER.PASSWORD Password in LMS login page" time="0"/>
  <testcase classname="| DP:SUPER.USERNAME | DP:SUPER.PASSWORD | SAM Assignments | DP:TEXTBOOK.SUBJECT | Y | N | Exams | DP:EXAMASSIGNMENTS.EXAMNAME3 | DP:TEXTBOOK.BOOK | DP:TEXTBOOK.CHAPTERS | DP:TEXTBOOK.TASKS | DP:TEXTBOOK.TESTBANKQUESTION |" name="And I click on Log In button" time="0"/>
  <testcase classname="| DP:SUPER.USERNAME | DP:SUPER.PASSWORD | SAM Assignments | DP:TEXTBOOK.SUBJECT | Y | N | Exams | DP:EXAMASSIGNMENTS.EXAMNAME3 | DP:TEXTBOOK.BOOK | DP:TEXTBOOK.CHAPTERS | DP:TEXTBOOK.TASKS | DP:TEXTBOOK.TESTBANKQUESTION |" name="And I see home page of LMS" time="0"/>
  <testcase classname="| DP:SUPER.USERNAME | DP:SUPER.PASSWORD | SAM Assignments | DP:TEXTBOOK.SUBJECT | Y | N | Exams | DP:EXAMASSIGNMENTS.EXAMNAME3 | DP:TEXTBOOK.BOOK | DP:TEXTBOOK.CHAPTERS | DP:TEXTBOOK.TASKS | DP:TEXTBOOK.TESTBANKQUESTION |" name="And I click on SAM Assignments tab" time="0"/>
  <testcase classname="| DP:SUPER.USERNAME | DP:SUPER.PASSWORD | SAM Assignments | DP:TEXTBOOK.SUBJECT | Y | N | Exams | DP:EXAMASSIGNMENTS.EXAMNAME3 | DP:TEXTBOOK.BOOK | DP:TEXTBOOK.CHAPTERS | DP:TEXTBOOK.TASKS | DP:TEXTBOOK.TESTBANKQUESTION |" name="And I click on Exams tab" time="0"/>
  <testcase classname="| DP:SUPER.USERNAME | DP:SUPER.PASSWORD | SAM Assignments | DP:TEXTBOOK.SUBJECT | Y | N | Exams | DP:EXAMASSIGNMENTS.EXAMNAME3 | DP:TEXTBOOK.BOOK | DP:TEXTBOOK.CHAPTERS | DP:TEXTBOOK.TASKS | DP:TEXTBOOK.TESTBANKQUESTION |" name="And I click on Add Exam button" time="0"/>
  <testcase classname="| DP:SUPER.USERNAME | DP:SUPER.PASSWORD | SAM Assignments | DP:TEXTBOOK.SUBJECT | Y | N | Exams | DP:EXAMASSIGNMENTS.EXAMNAME3 | DP:TEXTBOOK.BOOK | DP:TEXTBOOK.CHAPTERS | DP:TEXTBOOK.TASKS | DP:TEXTBOOK.TESTBANKQUESTION |" name="And I enter DP:EXAMASSIGNMENTS.EXAMNAME3 Y in Exam Name" time="0"/>
  <testcase classname="| DP:SUPER.USERNAME | DP:SUPER.PASSWORD | SAM Assignments | DP:TEXTBOOK.SUBJECT | Y | N | Exams | DP:EXAMASSIGNMENTS.EXAMNAME3 | DP:TEXTBOOK.BOOK | DP:TEXTBOOK.CHAPTERS | DP:TEXTBOOK.TASKS | DP:TEXTBOOK.TESTBANKQUESTION |" name="And I check Auto-generate companion training" time="0"/>
  <testcase classname="| DP:SUPER.USERNAME | DP:SUPER.PASSWORD | SAM Assignments | DP:TEXTBOOK.SUBJECT | Y | N | Exams | DP:EXAMASSIGNMENTS.EXAMNAME3 | DP:TEXTBOOK.BOOK | DP:TEXTBOOK.CHAPTERS | DP:TEXTBOOK.TASKS | DP:TEXTBOOK.TESTBANKQUESTION |" name="And I click on Next Step button" time="0.001"/>
  <testcase classname="| DP:SUPER.USERNAME | DP:SUPER.PASSWORD | SAM Assignments | DP:TEXTBOOK.SUBJECT | Y | N | Exams | DP:EXAMASSIGNMENTS.EXAMNAME3 | DP:TEXTBOOK.BOOK | DP:TEXTBOOK.CHAPTERS | DP:TEXTBOOK.TASKS | DP:TEXTBOOK.TESTBANKQUESTION |" name="And I check DP:TEXTBOOK.BOOK in Select Textbooks page" time="0"/>
  <testcase classname="| DP:SUPER.USERNAME | DP:SUPER.PASSWORD | SAM Assignments | DP:TEXTBOOK.SUBJECT | Y | N | Exams | DP:EXAMASSIGNMENTS.EXAMNAME3 | DP:TEXTBOOK.BOOK | DP:TEXTBOOK.CHAPTERS | DP:TEXTBOOK.TASKS | DP:TEXTBOOK.TESTBANKQUESTION |" name="And I click on Next Step button" time="0"/>
  <testcase classname="| DP:SUPER.USERNAME | DP:SUPER.PASSWORD | SAM Assignments | DP:TEXTBOOK.SUBJECT | Y | N | Exams | DP:EXAMASSIGNMENTS.EXAMNAME3 | DP:TEXTBOOK.BOOK | DP:TEXTBOOK.CHAPTERS | DP:TEXTBOOK.TASKS | DP:TEXTBOOK.TESTBANKQUESTION |" name="And I check DP:TEXTBOOK.CHAPTERS in Select Chapters" time="0.001"/>
  <testcase classname="| DP:SUPER.USERNAME | DP:SUPER.PASSWORD | SAM Assignments | DP:TEXTBOOK.SUBJECT | Y | N | Exams | DP:EXAMASSIGNMENTS.EXAMNAME3 | DP:TEXTBOOK.BOOK | DP:TEXTBOOK.CHAPTERS | DP:TEXTBOOK.TASKS | DP:TEXTBOOK.TESTBANKQUESTION |" name="And I click on Next Step button" time="0"/>
  <testcase classname="| DP:SUPER.USERNAME | DP:SUPER.PASSWORD | SAM Assignments | DP:TEXTBOOK.SUBJECT | Y | N | Exams | DP:EXAMASSIGNMENTS.EXAMNAME3 | DP:TEXTBOOK.BOOK | DP:TEXTBOOK.CHAPTERS | DP:TEXTBOOK.TASKS | DP:TEXTBOOK.TESTBANKQUESTION |" name="And I check DP:TEXTBOOK.TASKS task" time="0"/>
  <testcase classname="| DP:SUPER.USERNAME | DP:SUPER.PASSWORD | SAM Assignments | DP:TEXTBOOK.SUBJECT | Y | N | Exams | DP:EXAMASSIGNMENTS.EXAMNAME3 | DP:TEXTBOOK.BOOK | DP:TEXTBOOK.CHAPTERS | DP:TEXTBOOK.TASKS | DP:TEXTBOOK.TESTBANKQUESTION |" name="And I click on Testbank Question" time="0"/>
  <testcase classname="| DP:SUPER.USERNAME | DP:SUPER.PASSWORD | SAM Assignments | DP:TEXTBOOK.SUBJECT | Y | N | Exams | DP:EXAMASSIGNMENTS.EXAMNAME3 | DP:TEXTBOOK.BOOK | DP:TEXTBOOK.CHAPTERS | DP:TEXTBOOK.TASKS | DP:TEXTBOOK.TESTBANKQUESTION |" name="And I check DP:TEXTBOOK.TESTBANKQUESTION in Testbank Question" time="0"/>
  <testcase classname="| DP:SUPER.USERNAME | DP:SUPER.PASSWORD | SAM Assignments | DP:TEXTBOOK.SUBJECT | Y | N | Exams | DP:EXAMASSIGNMENTS.EXAMNAME3 | DP:TEXTBOOK.BOOK | DP:TEXTBOOK.CHAPTERS | DP:TEXTBOOK.TASKS | DP:TEXTBOOK.TESTBANKQUESTION |" name="And I click on Save button" time="0"/>
  <testcase classname="| DP:SUPER.USERNAME | DP:SUPER.PASSWORD | SAM Assignments | DP:TEXTBOOK.SUBJECT | Y | N | Exams | DP:EXAMASSIGNMENTS.EXAMNAME3 | DP:TEXTBOOK.BOOK | DP:TEXTBOOK.CHAPTERS | DP:TEXTBOOK.TASKS | DP:TEXTBOOK.TESTBANKQUESTION |" name="And I click on Schedule button in pop-up" time="0"/>
  <testcase classname="| DP:SUPER.USERNAME | DP:SUPER.PASSWORD | SAM Assignments | DP:TEXTBOOK.SUBJECT | Y | N | Exams | DP:EXAMASSIGNMENTS.EXAMNAME3 | DP:TEXTBOOK.BOOK | DP:TEXTBOOK.CHAPTERS | DP:TEXTBOOK.TASKS | DP:TEXTBOOK.TESTBANKQUESTION |" name="And I see Display Section Auto selected" time="0"/>
  <testcase classname="| DP:SUPER.USERNAME | DP:SUPER.PASSWORD | SAM Assignments | DP:TEXTBOOK.SUBJECT | Y | N | Exams | DP:EXAMASSIGNMENTS.EXAMNAME3 | DP:TEXTBOOK.BOOK | DP:TEXTBOOK.CHAPTERS | DP:TEXTBOOK.TASKS | DP:TEXTBOOK.TESTBANKQUESTION |" name="And I click on Schedule button" time="0"/>
  <testcase classname="| DP:SUPER.USERNAME | DP:SUPER.PASSWORD | SAM Assignments | DP:TEXTBOOK.SUBJECT | Y | N | Exams | DP:EXAMASSIGNMENTS.EXAMNAME3 | DP:TEXTBOOK.BOOK | DP:TEXTBOOK.CHAPTERS | DP:TEXTBOOK.TASKS | DP:TEXTBOOK.TESTBANKQUESTION |" name="And I click on X icon" time="0"/>
  <testcase classname="| DP:SUPER.USERNAME | DP:SUPER.PASSWORD | SAM Assignments | DP:TEXTBOOK.SUBJECT | Y | N | Exams | DP:EXAMASSIGNMENTS.EXAMNAME3 | DP:TEXTBOOK.BOOK | DP:TEXTBOOK.CHAPTERS | DP:TEXTBOOK.TASKS | DP:TEXTBOOK.TESTBANKQUESTION |" name="And I click on SAM Assignments tab" time="0"/>
  <testcase classname="| DP:SUPER.USERNAME | DP:SUPER.PASSWORD | SAM Assignments | DP:TEXTBOOK.SUBJECT | Y | N | Exams | DP:EXAMASSIGNMENTS.EXAMNAME3 | DP:TEXTBOOK.BOOK | DP:TEXTBOOK.CHAPTERS | DP:TEXTBOOK.TASKS | DP:TEXTBOOK.TESTBANKQUESTION |" name="And I click on Schedule New button" time="0"/>
  <testcase classname="| DP:SUPER.USERNAME | DP:SUPER.PASSWORD | SAM Assignments | DP:TEXTBOOK.SUBJECT | Y | N | Exams | DP:EXAMASSIGNMENTS.EXAMNAME3 | DP:TEXTBOOK.BOOK | DP:TEXTBOOK.CHAPTERS | DP:TEXTBOOK.TASKS | DP:TEXTBOOK.TESTBANKQUESTION |" name="And I click on Training button in Select Assignment Type page" time="0"/>
  <testcase classname="| DP:SUPER.USERNAME | DP:SUPER.PASSWORD | SAM Assignments | DP:TEXTBOOK.SUBJECT | Y | N | Exams | DP:EXAMASSIGNMENTS.EXAMNAME3 | DP:TEXTBOOK.BOOK | DP:TEXTBOOK.CHAPTERS | DP:TEXTBOOK.TASKS | DP:TEXTBOOK.TESTBANKQUESTION |" name="And I click on Exam button in Select Assignment Type page" time="0"/>
  <testcase classname="| DP:SUPER.USERNAME | DP:SUPER.PASSWORD | SAM Assignments | DP:TEXTBOOK.SUBJECT | Y | N | Exams | DP:EXAMASSIGNMENTS.EXAMNAME3 | DP:TEXTBOOK.BOOK | DP:TEXTBOOK.CHAPTERS | DP:TEXTBOOK.TASKS | DP:TEXTBOOK.TESTBANKQUESTION |" name="And I select DP:TEXTBOOK.SUBJECT in Subject drop down" time="0"/>
  <testcase classname="| DP:SUPER.USERNAME | DP:SUPER.PASSWORD | SAM Assignments | DP:TEXTBOOK.SUBJECT | Y | N | Exams | DP:EXAMASSIGNMENTS.EXAMNAME3 | DP:TEXTBOOK.BOOK | DP:TEXTBOOK.CHAPTERS | DP:TEXTBOOK.TASKS | DP:TEXTBOOK.TESTBANKQUESTION |" name="And I select DP:EXAMASSIGNMENTS.EXAMNAME3 Y in Exam Name" time="0"/>
  <testcase classname="| DP:SUPER.USERNAME | DP:SUPER.PASSWORD | SAM Assignments | DP:TEXTBOOK.SUBJECT | Y | N | Exams | DP:EXAMASSIGNMENTS.EXAMNAME3 | DP:TEXTBOOK.BOOK | DP:TEXTBOOK.CHAPTERS | DP:TEXTBOOK.TASKS | DP:TEXTBOOK.TESTBANKQUESTION |" name="And I click on Next Step button" time="0"/>
  <testcase classname="| DP:SUPER.USERNAME | DP:SUPER.PASSWORD | SAM Assignments | DP:TEXTBOOK.SUBJECT | Y | N | Exams | DP:EXAMASSIGNMENTS.EXAMNAME3 | DP:TEXTBOOK.BOOK | DP:TEXTBOOK.CHAPTERS | DP:TEXTBOOK.TASKS | DP:TEXTBOOK.TESTBANKQUESTION |" name="And I see Display Section Auto selected" time="0"/>
  <testcase classname="| DP:SUPER.USERNAME | DP:SUPER.PASSWORD | SAM Assignments | DP:TEXTBOOK.SUBJECT | Y | N | Exams | DP:EXAMASSIGNMENTS.EXAMNAME3 | DP:TEXTBOOK.BOOK | DP:TEXTBOOK.CHAPTERS | DP:TEXTBOOK.TASKS | DP:TEXTBOOK.TESTBANKQUESTION |" name="And I click on SAM Assignments tab" time="0"/>
  <testcase classname="| DP:SUPER.USERNAME | DP:SUPER.PASSWORD | SAM Assignments | DP:TEXTBOOK.SUBJECT | Y | N | Exams | DP:EXAMASSIGNMENTS.EXAMNAME3 | DP:TEXTBOOK.BOOK | DP:TEXTBOOK.CHAPTERS | DP:TEXTBOOK.TASKS | DP:TEXTBOOK.TESTBANKQUESTION |" name="And I click on Exams tab" time="0"/>
  <testcase classname="| DP:SUPER.USERNAME | DP:SUPER.PASSWORD | SAM Assignments | DP:TEXTBOOK.SUBJECT | Y | N | Exams | DP:EXAMASSIGNMENTS.EXAMNAME3 | DP:TEXTBOOK.BOOK | DP:TEXTBOOK.CHAPTERS | DP:TEXTBOOK.TASKS | DP:TEXTBOOK.TESTBANKQUESTION |" name="And I see DP:EXAMASSIGNMENTS.EXAMNAME3 Y in Exams page" time="0"/>
  <testcase classname="| DP:SUPER.USERNAME | DP:SUPER.PASSWORD | SAM Assignments | DP:TEXTBOOK.SUBJECT | Y | N | Exams | DP:EXAMASSIGNMENTS.EXAMNAME3 | DP:TEXTBOOK.BOOK | DP:TEXTBOOK.CHAPTERS | DP:TEXTBOOK.TASKS | DP:TEXTBOOK.TESTBANKQUESTION |" name="And I click on DP:EXAMASSIGNMENTS.EXAMNAME3 Y Schedule icon" time="0"/>
  <testcase classname="| DP:SUPER.USERNAME | DP:SUPER.PASSWORD | SAM Assignments | DP:TEXTBOOK.SUBJECT | Y | N | Exams | DP:EXAMASSIGNMENTS.EXAMNAME3 | DP:TEXTBOOK.BOOK | DP:TEXTBOOK.CHAPTERS | DP:TEXTBOOK.TASKS | DP:TEXTBOOK.TESTBANKQUESTION |" name="And I see Display Section Auto selected" time="0"/>
  <testcase classname="| DP:SUPER.USERNAME | DP:SUPER.PASSWORD | SAM Assignments | DP:TEXTBOOK.SUBJECT | Y | N | Exams | DP:EXAMASSIGNMENTS.EXAMNAME3 | DP:TEXTBOOK.BOOK | DP:TEXTBOOK.CHAPTERS | DP:TEXTBOOK.TASKS | DP:TEXTBOOK.TESTBANKQUESTION |" name="And I click on SAM Assignments tab" time="0"/>
  <testcase classname="| DP:SUPER.USERNAME | DP:SUPER.PASSWORD | SAM Assignments | DP:TEXTBOOK.SUBJECT | Y | N | Exams | DP:EXAMASSIGNMENTS.EXAMNAME3 | DP:TEXTBOOK.BOOK | DP:TEXTBOOK.CHAPTERS | DP:TEXTBOOK.TASKS | DP:TEXTBOOK.TESTBANKQUESTION |" name="And I click on Exams tab" time="0"/>
  <testcase classname="| DP:SUPER.USERNAME | DP:SUPER.PASSWORD | SAM Assignments | DP:TEXTBOOK.SUBJECT | Y | N | Exams | DP:EXAMASSIGNMENTS.EXAMNAME3 | DP:TEXTBOOK.BOOK | DP:TEXTBOOK.CHAPTERS | DP:TEXTBOOK.TASKS | DP:TEXTBOOK.TESTBANKQUESTION |" name="And I see DP:EXAMASSIGNMENTS.EXAMNAME3 Y in Exams page" time="0"/>
  <testcase classname="| DP:SUPER.USERNAME | DP:SUPER.PASSWORD | SAM Assignments | DP:TEXTBOOK.SUBJECT | Y | N | Exams | DP:EXAMASSIGNMENTS.EXAMNAME3 | DP:TEXTBOOK.BOOK | DP:TEXTBOOK.CHAPTERS | DP:TEXTBOOK.TASKS | DP:TEXTBOOK.TESTBANKQUESTION |" name="When I click on Schedule Individual Student Assignment icon" time="0.001"/>
  <testcase classname="| DP:SUPER.USERNAME | DP:SUPER.PASSWORD | SAM Assignments | DP:TEXTBOOK.SUBJECT | Y | N | Exams | DP:EXAMASSIGNMENTS.EXAMNAME3 | DP:TEXTBOOK.BOOK | DP:TEXTBOOK.CHAPTERS | DP:TEXTBOOK.TASKS | DP:TEXTBOOK.TESTBANKQUESTION |" name="Then I see Display Section Auto selected in ISA Scheduling" time="0"/>
  <testcase classname="| DP:SUPER.USERNAME | DP:SUPER.PASSWORD | SAM Assignments | DP:TEXTBOOK.SUBJECT | Y | N | Exams | DP:EXAMASSIGNMENTS.EXAMNAME3 | DP:TEXTBOOK.BOOK | DP:TEXTBOOK.CHAPTERS | DP:TEXTBOOK.TASKS | DP:TEXTBOOK.TESTBANKQUESTION |" name="And I click on Logout button" time="0"/>
  <testcase classname="| DP:SUPER.USERNAME | DP:SUPER.PASSWORD | SAM Assignments | DP:TEXTBOOK.SUBJECT | Y | N | Exams | DP:EXAMASSIGNMENTS.EXAMNAME3 | DP:TEXTBOOK.BOOK | DP:TEXTBOOK.CHAPTERS | DP:TEXTBOOK.TASKS | DP:TEXTBOOK.TESTBANKQUESTION |" name="| DP:SUPER.USERNAME | DP:SUPER.PASSWORD | SAM Assignments | DP:TEXTBOOK.SUBJECT | Y | N | Exams | DP:EXAMASSIGNMENTS.EXAMNAME3 | DP:TEXTBOOK.BOOK | DP:TEXTBOOK.CHAPTERS | DP:TEXTBOOK.TASKS | DP:TEXTBOOK.TESTBANKQUESTION |" time="0.001"/>
  <testcase classname="| DP:SUPER.USERNAME | DP:SUPER.PASSWORD | DP:TEXTBOOK.SUBJECT | DP:TRAININGASSIGNMENTS.TRAININGEDITNAME1 | SAM Assignments | Y | N | Training | DP:TEXTBOOK.BOOK | DP:TEXTBOOK.CHAPTERS | DP:TEXTBOOK.TASKS |" name="Given As a user I see login page of LMS" time="0"/>
  <testcase classname="| DP:SUPER.USERNAME | DP:SUPER.PASSWORD | DP:TEXTBOOK.SUBJECT | DP:TRAININGASSIGNMENTS.TRAININGEDITNAME1 | SAM Assignments | Y | N | Training | DP:TEXTBOOK.BOOK | DP:TEXTBOOK.CHAPTERS | DP:TEXTBOOK.TASKS |" name="And I enter DP:SUPER.USERNAME N Username in LMS login page" time="0"/>
  <testcase classname="| DP:SUPER.USERNAME | DP:SUPER.PASSWORD | DP:TEXTBOOK.SUBJECT | DP:TRAININGASSIGNMENTS.TRAININGEDITNAME1 | SAM Assignments | Y | N | Training | DP:TEXTBOOK.BOOK | DP:TEXTBOOK.CHAPTERS | DP:TEXTBOOK.TASKS |" name="And I enter DP:SUPER.PASSWORD Password in LMS login page" time="0"/>
  <testcase classname="| DP:SUPER.USERNAME | DP:SUPER.PASSWORD | DP:TEXTBOOK.SUBJECT | DP:TRAININGASSIGNMENTS.TRAININGEDITNAME1 | SAM Assignments | Y | N | Training | DP:TEXTBOOK.BOOK | DP:TEXTBOOK.CHAPTERS | DP:TEXTBOOK.TASKS |" name="And I click on Log In button" time="0"/>
  <testcase classname="| DP:SUPER.USERNAME | DP:SUPER.PASSWORD | DP:TEXTBOOK.SUBJECT | DP:TRAININGASSIGNMENTS.TRAININGEDITNAME1 | SAM Assignments | Y | N | Training | DP:TEXTBOOK.BOOK | DP:TEXTBOOK.CHAPTERS | DP:TEXTBOOK.TASKS |" name="And I see home page of LMS" time="0"/>
  <testcase classname="| DP:SUPER.USERNAME | DP:SUPER.PASSWORD | DP:TEXTBOOK.SUBJECT | DP:TRAININGASSIGNMENTS.TRAININGEDITNAME1 | SAM Assignments | Y | N | Training | DP:TEXTBOOK.BOOK | DP:TEXTBOOK.CHAPTERS | DP:TEXTBOOK.TASKS |" name="And I click on SAM Assignments tab" time="0"/>
  <testcase classname="| DP:SUPER.USERNAME | DP:SUPER.PASSWORD | DP:TEXTBOOK.SUBJECT | DP:TRAININGASSIGNMENTS.TRAININGEDITNAME1 | SAM Assignments | Y | N | Training | DP:TEXTBOOK.BOOK | DP:TEXTBOOK.CHAPTERS | DP:TEXTBOOK.TASKS |" name="And I click on Training tab" time="0"/>
  <testcase classname="| DP:SUPER.USERNAME | DP:SUPER.PASSWORD | DP:TEXTBOOK.SUBJECT | DP:TRAININGASSIGNMENTS.TRAININGEDITNAME1 | SAM Assignments | Y | N | Training | DP:TEXTBOOK.BOOK | DP:TEXTBOOK.CHAPTERS | DP:TEXTBOOK.TASKS |" name="And I click on Add Training button" time="0"/>
  <testcase classname="| DP:SUPER.USERNAME | DP:SUPER.PASSWORD | DP:TEXTBOOK.SUBJECT | DP:TRAININGASSIGNMENTS.TRAININGEDITNAME1 | SAM Assignments | Y | N | Training | DP:TEXTBOOK.BOOK | DP:TEXTBOOK.CHAPTERS | DP:TEXTBOOK.TASKS |" name="And I enter DP:TRAININGASSIGNMENTS.TRAININGEDITNAME1 Y in Training Name" time="0"/>
  <testcase classname="| DP:SUPER.USERNAME | DP:SUPER.PASSWORD | DP:TEXTBOOK.SUBJECT | DP:TRAININGASSIGNMENTS.TRAININGEDITNAME1 | SAM Assignments | Y | N | Training | DP:TEXTBOOK.BOOK | DP:TEXTBOOK.CHAPTERS | DP:TEXTBOOK.TASKS |" name="And I check on Auto-generate companion exam" time="0"/>
  <testcase classname="| DP:SUPER.USERNAME | DP:SUPER.PASSWORD | DP:TEXTBOOK.SUBJECT | DP:TRAININGASSIGNMENTS.TRAININGEDITNAME1 | SAM Assignments | Y | N | Training | DP:TEXTBOOK.BOOK | DP:TEXTBOOK.CHAPTERS | DP:TEXTBOOK.TASKS |" name="And I click on Next Step button" time="0"/>
  <testcase classname="| DP:SUPER.USERNAME | DP:SUPER.PASSWORD | DP:TEXTBOOK.SUBJECT | DP:TRAININGASSIGNMENTS.TRAININGEDITNAME1 | SAM Assignments | Y | N | Training | DP:TEXTBOOK.BOOK | DP:TEXTBOOK.CHAPTERS | DP:TEXTBOOK.TASKS |" name="And I check DP:TEXTBOOK.BOOK in Select Textbooks page" time="0"/>
  <testcase classname="| DP:SUPER.USERNAME | DP:SUPER.PASSWORD | DP:TEXTBOOK.SUBJECT | DP:TRAININGASSIGNMENTS.TRAININGEDITNAME1 | SAM Assignments | Y | N | Training | DP:TEXTBOOK.BOOK | DP:TEXTBOOK.CHAPTERS | DP:TEXTBOOK.TASKS |" name="And I click on Next Step button" time="0"/>
  <testcase classname="| DP:SUPER.USERNAME | DP:SUPER.PASSWORD | DP:TEXTBOOK.SUBJECT | DP:TRAININGASSIGNMENTS.TRAININGEDITNAME1 | SAM Assignments | Y | N | Training | DP:TEXTBOOK.BOOK | DP:TEXTBOOK.CHAPTERS | DP:TEXTBOOK.TASKS |" name="And I check DP:TEXTBOOK.CHAPTERS in Select Chapters" time="0"/>
  <testcase classname="| DP:SUPER.USERNAME | DP:SUPER.PASSWORD | DP:TEXTBOOK.SUBJECT | DP:TRAININGASSIGNMENTS.TRAININGEDITNAME1 | SAM Assignments | Y | N | Training | DP:TEXTBOOK.BOOK | DP:TEXTBOOK.CHAPTERS | DP:TEXTBOOK.TASKS |" name="And I click on Next Step button" time="0"/>
  <testcase classname="| DP:SUPER.USERNAME | DP:SUPER.PASSWORD | DP:TEXTBOOK.SUBJECT | DP:TRAININGASSIGNMENTS.TRAININGEDITNAME1 | SAM Assignments | Y | N | Training | DP:TEXTBOOK.BOOK | DP:TEXTBOOK.CHAPTERS | DP:TEXTBOOK.TASKS |" name="And I check DP:TEXTBOOK.TASKS task" time="0"/>
  <testcase classname="| DP:SUPER.USERNAME | DP:SUPER.PASSWORD | DP:TEXTBOOK.SUBJECT | DP:TRAININGASSIGNMENTS.TRAININGEDITNAME1 | SAM Assignments | Y | N | Training | DP:TEXTBOOK.BOOK | DP:TEXTBOOK.CHAPTERS | DP:TEXTBOOK.TASKS |" name="And I click on Save button" time="0"/>
  <testcase classname="| DP:SUPER.USERNAME | DP:SUPER.PASSWORD | DP:TEXTBOOK.SUBJECT | DP:TRAININGASSIGNMENTS.TRAININGEDITNAME1 | SAM Assignments | Y | N | Training | DP:TEXTBOOK.BOOK | DP:TEXTBOOK.CHAPTERS | DP:TEXTBOOK.TASKS |" name="And I click on Schedule button in pop-up" time="0"/>
  <testcase classname="| DP:SUPER.USERNAME | DP:SUPER.PASSWORD | DP:TEXTBOOK.SUBJECT | DP:TRAININGASSIGNMENTS.TRAININGEDITNAME1 | SAM Assignments | Y | N | Training | DP:TEXTBOOK.BOOK | DP:TEXTBOOK.CHAPTERS | DP:TEXTBOOK.TASKS |" name="And I see Display Section Auto selected" time="0"/>
  <testcase classname="| DP:SUPER.USERNAME | DP:SUPER.PASSWORD | DP:TEXTBOOK.SUBJECT | DP:TRAININGASSIGNMENTS.TRAININGEDITNAME1 | SAM Assignments | Y | N | Training | DP:TEXTBOOK.BOOK | DP:TEXTBOOK.CHAPTERS | DP:TEXTBOOK.TASKS |" name="And I click on Schedule button" time="0"/>
  <testcase classname="| DP:SUPER.USERNAME | DP:SUPER.PASSWORD | DP:TEXTBOOK.SUBJECT | DP:TRAININGASSIGNMENTS.TRAININGEDITNAME1 | SAM Assignments | Y | N | Training | DP:TEXTBOOK.BOOK | DP:TEXTBOOK.CHAPTERS | DP:TEXTBOOK.TASKS |" name="And I click on X icon" time="0"/>
  <testcase classname="| DP:SUPER.USERNAME | DP:SUPER.PASSWORD | DP:TEXTBOOK.SUBJECT | DP:TRAININGASSIGNMENTS.TRAININGEDITNAME1 | SAM Assignments | Y | N | Training | DP:TEXTBOOK.BOOK | DP:TEXTBOOK.CHAPTERS | DP:TEXTBOOK.TASKS |" name="And I click on SAM Assignments tab" time="0"/>
  <testcase classname="| DP:SUPER.USERNAME | DP:SUPER.PASSWORD | DP:TEXTBOOK.SUBJECT | DP:TRAININGASSIGNMENTS.TRAININGEDITNAME1 | SAM Assignments | Y | N | Training | DP:TEXTBOOK.BOOK | DP:TEXTBOOK.CHAPTERS | DP:TEXTBOOK.TASKS |" name="And I click on Schedule New button" time="0"/>
  <testcase classname="| DP:SUPER.USERNAME | DP:SUPER.PASSWORD | DP:TEXTBOOK.SUBJECT | DP:TRAININGASSIGNMENTS.TRAININGEDITNAME1 | SAM Assignments | Y | N | Training | DP:TEXTBOOK.BOOK | DP:TEXTBOOK.CHAPTERS | DP:TEXTBOOK.TASKS |" name="And I click on Exam button in Select Assignment Type page" time="0"/>
  <testcase classname="| DP:SUPER.USERNAME | DP:SUPER.PASSWORD | DP:TEXTBOOK.SUBJECT | DP:TRAININGASSIGNMENTS.TRAININGEDITNAME1 | SAM Assignments | Y | N | Training | DP:TEXTBOOK.BOOK | DP:TEXTBOOK.CHAPTERS | DP:TEXTBOOK.TASKS |" name="And I click on Training button in Select Assignment Type page" time="0"/>
  <testcase classname="| DP:SUPER.USERNAME | DP:SUPER.PASSWORD | DP:TEXTBOOK.SUBJECT | DP:TRAININGASSIGNMENTS.TRAININGEDITNAME1 | SAM Assignments | Y | N | Training | DP:TEXTBOOK.BOOK | DP:TEXTBOOK.CHAPTERS | DP:TEXTBOOK.TASKS |" name="And I select DP:TEXTBOOK.SUBJECT in Subject drop down" time="0"/>
  <testcase classname="| DP:SUPER.USERNAME | DP:SUPER.PASSWORD | DP:TEXTBOOK.SUBJECT | DP:TRAININGASSIGNMENTS.TRAININGEDITNAME1 | SAM Assignments | Y | N | Training | DP:TEXTBOOK.BOOK | DP:TEXTBOOK.CHAPTERS | DP:TEXTBOOK.TASKS |" name="And I select DP:TRAININGASSIGNMENTS.TRAININGEDITNAME1 Y in Exam Name" time="0"/>
  <testcase classname="| DP:SUPER.USERNAME | DP:SUPER.PASSWORD | DP:TEXTBOOK.SUBJECT | DP:TRAININGASSIGNMENTS.TRAININGEDITNAME1 | SAM Assignments | Y | N | Training | DP:TEXTBOOK.BOOK | DP:TEXTBOOK.CHAPTERS | DP:TEXTBOOK.TASKS |" name="And I click on Next Step button" time="0"/>
  <testcase classname="| DP:SUPER.USERNAME | DP:SUPER.PASSWORD | DP:TEXTBOOK.SUBJECT | DP:TRAININGASSIGNMENTS.TRAININGEDITNAME1 | SAM Assignments | Y | N | Training | DP:TEXTBOOK.BOOK | DP:TEXTBOOK.CHAPTERS | DP:TEXTBOOK.TASKS |" name="And I see Display Section Auto selected" time="0"/>
  <testcase classname="| DP:SUPER.USERNAME | DP:SUPER.PASSWORD | DP:TEXTBOOK.SUBJECT | DP:TRAININGASSIGNMENTS.TRAININGEDITNAME1 | SAM Assignments | Y | N | Training | DP:TEXTBOOK.BOOK | DP:TEXTBOOK.CHAPTERS | DP:TEXTBOOK.TASKS |" name="And I click on Training tab" time="0"/>
  <testcase classname="| DP:SUPER.USERNAME | DP:SUPER.PASSWORD | DP:TEXTBOOK.SUBJECT | DP:TRAININGASSIGNMENTS.TRAININGEDITNAME1 | SAM Assignments | Y | N | Training | DP:TEXTBOOK.BOOK | DP:TEXTBOOK.CHAPTERS | DP:TEXTBOOK.TASKS |" name="And I see DP:TRAININGASSIGNMENTS.TRAININGEDITNAME1 Y in Exams page" time="0"/>
  <testcase classname="| DP:SUPER.USERNAME | DP:SUPER.PASSWORD | DP:TEXTBOOK.SUBJECT | DP:TRAININGASSIGNMENTS.TRAININGEDITNAME1 | SAM Assignments | Y | N | Training | DP:TEXTBOOK.BOOK | DP:TEXTBOOK.CHAPTERS | DP:TEXTBOOK.TASKS |" name="And I click on DP:TRAININGASSIGNMENTS.TRAININGEDITNAME1 Y Schedule icon" time="0"/>
  <testcase classname="| DP:SUPER.USERNAME | DP:SUPER.PASSWORD | DP:TEXTBOOK.SUBJECT | DP:TRAININGASSIGNMENTS.TRAININGEDITNAME1 | SAM Assignments | Y | N | Training | DP:TEXTBOOK.BOOK | DP:TEXTBOOK.CHAPTERS | DP:TEXTBOOK.TASKS |" name="And I see Display Section Auto selected" time="0"/>
  <testcase classname="| DP:SUPER.USERNAME | DP:SUPER.PASSWORD | DP:TEXTBOOK.SUBJECT | DP:TRAININGASSIGNMENTS.TRAININGEDITNAME1 | SAM Assignments | Y | N | Training | DP:TEXTBOOK.BOOK | DP:TEXTBOOK.CHAPTERS | DP:TEXTBOOK.TASKS |" name="And I click on Training tab" time="0"/>
  <testcase classname="| DP:SUPER.USERNAME | DP:SUPER.PASSWORD | DP:TEXTBOOK.SUBJECT | DP:TRAININGASSIGNMENTS.TRAININGEDITNAME1 | SAM Assignments | Y | N | Training | DP:TEXTBOOK.BOOK | DP:TEXTBOOK.CHAPTERS | DP:TEXTBOOK.TASKS |" name="And I see DP:TRAININGASSIGNMENTS.TRAININGEDITNAME1 Y in Exams page" time="0"/>
  <testcase classname="| DP:SUPER.USERNAME | DP:SUPER.PASSWORD | DP:TEXTBOOK.SUBJECT | DP:TRAININGASSIGNMENTS.TRAININGEDITNAME1 | SAM Assignments | Y | N | Training | DP:TEXTBOOK.BOOK | DP:TEXTBOOK.CHAPTERS | DP:TEXTBOOK.TASKS |" name="And I click on Schedule Individual Student Assignment icon" time="0"/>
  <testcase classname="| DP:SUPER.USERNAME | DP:SUPER.PASSWORD | DP:TEXTBOOK.SUBJECT | DP:TRAININGASSIGNMENTS.TRAININGEDITNAME1 | SAM Assignments | Y | N | Training | DP:TEXTBOOK.BOOK | DP:TEXTBOOK.CHAPTERS | DP:TEXTBOOK.TASKS |" name="And I see Display Section Auto selected in ISA Scheduling" time="0"/>
  <testcase classname="| DP:SUPER.USERNAME | DP:SUPER.PASSWORD | DP:TEXTBOOK.SUBJECT | DP:TRAININGASSIGNMENTS.TRAININGEDITNAME1 | SAM Assignments | Y | N | Training | DP:TEXTBOOK.BOOK | DP:TEXTBOOK.CHAPTERS | DP:TEXTBOOK.TASKS |" name="And I click on SAM Assignments tab" time="0"/>
  <testcase classname="| DP:SUPER.USERNAME | DP:SUPER.PASSWORD | DP:TEXTBOOK.SUBJECT | DP:TRAININGASSIGNMENTS.TRAININGEDITNAME1 | SAM Assignments | Y | N | Training | DP:TEXTBOOK.BOOK | DP:TEXTBOOK.CHAPTERS | DP:TEXTBOOK.TASKS |" name="And I see DP:TRAININGASSIGNMENTS.TRAININGEDITNAME1 Y in Exams page" time="0"/>
  <testcase classname="| DP:SUPER.USERNAME | DP:SUPER.PASSWORD | DP:TEXTBOOK.SUBJECT | DP:TRAININGASSIGNMENTS.TRAININGEDITNAME1 | SAM Assignments | Y | N | Training | DP:TEXTBOOK.BOOK | DP:TEXTBOOK.CHAPTERS | DP:TEXTBOOK.TASKS |" name="When I click on Schedule Individual Student Assignment icon" time="0"/>
  <testcase classname="| DP:SUPER.USERNAME | DP:SUPER.PASSWORD | DP:TEXTBOOK.SUBJECT | DP:TRAININGASSIGNMENTS.TRAININGEDITNAME1 | SAM Assignments | Y | N | Training | DP:TEXTBOOK.BOOK | DP:TEXTBOOK.CHAPTERS | DP:TEXTBOOK.TASKS |" name="Then I see Display Section Auto selected in ISA Scheduling" time="0"/>
  <testcase classname="| DP:SUPER.USERNAME | DP:SUPER.PASSWORD | DP:TEXTBOOK.SUBJECT | DP:TRAININGASSIGNMENTS.TRAININGEDITNAME1 | SAM Assignments | Y | N | Training | DP:TEXTBOOK.BOOK | DP:TEXTBOOK.CHAPTERS | DP:TEXTBOOK.TASKS |" name="And I click on Logout button" time="0"/>
  <testcase classname="| DP:SUPER.USERNAME | DP:SUPER.PASSWORD | DP:TEXTBOOK.SUBJECT | DP:TRAININGASSIGNMENTS.TRAININGEDITNAME1 | SAM Assignments | Y | N | Training | DP:TEXTBOOK.BOOK | DP:TEXTBOOK.CHAPTERS | DP:TEXTBOOK.TASKS |" name="| DP:SUPER.USERNAME | DP:SUPER.PASSWORD | DP:TEXTBOOK.SUBJECT | DP:TRAININGASSIGNMENTS.TRAININGEDITNAME1 | SAM Assignments | Y | N | Training | DP:TEXTBOOK.BOOK | DP:TEXTBOOK.CHAPTERS | DP:TEXTBOOK.TASKS |" time="0.001"/>
  <testcase classname="| DP:SUPER.USERNAME | DP:SUPER.PASSWORD | Projects | CMPTR PowerPoint 2013 Chapter 20: SAM Project 1a | DP:PROJECTASSIGNMENTS.PROJECTASSIGNMENTNAME1 | SAM Assignments | Y | N | DP:PROJECTASSIGNMENTS.PROJECTBOOK | DP:PROJECTASSIGNMENTS.PROJECTUNITS | DP:PROJECTASSIGNMENTS.PROJECTSUBJECT |" name="Given As a user I see login page of LMS" time="0"/>
  <testcase classname="| DP:SUPER.USERNAME | DP:SUPER.PASSWORD | Projects | CMPTR PowerPoint 2013 Chapter 20: SAM Project 1a | DP:PROJECTASSIGNMENTS.PROJECTASSIGNMENTNAME1 | SAM Assignments | Y | N | DP:PROJECTASSIGNMENTS.PROJECTBOOK | DP:PROJECTASSIGNMENTS.PROJECTUNITS | DP:PROJECTASSIGNMENTS.PROJECTSUBJECT |" name="And I enter DP:SUPER.USERNAME N Username in LMS login page" time="0"/>
  <testcase classname="| DP:SUPER.USERNAME | DP:SUPER.PASSWORD | Projects | CMPTR PowerPoint 2013 Chapter 20: SAM Project 1a | DP:PROJECTASSIGNMENTS.PROJECTASSIGNMENTNAME1 | SAM Assignments | Y | N | DP:PROJECTASSIGNMENTS.PROJECTBOOK | DP:PROJECTASSIGNMENTS.PROJECTUNITS | DP:PROJECTASSIGNMENTS.PROJECTSUBJECT |" name="And I enter DP:SUPER.PASSWORD Password in LMS login page" time="0"/>
  <testcase classname="| DP:SUPER.USERNAME | DP:SUPER.PASSWORD | Projects | CMPTR PowerPoint 2013 Chapter 20: SAM Project 1a | DP:PROJECTASSIGNMENTS.PROJECTASSIGNMENTNAME1 | SAM Assignments | Y | N | DP:PROJECTASSIGNMENTS.PROJECTBOOK | DP:PROJECTASSIGNMENTS.PROJECTUNITS | DP:PROJECTASSIGNMENTS.PROJECTSUBJECT |" name="And I click on Log In button" time="0"/>
  <testcase classname="| DP:SUPER.USERNAME | DP:SUPER.PASSWORD | Projects | CMPTR PowerPoint 2013 Chapter 20: SAM Project 1a | DP:PROJECTASSIGNMENTS.PROJECTASSIGNMENTNAME1 | SAM Assignments | Y | N | DP:PROJECTASSIGNMENTS.PROJECTBOOK | DP:PROJECTASSIGNMENTS.PROJECTUNITS | DP:PROJECTASSIGNMENTS.PROJECTSUBJECT |" name="And I see home page of LMS" time="0"/>
  <testcase classname="| DP:SUPER.USERNAME | DP:SUPER.PASSWORD | Projects | CMPTR PowerPoint 2013 Chapter 20: SAM Project 1a | DP:PROJECTASSIGNMENTS.PROJECTASSIGNMENTNAME1 | SAM Assignments | Y | N | DP:PROJECTASSIGNMENTS.PROJECTBOOK | DP:PROJECTASSIGNMENTS.PROJECTUNITS | DP:PROJECTASSIGNMENTS.PROJECTSUBJECT |" name="And I click on SAM Assignments tab" time="0"/>
  <testcase classname="| DP:SUPER.USERNAME | DP:SUPER.PASSWORD | Projects | CMPTR PowerPoint 2013 Chapter 20: SAM Project 1a | DP:PROJECTASSIGNMENTS.PROJECTASSIGNMENTNAME1 | SAM Assignments | Y | N | DP:PROJECTASSIGNMENTS.PROJECTBOOK | DP:PROJECTASSIGNMENTS.PROJECTUNITS | DP:PROJECTASSIGNMENTS.PROJECTSUBJECT |" name="And I click on Schedule New button" time="0"/>
  <testcase classname="| DP:SUPER.USERNAME | DP:SUPER.PASSWORD | Projects | CMPTR PowerPoint 2013 Chapter 20: SAM Project 1a | DP:PROJECTASSIGNMENTS.PROJECTASSIGNMENTNAME1 | SAM Assignments | Y | N | DP:PROJECTASSIGNMENTS.PROJECTBOOK | DP:PROJECTASSIGNMENTS.PROJECTUNITS | DP:PROJECTASSIGNMENTS.PROJECTSUBJECT |" name="And I click on Training button in Select Assignment Type page" time="0"/>
  <testcase classname="| DP:SUPER.USERNAME | DP:SUPER.PASSWORD | Projects | CMPTR PowerPoint 2013 Chapter 20: SAM Project 1a | DP:PROJECTASSIGNMENTS.PROJECTASSIGNMENTNAME1 | SAM Assignments | Y | N | DP:PROJECTASSIGNMENTS.PROJECTBOOK | DP:PROJECTASSIGNMENTS.PROJECTUNITS | DP:PROJECTASSIGNMENTS.PROJECTSUBJECT |" name="And I click on Project button in Select Assignment Type page" time="0"/>
  <testcase classname="| DP:SUPER.USERNAME | DP:SUPER.PASSWORD | Projects | CMPTR PowerPoint 2013 Chapter 20: SAM Project 1a | DP:PROJECTASSIGNMENTS.PROJECTASSIGNMENTNAME1 | SAM Assignments | Y | N | DP:PROJECTASSIGNMENTS.PROJECTBOOK | DP:PROJECTASSIGNMENTS.PROJECTUNITS | DP:PROJECTASSIGNMENTS.PROJECTSUBJECT |" name="And I select DP:PROJECTASSIGNMENTS.PROJECTBOOK in Textbook drop down" time="0"/>
  <testcase classname="| DP:SUPER.USERNAME | DP:SUPER.PASSWORD | Projects | CMPTR PowerPoint 2013 Chapter 20: SAM Project 1a | DP:PROJECTASSIGNMENTS.PROJECTASSIGNMENTNAME1 | SAM Assignments | Y | N | DP:PROJECTASSIGNMENTS.PROJECTBOOK | DP:PROJECTASSIGNMENTS.PROJECTUNITS | DP:PROJECTASSIGNMENTS.PROJECTSUBJECT |" name="And I select DP:PROJECTASSIGNMENTS.PROJECTUNITS in Unit drop down" time="0"/>
  <testcase classname="| DP:SUPER.USERNAME | DP:SUPER.PASSWORD | Projects | CMPTR PowerPoint 2013 Chapter 20: SAM Project 1a | DP:PROJECTASSIGNMENTS.PROJECTASSIGNMENTNAME1 | SAM Assignments | Y | N | DP:PROJECTASSIGNMENTS.PROJECTBOOK | DP:PROJECTASSIGNMENTS.PROJECTUNITS | DP:PROJECTASSIGNMENTS.PROJECTSUBJECT |" name="And I select DP:PROJECTASSIGNMENTS.PROJECTSUBJECT in Subject drop down" time="0"/>
  <testcase classname="| DP:SUPER.USERNAME | DP:SUPER.PASSWORD | Projects | CMPTR PowerPoint 2013 Chapter 20: SAM Project 1a | DP:PROJECTASSIGNMENTS.PROJECTASSIGNMENTNAME1 | SAM Assignments | Y | N | DP:PROJECTASSIGNMENTS.PROJECTBOOK | DP:PROJECTASSIGNMENTS.PROJECTUNITS | DP:PROJECTASSIGNMENTS.PROJECTSUBJECT |" name="And I select CMPTR PowerPoint 2013 Chapter 20: SAM Project 1a N in Project Name" time="0"/>
  <testcase classname="| DP:SUPER.USERNAME | DP:SUPER.PASSWORD | Projects | CMPTR PowerPoint 2013 Chapter 20: SAM Project 1a | DP:PROJECTASSIGNMENTS.PROJECTASSIGNMENTNAME1 | SAM Assignments | Y | N | DP:PROJECTASSIGNMENTS.PROJECTBOOK | DP:PROJECTASSIGNMENTS.PROJECTUNITS | DP:PROJECTASSIGNMENTS.PROJECTSUBJECT |" name="And I click on Next Step button" time="0"/>
  <testcase classname="| DP:SUPER.USERNAME | DP:SUPER.PASSWORD | Projects | CMPTR PowerPoint 2013 Chapter 20: SAM Project 1a | DP:PROJECTASSIGNMENTS.PROJECTASSIGNMENTNAME1 | SAM Assignments | Y | N | DP:PROJECTASSIGNMENTS.PROJECTBOOK | DP:PROJECTASSIGNMENTS.PROJECTUNITS | DP:PROJECTASSIGNMENTS.PROJECTSUBJECT |" name="And I enter DP:PROJECTASSIGNMENTS.PROJECTASSIGNMENTNAME1 Y in Assignment Name" time="0"/>
  <testcase classname="| DP:SUPER.USERNAME | DP:SUPER.PASSWORD | Projects | CMPTR PowerPoint 2013 Chapter 20: SAM Project 1a | DP:PROJECTASSIGNMENTS.PROJECTASSIGNMENTNAME1 | SAM Assignments | Y | N | DP:PROJECTASSIGNMENTS.PROJECTBOOK | DP:PROJECTASSIGNMENTS.PROJECTUNITS | DP:PROJECTASSIGNMENTS.PROJECTSUBJECT |" name="And I see Display Section Auto selected" time="0"/>
  <testcase classname="| DP:SUPER.USERNAME | DP:SUPER.PASSWORD | Projects | CMPTR PowerPoint 2013 Chapter 20: SAM Project 1a | DP:PROJECTASSIGNMENTS.PROJECTASSIGNMENTNAME1 | SAM Assignments | Y | N | DP:PROJECTASSIGNMENTS.PROJECTBOOK | DP:PROJECTASSIGNMENTS.PROJECTUNITS | DP:PROJECTASSIGNMENTS.PROJECTSUBJECT |" name="And I click on Save button" time="0"/>
  <testcase classname="| DP:SUPER.USERNAME | DP:SUPER.PASSWORD | Projects | CMPTR PowerPoint 2013 Chapter 20: SAM Project 1a | DP:PROJECTASSIGNMENTS.PROJECTASSIGNMENTNAME1 | SAM Assignments | Y | N | DP:PROJECTASSIGNMENTS.PROJECTBOOK | DP:PROJECTASSIGNMENTS.PROJECTUNITS | DP:PROJECTASSIGNMENTS.PROJECTSUBJECT |" name="And I click on X icon" time="0"/>
  <testcase classname="| DP:SUPER.USERNAME | DP:SUPER.PASSWORD | Projects | CMPTR PowerPoint 2013 Chapter 20: SAM Project 1a | DP:PROJECTASSIGNMENTS.PROJECTASSIGNMENTNAME1 | SAM Assignments | Y | N | DP:PROJECTASSIGNMENTS.PROJECTBOOK | DP:PROJECTASSIGNMENTS.PROJECTUNITS | DP:PROJECTASSIGNMENTS.PROJECTSUBJECT |" name="And I click on SAM Assignments tab" time="0"/>
  <testcase classname="| DP:SUPER.USERNAME | DP:SUPER.PASSWORD | Projects | CMPTR PowerPoint 2013 Chapter 20: SAM Project 1a | DP:PROJECTASSIGNMENTS.PROJECTASSIGNMENTNAME1 | SAM Assignments | Y | N | DP:PROJECTASSIGNMENTS.PROJECTBOOK | DP:PROJECTASSIGNMENTS.PROJECTUNITS | DP:PROJECTASSIGNMENTS.PROJECTSUBJECT |" name="And I click on Projects tab" time="0"/>
  <testcase classname="| DP:SUPER.USERNAME | DP:SUPER.PASSWORD | Projects | CMPTR PowerPoint 2013 Chapter 20: SAM Project 1a | DP:PROJECTASSIGNMENTS.PROJECTASSIGNMENTNAME1 | SAM Assignments | Y | N | DP:PROJECTASSIGNMENTS.PROJECTBOOK | DP:PROJECTASSIGNMENTS.PROJECTUNITS | DP:PROJECTASSIGNMENTS.PROJECTSUBJECT |" name="And I select DP:PROJECTASSIGNMENTS.PROJECTBOOK in Textbook drop down" time="0"/>
  <testcase classname="| DP:SUPER.USERNAME | DP:SUPER.PASSWORD | Projects | CMPTR PowerPoint 2013 Chapter 20: SAM Project 1a | DP:PROJECTASSIGNMENTS.PROJECTASSIGNMENTNAME1 | SAM Assignments | Y | N | DP:PROJECTASSIGNMENTS.PROJECTBOOK | DP:PROJECTASSIGNMENTS.PROJECTUNITS | DP:PROJECTASSIGNMENTS.PROJECTSUBJECT |" name="And I select DP:PROJECTASSIGNMENTS.PROJECTUNITS Unit for project Assignment" time="0"/>
  <testcase classname="| DP:SUPER.USERNAME | DP:SUPER.PASSWORD | Projects | CMPTR PowerPoint 2013 Chapter 20: SAM Project 1a | DP:PROJECTASSIGNMENTS.PROJECTASSIGNMENTNAME1 | SAM Assignments | Y | N | DP:PROJECTASSIGNMENTS.PROJECTBOOK | DP:PROJECTASSIGNMENTS.PROJECTUNITS | DP:PROJECTASSIGNMENTS.PROJECTSUBJECT |" name="And I click on CMPTR PowerPoint 2013 Chapter 20: SAM Project 1a Schedule Assignment icon in Project Scheduling" time="0"/>
  <testcase classname="| DP:SUPER.USERNAME | DP:SUPER.PASSWORD | Projects | CMPTR PowerPoint 2013 Chapter 20: SAM Project 1a | DP:PROJECTASSIGNMENTS.PROJECTASSIGNMENTNAME1 | SAM Assignments | Y | N | DP:PROJECTASSIGNMENTS.PROJECTBOOK | DP:PROJECTASSIGNMENTS.PROJECTUNITS | DP:PROJECTASSIGNMENTS.PROJECTSUBJECT |" name="And I see Display Section Auto selected in ISA Scheduling" time="0"/>
  <testcase classname="| DP:SUPER.USERNAME | DP:SUPER.PASSWORD | Projects | CMPTR PowerPoint 2013 Chapter 20: SAM Project 1a | DP:PROJECTASSIGNMENTS.PROJECTASSIGNMENTNAME1 | SAM Assignments | Y | N | DP:PROJECTASSIGNMENTS.PROJECTBOOK | DP:PROJECTASSIGNMENTS.PROJECTUNITS | DP:PROJECTASSIGNMENTS.PROJECTSUBJECT |" name="And I click on SAM Assignments tab" time="0"/>
  <testcase classname="| DP:SUPER.USERNAME | DP:SUPER.PASSWORD | Projects | CMPTR PowerPoint 2013 Chapter 20: SAM Project 1a | DP:PROJECTASSIGNMENTS.PROJECTASSIGNMENTNAME1 | SAM Assignments | Y | N | DP:PROJECTASSIGNMENTS.PROJECTBOOK | DP:PROJECTASSIGNMENTS.PROJECTUNITS | DP:PROJECTASSIGNMENTS.PROJECTSUBJECT |" name="And I click on Projects tab" time="0"/>
  <testcase classname="| DP:SUPER.USERNAME | DP:SUPER.PASSWORD | Projects | CMPTR PowerPoint 2013 Chapter 20: SAM Project 1a | DP:PROJECTASSIGNMENTS.PROJECTASSIGNMENTNAME1 | SAM Assignments | Y | N | DP:PROJECTASSIGNMENTS.PROJECTBOOK | DP:PROJECTASSIGNMENTS.PROJECTUNITS | DP:PROJECTASSIGNMENTS.PROJECTSUBJECT |" name="And I select DP:PROJECTASSIGNMENTS.PROJECTBOOK in Textbook drop down" time="0"/>
  <testcase classname="| DP:SUPER.USERNAME | DP:SUPER.PASSWORD | Projects | CMPTR PowerPoint 2013 Chapter 20: SAM Project 1a | DP:PROJECTASSIGNMENTS.PROJECTASSIGNMENTNAME1 | SAM Assignments | Y | N | DP:PROJECTASSIGNMENTS.PROJECTBOOK | DP:PROJECTASSIGNMENTS.PROJECTUNITS | DP:PROJECTASSIGNMENTS.PROJECTSUBJECT |" name="And I select DP:PROJECTASSIGNMENTS.PROJECTUNITS Unit for project Assignment" time="0"/>
  <testcase classname="| DP:SUPER.USERNAME | DP:SUPER.PASSWORD | Projects | CMPTR PowerPoint 2013 Chapter 20: SAM Project 1a | DP:PROJECTASSIGNMENTS.PROJECTASSIGNMENTNAME1 | SAM Assignments | Y | N | DP:PROJECTASSIGNMENTS.PROJECTBOOK | DP:PROJECTASSIGNMENTS.PROJECTUNITS | DP:PROJECTASSIGNMENTS.PROJECTSUBJECT |" name="And I click on Schedule Individual Student Assignment icon" time="0"/>
  <testcase classname="| DP:SUPER.USERNAME | DP:SUPER.PASSWORD | Projects | CMPTR PowerPoint 2013 Chapter 20: SAM Project 1a | DP:PROJECTASSIGNMENTS.PROJECTASSIGNMENTNAME1 | SAM Assignments | Y | N | DP:PROJECTASSIGNMENTS.PROJECTBOOK | DP:PROJECTASSIGNMENTS.PROJECTUNITS | DP:PROJECTASSIGNMENTS.PROJECTSUBJECT |" name="And I see Display Section Auto selected in ISA Scheduling" time="0"/>
  <testcase classname="| DP:SUPER.USERNAME | DP:SUPER.PASSWORD | Projects | CMPTR PowerPoint 2013 Chapter 20: SAM Project 1a | DP:PROJECTASSIGNMENTS.PROJECTASSIGNMENTNAME1 | SAM Assignments | Y | N | DP:PROJECTASSIGNMENTS.PROJECTBOOK | DP:PROJECTASSIGNMENTS.PROJECTUNITS | DP:PROJECTASSIGNMENTS.PROJECTSUBJECT |" name="And I click on SAM Assignments tab" time="0"/>
  <testcase classname="| DP:SUPER.USERNAME | DP:SUPER.PASSWORD | Projects | CMPTR PowerPoint 2013 Chapter 20: SAM Project 1a | DP:PROJECTASSIGNMENTS.PROJECTASSIGNMENTNAME1 | SAM Assignments | Y | N | DP:PROJECTASSIGNMENTS.PROJECTBOOK | DP:PROJECTASSIGNMENTS.PROJECTUNITS | DP:PROJECTASSIGNMENTS.PROJECTSUBJECT |" name="And I see DP:PROJECTASSIGNMENTS.PROJECTASSIGNMENTNAME1 Y in Exams page" time="0"/>
  <testcase classname="| DP:SUPER.USERNAME | DP:SUPER.PASSWORD | Projects | CMPTR PowerPoint 2013 Chapter 20: SAM Project 1a | DP:PROJECTASSIGNMENTS.PROJECTASSIGNMENTNAME1 | SAM Assignments | Y | N | DP:PROJECTASSIGNMENTS.PROJECTBOOK | DP:PROJECTASSIGNMENTS.PROJECTUNITS | DP:PROJECTASSIGNMENTS.PROJECTSUBJECT |" name="When I click on Schedule Individual Student Assignment icon" time="0"/>
  <testcase classname="| DP:SUPER.USERNAME | DP:SUPER.PASSWORD | Projects | CMPTR PowerPoint 2013 Chapter 20: SAM Project 1a | DP:PROJECTASSIGNMENTS.PROJECTASSIGNMENTNAME1 | SAM Assignments | Y | N | DP:PROJECTASSIGNMENTS.PROJECTBOOK | DP:PROJECTASSIGNMENTS.PROJECTUNITS | DP:PROJECTASSIGNMENTS.PROJECTSUBJECT |" name="Then I see Display Section Auto selected in ISA Scheduling" time="0"/>
  <testcase classname="| DP:SUPER.USERNAME | DP:SUPER.PASSWORD | Projects | CMPTR PowerPoint 2013 Chapter 20: SAM Project 1a | DP:PROJECTASSIGNMENTS.PROJECTASSIGNMENTNAME1 | SAM Assignments | Y | N | DP:PROJECTASSIGNMENTS.PROJECTBOOK | DP:PROJECTASSIGNMENTS.PROJECTUNITS | DP:PROJECTASSIGNMENTS.PROJECTSUBJECT |" name="And I click on Logout button" time="0"/>
  <testcase classname="| DP:SUPER.USERNAME | DP:SUPER.PASSWORD | Projects | CMPTR PowerPoint 2013 Chapter 20: SAM Project 1a | DP:PROJECTASSIGNMENTS.PROJECTASSIGNMENTNAME1 | SAM Assignments | Y | N | DP:PROJECTASSIGNMENTS.PROJECTBOOK | DP:PROJECTASSIGNMENTS.PROJECTUNITS | DP:PROJECTASSIGNMENTS.PROJECTSUBJECT |" name="| DP:SUPER.USERNAME | DP:SUPER.PASSWORD | Projects | CMPTR PowerPoint 2013 Chapter 20: SAM Project 1a | DP:PROJECTASSIGNMENTS.PROJECTASSIGNMENTNAME1 | SAM Assignments | Y | N | DP:PROJECTASSIGNMENTS.PROJECTBOOK | DP:PROJECTASSIGNMENTS.PROJECTUNITS | DP:PROJECTASSIGNMENTS.PROJECTSUBJECT |" time="0.001"/>
  <testcase classname="| DP:SUPER.USERNAME | DP:SUPER.PASSWORD | SAM Assignments | Assignments | DP:SAMPATHASSIGNMENTS.SAMPATHSUBJECT | DP:EXAMASSIGNMENTS.EXAMNAME3 | Y | N | DP:SAMPATHASSIGNMENTS.SAMPATHNAME |" name="Given As a user I see login page of LMS" time="0"/>
  <testcase classname="| DP:SUPER.USERNAME | DP:SUPER.PASSWORD | SAM Assignments | Assignments | DP:SAMPATHASSIGNMENTS.SAMPATHSUBJECT | DP:EXAMASSIGNMENTS.EXAMNAME3 | Y | N | DP:SAMPATHASSIGNMENTS.SAMPATHNAME |" name="And I enter DP:SUPER.USERNAME N Username in LMS login page" time="0"/>
  <testcase classname="| DP:SUPER.USERNAME | DP:SUPER.PASSWORD | SAM Assignments | Assignments | DP:SAMPATHASSIGNMENTS.SAMPATHSUBJECT | DP:EXAMASSIGNMENTS.EXAMNAME3 | Y | N | DP:SAMPATHASSIGNMENTS.SAMPATHNAME |" name="And I enter DP:SUPER.PASSWORD Password in LMS login page" time="0"/>
  <testcase classname="| DP:SUPER.USERNAME | DP:SUPER.PASSWORD | SAM Assignments | Assignments | DP:SAMPATHASSIGNMENTS.SAMPATHSUBJECT | DP:EXAMASSIGNMENTS.EXAMNAME3 | Y | N | DP:SAMPATHASSIGNMENTS.SAMPATHNAME |" name="And I click on Log In button" time="0"/>
  <testcase classname="| DP:SUPER.USERNAME | DP:SUPER.PASSWORD | SAM Assignments | Assignments | DP:SAMPATHASSIGNMENTS.SAMPATHSUBJECT | DP:EXAMASSIGNMENTS.EXAMNAME3 | Y | N | DP:SAMPATHASSIGNMENTS.SAMPATHNAME |" name="And I see home page of LMS" time="0"/>
  <testcase classname="| DP:SUPER.USERNAME | DP:SUPER.PASSWORD | SAM Assignments | Assignments | DP:SAMPATHASSIGNMENTS.SAMPATHSUBJECT | DP:EXAMASSIGNMENTS.EXAMNAME3 | Y | N | DP:SAMPATHASSIGNMENTS.SAMPATHNAME |" name="And I click on SAM Assignments tab" time="0"/>
  <testcase classname="| DP:SUPER.USERNAME | DP:SUPER.PASSWORD | SAM Assignments | Assignments | DP:SAMPATHASSIGNMENTS.SAMPATHSUBJECT | DP:EXAMASSIGNMENTS.EXAMNAME3 | Y | N | DP:SAMPATHASSIGNMENTS.SAMPATHNAME |" name="And I click on Assignments tab" time="0"/>
  <testcase classname="| DP:SUPER.USERNAME | DP:SUPER.PASSWORD | SAM Assignments | Assignments | DP:SAMPATHASSIGNMENTS.SAMPATHSUBJECT | DP:EXAMASSIGNMENTS.EXAMNAME3 | Y | N | DP:SAMPATHASSIGNMENTS.SAMPATHNAME |" name="And I click on Schedule New button" time="0"/>
  <testcase classname="| DP:SUPER.USERNAME | DP:SUPER.PASSWORD | SAM Assignments | Assignments | DP:SAMPATHASSIGNMENTS.SAMPATHSUBJECT | DP:EXAMASSIGNMENTS.EXAMNAME3 | Y | N | DP:SAMPATHASSIGNMENTS.SAMPATHNAME |" name="And I click on Training button in Select Assignment Type page" time="0"/>
  <testcase classname="| DP:SUPER.USERNAME | DP:SUPER.PASSWORD | SAM Assignments | Assignments | DP:SAMPATHASSIGNMENTS.SAMPATHSUBJECT | DP:EXAMASSIGNMENTS.EXAMNAME3 | Y | N | DP:SAMPATHASSIGNMENTS.SAMPATHNAME |" name="And I click on SAM path button" time="0"/>
  <testcase classname="| DP:SUPER.USERNAME | DP:SUPER.PASSWORD | SAM Assignments | Assignments | DP:SAMPATHASSIGNMENTS.SAMPATHSUBJECT | DP:EXAMASSIGNMENTS.EXAMNAME3 | Y | N | DP:SAMPATHASSIGNMENTS.SAMPATHNAME |" name="And I select DP:SAMPATHASSIGNMENTS.SAMPATHSUBJECT in Subject drop down" time="0"/>
  <testcase classname="| DP:SUPER.USERNAME | DP:SUPER.PASSWORD | SAM Assignments | Assignments | DP:SAMPATHASSIGNMENTS.SAMPATHSUBJECT | DP:EXAMASSIGNMENTS.EXAMNAME3 | Y | N | DP:SAMPATHASSIGNMENTS.SAMPATHNAME |" name="And I select DP:EXAMASSIGNMENTS.EXAMNAME3 Y in Exam Name" time="0"/>
  <testcase classname="| DP:SUPER.USERNAME | DP:SUPER.PASSWORD | SAM Assignments | Assignments | DP:SAMPATHASSIGNMENTS.SAMPATHSUBJECT | DP:EXAMASSIGNMENTS.EXAMNAME3 | Y | N | DP:SAMPATHASSIGNMENTS.SAMPATHNAME |" name="And I click on Next Step button" time="0"/>
  <testcase classname="| DP:SUPER.USERNAME | DP:SUPER.PASSWORD | SAM Assignments | Assignments | DP:SAMPATHASSIGNMENTS.SAMPATHSUBJECT | DP:EXAMASSIGNMENTS.EXAMNAME3 | Y | N | DP:SAMPATHASSIGNMENTS.SAMPATHNAME |" name="And I enter DP:SAMPATHASSIGNMENTS.SAMPATHNAME Y in Assignment Name" time="0"/>
  <testcase classname="| DP:SUPER.USERNAME | DP:SUPER.PASSWORD | SAM Assignments | Assignments | DP:SAMPATHASSIGNMENTS.SAMPATHSUBJECT | DP:EXAMASSIGNMENTS.EXAMNAME3 | Y | N | DP:SAMPATHASSIGNMENTS.SAMPATHNAME |" name="And I see Display Section Auto selected" time="0"/>
  <testcase classname="| DP:SUPER.USERNAME | DP:SUPER.PASSWORD | SAM Assignments | Assignments | DP:SAMPATHASSIGNMENTS.SAMPATHSUBJECT | DP:EXAMASSIGNMENTS.EXAMNAME3 | Y | N | DP:SAMPATHASSIGNMENTS.SAMPATHNAME |" name="And I click on Save button" time="0"/>
  <testcase classname="| DP:SUPER.USERNAME | DP:SUPER.PASSWORD | SAM Assignments | Assignments | DP:SAMPATHASSIGNMENTS.SAMPATHSUBJECT | DP:EXAMASSIGNMENTS.EXAMNAME3 | Y | N | DP:SAMPATHASSIGNMENTS.SAMPATHNAME |" name="And I click on X icon" time="0"/>
  <testcase classname="| DP:SUPER.USERNAME | DP:SUPER.PASSWORD | SAM Assignments | Assignments | DP:SAMPATHASSIGNMENTS.SAMPATHSUBJECT | DP:EXAMASSIGNMENTS.EXAMNAME3 | Y | N | DP:SAMPATHASSIGNMENTS.SAMPATHNAME |" name="And I click on SAM Assignments tab" time="0"/>
  <testcase classname="| DP:SUPER.USERNAME | DP:SUPER.PASSWORD | SAM Assignments | Assignments | DP:SAMPATHASSIGNMENTS.SAMPATHSUBJECT | DP:EXAMASSIGNMENTS.EXAMNAME3 | Y | N | DP:SAMPATHASSIGNMENTS.SAMPATHNAME |" name="And I see DP:SAMPATHASSIGNMENTS.SAMPATHNAME Y in Exams page" time="0"/>
  <testcase classname="| DP:SUPER.USERNAME | DP:SUPER.PASSWORD | SAM Assignments | Assignments | DP:SAMPATHASSIGNMENTS.SAMPATHSUBJECT | DP:EXAMASSIGNMENTS.EXAMNAME3 | Y | N | DP:SAMPATHASSIGNMENTS.SAMPATHNAME |" name="When I click on Schedule Individual Student Assignment icon" time="0"/>
  <testcase classname="| DP:SUPER.USERNAME | DP:SUPER.PASSWORD | SAM Assignments | Assignments | DP:SAMPATHASSIGNMENTS.SAMPATHSUBJECT | DP:EXAMASSIGNMENTS.EXAMNAME3 | Y | N | DP:SAMPATHASSIGNMENTS.SAMPATHNAME |" name="Then I see Display Section Auto selected in ISA Scheduling" time="0"/>
  <testcase classname="| DP:SUPER.USERNAME | DP:SUPER.PASSWORD | SAM Assignments | Assignments | DP:SAMPATHASSIGNMENTS.SAMPATHSUBJECT | DP:EXAMASSIGNMENTS.EXAMNAME3 | Y | N | DP:SAMPATHASSIGNMENTS.SAMPATHNAME |" name="And I click on Logout button" time="0"/>
  <testcase classname="| DP:SUPER.USERNAME | DP:SUPER.PASSWORD | SAM Assignments | Assignments | DP:SAMPATHASSIGNMENTS.SAMPATHSUBJECT | DP:EXAMASSIGNMENTS.EXAMNAME3 | Y | N | DP:SAMPATHASSIGNMENTS.SAMPATHNAME |" name="| DP:SUPER.USERNAME | DP:SUPER.PASSWORD | SAM Assignments | Assignments | DP:SAMPATHASSIGNMENTS.SAMPATHSUBJECT | DP:EXAMASSIGNMENTS.EXAMNAME3 | Y | N | DP:SAMPATHASSIGNMENTS.SAMPATHNAME |" time="0.011"/>
  <testcase classname="| DP:SUPER.USERNAME | Y | DP:SUPER.PASSWORD | DP:SAMPATHASSIGNMENTS.SAMPATHNAME | SAM Assignments | Sections | Assignments | DP:SECTIONS.SECTIONNAME | DP:PROJECTASSIGNMENTS.PROJECTASSIGNMENTNAME1 | DP:EXAMASSIGNMENTS.EXAMNAME3 | DP:TRAININGASSIGNMENTS.TRAININGEDITNAME1 | DP:SECTIONS.SECTIONNAME1 | N | DP:SECTIONS.COURSENAME | DP:SECTIONS.TERM | DP:TEXTBOOK.SERIES | DP:TEXTBOOK.SUBJECT | DP:TEXTBOOK.BOOK |" name="Given As a user I see login page of LMS" time="0"/>
  <testcase classname="| DP:SUPER.USERNAME | Y | DP:SUPER.PASSWORD | DP:SAMPATHASSIGNMENTS.SAMPATHNAME | SAM Assignments | Sections | Assignments | DP:SECTIONS.SECTIONNAME | DP:PROJECTASSIGNMENTS.PROJECTASSIGNMENTNAME1 | DP:EXAMASSIGNMENTS.EXAMNAME3 | DP:TRAININGASSIGNMENTS.TRAININGEDITNAME1 | DP:SECTIONS.SECTIONNAME1 | N | DP:SECTIONS.COURSENAME | DP:SECTIONS.TERM | DP:TEXTBOOK.SERIES | DP:TEXTBOOK.SUBJECT | DP:TEXTBOOK.BOOK |" name="And I enter DP:SUPER.USERNAME N Username in LMS login page" time="0"/>
  <testcase classname="| DP:SUPER.USERNAME | Y | DP:SUPER.PASSWORD | DP:SAMPATHASSIGNMENTS.SAMPATHNAME | SAM Assignments | Sections | Assignments | DP:SECTIONS.SECTIONNAME | DP:PROJECTASSIGNMENTS.PROJECTASSIGNMENTNAME1 | DP:EXAMASSIGNMENTS.EXAMNAME3 | DP:TRAININGASSIGNMENTS.TRAININGEDITNAME1 | DP:SECTIONS.SECTIONNAME1 | N | DP:SECTIONS.COURSENAME | DP:SECTIONS.TERM | DP:TEXTBOOK.SERIES | DP:TEXTBOOK.SUBJECT | DP:TEXTBOOK.BOOK |" name="And I enter DP:SUPER.PASSWORD Password in LMS login page" time="0"/>
  <testcase classname="| DP:SUPER.USERNAME | Y | DP:SUPER.PASSWORD | DP:SAMPATHASSIGNMENTS.SAMPATHNAME | SAM Assignments | Sections | Assignments | DP:SECTIONS.SECTIONNAME | DP:PROJECTASSIGNMENTS.PROJECTASSIGNMENTNAME1 | DP:EXAMASSIGNMENTS.EXAMNAME3 | DP:TRAININGASSIGNMENTS.TRAININGEDITNAME1 | DP:SECTIONS.SECTIONNAME1 | N | DP:SECTIONS.COURSENAME | DP:SECTIONS.TERM | DP:TEXTBOOK.SERIES | DP:TEXTBOOK.SUBJECT | DP:TEXTBOOK.BOOK |" name="And I click on Log In button" time="0"/>
  <testcase classname="| DP:SUPER.USERNAME | Y | DP:SUPER.PASSWORD | DP:SAMPATHASSIGNMENTS.SAMPATHNAME | SAM Assignments | Sections | Assignments | DP:SECTIONS.SECTIONNAME | DP:PROJECTASSIGNMENTS.PROJECTASSIGNMENTNAME1 | DP:EXAMASSIGNMENTS.EXAMNAME3 | DP:TRAININGASSIGNMENTS.TRAININGEDITNAME1 | DP:SECTIONS.SECTIONNAME1 | N | DP:SECTIONS.COURSENAME | DP:SECTIONS.TERM | DP:TEXTBOOK.SERIES | DP:TEXTBOOK.SUBJECT | DP:TEXTBOOK.BOOK |" name="And I see home page of LMS" time="0"/>
  <testcase classname="| DP:SUPER.USERNAME | Y | DP:SUPER.PASSWORD | DP:SAMPATHASSIGNMENTS.SAMPATHNAME | SAM Assignments | Sections | Assignments | DP:SECTIONS.SECTIONNAME | DP:PROJECTASSIGNMENTS.PROJECTASSIGNMENTNAME1 | DP:EXAMASSIGNMENTS.EXAMNAME3 | DP:TRAININGASSIGNMENTS.TRAININGEDITNAME1 | DP:SECTIONS.SECTIONNAME1 | N | DP:SECTIONS.COURSENAME | DP:SECTIONS.TERM | DP:TEXTBOOK.SERIES | DP:TEXTBOOK.SUBJECT | DP:TEXTBOOK.BOOK |" name="And I click on Sections tab" time="0"/>
  <testcase classname="| DP:SUPER.USERNAME | Y | DP:SUPER.PASSWORD | DP:SAMPATHASSIGNMENTS.SAMPATHNAME | SAM Assignments | Sections | Assignments | DP:SECTIONS.SECTIONNAME | DP:PROJECTASSIGNMENTS.PROJECTASSIGNMENTNAME1 | DP:EXAMASSIGNMENTS.EXAMNAME3 | DP:TRAININGASSIGNMENTS.TRAININGEDITNAME1 | DP:SECTIONS.SECTIONNAME1 | N | DP:SECTIONS.COURSENAME | DP:SECTIONS.TERM | DP:TEXTBOOK.SERIES | DP:TEXTBOOK.SUBJECT | DP:TEXTBOOK.BOOK |" name="And I click on Add New button" time="0"/>
  <testcase classname="| DP:SUPER.USERNAME | Y | DP:SUPER.PASSWORD | DP:SAMPATHASSIGNMENTS.SAMPATHNAME | SAM Assignments | Sections | Assignments | DP:SECTIONS.SECTIONNAME | DP:PROJECTASSIGNMENTS.PROJECTASSIGNMENTNAME1 | DP:EXAMASSIGNMENTS.EXAMNAME3 | DP:TRAININGASSIGNMENTS.TRAININGEDITNAME1 | DP:SECTIONS.SECTIONNAME1 | N | DP:SECTIONS.COURSENAME | DP:SECTIONS.TERM | DP:TEXTBOOK.SERIES | DP:TEXTBOOK.SUBJECT | DP:TEXTBOOK.BOOK |" name="And I enter DP:SECTIONS.SECTIONNAME1 Y in Section Name" time="0"/>
  <testcase classname="| DP:SUPER.USERNAME | Y | DP:SUPER.PASSWORD | DP:SAMPATHASSIGNMENTS.SAMPATHNAME | SAM Assignments | Sections | Assignments | DP:SECTIONS.SECTIONNAME | DP:PROJECTASSIGNMENTS.PROJECTASSIGNMENTNAME1 | DP:EXAMASSIGNMENTS.EXAMNAME3 | DP:TRAININGASSIGNMENTS.TRAININGEDITNAME1 | DP:SECTIONS.SECTIONNAME1 | N | DP:SECTIONS.COURSENAME | DP:SECTIONS.TERM | DP:TEXTBOOK.SERIES | DP:TEXTBOOK.SUBJECT | DP:TEXTBOOK.BOOK |" name="And I enter DP:SECTIONS.COURSENAME in Course Name" time="0"/>
  <testcase classname="| DP:SUPER.USERNAME | Y | DP:SUPER.PASSWORD | DP:SAMPATHASSIGNMENTS.SAMPATHNAME | SAM Assignments | Sections | Assignments | DP:SECTIONS.SECTIONNAME | DP:PROJECTASSIGNMENTS.PROJECTASSIGNMENTNAME1 | DP:EXAMASSIGNMENTS.EXAMNAME3 | DP:TRAININGASSIGNMENTS.TRAININGEDITNAME1 | DP:SECTIONS.SECTIONNAME1 | N | DP:SECTIONS.COURSENAME | DP:SECTIONS.TERM | DP:TEXTBOOK.SERIES | DP:TEXTBOOK.SUBJECT | DP:TEXTBOOK.BOOK |" name="And I enter DP:SECTIONS.TERM in Term" time="0"/>
  <testcase classname="| DP:SUPER.USERNAME | Y | DP:SUPER.PASSWORD | DP:SAMPATHASSIGNMENTS.SAMPATHNAME | SAM Assignments | Sections | Assignments | DP:SECTIONS.SECTIONNAME | DP:PROJECTASSIGNMENTS.PROJECTASSIGNMENTNAME1 | DP:EXAMASSIGNMENTS.EXAMNAME3 | DP:TRAININGASSIGNMENTS.TRAININGEDITNAME1 | DP:SECTIONS.SECTIONNAME1 | N | DP:SECTIONS.COURSENAME | DP:SECTIONS.TERM | DP:TEXTBOOK.SERIES | DP:TEXTBOOK.SUBJECT | DP:TEXTBOOK.BOOK |" name="And I click on Save button" time="0"/>
  <testcase classname="| DP:SUPER.USERNAME | Y | DP:SUPER.PASSWORD | DP:SAMPATHASSIGNMENTS.SAMPATHNAME | SAM Assignments | Sections | Assignments | DP:SECTIONS.SECTIONNAME | DP:PROJECTASSIGNMENTS.PROJECTASSIGNMENTNAME1 | DP:EXAMASSIGNMENTS.EXAMNAME3 | DP:TRAININGASSIGNMENTS.TRAININGEDITNAME1 | DP:SECTIONS.SECTIONNAME1 | N | DP:SECTIONS.COURSENAME | DP:SECTIONS.TERM | DP:TEXTBOOK.SERIES | DP:TEXTBOOK.SUBJECT | DP:TEXTBOOK.BOOK |" name="And I click on OK button in popup" time="0"/>
  <testcase classname="| DP:SUPER.USERNAME | Y | DP:SUPER.PASSWORD | DP:SAMPATHASSIGNMENTS.SAMPATHNAME | SAM Assignments | Sections | Assignments | DP:SECTIONS.SECTIONNAME | DP:PROJECTASSIGNMENTS.PROJECTASSIGNMENTNAME1 | DP:EXAMASSIGNMENTS.EXAMNAME3 | DP:TRAININGASSIGNMENTS.TRAININGEDITNAME1 | DP:SECTIONS.SECTIONNAME1 | N | DP:SECTIONS.COURSENAME | DP:SECTIONS.TERM | DP:TEXTBOOK.SERIES | DP:TEXTBOOK.SUBJECT | DP:TEXTBOOK.BOOK |" name="And I click on text book tab in section page" time="0"/>
  <testcase classname="| DP:SUPER.USERNAME | Y | DP:SUPER.PASSWORD | DP:SAMPATHASSIGNMENTS.SAMPATHNAME | SAM Assignments | Sections | Assignments | DP:SECTIONS.SECTIONNAME | DP:PROJECTASSIGNMENTS.PROJECTASSIGNMENTNAME1 | DP:EXAMASSIGNMENTS.EXAMNAME3 | DP:TRAININGASSIGNMENTS.TRAININGEDITNAME1 | DP:SECTIONS.SECTIONNAME1 | N | DP:SECTIONS.COURSENAME | DP:SECTIONS.TERM | DP:TEXTBOOK.SERIES | DP:TEXTBOOK.SUBJECT | DP:TEXTBOOK.BOOK |" name="And I Click on Available Textbook in textbook tab" time="0"/>
  <testcase classname="| DP:SUPER.USERNAME | Y | DP:SUPER.PASSWORD | DP:SAMPATHASSIGNMENTS.SAMPATHNAME | SAM Assignments | Sections | Assignments | DP:SECTIONS.SECTIONNAME | DP:PROJECTASSIGNMENTS.PROJECTASSIGNMENTNAME1 | DP:EXAMASSIGNMENTS.EXAMNAME3 | DP:TRAININGASSIGNMENTS.TRAININGEDITNAME1 | DP:SECTIONS.SECTIONNAME1 | N | DP:SECTIONS.COURSENAME | DP:SECTIONS.TERM | DP:TEXTBOOK.SERIES | DP:TEXTBOOK.SUBJECT | DP:TEXTBOOK.BOOK |" name="And I select DP:TEXTBOOK.SERIES from Series drop down" time="0"/>
  <testcase classname="| DP:SUPER.USERNAME | Y | DP:SUPER.PASSWORD | DP:SAMPATHASSIGNMENTS.SAMPATHNAME | SAM Assignments | Sections | Assignments | DP:SECTIONS.SECTIONNAME | DP:PROJECTASSIGNMENTS.PROJECTASSIGNMENTNAME1 | DP:EXAMASSIGNMENTS.EXAMNAME3 | DP:TRAININGASSIGNMENTS.TRAININGEDITNAME1 | DP:SECTIONS.SECTIONNAME1 | N | DP:SECTIONS.COURSENAME | DP:SECTIONS.TERM | DP:TEXTBOOK.SERIES | DP:TEXTBOOK.SUBJECT | DP:TEXTBOOK.BOOK |" name="And I select DP:TEXTBOOK.SUBJECT from Subject drop down" time="0"/>
  <testcase classname="| DP:SUPER.USERNAME | Y | DP:SUPER.PASSWORD | DP:SAMPATHASSIGNMENTS.SAMPATHNAME | SAM Assignments | Sections | Assignments | DP:SECTIONS.SECTIONNAME | DP:PROJECTASSIGNMENTS.PROJECTASSIGNMENTNAME1 | DP:EXAMASSIGNMENTS.EXAMNAME3 | DP:TRAININGASSIGNMENTS.TRAININGEDITNAME1 | DP:SECTIONS.SECTIONNAME1 | N | DP:SECTIONS.COURSENAME | DP:SECTIONS.TERM | DP:TEXTBOOK.SERIES | DP:TEXTBOOK.SUBJECT | DP:TEXTBOOK.BOOK |" name="And I Click on DP:TEXTBOOK.BOOK Add Item button" time="0"/>
  <testcase classname="| DP:SUPER.USERNAME | Y | DP:SUPER.PASSWORD | DP:SAMPATHASSIGNMENTS.SAMPATHNAME | SAM Assignments | Sections | Assignments | DP:SECTIONS.SECTIONNAME | DP:PROJECTASSIGNMENTS.PROJECTASSIGNMENTNAME1 | DP:EXAMASSIGNMENTS.EXAMNAME3 | DP:TRAININGASSIGNMENTS.TRAININGEDITNAME1 | DP:SECTIONS.SECTIONNAME1 | N | DP:SECTIONS.COURSENAME | DP:SECTIONS.TERM | DP:TEXTBOOK.SERIES | DP:TEXTBOOK.SUBJECT | DP:TEXTBOOK.BOOK |" name="And I Click on Active Textbooks in textbook tab" time="0"/>
  <testcase classname="| DP:SUPER.USERNAME | Y | DP:SUPER.PASSWORD | DP:SAMPATHASSIGNMENTS.SAMPATHNAME | SAM Assignments | Sections | Assignments | DP:SECTIONS.SECTIONNAME | DP:PROJECTASSIGNMENTS.PROJECTASSIGNMENTNAME1 | DP:EXAMASSIGNMENTS.EXAMNAME3 | DP:TRAININGASSIGNMENTS.TRAININGEDITNAME1 | DP:SECTIONS.SECTIONNAME1 | N | DP:SECTIONS.COURSENAME | DP:SECTIONS.TERM | DP:TEXTBOOK.SERIES | DP:TEXTBOOK.SUBJECT | DP:TEXTBOOK.BOOK |" name="And I Click on Student readings toggle" time="0"/>
  <testcase classname="| DP:SUPER.USERNAME | Y | DP:SUPER.PASSWORD | DP:SAMPATHASSIGNMENTS.SAMPATHNAME | SAM Assignments | Sections | Assignments | DP:SECTIONS.SECTIONNAME | DP:PROJECTASSIGNMENTS.PROJECTASSIGNMENTNAME1 | DP:EXAMASSIGNMENTS.EXAMNAME3 | DP:TRAININGASSIGNMENTS.TRAININGEDITNAME1 | DP:SECTIONS.SECTIONNAME1 | N | DP:SECTIONS.COURSENAME | DP:SECTIONS.TERM | DP:TEXTBOOK.SERIES | DP:TEXTBOOK.SUBJECT | DP:TEXTBOOK.BOOK |" name="And I click on save and close button in section page" time="0"/>
  <testcase classname="| DP:SUPER.USERNAME | Y | DP:SUPER.PASSWORD | DP:SAMPATHASSIGNMENTS.SAMPATHNAME | SAM Assignments | Sections | Assignments | DP:SECTIONS.SECTIONNAME | DP:PROJECTASSIGNMENTS.PROJECTASSIGNMENTNAME1 | DP:EXAMASSIGNMENTS.EXAMNAME3 | DP:TRAININGASSIGNMENTS.TRAININGEDITNAME1 | DP:SECTIONS.SECTIONNAME1 | N | DP:SECTIONS.COURSENAME | DP:SECTIONS.TERM | DP:TEXTBOOK.SERIES | DP:TEXTBOOK.SUBJECT | DP:TEXTBOOK.BOOK |" name="And I see the created DP:SECTIONS.SECTIONNAME1 Y in Sections page" time="0"/>
  <testcase classname="| DP:SUPER.USERNAME | Y | DP:SUPER.PASSWORD | DP:SAMPATHASSIGNMENTS.SAMPATHNAME | SAM Assignments | Sections | Assignments | DP:SECTIONS.SECTIONNAME | DP:PROJECTASSIGNMENTS.PROJECTASSIGNMENTNAME1 | DP:EXAMASSIGNMENTS.EXAMNAME3 | DP:TRAININGASSIGNMENTS.TRAININGEDITNAME1 | DP:SECTIONS.SECTIONNAME1 | N | DP:SECTIONS.COURSENAME | DP:SECTIONS.TERM | DP:TEXTBOOK.SERIES | DP:TEXTBOOK.SUBJECT | DP:TEXTBOOK.BOOK |" name="And I click on SAM Assignments tab" time="0"/>
  <testcase classname="| DP:SUPER.USERNAME | Y | DP:SUPER.PASSWORD | DP:SAMPATHASSIGNMENTS.SAMPATHNAME | SAM Assignments | Sections | Assignments | DP:SECTIONS.SECTIONNAME | DP:PROJECTASSIGNMENTS.PROJECTASSIGNMENTNAME1 | DP:EXAMASSIGNMENTS.EXAMNAME3 | DP:TRAININGASSIGNMENTS.TRAININGEDITNAME1 | DP:SECTIONS.SECTIONNAME1 | N | DP:SECTIONS.COURSENAME | DP:SECTIONS.TERM | DP:TEXTBOOK.SERIES | DP:TEXTBOOK.SUBJECT | DP:TEXTBOOK.BOOK |" name="And I click on Assignments tab" time="0"/>
  <testcase classname="| DP:SUPER.USERNAME | Y | DP:SUPER.PASSWORD | DP:SAMPATHASSIGNMENTS.SAMPATHNAME | SAM Assignments | Sections | Assignments | DP:SECTIONS.SECTIONNAME | DP:PROJECTASSIGNMENTS.PROJECTASSIGNMENTNAME1 | DP:EXAMASSIGNMENTS.EXAMNAME3 | DP:TRAININGASSIGNMENTS.TRAININGEDITNAME1 | DP:SECTIONS.SECTIONNAME1 | N | DP:SECTIONS.COURSENAME | DP:SECTIONS.TERM | DP:TEXTBOOK.SERIES | DP:TEXTBOOK.SUBJECT | DP:TEXTBOOK.BOOK |" name="And I select DP:SECTIONS.SECTIONNAME Y from section drop down" time="0"/>
  <testcase classname="| DP:SUPER.USERNAME | Y | DP:SUPER.PASSWORD | DP:SAMPATHASSIGNMENTS.SAMPATHNAME | SAM Assignments | Sections | Assignments | DP:SECTIONS.SECTIONNAME | DP:PROJECTASSIGNMENTS.PROJECTASSIGNMENTNAME1 | DP:EXAMASSIGNMENTS.EXAMNAME3 | DP:TRAININGASSIGNMENTS.TRAININGEDITNAME1 | DP:SECTIONS.SECTIONNAME1 | N | DP:SECTIONS.COURSENAME | DP:SECTIONS.TERM | DP:TEXTBOOK.SERIES | DP:TEXTBOOK.SUBJECT | DP:TEXTBOOK.BOOK |" name="And I see DP:EXAMASSIGNMENTS.EXAMNAME3 Y in Assignment tab" time="0"/>
  <testcase classname="| DP:SUPER.USERNAME | Y | DP:SUPER.PASSWORD | DP:SAMPATHASSIGNMENTS.SAMPATHNAME | SAM Assignments | Sections | Assignments | DP:SECTIONS.SECTIONNAME | DP:PROJECTASSIGNMENTS.PROJECTASSIGNMENTNAME1 | DP:EXAMASSIGNMENTS.EXAMNAME3 | DP:TRAININGASSIGNMENTS.TRAININGEDITNAME1 | DP:SECTIONS.SECTIONNAME1 | N | DP:SECTIONS.COURSENAME | DP:SECTIONS.TERM | DP:TEXTBOOK.SERIES | DP:TEXTBOOK.SUBJECT | DP:TEXTBOOK.BOOK |" name="And I click on DP:EXAMASSIGNMENTS.EXAMNAME3 Y Edit icon" time="0"/>
  <testcase classname="| DP:SUPER.USERNAME | Y | DP:SUPER.PASSWORD | DP:SAMPATHASSIGNMENTS.SAMPATHNAME | SAM Assignments | Sections | Assignments | DP:SECTIONS.SECTIONNAME | DP:PROJECTASSIGNMENTS.PROJECTASSIGNMENTNAME1 | DP:EXAMASSIGNMENTS.EXAMNAME3 | DP:TRAININGASSIGNMENTS.TRAININGEDITNAME1 | DP:SECTIONS.SECTIONNAME1 | N | DP:SECTIONS.COURSENAME | DP:SECTIONS.TERM | DP:TEXTBOOK.SERIES | DP:TEXTBOOK.SUBJECT | DP:TEXTBOOK.BOOK |" name="And I click on section drop down" time="0"/>
  <testcase classname="| DP:SUPER.USERNAME | Y | DP:SUPER.PASSWORD | DP:SAMPATHASSIGNMENTS.SAMPATHNAME | SAM Assignments | Sections | Assignments | DP:SECTIONS.SECTIONNAME | DP:PROJECTASSIGNMENTS.PROJECTASSIGNMENTNAME1 | DP:EXAMASSIGNMENTS.EXAMNAME3 | DP:TRAININGASSIGNMENTS.TRAININGEDITNAME1 | DP:SECTIONS.SECTIONNAME1 | N | DP:SECTIONS.COURSENAME | DP:SECTIONS.TERM | DP:TEXTBOOK.SERIES | DP:TEXTBOOK.SUBJECT | DP:TEXTBOOK.BOOK |" name="And I check DP:SECTIONS.SECTIONNAME1 Y in Select section drop down" time="0"/>
  <testcase classname="| DP:SUPER.USERNAME | Y | DP:SUPER.PASSWORD | DP:SAMPATHASSIGNMENTS.SAMPATHNAME | SAM Assignments | Sections | Assignments | DP:SECTIONS.SECTIONNAME | DP:PROJECTASSIGNMENTS.PROJECTASSIGNMENTNAME1 | DP:EXAMASSIGNMENTS.EXAMNAME3 | DP:TRAININGASSIGNMENTS.TRAININGEDITNAME1 | DP:SECTIONS.SECTIONNAME1 | N | DP:SECTIONS.COURSENAME | DP:SECTIONS.TERM | DP:TEXTBOOK.SERIES | DP:TEXTBOOK.SUBJECT | DP:TEXTBOOK.BOOK |" name="And I click on section drop down" time="0"/>
  <testcase classname="| DP:SUPER.USERNAME | Y | DP:SUPER.PASSWORD | DP:SAMPATHASSIGNMENTS.SAMPATHNAME | SAM Assignments | Sections | Assignments | DP:SECTIONS.SECTIONNAME | DP:PROJECTASSIGNMENTS.PROJECTASSIGNMENTNAME1 | DP:EXAMASSIGNMENTS.EXAMNAME3 | DP:TRAININGASSIGNMENTS.TRAININGEDITNAME1 | DP:SECTIONS.SECTIONNAME1 | N | DP:SECTIONS.COURSENAME | DP:SECTIONS.TERM | DP:TEXTBOOK.SERIES | DP:TEXTBOOK.SUBJECT | DP:TEXTBOOK.BOOK |" name="And I click on Save button" time="0"/>
  <testcase classname="| DP:SUPER.USERNAME | Y | DP:SUPER.PASSWORD | DP:SAMPATHASSIGNMENTS.SAMPATHNAME | SAM Assignments | Sections | Assignments | DP:SECTIONS.SECTIONNAME | DP:PROJECTASSIGNMENTS.PROJECTASSIGNMENTNAME1 | DP:EXAMASSIGNMENTS.EXAMNAME3 | DP:TRAININGASSIGNMENTS.TRAININGEDITNAME1 | DP:SECTIONS.SECTIONNAME1 | N | DP:SECTIONS.COURSENAME | DP:SECTIONS.TERM | DP:TEXTBOOK.SERIES | DP:TEXTBOOK.SUBJECT | DP:TEXTBOOK.BOOK |" name="And I see DP:TRAININGASSIGNMENTS.TRAININGEDITNAME1 Y in Assignment tab" time="0"/>
  <testcase classname="| DP:SUPER.USERNAME | Y | DP:SUPER.PASSWORD | DP:SAMPATHASSIGNMENTS.SAMPATHNAME | SAM Assignments | Sections | Assignments | DP:SECTIONS.SECTIONNAME | DP:PROJECTASSIGNMENTS.PROJECTASSIGNMENTNAME1 | DP:EXAMASSIGNMENTS.EXAMNAME3 | DP:TRAININGASSIGNMENTS.TRAININGEDITNAME1 | DP:SECTIONS.SECTIONNAME1 | N | DP:SECTIONS.COURSENAME | DP:SECTIONS.TERM | DP:TEXTBOOK.SERIES | DP:TEXTBOOK.SUBJECT | DP:TEXTBOOK.BOOK |" name="And I click on DP:TRAININGASSIGNMENTS.TRAININGEDITNAME1 Y Edit icon" time="0"/>
  <testcase classname="| DP:SUPER.USERNAME | Y | DP:SUPER.PASSWORD | DP:SAMPATHASSIGNMENTS.SAMPATHNAME | SAM Assignments | Sections | Assignments | DP:SECTIONS.SECTIONNAME | DP:PROJECTASSIGNMENTS.PROJECTASSIGNMENTNAME1 | DP:EXAMASSIGNMENTS.EXAMNAME3 | DP:TRAININGASSIGNMENTS.TRAININGEDITNAME1 | DP:SECTIONS.SECTIONNAME1 | N | DP:SECTIONS.COURSENAME | DP:SECTIONS.TERM | DP:TEXTBOOK.SERIES | DP:TEXTBOOK.SUBJECT | DP:TEXTBOOK.BOOK |" name="And I click on section drop down" time="0"/>
  <testcase classname="| DP:SUPER.USERNAME | Y | DP:SUPER.PASSWORD | DP:SAMPATHASSIGNMENTS.SAMPATHNAME | SAM Assignments | Sections | Assignments | DP:SECTIONS.SECTIONNAME | DP:PROJECTASSIGNMENTS.PROJECTASSIGNMENTNAME1 | DP:EXAMASSIGNMENTS.EXAMNAME3 | DP:TRAININGASSIGNMENTS.TRAININGEDITNAME1 | DP:SECTIONS.SECTIONNAME1 | N | DP:SECTIONS.COURSENAME | DP:SECTIONS.TERM | DP:TEXTBOOK.SERIES | DP:TEXTBOOK.SUBJECT | DP:TEXTBOOK.BOOK |" name="And I check DP:SECTIONS.SECTIONNAME1 Y in Select section drop down" time="0"/>
  <testcase classname="| DP:SUPER.USERNAME | Y | DP:SUPER.PASSWORD | DP:SAMPATHASSIGNMENTS.SAMPATHNAME | SAM Assignments | Sections | Assignments | DP:SECTIONS.SECTIONNAME | DP:PROJECTASSIGNMENTS.PROJECTASSIGNMENTNAME1 | DP:EXAMASSIGNMENTS.EXAMNAME3 | DP:TRAININGASSIGNMENTS.TRAININGEDITNAME1 | DP:SECTIONS.SECTIONNAME1 | N | DP:SECTIONS.COURSENAME | DP:SECTIONS.TERM | DP:TEXTBOOK.SERIES | DP:TEXTBOOK.SUBJECT | DP:TEXTBOOK.BOOK |" name="And I click on section drop down" time="0"/>
  <testcase classname="| DP:SUPER.USERNAME | Y | DP:SUPER.PASSWORD | DP:SAMPATHASSIGNMENTS.SAMPATHNAME | SAM Assignments | Sections | Assignments | DP:SECTIONS.SECTIONNAME | DP:PROJECTASSIGNMENTS.PROJECTASSIGNMENTNAME1 | DP:EXAMASSIGNMENTS.EXAMNAME3 | DP:TRAININGASSIGNMENTS.TRAININGEDITNAME1 | DP:SECTIONS.SECTIONNAME1 | N | DP:SECTIONS.COURSENAME | DP:SECTIONS.TERM | DP:TEXTBOOK.SERIES | DP:TEXTBOOK.SUBJECT | DP:TEXTBOOK.BOOK |" name="And I click on Save button" time="0"/>
  <testcase classname="| DP:SUPER.USERNAME | Y | DP:SUPER.PASSWORD | DP:SAMPATHASSIGNMENTS.SAMPATHNAME | SAM Assignments | Sections | Assignments | DP:SECTIONS.SECTIONNAME | DP:PROJECTASSIGNMENTS.PROJECTASSIGNMENTNAME1 | DP:EXAMASSIGNMENTS.EXAMNAME3 | DP:TRAININGASSIGNMENTS.TRAININGEDITNAME1 | DP:SECTIONS.SECTIONNAME1 | N | DP:SECTIONS.COURSENAME | DP:SECTIONS.TERM | DP:TEXTBOOK.SERIES | DP:TEXTBOOK.SUBJECT | DP:TEXTBOOK.BOOK |" name="And I see DP:PROJECTASSIGNMENTS.PROJECTASSIGNMENTNAME1 Y in Assignment tab" time="0"/>
  <testcase classname="| DP:SUPER.USERNAME | Y | DP:SUPER.PASSWORD | DP:SAMPATHASSIGNMENTS.SAMPATHNAME | SAM Assignments | Sections | Assignments | DP:SECTIONS.SECTIONNAME | DP:PROJECTASSIGNMENTS.PROJECTASSIGNMENTNAME1 | DP:EXAMASSIGNMENTS.EXAMNAME3 | DP:TRAININGASSIGNMENTS.TRAININGEDITNAME1 | DP:SECTIONS.SECTIONNAME1 | N | DP:SECTIONS.COURSENAME | DP:SECTIONS.TERM | DP:TEXTBOOK.SERIES | DP:TEXTBOOK.SUBJECT | DP:TEXTBOOK.BOOK |" name="And I click on DP:PROJECTASSIGNMENTS.PROJECTASSIGNMENTNAME1 Y Edit icon" time="0"/>
  <testcase classname="| DP:SUPER.USERNAME | Y | DP:SUPER.PASSWORD | DP:SAMPATHASSIGNMENTS.SAMPATHNAME | SAM Assignments | Sections | Assignments | DP:SECTIONS.SECTIONNAME | DP:PROJECTASSIGNMENTS.PROJECTASSIGNMENTNAME1 | DP:EXAMASSIGNMENTS.EXAMNAME3 | DP:TRAININGASSIGNMENTS.TRAININGEDITNAME1 | DP:SECTIONS.SECTIONNAME1 | N | DP:SECTIONS.COURSENAME | DP:SECTIONS.TERM | DP:TEXTBOOK.SERIES | DP:TEXTBOOK.SUBJECT | DP:TEXTBOOK.BOOK |" name="And I click on section drop down" time="0"/>
  <testcase classname="| DP:SUPER.USERNAME | Y | DP:SUPER.PASSWORD | DP:SAMPATHASSIGNMENTS.SAMPATHNAME | SAM Assignments | Sections | Assignments | DP:SECTIONS.SECTIONNAME | DP:PROJECTASSIGNMENTS.PROJECTASSIGNMENTNAME1 | DP:EXAMASSIGNMENTS.EXAMNAME3 | DP:TRAININGASSIGNMENTS.TRAININGEDITNAME1 | DP:SECTIONS.SECTIONNAME1 | N | DP:SECTIONS.COURSENAME | DP:SECTIONS.TERM | DP:TEXTBOOK.SERIES | DP:TEXTBOOK.SUBJECT | DP:TEXTBOOK.BOOK |" name="And I check DP:SECTIONS.SECTIONNAME1 Y in Select section drop down" time="0"/>
  <testcase classname="| DP:SUPER.USERNAME | Y | DP:SUPER.PASSWORD | DP:SAMPATHASSIGNMENTS.SAMPATHNAME | SAM Assignments | Sections | Assignments | DP:SECTIONS.SECTIONNAME | DP:PROJECTASSIGNMENTS.PROJECTASSIGNMENTNAME1 | DP:EXAMASSIGNMENTS.EXAMNAME3 | DP:TRAININGASSIGNMENTS.TRAININGEDITNAME1 | DP:SECTIONS.SECTIONNAME1 | N | DP:SECTIONS.COURSENAME | DP:SECTIONS.TERM | DP:TEXTBOOK.SERIES | DP:TEXTBOOK.SUBJECT | DP:TEXTBOOK.BOOK |" name="And I click on section drop down" time="0"/>
  <testcase classname="| DP:SUPER.USERNAME | Y | DP:SUPER.PASSWORD | DP:SAMPATHASSIGNMENTS.SAMPATHNAME | SAM Assignments | Sections | Assignments | DP:SECTIONS.SECTIONNAME | DP:PROJECTASSIGNMENTS.PROJECTASSIGNMENTNAME1 | DP:EXAMASSIGNMENTS.EXAMNAME3 | DP:TRAININGASSIGNMENTS.TRAININGEDITNAME1 | DP:SECTIONS.SECTIONNAME1 | N | DP:SECTIONS.COURSENAME | DP:SECTIONS.TERM | DP:TEXTBOOK.SERIES | DP:TEXTBOOK.SUBJECT | DP:TEXTBOOK.BOOK |" name="And I click on Save button" time="0"/>
  <testcase classname="| DP:SUPER.USERNAME | Y | DP:SUPER.PASSWORD | DP:SAMPATHASSIGNMENTS.SAMPATHNAME | SAM Assignments | Sections | Assignments | DP:SECTIONS.SECTIONNAME | DP:PROJECTASSIGNMENTS.PROJECTASSIGNMENTNAME1 | DP:EXAMASSIGNMENTS.EXAMNAME3 | DP:TRAININGASSIGNMENTS.TRAININGEDITNAME1 | DP:SECTIONS.SECTIONNAME1 | N | DP:SECTIONS.COURSENAME | DP:SECTIONS.TERM | DP:TEXTBOOK.SERIES | DP:TEXTBOOK.SUBJECT | DP:TEXTBOOK.BOOK |" name="And I see DP:SAMPATHASSIGNMENTS.SAMPATHNAME Y in Assignment tab" time="0"/>
  <testcase classname="| DP:SUPER.USERNAME | Y | DP:SUPER.PASSWORD | DP:SAMPATHASSIGNMENTS.SAMPATHNAME | SAM Assignments | Sections | Assignments | DP:SECTIONS.SECTIONNAME | DP:PROJECTASSIGNMENTS.PROJECTASSIGNMENTNAME1 | DP:EXAMASSIGNMENTS.EXAMNAME3 | DP:TRAININGASSIGNMENTS.TRAININGEDITNAME1 | DP:SECTIONS.SECTIONNAME1 | N | DP:SECTIONS.COURSENAME | DP:SECTIONS.TERM | DP:TEXTBOOK.SERIES | DP:TEXTBOOK.SUBJECT | DP:TEXTBOOK.BOOK |" name="And I click on DP:SAMPATHASSIGNMENTS.SAMPATHNAME Y Edit icon" time="0"/>
  <testcase classname="| DP:SUPER.USERNAME | Y | DP:SUPER.PASSWORD | DP:SAMPATHASSIGNMENTS.SAMPATHNAME | SAM Assignments | Sections | Assignments | DP:SECTIONS.SECTIONNAME | DP:PROJECTASSIGNMENTS.PROJECTASSIGNMENTNAME1 | DP:EXAMASSIGNMENTS.EXAMNAME3 | DP:TRAININGASSIGNMENTS.TRAININGEDITNAME1 | DP:SECTIONS.SECTIONNAME1 | N | DP:SECTIONS.COURSENAME | DP:SECTIONS.TERM | DP:TEXTBOOK.SERIES | DP:TEXTBOOK.SUBJECT | DP:TEXTBOOK.BOOK |" name="And I click on section drop down" time="0"/>
  <testcase classname="| DP:SUPER.USERNAME | Y | DP:SUPER.PASSWORD | DP:SAMPATHASSIGNMENTS.SAMPATHNAME | SAM Assignments | Sections | Assignments | DP:SECTIONS.SECTIONNAME | DP:PROJECTASSIGNMENTS.PROJECTASSIGNMENTNAME1 | DP:EXAMASSIGNMENTS.EXAMNAME3 | DP:TRAININGASSIGNMENTS.TRAININGEDITNAME1 | DP:SECTIONS.SECTIONNAME1 | N | DP:SECTIONS.COURSENAME | DP:SECTIONS.TERM | DP:TEXTBOOK.SERIES | DP:TEXTBOOK.SUBJECT | DP:TEXTBOOK.BOOK |" name="When I check DP:SECTIONS.SECTIONNAME1 Y in Select section drop down" time="0"/>
  <testcase classname="| DP:SUPER.USERNAME | Y | DP:SUPER.PASSWORD | DP:SAMPATHASSIGNMENTS.SAMPATHNAME | SAM Assignments | Sections | Assignments | DP:SECTIONS.SECTIONNAME | DP:PROJECTASSIGNMENTS.PROJECTASSIGNMENTNAME1 | DP:EXAMASSIGNMENTS.EXAMNAME3 | DP:TRAININGASSIGNMENTS.TRAININGEDITNAME1 | DP:SECTIONS.SECTIONNAME1 | N | DP:SECTIONS.COURSENAME | DP:SECTIONS.TERM | DP:TEXTBOOK.SERIES | DP:TEXTBOOK.SUBJECT | DP:TEXTBOOK.BOOK |" name="Then I click on section drop down" time="0"/>
  <testcase classname="| DP:SUPER.USERNAME | Y | DP:SUPER.PASSWORD | DP:SAMPATHASSIGNMENTS.SAMPATHNAME | SAM Assignments | Sections | Assignments | DP:SECTIONS.SECTIONNAME | DP:PROJECTASSIGNMENTS.PROJECTASSIGNMENTNAME1 | DP:EXAMASSIGNMENTS.EXAMNAME3 | DP:TRAININGASSIGNMENTS.TRAININGEDITNAME1 | DP:SECTIONS.SECTIONNAME1 | N | DP:SECTIONS.COURSENAME | DP:SECTIONS.TERM | DP:TEXTBOOK.SERIES | DP:TEXTBOOK.SUBJECT | DP:TEXTBOOK.BOOK |" name="And I click on Save button" time="0"/>
  <testcase classname="| DP:SUPER.USERNAME | Y | DP:SUPER.PASSWORD | DP:SAMPATHASSIGNMENTS.SAMPATHNAME | SAM Assignments | Sections | Assignments | DP:SECTIONS.SECTIONNAME | DP:PROJECTASSIGNMENTS.PROJECTASSIGNMENTNAME1 | DP:EXAMASSIGNMENTS.EXAMNAME3 | DP:TRAININGASSIGNMENTS.TRAININGEDITNAME1 | DP:SECTIONS.SECTIONNAME1 | N | DP:SECTIONS.COURSENAME | DP:SECTIONS.TERM | DP:TEXTBOOK.SERIES | DP:TEXTBOOK.SUBJECT | DP:TEXTBOOK.BOOK |" name="And I click on Logout button" time="0"/>
  <testcase classname="| DP:SUPER.USERNAME | Y | DP:SUPER.PASSWORD | DP:SAMPATHASSIGNMENTS.SAMPATHNAME | SAM Assignments | Sections | Assignments | DP:SECTIONS.SECTIONNAME | DP:PROJECTASSIGNMENTS.PROJECTASSIGNMENTNAME1 | DP:EXAMASSIGNMENTS.EXAMNAME3 | DP:TRAININGASSIGNMENTS.TRAININGEDITNAME1 | DP:SECTIONS.SECTIONNAME1 | N | DP:SECTIONS.COURSENAME | DP:SECTIONS.TERM | DP:TEXTBOOK.SERIES | DP:TEXTBOOK.SUBJECT | DP:TEXTBOOK.BOOK |" name="| DP:SUPER.USERNAME | Y | DP:SUPER.PASSWORD | DP:SAMPATHASSIGNMENTS.SAMPATHNAME | SAM Assignments | Sections | Assignments | DP:SECTIONS.SECTIONNAME | DP:PROJECTASSIGNMENTS.PROJECTASSIGNMENTNAME1 | DP:EXAMASSIGNMENTS.EXAMNAME3 | DP:TRAININGASSIGNMENTS.TRAININGEDITNAME1 | DP:SECTIONS.SECTIONNAME1 | N | DP:SECTIONS.COURSENAME | DP:SECTIONS.TERM | DP:TEXTBOOK.SERIES | DP:TEXTBOOK.SUBJECT | DP:TEXTBOOK.BOOK |" time="0.001"/>
  <testcase classname="| DP:SUPER.USERNAME | DP:SUPER.PASSWORD | \u002C | SAM Assignments | Winter | 2017 | Admin | Deactivate | SAM Assignments | DP:SAMPATHASSIGNMENTS.SAMPATHNAME | DP:PROJECTASSIGNMENTS.PROJECTASSIGNMENTNAME1 | DP:EXAMASSIGNMENTS.EXAMNAME3 | DP:TRAININGASSIGNMENTS.TRAININGEDITNAME1 | Exams | Trainings | Projects | SAM Paths | N | Y |" name="Given As a user I see login page of LMS" time="0"/>
  <testcase classname="| DP:SUPER.USERNAME | DP:SUPER.PASSWORD | \u002C | SAM Assignments | Winter | 2017 | Admin | Deactivate | SAM Assignments | DP:SAMPATHASSIGNMENTS.SAMPATHNAME | DP:PROJECTASSIGNMENTS.PROJECTASSIGNMENTNAME1 | DP:EXAMASSIGNMENTS.EXAMNAME3 | DP:TRAININGASSIGNMENTS.TRAININGEDITNAME1 | Exams | Trainings | Projects | SAM Paths | N | Y |" name="And I enter DP:SUPER.USERNAME N Username in LMS login page" time="0"/>
  <testcase classname="| DP:SUPER.USERNAME | DP:SUPER.PASSWORD | \u002C | SAM Assignments | Winter | 2017 | Admin | Deactivate | SAM Assignments | DP:SAMPATHASSIGNMENTS.SAMPATHNAME | DP:PROJECTASSIGNMENTS.PROJECTASSIGNMENTNAME1 | DP:EXAMASSIGNMENTS.EXAMNAME3 | DP:TRAININGASSIGNMENTS.TRAININGEDITNAME1 | Exams | Trainings | Projects | SAM Paths | N | Y |" name="And I enter DP:SUPER.PASSWORD Password in LMS login page" time="0"/>
  <testcase classname="| DP:SUPER.USERNAME | DP:SUPER.PASSWORD | \u002C | SAM Assignments | Winter | 2017 | Admin | Deactivate | SAM Assignments | DP:SAMPATHASSIGNMENTS.SAMPATHNAME | DP:PROJECTASSIGNMENTS.PROJECTASSIGNMENTNAME1 | DP:EXAMASSIGNMENTS.EXAMNAME3 | DP:TRAININGASSIGNMENTS.TRAININGEDITNAME1 | Exams | Trainings | Projects | SAM Paths | N | Y |" name="And I click on Log In button" time="0"/>
  <testcase classname="| DP:SUPER.USERNAME | DP:SUPER.PASSWORD | \u002C | SAM Assignments | Winter | 2017 | Admin | Deactivate | SAM Assignments | DP:SAMPATHASSIGNMENTS.SAMPATHNAME | DP:PROJECTASSIGNMENTS.PROJECTASSIGNMENTNAME1 | DP:EXAMASSIGNMENTS.EXAMNAME3 | DP:TRAININGASSIGNMENTS.TRAININGEDITNAME1 | Exams | Trainings | Projects | SAM Paths | N | Y |" name="And I see home page of LMS" time="0"/>
  <testcase classname="| DP:SUPER.USERNAME | DP:SUPER.PASSWORD | \u002C | SAM Assignments | Winter | 2017 | Admin | Deactivate | SAM Assignments | DP:SAMPATHASSIGNMENTS.SAMPATHNAME | DP:PROJECTASSIGNMENTS.PROJECTASSIGNMENTNAME1 | DP:EXAMASSIGNMENTS.EXAMNAME3 | DP:TRAININGASSIGNMENTS.TRAININGEDITNAME1 | Exams | Trainings | Projects | SAM Paths | N | Y |" name="And I click on Admin tab" time="0"/>
  <testcase classname="| DP:SUPER.USERNAME | DP:SUPER.PASSWORD | \u002C | SAM Assignments | Winter | 2017 | Admin | Deactivate | SAM Assignments | DP:SAMPATHASSIGNMENTS.SAMPATHNAME | DP:PROJECTASSIGNMENTS.PROJECTASSIGNMENTNAME1 | DP:EXAMASSIGNMENTS.EXAMNAME3 | DP:TRAININGASSIGNMENTS.TRAININGEDITNAME1 | Exams | Trainings | Projects | SAM Paths | N | Y |" name="And I click on Deactivate tab in AdminTab" time="0"/>
  <testcase classname="| DP:SUPER.USERNAME | DP:SUPER.PASSWORD | \u002C | SAM Assignments | Winter | 2017 | Admin | Deactivate | SAM Assignments | DP:SAMPATHASSIGNMENTS.SAMPATHNAME | DP:PROJECTASSIGNMENTS.PROJECTASSIGNMENTNAME1 | DP:EXAMASSIGNMENTS.EXAMNAME3 | DP:TRAININGASSIGNMENTS.TRAININGEDITNAME1 | Exams | Trainings | Projects | SAM Paths | N | Y |" name="And I click on SAM Assignments label RadioButton" time="0"/>
  <testcase classname="| DP:SUPER.USERNAME | DP:SUPER.PASSWORD | \u002C | SAM Assignments | Winter | 2017 | Admin | Deactivate | SAM Assignments | DP:SAMPATHASSIGNMENTS.SAMPATHNAME | DP:PROJECTASSIGNMENTS.PROJECTASSIGNMENTNAME1 | DP:EXAMASSIGNMENTS.EXAMNAME3 | DP:TRAININGASSIGNMENTS.TRAININGEDITNAME1 | Exams | Trainings | Projects | SAM Paths | N | Y |" name="And I check on Exams label CheckBox" time="0"/>
  <testcase classname="| DP:SUPER.USERNAME | DP:SUPER.PASSWORD | \u002C | SAM Assignments | Winter | 2017 | Admin | Deactivate | SAM Assignments | DP:SAMPATHASSIGNMENTS.SAMPATHNAME | DP:PROJECTASSIGNMENTS.PROJECTASSIGNMENTNAME1 | DP:EXAMASSIGNMENTS.EXAMNAME3 | DP:TRAININGASSIGNMENTS.TRAININGEDITNAME1 | Exams | Trainings | Projects | SAM Paths | N | Y |" name="And I see Assignment Name header in admin page" time="0"/>
  <testcase classname="| DP:SUPER.USERNAME | DP:SUPER.PASSWORD | \u002C | SAM Assignments | Winter | 2017 | Admin | Deactivate | SAM Assignments | DP:SAMPATHASSIGNMENTS.SAMPATHNAME | DP:PROJECTASSIGNMENTS.PROJECTASSIGNMENTNAME1 | DP:EXAMASSIGNMENTS.EXAMNAME3 | DP:TRAININGASSIGNMENTS.TRAININGEDITNAME1 | Exams | Trainings | Projects | SAM Paths | N | Y |" name="And I see SectionName header in admin page" time="0"/>
  <testcase classname="| DP:SUPER.USERNAME | DP:SUPER.PASSWORD | \u002C | SAM Assignments | Winter | 2017 | Admin | Deactivate | SAM Assignments | DP:SAMPATHASSIGNMENTS.SAMPATHNAME | DP:PROJECTASSIGNMENTS.PROJECTASSIGNMENTNAME1 | DP:EXAMASSIGNMENTS.EXAMNAME3 | DP:TRAININGASSIGNMENTS.TRAININGEDITNAME1 | Exams | Trainings | Projects | SAM Paths | N | Y |" name="And I see DP:EXAMASSIGNMENTS.EXAMNAME3 Y with section name in grid" time="0"/>
  <testcase classname="| DP:SUPER.USERNAME | DP:SUPER.PASSWORD | \u002C | SAM Assignments | Winter | 2017 | Admin | Deactivate | SAM Assignments | DP:SAMPATHASSIGNMENTS.SAMPATHNAME | DP:PROJECTASSIGNMENTS.PROJECTASSIGNMENTNAME1 | DP:EXAMASSIGNMENTS.EXAMNAME3 | DP:TRAININGASSIGNMENTS.TRAININGEDITNAME1 | Exams | Trainings | Projects | SAM Paths | N | Y |" name="And I see DP:EXAMASSIGNMENTS.EXAMNAME3 Y Winter 2017 section Term\/Year" time="0"/>
  <testcase classname="| DP:SUPER.USERNAME | DP:SUPER.PASSWORD | \u002C | SAM Assignments | Winter | 2017 | Admin | Deactivate | SAM Assignments | DP:SAMPATHASSIGNMENTS.SAMPATHNAME | DP:PROJECTASSIGNMENTS.PROJECTASSIGNMENTNAME1 | DP:EXAMASSIGNMENTS.EXAMNAME3 | DP:TRAININGASSIGNMENTS.TRAININGEDITNAME1 | Exams | Trainings | Projects | SAM Paths | N | Y |" name="And I see DP:EXAMASSIGNMENTS.EXAMNAME3 Y \u002C comma separater between two section" time="0"/>
  <testcase classname="| DP:SUPER.USERNAME | DP:SUPER.PASSWORD | \u002C | SAM Assignments | Winter | 2017 | Admin | Deactivate | SAM Assignments | DP:SAMPATHASSIGNMENTS.SAMPATHNAME | DP:PROJECTASSIGNMENTS.PROJECTASSIGNMENTNAME1 | DP:EXAMASSIGNMENTS.EXAMNAME3 | DP:TRAININGASSIGNMENTS.TRAININGEDITNAME1 | Exams | Trainings | Projects | SAM Paths | N | Y |" name="And I see DP:EXAMASSIGNMENTS.EXAMNAME3 Y section name line wrap in section" time="0"/>
  <testcase classname="| DP:SUPER.USERNAME | DP:SUPER.PASSWORD | \u002C | SAM Assignments | Winter | 2017 | Admin | Deactivate | SAM Assignments | DP:SAMPATHASSIGNMENTS.SAMPATHNAME | DP:PROJECTASSIGNMENTS.PROJECTASSIGNMENTNAME1 | DP:EXAMASSIGNMENTS.EXAMNAME3 | DP:TRAININGASSIGNMENTS.TRAININGEDITNAME1 | Exams | Trainings | Projects | SAM Paths | N | Y |" name="And I uncheck on Exams label CheckBox" time="0"/>
  <testcase classname="| DP:SUPER.USERNAME | DP:SUPER.PASSWORD | \u002C | SAM Assignments | Winter | 2017 | Admin | Deactivate | SAM Assignments | DP:SAMPATHASSIGNMENTS.SAMPATHNAME | DP:PROJECTASSIGNMENTS.PROJECTASSIGNMENTNAME1 | DP:EXAMASSIGNMENTS.EXAMNAME3 | DP:TRAININGASSIGNMENTS.TRAININGEDITNAME1 | Exams | Trainings | Projects | SAM Paths | N | Y |" name="And I check on Trainings label CheckBox" time="0"/>
  <testcase classname="| DP:SUPER.USERNAME | DP:SUPER.PASSWORD | \u002C | SAM Assignments | Winter | 2017 | Admin | Deactivate | SAM Assignments | DP:SAMPATHASSIGNMENTS.SAMPATHNAME | DP:PROJECTASSIGNMENTS.PROJECTASSIGNMENTNAME1 | DP:EXAMASSIGNMENTS.EXAMNAME3 | DP:TRAININGASSIGNMENTS.TRAININGEDITNAME1 | Exams | Trainings | Projects | SAM Paths | N | Y |" name="And I see DP:TRAININGASSIGNMENTS.TRAININGEDITNAME1 Y with section name in grid" time="0"/>
  <testcase classname="| DP:SUPER.USERNAME | DP:SUPER.PASSWORD | \u002C | SAM Assignments | Winter | 2017 | Admin | Deactivate | SAM Assignments | DP:SAMPATHASSIGNMENTS.SAMPATHNAME | DP:PROJECTASSIGNMENTS.PROJECTASSIGNMENTNAME1 | DP:EXAMASSIGNMENTS.EXAMNAME3 | DP:TRAININGASSIGNMENTS.TRAININGEDITNAME1 | Exams | Trainings | Projects | SAM Paths | N | Y |" name="And I see Assignment Name header in admin page" time="0"/>
  <testcase classname="| DP:SUPER.USERNAME | DP:SUPER.PASSWORD | \u002C | SAM Assignments | Winter | 2017 | Admin | Deactivate | SAM Assignments | DP:SAMPATHASSIGNMENTS.SAMPATHNAME | DP:PROJECTASSIGNMENTS.PROJECTASSIGNMENTNAME1 | DP:EXAMASSIGNMENTS.EXAMNAME3 | DP:TRAININGASSIGNMENTS.TRAININGEDITNAME1 | Exams | Trainings | Projects | SAM Paths | N | Y |" name="And I see SectionName header in admin page" time="0"/>
  <testcase classname="| DP:SUPER.USERNAME | DP:SUPER.PASSWORD | \u002C | SAM Assignments | Winter | 2017 | Admin | Deactivate | SAM Assignments | DP:SAMPATHASSIGNMENTS.SAMPATHNAME | DP:PROJECTASSIGNMENTS.PROJECTASSIGNMENTNAME1 | DP:EXAMASSIGNMENTS.EXAMNAME3 | DP:TRAININGASSIGNMENTS.TRAININGEDITNAME1 | Exams | Trainings | Projects | SAM Paths | N | Y |" name="And I see DP:TRAININGASSIGNMENTS.TRAININGEDITNAME1 Y Winter 2017 section Term\/Year" time="0"/>
  <testcase classname="| DP:SUPER.USERNAME | DP:SUPER.PASSWORD | \u002C | SAM Assignments | Winter | 2017 | Admin | Deactivate | SAM Assignments | DP:SAMPATHASSIGNMENTS.SAMPATHNAME | DP:PROJECTASSIGNMENTS.PROJECTASSIGNMENTNAME1 | DP:EXAMASSIGNMENTS.EXAMNAME3 | DP:TRAININGASSIGNMENTS.TRAININGEDITNAME1 | Exams | Trainings | Projects | SAM Paths | N | Y |" name="And I see DP:TRAININGASSIGNMENTS.TRAININGEDITNAME1 Y \u002C comma separater between two section" time="0"/>
  <testcase classname="| DP:SUPER.USERNAME | DP:SUPER.PASSWORD | \u002C | SAM Assignments | Winter | 2017 | Admin | Deactivate | SAM Assignments | DP:SAMPATHASSIGNMENTS.SAMPATHNAME | DP:PROJECTASSIGNMENTS.PROJECTASSIGNMENTNAME1 | DP:EXAMASSIGNMENTS.EXAMNAME3 | DP:TRAININGASSIGNMENTS.TRAININGEDITNAME1 | Exams | Trainings | Projects | SAM Paths | N | Y |" name="And I see DP:TRAININGASSIGNMENTS.TRAININGEDITNAME1 Y section name line wrap in section" time="0"/>
  <testcase classname="| DP:SUPER.USERNAME | DP:SUPER.PASSWORD | \u002C | SAM Assignments | Winter | 2017 | Admin | Deactivate | SAM Assignments | DP:SAMPATHASSIGNMENTS.SAMPATHNAME | DP:PROJECTASSIGNMENTS.PROJECTASSIGNMENTNAME1 | DP:EXAMASSIGNMENTS.EXAMNAME3 | DP:TRAININGASSIGNMENTS.TRAININGEDITNAME1 | Exams | Trainings | Projects | SAM Paths | N | Y |" name="And I uncheck on Trainings label CheckBox" time="0"/>
  <testcase classname="| DP:SUPER.USERNAME | DP:SUPER.PASSWORD | \u002C | SAM Assignments | Winter | 2017 | Admin | Deactivate | SAM Assignments | DP:SAMPATHASSIGNMENTS.SAMPATHNAME | DP:PROJECTASSIGNMENTS.PROJECTASSIGNMENTNAME1 | DP:EXAMASSIGNMENTS.EXAMNAME3 | DP:TRAININGASSIGNMENTS.TRAININGEDITNAME1 | Exams | Trainings | Projects | SAM Paths | N | Y |" name="And I check on Projects label CheckBox" time="0"/>
  <testcase classname="| DP:SUPER.USERNAME | DP:SUPER.PASSWORD | \u002C | SAM Assignments | Winter | 2017 | Admin | Deactivate | SAM Assignments | DP:SAMPATHASSIGNMENTS.SAMPATHNAME | DP:PROJECTASSIGNMENTS.PROJECTASSIGNMENTNAME1 | DP:EXAMASSIGNMENTS.EXAMNAME3 | DP:TRAININGASSIGNMENTS.TRAININGEDITNAME1 | Exams | Trainings | Projects | SAM Paths | N | Y |" name="And I see DP:PROJECTASSIGNMENTS.PROJECTASSIGNMENTNAME1 Y with section name in grid" time="0"/>
  <testcase classname="| DP:SUPER.USERNAME | DP:SUPER.PASSWORD | \u002C | SAM Assignments | Winter | 2017 | Admin | Deactivate | SAM Assignments | DP:SAMPATHASSIGNMENTS.SAMPATHNAME | DP:PROJECTASSIGNMENTS.PROJECTASSIGNMENTNAME1 | DP:EXAMASSIGNMENTS.EXAMNAME3 | DP:TRAININGASSIGNMENTS.TRAININGEDITNAME1 | Exams | Trainings | Projects | SAM Paths | N | Y |" name="And I see Assignment Name header in admin page" time="0"/>
  <testcase classname="| DP:SUPER.USERNAME | DP:SUPER.PASSWORD | \u002C | SAM Assignments | Winter | 2017 | Admin | Deactivate | SAM Assignments | DP:SAMPATHASSIGNMENTS.SAMPATHNAME | DP:PROJECTASSIGNMENTS.PROJECTASSIGNMENTNAME1 | DP:EXAMASSIGNMENTS.EXAMNAME3 | DP:TRAININGASSIGNMENTS.TRAININGEDITNAME1 | Exams | Trainings | Projects | SAM Paths | N | Y |" name="And I see SectionName header in admin page" time="0"/>
  <testcase classname="| DP:SUPER.USERNAME | DP:SUPER.PASSWORD | \u002C | SAM Assignments | Winter | 2017 | Admin | Deactivate | SAM Assignments | DP:SAMPATHASSIGNMENTS.SAMPATHNAME | DP:PROJECTASSIGNMENTS.PROJECTASSIGNMENTNAME1 | DP:EXAMASSIGNMENTS.EXAMNAME3 | DP:TRAININGASSIGNMENTS.TRAININGEDITNAME1 | Exams | Trainings | Projects | SAM Paths | N | Y |" name="And I see DP:PROJECTASSIGNMENTS.PROJECTASSIGNMENTNAME1 Y Winter 2017 section Term\/Year" time="0"/>
  <testcase classname="| DP:SUPER.USERNAME | DP:SUPER.PASSWORD | \u002C | SAM Assignments | Winter | 2017 | Admin | Deactivate | SAM Assignments | DP:SAMPATHASSIGNMENTS.SAMPATHNAME | DP:PROJECTASSIGNMENTS.PROJECTASSIGNMENTNAME1 | DP:EXAMASSIGNMENTS.EXAMNAME3 | DP:TRAININGASSIGNMENTS.TRAININGEDITNAME1 | Exams | Trainings | Projects | SAM Paths | N | Y |" name="And I see DP:PROJECTASSIGNMENTS.PROJECTASSIGNMENTNAME1 Y \u002C comma separater between two section" time="0"/>
  <testcase classname="| DP:SUPER.USERNAME | DP:SUPER.PASSWORD | \u002C | SAM Assignments | Winter | 2017 | Admin | Deactivate | SAM Assignments | DP:SAMPATHASSIGNMENTS.SAMPATHNAME | DP:PROJECTASSIGNMENTS.PROJECTASSIGNMENTNAME1 | DP:EXAMASSIGNMENTS.EXAMNAME3 | DP:TRAININGASSIGNMENTS.TRAININGEDITNAME1 | Exams | Trainings | Projects | SAM Paths | N | Y |" name="And I see DP:PROJECTASSIGNMENTS.PROJECTASSIGNMENTNAME1 Y section name line wrap in section" time="0"/>
  <testcase classname="| DP:SUPER.USERNAME | DP:SUPER.PASSWORD | \u002C | SAM Assignments | Winter | 2017 | Admin | Deactivate | SAM Assignments | DP:SAMPATHASSIGNMENTS.SAMPATHNAME | DP:PROJECTASSIGNMENTS.PROJECTASSIGNMENTNAME1 | DP:EXAMASSIGNMENTS.EXAMNAME3 | DP:TRAININGASSIGNMENTS.TRAININGEDITNAME1 | Exams | Trainings | Projects | SAM Paths | N | Y |" name="And I uncheck on Projects label CheckBox" time="0"/>
  <testcase classname="| DP:SUPER.USERNAME | DP:SUPER.PASSWORD | \u002C | SAM Assignments | Winter | 2017 | Admin | Deactivate | SAM Assignments | DP:SAMPATHASSIGNMENTS.SAMPATHNAME | DP:PROJECTASSIGNMENTS.PROJECTASSIGNMENTNAME1 | DP:EXAMASSIGNMENTS.EXAMNAME3 | DP:TRAININGASSIGNMENTS.TRAININGEDITNAME1 | Exams | Trainings | Projects | SAM Paths | N | Y |" name="And I check on SAM Paths label CheckBox" time="0"/>
  <testcase classname="| DP:SUPER.USERNAME | DP:SUPER.PASSWORD | \u002C | SAM Assignments | Winter | 2017 | Admin | Deactivate | SAM Assignments | DP:SAMPATHASSIGNMENTS.SAMPATHNAME | DP:PROJECTASSIGNMENTS.PROJECTASSIGNMENTNAME1 | DP:EXAMASSIGNMENTS.EXAMNAME3 | DP:TRAININGASSIGNMENTS.TRAININGEDITNAME1 | Exams | Trainings | Projects | SAM Paths | N | Y |" name="And I see DP:SAMPATHASSIGNMENTS.SAMPATHNAME Y with section name in grid" time="0"/>
  <testcase classname="| DP:SUPER.USERNAME | DP:SUPER.PASSWORD | \u002C | SAM Assignments | Winter | 2017 | Admin | Deactivate | SAM Assignments | DP:SAMPATHASSIGNMENTS.SAMPATHNAME | DP:PROJECTASSIGNMENTS.PROJECTASSIGNMENTNAME1 | DP:EXAMASSIGNMENTS.EXAMNAME3 | DP:TRAININGASSIGNMENTS.TRAININGEDITNAME1 | Exams | Trainings | Projects | SAM Paths | N | Y |" name="And I see Assignment Name header in admin page" time="0"/>
  <testcase classname="| DP:SUPER.USERNAME | DP:SUPER.PASSWORD | \u002C | SAM Assignments | Winter | 2017 | Admin | Deactivate | SAM Assignments | DP:SAMPATHASSIGNMENTS.SAMPATHNAME | DP:PROJECTASSIGNMENTS.PROJECTASSIGNMENTNAME1 | DP:EXAMASSIGNMENTS.EXAMNAME3 | DP:TRAININGASSIGNMENTS.TRAININGEDITNAME1 | Exams | Trainings | Projects | SAM Paths | N | Y |" name="And I see SectionName header in admin page" time="0"/>
  <testcase classname="| DP:SUPER.USERNAME | DP:SUPER.PASSWORD | \u002C | SAM Assignments | Winter | 2017 | Admin | Deactivate | SAM Assignments | DP:SAMPATHASSIGNMENTS.SAMPATHNAME | DP:PROJECTASSIGNMENTS.PROJECTASSIGNMENTNAME1 | DP:EXAMASSIGNMENTS.EXAMNAME3 | DP:TRAININGASSIGNMENTS.TRAININGEDITNAME1 | Exams | Trainings | Projects | SAM Paths | N | Y |" name="And I see DP:SAMPATHASSIGNMENTS.SAMPATHNAME Y Winter 2017 section Term\/Year" time="0"/>
  <testcase classname="| DP:SUPER.USERNAME | DP:SUPER.PASSWORD | \u002C | SAM Assignments | Winter | 2017 | Admin | Deactivate | SAM Assignments | DP:SAMPATHASSIGNMENTS.SAMPATHNAME | DP:PROJECTASSIGNMENTS.PROJECTASSIGNMENTNAME1 | DP:EXAMASSIGNMENTS.EXAMNAME3 | DP:TRAININGASSIGNMENTS.TRAININGEDITNAME1 | Exams | Trainings | Projects | SAM Paths | N | Y |" name="And I see DP:SAMPATHASSIGNMENTS.SAMPATHNAME Y \u002C comma separater between two section" time="0"/>
  <testcase classname="| DP:SUPER.USERNAME | DP:SUPER.PASSWORD | \u002C | SAM Assignments | Winter | 2017 | Admin | Deactivate | SAM Assignments | DP:SAMPATHASSIGNMENTS.SAMPATHNAME | DP:PROJECTASSIGNMENTS.PROJECTASSIGNMENTNAME1 | DP:EXAMASSIGNMENTS.EXAMNAME3 | DP:TRAININGASSIGNMENTS.TRAININGEDITNAME1 | Exams | Trainings | Projects | SAM Paths | N | Y |" name="And I see DP:SAMPATHASSIGNMENTS.SAMPATHNAME Y section name line wrap in section" time="0"/>
  <testcase classname="| DP:SUPER.USERNAME | DP:SUPER.PASSWORD | \u002C | SAM Assignments | Winter | 2017 | Admin | Deactivate | SAM Assignments | DP:SAMPATHASSIGNMENTS.SAMPATHNAME | DP:PROJECTASSIGNMENTS.PROJECTASSIGNMENTNAME1 | DP:EXAMASSIGNMENTS.EXAMNAME3 | DP:TRAININGASSIGNMENTS.TRAININGEDITNAME1 | Exams | Trainings | Projects | SAM Paths | N | Y |" name="And I click on SAM Assignments tab" time="0"/>
  <testcase classname="| DP:SUPER.USERNAME | DP:SUPER.PASSWORD | \u002C | SAM Assignments | Winter | 2017 | Admin | Deactivate | SAM Assignments | DP:SAMPATHASSIGNMENTS.SAMPATHNAME | DP:PROJECTASSIGNMENTS.PROJECTASSIGNMENTNAME1 | DP:EXAMASSIGNMENTS.EXAMNAME3 | DP:TRAININGASSIGNMENTS.TRAININGEDITNAME1 | Exams | Trainings | Projects | SAM Paths | N | Y |" name="And I see DP:EXAMASSIGNMENTS.EXAMNAME3 Y in Assignment tab" time="0"/>
  <testcase classname="| DP:SUPER.USERNAME | DP:SUPER.PASSWORD | \u002C | SAM Assignments | Winter | 2017 | Admin | Deactivate | SAM Assignments | DP:SAMPATHASSIGNMENTS.SAMPATHNAME | DP:PROJECTASSIGNMENTS.PROJECTASSIGNMENTNAME1 | DP:EXAMASSIGNMENTS.EXAMNAME3 | DP:TRAININGASSIGNMENTS.TRAININGEDITNAME1 | Exams | Trainings | Projects | SAM Paths | N | Y |" name="And I click on DP:EXAMASSIGNMENTS.EXAMNAME3 Y Deactivate icon" time="0"/>
  <testcase classname="| DP:SUPER.USERNAME | DP:SUPER.PASSWORD | \u002C | SAM Assignments | Winter | 2017 | Admin | Deactivate | SAM Assignments | DP:SAMPATHASSIGNMENTS.SAMPATHNAME | DP:PROJECTASSIGNMENTS.PROJECTASSIGNMENTNAME1 | DP:EXAMASSIGNMENTS.EXAMNAME3 | DP:TRAININGASSIGNMENTS.TRAININGEDITNAME1 | Exams | Trainings | Projects | SAM Paths | N | Y |" name="And I click on OK button in popup" time="0"/>
  <testcase classname="| DP:SUPER.USERNAME | DP:SUPER.PASSWORD | \u002C | SAM Assignments | Winter | 2017 | Admin | Deactivate | SAM Assignments | DP:SAMPATHASSIGNMENTS.SAMPATHNAME | DP:PROJECTASSIGNMENTS.PROJECTASSIGNMENTNAME1 | DP:EXAMASSIGNMENTS.EXAMNAME3 | DP:TRAININGASSIGNMENTS.TRAININGEDITNAME1 | Exams | Trainings | Projects | SAM Paths | N | Y |" name="And I see DP:TRAININGASSIGNMENTS.TRAININGEDITNAME1 Y in Assignment tab" time="0"/>
  <testcase classname="| DP:SUPER.USERNAME | DP:SUPER.PASSWORD | \u002C | SAM Assignments | Winter | 2017 | Admin | Deactivate | SAM Assignments | DP:SAMPATHASSIGNMENTS.SAMPATHNAME | DP:PROJECTASSIGNMENTS.PROJECTASSIGNMENTNAME1 | DP:EXAMASSIGNMENTS.EXAMNAME3 | DP:TRAININGASSIGNMENTS.TRAININGEDITNAME1 | Exams | Trainings | Projects | SAM Paths | N | Y |" name="And I click on DP:TRAININGASSIGNMENTS.TRAININGEDITNAME1 Y Deactivate icon" time="0"/>
  <testcase classname="| DP:SUPER.USERNAME | DP:SUPER.PASSWORD | \u002C | SAM Assignments | Winter | 2017 | Admin | Deactivate | SAM Assignments | DP:SAMPATHASSIGNMENTS.SAMPATHNAME | DP:PROJECTASSIGNMENTS.PROJECTASSIGNMENTNAME1 | DP:EXAMASSIGNMENTS.EXAMNAME3 | DP:TRAININGASSIGNMENTS.TRAININGEDITNAME1 | Exams | Trainings | Projects | SAM Paths | N | Y |" name="And I click on OK button in popup" time="0.001"/>
  <testcase classname="| DP:SUPER.USERNAME | DP:SUPER.PASSWORD | \u002C | SAM Assignments | Winter | 2017 | Admin | Deactivate | SAM Assignments | DP:SAMPATHASSIGNMENTS.SAMPATHNAME | DP:PROJECTASSIGNMENTS.PROJECTASSIGNMENTNAME1 | DP:EXAMASSIGNMENTS.EXAMNAME3 | DP:TRAININGASSIGNMENTS.TRAININGEDITNAME1 | Exams | Trainings | Projects | SAM Paths | N | Y |" name="And I see DP:PROJECTASSIGNMENTS.PROJECTASSIGNMENTNAME1 Y in Assignment tab" time="0"/>
  <testcase classname="| DP:SUPER.USERNAME | DP:SUPER.PASSWORD | \u002C | SAM Assignments | Winter | 2017 | Admin | Deactivate | SAM Assignments | DP:SAMPATHASSIGNMENTS.SAMPATHNAME | DP:PROJECTASSIGNMENTS.PROJECTASSIGNMENTNAME1 | DP:EXAMASSIGNMENTS.EXAMNAME3 | DP:TRAININGASSIGNMENTS.TRAININGEDITNAME1 | Exams | Trainings | Projects | SAM Paths | N | Y |" name="And I click on DP:PROJECTASSIGNMENTS.PROJECTASSIGNMENTNAME1 Y Deactivate icon" time="0"/>
  <testcase classname="| DP:SUPER.USERNAME | DP:SUPER.PASSWORD | \u002C | SAM Assignments | Winter | 2017 | Admin | Deactivate | SAM Assignments | DP:SAMPATHASSIGNMENTS.SAMPATHNAME | DP:PROJECTASSIGNMENTS.PROJECTASSIGNMENTNAME1 | DP:EXAMASSIGNMENTS.EXAMNAME3 | DP:TRAININGASSIGNMENTS.TRAININGEDITNAME1 | Exams | Trainings | Projects | SAM Paths | N | Y |" name="When I click on OK button in popup" time="0.001"/>
  <testcase classname="| DP:SUPER.USERNAME | DP:SUPER.PASSWORD | \u002C | SAM Assignments | Winter | 2017 | Admin | Deactivate | SAM Assignments | DP:SAMPATHASSIGNMENTS.SAMPATHNAME | DP:PROJECTASSIGNMENTS.PROJECTASSIGNMENTNAME1 | DP:EXAMASSIGNMENTS.EXAMNAME3 | DP:TRAININGASSIGNMENTS.TRAININGEDITNAME1 | Exams | Trainings | Projects | SAM Paths | N | Y |" name="Then I see DP:SAMPATHASSIGNMENTS.SAMPATHNAME Y in Assignment tab" time="0"/>
  <testcase classname="| DP:SUPER.USERNAME | DP:SUPER.PASSWORD | \u002C | SAM Assignments | Winter | 2017 | Admin | Deactivate | SAM Assignments | DP:SAMPATHASSIGNMENTS.SAMPATHNAME | DP:PROJECTASSIGNMENTS.PROJECTASSIGNMENTNAME1 | DP:EXAMASSIGNMENTS.EXAMNAME3 | DP:TRAININGASSIGNMENTS.TRAININGEDITNAME1 | Exams | Trainings | Projects | SAM Paths | N | Y |" name="And I click on DP:SAMPATHASSIGNMENTS.SAMPATHNAME Y Deactivate icon" time="0"/>
  <testcase classname="| DP:SUPER.USERNAME | DP:SUPER.PASSWORD | \u002C | SAM Assignments | Winter | 2017 | Admin | Deactivate | SAM Assignments | DP:SAMPATHASSIGNMENTS.SAMPATHNAME | DP:PROJECTASSIGNMENTS.PROJECTASSIGNMENTNAME1 | DP:EXAMASSIGNMENTS.EXAMNAME3 | DP:TRAININGASSIGNMENTS.TRAININGEDITNAME1 | Exams | Trainings | Projects | SAM Paths | N | Y |" name="And I click on OK button in popup" time="0"/>
  <testcase classname="| DP:SUPER.USERNAME | DP:SUPER.PASSWORD | \u002C | SAM Assignments | Winter | 2017 | Admin | Deactivate | SAM Assignments | DP:SAMPATHASSIGNMENTS.SAMPATHNAME | DP:PROJECTASSIGNMENTS.PROJECTASSIGNMENTNAME1 | DP:EXAMASSIGNMENTS.EXAMNAME3 | DP:TRAININGASSIGNMENTS.TRAININGEDITNAME1 | Exams | Trainings | Projects | SAM Paths | N | Y |" name="And I click on Logout button" time="0"/>
  <testcase classname="| DP:SUPER.USERNAME | DP:SUPER.PASSWORD | \u002C | SAM Assignments | Winter | 2017 | Admin | Deactivate | SAM Assignments | DP:SAMPATHASSIGNMENTS.SAMPATHNAME | DP:PROJECTASSIGNMENTS.PROJECTASSIGNMENTNAME1 | DP:EXAMASSIGNMENTS.EXAMNAME3 | DP:TRAININGASSIGNMENTS.TRAININGEDITNAME1 | Exams | Trainings | Projects | SAM Paths | N | Y |" name="| DP:SUPER.USERNAME | DP:SUPER.PASSWORD | \u002C | SAM Assignments | Winter | 2017 | Admin | Deactivate | SAM Assignments | DP:SAMPATHASSIGNMENTS.SAMPATHNAME | DP:PROJECTASSIGNMENTS.PROJECTASSIGNMENTNAME1 | DP:EXAMASSIGNMENTS.EXAMNAME3 | DP:TRAININGASSIGNMENTS.TRAININGEDITNAME1 | Exams | Trainings | Projects | SAM Paths | N | Y |" time="0.002"/>
  <testcase classname="| DP:SUPER.USERNAME | DP:SUPER.PASSWORD | \u002C | Winter | 2017 | Admin | Purge | SAM Assignments | DP:SAMPATHASSIGNMENTS.SAMPATHNAME | DP:PROJECTASSIGNMENTS.PROJECTASSIGNMENTNAME1 | DP:EXAMASSIGNMENTS.EXAMNAME3 | DP:TRAININGASSIGNMENTS.TRAININGEDITNAME1 | Exams | Trainings | Projects | SAM Paths | N | Y |" name="Given As a user I see login page of LMS" time="0"/>
  <testcase classname="| DP:SUPER.USERNAME | DP:SUPER.PASSWORD | \u002C | Winter | 2017 | Admin | Purge | SAM Assignments | DP:SAMPATHASSIGNMENTS.SAMPATHNAME | DP:PROJECTASSIGNMENTS.PROJECTASSIGNMENTNAME1 | DP:EXAMASSIGNMENTS.EXAMNAME3 | DP:TRAININGASSIGNMENTS.TRAININGEDITNAME1 | Exams | Trainings | Projects | SAM Paths | N | Y |" name="And I enter DP:SUPER.USERNAME N Username in LMS login page" time="0"/>
  <testcase classname="| DP:SUPER.USERNAME | DP:SUPER.PASSWORD | \u002C | Winter | 2017 | Admin | Purge | SAM Assignments | DP:SAMPATHASSIGNMENTS.SAMPATHNAME | DP:PROJECTASSIGNMENTS.PROJECTASSIGNMENTNAME1 | DP:EXAMASSIGNMENTS.EXAMNAME3 | DP:TRAININGASSIGNMENTS.TRAININGEDITNAME1 | Exams | Trainings | Projects | SAM Paths | N | Y |" name="And I enter DP:SUPER.PASSWORD Password in LMS login page" time="0"/>
  <testcase classname="| DP:SUPER.USERNAME | DP:SUPER.PASSWORD | \u002C | Winter | 2017 | Admin | Purge | SAM Assignments | DP:SAMPATHASSIGNMENTS.SAMPATHNAME | DP:PROJECTASSIGNMENTS.PROJECTASSIGNMENTNAME1 | DP:EXAMASSIGNMENTS.EXAMNAME3 | DP:TRAININGASSIGNMENTS.TRAININGEDITNAME1 | Exams | Trainings | Projects | SAM Paths | N | Y |" name="And I click on Log In button" time="0"/>
  <testcase classname="| DP:SUPER.USERNAME | DP:SUPER.PASSWORD | \u002C | Winter | 2017 | Admin | Purge | SAM Assignments | DP:SAMPATHASSIGNMENTS.SAMPATHNAME | DP:PROJECTASSIGNMENTS.PROJECTASSIGNMENTNAME1 | DP:EXAMASSIGNMENTS.EXAMNAME3 | DP:TRAININGASSIGNMENTS.TRAININGEDITNAME1 | Exams | Trainings | Projects | SAM Paths | N | Y |" name="And I see home page of LMS" time="0"/>
  <testcase classname="| DP:SUPER.USERNAME | DP:SUPER.PASSWORD | \u002C | Winter | 2017 | Admin | Purge | SAM Assignments | DP:SAMPATHASSIGNMENTS.SAMPATHNAME | DP:PROJECTASSIGNMENTS.PROJECTASSIGNMENTNAME1 | DP:EXAMASSIGNMENTS.EXAMNAME3 | DP:TRAININGASSIGNMENTS.TRAININGEDITNAME1 | Exams | Trainings | Projects | SAM Paths | N | Y |" name="And I click on Admin tab" time="0"/>
  <testcase classname="| DP:SUPER.USERNAME | DP:SUPER.PASSWORD | \u002C | Winter | 2017 | Admin | Purge | SAM Assignments | DP:SAMPATHASSIGNMENTS.SAMPATHNAME | DP:PROJECTASSIGNMENTS.PROJECTASSIGNMENTNAME1 | DP:EXAMASSIGNMENTS.EXAMNAME3 | DP:TRAININGASSIGNMENTS.TRAININGEDITNAME1 | Exams | Trainings | Projects | SAM Paths | N | Y |" name="And I click on Purge tab in AdminTab" time="0"/>
  <testcase classname="| DP:SUPER.USERNAME | DP:SUPER.PASSWORD | \u002C | Winter | 2017 | Admin | Purge | SAM Assignments | DP:SAMPATHASSIGNMENTS.SAMPATHNAME | DP:PROJECTASSIGNMENTS.PROJECTASSIGNMENTNAME1 | DP:EXAMASSIGNMENTS.EXAMNAME3 | DP:TRAININGASSIGNMENTS.TRAININGEDITNAME1 | Exams | Trainings | Projects | SAM Paths | N | Y |" name="And I click on SAM Assignments label RadioButton" time="0"/>
  <testcase classname="| DP:SUPER.USERNAME | DP:SUPER.PASSWORD | \u002C | Winter | 2017 | Admin | Purge | SAM Assignments | DP:SAMPATHASSIGNMENTS.SAMPATHNAME | DP:PROJECTASSIGNMENTS.PROJECTASSIGNMENTNAME1 | DP:EXAMASSIGNMENTS.EXAMNAME3 | DP:TRAININGASSIGNMENTS.TRAININGEDITNAME1 | Exams | Trainings | Projects | SAM Paths | N | Y |" name="And I check on Exams label CheckBox" time="0"/>
  <testcase classname="| DP:SUPER.USERNAME | DP:SUPER.PASSWORD | \u002C | Winter | 2017 | Admin | Purge | SAM Assignments | DP:SAMPATHASSIGNMENTS.SAMPATHNAME | DP:PROJECTASSIGNMENTS.PROJECTASSIGNMENTNAME1 | DP:EXAMASSIGNMENTS.EXAMNAME3 | DP:TRAININGASSIGNMENTS.TRAININGEDITNAME1 | Exams | Trainings | Projects | SAM Paths | N | Y |" name="And I see Assignment Name header in admin page" time="0"/>
  <testcase classname="| DP:SUPER.USERNAME | DP:SUPER.PASSWORD | \u002C | Winter | 2017 | Admin | Purge | SAM Assignments | DP:SAMPATHASSIGNMENTS.SAMPATHNAME | DP:PROJECTASSIGNMENTS.PROJECTASSIGNMENTNAME1 | DP:EXAMASSIGNMENTS.EXAMNAME3 | DP:TRAININGASSIGNMENTS.TRAININGEDITNAME1 | Exams | Trainings | Projects | SAM Paths | N | Y |" name="And I see SectionName header in admin page" time="0"/>
  <testcase classname="| DP:SUPER.USERNAME | DP:SUPER.PASSWORD | \u002C | Winter | 2017 | Admin | Purge | SAM Assignments | DP:SAMPATHASSIGNMENTS.SAMPATHNAME | DP:PROJECTASSIGNMENTS.PROJECTASSIGNMENTNAME1 | DP:EXAMASSIGNMENTS.EXAMNAME3 | DP:TRAININGASSIGNMENTS.TRAININGEDITNAME1 | Exams | Trainings | Projects | SAM Paths | N | Y |" name="And I see DP:EXAMASSIGNMENTS.EXAMNAME3 Y with section name in grid" time="0"/>
  <testcase classname="| DP:SUPER.USERNAME | DP:SUPER.PASSWORD | \u002C | Winter | 2017 | Admin | Purge | SAM Assignments | DP:SAMPATHASSIGNMENTS.SAMPATHNAME | DP:PROJECTASSIGNMENTS.PROJECTASSIGNMENTNAME1 | DP:EXAMASSIGNMENTS.EXAMNAME3 | DP:TRAININGASSIGNMENTS.TRAININGEDITNAME1 | Exams | Trainings | Projects | SAM Paths | N | Y |" name="And I see DP:EXAMASSIGNMENTS.EXAMNAME3 Y Winter 2017 section Term\/Year" time="0"/>
  <testcase classname="| DP:SUPER.USERNAME | DP:SUPER.PASSWORD | \u002C | Winter | 2017 | Admin | Purge | SAM Assignments | DP:SAMPATHASSIGNMENTS.SAMPATHNAME | DP:PROJECTASSIGNMENTS.PROJECTASSIGNMENTNAME1 | DP:EXAMASSIGNMENTS.EXAMNAME3 | DP:TRAININGASSIGNMENTS.TRAININGEDITNAME1 | Exams | Trainings | Projects | SAM Paths | N | Y |" name="And I see DP:EXAMASSIGNMENTS.EXAMNAME3 Y \u002C comma separater between two section" time="0"/>
  <testcase classname="| DP:SUPER.USERNAME | DP:SUPER.PASSWORD | \u002C | Winter | 2017 | Admin | Purge | SAM Assignments | DP:SAMPATHASSIGNMENTS.SAMPATHNAME | DP:PROJECTASSIGNMENTS.PROJECTASSIGNMENTNAME1 | DP:EXAMASSIGNMENTS.EXAMNAME3 | DP:TRAININGASSIGNMENTS.TRAININGEDITNAME1 | Exams | Trainings | Projects | SAM Paths | N | Y |" name="And I see DP:EXAMASSIGNMENTS.EXAMNAME3 Y section name line wrap in section" time="0"/>
  <testcase classname="| DP:SUPER.USERNAME | DP:SUPER.PASSWORD | \u002C | Winter | 2017 | Admin | Purge | SAM Assignments | DP:SAMPATHASSIGNMENTS.SAMPATHNAME | DP:PROJECTASSIGNMENTS.PROJECTASSIGNMENTNAME1 | DP:EXAMASSIGNMENTS.EXAMNAME3 | DP:TRAININGASSIGNMENTS.TRAININGEDITNAME1 | Exams | Trainings | Projects | SAM Paths | N | Y |" name="And I uncheck on Exams label CheckBox" time="0"/>
  <testcase classname="| DP:SUPER.USERNAME | DP:SUPER.PASSWORD | \u002C | Winter | 2017 | Admin | Purge | SAM Assignments | DP:SAMPATHASSIGNMENTS.SAMPATHNAME | DP:PROJECTASSIGNMENTS.PROJECTASSIGNMENTNAME1 | DP:EXAMASSIGNMENTS.EXAMNAME3 | DP:TRAININGASSIGNMENTS.TRAININGEDITNAME1 | Exams | Trainings | Projects | SAM Paths | N | Y |" name="And I check on Trainings label CheckBox" time="0"/>
  <testcase classname="| DP:SUPER.USERNAME | DP:SUPER.PASSWORD | \u002C | Winter | 2017 | Admin | Purge | SAM Assignments | DP:SAMPATHASSIGNMENTS.SAMPATHNAME | DP:PROJECTASSIGNMENTS.PROJECTASSIGNMENTNAME1 | DP:EXAMASSIGNMENTS.EXAMNAME3 | DP:TRAININGASSIGNMENTS.TRAININGEDITNAME1 | Exams | Trainings | Projects | SAM Paths | N | Y |" name="And I see DP:TRAININGASSIGNMENTS.TRAININGEDITNAME1 Y with section name in grid" time="0"/>
  <testcase classname="| DP:SUPER.USERNAME | DP:SUPER.PASSWORD | \u002C | Winter | 2017 | Admin | Purge | SAM Assignments | DP:SAMPATHASSIGNMENTS.SAMPATHNAME | DP:PROJECTASSIGNMENTS.PROJECTASSIGNMENTNAME1 | DP:EXAMASSIGNMENTS.EXAMNAME3 | DP:TRAININGASSIGNMENTS.TRAININGEDITNAME1 | Exams | Trainings | Projects | SAM Paths | N | Y |" name="And I see Assignment Name header in admin page" time="0"/>
  <testcase classname="| DP:SUPER.USERNAME | DP:SUPER.PASSWORD | \u002C | Winter | 2017 | Admin | Purge | SAM Assignments | DP:SAMPATHASSIGNMENTS.SAMPATHNAME | DP:PROJECTASSIGNMENTS.PROJECTASSIGNMENTNAME1 | DP:EXAMASSIGNMENTS.EXAMNAME3 | DP:TRAININGASSIGNMENTS.TRAININGEDITNAME1 | Exams | Trainings | Projects | SAM Paths | N | Y |" name="And I see SectionName header in admin page" time="0"/>
  <testcase classname="| DP:SUPER.USERNAME | DP:SUPER.PASSWORD | \u002C | Winter | 2017 | Admin | Purge | SAM Assignments | DP:SAMPATHASSIGNMENTS.SAMPATHNAME | DP:PROJECTASSIGNMENTS.PROJECTASSIGNMENTNAME1 | DP:EXAMASSIGNMENTS.EXAMNAME3 | DP:TRAININGASSIGNMENTS.TRAININGEDITNAME1 | Exams | Trainings | Projects | SAM Paths | N | Y |" name="And I see DP:TRAININGASSIGNMENTS.TRAININGEDITNAME1 Y Winter 2017 section Term\/Year" time="0"/>
  <testcase classname="| DP:SUPER.USERNAME | DP:SUPER.PASSWORD | \u002C | Winter | 2017 | Admin | Purge | SAM Assignments | DP:SAMPATHASSIGNMENTS.SAMPATHNAME | DP:PROJECTASSIGNMENTS.PROJECTASSIGNMENTNAME1 | DP:EXAMASSIGNMENTS.EXAMNAME3 | DP:TRAININGASSIGNMENTS.TRAININGEDITNAME1 | Exams | Trainings | Projects | SAM Paths | N | Y |" name="And I see DP:TRAININGASSIGNMENTS.TRAININGEDITNAME1 Y \u002C comma separater between two section" time="0"/>
  <testcase classname="| DP:SUPER.USERNAME | DP:SUPER.PASSWORD | \u002C | Winter | 2017 | Admin | Purge | SAM Assignments | DP:SAMPATHASSIGNMENTS.SAMPATHNAME | DP:PROJECTASSIGNMENTS.PROJECTASSIGNMENTNAME1 | DP:EXAMASSIGNMENTS.EXAMNAME3 | DP:TRAININGASSIGNMENTS.TRAININGEDITNAME1 | Exams | Trainings | Projects | SAM Paths | N | Y |" name="And I see DP:TRAININGASSIGNMENTS.TRAININGEDITNAME1 Y section name line wrap in section" time="0"/>
  <testcase classname="| DP:SUPER.USERNAME | DP:SUPER.PASSWORD | \u002C | Winter | 2017 | Admin | Purge | SAM Assignments | DP:SAMPATHASSIGNMENTS.SAMPATHNAME | DP:PROJECTASSIGNMENTS.PROJECTASSIGNMENTNAME1 | DP:EXAMASSIGNMENTS.EXAMNAME3 | DP:TRAININGASSIGNMENTS.TRAININGEDITNAME1 | Exams | Trainings | Projects | SAM Paths | N | Y |" name="And I uncheck on Trainings label CheckBox" time="0"/>
  <testcase classname="| DP:SUPER.USERNAME | DP:SUPER.PASSWORD | \u002C | Winter | 2017 | Admin | Purge | SAM Assignments | DP:SAMPATHASSIGNMENTS.SAMPATHNAME | DP:PROJECTASSIGNMENTS.PROJECTASSIGNMENTNAME1 | DP:EXAMASSIGNMENTS.EXAMNAME3 | DP:TRAININGASSIGNMENTS.TRAININGEDITNAME1 | Exams | Trainings | Projects | SAM Paths | N | Y |" name="And I check on Projects label CheckBox" time="0"/>
  <testcase classname="| DP:SUPER.USERNAME | DP:SUPER.PASSWORD | \u002C | Winter | 2017 | Admin | Purge | SAM Assignments | DP:SAMPATHASSIGNMENTS.SAMPATHNAME | DP:PROJECTASSIGNMENTS.PROJECTASSIGNMENTNAME1 | DP:EXAMASSIGNMENTS.EXAMNAME3 | DP:TRAININGASSIGNMENTS.TRAININGEDITNAME1 | Exams | Trainings | Projects | SAM Paths | N | Y |" name="And I see DP:PROJECTASSIGNMENTS.PROJECTASSIGNMENTNAME1 Y with section name in grid" time="0"/>
  <testcase classname="| DP:SUPER.USERNAME | DP:SUPER.PASSWORD | \u002C | Winter | 2017 | Admin | Purge | SAM Assignments | DP:SAMPATHASSIGNMENTS.SAMPATHNAME | DP:PROJECTASSIGNMENTS.PROJECTASSIGNMENTNAME1 | DP:EXAMASSIGNMENTS.EXAMNAME3 | DP:TRAININGASSIGNMENTS.TRAININGEDITNAME1 | Exams | Trainings | Projects | SAM Paths | N | Y |" name="And I see Assignment Name header in admin page" time="0"/>
  <testcase classname="| DP:SUPER.USERNAME | DP:SUPER.PASSWORD | \u002C | Winter | 2017 | Admin | Purge | SAM Assignments | DP:SAMPATHASSIGNMENTS.SAMPATHNAME | DP:PROJECTASSIGNMENTS.PROJECTASSIGNMENTNAME1 | DP:EXAMASSIGNMENTS.EXAMNAME3 | DP:TRAININGASSIGNMENTS.TRAININGEDITNAME1 | Exams | Trainings | Projects | SAM Paths | N | Y |" name="And I see SectionName header in admin page" time="0"/>
  <testcase classname="| DP:SUPER.USERNAME | DP:SUPER.PASSWORD | \u002C | Winter | 2017 | Admin | Purge | SAM Assignments | DP:SAMPATHASSIGNMENTS.SAMPATHNAME | DP:PROJECTASSIGNMENTS.PROJECTASSIGNMENTNAME1 | DP:EXAMASSIGNMENTS.EXAMNAME3 | DP:TRAININGASSIGNMENTS.TRAININGEDITNAME1 | Exams | Trainings | Projects | SAM Paths | N | Y |" name="And I see DP:PROJECTASSIGNMENTS.PROJECTASSIGNMENTNAME1 Y Winter 2017 section Term\/Year" time="0"/>
  <testcase classname="| DP:SUPER.USERNAME | DP:SUPER.PASSWORD | \u002C | Winter | 2017 | Admin | Purge | SAM Assignments | DP:SAMPATHASSIGNMENTS.SAMPATHNAME | DP:PROJECTASSIGNMENTS.PROJECTASSIGNMENTNAME1 | DP:EXAMASSIGNMENTS.EXAMNAME3 | DP:TRAININGASSIGNMENTS.TRAININGEDITNAME1 | Exams | Trainings | Projects | SAM Paths | N | Y |" name="And I see DP:PROJECTASSIGNMENTS.PROJECTASSIGNMENTNAME1 Y \u002C comma separater between two section" time="0"/>
  <testcase classname="| DP:SUPER.USERNAME | DP:SUPER.PASSWORD | \u002C | Winter | 2017 | Admin | Purge | SAM Assignments | DP:SAMPATHASSIGNMENTS.SAMPATHNAME | DP:PROJECTASSIGNMENTS.PROJECTASSIGNMENTNAME1 | DP:EXAMASSIGNMENTS.EXAMNAME3 | DP:TRAININGASSIGNMENTS.TRAININGEDITNAME1 | Exams | Trainings | Projects | SAM Paths | N | Y |" name="And I see DP:PROJECTASSIGNMENTS.PROJECTASSIGNMENTNAME1 Y section name line wrap in section" time="0"/>
  <testcase classname="| DP:SUPER.USERNAME | DP:SUPER.PASSWORD | \u002C | Winter | 2017 | Admin | Purge | SAM Assignments | DP:SAMPATHASSIGNMENTS.SAMPATHNAME | DP:PROJECTASSIGNMENTS.PROJECTASSIGNMENTNAME1 | DP:EXAMASSIGNMENTS.EXAMNAME3 | DP:TRAININGASSIGNMENTS.TRAININGEDITNAME1 | Exams | Trainings | Projects | SAM Paths | N | Y |" name="And I uncheck on Projects label CheckBox" time="0"/>
  <testcase classname="| DP:SUPER.USERNAME | DP:SUPER.PASSWORD | \u002C | Winter | 2017 | Admin | Purge | SAM Assignments | DP:SAMPATHASSIGNMENTS.SAMPATHNAME | DP:PROJECTASSIGNMENTS.PROJECTASSIGNMENTNAME1 | DP:EXAMASSIGNMENTS.EXAMNAME3 | DP:TRAININGASSIGNMENTS.TRAININGEDITNAME1 | Exams | Trainings | Projects | SAM Paths | N | Y |" name="When I check on SAM Paths label CheckBox" time="0"/>
  <testcase classname="| DP:SUPER.USERNAME | DP:SUPER.PASSWORD | \u002C | Winter | 2017 | Admin | Purge | SAM Assignments | DP:SAMPATHASSIGNMENTS.SAMPATHNAME | DP:PROJECTASSIGNMENTS.PROJECTASSIGNMENTNAME1 | DP:EXAMASSIGNMENTS.EXAMNAME3 | DP:TRAININGASSIGNMENTS.TRAININGEDITNAME1 | Exams | Trainings | Projects | SAM Paths | N | Y |" name="Then I see DP:SAMPATHASSIGNMENTS.SAMPATHNAME Y with section name in grid" time="0"/>
  <testcase classname="| DP:SUPER.USERNAME | DP:SUPER.PASSWORD | \u002C | Winter | 2017 | Admin | Purge | SAM Assignments | DP:SAMPATHASSIGNMENTS.SAMPATHNAME | DP:PROJECTASSIGNMENTS.PROJECTASSIGNMENTNAME1 | DP:EXAMASSIGNMENTS.EXAMNAME3 | DP:TRAININGASSIGNMENTS.TRAININGEDITNAME1 | Exams | Trainings | Projects | SAM Paths | N | Y |" name="And I see Assignment Name header in admin page" time="0"/>
  <testcase classname="| DP:SUPER.USERNAME | DP:SUPER.PASSWORD | \u002C | Winter | 2017 | Admin | Purge | SAM Assignments | DP:SAMPATHASSIGNMENTS.SAMPATHNAME | DP:PROJECTASSIGNMENTS.PROJECTASSIGNMENTNAME1 | DP:EXAMASSIGNMENTS.EXAMNAME3 | DP:TRAININGASSIGNMENTS.TRAININGEDITNAME1 | Exams | Trainings | Projects | SAM Paths | N | Y |" name="And I see SectionName header in admin page" time="0"/>
  <testcase classname="| DP:SUPER.USERNAME | DP:SUPER.PASSWORD | \u002C | Winter | 2017 | Admin | Purge | SAM Assignments | DP:SAMPATHASSIGNMENTS.SAMPATHNAME | DP:PROJECTASSIGNMENTS.PROJECTASSIGNMENTNAME1 | DP:EXAMASSIGNMENTS.EXAMNAME3 | DP:TRAININGASSIGNMENTS.TRAININGEDITNAME1 | Exams | Trainings | Projects | SAM Paths | N | Y |" name="And I see DP:SAMPATHASSIGNMENTS.SAMPATHNAME Y Winter 2017 section Term\/Year" time="0"/>
  <testcase classname="| DP:SUPER.USERNAME | DP:SUPER.PASSWORD | \u002C | Winter | 2017 | Admin | Purge | SAM Assignments | DP:SAMPATHASSIGNMENTS.SAMPATHNAME | DP:PROJECTASSIGNMENTS.PROJECTASSIGNMENTNAME1 | DP:EXAMASSIGNMENTS.EXAMNAME3 | DP:TRAININGASSIGNMENTS.TRAININGEDITNAME1 | Exams | Trainings | Projects | SAM Paths | N | Y |" name="And I see DP:SAMPATHASSIGNMENTS.SAMPATHNAME Y \u002C comma separater between two section" time="0"/>
  <testcase classname="| DP:SUPER.USERNAME | DP:SUPER.PASSWORD | \u002C | Winter | 2017 | Admin | Purge | SAM Assignments | DP:SAMPATHASSIGNMENTS.SAMPATHNAME | DP:PROJECTASSIGNMENTS.PROJECTASSIGNMENTNAME1 | DP:EXAMASSIGNMENTS.EXAMNAME3 | DP:TRAININGASSIGNMENTS.TRAININGEDITNAME1 | Exams | Trainings | Projects | SAM Paths | N | Y |" name="And I see DP:SAMPATHASSIGNMENTS.SAMPATHNAME Y section name line wrap in section" time="0"/>
  <testcase classname="| DP:SUPER.USERNAME | DP:SUPER.PASSWORD | \u002C | Winter | 2017 | Admin | Purge | SAM Assignments | DP:SAMPATHASSIGNMENTS.SAMPATHNAME | DP:PROJECTASSIGNMENTS.PROJECTASSIGNMENTNAME1 | DP:EXAMASSIGNMENTS.EXAMNAME3 | DP:TRAININGASSIGNMENTS.TRAININGEDITNAME1 | Exams | Trainings | Projects | SAM Paths | N | Y |" name="And I click on Logout button" time="0"/>
  <testcase classname="| DP:SUPER.USERNAME | DP:SUPER.PASSWORD | \u002C | Winter | 2017 | Admin | Purge | SAM Assignments | DP:SAMPATHASSIGNMENTS.SAMPATHNAME | DP:PROJECTASSIGNMENTS.PROJECTASSIGNMENTNAME1 | DP:EXAMASSIGNMENTS.EXAMNAME3 | DP:TRAININGASSIGNMENTS.TRAININGEDITNAME1 | Exams | Trainings | Projects | SAM Paths | N | Y |" name="| DP:SUPER.USERNAME | DP:SUPER.PASSWORD | \u002C | Winter | 2017 | Admin | Purge | SAM Assignments | DP:SAMPATHASSIGNMENTS.SAMPATHNAME | DP:PROJECTASSIGNMENTS.PROJECTASSIGNMENTNAME1 | DP:EXAMASSIGNMENTS.EXAMNAME3 | DP:TRAININGASSIGNMENTS.TRAININGEDITNAME1 | Exams | Trainings | Projects | SAM Paths | N | Y |" time="0.001"/>
  <testcase classname="| DP:SUPER.USERNAME | DP:SUPER.PASSWORD | \u002C | Winter | 2017 | Admin | Reactivate | SAM Assignments | DP:SAMPATHASSIGNMENTS.SAMPATHNAME | DP:PROJECTASSIGNMENTS.PROJECTASSIGNMENTNAME1 | DP:EXAMASSIGNMENTS.EXAMNAME3 | DP:TRAININGASSIGNMENTS.TRAININGEDITNAME1 | Exams | Trainings | Projects | SAM Paths | N | Y |" name="Given As a user I see login page of LMS" time="0"/>
  <testcase classname="| DP:SUPER.USERNAME | DP:SUPER.PASSWORD | \u002C | Winter | 2017 | Admin | Reactivate | SAM Assignments | DP:SAMPATHASSIGNMENTS.SAMPATHNAME | DP:PROJECTASSIGNMENTS.PROJECTASSIGNMENTNAME1 | DP:EXAMASSIGNMENTS.EXAMNAME3 | DP:TRAININGASSIGNMENTS.TRAININGEDITNAME1 | Exams | Trainings | Projects | SAM Paths | N | Y |" name="And I enter DP:SUPER.USERNAME N Username in LMS login page" time="0"/>
  <testcase classname="| DP:SUPER.USERNAME | DP:SUPER.PASSWORD | \u002C | Winter | 2017 | Admin | Reactivate | SAM Assignments | DP:SAMPATHASSIGNMENTS.SAMPATHNAME | DP:PROJECTASSIGNMENTS.PROJECTASSIGNMENTNAME1 | DP:EXAMASSIGNMENTS.EXAMNAME3 | DP:TRAININGASSIGNMENTS.TRAININGEDITNAME1 | Exams | Trainings | Projects | SAM Paths | N | Y |" name="And I enter DP:SUPER.PASSWORD Password in LMS login page" time="0"/>
  <testcase classname="| DP:SUPER.USERNAME | DP:SUPER.PASSWORD | \u002C | Winter | 2017 | Admin | Reactivate | SAM Assignments | DP:SAMPATHASSIGNMENTS.SAMPATHNAME | DP:PROJECTASSIGNMENTS.PROJECTASSIGNMENTNAME1 | DP:EXAMASSIGNMENTS.EXAMNAME3 | DP:TRAININGASSIGNMENTS.TRAININGEDITNAME1 | Exams | Trainings | Projects | SAM Paths | N | Y |" name="And I click on Log In button" time="0"/>
  <testcase classname="| DP:SUPER.USERNAME | DP:SUPER.PASSWORD | \u002C | Winter | 2017 | Admin | Reactivate | SAM Assignments | DP:SAMPATHASSIGNMENTS.SAMPATHNAME | DP:PROJECTASSIGNMENTS.PROJECTASSIGNMENTNAME1 | DP:EXAMASSIGNMENTS.EXAMNAME3 | DP:TRAININGASSIGNMENTS.TRAININGEDITNAME1 | Exams | Trainings | Projects | SAM Paths | N | Y |" name="And I see home page of LMS" time="0"/>
  <testcase classname="| DP:SUPER.USERNAME | DP:SUPER.PASSWORD | \u002C | Winter | 2017 | Admin | Reactivate | SAM Assignments | DP:SAMPATHASSIGNMENTS.SAMPATHNAME | DP:PROJECTASSIGNMENTS.PROJECTASSIGNMENTNAME1 | DP:EXAMASSIGNMENTS.EXAMNAME3 | DP:TRAININGASSIGNMENTS.TRAININGEDITNAME1 | Exams | Trainings | Projects | SAM Paths | N | Y |" name="And I click on Admin tab" time="0"/>
  <testcase classname="| DP:SUPER.USERNAME | DP:SUPER.PASSWORD | \u002C | Winter | 2017 | Admin | Reactivate | SAM Assignments | DP:SAMPATHASSIGNMENTS.SAMPATHNAME | DP:PROJECTASSIGNMENTS.PROJECTASSIGNMENTNAME1 | DP:EXAMASSIGNMENTS.EXAMNAME3 | DP:TRAININGASSIGNMENTS.TRAININGEDITNAME1 | Exams | Trainings | Projects | SAM Paths | N | Y |" name="And I click on Reactivate tab in AdminTab" time="0"/>
  <testcase classname="| DP:SUPER.USERNAME | DP:SUPER.PASSWORD | \u002C | Winter | 2017 | Admin | Reactivate | SAM Assignments | DP:SAMPATHASSIGNMENTS.SAMPATHNAME | DP:PROJECTASSIGNMENTS.PROJECTASSIGNMENTNAME1 | DP:EXAMASSIGNMENTS.EXAMNAME3 | DP:TRAININGASSIGNMENTS.TRAININGEDITNAME1 | Exams | Trainings | Projects | SAM Paths | N | Y |" name="And I click on SAM Assignments label RadioButton" time="0"/>
  <testcase classname="| DP:SUPER.USERNAME | DP:SUPER.PASSWORD | \u002C | Winter | 2017 | Admin | Reactivate | SAM Assignments | DP:SAMPATHASSIGNMENTS.SAMPATHNAME | DP:PROJECTASSIGNMENTS.PROJECTASSIGNMENTNAME1 | DP:EXAMASSIGNMENTS.EXAMNAME3 | DP:TRAININGASSIGNMENTS.TRAININGEDITNAME1 | Exams | Trainings | Projects | SAM Paths | N | Y |" name="And I check on Exams label CheckBox" time="0"/>
  <testcase classname="| DP:SUPER.USERNAME | DP:SUPER.PASSWORD | \u002C | Winter | 2017 | Admin | Reactivate | SAM Assignments | DP:SAMPATHASSIGNMENTS.SAMPATHNAME | DP:PROJECTASSIGNMENTS.PROJECTASSIGNMENTNAME1 | DP:EXAMASSIGNMENTS.EXAMNAME3 | DP:TRAININGASSIGNMENTS.TRAININGEDITNAME1 | Exams | Trainings | Projects | SAM Paths | N | Y |" name="And I see Assignment Name header in admin page" time="0"/>
  <testcase classname="| DP:SUPER.USERNAME | DP:SUPER.PASSWORD | \u002C | Winter | 2017 | Admin | Reactivate | SAM Assignments | DP:SAMPATHASSIGNMENTS.SAMPATHNAME | DP:PROJECTASSIGNMENTS.PROJECTASSIGNMENTNAME1 | DP:EXAMASSIGNMENTS.EXAMNAME3 | DP:TRAININGASSIGNMENTS.TRAININGEDITNAME1 | Exams | Trainings | Projects | SAM Paths | N | Y |" name="And I see SectionName header in admin page" time="0"/>
  <testcase classname="| DP:SUPER.USERNAME | DP:SUPER.PASSWORD | \u002C | Winter | 2017 | Admin | Reactivate | SAM Assignments | DP:SAMPATHASSIGNMENTS.SAMPATHNAME | DP:PROJECTASSIGNMENTS.PROJECTASSIGNMENTNAME1 | DP:EXAMASSIGNMENTS.EXAMNAME3 | DP:TRAININGASSIGNMENTS.TRAININGEDITNAME1 | Exams | Trainings | Projects | SAM Paths | N | Y |" name="And I see DP:EXAMASSIGNMENTS.EXAMNAME3 Y with section name in grid" time="0"/>
  <testcase classname="| DP:SUPER.USERNAME | DP:SUPER.PASSWORD | \u002C | Winter | 2017 | Admin | Reactivate | SAM Assignments | DP:SAMPATHASSIGNMENTS.SAMPATHNAME | DP:PROJECTASSIGNMENTS.PROJECTASSIGNMENTNAME1 | DP:EXAMASSIGNMENTS.EXAMNAME3 | DP:TRAININGASSIGNMENTS.TRAININGEDITNAME1 | Exams | Trainings | Projects | SAM Paths | N | Y |" name="And I see DP:EXAMASSIGNMENTS.EXAMNAME3 Y Winter 2017 section Term\/Year" time="0"/>
  <testcase classname="| DP:SUPER.USERNAME | DP:SUPER.PASSWORD | \u002C | Winter | 2017 | Admin | Reactivate | SAM Assignments | DP:SAMPATHASSIGNMENTS.SAMPATHNAME | DP:PROJECTASSIGNMENTS.PROJECTASSIGNMENTNAME1 | DP:EXAMASSIGNMENTS.EXAMNAME3 | DP:TRAININGASSIGNMENTS.TRAININGEDITNAME1 | Exams | Trainings | Projects | SAM Paths | N | Y |" name="And I see DP:EXAMASSIGNMENTS.EXAMNAME3 Y \u002C comma separater between two section" time="0"/>
  <testcase classname="| DP:SUPER.USERNAME | DP:SUPER.PASSWORD | \u002C | Winter | 2017 | Admin | Reactivate | SAM Assignments | DP:SAMPATHASSIGNMENTS.SAMPATHNAME | DP:PROJECTASSIGNMENTS.PROJECTASSIGNMENTNAME1 | DP:EXAMASSIGNMENTS.EXAMNAME3 | DP:TRAININGASSIGNMENTS.TRAININGEDITNAME1 | Exams | Trainings | Projects | SAM Paths | N | Y |" name="And I see DP:EXAMASSIGNMENTS.EXAMNAME3 Y section name line wrap in section" time="0"/>
  <testcase classname="| DP:SUPER.USERNAME | DP:SUPER.PASSWORD | \u002C | Winter | 2017 | Admin | Reactivate | SAM Assignments | DP:SAMPATHASSIGNMENTS.SAMPATHNAME | DP:PROJECTASSIGNMENTS.PROJECTASSIGNMENTNAME1 | DP:EXAMASSIGNMENTS.EXAMNAME3 | DP:TRAININGASSIGNMENTS.TRAININGEDITNAME1 | Exams | Trainings | Projects | SAM Paths | N | Y |" name="And I uncheck on Exams label CheckBox" time="0"/>
  <testcase classname="| DP:SUPER.USERNAME | DP:SUPER.PASSWORD | \u002C | Winter | 2017 | Admin | Reactivate | SAM Assignments | DP:SAMPATHASSIGNMENTS.SAMPATHNAME | DP:PROJECTASSIGNMENTS.PROJECTASSIGNMENTNAME1 | DP:EXAMASSIGNMENTS.EXAMNAME3 | DP:TRAININGASSIGNMENTS.TRAININGEDITNAME1 | Exams | Trainings | Projects | SAM Paths | N | Y |" name="And I check on Trainings label CheckBox" time="0"/>
  <testcase classname="| DP:SUPER.USERNAME | DP:SUPER.PASSWORD | \u002C | Winter | 2017 | Admin | Reactivate | SAM Assignments | DP:SAMPATHASSIGNMENTS.SAMPATHNAME | DP:PROJECTASSIGNMENTS.PROJECTASSIGNMENTNAME1 | DP:EXAMASSIGNMENTS.EXAMNAME3 | DP:TRAININGASSIGNMENTS.TRAININGEDITNAME1 | Exams | Trainings | Projects | SAM Paths | N | Y |" name="And I see DP:TRAININGASSIGNMENTS.TRAININGEDITNAME1 Y with section name in grid" time="0"/>
  <testcase classname="| DP:SUPER.USERNAME | DP:SUPER.PASSWORD | \u002C | Winter | 2017 | Admin | Reactivate | SAM Assignments | DP:SAMPATHASSIGNMENTS.SAMPATHNAME | DP:PROJECTASSIGNMENTS.PROJECTASSIGNMENTNAME1 | DP:EXAMASSIGNMENTS.EXAMNAME3 | DP:TRAININGASSIGNMENTS.TRAININGEDITNAME1 | Exams | Trainings | Projects | SAM Paths | N | Y |" name="And I see Assignment Name header in admin page" time="0"/>
  <testcase classname="| DP:SUPER.USERNAME | DP:SUPER.PASSWORD | \u002C | Winter | 2017 | Admin | Reactivate | SAM Assignments | DP:SAMPATHASSIGNMENTS.SAMPATHNAME | DP:PROJECTASSIGNMENTS.PROJECTASSIGNMENTNAME1 | DP:EXAMASSIGNMENTS.EXAMNAME3 | DP:TRAININGASSIGNMENTS.TRAININGEDITNAME1 | Exams | Trainings | Projects | SAM Paths | N | Y |" name="And I see SectionName header in admin page" time="0"/>
  <testcase classname="| DP:SUPER.USERNAME | DP:SUPER.PASSWORD | \u002C | Winter | 2017 | Admin | Reactivate | SAM Assignments | DP:SAMPATHASSIGNMENTS.SAMPATHNAME | DP:PROJECTASSIGNMENTS.PROJECTASSIGNMENTNAME1 | DP:EXAMASSIGNMENTS.EXAMNAME3 | DP:TRAININGASSIGNMENTS.TRAININGEDITNAME1 | Exams | Trainings | Projects | SAM Paths | N | Y |" name="And I see DP:TRAININGASSIGNMENTS.TRAININGEDITNAME1 Y Winter 2017 section Term\/Year" time="0"/>
  <testcase classname="| DP:SUPER.USERNAME | DP:SUPER.PASSWORD | \u002C | Winter | 2017 | Admin | Reactivate | SAM Assignments | DP:SAMPATHASSIGNMENTS.SAMPATHNAME | DP:PROJECTASSIGNMENTS.PROJECTASSIGNMENTNAME1 | DP:EXAMASSIGNMENTS.EXAMNAME3 | DP:TRAININGASSIGNMENTS.TRAININGEDITNAME1 | Exams | Trainings | Projects | SAM Paths | N | Y |" name="And I see DP:TRAININGASSIGNMENTS.TRAININGEDITNAME1 Y \u002C comma separater between two section" time="0"/>
  <testcase classname="| DP:SUPER.USERNAME | DP:SUPER.PASSWORD | \u002C | Winter | 2017 | Admin | Reactivate | SAM Assignments | DP:SAMPATHASSIGNMENTS.SAMPATHNAME | DP:PROJECTASSIGNMENTS.PROJECTASSIGNMENTNAME1 | DP:EXAMASSIGNMENTS.EXAMNAME3 | DP:TRAININGASSIGNMENTS.TRAININGEDITNAME1 | Exams | Trainings | Projects | SAM Paths | N | Y |" name="And I see DP:TRAININGASSIGNMENTS.TRAININGEDITNAME1 Y section name line wrap in section" time="0"/>
  <testcase classname="| DP:SUPER.USERNAME | DP:SUPER.PASSWORD | \u002C | Winter | 2017 | Admin | Reactivate | SAM Assignments | DP:SAMPATHASSIGNMENTS.SAMPATHNAME | DP:PROJECTASSIGNMENTS.PROJECTASSIGNMENTNAME1 | DP:EXAMASSIGNMENTS.EXAMNAME3 | DP:TRAININGASSIGNMENTS.TRAININGEDITNAME1 | Exams | Trainings | Projects | SAM Paths | N | Y |" name="And I uncheck on Trainings label CheckBox" time="0"/>
  <testcase classname="| DP:SUPER.USERNAME | DP:SUPER.PASSWORD | \u002C | Winter | 2017 | Admin | Reactivate | SAM Assignments | DP:SAMPATHASSIGNMENTS.SAMPATHNAME | DP:PROJECTASSIGNMENTS.PROJECTASSIGNMENTNAME1 | DP:EXAMASSIGNMENTS.EXAMNAME3 | DP:TRAININGASSIGNMENTS.TRAININGEDITNAME1 | Exams | Trainings | Projects | SAM Paths | N | Y |" name="And I check on Projects label CheckBox" time="0"/>
  <testcase classname="| DP:SUPER.USERNAME | DP:SUPER.PASSWORD | \u002C | Winter | 2017 | Admin | Reactivate | SAM Assignments | DP:SAMPATHASSIGNMENTS.SAMPATHNAME | DP:PROJECTASSIGNMENTS.PROJECTASSIGNMENTNAME1 | DP:EXAMASSIGNMENTS.EXAMNAME3 | DP:TRAININGASSIGNMENTS.TRAININGEDITNAME1 | Exams | Trainings | Projects | SAM Paths | N | Y |" name="And I see DP:PROJECTASSIGNMENTS.PROJECTASSIGNMENTNAME1 Y with section name in grid" time="0"/>
  <testcase classname="| DP:SUPER.USERNAME | DP:SUPER.PASSWORD | \u002C | Winter | 2017 | Admin | Reactivate | SAM Assignments | DP:SAMPATHASSIGNMENTS.SAMPATHNAME | DP:PROJECTASSIGNMENTS.PROJECTASSIGNMENTNAME1 | DP:EXAMASSIGNMENTS.EXAMNAME3 | DP:TRAININGASSIGNMENTS.TRAININGEDITNAME1 | Exams | Trainings | Projects | SAM Paths | N | Y |" name="And I see Assignment Name header in admin page" time="0"/>
  <testcase classname="| DP:SUPER.USERNAME | DP:SUPER.PASSWORD | \u002C | Winter | 2017 | Admin | Reactivate | SAM Assignments | DP:SAMPATHASSIGNMENTS.SAMPATHNAME | DP:PROJECTASSIGNMENTS.PROJECTASSIGNMENTNAME1 | DP:EXAMASSIGNMENTS.EXAMNAME3 | DP:TRAININGASSIGNMENTS.TRAININGEDITNAME1 | Exams | Trainings | Projects | SAM Paths | N | Y |" name="And I see SectionName header in admin page" time="0"/>
  <testcase classname="| DP:SUPER.USERNAME | DP:SUPER.PASSWORD | \u002C | Winter | 2017 | Admin | Reactivate | SAM Assignments | DP:SAMPATHASSIGNMENTS.SAMPATHNAME | DP:PROJECTASSIGNMENTS.PROJECTASSIGNMENTNAME1 | DP:EXAMASSIGNMENTS.EXAMNAME3 | DP:TRAININGASSIGNMENTS.TRAININGEDITNAME1 | Exams | Trainings | Projects | SAM Paths | N | Y |" name="And I see DP:PROJECTASSIGNMENTS.PROJECTASSIGNMENTNAME1 Y Winter 2017 section Term\/Year" time="0"/>
  <testcase classname="| DP:SUPER.USERNAME | DP:SUPER.PASSWORD | \u002C | Winter | 2017 | Admin | Reactivate | SAM Assignments | DP:SAMPATHASSIGNMENTS.SAMPATHNAME | DP:PROJECTASSIGNMENTS.PROJECTASSIGNMENTNAME1 | DP:EXAMASSIGNMENTS.EXAMNAME3 | DP:TRAININGASSIGNMENTS.TRAININGEDITNAME1 | Exams | Trainings | Projects | SAM Paths | N | Y |" name="And I see DP:PROJECTASSIGNMENTS.PROJECTASSIGNMENTNAME1 Y \u002C comma separater between two section" time="0"/>
  <testcase classname="| DP:SUPER.USERNAME | DP:SUPER.PASSWORD | \u002C | Winter | 2017 | Admin | Reactivate | SAM Assignments | DP:SAMPATHASSIGNMENTS.SAMPATHNAME | DP:PROJECTASSIGNMENTS.PROJECTASSIGNMENTNAME1 | DP:EXAMASSIGNMENTS.EXAMNAME3 | DP:TRAININGASSIGNMENTS.TRAININGEDITNAME1 | Exams | Trainings | Projects | SAM Paths | N | Y |" name="And I see DP:PROJECTASSIGNMENTS.PROJECTASSIGNMENTNAME1 Y section name line wrap in section" time="0"/>
  <testcase classname="| DP:SUPER.USERNAME | DP:SUPER.PASSWORD | \u002C | Winter | 2017 | Admin | Reactivate | SAM Assignments | DP:SAMPATHASSIGNMENTS.SAMPATHNAME | DP:PROJECTASSIGNMENTS.PROJECTASSIGNMENTNAME1 | DP:EXAMASSIGNMENTS.EXAMNAME3 | DP:TRAININGASSIGNMENTS.TRAININGEDITNAME1 | Exams | Trainings | Projects | SAM Paths | N | Y |" name="When I uncheck on Projects label CheckBox" time="0"/>
  <testcase classname="| DP:SUPER.USERNAME | DP:SUPER.PASSWORD | \u002C | Winter | 2017 | Admin | Reactivate | SAM Assignments | DP:SAMPATHASSIGNMENTS.SAMPATHNAME | DP:PROJECTASSIGNMENTS.PROJECTASSIGNMENTNAME1 | DP:EXAMASSIGNMENTS.EXAMNAME3 | DP:TRAININGASSIGNMENTS.TRAININGEDITNAME1 | Exams | Trainings | Projects | SAM Paths | N | Y |" name="Then I check on SAM Paths label CheckBox" time="0"/>
  <testcase classname="| DP:SUPER.USERNAME | DP:SUPER.PASSWORD | \u002C | Winter | 2017 | Admin | Reactivate | SAM Assignments | DP:SAMPATHASSIGNMENTS.SAMPATHNAME | DP:PROJECTASSIGNMENTS.PROJECTASSIGNMENTNAME1 | DP:EXAMASSIGNMENTS.EXAMNAME3 | DP:TRAININGASSIGNMENTS.TRAININGEDITNAME1 | Exams | Trainings | Projects | SAM Paths | N | Y |" name="And I see DP:SAMPATHASSIGNMENTS.SAMPATHNAME Y with section name in grid" time="0"/>
  <testcase classname="| DP:SUPER.USERNAME | DP:SUPER.PASSWORD | \u002C | Winter | 2017 | Admin | Reactivate | SAM Assignments | DP:SAMPATHASSIGNMENTS.SAMPATHNAME | DP:PROJECTASSIGNMENTS.PROJECTASSIGNMENTNAME1 | DP:EXAMASSIGNMENTS.EXAMNAME3 | DP:TRAININGASSIGNMENTS.TRAININGEDITNAME1 | Exams | Trainings | Projects | SAM Paths | N | Y |" name="And I see Assignment Name header in admin page" time="0"/>
  <testcase classname="| DP:SUPER.USERNAME | DP:SUPER.PASSWORD | \u002C | Winter | 2017 | Admin | Reactivate | SAM Assignments | DP:SAMPATHASSIGNMENTS.SAMPATHNAME | DP:PROJECTASSIGNMENTS.PROJECTASSIGNMENTNAME1 | DP:EXAMASSIGNMENTS.EXAMNAME3 | DP:TRAININGASSIGNMENTS.TRAININGEDITNAME1 | Exams | Trainings | Projects | SAM Paths | N | Y |" name="And I see SectionName header in admin page" time="0"/>
  <testcase classname="| DP:SUPER.USERNAME | DP:SUPER.PASSWORD | \u002C | Winter | 2017 | Admin | Reactivate | SAM Assignments | DP:SAMPATHASSIGNMENTS.SAMPATHNAME | DP:PROJECTASSIGNMENTS.PROJECTASSIGNMENTNAME1 | DP:EXAMASSIGNMENTS.EXAMNAME3 | DP:TRAININGASSIGNMENTS.TRAININGEDITNAME1 | Exams | Trainings | Projects | SAM Paths | N | Y |" name="And I see DP:SAMPATHASSIGNMENTS.SAMPATHNAME Y Winter 2017 section Term\/Year" time="0"/>
  <testcase classname="| DP:SUPER.USERNAME | DP:SUPER.PASSWORD | \u002C | Winter | 2017 | Admin | Reactivate | SAM Assignments | DP:SAMPATHASSIGNMENTS.SAMPATHNAME | DP:PROJECTASSIGNMENTS.PROJECTASSIGNMENTNAME1 | DP:EXAMASSIGNMENTS.EXAMNAME3 | DP:TRAININGASSIGNMENTS.TRAININGEDITNAME1 | Exams | Trainings | Projects | SAM Paths | N | Y |" name="And I see DP:SAMPATHASSIGNMENTS.SAMPATHNAME Y \u002C comma separater between two section" time="0"/>
  <testcase classname="| DP:SUPER.USERNAME | DP:SUPER.PASSWORD | \u002C | Winter | 2017 | Admin | Reactivate | SAM Assignments | DP:SAMPATHASSIGNMENTS.SAMPATHNAME | DP:PROJECTASSIGNMENTS.PROJECTASSIGNMENTNAME1 | DP:EXAMASSIGNMENTS.EXAMNAME3 | DP:TRAININGASSIGNMENTS.TRAININGEDITNAME1 | Exams | Trainings | Projects | SAM Paths | N | Y |" name="And I see DP:SAMPATHASSIGNMENTS.SAMPATHNAME Y section name line wrap in section" time="0"/>
  <testcase classname="| DP:SUPER.USERNAME | DP:SUPER.PASSWORD | \u002C | Winter | 2017 | Admin | Reactivate | SAM Assignments | DP:SAMPATHASSIGNMENTS.SAMPATHNAME | DP:PROJECTASSIGNMENTS.PROJECTASSIGNMENTNAME1 | DP:EXAMASSIGNMENTS.EXAMNAME3 | DP:TRAININGASSIGNMENTS.TRAININGEDITNAME1 | Exams | Trainings | Projects | SAM Paths | N | Y |" name="And I click on Logout button" time="0"/>
  <testcase classname="| DP:SUPER.USERNAME | DP:SUPER.PASSWORD | \u002C | Winter | 2017 | Admin | Reactivate | SAM Assignments | DP:SAMPATHASSIGNMENTS.SAMPATHNAME | DP:PROJECTASSIGNMENTS.PROJECTASSIGNMENTNAME1 | DP:EXAMASSIGNMENTS.EXAMNAME3 | DP:TRAININGASSIGNMENTS.TRAININGEDITNAME1 | Exams | Trainings | Projects | SAM Paths | N | Y |" name="| DP:SUPER.USERNAME | DP:SUPER.PASSWORD | \u002C | Winter | 2017 | Admin | Reactivate | SAM Assignments | DP:SAMPATHASSIGNMENTS.SAMPATHNAME | DP:PROJECTASSIGNMENTS.PROJECTASSIGNMENTNAME1 | DP:EXAMASSIGNMENTS.EXAMNAME3 | DP:TRAININGASSIGNMENTS.TRAININGEDITNAME1 | Exams | Trainings | Projects | SAM Paths | N | Y |" time="0.001"/>
  <testcase classname="| DP:SUPER.USERNAME | DP:SUPER.PASSWORD | DP:SECTIONS.SECTIONNAME | Y | N | SAM Assignments | Exams | DP:EXAMASSIGNMENTS.EXAMNAME2 | DP:TEXTBOOK.BOOK | DP:TEXTBOOK.CHAPTERS | DP:TEXTBOOK.TASKS | DP:TEXTBOOK.TESTBANKQUESTION |" name="Given As a user I see login page of LMS" time="0"/>
  <testcase classname="| DP:SUPER.USERNAME | DP:SUPER.PASSWORD | DP:SECTIONS.SECTIONNAME | Y | N | SAM Assignments | Exams | DP:EXAMASSIGNMENTS.EXAMNAME2 | DP:TEXTBOOK.BOOK | DP:TEXTBOOK.CHAPTERS | DP:TEXTBOOK.TASKS | DP:TEXTBOOK.TESTBANKQUESTION |" name="And I enter DP:SUPER.USERNAME N Username in LMS login page" time="0"/>
  <testcase classname="| DP:SUPER.USERNAME | DP:SUPER.PASSWORD | DP:SECTIONS.SECTIONNAME | Y | N | SAM Assignments | Exams | DP:EXAMASSIGNMENTS.EXAMNAME2 | DP:TEXTBOOK.BOOK | DP:TEXTBOOK.CHAPTERS | DP:TEXTBOOK.TASKS | DP:TEXTBOOK.TESTBANKQUESTION |" name="And I enter DP:SUPER.PASSWORD Password in LMS login page" time="0"/>
  <testcase classname="| DP:SUPER.USERNAME | DP:SUPER.PASSWORD | DP:SECTIONS.SECTIONNAME | Y | N | SAM Assignments | Exams | DP:EXAMASSIGNMENTS.EXAMNAME2 | DP:TEXTBOOK.BOOK | DP:TEXTBOOK.CHAPTERS | DP:TEXTBOOK.TASKS | DP:TEXTBOOK.TESTBANKQUESTION |" name="And I click on Log In button" time="0"/>
  <testcase classname="| DP:SUPER.USERNAME | DP:SUPER.PASSWORD | DP:SECTIONS.SECTIONNAME | Y | N | SAM Assignments | Exams | DP:EXAMASSIGNMENTS.EXAMNAME2 | DP:TEXTBOOK.BOOK | DP:TEXTBOOK.CHAPTERS | DP:TEXTBOOK.TASKS | DP:TEXTBOOK.TESTBANKQUESTION |" name="And I see home page of LMS" time="0"/>
  <testcase classname="| DP:SUPER.USERNAME | DP:SUPER.PASSWORD | DP:SECTIONS.SECTIONNAME | Y | N | SAM Assignments | Exams | DP:EXAMASSIGNMENTS.EXAMNAME2 | DP:TEXTBOOK.BOOK | DP:TEXTBOOK.CHAPTERS | DP:TEXTBOOK.TASKS | DP:TEXTBOOK.TESTBANKQUESTION |" name="And I click on SAM Assignments tab" time="0"/>
  <testcase classname="| DP:SUPER.USERNAME | DP:SUPER.PASSWORD | DP:SECTIONS.SECTIONNAME | Y | N | SAM Assignments | Exams | DP:EXAMASSIGNMENTS.EXAMNAME2 | DP:TEXTBOOK.BOOK | DP:TEXTBOOK.CHAPTERS | DP:TEXTBOOK.TASKS | DP:TEXTBOOK.TESTBANKQUESTION |" name="And I click on Exams tab" time="0"/>
  <testcase classname="| DP:SUPER.USERNAME | DP:SUPER.PASSWORD | DP:SECTIONS.SECTIONNAME | Y | N | SAM Assignments | Exams | DP:EXAMASSIGNMENTS.EXAMNAME2 | DP:TEXTBOOK.BOOK | DP:TEXTBOOK.CHAPTERS | DP:TEXTBOOK.TASKS | DP:TEXTBOOK.TESTBANKQUESTION |" name="And I click on Add Exam button" time="0"/>
  <testcase classname="| DP:SUPER.USERNAME | DP:SUPER.PASSWORD | DP:SECTIONS.SECTIONNAME | Y | N | SAM Assignments | Exams | DP:EXAMASSIGNMENTS.EXAMNAME2 | DP:TEXTBOOK.BOOK | DP:TEXTBOOK.CHAPTERS | DP:TEXTBOOK.TASKS | DP:TEXTBOOK.TESTBANKQUESTION |" name="And I enter DP:EXAMASSIGNMENTS.EXAMNAME2 Y in Exam Name" time="0"/>
  <testcase classname="| DP:SUPER.USERNAME | DP:SUPER.PASSWORD | DP:SECTIONS.SECTIONNAME | Y | N | SAM Assignments | Exams | DP:EXAMASSIGNMENTS.EXAMNAME2 | DP:TEXTBOOK.BOOK | DP:TEXTBOOK.CHAPTERS | DP:TEXTBOOK.TASKS | DP:TEXTBOOK.TESTBANKQUESTION |" name="And I check Auto-generate companion training" time="0"/>
  <testcase classname="| DP:SUPER.USERNAME | DP:SUPER.PASSWORD | DP:SECTIONS.SECTIONNAME | Y | N | SAM Assignments | Exams | DP:EXAMASSIGNMENTS.EXAMNAME2 | DP:TEXTBOOK.BOOK | DP:TEXTBOOK.CHAPTERS | DP:TEXTBOOK.TASKS | DP:TEXTBOOK.TESTBANKQUESTION |" name="And I click on Next Step button" time="0"/>
  <testcase classname="| DP:SUPER.USERNAME | DP:SUPER.PASSWORD | DP:SECTIONS.SECTIONNAME | Y | N | SAM Assignments | Exams | DP:EXAMASSIGNMENTS.EXAMNAME2 | DP:TEXTBOOK.BOOK | DP:TEXTBOOK.CHAPTERS | DP:TEXTBOOK.TASKS | DP:TEXTBOOK.TESTBANKQUESTION |" name="And I check DP:TEXTBOOK.BOOK in Select Textbooks page" time="0"/>
  <testcase classname="| DP:SUPER.USERNAME | DP:SUPER.PASSWORD | DP:SECTIONS.SECTIONNAME | Y | N | SAM Assignments | Exams | DP:EXAMASSIGNMENTS.EXAMNAME2 | DP:TEXTBOOK.BOOK | DP:TEXTBOOK.CHAPTERS | DP:TEXTBOOK.TASKS | DP:TEXTBOOK.TESTBANKQUESTION |" name="And I click on Next Step button" time="0"/>
  <testcase classname="| DP:SUPER.USERNAME | DP:SUPER.PASSWORD | DP:SECTIONS.SECTIONNAME | Y | N | SAM Assignments | Exams | DP:EXAMASSIGNMENTS.EXAMNAME2 | DP:TEXTBOOK.BOOK | DP:TEXTBOOK.CHAPTERS | DP:TEXTBOOK.TASKS | DP:TEXTBOOK.TESTBANKQUESTION |" name="And I check DP:TEXTBOOK.CHAPTERS in Select Chapters" time="0"/>
  <testcase classname="| DP:SUPER.USERNAME | DP:SUPER.PASSWORD | DP:SECTIONS.SECTIONNAME | Y | N | SAM Assignments | Exams | DP:EXAMASSIGNMENTS.EXAMNAME2 | DP:TEXTBOOK.BOOK | DP:TEXTBOOK.CHAPTERS | DP:TEXTBOOK.TASKS | DP:TEXTBOOK.TESTBANKQUESTION |" name="And I click on Next Step button" time="0"/>
  <testcase classname="| DP:SUPER.USERNAME | DP:SUPER.PASSWORD | DP:SECTIONS.SECTIONNAME | Y | N | SAM Assignments | Exams | DP:EXAMASSIGNMENTS.EXAMNAME2 | DP:TEXTBOOK.BOOK | DP:TEXTBOOK.CHAPTERS | DP:TEXTBOOK.TASKS | DP:TEXTBOOK.TESTBANKQUESTION |" name="And I check DP:TEXTBOOK.TASKS task" time="0"/>
  <testcase classname="| DP:SUPER.USERNAME | DP:SUPER.PASSWORD | DP:SECTIONS.SECTIONNAME | Y | N | SAM Assignments | Exams | DP:EXAMASSIGNMENTS.EXAMNAME2 | DP:TEXTBOOK.BOOK | DP:TEXTBOOK.CHAPTERS | DP:TEXTBOOK.TASKS | DP:TEXTBOOK.TESTBANKQUESTION |" name="And I click on Testbank Question" time="0"/>
  <testcase classname="| DP:SUPER.USERNAME | DP:SUPER.PASSWORD | DP:SECTIONS.SECTIONNAME | Y | N | SAM Assignments | Exams | DP:EXAMASSIGNMENTS.EXAMNAME2 | DP:TEXTBOOK.BOOK | DP:TEXTBOOK.CHAPTERS | DP:TEXTBOOK.TASKS | DP:TEXTBOOK.TESTBANKQUESTION |" name="And I check DP:TEXTBOOK.TESTBANKQUESTION in Testbank Question" time="0"/>
  <testcase classname="| DP:SUPER.USERNAME | DP:SUPER.PASSWORD | DP:SECTIONS.SECTIONNAME | Y | N | SAM Assignments | Exams | DP:EXAMASSIGNMENTS.EXAMNAME2 | DP:TEXTBOOK.BOOK | DP:TEXTBOOK.CHAPTERS | DP:TEXTBOOK.TASKS | DP:TEXTBOOK.TESTBANKQUESTION |" name="And I click on Save button" time="0"/>
  <testcase classname="| DP:SUPER.USERNAME | DP:SUPER.PASSWORD | DP:SECTIONS.SECTIONNAME | Y | N | SAM Assignments | Exams | DP:EXAMASSIGNMENTS.EXAMNAME2 | DP:TEXTBOOK.BOOK | DP:TEXTBOOK.CHAPTERS | DP:TEXTBOOK.TASKS | DP:TEXTBOOK.TESTBANKQUESTION |" name="And I click on Schedule button in pop-up" time="0"/>
  <testcase classname="| DP:SUPER.USERNAME | DP:SUPER.PASSWORD | DP:SECTIONS.SECTIONNAME | Y | N | SAM Assignments | Exams | DP:EXAMASSIGNMENTS.EXAMNAME2 | DP:TEXTBOOK.BOOK | DP:TEXTBOOK.CHAPTERS | DP:TEXTBOOK.TASKS | DP:TEXTBOOK.TESTBANKQUESTION |" name="And I click on section drop down" time="0"/>
  <testcase classname="| DP:SUPER.USERNAME | DP:SUPER.PASSWORD | DP:SECTIONS.SECTIONNAME | Y | N | SAM Assignments | Exams | DP:EXAMASSIGNMENTS.EXAMNAME2 | DP:TEXTBOOK.BOOK | DP:TEXTBOOK.CHAPTERS | DP:TEXTBOOK.TASKS | DP:TEXTBOOK.TESTBANKQUESTION |" name="And I check DP:SECTIONS.SECTIONNAME Y in Select section drop down" time="0"/>
  <testcase classname="| DP:SUPER.USERNAME | DP:SUPER.PASSWORD | DP:SECTIONS.SECTIONNAME | Y | N | SAM Assignments | Exams | DP:EXAMASSIGNMENTS.EXAMNAME2 | DP:TEXTBOOK.BOOK | DP:TEXTBOOK.CHAPTERS | DP:TEXTBOOK.TASKS | DP:TEXTBOOK.TESTBANKQUESTION |" name="And I click on section drop down" time="0"/>
  <testcase classname="| DP:SUPER.USERNAME | DP:SUPER.PASSWORD | DP:SECTIONS.SECTIONNAME | Y | N | SAM Assignments | Exams | DP:EXAMASSIGNMENTS.EXAMNAME2 | DP:TEXTBOOK.BOOK | DP:TEXTBOOK.CHAPTERS | DP:TEXTBOOK.TASKS | DP:TEXTBOOK.TESTBANKQUESTION |" name="When I click on Schedule button" time="0"/>
  <testcase classname="| DP:SUPER.USERNAME | DP:SUPER.PASSWORD | DP:SECTIONS.SECTIONNAME | Y | N | SAM Assignments | Exams | DP:EXAMASSIGNMENTS.EXAMNAME2 | DP:TEXTBOOK.BOOK | DP:TEXTBOOK.CHAPTERS | DP:TEXTBOOK.TASKS | DP:TEXTBOOK.TESTBANKQUESTION |" name="Then I click on X icon" time="0"/>
  <testcase classname="| DP:SUPER.USERNAME | DP:SUPER.PASSWORD | DP:SECTIONS.SECTIONNAME | Y | N | SAM Assignments | Exams | DP:EXAMASSIGNMENTS.EXAMNAME2 | DP:TEXTBOOK.BOOK | DP:TEXTBOOK.CHAPTERS | DP:TEXTBOOK.TASKS | DP:TEXTBOOK.TESTBANKQUESTION |" name="And I click on Logout button" time="0"/>
  <testcase classname="| DP:SUPER.USERNAME | DP:SUPER.PASSWORD | DP:SECTIONS.SECTIONNAME | Y | N | SAM Assignments | Exams | DP:EXAMASSIGNMENTS.EXAMNAME2 | DP:TEXTBOOK.BOOK | DP:TEXTBOOK.CHAPTERS | DP:TEXTBOOK.TASKS | DP:TEXTBOOK.TESTBANKQUESTION |" name="| DP:SUPER.USERNAME | DP:SUPER.PASSWORD | DP:SECTIONS.SECTIONNAME | Y | N | SAM Assignments | Exams | DP:EXAMASSIGNMENTS.EXAMNAME2 | DP:TEXTBOOK.BOOK | DP:TEXTBOOK.CHAPTERS | DP:TEXTBOOK.TASKS | DP:TEXTBOOK.TESTBANKQUESTION |" time="0.002"/>
  <testcase classname="| DP:SUPER.USERNAME | DP:SUPER.PASSWORD | DP:SECTIONS.SECTIONNAME | DP:TRAININGASSIGNMENTS.TRAININGNAME1 | DP:TEXTBOOK.BOOK | DP:ASSIGNMENTS.TRAININGAPPLICATION1TASK1 | SAM Assignments | Training | Y | N | DP:TEXTBOOK.CHAPTERS |" name="Given As a user I see login page of LMS" time="0"/>
  <testcase classname="| DP:SUPER.USERNAME | DP:SUPER.PASSWORD | DP:SECTIONS.SECTIONNAME | DP:TRAININGASSIGNMENTS.TRAININGNAME1 | DP:TEXTBOOK.BOOK | DP:ASSIGNMENTS.TRAININGAPPLICATION1TASK1 | SAM Assignments | Training | Y | N | DP:TEXTBOOK.CHAPTERS |" name="And I enter DP:SUPER.USERNAME N Username in LMS login page" time="0"/>
  <testcase classname="| DP:SUPER.USERNAME | DP:SUPER.PASSWORD | DP:SECTIONS.SECTIONNAME | DP:TRAININGASSIGNMENTS.TRAININGNAME1 | DP:TEXTBOOK.BOOK | DP:ASSIGNMENTS.TRAININGAPPLICATION1TASK1 | SAM Assignments | Training | Y | N | DP:TEXTBOOK.CHAPTERS |" name="And I enter DP:SUPER.PASSWORD Password in LMS login page" time="0"/>
  <testcase classname="| DP:SUPER.USERNAME | DP:SUPER.PASSWORD | DP:SECTIONS.SECTIONNAME | DP:TRAININGASSIGNMENTS.TRAININGNAME1 | DP:TEXTBOOK.BOOK | DP:ASSIGNMENTS.TRAININGAPPLICATION1TASK1 | SAM Assignments | Training | Y | N | DP:TEXTBOOK.CHAPTERS |" name="And I click on Log In button" time="0"/>
  <testcase classname="| DP:SUPER.USERNAME | DP:SUPER.PASSWORD | DP:SECTIONS.SECTIONNAME | DP:TRAININGASSIGNMENTS.TRAININGNAME1 | DP:TEXTBOOK.BOOK | DP:ASSIGNMENTS.TRAININGAPPLICATION1TASK1 | SAM Assignments | Training | Y | N | DP:TEXTBOOK.CHAPTERS |" name="And I see home page of LMS" time="0"/>
  <testcase classname="| DP:SUPER.USERNAME | DP:SUPER.PASSWORD | DP:SECTIONS.SECTIONNAME | DP:TRAININGASSIGNMENTS.TRAININGNAME1 | DP:TEXTBOOK.BOOK | DP:ASSIGNMENTS.TRAININGAPPLICATION1TASK1 | SAM Assignments | Training | Y | N | DP:TEXTBOOK.CHAPTERS |" name="And I click on SAM Assignments tab" time="0"/>
  <testcase classname="| DP:SUPER.USERNAME | DP:SUPER.PASSWORD | DP:SECTIONS.SECTIONNAME | DP:TRAININGASSIGNMENTS.TRAININGNAME1 | DP:TEXTBOOK.BOOK | DP:ASSIGNMENTS.TRAININGAPPLICATION1TASK1 | SAM Assignments | Training | Y | N | DP:TEXTBOOK.CHAPTERS |" name="And I click on Training tab" time="0"/>
  <testcase classname="| DP:SUPER.USERNAME | DP:SUPER.PASSWORD | DP:SECTIONS.SECTIONNAME | DP:TRAININGASSIGNMENTS.TRAININGNAME1 | DP:TEXTBOOK.BOOK | DP:ASSIGNMENTS.TRAININGAPPLICATION1TASK1 | SAM Assignments | Training | Y | N | DP:TEXTBOOK.CHAPTERS |" name="And I click on Add Training button" time="0"/>
  <testcase classname="| DP:SUPER.USERNAME | DP:SUPER.PASSWORD | DP:SECTIONS.SECTIONNAME | DP:TRAININGASSIGNMENTS.TRAININGNAME1 | DP:TEXTBOOK.BOOK | DP:ASSIGNMENTS.TRAININGAPPLICATION1TASK1 | SAM Assignments | Training | Y | N | DP:TEXTBOOK.CHAPTERS |" name="And I enter DP:TRAININGASSIGNMENTS.TRAININGNAME1 Y in Training Name" time="0"/>
  <testcase classname="| DP:SUPER.USERNAME | DP:SUPER.PASSWORD | DP:SECTIONS.SECTIONNAME | DP:TRAININGASSIGNMENTS.TRAININGNAME1 | DP:TEXTBOOK.BOOK | DP:ASSIGNMENTS.TRAININGAPPLICATION1TASK1 | SAM Assignments | Training | Y | N | DP:TEXTBOOK.CHAPTERS |" name="And I check on Auto-generate companion exam" time="0"/>
  <testcase classname="| DP:SUPER.USERNAME | DP:SUPER.PASSWORD | DP:SECTIONS.SECTIONNAME | DP:TRAININGASSIGNMENTS.TRAININGNAME1 | DP:TEXTBOOK.BOOK | DP:ASSIGNMENTS.TRAININGAPPLICATION1TASK1 | SAM Assignments | Training | Y | N | DP:TEXTBOOK.CHAPTERS |" name="And I click on Next Step button" time="0"/>
  <testcase classname="| DP:SUPER.USERNAME | DP:SUPER.PASSWORD | DP:SECTIONS.SECTIONNAME | DP:TRAININGASSIGNMENTS.TRAININGNAME1 | DP:TEXTBOOK.BOOK | DP:ASSIGNMENTS.TRAININGAPPLICATION1TASK1 | SAM Assignments | Training | Y | N | DP:TEXTBOOK.CHAPTERS |" name="And I check on Make all SAM Tasks available" time="0"/>
  <testcase classname="| DP:SUPER.USERNAME | DP:SUPER.PASSWORD | DP:SECTIONS.SECTIONNAME | DP:TRAININGASSIGNMENTS.TRAININGNAME1 | DP:TEXTBOOK.BOOK | DP:ASSIGNMENTS.TRAININGAPPLICATION1TASK1 | SAM Assignments | Training | Y | N | DP:TEXTBOOK.CHAPTERS |" name="And I check DP:TEXTBOOK.BOOK in Select Textbooks page" time="0"/>
  <testcase classname="| DP:SUPER.USERNAME | DP:SUPER.PASSWORD | DP:SECTIONS.SECTIONNAME | DP:TRAININGASSIGNMENTS.TRAININGNAME1 | DP:TEXTBOOK.BOOK | DP:ASSIGNMENTS.TRAININGAPPLICATION1TASK1 | SAM Assignments | Training | Y | N | DP:TEXTBOOK.CHAPTERS |" name="And I click on Next Step button" time="0"/>
  <testcase classname="| DP:SUPER.USERNAME | DP:SUPER.PASSWORD | DP:SECTIONS.SECTIONNAME | DP:TRAININGASSIGNMENTS.TRAININGNAME1 | DP:TEXTBOOK.BOOK | DP:ASSIGNMENTS.TRAININGAPPLICATION1TASK1 | SAM Assignments | Training | Y | N | DP:TEXTBOOK.CHAPTERS |" name="And I check DP:TEXTBOOK.CHAPTERS in Select Chapters" time="0"/>
  <testcase classname="| DP:SUPER.USERNAME | DP:SUPER.PASSWORD | DP:SECTIONS.SECTIONNAME | DP:TRAININGASSIGNMENTS.TRAININGNAME1 | DP:TEXTBOOK.BOOK | DP:ASSIGNMENTS.TRAININGAPPLICATION1TASK1 | SAM Assignments | Training | Y | N | DP:TEXTBOOK.CHAPTERS |" name="And I click on Next Step button" time="0"/>
  <testcase classname="| DP:SUPER.USERNAME | DP:SUPER.PASSWORD | DP:SECTIONS.SECTIONNAME | DP:TRAININGASSIGNMENTS.TRAININGNAME1 | DP:TEXTBOOK.BOOK | DP:ASSIGNMENTS.TRAININGAPPLICATION1TASK1 | SAM Assignments | Training | Y | N | DP:TEXTBOOK.CHAPTERS |" name="And I check DP:ASSIGNMENTS.TRAININGAPPLICATION1TASK1 task" time="0"/>
  <testcase classname="| DP:SUPER.USERNAME | DP:SUPER.PASSWORD | DP:SECTIONS.SECTIONNAME | DP:TRAININGASSIGNMENTS.TRAININGNAME1 | DP:TEXTBOOK.BOOK | DP:ASSIGNMENTS.TRAININGAPPLICATION1TASK1 | SAM Assignments | Training | Y | N | DP:TEXTBOOK.CHAPTERS |" name="And I click on Save button" time="0"/>
  <testcase classname="| DP:SUPER.USERNAME | DP:SUPER.PASSWORD | DP:SECTIONS.SECTIONNAME | DP:TRAININGASSIGNMENTS.TRAININGNAME1 | DP:TEXTBOOK.BOOK | DP:ASSIGNMENTS.TRAININGAPPLICATION1TASK1 | SAM Assignments | Training | Y | N | DP:TEXTBOOK.CHAPTERS |" name="And I click on Schedule button in pop-up" time="0"/>
  <testcase classname="| DP:SUPER.USERNAME | DP:SUPER.PASSWORD | DP:SECTIONS.SECTIONNAME | DP:TRAININGASSIGNMENTS.TRAININGNAME1 | DP:TEXTBOOK.BOOK | DP:ASSIGNMENTS.TRAININGAPPLICATION1TASK1 | SAM Assignments | Training | Y | N | DP:TEXTBOOK.CHAPTERS |" name="And I click on section drop down" time="0"/>
  <testcase classname="| DP:SUPER.USERNAME | DP:SUPER.PASSWORD | DP:SECTIONS.SECTIONNAME | DP:TRAININGASSIGNMENTS.TRAININGNAME1 | DP:TEXTBOOK.BOOK | DP:ASSIGNMENTS.TRAININGAPPLICATION1TASK1 | SAM Assignments | Training | Y | N | DP:TEXTBOOK.CHAPTERS |" name="And I check DP:SECTIONS.SECTIONNAME Y in Select section drop down" time="0"/>
  <testcase classname="| DP:SUPER.USERNAME | DP:SUPER.PASSWORD | DP:SECTIONS.SECTIONNAME | DP:TRAININGASSIGNMENTS.TRAININGNAME1 | DP:TEXTBOOK.BOOK | DP:ASSIGNMENTS.TRAININGAPPLICATION1TASK1 | SAM Assignments | Training | Y | N | DP:TEXTBOOK.CHAPTERS |" name="And I click on section drop down" time="0"/>
  <testcase classname="| DP:SUPER.USERNAME | DP:SUPER.PASSWORD | DP:SECTIONS.SECTIONNAME | DP:TRAININGASSIGNMENTS.TRAININGNAME1 | DP:TEXTBOOK.BOOK | DP:ASSIGNMENTS.TRAININGAPPLICATION1TASK1 | SAM Assignments | Training | Y | N | DP:TEXTBOOK.CHAPTERS |" name="When I click on Schedule button" time="0"/>
  <testcase classname="| DP:SUPER.USERNAME | DP:SUPER.PASSWORD | DP:SECTIONS.SECTIONNAME | DP:TRAININGASSIGNMENTS.TRAININGNAME1 | DP:TEXTBOOK.BOOK | DP:ASSIGNMENTS.TRAININGAPPLICATION1TASK1 | SAM Assignments | Training | Y | N | DP:TEXTBOOK.CHAPTERS |" name="Then I click on X icon" time="0"/>
  <testcase classname="| DP:SUPER.USERNAME | DP:SUPER.PASSWORD | DP:SECTIONS.SECTIONNAME | DP:TRAININGASSIGNMENTS.TRAININGNAME1 | DP:TEXTBOOK.BOOK | DP:ASSIGNMENTS.TRAININGAPPLICATION1TASK1 | SAM Assignments | Training | Y | N | DP:TEXTBOOK.CHAPTERS |" name="And I click on Logout button" time="0"/>
  <testcase classname="| DP:SUPER.USERNAME | DP:SUPER.PASSWORD | DP:SECTIONS.SECTIONNAME | DP:TRAININGASSIGNMENTS.TRAININGNAME1 | DP:TEXTBOOK.BOOK | DP:ASSIGNMENTS.TRAININGAPPLICATION1TASK1 | SAM Assignments | Training | Y | N | DP:TEXTBOOK.CHAPTERS |" name="| DP:SUPER.USERNAME | DP:SUPER.PASSWORD | DP:SECTIONS.SECTIONNAME | DP:TRAININGASSIGNMENTS.TRAININGNAME1 | DP:TEXTBOOK.BOOK | DP:ASSIGNMENTS.TRAININGAPPLICATION1TASK1 | SAM Assignments | Training | Y | N | DP:TEXTBOOK.CHAPTERS |" time="0"/>
  <testcase classname="| DP:SUPER.USERNAME | DP:SUPER.PASSWORD | DP:PROJECTASSIGNMENTS.PROJECTBOOK | DP:PROJECTASSIGNMENTS.PROJECTUNITS | DP:PROJECTASSIGNMENTS.PROJECTSUBJECT | DP:PROJECTASSIGNMENTS.PROJECTNAME | DP:SECTIONS.SECTIONNAME | SAM Assignments | Assignments | Y | N | DP:PROJECTASSIGNMENTS.PROJECTASSIGNMENTNAME2 |" name="Given As a user I see login page of LMS" time="0"/>
  <testcase classname="| DP:SUPER.USERNAME | DP:SUPER.PASSWORD | DP:PROJECTASSIGNMENTS.PROJECTBOOK | DP:PROJECTASSIGNMENTS.PROJECTUNITS | DP:PROJECTASSIGNMENTS.PROJECTSUBJECT | DP:PROJECTASSIGNMENTS.PROJECTNAME | DP:SECTIONS.SECTIONNAME | SAM Assignments | Assignments | Y | N | DP:PROJECTASSIGNMENTS.PROJECTASSIGNMENTNAME2 |" name="And I enter DP:SUPER.USERNAME N Username in LMS login page" time="0"/>
  <testcase classname="| DP:SUPER.USERNAME | DP:SUPER.PASSWORD | DP:PROJECTASSIGNMENTS.PROJECTBOOK | DP:PROJECTASSIGNMENTS.PROJECTUNITS | DP:PROJECTASSIGNMENTS.PROJECTSUBJECT | DP:PROJECTASSIGNMENTS.PROJECTNAME | DP:SECTIONS.SECTIONNAME | SAM Assignments | Assignments | Y | N | DP:PROJECTASSIGNMENTS.PROJECTASSIGNMENTNAME2 |" name="And I enter DP:SUPER.PASSWORD Password in LMS login page" time="0"/>
  <testcase classname="| DP:SUPER.USERNAME | DP:SUPER.PASSWORD | DP:PROJECTASSIGNMENTS.PROJECTBOOK | DP:PROJECTASSIGNMENTS.PROJECTUNITS | DP:PROJECTASSIGNMENTS.PROJECTSUBJECT | DP:PROJECTASSIGNMENTS.PROJECTNAME | DP:SECTIONS.SECTIONNAME | SAM Assignments | Assignments | Y | N | DP:PROJECTASSIGNMENTS.PROJECTASSIGNMENTNAME2 |" name="And I click on Log In button" time="0"/>
  <testcase classname="| DP:SUPER.USERNAME | DP:SUPER.PASSWORD | DP:PROJECTASSIGNMENTS.PROJECTBOOK | DP:PROJECTASSIGNMENTS.PROJECTUNITS | DP:PROJECTASSIGNMENTS.PROJECTSUBJECT | DP:PROJECTASSIGNMENTS.PROJECTNAME | DP:SECTIONS.SECTIONNAME | SAM Assignments | Assignments | Y | N | DP:PROJECTASSIGNMENTS.PROJECTASSIGNMENTNAME2 |" name="And I see home page of LMS" time="0"/>
  <testcase classname="| DP:SUPER.USERNAME | DP:SUPER.PASSWORD | DP:PROJECTASSIGNMENTS.PROJECTBOOK | DP:PROJECTASSIGNMENTS.PROJECTUNITS | DP:PROJECTASSIGNMENTS.PROJECTSUBJECT | DP:PROJECTASSIGNMENTS.PROJECTNAME | DP:SECTIONS.SECTIONNAME | SAM Assignments | Assignments | Y | N | DP:PROJECTASSIGNMENTS.PROJECTASSIGNMENTNAME2 |" name="And I click on SAM Assignments tab" time="0"/>
  <testcase classname="| DP:SUPER.USERNAME | DP:SUPER.PASSWORD | DP:PROJECTASSIGNMENTS.PROJECTBOOK | DP:PROJECTASSIGNMENTS.PROJECTUNITS | DP:PROJECTASSIGNMENTS.PROJECTSUBJECT | DP:PROJECTASSIGNMENTS.PROJECTNAME | DP:SECTIONS.SECTIONNAME | SAM Assignments | Assignments | Y | N | DP:PROJECTASSIGNMENTS.PROJECTASSIGNMENTNAME2 |" name="And I click on Assignments tab" time="0"/>
  <testcase classname="| DP:SUPER.USERNAME | DP:SUPER.PASSWORD | DP:PROJECTASSIGNMENTS.PROJECTBOOK | DP:PROJECTASSIGNMENTS.PROJECTUNITS | DP:PROJECTASSIGNMENTS.PROJECTSUBJECT | DP:PROJECTASSIGNMENTS.PROJECTNAME | DP:SECTIONS.SECTIONNAME | SAM Assignments | Assignments | Y | N | DP:PROJECTASSIGNMENTS.PROJECTASSIGNMENTNAME2 |" name="And I click on Schedule New button" time="0"/>
  <testcase classname="| DP:SUPER.USERNAME | DP:SUPER.PASSWORD | DP:PROJECTASSIGNMENTS.PROJECTBOOK | DP:PROJECTASSIGNMENTS.PROJECTUNITS | DP:PROJECTASSIGNMENTS.PROJECTSUBJECT | DP:PROJECTASSIGNMENTS.PROJECTNAME | DP:SECTIONS.SECTIONNAME | SAM Assignments | Assignments | Y | N | DP:PROJECTASSIGNMENTS.PROJECTASSIGNMENTNAME2 |" name="And I click on Training button in Select Assignment Type page" time="0"/>
  <testcase classname="| DP:SUPER.USERNAME | DP:SUPER.PASSWORD | DP:PROJECTASSIGNMENTS.PROJECTBOOK | DP:PROJECTASSIGNMENTS.PROJECTUNITS | DP:PROJECTASSIGNMENTS.PROJECTSUBJECT | DP:PROJECTASSIGNMENTS.PROJECTNAME | DP:SECTIONS.SECTIONNAME | SAM Assignments | Assignments | Y | N | DP:PROJECTASSIGNMENTS.PROJECTASSIGNMENTNAME2 |" name="And I click on Project button in Select Assignment Type page" time="0"/>
  <testcase classname="| DP:SUPER.USERNAME | DP:SUPER.PASSWORD | DP:PROJECTASSIGNMENTS.PROJECTBOOK | DP:PROJECTASSIGNMENTS.PROJECTUNITS | DP:PROJECTASSIGNMENTS.PROJECTSUBJECT | DP:PROJECTASSIGNMENTS.PROJECTNAME | DP:SECTIONS.SECTIONNAME | SAM Assignments | Assignments | Y | N | DP:PROJECTASSIGNMENTS.PROJECTASSIGNMENTNAME2 |" name="And I select DP:PROJECTASSIGNMENTS.PROJECTBOOK in Textbook drop down" time="0"/>
  <testcase classname="| DP:SUPER.USERNAME | DP:SUPER.PASSWORD | DP:PROJECTASSIGNMENTS.PROJECTBOOK | DP:PROJECTASSIGNMENTS.PROJECTUNITS | DP:PROJECTASSIGNMENTS.PROJECTSUBJECT | DP:PROJECTASSIGNMENTS.PROJECTNAME | DP:SECTIONS.SECTIONNAME | SAM Assignments | Assignments | Y | N | DP:PROJECTASSIGNMENTS.PROJECTASSIGNMENTNAME2 |" name="And I select DP:PROJECTASSIGNMENTS.PROJECTUNITS in Unit drop down" time="0"/>
  <testcase classname="| DP:SUPER.USERNAME | DP:SUPER.PASSWORD | DP:PROJECTASSIGNMENTS.PROJECTBOOK | DP:PROJECTASSIGNMENTS.PROJECTUNITS | DP:PROJECTASSIGNMENTS.PROJECTSUBJECT | DP:PROJECTASSIGNMENTS.PROJECTNAME | DP:SECTIONS.SECTIONNAME | SAM Assignments | Assignments | Y | N | DP:PROJECTASSIGNMENTS.PROJECTASSIGNMENTNAME2 |" name="And I select DP:PROJECTASSIGNMENTS.PROJECTSUBJECT in Subject drop down" time="0"/>
  <testcase classname="| DP:SUPER.USERNAME | DP:SUPER.PASSWORD | DP:PROJECTASSIGNMENTS.PROJECTBOOK | DP:PROJECTASSIGNMENTS.PROJECTUNITS | DP:PROJECTASSIGNMENTS.PROJECTSUBJECT | DP:PROJECTASSIGNMENTS.PROJECTNAME | DP:SECTIONS.SECTIONNAME | SAM Assignments | Assignments | Y | N | DP:PROJECTASSIGNMENTS.PROJECTASSIGNMENTNAME2 |" name="And I select DP:PROJECTASSIGNMENTS.PROJECTNAME N in Project Name" time="0"/>
  <testcase classname="| DP:SUPER.USERNAME | DP:SUPER.PASSWORD | DP:PROJECTASSIGNMENTS.PROJECTBOOK | DP:PROJECTASSIGNMENTS.PROJECTUNITS | DP:PROJECTASSIGNMENTS.PROJECTSUBJECT | DP:PROJECTASSIGNMENTS.PROJECTNAME | DP:SECTIONS.SECTIONNAME | SAM Assignments | Assignments | Y | N | DP:PROJECTASSIGNMENTS.PROJECTASSIGNMENTNAME2 |" name="And I click on Next Step button" time="0"/>
  <testcase classname="| DP:SUPER.USERNAME | DP:SUPER.PASSWORD | DP:PROJECTASSIGNMENTS.PROJECTBOOK | DP:PROJECTASSIGNMENTS.PROJECTUNITS | DP:PROJECTASSIGNMENTS.PROJECTSUBJECT | DP:PROJECTASSIGNMENTS.PROJECTNAME | DP:SECTIONS.SECTIONNAME | SAM Assignments | Assignments | Y | N | DP:PROJECTASSIGNMENTS.PROJECTASSIGNMENTNAME2 |" name="And I enter DP:PROJECTASSIGNMENTS.PROJECTASSIGNMENTNAME2 Y in Assignment Name" time="0"/>
  <testcase classname="| DP:SUPER.USERNAME | DP:SUPER.PASSWORD | DP:PROJECTASSIGNMENTS.PROJECTBOOK | DP:PROJECTASSIGNMENTS.PROJECTUNITS | DP:PROJECTASSIGNMENTS.PROJECTSUBJECT | DP:PROJECTASSIGNMENTS.PROJECTNAME | DP:SECTIONS.SECTIONNAME | SAM Assignments | Assignments | Y | N | DP:PROJECTASSIGNMENTS.PROJECTASSIGNMENTNAME2 |" name="And I click on section drop down" time="0"/>
  <testcase classname="| DP:SUPER.USERNAME | DP:SUPER.PASSWORD | DP:PROJECTASSIGNMENTS.PROJECTBOOK | DP:PROJECTASSIGNMENTS.PROJECTUNITS | DP:PROJECTASSIGNMENTS.PROJECTSUBJECT | DP:PROJECTASSIGNMENTS.PROJECTNAME | DP:SECTIONS.SECTIONNAME | SAM Assignments | Assignments | Y | N | DP:PROJECTASSIGNMENTS.PROJECTASSIGNMENTNAME2 |" name="And I check DP:SECTIONS.SECTIONNAME Y in Select section drop down" time="0"/>
  <testcase classname="| DP:SUPER.USERNAME | DP:SUPER.PASSWORD | DP:PROJECTASSIGNMENTS.PROJECTBOOK | DP:PROJECTASSIGNMENTS.PROJECTUNITS | DP:PROJECTASSIGNMENTS.PROJECTSUBJECT | DP:PROJECTASSIGNMENTS.PROJECTNAME | DP:SECTIONS.SECTIONNAME | SAM Assignments | Assignments | Y | N | DP:PROJECTASSIGNMENTS.PROJECTASSIGNMENTNAME2 |" name="And I click on section drop down" time="0"/>
  <testcase classname="| DP:SUPER.USERNAME | DP:SUPER.PASSWORD | DP:PROJECTASSIGNMENTS.PROJECTBOOK | DP:PROJECTASSIGNMENTS.PROJECTUNITS | DP:PROJECTASSIGNMENTS.PROJECTSUBJECT | DP:PROJECTASSIGNMENTS.PROJECTNAME | DP:SECTIONS.SECTIONNAME | SAM Assignments | Assignments | Y | N | DP:PROJECTASSIGNMENTS.PROJECTASSIGNMENTNAME2 |" name="When I click on Save button" time="0"/>
  <testcase classname="| DP:SUPER.USERNAME | DP:SUPER.PASSWORD | DP:PROJECTASSIGNMENTS.PROJECTBOOK | DP:PROJECTASSIGNMENTS.PROJECTUNITS | DP:PROJECTASSIGNMENTS.PROJECTSUBJECT | DP:PROJECTASSIGNMENTS.PROJECTNAME | DP:SECTIONS.SECTIONNAME | SAM Assignments | Assignments | Y | N | DP:PROJECTASSIGNMENTS.PROJECTASSIGNMENTNAME2 |" name="Then I click on X icon" time="0"/>
  <testcase classname="| DP:SUPER.USERNAME | DP:SUPER.PASSWORD | DP:PROJECTASSIGNMENTS.PROJECTBOOK | DP:PROJECTASSIGNMENTS.PROJECTUNITS | DP:PROJECTASSIGNMENTS.PROJECTSUBJECT | DP:PROJECTASSIGNMENTS.PROJECTNAME | DP:SECTIONS.SECTIONNAME | SAM Assignments | Assignments | Y | N | DP:PROJECTASSIGNMENTS.PROJECTASSIGNMENTNAME2 |" name="And I click on Logout button" time="0"/>
  <testcase classname="| DP:SUPER.USERNAME | DP:SUPER.PASSWORD | DP:PROJECTASSIGNMENTS.PROJECTBOOK | DP:PROJECTASSIGNMENTS.PROJECTUNITS | DP:PROJECTASSIGNMENTS.PROJECTSUBJECT | DP:PROJECTASSIGNMENTS.PROJECTNAME | DP:SECTIONS.SECTIONNAME | SAM Assignments | Assignments | Y | N | DP:PROJECTASSIGNMENTS.PROJECTASSIGNMENTNAME2 |" name="| DP:SUPER.USERNAME | DP:SUPER.PASSWORD | DP:PROJECTASSIGNMENTS.PROJECTBOOK | DP:PROJECTASSIGNMENTS.PROJECTUNITS | DP:PROJECTASSIGNMENTS.PROJECTSUBJECT | DP:PROJECTASSIGNMENTS.PROJECTNAME | DP:SECTIONS.SECTIONNAME | SAM Assignments | Assignments | Y | N | DP:PROJECTASSIGNMENTS.PROJECTASSIGNMENTNAME2 |" time="0.001"/>
  <testcase classname="| DP:SUPER.USERNAME | Y | DP:SUPER.PASSWORD | SAM Assignments | Assignments | DP:SAMPATHASSIGNMENTS.SAMPATHSUBJECT | DP:EXAMASSIGNMENTS.EXAMNAME2 | DP:SECTIONS.SECTIONNAME | DP:SAMPATHASSIGNMENTS.SAMPATHCOPYNAME | N |" name="Given As a user I see login page of LMS" time="0"/>
  <testcase classname="| DP:SUPER.USERNAME | Y | DP:SUPER.PASSWORD | SAM Assignments | Assignments | DP:SAMPATHASSIGNMENTS.SAMPATHSUBJECT | DP:EXAMASSIGNMENTS.EXAMNAME2 | DP:SECTIONS.SECTIONNAME | DP:SAMPATHASSIGNMENTS.SAMPATHCOPYNAME | N |" name="And I enter DP:SUPER.USERNAME N Username in LMS login page" time="0"/>
  <testcase classname="| DP:SUPER.USERNAME | Y | DP:SUPER.PASSWORD | SAM Assignments | Assignments | DP:SAMPATHASSIGNMENTS.SAMPATHSUBJECT | DP:EXAMASSIGNMENTS.EXAMNAME2 | DP:SECTIONS.SECTIONNAME | DP:SAMPATHASSIGNMENTS.SAMPATHCOPYNAME | N |" name="And I enter DP:SUPER.PASSWORD Password in LMS login page" time="0"/>
  <testcase classname="| DP:SUPER.USERNAME | Y | DP:SUPER.PASSWORD | SAM Assignments | Assignments | DP:SAMPATHASSIGNMENTS.SAMPATHSUBJECT | DP:EXAMASSIGNMENTS.EXAMNAME2 | DP:SECTIONS.SECTIONNAME | DP:SAMPATHASSIGNMENTS.SAMPATHCOPYNAME | N |" name="And I click on Log In button" time="0"/>
  <testcase classname="| DP:SUPER.USERNAME | Y | DP:SUPER.PASSWORD | SAM Assignments | Assignments | DP:SAMPATHASSIGNMENTS.SAMPATHSUBJECT | DP:EXAMASSIGNMENTS.EXAMNAME2 | DP:SECTIONS.SECTIONNAME | DP:SAMPATHASSIGNMENTS.SAMPATHCOPYNAME | N |" name="And I see home page of LMS" time="0"/>
  <testcase classname="| DP:SUPER.USERNAME | Y | DP:SUPER.PASSWORD | SAM Assignments | Assignments | DP:SAMPATHASSIGNMENTS.SAMPATHSUBJECT | DP:EXAMASSIGNMENTS.EXAMNAME2 | DP:SECTIONS.SECTIONNAME | DP:SAMPATHASSIGNMENTS.SAMPATHCOPYNAME | N |" name="And I click on SAM Assignments tab" time="0"/>
  <testcase classname="| DP:SUPER.USERNAME | Y | DP:SUPER.PASSWORD | SAM Assignments | Assignments | DP:SAMPATHASSIGNMENTS.SAMPATHSUBJECT | DP:EXAMASSIGNMENTS.EXAMNAME2 | DP:SECTIONS.SECTIONNAME | DP:SAMPATHASSIGNMENTS.SAMPATHCOPYNAME | N |" name="And I click on Assignments tab" time="0"/>
  <testcase classname="| DP:SUPER.USERNAME | Y | DP:SUPER.PASSWORD | SAM Assignments | Assignments | DP:SAMPATHASSIGNMENTS.SAMPATHSUBJECT | DP:EXAMASSIGNMENTS.EXAMNAME2 | DP:SECTIONS.SECTIONNAME | DP:SAMPATHASSIGNMENTS.SAMPATHCOPYNAME | N |" name="And I click on Schedule New button" time="0"/>
  <testcase classname="| DP:SUPER.USERNAME | Y | DP:SUPER.PASSWORD | SAM Assignments | Assignments | DP:SAMPATHASSIGNMENTS.SAMPATHSUBJECT | DP:EXAMASSIGNMENTS.EXAMNAME2 | DP:SECTIONS.SECTIONNAME | DP:SAMPATHASSIGNMENTS.SAMPATHCOPYNAME | N |" name="And I click on Training button in Select Assignment Type page" time="0"/>
  <testcase classname="| DP:SUPER.USERNAME | Y | DP:SUPER.PASSWORD | SAM Assignments | Assignments | DP:SAMPATHASSIGNMENTS.SAMPATHSUBJECT | DP:EXAMASSIGNMENTS.EXAMNAME2 | DP:SECTIONS.SECTIONNAME | DP:SAMPATHASSIGNMENTS.SAMPATHCOPYNAME | N |" name="And I click on SAM path button" time="0"/>
  <testcase classname="| DP:SUPER.USERNAME | Y | DP:SUPER.PASSWORD | SAM Assignments | Assignments | DP:SAMPATHASSIGNMENTS.SAMPATHSUBJECT | DP:EXAMASSIGNMENTS.EXAMNAME2 | DP:SECTIONS.SECTIONNAME | DP:SAMPATHASSIGNMENTS.SAMPATHCOPYNAME | N |" name="And I select DP:SAMPATHASSIGNMENTS.SAMPATHSUBJECT in Subject drop down" time="0"/>
  <testcase classname="| DP:SUPER.USERNAME | Y | DP:SUPER.PASSWORD | SAM Assignments | Assignments | DP:SAMPATHASSIGNMENTS.SAMPATHSUBJECT | DP:EXAMASSIGNMENTS.EXAMNAME2 | DP:SECTIONS.SECTIONNAME | DP:SAMPATHASSIGNMENTS.SAMPATHCOPYNAME | N |" name="And I select DP:EXAMASSIGNMENTS.EXAMNAME2 Y in Exam Name" time="0"/>
  <testcase classname="| DP:SUPER.USERNAME | Y | DP:SUPER.PASSWORD | SAM Assignments | Assignments | DP:SAMPATHASSIGNMENTS.SAMPATHSUBJECT | DP:EXAMASSIGNMENTS.EXAMNAME2 | DP:SECTIONS.SECTIONNAME | DP:SAMPATHASSIGNMENTS.SAMPATHCOPYNAME | N |" name="And I click on Next Step button" time="0"/>
  <testcase classname="| DP:SUPER.USERNAME | Y | DP:SUPER.PASSWORD | SAM Assignments | Assignments | DP:SAMPATHASSIGNMENTS.SAMPATHSUBJECT | DP:EXAMASSIGNMENTS.EXAMNAME2 | DP:SECTIONS.SECTIONNAME | DP:SAMPATHASSIGNMENTS.SAMPATHCOPYNAME | N |" name="And I enter DP:SAMPATHASSIGNMENTS.SAMPATHCOPYNAME Y in Assignment Name" time="0"/>
  <testcase classname="| DP:SUPER.USERNAME | Y | DP:SUPER.PASSWORD | SAM Assignments | Assignments | DP:SAMPATHASSIGNMENTS.SAMPATHSUBJECT | DP:EXAMASSIGNMENTS.EXAMNAME2 | DP:SECTIONS.SECTIONNAME | DP:SAMPATHASSIGNMENTS.SAMPATHCOPYNAME | N |" name="And I click on section drop down" time="0"/>
  <testcase classname="| DP:SUPER.USERNAME | Y | DP:SUPER.PASSWORD | SAM Assignments | Assignments | DP:SAMPATHASSIGNMENTS.SAMPATHSUBJECT | DP:EXAMASSIGNMENTS.EXAMNAME2 | DP:SECTIONS.SECTIONNAME | DP:SAMPATHASSIGNMENTS.SAMPATHCOPYNAME | N |" name="And I check DP:SECTIONS.SECTIONNAME Y in Select section drop down" time="0"/>
  <testcase classname="| DP:SUPER.USERNAME | Y | DP:SUPER.PASSWORD | SAM Assignments | Assignments | DP:SAMPATHASSIGNMENTS.SAMPATHSUBJECT | DP:EXAMASSIGNMENTS.EXAMNAME2 | DP:SECTIONS.SECTIONNAME | DP:SAMPATHASSIGNMENTS.SAMPATHCOPYNAME | N |" name="And I click on section drop down" time="0"/>
  <testcase classname="| DP:SUPER.USERNAME | Y | DP:SUPER.PASSWORD | SAM Assignments | Assignments | DP:SAMPATHASSIGNMENTS.SAMPATHSUBJECT | DP:EXAMASSIGNMENTS.EXAMNAME2 | DP:SECTIONS.SECTIONNAME | DP:SAMPATHASSIGNMENTS.SAMPATHCOPYNAME | N |" name="When I click on Save button" time="0"/>
  <testcase classname="| DP:SUPER.USERNAME | Y | DP:SUPER.PASSWORD | SAM Assignments | Assignments | DP:SAMPATHASSIGNMENTS.SAMPATHSUBJECT | DP:EXAMASSIGNMENTS.EXAMNAME2 | DP:SECTIONS.SECTIONNAME | DP:SAMPATHASSIGNMENTS.SAMPATHCOPYNAME | N |" name="Then I click on X icon" time="0"/>
  <testcase classname="| DP:SUPER.USERNAME | Y | DP:SUPER.PASSWORD | SAM Assignments | Assignments | DP:SAMPATHASSIGNMENTS.SAMPATHSUBJECT | DP:EXAMASSIGNMENTS.EXAMNAME2 | DP:SECTIONS.SECTIONNAME | DP:SAMPATHASSIGNMENTS.SAMPATHCOPYNAME | N |" name="And I click on Logout button" time="0"/>
  <testcase classname="| DP:SUPER.USERNAME | Y | DP:SUPER.PASSWORD | SAM Assignments | Assignments | DP:SAMPATHASSIGNMENTS.SAMPATHSUBJECT | DP:EXAMASSIGNMENTS.EXAMNAME2 | DP:SECTIONS.SECTIONNAME | DP:SAMPATHASSIGNMENTS.SAMPATHCOPYNAME | N |" name="| DP:SUPER.USERNAME | Y | DP:SUPER.PASSWORD | SAM Assignments | Assignments | DP:SAMPATHASSIGNMENTS.SAMPATHSUBJECT | DP:EXAMASSIGNMENTS.EXAMNAME2 | DP:SECTIONS.SECTIONNAME | DP:SAMPATHASSIGNMENTS.SAMPATHCOPYNAME | N |" time="0.001"/>
  <testcase classname="| DP:SUPER.USERNAME | DP:SUPER.PASSWORD | DP:PROJECTASSIGNMENTS.PROJECTBOOK | DP:PROJECTASSIGNMENTS.PROJECTUNITS | DP:PROJECTASSIGNMENTS.PROJECTNAME | DP:TRAININGASSIGNMENTS.TRAININGNAME1 | section7761 | DP:NAMEVALIDATION.LOWERCASE | DP:NAMEVALIDATION.UPPERCASE | DP:NAMEVALIDATION.MINCHAR | DP:NAMEVALIDATION.MAXCHAR | DP:NAMEVALIDATION.NUMERICDIGIT | DP:NAMEVALIDATION.SPECIALCHARACTER | DP:NAMEVALIDATION.UPPERLOWER | DP:NAMEVALIDATION.UPPERLOWERNUMERIC | DP:NAMEVALIDATION.UPPERLOWERNUMERICSPECIAL | ! | N | SAM Assignments | Assignments | DP:TEXTBOOK.SUBJECT | DP:PROJECTASSIGNMENTS.PROJECTSUBJECT | DP:EXAMASSIGNMENTS.EXAMNAME2 | Y |" name="Given As a user I see login page of LMS" time="0"/>
  <testcase classname="| DP:SUPER.USERNAME | DP:SUPER.PASSWORD | DP:PROJECTASSIGNMENTS.PROJECTBOOK | DP:PROJECTASSIGNMENTS.PROJECTUNITS | DP:PROJECTASSIGNMENTS.PROJECTNAME | DP:TRAININGASSIGNMENTS.TRAININGNAME1 | section7761 | DP:NAMEVALIDATION.LOWERCASE | DP:NAMEVALIDATION.UPPERCASE | DP:NAMEVALIDATION.MINCHAR | DP:NAMEVALIDATION.MAXCHAR | DP:NAMEVALIDATION.NUMERICDIGIT | DP:NAMEVALIDATION.SPECIALCHARACTER | DP:NAMEVALIDATION.UPPERLOWER | DP:NAMEVALIDATION.UPPERLOWERNUMERIC | DP:NAMEVALIDATION.UPPERLOWERNUMERICSPECIAL | ! | N | SAM Assignments | Assignments | DP:TEXTBOOK.SUBJECT | DP:PROJECTASSIGNMENTS.PROJECTSUBJECT | DP:EXAMASSIGNMENTS.EXAMNAME2 | Y |" name="And I enter DP:SUPER.USERNAME N Username in LMS login page" time="0"/>
  <testcase classname="| DP:SUPER.USERNAME | DP:SUPER.PASSWORD | DP:PROJECTASSIGNMENTS.PROJECTBOOK | DP:PROJECTASSIGNMENTS.PROJECTUNITS | DP:PROJECTASSIGNMENTS.PROJECTNAME | DP:TRAININGASSIGNMENTS.TRAININGNAME1 | section7761 | DP:NAMEVALIDATION.LOWERCASE | DP:NAMEVALIDATION.UPPERCASE | DP:NAMEVALIDATION.MINCHAR | DP:NAMEVALIDATION.MAXCHAR | DP:NAMEVALIDATION.NUMERICDIGIT | DP:NAMEVALIDATION.SPECIALCHARACTER | DP:NAMEVALIDATION.UPPERLOWER | DP:NAMEVALIDATION.UPPERLOWERNUMERIC | DP:NAMEVALIDATION.UPPERLOWERNUMERICSPECIAL | ! | N | SAM Assignments | Assignments | DP:TEXTBOOK.SUBJECT | DP:PROJECTASSIGNMENTS.PROJECTSUBJECT | DP:EXAMASSIGNMENTS.EXAMNAME2 | Y |" name="And I enter DP:SUPER.PASSWORD Password in LMS login page" time="0"/>
  <testcase classname="| DP:SUPER.USERNAME | DP:SUPER.PASSWORD | DP:PROJECTASSIGNMENTS.PROJECTBOOK | DP:PROJECTASSIGNMENTS.PROJECTUNITS | DP:PROJECTASSIGNMENTS.PROJECTNAME | DP:TRAININGASSIGNMENTS.TRAININGNAME1 | section7761 | DP:NAMEVALIDATION.LOWERCASE | DP:NAMEVALIDATION.UPPERCASE | DP:NAMEVALIDATION.MINCHAR | DP:NAMEVALIDATION.MAXCHAR | DP:NAMEVALIDATION.NUMERICDIGIT | DP:NAMEVALIDATION.SPECIALCHARACTER | DP:NAMEVALIDATION.UPPERLOWER | DP:NAMEVALIDATION.UPPERLOWERNUMERIC | DP:NAMEVALIDATION.UPPERLOWERNUMERICSPECIAL | ! | N | SAM Assignments | Assignments | DP:TEXTBOOK.SUBJECT | DP:PROJECTASSIGNMENTS.PROJECTSUBJECT | DP:EXAMASSIGNMENTS.EXAMNAME2 | Y |" name="And I click on Log In button" time="0"/>
  <testcase classname="| DP:SUPER.USERNAME | DP:SUPER.PASSWORD | DP:PROJECTASSIGNMENTS.PROJECTBOOK | DP:PROJECTASSIGNMENTS.PROJECTUNITS | DP:PROJECTASSIGNMENTS.PROJECTNAME | DP:TRAININGASSIGNMENTS.TRAININGNAME1 | section7761 | DP:NAMEVALIDATION.LOWERCASE | DP:NAMEVALIDATION.UPPERCASE | DP:NAMEVALIDATION.MINCHAR | DP:NAMEVALIDATION.MAXCHAR | DP:NAMEVALIDATION.NUMERICDIGIT | DP:NAMEVALIDATION.SPECIALCHARACTER | DP:NAMEVALIDATION.UPPERLOWER | DP:NAMEVALIDATION.UPPERLOWERNUMERIC | DP:NAMEVALIDATION.UPPERLOWERNUMERICSPECIAL | ! | N | SAM Assignments | Assignments | DP:TEXTBOOK.SUBJECT | DP:PROJECTASSIGNMENTS.PROJECTSUBJECT | DP:EXAMASSIGNMENTS.EXAMNAME2 | Y |" name="And I see home page of LMS" time="0"/>
  <testcase classname="| DP:SUPER.USERNAME | DP:SUPER.PASSWORD | DP:PROJECTASSIGNMENTS.PROJECTBOOK | DP:PROJECTASSIGNMENTS.PROJECTUNITS | DP:PROJECTASSIGNMENTS.PROJECTNAME | DP:TRAININGASSIGNMENTS.TRAININGNAME1 | section7761 | DP:NAMEVALIDATION.LOWERCASE | DP:NAMEVALIDATION.UPPERCASE | DP:NAMEVALIDATION.MINCHAR | DP:NAMEVALIDATION.MAXCHAR | DP:NAMEVALIDATION.NUMERICDIGIT | DP:NAMEVALIDATION.SPECIALCHARACTER | DP:NAMEVALIDATION.UPPERLOWER | DP:NAMEVALIDATION.UPPERLOWERNUMERIC | DP:NAMEVALIDATION.UPPERLOWERNUMERICSPECIAL | ! | N | SAM Assignments | Assignments | DP:TEXTBOOK.SUBJECT | DP:PROJECTASSIGNMENTS.PROJECTSUBJECT | DP:EXAMASSIGNMENTS.EXAMNAME2 | Y |" name="And I click on SAM Assignments tab" time="0"/>
  <testcase classname="| DP:SUPER.USERNAME | DP:SUPER.PASSWORD | DP:PROJECTASSIGNMENTS.PROJECTBOOK | DP:PROJECTASSIGNMENTS.PROJECTUNITS | DP:PROJECTASSIGNMENTS.PROJECTNAME | DP:TRAININGASSIGNMENTS.TRAININGNAME1 | section7761 | DP:NAMEVALIDATION.LOWERCASE | DP:NAMEVALIDATION.UPPERCASE | DP:NAMEVALIDATION.MINCHAR | DP:NAMEVALIDATION.MAXCHAR | DP:NAMEVALIDATION.NUMERICDIGIT | DP:NAMEVALIDATION.SPECIALCHARACTER | DP:NAMEVALIDATION.UPPERLOWER | DP:NAMEVALIDATION.UPPERLOWERNUMERIC | DP:NAMEVALIDATION.UPPERLOWERNUMERICSPECIAL | ! | N | SAM Assignments | Assignments | DP:TEXTBOOK.SUBJECT | DP:PROJECTASSIGNMENTS.PROJECTSUBJECT | DP:EXAMASSIGNMENTS.EXAMNAME2 | Y |" name="And I click on Assignments tab" time="0"/>
  <testcase classname="| DP:SUPER.USERNAME | DP:SUPER.PASSWORD | DP:PROJECTASSIGNMENTS.PROJECTBOOK | DP:PROJECTASSIGNMENTS.PROJECTUNITS | DP:PROJECTASSIGNMENTS.PROJECTNAME | DP:TRAININGASSIGNMENTS.TRAININGNAME1 | section7761 | DP:NAMEVALIDATION.LOWERCASE | DP:NAMEVALIDATION.UPPERCASE | DP:NAMEVALIDATION.MINCHAR | DP:NAMEVALIDATION.MAXCHAR | DP:NAMEVALIDATION.NUMERICDIGIT | DP:NAMEVALIDATION.SPECIALCHARACTER | DP:NAMEVALIDATION.UPPERLOWER | DP:NAMEVALIDATION.UPPERLOWERNUMERIC | DP:NAMEVALIDATION.UPPERLOWERNUMERICSPECIAL | ! | N | SAM Assignments | Assignments | DP:TEXTBOOK.SUBJECT | DP:PROJECTASSIGNMENTS.PROJECTSUBJECT | DP:EXAMASSIGNMENTS.EXAMNAME2 | Y |" name="And I click on Schedule New button" time="0"/>
  <testcase classname="| DP:SUPER.USERNAME | DP:SUPER.PASSWORD | DP:PROJECTASSIGNMENTS.PROJECTBOOK | DP:PROJECTASSIGNMENTS.PROJECTUNITS | DP:PROJECTASSIGNMENTS.PROJECTNAME | DP:TRAININGASSIGNMENTS.TRAININGNAME1 | section7761 | DP:NAMEVALIDATION.LOWERCASE | DP:NAMEVALIDATION.UPPERCASE | DP:NAMEVALIDATION.MINCHAR | DP:NAMEVALIDATION.MAXCHAR | DP:NAMEVALIDATION.NUMERICDIGIT | DP:NAMEVALIDATION.SPECIALCHARACTER | DP:NAMEVALIDATION.UPPERLOWER | DP:NAMEVALIDATION.UPPERLOWERNUMERIC | DP:NAMEVALIDATION.UPPERLOWERNUMERICSPECIAL | ! | N | SAM Assignments | Assignments | DP:TEXTBOOK.SUBJECT | DP:PROJECTASSIGNMENTS.PROJECTSUBJECT | DP:EXAMASSIGNMENTS.EXAMNAME2 | Y |" name="And I click on Training button in Select Assignment Type page" time="0"/>
  <testcase classname="| DP:SUPER.USERNAME | DP:SUPER.PASSWORD | DP:PROJECTASSIGNMENTS.PROJECTBOOK | DP:PROJECTASSIGNMENTS.PROJECTUNITS | DP:PROJECTASSIGNMENTS.PROJECTNAME | DP:TRAININGASSIGNMENTS.TRAININGNAME1 | section7761 | DP:NAMEVALIDATION.LOWERCASE | DP:NAMEVALIDATION.UPPERCASE | DP:NAMEVALIDATION.MINCHAR | DP:NAMEVALIDATION.MAXCHAR | DP:NAMEVALIDATION.NUMERICDIGIT | DP:NAMEVALIDATION.SPECIALCHARACTER | DP:NAMEVALIDATION.UPPERLOWER | DP:NAMEVALIDATION.UPPERLOWERNUMERIC | DP:NAMEVALIDATION.UPPERLOWERNUMERICSPECIAL | ! | N | SAM Assignments | Assignments | DP:TEXTBOOK.SUBJECT | DP:PROJECTASSIGNMENTS.PROJECTSUBJECT | DP:EXAMASSIGNMENTS.EXAMNAME2 | Y |" name="And I click on Exam button in Select Assignment Type page" time="0"/>
  <testcase classname="| DP:SUPER.USERNAME | DP:SUPER.PASSWORD | DP:PROJECTASSIGNMENTS.PROJECTBOOK | DP:PROJECTASSIGNMENTS.PROJECTUNITS | DP:PROJECTASSIGNMENTS.PROJECTNAME | DP:TRAININGASSIGNMENTS.TRAININGNAME1 | section7761 | DP:NAMEVALIDATION.LOWERCASE | DP:NAMEVALIDATION.UPPERCASE | DP:NAMEVALIDATION.MINCHAR | DP:NAMEVALIDATION.MAXCHAR | DP:NAMEVALIDATION.NUMERICDIGIT | DP:NAMEVALIDATION.SPECIALCHARACTER | DP:NAMEVALIDATION.UPPERLOWER | DP:NAMEVALIDATION.UPPERLOWERNUMERIC | DP:NAMEVALIDATION.UPPERLOWERNUMERICSPECIAL | ! | N | SAM Assignments | Assignments | DP:TEXTBOOK.SUBJECT | DP:PROJECTASSIGNMENTS.PROJECTSUBJECT | DP:EXAMASSIGNMENTS.EXAMNAME2 | Y |" name="And I select DP:TEXTBOOK.SUBJECT in Subject drop down" time="0"/>
  <testcase classname="| DP:SUPER.USERNAME | DP:SUPER.PASSWORD | DP:PROJECTASSIGNMENTS.PROJECTBOOK | DP:PROJECTASSIGNMENTS.PROJECTUNITS | DP:PROJECTASSIGNMENTS.PROJECTNAME | DP:TRAININGASSIGNMENTS.TRAININGNAME1 | section7761 | DP:NAMEVALIDATION.LOWERCASE | DP:NAMEVALIDATION.UPPERCASE | DP:NAMEVALIDATION.MINCHAR | DP:NAMEVALIDATION.MAXCHAR | DP:NAMEVALIDATION.NUMERICDIGIT | DP:NAMEVALIDATION.SPECIALCHARACTER | DP:NAMEVALIDATION.UPPERLOWER | DP:NAMEVALIDATION.UPPERLOWERNUMERIC | DP:NAMEVALIDATION.UPPERLOWERNUMERICSPECIAL | ! | N | SAM Assignments | Assignments | DP:TEXTBOOK.SUBJECT | DP:PROJECTASSIGNMENTS.PROJECTSUBJECT | DP:EXAMASSIGNMENTS.EXAMNAME2 | Y |" name="And I select DP:EXAMASSIGNMENTS.EXAMNAME2 Y in Exam Name" time="0"/>
  <testcase classname="| DP:SUPER.USERNAME | DP:SUPER.PASSWORD | DP:PROJECTASSIGNMENTS.PROJECTBOOK | DP:PROJECTASSIGNMENTS.PROJECTUNITS | DP:PROJECTASSIGNMENTS.PROJECTNAME | DP:TRAININGASSIGNMENTS.TRAININGNAME1 | section7761 | DP:NAMEVALIDATION.LOWERCASE | DP:NAMEVALIDATION.UPPERCASE | DP:NAMEVALIDATION.MINCHAR | DP:NAMEVALIDATION.MAXCHAR | DP:NAMEVALIDATION.NUMERICDIGIT | DP:NAMEVALIDATION.SPECIALCHARACTER | DP:NAMEVALIDATION.UPPERLOWER | DP:NAMEVALIDATION.UPPERLOWERNUMERIC | DP:NAMEVALIDATION.UPPERLOWERNUMERICSPECIAL | ! | N | SAM Assignments | Assignments | DP:TEXTBOOK.SUBJECT | DP:PROJECTASSIGNMENTS.PROJECTSUBJECT | DP:EXAMASSIGNMENTS.EXAMNAME2 | Y |" name="And I click on Next Step button" time="0"/>
  <testcase classname="| DP:SUPER.USERNAME | DP:SUPER.PASSWORD | DP:PROJECTASSIGNMENTS.PROJECTBOOK | DP:PROJECTASSIGNMENTS.PROJECTUNITS | DP:PROJECTASSIGNMENTS.PROJECTNAME | DP:TRAININGASSIGNMENTS.TRAININGNAME1 | section7761 | DP:NAMEVALIDATION.LOWERCASE | DP:NAMEVALIDATION.UPPERCASE | DP:NAMEVALIDATION.MINCHAR | DP:NAMEVALIDATION.MAXCHAR | DP:NAMEVALIDATION.NUMERICDIGIT | DP:NAMEVALIDATION.SPECIALCHARACTER | DP:NAMEVALIDATION.UPPERLOWER | DP:NAMEVALIDATION.UPPERLOWERNUMERIC | DP:NAMEVALIDATION.UPPERLOWERNUMERICSPECIAL | ! | N | SAM Assignments | Assignments | DP:TEXTBOOK.SUBJECT | DP:PROJECTASSIGNMENTS.PROJECTSUBJECT | DP:EXAMASSIGNMENTS.EXAMNAME2 | Y |" name="And I enter ! DP:NAMEVALIDATION.MINCHAR AssignmentName: DP:NAMEVALIDATION.LOWERCASE\u002C DP:NAMEVALIDATION.UPPERCASE\u002C DP:NAMEVALIDATION.NUMERICDIGIT\u002C DP:NAMEVALIDATION.SPECIALCHARACTER\u002C DP:NAMEVALIDATION.UPPERLOWER\u002CDP:NAMEVALIDATION.UPPERLOWERNUMERIC\u002C DP:NAMEVALIDATION.UPPERLOWERNUMERICSPECIAL\u002C DP:NAMEVALIDATION.MAXCHAR\u002C !\u002C DP:NAMEVALIDATION.MINCHAR" time="0"/>
  <testcase classname="| DP:SUPER.USERNAME | DP:SUPER.PASSWORD | DP:PROJECTASSIGNMENTS.PROJECTBOOK | DP:PROJECTASSIGNMENTS.PROJECTUNITS | DP:PROJECTASSIGNMENTS.PROJECTNAME | DP:TRAININGASSIGNMENTS.TRAININGNAME1 | section7761 | DP:NAMEVALIDATION.LOWERCASE | DP:NAMEVALIDATION.UPPERCASE | DP:NAMEVALIDATION.MINCHAR | DP:NAMEVALIDATION.MAXCHAR | DP:NAMEVALIDATION.NUMERICDIGIT | DP:NAMEVALIDATION.SPECIALCHARACTER | DP:NAMEVALIDATION.UPPERLOWER | DP:NAMEVALIDATION.UPPERLOWERNUMERIC | DP:NAMEVALIDATION.UPPERLOWERNUMERICSPECIAL | ! | N | SAM Assignments | Assignments | DP:TEXTBOOK.SUBJECT | DP:PROJECTASSIGNMENTS.PROJECTSUBJECT | DP:EXAMASSIGNMENTS.EXAMNAME2 | Y |" name="And I click on Assignments tab" time="0"/>
  <testcase classname="| DP:SUPER.USERNAME | DP:SUPER.PASSWORD | DP:PROJECTASSIGNMENTS.PROJECTBOOK | DP:PROJECTASSIGNMENTS.PROJECTUNITS | DP:PROJECTASSIGNMENTS.PROJECTNAME | DP:TRAININGASSIGNMENTS.TRAININGNAME1 | section7761 | DP:NAMEVALIDATION.LOWERCASE | DP:NAMEVALIDATION.UPPERCASE | DP:NAMEVALIDATION.MINCHAR | DP:NAMEVALIDATION.MAXCHAR | DP:NAMEVALIDATION.NUMERICDIGIT | DP:NAMEVALIDATION.SPECIALCHARACTER | DP:NAMEVALIDATION.UPPERLOWER | DP:NAMEVALIDATION.UPPERLOWERNUMERIC | DP:NAMEVALIDATION.UPPERLOWERNUMERICSPECIAL | ! | N | SAM Assignments | Assignments | DP:TEXTBOOK.SUBJECT | DP:PROJECTASSIGNMENTS.PROJECTSUBJECT | DP:EXAMASSIGNMENTS.EXAMNAME2 | Y |" name="And I click on Schedule New button" time="0"/>
  <testcase classname="| DP:SUPER.USERNAME | DP:SUPER.PASSWORD | DP:PROJECTASSIGNMENTS.PROJECTBOOK | DP:PROJECTASSIGNMENTS.PROJECTUNITS | DP:PROJECTASSIGNMENTS.PROJECTNAME | DP:TRAININGASSIGNMENTS.TRAININGNAME1 | section7761 | DP:NAMEVALIDATION.LOWERCASE | DP:NAMEVALIDATION.UPPERCASE | DP:NAMEVALIDATION.MINCHAR | DP:NAMEVALIDATION.MAXCHAR | DP:NAMEVALIDATION.NUMERICDIGIT | DP:NAMEVALIDATION.SPECIALCHARACTER | DP:NAMEVALIDATION.UPPERLOWER | DP:NAMEVALIDATION.UPPERLOWERNUMERIC | DP:NAMEVALIDATION.UPPERLOWERNUMERICSPECIAL | ! | N | SAM Assignments | Assignments | DP:TEXTBOOK.SUBJECT | DP:PROJECTASSIGNMENTS.PROJECTSUBJECT | DP:EXAMASSIGNMENTS.EXAMNAME2 | Y |" name="And I click on Training button in Select Assignment Type page" time="0"/>
  <testcase classname="| DP:SUPER.USERNAME | DP:SUPER.PASSWORD | DP:PROJECTASSIGNMENTS.PROJECTBOOK | DP:PROJECTASSIGNMENTS.PROJECTUNITS | DP:PROJECTASSIGNMENTS.PROJECTNAME | DP:TRAININGASSIGNMENTS.TRAININGNAME1 | section7761 | DP:NAMEVALIDATION.LOWERCASE | DP:NAMEVALIDATION.UPPERCASE | DP:NAMEVALIDATION.MINCHAR | DP:NAMEVALIDATION.MAXCHAR | DP:NAMEVALIDATION.NUMERICDIGIT | DP:NAMEVALIDATION.SPECIALCHARACTER | DP:NAMEVALIDATION.UPPERLOWER | DP:NAMEVALIDATION.UPPERLOWERNUMERIC | DP:NAMEVALIDATION.UPPERLOWERNUMERICSPECIAL | ! | N | SAM Assignments | Assignments | DP:TEXTBOOK.SUBJECT | DP:PROJECTASSIGNMENTS.PROJECTSUBJECT | DP:EXAMASSIGNMENTS.EXAMNAME2 | Y |" name="And I select DP:TEXTBOOK.SUBJECT in Subject drop down" time="0"/>
  <testcase classname="| DP:SUPER.USERNAME | DP:SUPER.PASSWORD | DP:PROJECTASSIGNMENTS.PROJECTBOOK | DP:PROJECTASSIGNMENTS.PROJECTUNITS | DP:PROJECTASSIGNMENTS.PROJECTNAME | DP:TRAININGASSIGNMENTS.TRAININGNAME1 | section7761 | DP:NAMEVALIDATION.LOWERCASE | DP:NAMEVALIDATION.UPPERCASE | DP:NAMEVALIDATION.MINCHAR | DP:NAMEVALIDATION.MAXCHAR | DP:NAMEVALIDATION.NUMERICDIGIT | DP:NAMEVALIDATION.SPECIALCHARACTER | DP:NAMEVALIDATION.UPPERLOWER | DP:NAMEVALIDATION.UPPERLOWERNUMERIC | DP:NAMEVALIDATION.UPPERLOWERNUMERICSPECIAL | ! | N | SAM Assignments | Assignments | DP:TEXTBOOK.SUBJECT | DP:PROJECTASSIGNMENTS.PROJECTSUBJECT | DP:EXAMASSIGNMENTS.EXAMNAME2 | Y |" name="And I select DP:TRAININGASSIGNMENTS.TRAININGNAME1 Y in Exam Name" time="0"/>
  <testcase classname="| DP:SUPER.USERNAME | DP:SUPER.PASSWORD | DP:PROJECTASSIGNMENTS.PROJECTBOOK | DP:PROJECTASSIGNMENTS.PROJECTUNITS | DP:PROJECTASSIGNMENTS.PROJECTNAME | DP:TRAININGASSIGNMENTS.TRAININGNAME1 | section7761 | DP:NAMEVALIDATION.LOWERCASE | DP:NAMEVALIDATION.UPPERCASE | DP:NAMEVALIDATION.MINCHAR | DP:NAMEVALIDATION.MAXCHAR | DP:NAMEVALIDATION.NUMERICDIGIT | DP:NAMEVALIDATION.SPECIALCHARACTER | DP:NAMEVALIDATION.UPPERLOWER | DP:NAMEVALIDATION.UPPERLOWERNUMERIC | DP:NAMEVALIDATION.UPPERLOWERNUMERICSPECIAL | ! | N | SAM Assignments | Assignments | DP:TEXTBOOK.SUBJECT | DP:PROJECTASSIGNMENTS.PROJECTSUBJECT | DP:EXAMASSIGNMENTS.EXAMNAME2 | Y |" name="And I click on Next Step button" time="0"/>
  <testcase classname="| DP:SUPER.USERNAME | DP:SUPER.PASSWORD | DP:PROJECTASSIGNMENTS.PROJECTBOOK | DP:PROJECTASSIGNMENTS.PROJECTUNITS | DP:PROJECTASSIGNMENTS.PROJECTNAME | DP:TRAININGASSIGNMENTS.TRAININGNAME1 | section7761 | DP:NAMEVALIDATION.LOWERCASE | DP:NAMEVALIDATION.UPPERCASE | DP:NAMEVALIDATION.MINCHAR | DP:NAMEVALIDATION.MAXCHAR | DP:NAMEVALIDATION.NUMERICDIGIT | DP:NAMEVALIDATION.SPECIALCHARACTER | DP:NAMEVALIDATION.UPPERLOWER | DP:NAMEVALIDATION.UPPERLOWERNUMERIC | DP:NAMEVALIDATION.UPPERLOWERNUMERICSPECIAL | ! | N | SAM Assignments | Assignments | DP:TEXTBOOK.SUBJECT | DP:PROJECTASSIGNMENTS.PROJECTSUBJECT | DP:EXAMASSIGNMENTS.EXAMNAME2 | Y |" name="And I enter ! DP:NAMEVALIDATION.MINCHAR AssignmentName: DP:NAMEVALIDATION.LOWERCASE\u002C DP:NAMEVALIDATION.UPPERCASE\u002C DP:NAMEVALIDATION.NUMERICDIGIT\u002C DP:NAMEVALIDATION.SPECIALCHARACTER\u002C DP:NAMEVALIDATION.UPPERLOWER\u002CDP:NAMEVALIDATION.UPPERLOWERNUMERIC\u002C DP:NAMEVALIDATION.UPPERLOWERNUMERICSPECIAL\u002C DP:NAMEVALIDATION.MAXCHAR\u002C !\u002C DP:NAMEVALIDATION.MINCHAR" time="0"/>
  <testcase classname="| DP:SUPER.USERNAME | DP:SUPER.PASSWORD | DP:PROJECTASSIGNMENTS.PROJECTBOOK | DP:PROJECTASSIGNMENTS.PROJECTUNITS | DP:PROJECTASSIGNMENTS.PROJECTNAME | DP:TRAININGASSIGNMENTS.TRAININGNAME1 | section7761 | DP:NAMEVALIDATION.LOWERCASE | DP:NAMEVALIDATION.UPPERCASE | DP:NAMEVALIDATION.MINCHAR | DP:NAMEVALIDATION.MAXCHAR | DP:NAMEVALIDATION.NUMERICDIGIT | DP:NAMEVALIDATION.SPECIALCHARACTER | DP:NAMEVALIDATION.UPPERLOWER | DP:NAMEVALIDATION.UPPERLOWERNUMERIC | DP:NAMEVALIDATION.UPPERLOWERNUMERICSPECIAL | ! | N | SAM Assignments | Assignments | DP:TEXTBOOK.SUBJECT | DP:PROJECTASSIGNMENTS.PROJECTSUBJECT | DP:EXAMASSIGNMENTS.EXAMNAME2 | Y |" name="And I click on Assignments tab" time="0"/>
  <testcase classname="| DP:SUPER.USERNAME | DP:SUPER.PASSWORD | DP:PROJECTASSIGNMENTS.PROJECTBOOK | DP:PROJECTASSIGNMENTS.PROJECTUNITS | DP:PROJECTASSIGNMENTS.PROJECTNAME | DP:TRAININGASSIGNMENTS.TRAININGNAME1 | section7761 | DP:NAMEVALIDATION.LOWERCASE | DP:NAMEVALIDATION.UPPERCASE | DP:NAMEVALIDATION.MINCHAR | DP:NAMEVALIDATION.MAXCHAR | DP:NAMEVALIDATION.NUMERICDIGIT | DP:NAMEVALIDATION.SPECIALCHARACTER | DP:NAMEVALIDATION.UPPERLOWER | DP:NAMEVALIDATION.UPPERLOWERNUMERIC | DP:NAMEVALIDATION.UPPERLOWERNUMERICSPECIAL | ! | N | SAM Assignments | Assignments | DP:TEXTBOOK.SUBJECT | DP:PROJECTASSIGNMENTS.PROJECTSUBJECT | DP:EXAMASSIGNMENTS.EXAMNAME2 | Y |" name="And I click on Schedule New button" time="0"/>
  <testcase classname="| DP:SUPER.USERNAME | DP:SUPER.PASSWORD | DP:PROJECTASSIGNMENTS.PROJECTBOOK | DP:PROJECTASSIGNMENTS.PROJECTUNITS | DP:PROJECTASSIGNMENTS.PROJECTNAME | DP:TRAININGASSIGNMENTS.TRAININGNAME1 | section7761 | DP:NAMEVALIDATION.LOWERCASE | DP:NAMEVALIDATION.UPPERCASE | DP:NAMEVALIDATION.MINCHAR | DP:NAMEVALIDATION.MAXCHAR | DP:NAMEVALIDATION.NUMERICDIGIT | DP:NAMEVALIDATION.SPECIALCHARACTER | DP:NAMEVALIDATION.UPPERLOWER | DP:NAMEVALIDATION.UPPERLOWERNUMERIC | DP:NAMEVALIDATION.UPPERLOWERNUMERICSPECIAL | ! | N | SAM Assignments | Assignments | DP:TEXTBOOK.SUBJECT | DP:PROJECTASSIGNMENTS.PROJECTSUBJECT | DP:EXAMASSIGNMENTS.EXAMNAME2 | Y |" name="And I click on Project button in Select Assignment Type page" time="0"/>
  <testcase classname="| DP:SUPER.USERNAME | DP:SUPER.PASSWORD | DP:PROJECTASSIGNMENTS.PROJECTBOOK | DP:PROJECTASSIGNMENTS.PROJECTUNITS | DP:PROJECTASSIGNMENTS.PROJECTNAME | DP:TRAININGASSIGNMENTS.TRAININGNAME1 | section7761 | DP:NAMEVALIDATION.LOWERCASE | DP:NAMEVALIDATION.UPPERCASE | DP:NAMEVALIDATION.MINCHAR | DP:NAMEVALIDATION.MAXCHAR | DP:NAMEVALIDATION.NUMERICDIGIT | DP:NAMEVALIDATION.SPECIALCHARACTER | DP:NAMEVALIDATION.UPPERLOWER | DP:NAMEVALIDATION.UPPERLOWERNUMERIC | DP:NAMEVALIDATION.UPPERLOWERNUMERICSPECIAL | ! | N | SAM Assignments | Assignments | DP:TEXTBOOK.SUBJECT | DP:PROJECTASSIGNMENTS.PROJECTSUBJECT | DP:EXAMASSIGNMENTS.EXAMNAME2 | Y |" name="And I select DP:PROJECTASSIGNMENTS.PROJECTBOOK in Textbook drop down" time="0"/>
  <testcase classname="| DP:SUPER.USERNAME | DP:SUPER.PASSWORD | DP:PROJECTASSIGNMENTS.PROJECTBOOK | DP:PROJECTASSIGNMENTS.PROJECTUNITS | DP:PROJECTASSIGNMENTS.PROJECTNAME | DP:TRAININGASSIGNMENTS.TRAININGNAME1 | section7761 | DP:NAMEVALIDATION.LOWERCASE | DP:NAMEVALIDATION.UPPERCASE | DP:NAMEVALIDATION.MINCHAR | DP:NAMEVALIDATION.MAXCHAR | DP:NAMEVALIDATION.NUMERICDIGIT | DP:NAMEVALIDATION.SPECIALCHARACTER | DP:NAMEVALIDATION.UPPERLOWER | DP:NAMEVALIDATION.UPPERLOWERNUMERIC | DP:NAMEVALIDATION.UPPERLOWERNUMERICSPECIAL | ! | N | SAM Assignments | Assignments | DP:TEXTBOOK.SUBJECT | DP:PROJECTASSIGNMENTS.PROJECTSUBJECT | DP:EXAMASSIGNMENTS.EXAMNAME2 | Y |" name="And I select DP:PROJECTASSIGNMENTS.PROJECTUNITS in Unit drop down" time="0"/>
  <testcase classname="| DP:SUPER.USERNAME | DP:SUPER.PASSWORD | DP:PROJECTASSIGNMENTS.PROJECTBOOK | DP:PROJECTASSIGNMENTS.PROJECTUNITS | DP:PROJECTASSIGNMENTS.PROJECTNAME | DP:TRAININGASSIGNMENTS.TRAININGNAME1 | section7761 | DP:NAMEVALIDATION.LOWERCASE | DP:NAMEVALIDATION.UPPERCASE | DP:NAMEVALIDATION.MINCHAR | DP:NAMEVALIDATION.MAXCHAR | DP:NAMEVALIDATION.NUMERICDIGIT | DP:NAMEVALIDATION.SPECIALCHARACTER | DP:NAMEVALIDATION.UPPERLOWER | DP:NAMEVALIDATION.UPPERLOWERNUMERIC | DP:NAMEVALIDATION.UPPERLOWERNUMERICSPECIAL | ! | N | SAM Assignments | Assignments | DP:TEXTBOOK.SUBJECT | DP:PROJECTASSIGNMENTS.PROJECTSUBJECT | DP:EXAMASSIGNMENTS.EXAMNAME2 | Y |" name="And I select DP:PROJECTASSIGNMENTS.PROJECTSUBJECT in Subject drop down" time="0"/>
  <testcase classname="| DP:SUPER.USERNAME | DP:SUPER.PASSWORD | DP:PROJECTASSIGNMENTS.PROJECTBOOK | DP:PROJECTASSIGNMENTS.PROJECTUNITS | DP:PROJECTASSIGNMENTS.PROJECTNAME | DP:TRAININGASSIGNMENTS.TRAININGNAME1 | section7761 | DP:NAMEVALIDATION.LOWERCASE | DP:NAMEVALIDATION.UPPERCASE | DP:NAMEVALIDATION.MINCHAR | DP:NAMEVALIDATION.MAXCHAR | DP:NAMEVALIDATION.NUMERICDIGIT | DP:NAMEVALIDATION.SPECIALCHARACTER | DP:NAMEVALIDATION.UPPERLOWER | DP:NAMEVALIDATION.UPPERLOWERNUMERIC | DP:NAMEVALIDATION.UPPERLOWERNUMERICSPECIAL | ! | N | SAM Assignments | Assignments | DP:TEXTBOOK.SUBJECT | DP:PROJECTASSIGNMENTS.PROJECTSUBJECT | DP:EXAMASSIGNMENTS.EXAMNAME2 | Y |" name="And I select DP:PROJECTASSIGNMENTS.PROJECTNAME N in Project Name" time="0"/>
  <testcase classname="| DP:SUPER.USERNAME | DP:SUPER.PASSWORD | DP:PROJECTASSIGNMENTS.PROJECTBOOK | DP:PROJECTASSIGNMENTS.PROJECTUNITS | DP:PROJECTASSIGNMENTS.PROJECTNAME | DP:TRAININGASSIGNMENTS.TRAININGNAME1 | section7761 | DP:NAMEVALIDATION.LOWERCASE | DP:NAMEVALIDATION.UPPERCASE | DP:NAMEVALIDATION.MINCHAR | DP:NAMEVALIDATION.MAXCHAR | DP:NAMEVALIDATION.NUMERICDIGIT | DP:NAMEVALIDATION.SPECIALCHARACTER | DP:NAMEVALIDATION.UPPERLOWER | DP:NAMEVALIDATION.UPPERLOWERNUMERIC | DP:NAMEVALIDATION.UPPERLOWERNUMERICSPECIAL | ! | N | SAM Assignments | Assignments | DP:TEXTBOOK.SUBJECT | DP:PROJECTASSIGNMENTS.PROJECTSUBJECT | DP:EXAMASSIGNMENTS.EXAMNAME2 | Y |" name="And I click on Next Step button" time="0"/>
  <testcase classname="| DP:SUPER.USERNAME | DP:SUPER.PASSWORD | DP:PROJECTASSIGNMENTS.PROJECTBOOK | DP:PROJECTASSIGNMENTS.PROJECTUNITS | DP:PROJECTASSIGNMENTS.PROJECTNAME | DP:TRAININGASSIGNMENTS.TRAININGNAME1 | section7761 | DP:NAMEVALIDATION.LOWERCASE | DP:NAMEVALIDATION.UPPERCASE | DP:NAMEVALIDATION.MINCHAR | DP:NAMEVALIDATION.MAXCHAR | DP:NAMEVALIDATION.NUMERICDIGIT | DP:NAMEVALIDATION.SPECIALCHARACTER | DP:NAMEVALIDATION.UPPERLOWER | DP:NAMEVALIDATION.UPPERLOWERNUMERIC | DP:NAMEVALIDATION.UPPERLOWERNUMERICSPECIAL | ! | N | SAM Assignments | Assignments | DP:TEXTBOOK.SUBJECT | DP:PROJECTASSIGNMENTS.PROJECTSUBJECT | DP:EXAMASSIGNMENTS.EXAMNAME2 | Y |" name="And I enter ! DP:NAMEVALIDATION.MINCHAR AssignmentName: DP:NAMEVALIDATION.LOWERCASE\u002C DP:NAMEVALIDATION.UPPERCASE\u002C DP:NAMEVALIDATION.NUMERICDIGIT\u002C DP:NAMEVALIDATION.SPECIALCHARACTER\u002C DP:NAMEVALIDATION.UPPERLOWER\u002CDP:NAMEVALIDATION.UPPERLOWERNUMERIC\u002C DP:NAMEVALIDATION.UPPERLOWERNUMERICSPECIAL\u002C DP:NAMEVALIDATION.MAXCHAR\u002C !\u002C DP:NAMEVALIDATION.MINCHAR" time="0"/>
  <testcase classname="| DP:SUPER.USERNAME | DP:SUPER.PASSWORD | DP:PROJECTASSIGNMENTS.PROJECTBOOK | DP:PROJECTASSIGNMENTS.PROJECTUNITS | DP:PROJECTASSIGNMENTS.PROJECTNAME | DP:TRAININGASSIGNMENTS.TRAININGNAME1 | section7761 | DP:NAMEVALIDATION.LOWERCASE | DP:NAMEVALIDATION.UPPERCASE | DP:NAMEVALIDATION.MINCHAR | DP:NAMEVALIDATION.MAXCHAR | DP:NAMEVALIDATION.NUMERICDIGIT | DP:NAMEVALIDATION.SPECIALCHARACTER | DP:NAMEVALIDATION.UPPERLOWER | DP:NAMEVALIDATION.UPPERLOWERNUMERIC | DP:NAMEVALIDATION.UPPERLOWERNUMERICSPECIAL | ! | N | SAM Assignments | Assignments | DP:TEXTBOOK.SUBJECT | DP:PROJECTASSIGNMENTS.PROJECTSUBJECT | DP:EXAMASSIGNMENTS.EXAMNAME2 | Y |" name="And I click on Assignments tab" time="0"/>
  <testcase classname="| DP:SUPER.USERNAME | DP:SUPER.PASSWORD | DP:PROJECTASSIGNMENTS.PROJECTBOOK | DP:PROJECTASSIGNMENTS.PROJECTUNITS | DP:PROJECTASSIGNMENTS.PROJECTNAME | DP:TRAININGASSIGNMENTS.TRAININGNAME1 | section7761 | DP:NAMEVALIDATION.LOWERCASE | DP:NAMEVALIDATION.UPPERCASE | DP:NAMEVALIDATION.MINCHAR | DP:NAMEVALIDATION.MAXCHAR | DP:NAMEVALIDATION.NUMERICDIGIT | DP:NAMEVALIDATION.SPECIALCHARACTER | DP:NAMEVALIDATION.UPPERLOWER | DP:NAMEVALIDATION.UPPERLOWERNUMERIC | DP:NAMEVALIDATION.UPPERLOWERNUMERICSPECIAL | ! | N | SAM Assignments | Assignments | DP:TEXTBOOK.SUBJECT | DP:PROJECTASSIGNMENTS.PROJECTSUBJECT | DP:EXAMASSIGNMENTS.EXAMNAME2 | Y |" name="And I click on Schedule New button" time="0"/>
  <testcase classname="| DP:SUPER.USERNAME | DP:SUPER.PASSWORD | DP:PROJECTASSIGNMENTS.PROJECTBOOK | DP:PROJECTASSIGNMENTS.PROJECTUNITS | DP:PROJECTASSIGNMENTS.PROJECTNAME | DP:TRAININGASSIGNMENTS.TRAININGNAME1 | section7761 | DP:NAMEVALIDATION.LOWERCASE | DP:NAMEVALIDATION.UPPERCASE | DP:NAMEVALIDATION.MINCHAR | DP:NAMEVALIDATION.MAXCHAR | DP:NAMEVALIDATION.NUMERICDIGIT | DP:NAMEVALIDATION.SPECIALCHARACTER | DP:NAMEVALIDATION.UPPERLOWER | DP:NAMEVALIDATION.UPPERLOWERNUMERIC | DP:NAMEVALIDATION.UPPERLOWERNUMERICSPECIAL | ! | N | SAM Assignments | Assignments | DP:TEXTBOOK.SUBJECT | DP:PROJECTASSIGNMENTS.PROJECTSUBJECT | DP:EXAMASSIGNMENTS.EXAMNAME2 | Y |" name="And I click on SAM path button" time="0"/>
  <testcase classname="| DP:SUPER.USERNAME | DP:SUPER.PASSWORD | DP:PROJECTASSIGNMENTS.PROJECTBOOK | DP:PROJECTASSIGNMENTS.PROJECTUNITS | DP:PROJECTASSIGNMENTS.PROJECTNAME | DP:TRAININGASSIGNMENTS.TRAININGNAME1 | section7761 | DP:NAMEVALIDATION.LOWERCASE | DP:NAMEVALIDATION.UPPERCASE | DP:NAMEVALIDATION.MINCHAR | DP:NAMEVALIDATION.MAXCHAR | DP:NAMEVALIDATION.NUMERICDIGIT | DP:NAMEVALIDATION.SPECIALCHARACTER | DP:NAMEVALIDATION.UPPERLOWER | DP:NAMEVALIDATION.UPPERLOWERNUMERIC | DP:NAMEVALIDATION.UPPERLOWERNUMERICSPECIAL | ! | N | SAM Assignments | Assignments | DP:TEXTBOOK.SUBJECT | DP:PROJECTASSIGNMENTS.PROJECTSUBJECT | DP:EXAMASSIGNMENTS.EXAMNAME2 | Y |" name="And I select DP:TEXTBOOK.SUBJECT in Subject drop down" time="0"/>
  <testcase classname="| DP:SUPER.USERNAME | DP:SUPER.PASSWORD | DP:PROJECTASSIGNMENTS.PROJECTBOOK | DP:PROJECTASSIGNMENTS.PROJECTUNITS | DP:PROJECTASSIGNMENTS.PROJECTNAME | DP:TRAININGASSIGNMENTS.TRAININGNAME1 | section7761 | DP:NAMEVALIDATION.LOWERCASE | DP:NAMEVALIDATION.UPPERCASE | DP:NAMEVALIDATION.MINCHAR | DP:NAMEVALIDATION.MAXCHAR | DP:NAMEVALIDATION.NUMERICDIGIT | DP:NAMEVALIDATION.SPECIALCHARACTER | DP:NAMEVALIDATION.UPPERLOWER | DP:NAMEVALIDATION.UPPERLOWERNUMERIC | DP:NAMEVALIDATION.UPPERLOWERNUMERICSPECIAL | ! | N | SAM Assignments | Assignments | DP:TEXTBOOK.SUBJECT | DP:PROJECTASSIGNMENTS.PROJECTSUBJECT | DP:EXAMASSIGNMENTS.EXAMNAME2 | Y |" name="And I select DP:EXAMASSIGNMENTS.EXAMNAME2 Y in Exam Name" time="0"/>
  <testcase classname="| DP:SUPER.USERNAME | DP:SUPER.PASSWORD | DP:PROJECTASSIGNMENTS.PROJECTBOOK | DP:PROJECTASSIGNMENTS.PROJECTUNITS | DP:PROJECTASSIGNMENTS.PROJECTNAME | DP:TRAININGASSIGNMENTS.TRAININGNAME1 | section7761 | DP:NAMEVALIDATION.LOWERCASE | DP:NAMEVALIDATION.UPPERCASE | DP:NAMEVALIDATION.MINCHAR | DP:NAMEVALIDATION.MAXCHAR | DP:NAMEVALIDATION.NUMERICDIGIT | DP:NAMEVALIDATION.SPECIALCHARACTER | DP:NAMEVALIDATION.UPPERLOWER | DP:NAMEVALIDATION.UPPERLOWERNUMERIC | DP:NAMEVALIDATION.UPPERLOWERNUMERICSPECIAL | ! | N | SAM Assignments | Assignments | DP:TEXTBOOK.SUBJECT | DP:PROJECTASSIGNMENTS.PROJECTSUBJECT | DP:EXAMASSIGNMENTS.EXAMNAME2 | Y |" name="When I click on Next Step button" time="0"/>
  <testcase classname="| DP:SUPER.USERNAME | DP:SUPER.PASSWORD | DP:PROJECTASSIGNMENTS.PROJECTBOOK | DP:PROJECTASSIGNMENTS.PROJECTUNITS | DP:PROJECTASSIGNMENTS.PROJECTNAME | DP:TRAININGASSIGNMENTS.TRAININGNAME1 | section7761 | DP:NAMEVALIDATION.LOWERCASE | DP:NAMEVALIDATION.UPPERCASE | DP:NAMEVALIDATION.MINCHAR | DP:NAMEVALIDATION.MAXCHAR | DP:NAMEVALIDATION.NUMERICDIGIT | DP:NAMEVALIDATION.SPECIALCHARACTER | DP:NAMEVALIDATION.UPPERLOWER | DP:NAMEVALIDATION.UPPERLOWERNUMERIC | DP:NAMEVALIDATION.UPPERLOWERNUMERICSPECIAL | ! | N | SAM Assignments | Assignments | DP:TEXTBOOK.SUBJECT | DP:PROJECTASSIGNMENTS.PROJECTSUBJECT | DP:EXAMASSIGNMENTS.EXAMNAME2 | Y |" name="Then I enter ! DP:NAMEVALIDATION.MINCHAR AssignmentName: DP:NAMEVALIDATION.LOWERCASE\u002C DP:NAMEVALIDATION.UPPERCASE\u002C DP:NAMEVALIDATION.NUMERICDIGIT\u002C DP:NAMEVALIDATION.SPECIALCHARACTER\u002C DP:NAMEVALIDATION.UPPERLOWER\u002CDP:NAMEVALIDATION.UPPERLOWERNUMERIC\u002C DP:NAMEVALIDATION.UPPERLOWERNUMERICSPECIAL\u002C DP:NAMEVALIDATION.MAXCHAR\u002C !\u002C DP:NAMEVALIDATION.MINCHAR" time="0"/>
  <testcase classname="| DP:SUPER.USERNAME | DP:SUPER.PASSWORD | DP:PROJECTASSIGNMENTS.PROJECTBOOK | DP:PROJECTASSIGNMENTS.PROJECTUNITS | DP:PROJECTASSIGNMENTS.PROJECTNAME | DP:TRAININGASSIGNMENTS.TRAININGNAME1 | section7761 | DP:NAMEVALIDATION.LOWERCASE | DP:NAMEVALIDATION.UPPERCASE | DP:NAMEVALIDATION.MINCHAR | DP:NAMEVALIDATION.MAXCHAR | DP:NAMEVALIDATION.NUMERICDIGIT | DP:NAMEVALIDATION.SPECIALCHARACTER | DP:NAMEVALIDATION.UPPERLOWER | DP:NAMEVALIDATION.UPPERLOWERNUMERIC | DP:NAMEVALIDATION.UPPERLOWERNUMERICSPECIAL | ! | N | SAM Assignments | Assignments | DP:TEXTBOOK.SUBJECT | DP:PROJECTASSIGNMENTS.PROJECTSUBJECT | DP:EXAMASSIGNMENTS.EXAMNAME2 | Y |" name="And I click on Logout button" time="0"/>
  <testcase classname="| DP:SUPER.USERNAME | DP:SUPER.PASSWORD | DP:PROJECTASSIGNMENTS.PROJECTBOOK | DP:PROJECTASSIGNMENTS.PROJECTUNITS | DP:PROJECTASSIGNMENTS.PROJECTNAME | DP:TRAININGASSIGNMENTS.TRAININGNAME1 | section7761 | DP:NAMEVALIDATION.LOWERCASE | DP:NAMEVALIDATION.UPPERCASE | DP:NAMEVALIDATION.MINCHAR | DP:NAMEVALIDATION.MAXCHAR | DP:NAMEVALIDATION.NUMERICDIGIT | DP:NAMEVALIDATION.SPECIALCHARACTER | DP:NAMEVALIDATION.UPPERLOWER | DP:NAMEVALIDATION.UPPERLOWERNUMERIC | DP:NAMEVALIDATION.UPPERLOWERNUMERICSPECIAL | ! | N | SAM Assignments | Assignments | DP:TEXTBOOK.SUBJECT | DP:PROJECTASSIGNMENTS.PROJECTSUBJECT | DP:EXAMASSIGNMENTS.EXAMNAME2 | Y |" name="| DP:SUPER.USERNAME | DP:SUPER.PASSWORD | DP:PROJECTASSIGNMENTS.PROJECTBOOK | DP:PROJECTASSIGNMENTS.PROJECTUNITS | DP:PROJECTASSIGNMENTS.PROJECTNAME | DP:TRAININGASSIGNMENTS.TRAININGNAME1 | section7761 | DP:NAMEVALIDATION.LOWERCASE | DP:NAMEVALIDATION.UPPERCASE | DP:NAMEVALIDATION.MINCHAR | DP:NAMEVALIDATION.MAXCHAR | DP:NAMEVALIDATION.NUMERICDIGIT | DP:NAMEVALIDATION.SPECIALCHARACTER | DP:NAMEVALIDATION.UPPERLOWER | DP:NAMEVALIDATION.UPPERLOWERNUMERIC | DP:NAMEVALIDATION.UPPERLOWERNUMERICSPECIAL | ! | N | SAM Assignments | Assignments | DP:TEXTBOOK.SUBJECT | DP:PROJECTASSIGNMENTS.PROJECTSUBJECT | DP:EXAMASSIGNMENTS.EXAMNAME2 | Y |" time="0.002"/>
  <testcase classname="| DP:SUPER.USERNAME | DP:SUPER.PASSWORD | DP:SAMPATHASSIGNMENTS.SAMPATHCOPYNAME | DP:PROJECTASSIGNMENTS.PROJECTASSIGNMENTNAME2 | DP:TRAININGASSIGNMENTS.TRAININGNAME1 | DP:NAMEVALIDATION.LOWERCASE | DP:NAMEVALIDATION.UPPERCASE | DP:NAMEVALIDATION.MINCHAR | DP:NAMEVALIDATION.MAXCHAR | DP:NAMEVALIDATION.NUMERICDIGIT | DP:NAMEVALIDATION.SPECIALCHARACTER | DP:NAMEVALIDATION.UPPERLOWER | DP:NAMEVALIDATION.UPPERLOWERNUMERIC | DP:NAMEVALIDATION.UPPERLOWERNUMERICSPECIAL | ! | N | SAM Assignments | Assignments | DP:EXAMASSIGNMENTS.EXAMNAME2 | Y |" name="Given As a user I see login page of LMS" time="0"/>
  <testcase classname="| DP:SUPER.USERNAME | DP:SUPER.PASSWORD | DP:SAMPATHASSIGNMENTS.SAMPATHCOPYNAME | DP:PROJECTASSIGNMENTS.PROJECTASSIGNMENTNAME2 | DP:TRAININGASSIGNMENTS.TRAININGNAME1 | DP:NAMEVALIDATION.LOWERCASE | DP:NAMEVALIDATION.UPPERCASE | DP:NAMEVALIDATION.MINCHAR | DP:NAMEVALIDATION.MAXCHAR | DP:NAMEVALIDATION.NUMERICDIGIT | DP:NAMEVALIDATION.SPECIALCHARACTER | DP:NAMEVALIDATION.UPPERLOWER | DP:NAMEVALIDATION.UPPERLOWERNUMERIC | DP:NAMEVALIDATION.UPPERLOWERNUMERICSPECIAL | ! | N | SAM Assignments | Assignments | DP:EXAMASSIGNMENTS.EXAMNAME2 | Y |" name="And I enter DP:SUPER.USERNAME N Username in LMS login page" time="0"/>
  <testcase classname="| DP:SUPER.USERNAME | DP:SUPER.PASSWORD | DP:SAMPATHASSIGNMENTS.SAMPATHCOPYNAME | DP:PROJECTASSIGNMENTS.PROJECTASSIGNMENTNAME2 | DP:TRAININGASSIGNMENTS.TRAININGNAME1 | DP:NAMEVALIDATION.LOWERCASE | DP:NAMEVALIDATION.UPPERCASE | DP:NAMEVALIDATION.MINCHAR | DP:NAMEVALIDATION.MAXCHAR | DP:NAMEVALIDATION.NUMERICDIGIT | DP:NAMEVALIDATION.SPECIALCHARACTER | DP:NAMEVALIDATION.UPPERLOWER | DP:NAMEVALIDATION.UPPERLOWERNUMERIC | DP:NAMEVALIDATION.UPPERLOWERNUMERICSPECIAL | ! | N | SAM Assignments | Assignments | DP:EXAMASSIGNMENTS.EXAMNAME2 | Y |" name="And I enter DP:SUPER.PASSWORD Password in LMS login page" time="0"/>
  <testcase classname="| DP:SUPER.USERNAME | DP:SUPER.PASSWORD | DP:SAMPATHASSIGNMENTS.SAMPATHCOPYNAME | DP:PROJECTASSIGNMENTS.PROJECTASSIGNMENTNAME2 | DP:TRAININGASSIGNMENTS.TRAININGNAME1 | DP:NAMEVALIDATION.LOWERCASE | DP:NAMEVALIDATION.UPPERCASE | DP:NAMEVALIDATION.MINCHAR | DP:NAMEVALIDATION.MAXCHAR | DP:NAMEVALIDATION.NUMERICDIGIT | DP:NAMEVALIDATION.SPECIALCHARACTER | DP:NAMEVALIDATION.UPPERLOWER | DP:NAMEVALIDATION.UPPERLOWERNUMERIC | DP:NAMEVALIDATION.UPPERLOWERNUMERICSPECIAL | ! | N | SAM Assignments | Assignments | DP:EXAMASSIGNMENTS.EXAMNAME2 | Y |" name="And I click on Log In button" time="0"/>
  <testcase classname="| DP:SUPER.USERNAME | DP:SUPER.PASSWORD | DP:SAMPATHASSIGNMENTS.SAMPATHCOPYNAME | DP:PROJECTASSIGNMENTS.PROJECTASSIGNMENTNAME2 | DP:TRAININGASSIGNMENTS.TRAININGNAME1 | DP:NAMEVALIDATION.LOWERCASE | DP:NAMEVALIDATION.UPPERCASE | DP:NAMEVALIDATION.MINCHAR | DP:NAMEVALIDATION.MAXCHAR | DP:NAMEVALIDATION.NUMERICDIGIT | DP:NAMEVALIDATION.SPECIALCHARACTER | DP:NAMEVALIDATION.UPPERLOWER | DP:NAMEVALIDATION.UPPERLOWERNUMERIC | DP:NAMEVALIDATION.UPPERLOWERNUMERICSPECIAL | ! | N | SAM Assignments | Assignments | DP:EXAMASSIGNMENTS.EXAMNAME2 | Y |" name="And I see home page of LMS" time="0"/>
  <testcase classname="| DP:SUPER.USERNAME | DP:SUPER.PASSWORD | DP:SAMPATHASSIGNMENTS.SAMPATHCOPYNAME | DP:PROJECTASSIGNMENTS.PROJECTASSIGNMENTNAME2 | DP:TRAININGASSIGNMENTS.TRAININGNAME1 | DP:NAMEVALIDATION.LOWERCASE | DP:NAMEVALIDATION.UPPERCASE | DP:NAMEVALIDATION.MINCHAR | DP:NAMEVALIDATION.MAXCHAR | DP:NAMEVALIDATION.NUMERICDIGIT | DP:NAMEVALIDATION.SPECIALCHARACTER | DP:NAMEVALIDATION.UPPERLOWER | DP:NAMEVALIDATION.UPPERLOWERNUMERIC | DP:NAMEVALIDATION.UPPERLOWERNUMERICSPECIAL | ! | N | SAM Assignments | Assignments | DP:EXAMASSIGNMENTS.EXAMNAME2 | Y |" name="And I click on SAM Assignments tab" time="0.001"/>
  <testcase classname="| DP:SUPER.USERNAME | DP:SUPER.PASSWORD | DP:SAMPATHASSIGNMENTS.SAMPATHCOPYNAME | DP:PROJECTASSIGNMENTS.PROJECTASSIGNMENTNAME2 | DP:TRAININGASSIGNMENTS.TRAININGNAME1 | DP:NAMEVALIDATION.LOWERCASE | DP:NAMEVALIDATION.UPPERCASE | DP:NAMEVALIDATION.MINCHAR | DP:NAMEVALIDATION.MAXCHAR | DP:NAMEVALIDATION.NUMERICDIGIT | DP:NAMEVALIDATION.SPECIALCHARACTER | DP:NAMEVALIDATION.UPPERLOWER | DP:NAMEVALIDATION.UPPERLOWERNUMERIC | DP:NAMEVALIDATION.UPPERLOWERNUMERICSPECIAL | ! | N | SAM Assignments | Assignments | DP:EXAMASSIGNMENTS.EXAMNAME2 | Y |" name="And I click on Assignments tab" time="0"/>
  <testcase classname="| DP:SUPER.USERNAME | DP:SUPER.PASSWORD | DP:SAMPATHASSIGNMENTS.SAMPATHCOPYNAME | DP:PROJECTASSIGNMENTS.PROJECTASSIGNMENTNAME2 | DP:TRAININGASSIGNMENTS.TRAININGNAME1 | DP:NAMEVALIDATION.LOWERCASE | DP:NAMEVALIDATION.UPPERCASE | DP:NAMEVALIDATION.MINCHAR | DP:NAMEVALIDATION.MAXCHAR | DP:NAMEVALIDATION.NUMERICDIGIT | DP:NAMEVALIDATION.SPECIALCHARACTER | DP:NAMEVALIDATION.UPPERLOWER | DP:NAMEVALIDATION.UPPERLOWERNUMERIC | DP:NAMEVALIDATION.UPPERLOWERNUMERICSPECIAL | ! | N | SAM Assignments | Assignments | DP:EXAMASSIGNMENTS.EXAMNAME2 | Y |" name="And I see DP:EXAMASSIGNMENTS.EXAMNAME2 Y in Exams page" time="0"/>
  <testcase classname="| DP:SUPER.USERNAME | DP:SUPER.PASSWORD | DP:SAMPATHASSIGNMENTS.SAMPATHCOPYNAME | DP:PROJECTASSIGNMENTS.PROJECTASSIGNMENTNAME2 | DP:TRAININGASSIGNMENTS.TRAININGNAME1 | DP:NAMEVALIDATION.LOWERCASE | DP:NAMEVALIDATION.UPPERCASE | DP:NAMEVALIDATION.MINCHAR | DP:NAMEVALIDATION.MAXCHAR | DP:NAMEVALIDATION.NUMERICDIGIT | DP:NAMEVALIDATION.SPECIALCHARACTER | DP:NAMEVALIDATION.UPPERLOWER | DP:NAMEVALIDATION.UPPERLOWERNUMERIC | DP:NAMEVALIDATION.UPPERLOWERNUMERICSPECIAL | ! | N | SAM Assignments | Assignments | DP:EXAMASSIGNMENTS.EXAMNAME2 | Y |" name="And I click on DP:EXAMASSIGNMENTS.EXAMNAME2 Y Edit icon" time="0"/>
  <testcase classname="| DP:SUPER.USERNAME | DP:SUPER.PASSWORD | DP:SAMPATHASSIGNMENTS.SAMPATHCOPYNAME | DP:PROJECTASSIGNMENTS.PROJECTASSIGNMENTNAME2 | DP:TRAININGASSIGNMENTS.TRAININGNAME1 | DP:NAMEVALIDATION.LOWERCASE | DP:NAMEVALIDATION.UPPERCASE | DP:NAMEVALIDATION.MINCHAR | DP:NAMEVALIDATION.MAXCHAR | DP:NAMEVALIDATION.NUMERICDIGIT | DP:NAMEVALIDATION.SPECIALCHARACTER | DP:NAMEVALIDATION.UPPERLOWER | DP:NAMEVALIDATION.UPPERLOWERNUMERIC | DP:NAMEVALIDATION.UPPERLOWERNUMERICSPECIAL | ! | N | SAM Assignments | Assignments | DP:EXAMASSIGNMENTS.EXAMNAME2 | Y |" name="And I enter ! DP:NAMEVALIDATION.MINCHAR AssignmentName: DP:NAMEVALIDATION.LOWERCASE\u002C DP:NAMEVALIDATION.UPPERCASE\u002C DP:NAMEVALIDATION.NUMERICDIGIT\u002C DP:NAMEVALIDATION.SPECIALCHARACTER\u002C DP:NAMEVALIDATION.UPPERLOWER\u002CDP:NAMEVALIDATION.UPPERLOWERNUMERIC\u002C DP:NAMEVALIDATION.UPPERLOWERNUMERICSPECIAL\u002C DP:NAMEVALIDATION.MAXCHAR\u002C !\u002C DP:NAMEVALIDATION.MINCHAR" time="0"/>
  <testcase classname="| DP:SUPER.USERNAME | DP:SUPER.PASSWORD | DP:SAMPATHASSIGNMENTS.SAMPATHCOPYNAME | DP:PROJECTASSIGNMENTS.PROJECTASSIGNMENTNAME2 | DP:TRAININGASSIGNMENTS.TRAININGNAME1 | DP:NAMEVALIDATION.LOWERCASE | DP:NAMEVALIDATION.UPPERCASE | DP:NAMEVALIDATION.MINCHAR | DP:NAMEVALIDATION.MAXCHAR | DP:NAMEVALIDATION.NUMERICDIGIT | DP:NAMEVALIDATION.SPECIALCHARACTER | DP:NAMEVALIDATION.UPPERLOWER | DP:NAMEVALIDATION.UPPERLOWERNUMERIC | DP:NAMEVALIDATION.UPPERLOWERNUMERICSPECIAL | ! | N | SAM Assignments | Assignments | DP:EXAMASSIGNMENTS.EXAMNAME2 | Y |" name="And I click on Assignments tab" time="0"/>
  <testcase classname="| DP:SUPER.USERNAME | DP:SUPER.PASSWORD | DP:SAMPATHASSIGNMENTS.SAMPATHCOPYNAME | DP:PROJECTASSIGNMENTS.PROJECTASSIGNMENTNAME2 | DP:TRAININGASSIGNMENTS.TRAININGNAME1 | DP:NAMEVALIDATION.LOWERCASE | DP:NAMEVALIDATION.UPPERCASE | DP:NAMEVALIDATION.MINCHAR | DP:NAMEVALIDATION.MAXCHAR | DP:NAMEVALIDATION.NUMERICDIGIT | DP:NAMEVALIDATION.SPECIALCHARACTER | DP:NAMEVALIDATION.UPPERLOWER | DP:NAMEVALIDATION.UPPERLOWERNUMERIC | DP:NAMEVALIDATION.UPPERLOWERNUMERICSPECIAL | ! | N | SAM Assignments | Assignments | DP:EXAMASSIGNMENTS.EXAMNAME2 | Y |" name="And I see DP:TRAININGASSIGNMENTS.TRAININGNAME1 Y in Exams page" time="0"/>
  <testcase classname="| DP:SUPER.USERNAME | DP:SUPER.PASSWORD | DP:SAMPATHASSIGNMENTS.SAMPATHCOPYNAME | DP:PROJECTASSIGNMENTS.PROJECTASSIGNMENTNAME2 | DP:TRAININGASSIGNMENTS.TRAININGNAME1 | DP:NAMEVALIDATION.LOWERCASE | DP:NAMEVALIDATION.UPPERCASE | DP:NAMEVALIDATION.MINCHAR | DP:NAMEVALIDATION.MAXCHAR | DP:NAMEVALIDATION.NUMERICDIGIT | DP:NAMEVALIDATION.SPECIALCHARACTER | DP:NAMEVALIDATION.UPPERLOWER | DP:NAMEVALIDATION.UPPERLOWERNUMERIC | DP:NAMEVALIDATION.UPPERLOWERNUMERICSPECIAL | ! | N | SAM Assignments | Assignments | DP:EXAMASSIGNMENTS.EXAMNAME2 | Y |" name="And I click on DP:TRAININGASSIGNMENTS.TRAININGNAME1 Y Edit icon" time="0"/>
  <testcase classname="| DP:SUPER.USERNAME | DP:SUPER.PASSWORD | DP:SAMPATHASSIGNMENTS.SAMPATHCOPYNAME | DP:PROJECTASSIGNMENTS.PROJECTASSIGNMENTNAME2 | DP:TRAININGASSIGNMENTS.TRAININGNAME1 | DP:NAMEVALIDATION.LOWERCASE | DP:NAMEVALIDATION.UPPERCASE | DP:NAMEVALIDATION.MINCHAR | DP:NAMEVALIDATION.MAXCHAR | DP:NAMEVALIDATION.NUMERICDIGIT | DP:NAMEVALIDATION.SPECIALCHARACTER | DP:NAMEVALIDATION.UPPERLOWER | DP:NAMEVALIDATION.UPPERLOWERNUMERIC | DP:NAMEVALIDATION.UPPERLOWERNUMERICSPECIAL | ! | N | SAM Assignments | Assignments | DP:EXAMASSIGNMENTS.EXAMNAME2 | Y |" name="And I enter ! DP:NAMEVALIDATION.MINCHAR AssignmentName: DP:NAMEVALIDATION.LOWERCASE\u002C DP:NAMEVALIDATION.UPPERCASE\u002C DP:NAMEVALIDATION.NUMERICDIGIT\u002C DP:NAMEVALIDATION.SPECIALCHARACTER\u002C DP:NAMEVALIDATION.UPPERLOWER\u002CDP:NAMEVALIDATION.UPPERLOWERNUMERIC\u002C DP:NAMEVALIDATION.UPPERLOWERNUMERICSPECIAL\u002C DP:NAMEVALIDATION.MAXCHAR\u002C !\u002C DP:NAMEVALIDATION.MINCHAR" time="0"/>
  <testcase classname="| DP:SUPER.USERNAME | DP:SUPER.PASSWORD | DP:SAMPATHASSIGNMENTS.SAMPATHCOPYNAME | DP:PROJECTASSIGNMENTS.PROJECTASSIGNMENTNAME2 | DP:TRAININGASSIGNMENTS.TRAININGNAME1 | DP:NAMEVALIDATION.LOWERCASE | DP:NAMEVALIDATION.UPPERCASE | DP:NAMEVALIDATION.MINCHAR | DP:NAMEVALIDATION.MAXCHAR | DP:NAMEVALIDATION.NUMERICDIGIT | DP:NAMEVALIDATION.SPECIALCHARACTER | DP:NAMEVALIDATION.UPPERLOWER | DP:NAMEVALIDATION.UPPERLOWERNUMERIC | DP:NAMEVALIDATION.UPPERLOWERNUMERICSPECIAL | ! | N | SAM Assignments | Assignments | DP:EXAMASSIGNMENTS.EXAMNAME2 | Y |" name="And I click on Assignments tab" time="0"/>
  <testcase classname="| DP:SUPER.USERNAME | DP:SUPER.PASSWORD | DP:SAMPATHASSIGNMENTS.SAMPATHCOPYNAME | DP:PROJECTASSIGNMENTS.PROJECTASSIGNMENTNAME2 | DP:TRAININGASSIGNMENTS.TRAININGNAME1 | DP:NAMEVALIDATION.LOWERCASE | DP:NAMEVALIDATION.UPPERCASE | DP:NAMEVALIDATION.MINCHAR | DP:NAMEVALIDATION.MAXCHAR | DP:NAMEVALIDATION.NUMERICDIGIT | DP:NAMEVALIDATION.SPECIALCHARACTER | DP:NAMEVALIDATION.UPPERLOWER | DP:NAMEVALIDATION.UPPERLOWERNUMERIC | DP:NAMEVALIDATION.UPPERLOWERNUMERICSPECIAL | ! | N | SAM Assignments | Assignments | DP:EXAMASSIGNMENTS.EXAMNAME2 | Y |" name="And I see DP:PROJECTASSIGNMENTS.PROJECTASSIGNMENTNAME2 Y in Exams page" time="0"/>
  <testcase classname="| DP:SUPER.USERNAME | DP:SUPER.PASSWORD | DP:SAMPATHASSIGNMENTS.SAMPATHCOPYNAME | DP:PROJECTASSIGNMENTS.PROJECTASSIGNMENTNAME2 | DP:TRAININGASSIGNMENTS.TRAININGNAME1 | DP:NAMEVALIDATION.LOWERCASE | DP:NAMEVALIDATION.UPPERCASE | DP:NAMEVALIDATION.MINCHAR | DP:NAMEVALIDATION.MAXCHAR | DP:NAMEVALIDATION.NUMERICDIGIT | DP:NAMEVALIDATION.SPECIALCHARACTER | DP:NAMEVALIDATION.UPPERLOWER | DP:NAMEVALIDATION.UPPERLOWERNUMERIC | DP:NAMEVALIDATION.UPPERLOWERNUMERICSPECIAL | ! | N | SAM Assignments | Assignments | DP:EXAMASSIGNMENTS.EXAMNAME2 | Y |" name="And I click on DP:PROJECTASSIGNMENTS.PROJECTASSIGNMENTNAME2 Y Edit icon" time="0"/>
  <testcase classname="| DP:SUPER.USERNAME | DP:SUPER.PASSWORD | DP:SAMPATHASSIGNMENTS.SAMPATHCOPYNAME | DP:PROJECTASSIGNMENTS.PROJECTASSIGNMENTNAME2 | DP:TRAININGASSIGNMENTS.TRAININGNAME1 | DP:NAMEVALIDATION.LOWERCASE | DP:NAMEVALIDATION.UPPERCASE | DP:NAMEVALIDATION.MINCHAR | DP:NAMEVALIDATION.MAXCHAR | DP:NAMEVALIDATION.NUMERICDIGIT | DP:NAMEVALIDATION.SPECIALCHARACTER | DP:NAMEVALIDATION.UPPERLOWER | DP:NAMEVALIDATION.UPPERLOWERNUMERIC | DP:NAMEVALIDATION.UPPERLOWERNUMERICSPECIAL | ! | N | SAM Assignments | Assignments | DP:EXAMASSIGNMENTS.EXAMNAME2 | Y |" name="And I enter ! DP:NAMEVALIDATION.MINCHAR AssignmentName: DP:NAMEVALIDATION.LOWERCASE\u002C DP:NAMEVALIDATION.UPPERCASE\u002C DP:NAMEVALIDATION.NUMERICDIGIT\u002C DP:NAMEVALIDATION.SPECIALCHARACTER\u002C DP:NAMEVALIDATION.UPPERLOWER\u002CDP:NAMEVALIDATION.UPPERLOWERNUMERIC\u002C DP:NAMEVALIDATION.UPPERLOWERNUMERICSPECIAL\u002C DP:NAMEVALIDATION.MAXCHAR\u002C !\u002C DP:NAMEVALIDATION.MINCHAR" time="0"/>
  <testcase classname="| DP:SUPER.USERNAME | DP:SUPER.PASSWORD | DP:SAMPATHASSIGNMENTS.SAMPATHCOPYNAME | DP:PROJECTASSIGNMENTS.PROJECTASSIGNMENTNAME2 | DP:TRAININGASSIGNMENTS.TRAININGNAME1 | DP:NAMEVALIDATION.LOWERCASE | DP:NAMEVALIDATION.UPPERCASE | DP:NAMEVALIDATION.MINCHAR | DP:NAMEVALIDATION.MAXCHAR | DP:NAMEVALIDATION.NUMERICDIGIT | DP:NAMEVALIDATION.SPECIALCHARACTER | DP:NAMEVALIDATION.UPPERLOWER | DP:NAMEVALIDATION.UPPERLOWERNUMERIC | DP:NAMEVALIDATION.UPPERLOWERNUMERICSPECIAL | ! | N | SAM Assignments | Assignments | DP:EXAMASSIGNMENTS.EXAMNAME2 | Y |" name="And I click on Assignments tab" time="0"/>
  <testcase classname="| DP:SUPER.USERNAME | DP:SUPER.PASSWORD | DP:SAMPATHASSIGNMENTS.SAMPATHCOPYNAME | DP:PROJECTASSIGNMENTS.PROJECTASSIGNMENTNAME2 | DP:TRAININGASSIGNMENTS.TRAININGNAME1 | DP:NAMEVALIDATION.LOWERCASE | DP:NAMEVALIDATION.UPPERCASE | DP:NAMEVALIDATION.MINCHAR | DP:NAMEVALIDATION.MAXCHAR | DP:NAMEVALIDATION.NUMERICDIGIT | DP:NAMEVALIDATION.SPECIALCHARACTER | DP:NAMEVALIDATION.UPPERLOWER | DP:NAMEVALIDATION.UPPERLOWERNUMERIC | DP:NAMEVALIDATION.UPPERLOWERNUMERICSPECIAL | ! | N | SAM Assignments | Assignments | DP:EXAMASSIGNMENTS.EXAMNAME2 | Y |" name="And I see DP:SAMPATHASSIGNMENTS.SAMPATHCOPYNAME Y in Exams page" time="0"/>
  <testcase classname="| DP:SUPER.USERNAME | DP:SUPER.PASSWORD | DP:SAMPATHASSIGNMENTS.SAMPATHCOPYNAME | DP:PROJECTASSIGNMENTS.PROJECTASSIGNMENTNAME2 | DP:TRAININGASSIGNMENTS.TRAININGNAME1 | DP:NAMEVALIDATION.LOWERCASE | DP:NAMEVALIDATION.UPPERCASE | DP:NAMEVALIDATION.MINCHAR | DP:NAMEVALIDATION.MAXCHAR | DP:NAMEVALIDATION.NUMERICDIGIT | DP:NAMEVALIDATION.SPECIALCHARACTER | DP:NAMEVALIDATION.UPPERLOWER | DP:NAMEVALIDATION.UPPERLOWERNUMERIC | DP:NAMEVALIDATION.UPPERLOWERNUMERICSPECIAL | ! | N | SAM Assignments | Assignments | DP:EXAMASSIGNMENTS.EXAMNAME2 | Y |" name="When I click on DP:SAMPATHASSIGNMENTS.SAMPATHCOPYNAME Y Edit icon" time="0"/>
  <testcase classname="| DP:SUPER.USERNAME | DP:SUPER.PASSWORD | DP:SAMPATHASSIGNMENTS.SAMPATHCOPYNAME | DP:PROJECTASSIGNMENTS.PROJECTASSIGNMENTNAME2 | DP:TRAININGASSIGNMENTS.TRAININGNAME1 | DP:NAMEVALIDATION.LOWERCASE | DP:NAMEVALIDATION.UPPERCASE | DP:NAMEVALIDATION.MINCHAR | DP:NAMEVALIDATION.MAXCHAR | DP:NAMEVALIDATION.NUMERICDIGIT | DP:NAMEVALIDATION.SPECIALCHARACTER | DP:NAMEVALIDATION.UPPERLOWER | DP:NAMEVALIDATION.UPPERLOWERNUMERIC | DP:NAMEVALIDATION.UPPERLOWERNUMERICSPECIAL | ! | N | SAM Assignments | Assignments | DP:EXAMASSIGNMENTS.EXAMNAME2 | Y |" name="Then I enter ! DP:NAMEVALIDATION.MINCHAR AssignmentName: DP:NAMEVALIDATION.LOWERCASE\u002C DP:NAMEVALIDATION.UPPERCASE\u002C DP:NAMEVALIDATION.NUMERICDIGIT\u002C DP:NAMEVALIDATION.SPECIALCHARACTER\u002C DP:NAMEVALIDATION.UPPERLOWER\u002CDP:NAMEVALIDATION.UPPERLOWERNUMERIC\u002C DP:NAMEVALIDATION.UPPERLOWERNUMERICSPECIAL\u002C DP:NAMEVALIDATION.MAXCHAR\u002C !\u002C DP:NAMEVALIDATION.MINCHAR" time="0"/>
  <testcase classname="| DP:SUPER.USERNAME | DP:SUPER.PASSWORD | DP:SAMPATHASSIGNMENTS.SAMPATHCOPYNAME | DP:PROJECTASSIGNMENTS.PROJECTASSIGNMENTNAME2 | DP:TRAININGASSIGNMENTS.TRAININGNAME1 | DP:NAMEVALIDATION.LOWERCASE | DP:NAMEVALIDATION.UPPERCASE | DP:NAMEVALIDATION.MINCHAR | DP:NAMEVALIDATION.MAXCHAR | DP:NAMEVALIDATION.NUMERICDIGIT | DP:NAMEVALIDATION.SPECIALCHARACTER | DP:NAMEVALIDATION.UPPERLOWER | DP:NAMEVALIDATION.UPPERLOWERNUMERIC | DP:NAMEVALIDATION.UPPERLOWERNUMERICSPECIAL | ! | N | SAM Assignments | Assignments | DP:EXAMASSIGNMENTS.EXAMNAME2 | Y |" name="And I click on Logout button" time="0"/>
  <testcase classname="| DP:SUPER.USERNAME | DP:SUPER.PASSWORD | DP:SAMPATHASSIGNMENTS.SAMPATHCOPYNAME | DP:PROJECTASSIGNMENTS.PROJECTASSIGNMENTNAME2 | DP:TRAININGASSIGNMENTS.TRAININGNAME1 | DP:NAMEVALIDATION.LOWERCASE | DP:NAMEVALIDATION.UPPERCASE | DP:NAMEVALIDATION.MINCHAR | DP:NAMEVALIDATION.MAXCHAR | DP:NAMEVALIDATION.NUMERICDIGIT | DP:NAMEVALIDATION.SPECIALCHARACTER | DP:NAMEVALIDATION.UPPERLOWER | DP:NAMEVALIDATION.UPPERLOWERNUMERIC | DP:NAMEVALIDATION.UPPERLOWERNUMERICSPECIAL | ! | N | SAM Assignments | Assignments | DP:EXAMASSIGNMENTS.EXAMNAME2 | Y |" name="| DP:SUPER.USERNAME | DP:SUPER.PASSWORD | DP:SAMPATHASSIGNMENTS.SAMPATHCOPYNAME | DP:PROJECTASSIGNMENTS.PROJECTASSIGNMENTNAME2 | DP:TRAININGASSIGNMENTS.TRAININGNAME1 | DP:NAMEVALIDATION.LOWERCASE | DP:NAMEVALIDATION.UPPERCASE | DP:NAMEVALIDATION.MINCHAR | DP:NAMEVALIDATION.MAXCHAR | DP:NAMEVALIDATION.NUMERICDIGIT | DP:NAMEVALIDATION.SPECIALCHARACTER | DP:NAMEVALIDATION.UPPERLOWER | DP:NAMEVALIDATION.UPPERLOWERNUMERIC | DP:NAMEVALIDATION.UPPERLOWERNUMERICSPECIAL | ! | N | SAM Assignments | Assignments | DP:EXAMASSIGNMENTS.EXAMNAME2 | Y |" time="0.002"/>
  <testcase classname="| DP:SUPER.USERNAME | DP:SUPER.PASSWORD | DP:SAMPATHASSIGNMENTS.SAMPATHCOPYNAME | DP:PROJECTASSIGNMENTS.PROJECTASSIGNMENTNAME2 | DP:TRAININGASSIGNMENTS.TRAININGNAME1 | DP:NAMEVALIDATION.LOWERCASE | DP:NAMEVALIDATION.UPPERCASE | DP:NAMEVALIDATION.MINCHAR | DP:NAMEVALIDATION.MAXCHAR | DP:NAMEVALIDATION.NUMERICDIGIT | DP:NAMEVALIDATION.SPECIALCHARACTER | DP:NAMEVALIDATION.UPPERLOWER | DP:NAMEVALIDATION.UPPERLOWERNUMERIC | DP:NAMEVALIDATION.UPPERLOWERNUMERICSPECIAL | ! | N | SAM Assignments | Assignments | DP:EXAMASSIGNMENTS.EXAMNAME2 | Y |" name="Given As a user I see login page of LMS" time="0"/>
  <testcase classname="| DP:SUPER.USERNAME | DP:SUPER.PASSWORD | DP:SAMPATHASSIGNMENTS.SAMPATHCOPYNAME | DP:PROJECTASSIGNMENTS.PROJECTASSIGNMENTNAME2 | DP:TRAININGASSIGNMENTS.TRAININGNAME1 | DP:NAMEVALIDATION.LOWERCASE | DP:NAMEVALIDATION.UPPERCASE | DP:NAMEVALIDATION.MINCHAR | DP:NAMEVALIDATION.MAXCHAR | DP:NAMEVALIDATION.NUMERICDIGIT | DP:NAMEVALIDATION.SPECIALCHARACTER | DP:NAMEVALIDATION.UPPERLOWER | DP:NAMEVALIDATION.UPPERLOWERNUMERIC | DP:NAMEVALIDATION.UPPERLOWERNUMERICSPECIAL | ! | N | SAM Assignments | Assignments | DP:EXAMASSIGNMENTS.EXAMNAME2 | Y |" name="And I enter DP:SUPER.USERNAME N Username in LMS login page" time="0"/>
  <testcase classname="| DP:SUPER.USERNAME | DP:SUPER.PASSWORD | DP:SAMPATHASSIGNMENTS.SAMPATHCOPYNAME | DP:PROJECTASSIGNMENTS.PROJECTASSIGNMENTNAME2 | DP:TRAININGASSIGNMENTS.TRAININGNAME1 | DP:NAMEVALIDATION.LOWERCASE | DP:NAMEVALIDATION.UPPERCASE | DP:NAMEVALIDATION.MINCHAR | DP:NAMEVALIDATION.MAXCHAR | DP:NAMEVALIDATION.NUMERICDIGIT | DP:NAMEVALIDATION.SPECIALCHARACTER | DP:NAMEVALIDATION.UPPERLOWER | DP:NAMEVALIDATION.UPPERLOWERNUMERIC | DP:NAMEVALIDATION.UPPERLOWERNUMERICSPECIAL | ! | N | SAM Assignments | Assignments | DP:EXAMASSIGNMENTS.EXAMNAME2 | Y |" name="And I enter DP:SUPER.PASSWORD Password in LMS login page" time="0"/>
  <testcase classname="| DP:SUPER.USERNAME | DP:SUPER.PASSWORD | DP:SAMPATHASSIGNMENTS.SAMPATHCOPYNAME | DP:PROJECTASSIGNMENTS.PROJECTASSIGNMENTNAME2 | DP:TRAININGASSIGNMENTS.TRAININGNAME1 | DP:NAMEVALIDATION.LOWERCASE | DP:NAMEVALIDATION.UPPERCASE | DP:NAMEVALIDATION.MINCHAR | DP:NAMEVALIDATION.MAXCHAR | DP:NAMEVALIDATION.NUMERICDIGIT | DP:NAMEVALIDATION.SPECIALCHARACTER | DP:NAMEVALIDATION.UPPERLOWER | DP:NAMEVALIDATION.UPPERLOWERNUMERIC | DP:NAMEVALIDATION.UPPERLOWERNUMERICSPECIAL | ! | N | SAM Assignments | Assignments | DP:EXAMASSIGNMENTS.EXAMNAME2 | Y |" name="And I click on Log In button" time="0"/>
  <testcase classname="| DP:SUPER.USERNAME | DP:SUPER.PASSWORD | DP:SAMPATHASSIGNMENTS.SAMPATHCOPYNAME | DP:PROJECTASSIGNMENTS.PROJECTASSIGNMENTNAME2 | DP:TRAININGASSIGNMENTS.TRAININGNAME1 | DP:NAMEVALIDATION.LOWERCASE | DP:NAMEVALIDATION.UPPERCASE | DP:NAMEVALIDATION.MINCHAR | DP:NAMEVALIDATION.MAXCHAR | DP:NAMEVALIDATION.NUMERICDIGIT | DP:NAMEVALIDATION.SPECIALCHARACTER | DP:NAMEVALIDATION.UPPERLOWER | DP:NAMEVALIDATION.UPPERLOWERNUMERIC | DP:NAMEVALIDATION.UPPERLOWERNUMERICSPECIAL | ! | N | SAM Assignments | Assignments | DP:EXAMASSIGNMENTS.EXAMNAME2 | Y |" name="And I see home page of LMS" time="0"/>
  <testcase classname="| DP:SUPER.USERNAME | DP:SUPER.PASSWORD | DP:SAMPATHASSIGNMENTS.SAMPATHCOPYNAME | DP:PROJECTASSIGNMENTS.PROJECTASSIGNMENTNAME2 | DP:TRAININGASSIGNMENTS.TRAININGNAME1 | DP:NAMEVALIDATION.LOWERCASE | DP:NAMEVALIDATION.UPPERCASE | DP:NAMEVALIDATION.MINCHAR | DP:NAMEVALIDATION.MAXCHAR | DP:NAMEVALIDATION.NUMERICDIGIT | DP:NAMEVALIDATION.SPECIALCHARACTER | DP:NAMEVALIDATION.UPPERLOWER | DP:NAMEVALIDATION.UPPERLOWERNUMERIC | DP:NAMEVALIDATION.UPPERLOWERNUMERICSPECIAL | ! | N | SAM Assignments | Assignments | DP:EXAMASSIGNMENTS.EXAMNAME2 | Y |" name="And I click on SAM Assignments tab" time="0"/>
  <testcase classname="| DP:SUPER.USERNAME | DP:SUPER.PASSWORD | DP:SAMPATHASSIGNMENTS.SAMPATHCOPYNAME | DP:PROJECTASSIGNMENTS.PROJECTASSIGNMENTNAME2 | DP:TRAININGASSIGNMENTS.TRAININGNAME1 | DP:NAMEVALIDATION.LOWERCASE | DP:NAMEVALIDATION.UPPERCASE | DP:NAMEVALIDATION.MINCHAR | DP:NAMEVALIDATION.MAXCHAR | DP:NAMEVALIDATION.NUMERICDIGIT | DP:NAMEVALIDATION.SPECIALCHARACTER | DP:NAMEVALIDATION.UPPERLOWER | DP:NAMEVALIDATION.UPPERLOWERNUMERIC | DP:NAMEVALIDATION.UPPERLOWERNUMERICSPECIAL | ! | N | SAM Assignments | Assignments | DP:EXAMASSIGNMENTS.EXAMNAME2 | Y |" name="And I click on Assignments tab" time="0"/>
  <testcase classname="| DP:SUPER.USERNAME | DP:SUPER.PASSWORD | DP:SAMPATHASSIGNMENTS.SAMPATHCOPYNAME | DP:PROJECTASSIGNMENTS.PROJECTASSIGNMENTNAME2 | DP:TRAININGASSIGNMENTS.TRAININGNAME1 | DP:NAMEVALIDATION.LOWERCASE | DP:NAMEVALIDATION.UPPERCASE | DP:NAMEVALIDATION.MINCHAR | DP:NAMEVALIDATION.MAXCHAR | DP:NAMEVALIDATION.NUMERICDIGIT | DP:NAMEVALIDATION.SPECIALCHARACTER | DP:NAMEVALIDATION.UPPERLOWER | DP:NAMEVALIDATION.UPPERLOWERNUMERIC | DP:NAMEVALIDATION.UPPERLOWERNUMERICSPECIAL | ! | N | SAM Assignments | Assignments | DP:EXAMASSIGNMENTS.EXAMNAME2 | Y |" name="And I see DP:EXAMASSIGNMENTS.EXAMNAME2 Y in Exams page" time="0"/>
  <testcase classname="| DP:SUPER.USERNAME | DP:SUPER.PASSWORD | DP:SAMPATHASSIGNMENTS.SAMPATHCOPYNAME | DP:PROJECTASSIGNMENTS.PROJECTASSIGNMENTNAME2 | DP:TRAININGASSIGNMENTS.TRAININGNAME1 | DP:NAMEVALIDATION.LOWERCASE | DP:NAMEVALIDATION.UPPERCASE | DP:NAMEVALIDATION.MINCHAR | DP:NAMEVALIDATION.MAXCHAR | DP:NAMEVALIDATION.NUMERICDIGIT | DP:NAMEVALIDATION.SPECIALCHARACTER | DP:NAMEVALIDATION.UPPERLOWER | DP:NAMEVALIDATION.UPPERLOWERNUMERIC | DP:NAMEVALIDATION.UPPERLOWERNUMERICSPECIAL | ! | N | SAM Assignments | Assignments | DP:EXAMASSIGNMENTS.EXAMNAME2 | Y |" name="And I click on DP:EXAMASSIGNMENTS.EXAMNAME2 Y Copy icon" time="0"/>
  <testcase classname="| DP:SUPER.USERNAME | DP:SUPER.PASSWORD | DP:SAMPATHASSIGNMENTS.SAMPATHCOPYNAME | DP:PROJECTASSIGNMENTS.PROJECTASSIGNMENTNAME2 | DP:TRAININGASSIGNMENTS.TRAININGNAME1 | DP:NAMEVALIDATION.LOWERCASE | DP:NAMEVALIDATION.UPPERCASE | DP:NAMEVALIDATION.MINCHAR | DP:NAMEVALIDATION.MAXCHAR | DP:NAMEVALIDATION.NUMERICDIGIT | DP:NAMEVALIDATION.SPECIALCHARACTER | DP:NAMEVALIDATION.UPPERLOWER | DP:NAMEVALIDATION.UPPERLOWERNUMERIC | DP:NAMEVALIDATION.UPPERLOWERNUMERICSPECIAL | ! | N | SAM Assignments | Assignments | DP:EXAMASSIGNMENTS.EXAMNAME2 | Y |" name="And I click on OK button in popup" time="0"/>
  <testcase classname="| DP:SUPER.USERNAME | DP:SUPER.PASSWORD | DP:SAMPATHASSIGNMENTS.SAMPATHCOPYNAME | DP:PROJECTASSIGNMENTS.PROJECTASSIGNMENTNAME2 | DP:TRAININGASSIGNMENTS.TRAININGNAME1 | DP:NAMEVALIDATION.LOWERCASE | DP:NAMEVALIDATION.UPPERCASE | DP:NAMEVALIDATION.MINCHAR | DP:NAMEVALIDATION.MAXCHAR | DP:NAMEVALIDATION.NUMERICDIGIT | DP:NAMEVALIDATION.SPECIALCHARACTER | DP:NAMEVALIDATION.UPPERLOWER | DP:NAMEVALIDATION.UPPERLOWERNUMERIC | DP:NAMEVALIDATION.UPPERLOWERNUMERICSPECIAL | ! | N | SAM Assignments | Assignments | DP:EXAMASSIGNMENTS.EXAMNAME2 | Y |" name="And I enter ! DP:NAMEVALIDATION.MINCHAR AssignmentName: DP:NAMEVALIDATION.LOWERCASE\u002C DP:NAMEVALIDATION.UPPERCASE\u002C DP:NAMEVALIDATION.NUMERICDIGIT\u002C DP:NAMEVALIDATION.SPECIALCHARACTER\u002C DP:NAMEVALIDATION.UPPERLOWER\u002CDP:NAMEVALIDATION.UPPERLOWERNUMERIC\u002C DP:NAMEVALIDATION.UPPERLOWERNUMERICSPECIAL\u002C DP:NAMEVALIDATION.MAXCHAR\u002C !\u002C DP:NAMEVALIDATION.MINCHAR" time="0"/>
  <testcase classname="| DP:SUPER.USERNAME | DP:SUPER.PASSWORD | DP:SAMPATHASSIGNMENTS.SAMPATHCOPYNAME | DP:PROJECTASSIGNMENTS.PROJECTASSIGNMENTNAME2 | DP:TRAININGASSIGNMENTS.TRAININGNAME1 | DP:NAMEVALIDATION.LOWERCASE | DP:NAMEVALIDATION.UPPERCASE | DP:NAMEVALIDATION.MINCHAR | DP:NAMEVALIDATION.MAXCHAR | DP:NAMEVALIDATION.NUMERICDIGIT | DP:NAMEVALIDATION.SPECIALCHARACTER | DP:NAMEVALIDATION.UPPERLOWER | DP:NAMEVALIDATION.UPPERLOWERNUMERIC | DP:NAMEVALIDATION.UPPERLOWERNUMERICSPECIAL | ! | N | SAM Assignments | Assignments | DP:EXAMASSIGNMENTS.EXAMNAME2 | Y |" name="And I click on Assignments tab" time="0"/>
  <testcase classname="| DP:SUPER.USERNAME | DP:SUPER.PASSWORD | DP:SAMPATHASSIGNMENTS.SAMPATHCOPYNAME | DP:PROJECTASSIGNMENTS.PROJECTASSIGNMENTNAME2 | DP:TRAININGASSIGNMENTS.TRAININGNAME1 | DP:NAMEVALIDATION.LOWERCASE | DP:NAMEVALIDATION.UPPERCASE | DP:NAMEVALIDATION.MINCHAR | DP:NAMEVALIDATION.MAXCHAR | DP:NAMEVALIDATION.NUMERICDIGIT | DP:NAMEVALIDATION.SPECIALCHARACTER | DP:NAMEVALIDATION.UPPERLOWER | DP:NAMEVALIDATION.UPPERLOWERNUMERIC | DP:NAMEVALIDATION.UPPERLOWERNUMERICSPECIAL | ! | N | SAM Assignments | Assignments | DP:EXAMASSIGNMENTS.EXAMNAME2 | Y |" name="And I see DP:TRAININGASSIGNMENTS.TRAININGNAME1 Y in Exams page" time="0"/>
  <testcase classname="| DP:SUPER.USERNAME | DP:SUPER.PASSWORD | DP:SAMPATHASSIGNMENTS.SAMPATHCOPYNAME | DP:PROJECTASSIGNMENTS.PROJECTASSIGNMENTNAME2 | DP:TRAININGASSIGNMENTS.TRAININGNAME1 | DP:NAMEVALIDATION.LOWERCASE | DP:NAMEVALIDATION.UPPERCASE | DP:NAMEVALIDATION.MINCHAR | DP:NAMEVALIDATION.MAXCHAR | DP:NAMEVALIDATION.NUMERICDIGIT | DP:NAMEVALIDATION.SPECIALCHARACTER | DP:NAMEVALIDATION.UPPERLOWER | DP:NAMEVALIDATION.UPPERLOWERNUMERIC | DP:NAMEVALIDATION.UPPERLOWERNUMERICSPECIAL | ! | N | SAM Assignments | Assignments | DP:EXAMASSIGNMENTS.EXAMNAME2 | Y |" name="And I click on DP:TRAININGASSIGNMENTS.TRAININGNAME1 Y Copy icon" time="0"/>
  <testcase classname="| DP:SUPER.USERNAME | DP:SUPER.PASSWORD | DP:SAMPATHASSIGNMENTS.SAMPATHCOPYNAME | DP:PROJECTASSIGNMENTS.PROJECTASSIGNMENTNAME2 | DP:TRAININGASSIGNMENTS.TRAININGNAME1 | DP:NAMEVALIDATION.LOWERCASE | DP:NAMEVALIDATION.UPPERCASE | DP:NAMEVALIDATION.MINCHAR | DP:NAMEVALIDATION.MAXCHAR | DP:NAMEVALIDATION.NUMERICDIGIT | DP:NAMEVALIDATION.SPECIALCHARACTER | DP:NAMEVALIDATION.UPPERLOWER | DP:NAMEVALIDATION.UPPERLOWERNUMERIC | DP:NAMEVALIDATION.UPPERLOWERNUMERICSPECIAL | ! | N | SAM Assignments | Assignments | DP:EXAMASSIGNMENTS.EXAMNAME2 | Y |" name="And I click on OK button in popup" time="0"/>
  <testcase classname="| DP:SUPER.USERNAME | DP:SUPER.PASSWORD | DP:SAMPATHASSIGNMENTS.SAMPATHCOPYNAME | DP:PROJECTASSIGNMENTS.PROJECTASSIGNMENTNAME2 | DP:TRAININGASSIGNMENTS.TRAININGNAME1 | DP:NAMEVALIDATION.LOWERCASE | DP:NAMEVALIDATION.UPPERCASE | DP:NAMEVALIDATION.MINCHAR | DP:NAMEVALIDATION.MAXCHAR | DP:NAMEVALIDATION.NUMERICDIGIT | DP:NAMEVALIDATION.SPECIALCHARACTER | DP:NAMEVALIDATION.UPPERLOWER | DP:NAMEVALIDATION.UPPERLOWERNUMERIC | DP:NAMEVALIDATION.UPPERLOWERNUMERICSPECIAL | ! | N | SAM Assignments | Assignments | DP:EXAMASSIGNMENTS.EXAMNAME2 | Y |" name="And I enter ! DP:NAMEVALIDATION.MINCHAR AssignmentName: DP:NAMEVALIDATION.LOWERCASE\u002C DP:NAMEVALIDATION.UPPERCASE\u002C DP:NAMEVALIDATION.NUMERICDIGIT\u002C DP:NAMEVALIDATION.SPECIALCHARACTER\u002C DP:NAMEVALIDATION.UPPERLOWER\u002CDP:NAMEVALIDATION.UPPERLOWERNUMERIC\u002C DP:NAMEVALIDATION.UPPERLOWERNUMERICSPECIAL\u002C DP:NAMEVALIDATION.MAXCHAR\u002C !\u002C DP:NAMEVALIDATION.MINCHAR" time="0"/>
  <testcase classname="| DP:SUPER.USERNAME | DP:SUPER.PASSWORD | DP:SAMPATHASSIGNMENTS.SAMPATHCOPYNAME | DP:PROJECTASSIGNMENTS.PROJECTASSIGNMENTNAME2 | DP:TRAININGASSIGNMENTS.TRAININGNAME1 | DP:NAMEVALIDATION.LOWERCASE | DP:NAMEVALIDATION.UPPERCASE | DP:NAMEVALIDATION.MINCHAR | DP:NAMEVALIDATION.MAXCHAR | DP:NAMEVALIDATION.NUMERICDIGIT | DP:NAMEVALIDATION.SPECIALCHARACTER | DP:NAMEVALIDATION.UPPERLOWER | DP:NAMEVALIDATION.UPPERLOWERNUMERIC | DP:NAMEVALIDATION.UPPERLOWERNUMERICSPECIAL | ! | N | SAM Assignments | Assignments | DP:EXAMASSIGNMENTS.EXAMNAME2 | Y |" name="And I click on Assignments tab" time="0"/>
  <testcase classname="| DP:SUPER.USERNAME | DP:SUPER.PASSWORD | DP:SAMPATHASSIGNMENTS.SAMPATHCOPYNAME | DP:PROJECTASSIGNMENTS.PROJECTASSIGNMENTNAME2 | DP:TRAININGASSIGNMENTS.TRAININGNAME1 | DP:NAMEVALIDATION.LOWERCASE | DP:NAMEVALIDATION.UPPERCASE | DP:NAMEVALIDATION.MINCHAR | DP:NAMEVALIDATION.MAXCHAR | DP:NAMEVALIDATION.NUMERICDIGIT | DP:NAMEVALIDATION.SPECIALCHARACTER | DP:NAMEVALIDATION.UPPERLOWER | DP:NAMEVALIDATION.UPPERLOWERNUMERIC | DP:NAMEVALIDATION.UPPERLOWERNUMERICSPECIAL | ! | N | SAM Assignments | Assignments | DP:EXAMASSIGNMENTS.EXAMNAME2 | Y |" name="And I see DP:PROJECTASSIGNMENTS.PROJECTASSIGNMENTNAME2 Y in Exams page" time="0"/>
  <testcase classname="| DP:SUPER.USERNAME | DP:SUPER.PASSWORD | DP:SAMPATHASSIGNMENTS.SAMPATHCOPYNAME | DP:PROJECTASSIGNMENTS.PROJECTASSIGNMENTNAME2 | DP:TRAININGASSIGNMENTS.TRAININGNAME1 | DP:NAMEVALIDATION.LOWERCASE | DP:NAMEVALIDATION.UPPERCASE | DP:NAMEVALIDATION.MINCHAR | DP:NAMEVALIDATION.MAXCHAR | DP:NAMEVALIDATION.NUMERICDIGIT | DP:NAMEVALIDATION.SPECIALCHARACTER | DP:NAMEVALIDATION.UPPERLOWER | DP:NAMEVALIDATION.UPPERLOWERNUMERIC | DP:NAMEVALIDATION.UPPERLOWERNUMERICSPECIAL | ! | N | SAM Assignments | Assignments | DP:EXAMASSIGNMENTS.EXAMNAME2 | Y |" name="And I click on DP:PROJECTASSIGNMENTS.PROJECTASSIGNMENTNAME2 Y Copy icon" time="0"/>
  <testcase classname="| DP:SUPER.USERNAME | DP:SUPER.PASSWORD | DP:SAMPATHASSIGNMENTS.SAMPATHCOPYNAME | DP:PROJECTASSIGNMENTS.PROJECTASSIGNMENTNAME2 | DP:TRAININGASSIGNMENTS.TRAININGNAME1 | DP:NAMEVALIDATION.LOWERCASE | DP:NAMEVALIDATION.UPPERCASE | DP:NAMEVALIDATION.MINCHAR | DP:NAMEVALIDATION.MAXCHAR | DP:NAMEVALIDATION.NUMERICDIGIT | DP:NAMEVALIDATION.SPECIALCHARACTER | DP:NAMEVALIDATION.UPPERLOWER | DP:NAMEVALIDATION.UPPERLOWERNUMERIC | DP:NAMEVALIDATION.UPPERLOWERNUMERICSPECIAL | ! | N | SAM Assignments | Assignments | DP:EXAMASSIGNMENTS.EXAMNAME2 | Y |" name="And I click on OK button in popup" time="0"/>
  <testcase classname="| DP:SUPER.USERNAME | DP:SUPER.PASSWORD | DP:SAMPATHASSIGNMENTS.SAMPATHCOPYNAME | DP:PROJECTASSIGNMENTS.PROJECTASSIGNMENTNAME2 | DP:TRAININGASSIGNMENTS.TRAININGNAME1 | DP:NAMEVALIDATION.LOWERCASE | DP:NAMEVALIDATION.UPPERCASE | DP:NAMEVALIDATION.MINCHAR | DP:NAMEVALIDATION.MAXCHAR | DP:NAMEVALIDATION.NUMERICDIGIT | DP:NAMEVALIDATION.SPECIALCHARACTER | DP:NAMEVALIDATION.UPPERLOWER | DP:NAMEVALIDATION.UPPERLOWERNUMERIC | DP:NAMEVALIDATION.UPPERLOWERNUMERICSPECIAL | ! | N | SAM Assignments | Assignments | DP:EXAMASSIGNMENTS.EXAMNAME2 | Y |" name="And I enter ! DP:NAMEVALIDATION.MINCHAR AssignmentName: DP:NAMEVALIDATION.LOWERCASE\u002C DP:NAMEVALIDATION.UPPERCASE\u002C DP:NAMEVALIDATION.NUMERICDIGIT\u002C DP:NAMEVALIDATION.SPECIALCHARACTER\u002C DP:NAMEVALIDATION.UPPERLOWER\u002CDP:NAMEVALIDATION.UPPERLOWERNUMERIC\u002C DP:NAMEVALIDATION.UPPERLOWERNUMERICSPECIAL\u002C DP:NAMEVALIDATION.MAXCHAR\u002C !\u002C DP:NAMEVALIDATION.MINCHAR" time="0"/>
  <testcase classname="| DP:SUPER.USERNAME | DP:SUPER.PASSWORD | DP:SAMPATHASSIGNMENTS.SAMPATHCOPYNAME | DP:PROJECTASSIGNMENTS.PROJECTASSIGNMENTNAME2 | DP:TRAININGASSIGNMENTS.TRAININGNAME1 | DP:NAMEVALIDATION.LOWERCASE | DP:NAMEVALIDATION.UPPERCASE | DP:NAMEVALIDATION.MINCHAR | DP:NAMEVALIDATION.MAXCHAR | DP:NAMEVALIDATION.NUMERICDIGIT | DP:NAMEVALIDATION.SPECIALCHARACTER | DP:NAMEVALIDATION.UPPERLOWER | DP:NAMEVALIDATION.UPPERLOWERNUMERIC | DP:NAMEVALIDATION.UPPERLOWERNUMERICSPECIAL | ! | N | SAM Assignments | Assignments | DP:EXAMASSIGNMENTS.EXAMNAME2 | Y |" name="And I click on Assignments tab" time="0"/>
  <testcase classname="| DP:SUPER.USERNAME | DP:SUPER.PASSWORD | DP:SAMPATHASSIGNMENTS.SAMPATHCOPYNAME | DP:PROJECTASSIGNMENTS.PROJECTASSIGNMENTNAME2 | DP:TRAININGASSIGNMENTS.TRAININGNAME1 | DP:NAMEVALIDATION.LOWERCASE | DP:NAMEVALIDATION.UPPERCASE | DP:NAMEVALIDATION.MINCHAR | DP:NAMEVALIDATION.MAXCHAR | DP:NAMEVALIDATION.NUMERICDIGIT | DP:NAMEVALIDATION.SPECIALCHARACTER | DP:NAMEVALIDATION.UPPERLOWER | DP:NAMEVALIDATION.UPPERLOWERNUMERIC | DP:NAMEVALIDATION.UPPERLOWERNUMERICSPECIAL | ! | N | SAM Assignments | Assignments | DP:EXAMASSIGNMENTS.EXAMNAME2 | Y |" name="And I see DP:SAMPATHASSIGNMENTS.SAMPATHCOPYNAME Y in Exams page" time="0"/>
  <testcase classname="| DP:SUPER.USERNAME | DP:SUPER.PASSWORD | DP:SAMPATHASSIGNMENTS.SAMPATHCOPYNAME | DP:PROJECTASSIGNMENTS.PROJECTASSIGNMENTNAME2 | DP:TRAININGASSIGNMENTS.TRAININGNAME1 | DP:NAMEVALIDATION.LOWERCASE | DP:NAMEVALIDATION.UPPERCASE | DP:NAMEVALIDATION.MINCHAR | DP:NAMEVALIDATION.MAXCHAR | DP:NAMEVALIDATION.NUMERICDIGIT | DP:NAMEVALIDATION.SPECIALCHARACTER | DP:NAMEVALIDATION.UPPERLOWER | DP:NAMEVALIDATION.UPPERLOWERNUMERIC | DP:NAMEVALIDATION.UPPERLOWERNUMERICSPECIAL | ! | N | SAM Assignments | Assignments | DP:EXAMASSIGNMENTS.EXAMNAME2 | Y |" name="And I click on DP:SAMPATHASSIGNMENTS.SAMPATHCOPYNAME Y Copy icon" time="0"/>
  <testcase classname="| DP:SUPER.USERNAME | DP:SUPER.PASSWORD | DP:SAMPATHASSIGNMENTS.SAMPATHCOPYNAME | DP:PROJECTASSIGNMENTS.PROJECTASSIGNMENTNAME2 | DP:TRAININGASSIGNMENTS.TRAININGNAME1 | DP:NAMEVALIDATION.LOWERCASE | DP:NAMEVALIDATION.UPPERCASE | DP:NAMEVALIDATION.MINCHAR | DP:NAMEVALIDATION.MAXCHAR | DP:NAMEVALIDATION.NUMERICDIGIT | DP:NAMEVALIDATION.SPECIALCHARACTER | DP:NAMEVALIDATION.UPPERLOWER | DP:NAMEVALIDATION.UPPERLOWERNUMERIC | DP:NAMEVALIDATION.UPPERLOWERNUMERICSPECIAL | ! | N | SAM Assignments | Assignments | DP:EXAMASSIGNMENTS.EXAMNAME2 | Y |" name="When I click on OK button in popup" time="0"/>
  <testcase classname="| DP:SUPER.USERNAME | DP:SUPER.PASSWORD | DP:SAMPATHASSIGNMENTS.SAMPATHCOPYNAME | DP:PROJECTASSIGNMENTS.PROJECTASSIGNMENTNAME2 | DP:TRAININGASSIGNMENTS.TRAININGNAME1 | DP:NAMEVALIDATION.LOWERCASE | DP:NAMEVALIDATION.UPPERCASE | DP:NAMEVALIDATION.MINCHAR | DP:NAMEVALIDATION.MAXCHAR | DP:NAMEVALIDATION.NUMERICDIGIT | DP:NAMEVALIDATION.SPECIALCHARACTER | DP:NAMEVALIDATION.UPPERLOWER | DP:NAMEVALIDATION.UPPERLOWERNUMERIC | DP:NAMEVALIDATION.UPPERLOWERNUMERICSPECIAL | ! | N | SAM Assignments | Assignments | DP:EXAMASSIGNMENTS.EXAMNAME2 | Y |" name="Then I enter ! DP:NAMEVALIDATION.MINCHAR AssignmentName: DP:NAMEVALIDATION.LOWERCASE\u002C DP:NAMEVALIDATION.UPPERCASE\u002C DP:NAMEVALIDATION.NUMERICDIGIT\u002C DP:NAMEVALIDATION.SPECIALCHARACTER\u002C DP:NAMEVALIDATION.UPPERLOWER\u002CDP:NAMEVALIDATION.UPPERLOWERNUMERIC\u002C DP:NAMEVALIDATION.UPPERLOWERNUMERICSPECIAL\u002C DP:NAMEVALIDATION.MAXCHAR\u002C !\u002C DP:NAMEVALIDATION.MINCHAR" time="0"/>
  <testcase classname="| DP:SUPER.USERNAME | DP:SUPER.PASSWORD | DP:SAMPATHASSIGNMENTS.SAMPATHCOPYNAME | DP:PROJECTASSIGNMENTS.PROJECTASSIGNMENTNAME2 | DP:TRAININGASSIGNMENTS.TRAININGNAME1 | DP:NAMEVALIDATION.LOWERCASE | DP:NAMEVALIDATION.UPPERCASE | DP:NAMEVALIDATION.MINCHAR | DP:NAMEVALIDATION.MAXCHAR | DP:NAMEVALIDATION.NUMERICDIGIT | DP:NAMEVALIDATION.SPECIALCHARACTER | DP:NAMEVALIDATION.UPPERLOWER | DP:NAMEVALIDATION.UPPERLOWERNUMERIC | DP:NAMEVALIDATION.UPPERLOWERNUMERICSPECIAL | ! | N | SAM Assignments | Assignments | DP:EXAMASSIGNMENTS.EXAMNAME2 | Y |" name="And I click on Logout button" time="0"/>
  <testcase classname="| DP:SUPER.USERNAME | DP:SUPER.PASSWORD | DP:SAMPATHASSIGNMENTS.SAMPATHCOPYNAME | DP:PROJECTASSIGNMENTS.PROJECTASSIGNMENTNAME2 | DP:TRAININGASSIGNMENTS.TRAININGNAME1 | DP:NAMEVALIDATION.LOWERCASE | DP:NAMEVALIDATION.UPPERCASE | DP:NAMEVALIDATION.MINCHAR | DP:NAMEVALIDATION.MAXCHAR | DP:NAMEVALIDATION.NUMERICDIGIT | DP:NAMEVALIDATION.SPECIALCHARACTER | DP:NAMEVALIDATION.UPPERLOWER | DP:NAMEVALIDATION.UPPERLOWERNUMERIC | DP:NAMEVALIDATION.UPPERLOWERNUMERICSPECIAL | ! | N | SAM Assignments | Assignments | DP:EXAMASSIGNMENTS.EXAMNAME2 | Y |" name="| DP:SUPER.USERNAME | DP:SUPER.PASSWORD | DP:SAMPATHASSIGNMENTS.SAMPATHCOPYNAME | DP:PROJECTASSIGNMENTS.PROJECTASSIGNMENTNAME2 | DP:TRAININGASSIGNMENTS.TRAININGNAME1 | DP:NAMEVALIDATION.LOWERCASE | DP:NAMEVALIDATION.UPPERCASE | DP:NAMEVALIDATION.MINCHAR | DP:NAMEVALIDATION.MAXCHAR | DP:NAMEVALIDATION.NUMERICDIGIT | DP:NAMEVALIDATION.SPECIALCHARACTER | DP:NAMEVALIDATION.UPPERLOWER | DP:NAMEVALIDATION.UPPERLOWERNUMERIC | DP:NAMEVALIDATION.UPPERLOWERNUMERICSPECIAL | ! | N | SAM Assignments | Assignments | DP:EXAMASSIGNMENTS.EXAMNAME2 | Y |" time="0.001"/>
  <testcase classname="| DP:SUPER.USERNAME | DP:SUPER.PASSWORD | DP:SAMPATHASSIGNMENTS.SAMPATHCOPYNAME | DP:PROJECTASSIGNMENTS.PROJECTASSIGNMENTNAME2 | DP:TRAININGASSIGNMENTS.TRAININGNAME1 | DP:NAMEVALIDATION.LOWERCASE | DP:NAMEVALIDATION.UPPERCASE | DP:NAMEVALIDATION.MINCHAR | DP:NAMEVALIDATION.MAXCHAR | DP:NAMEVALIDATION.NUMERICDIGIT | DP:NAMEVALIDATION.SPECIALCHARACTER | DP:NAMEVALIDATION.UPPERLOWER | DP:NAMEVALIDATION.UPPERLOWERNUMERIC | DP:NAMEVALIDATION.UPPERLOWERNUMERICSPECIAL | ! | N | SAM Assignments | Assignments | DP:EXAMASSIGNMENTS.EXAMNAME2 | Y |" name="Given As a user I see login page of LMS" time="0"/>
  <testcase classname="| DP:SUPER.USERNAME | DP:SUPER.PASSWORD | DP:SAMPATHASSIGNMENTS.SAMPATHCOPYNAME | DP:PROJECTASSIGNMENTS.PROJECTASSIGNMENTNAME2 | DP:TRAININGASSIGNMENTS.TRAININGNAME1 | DP:NAMEVALIDATION.LOWERCASE | DP:NAMEVALIDATION.UPPERCASE | DP:NAMEVALIDATION.MINCHAR | DP:NAMEVALIDATION.MAXCHAR | DP:NAMEVALIDATION.NUMERICDIGIT | DP:NAMEVALIDATION.SPECIALCHARACTER | DP:NAMEVALIDATION.UPPERLOWER | DP:NAMEVALIDATION.UPPERLOWERNUMERIC | DP:NAMEVALIDATION.UPPERLOWERNUMERICSPECIAL | ! | N | SAM Assignments | Assignments | DP:EXAMASSIGNMENTS.EXAMNAME2 | Y |" name="And I enter DP:SUPER.USERNAME N Username in LMS login page" time="0"/>
  <testcase classname="| DP:SUPER.USERNAME | DP:SUPER.PASSWORD | DP:SAMPATHASSIGNMENTS.SAMPATHCOPYNAME | DP:PROJECTASSIGNMENTS.PROJECTASSIGNMENTNAME2 | DP:TRAININGASSIGNMENTS.TRAININGNAME1 | DP:NAMEVALIDATION.LOWERCASE | DP:NAMEVALIDATION.UPPERCASE | DP:NAMEVALIDATION.MINCHAR | DP:NAMEVALIDATION.MAXCHAR | DP:NAMEVALIDATION.NUMERICDIGIT | DP:NAMEVALIDATION.SPECIALCHARACTER | DP:NAMEVALIDATION.UPPERLOWER | DP:NAMEVALIDATION.UPPERLOWERNUMERIC | DP:NAMEVALIDATION.UPPERLOWERNUMERICSPECIAL | ! | N | SAM Assignments | Assignments | DP:EXAMASSIGNMENTS.EXAMNAME2 | Y |" name="And I enter DP:SUPER.PASSWORD Password in LMS login page" time="0"/>
  <testcase classname="| DP:SUPER.USERNAME | DP:SUPER.PASSWORD | DP:SAMPATHASSIGNMENTS.SAMPATHCOPYNAME | DP:PROJECTASSIGNMENTS.PROJECTASSIGNMENTNAME2 | DP:TRAININGASSIGNMENTS.TRAININGNAME1 | DP:NAMEVALIDATION.LOWERCASE | DP:NAMEVALIDATION.UPPERCASE | DP:NAMEVALIDATION.MINCHAR | DP:NAMEVALIDATION.MAXCHAR | DP:NAMEVALIDATION.NUMERICDIGIT | DP:NAMEVALIDATION.SPECIALCHARACTER | DP:NAMEVALIDATION.UPPERLOWER | DP:NAMEVALIDATION.UPPERLOWERNUMERIC | DP:NAMEVALIDATION.UPPERLOWERNUMERICSPECIAL | ! | N | SAM Assignments | Assignments | DP:EXAMASSIGNMENTS.EXAMNAME2 | Y |" name="And I click on Log In button" time="0"/>
  <testcase classname="| DP:SUPER.USERNAME | DP:SUPER.PASSWORD | DP:SAMPATHASSIGNMENTS.SAMPATHCOPYNAME | DP:PROJECTASSIGNMENTS.PROJECTASSIGNMENTNAME2 | DP:TRAININGASSIGNMENTS.TRAININGNAME1 | DP:NAMEVALIDATION.LOWERCASE | DP:NAMEVALIDATION.UPPERCASE | DP:NAMEVALIDATION.MINCHAR | DP:NAMEVALIDATION.MAXCHAR | DP:NAMEVALIDATION.NUMERICDIGIT | DP:NAMEVALIDATION.SPECIALCHARACTER | DP:NAMEVALIDATION.UPPERLOWER | DP:NAMEVALIDATION.UPPERLOWERNUMERIC | DP:NAMEVALIDATION.UPPERLOWERNUMERICSPECIAL | ! | N | SAM Assignments | Assignments | DP:EXAMASSIGNMENTS.EXAMNAME2 | Y |" name="And I see home page of LMS" time="0"/>
  <testcase classname="| DP:SUPER.USERNAME | DP:SUPER.PASSWORD | DP:SAMPATHASSIGNMENTS.SAMPATHCOPYNAME | DP:PROJECTASSIGNMENTS.PROJECTASSIGNMENTNAME2 | DP:TRAININGASSIGNMENTS.TRAININGNAME1 | DP:NAMEVALIDATION.LOWERCASE | DP:NAMEVALIDATION.UPPERCASE | DP:NAMEVALIDATION.MINCHAR | DP:NAMEVALIDATION.MAXCHAR | DP:NAMEVALIDATION.NUMERICDIGIT | DP:NAMEVALIDATION.SPECIALCHARACTER | DP:NAMEVALIDATION.UPPERLOWER | DP:NAMEVALIDATION.UPPERLOWERNUMERIC | DP:NAMEVALIDATION.UPPERLOWERNUMERICSPECIAL | ! | N | SAM Assignments | Assignments | DP:EXAMASSIGNMENTS.EXAMNAME2 | Y |" name="And I click on SAM Assignments tab" time="0"/>
  <testcase classname="| DP:SUPER.USERNAME | DP:SUPER.PASSWORD | DP:SAMPATHASSIGNMENTS.SAMPATHCOPYNAME | DP:PROJECTASSIGNMENTS.PROJECTASSIGNMENTNAME2 | DP:TRAININGASSIGNMENTS.TRAININGNAME1 | DP:NAMEVALIDATION.LOWERCASE | DP:NAMEVALIDATION.UPPERCASE | DP:NAMEVALIDATION.MINCHAR | DP:NAMEVALIDATION.MAXCHAR | DP:NAMEVALIDATION.NUMERICDIGIT | DP:NAMEVALIDATION.SPECIALCHARACTER | DP:NAMEVALIDATION.UPPERLOWER | DP:NAMEVALIDATION.UPPERLOWERNUMERIC | DP:NAMEVALIDATION.UPPERLOWERNUMERICSPECIAL | ! | N | SAM Assignments | Assignments | DP:EXAMASSIGNMENTS.EXAMNAME2 | Y |" name="And I click on Assignments tab" time="0"/>
  <testcase classname="| DP:SUPER.USERNAME | DP:SUPER.PASSWORD | DP:SAMPATHASSIGNMENTS.SAMPATHCOPYNAME | DP:PROJECTASSIGNMENTS.PROJECTASSIGNMENTNAME2 | DP:TRAININGASSIGNMENTS.TRAININGNAME1 | DP:NAMEVALIDATION.LOWERCASE | DP:NAMEVALIDATION.UPPERCASE | DP:NAMEVALIDATION.MINCHAR | DP:NAMEVALIDATION.MAXCHAR | DP:NAMEVALIDATION.NUMERICDIGIT | DP:NAMEVALIDATION.SPECIALCHARACTER | DP:NAMEVALIDATION.UPPERLOWER | DP:NAMEVALIDATION.UPPERLOWERNUMERIC | DP:NAMEVALIDATION.UPPERLOWERNUMERICSPECIAL | ! | N | SAM Assignments | Assignments | DP:EXAMASSIGNMENTS.EXAMNAME2 | Y |" name="And I see DP:EXAMASSIGNMENTS.EXAMNAME2 Y in Exams page" time="0"/>
  <testcase classname="| DP:SUPER.USERNAME | DP:SUPER.PASSWORD | DP:SAMPATHASSIGNMENTS.SAMPATHCOPYNAME | DP:PROJECTASSIGNMENTS.PROJECTASSIGNMENTNAME2 | DP:TRAININGASSIGNMENTS.TRAININGNAME1 | DP:NAMEVALIDATION.LOWERCASE | DP:NAMEVALIDATION.UPPERCASE | DP:NAMEVALIDATION.MINCHAR | DP:NAMEVALIDATION.MAXCHAR | DP:NAMEVALIDATION.NUMERICDIGIT | DP:NAMEVALIDATION.SPECIALCHARACTER | DP:NAMEVALIDATION.UPPERLOWER | DP:NAMEVALIDATION.UPPERLOWERNUMERIC | DP:NAMEVALIDATION.UPPERLOWERNUMERICSPECIAL | ! | N | SAM Assignments | Assignments | DP:EXAMASSIGNMENTS.EXAMNAME2 | Y |" name="And I click on Schedule Individual Student Assignment icon" time="0"/>
  <testcase classname="| DP:SUPER.USERNAME | DP:SUPER.PASSWORD | DP:SAMPATHASSIGNMENTS.SAMPATHCOPYNAME | DP:PROJECTASSIGNMENTS.PROJECTASSIGNMENTNAME2 | DP:TRAININGASSIGNMENTS.TRAININGNAME1 | DP:NAMEVALIDATION.LOWERCASE | DP:NAMEVALIDATION.UPPERCASE | DP:NAMEVALIDATION.MINCHAR | DP:NAMEVALIDATION.MAXCHAR | DP:NAMEVALIDATION.NUMERICDIGIT | DP:NAMEVALIDATION.SPECIALCHARACTER | DP:NAMEVALIDATION.UPPERLOWER | DP:NAMEVALIDATION.UPPERLOWERNUMERIC | DP:NAMEVALIDATION.UPPERLOWERNUMERICSPECIAL | ! | N | SAM Assignments | Assignments | DP:EXAMASSIGNMENTS.EXAMNAME2 | Y |" name="And I enter ! DP:NAMEVALIDATION.MINCHAR AssignmentName: DP:NAMEVALIDATION.LOWERCASE\u002C DP:NAMEVALIDATION.UPPERCASE\u002C DP:NAMEVALIDATION.NUMERICDIGIT\u002C DP:NAMEVALIDATION.SPECIALCHARACTER\u002C DP:NAMEVALIDATION.UPPERLOWER\u002CDP:NAMEVALIDATION.UPPERLOWERNUMERIC\u002C DP:NAMEVALIDATION.UPPERLOWERNUMERICSPECIAL\u002C DP:NAMEVALIDATION.MAXCHAR\u002C !\u002C DP:NAMEVALIDATION.MINCHAR" time="0"/>
  <testcase classname="| DP:SUPER.USERNAME | DP:SUPER.PASSWORD | DP:SAMPATHASSIGNMENTS.SAMPATHCOPYNAME | DP:PROJECTASSIGNMENTS.PROJECTASSIGNMENTNAME2 | DP:TRAININGASSIGNMENTS.TRAININGNAME1 | DP:NAMEVALIDATION.LOWERCASE | DP:NAMEVALIDATION.UPPERCASE | DP:NAMEVALIDATION.MINCHAR | DP:NAMEVALIDATION.MAXCHAR | DP:NAMEVALIDATION.NUMERICDIGIT | DP:NAMEVALIDATION.SPECIALCHARACTER | DP:NAMEVALIDATION.UPPERLOWER | DP:NAMEVALIDATION.UPPERLOWERNUMERIC | DP:NAMEVALIDATION.UPPERLOWERNUMERICSPECIAL | ! | N | SAM Assignments | Assignments | DP:EXAMASSIGNMENTS.EXAMNAME2 | Y |" name="And I click on Assignments tab" time="0"/>
  <testcase classname="| DP:SUPER.USERNAME | DP:SUPER.PASSWORD | DP:SAMPATHASSIGNMENTS.SAMPATHCOPYNAME | DP:PROJECTASSIGNMENTS.PROJECTASSIGNMENTNAME2 | DP:TRAININGASSIGNMENTS.TRAININGNAME1 | DP:NAMEVALIDATION.LOWERCASE | DP:NAMEVALIDATION.UPPERCASE | DP:NAMEVALIDATION.MINCHAR | DP:NAMEVALIDATION.MAXCHAR | DP:NAMEVALIDATION.NUMERICDIGIT | DP:NAMEVALIDATION.SPECIALCHARACTER | DP:NAMEVALIDATION.UPPERLOWER | DP:NAMEVALIDATION.UPPERLOWERNUMERIC | DP:NAMEVALIDATION.UPPERLOWERNUMERICSPECIAL | ! | N | SAM Assignments | Assignments | DP:EXAMASSIGNMENTS.EXAMNAME2 | Y |" name="And I see DP:TRAININGASSIGNMENTS.TRAININGNAME1 Y in Exams page" time="0"/>
  <testcase classname="| DP:SUPER.USERNAME | DP:SUPER.PASSWORD | DP:SAMPATHASSIGNMENTS.SAMPATHCOPYNAME | DP:PROJECTASSIGNMENTS.PROJECTASSIGNMENTNAME2 | DP:TRAININGASSIGNMENTS.TRAININGNAME1 | DP:NAMEVALIDATION.LOWERCASE | DP:NAMEVALIDATION.UPPERCASE | DP:NAMEVALIDATION.MINCHAR | DP:NAMEVALIDATION.MAXCHAR | DP:NAMEVALIDATION.NUMERICDIGIT | DP:NAMEVALIDATION.SPECIALCHARACTER | DP:NAMEVALIDATION.UPPERLOWER | DP:NAMEVALIDATION.UPPERLOWERNUMERIC | DP:NAMEVALIDATION.UPPERLOWERNUMERICSPECIAL | ! | N | SAM Assignments | Assignments | DP:EXAMASSIGNMENTS.EXAMNAME2 | Y |" name="And I click on Schedule Individual Student Assignment icon" time="0"/>
  <testcase classname="| DP:SUPER.USERNAME | DP:SUPER.PASSWORD | DP:SAMPATHASSIGNMENTS.SAMPATHCOPYNAME | DP:PROJECTASSIGNMENTS.PROJECTASSIGNMENTNAME2 | DP:TRAININGASSIGNMENTS.TRAININGNAME1 | DP:NAMEVALIDATION.LOWERCASE | DP:NAMEVALIDATION.UPPERCASE | DP:NAMEVALIDATION.MINCHAR | DP:NAMEVALIDATION.MAXCHAR | DP:NAMEVALIDATION.NUMERICDIGIT | DP:NAMEVALIDATION.SPECIALCHARACTER | DP:NAMEVALIDATION.UPPERLOWER | DP:NAMEVALIDATION.UPPERLOWERNUMERIC | DP:NAMEVALIDATION.UPPERLOWERNUMERICSPECIAL | ! | N | SAM Assignments | Assignments | DP:EXAMASSIGNMENTS.EXAMNAME2 | Y |" name="And I enter ! DP:NAMEVALIDATION.MINCHAR AssignmentName: DP:NAMEVALIDATION.LOWERCASE\u002C DP:NAMEVALIDATION.UPPERCASE\u002C DP:NAMEVALIDATION.NUMERICDIGIT\u002C DP:NAMEVALIDATION.SPECIALCHARACTER\u002C DP:NAMEVALIDATION.UPPERLOWER\u002CDP:NAMEVALIDATION.UPPERLOWERNUMERIC\u002C DP:NAMEVALIDATION.UPPERLOWERNUMERICSPECIAL\u002C DP:NAMEVALIDATION.MAXCHAR\u002C !\u002C DP:NAMEVALIDATION.MINCHAR" time="0"/>
  <testcase classname="| DP:SUPER.USERNAME | DP:SUPER.PASSWORD | DP:SAMPATHASSIGNMENTS.SAMPATHCOPYNAME | DP:PROJECTASSIGNMENTS.PROJECTASSIGNMENTNAME2 | DP:TRAININGASSIGNMENTS.TRAININGNAME1 | DP:NAMEVALIDATION.LOWERCASE | DP:NAMEVALIDATION.UPPERCASE | DP:NAMEVALIDATION.MINCHAR | DP:NAMEVALIDATION.MAXCHAR | DP:NAMEVALIDATION.NUMERICDIGIT | DP:NAMEVALIDATION.SPECIALCHARACTER | DP:NAMEVALIDATION.UPPERLOWER | DP:NAMEVALIDATION.UPPERLOWERNUMERIC | DP:NAMEVALIDATION.UPPERLOWERNUMERICSPECIAL | ! | N | SAM Assignments | Assignments | DP:EXAMASSIGNMENTS.EXAMNAME2 | Y |" name="And I click on Assignments tab" time="0"/>
  <testcase classname="| DP:SUPER.USERNAME | DP:SUPER.PASSWORD | DP:SAMPATHASSIGNMENTS.SAMPATHCOPYNAME | DP:PROJECTASSIGNMENTS.PROJECTASSIGNMENTNAME2 | DP:TRAININGASSIGNMENTS.TRAININGNAME1 | DP:NAMEVALIDATION.LOWERCASE | DP:NAMEVALIDATION.UPPERCASE | DP:NAMEVALIDATION.MINCHAR | DP:NAMEVALIDATION.MAXCHAR | DP:NAMEVALIDATION.NUMERICDIGIT | DP:NAMEVALIDATION.SPECIALCHARACTER | DP:NAMEVALIDATION.UPPERLOWER | DP:NAMEVALIDATION.UPPERLOWERNUMERIC | DP:NAMEVALIDATION.UPPERLOWERNUMERICSPECIAL | ! | N | SAM Assignments | Assignments | DP:EXAMASSIGNMENTS.EXAMNAME2 | Y |" name="And I see DP:PROJECTASSIGNMENTS.PROJECTASSIGNMENTNAME2 Y in Exams page" time="0"/>
  <testcase classname="| DP:SUPER.USERNAME | DP:SUPER.PASSWORD | DP:SAMPATHASSIGNMENTS.SAMPATHCOPYNAME | DP:PROJECTASSIGNMENTS.PROJECTASSIGNMENTNAME2 | DP:TRAININGASSIGNMENTS.TRAININGNAME1 | DP:NAMEVALIDATION.LOWERCASE | DP:NAMEVALIDATION.UPPERCASE | DP:NAMEVALIDATION.MINCHAR | DP:NAMEVALIDATION.MAXCHAR | DP:NAMEVALIDATION.NUMERICDIGIT | DP:NAMEVALIDATION.SPECIALCHARACTER | DP:NAMEVALIDATION.UPPERLOWER | DP:NAMEVALIDATION.UPPERLOWERNUMERIC | DP:NAMEVALIDATION.UPPERLOWERNUMERICSPECIAL | ! | N | SAM Assignments | Assignments | DP:EXAMASSIGNMENTS.EXAMNAME2 | Y |" name="And I click on Schedule Individual Student Assignment icon" time="0"/>
  <testcase classname="| DP:SUPER.USERNAME | DP:SUPER.PASSWORD | DP:SAMPATHASSIGNMENTS.SAMPATHCOPYNAME | DP:PROJECTASSIGNMENTS.PROJECTASSIGNMENTNAME2 | DP:TRAININGASSIGNMENTS.TRAININGNAME1 | DP:NAMEVALIDATION.LOWERCASE | DP:NAMEVALIDATION.UPPERCASE | DP:NAMEVALIDATION.MINCHAR | DP:NAMEVALIDATION.MAXCHAR | DP:NAMEVALIDATION.NUMERICDIGIT | DP:NAMEVALIDATION.SPECIALCHARACTER | DP:NAMEVALIDATION.UPPERLOWER | DP:NAMEVALIDATION.UPPERLOWERNUMERIC | DP:NAMEVALIDATION.UPPERLOWERNUMERICSPECIAL | ! | N | SAM Assignments | Assignments | DP:EXAMASSIGNMENTS.EXAMNAME2 | Y |" name="And I enter ! DP:NAMEVALIDATION.MINCHAR AssignmentName: DP:NAMEVALIDATION.LOWERCASE\u002C DP:NAMEVALIDATION.UPPERCASE\u002C DP:NAMEVALIDATION.NUMERICDIGIT\u002C DP:NAMEVALIDATION.SPECIALCHARACTER\u002C DP:NAMEVALIDATION.UPPERLOWER\u002CDP:NAMEVALIDATION.UPPERLOWERNUMERIC\u002C DP:NAMEVALIDATION.UPPERLOWERNUMERICSPECIAL\u002C DP:NAMEVALIDATION.MAXCHAR\u002C !\u002C DP:NAMEVALIDATION.MINCHAR" time="0.001"/>
  <testcase classname="| DP:SUPER.USERNAME | DP:SUPER.PASSWORD | DP:SAMPATHASSIGNMENTS.SAMPATHCOPYNAME | DP:PROJECTASSIGNMENTS.PROJECTASSIGNMENTNAME2 | DP:TRAININGASSIGNMENTS.TRAININGNAME1 | DP:NAMEVALIDATION.LOWERCASE | DP:NAMEVALIDATION.UPPERCASE | DP:NAMEVALIDATION.MINCHAR | DP:NAMEVALIDATION.MAXCHAR | DP:NAMEVALIDATION.NUMERICDIGIT | DP:NAMEVALIDATION.SPECIALCHARACTER | DP:NAMEVALIDATION.UPPERLOWER | DP:NAMEVALIDATION.UPPERLOWERNUMERIC | DP:NAMEVALIDATION.UPPERLOWERNUMERICSPECIAL | ! | N | SAM Assignments | Assignments | DP:EXAMASSIGNMENTS.EXAMNAME2 | Y |" name="And I click on Assignments tab" time="0"/>
  <testcase classname="| DP:SUPER.USERNAME | DP:SUPER.PASSWORD | DP:SAMPATHASSIGNMENTS.SAMPATHCOPYNAME | DP:PROJECTASSIGNMENTS.PROJECTASSIGNMENTNAME2 | DP:TRAININGASSIGNMENTS.TRAININGNAME1 | DP:NAMEVALIDATION.LOWERCASE | DP:NAMEVALIDATION.UPPERCASE | DP:NAMEVALIDATION.MINCHAR | DP:NAMEVALIDATION.MAXCHAR | DP:NAMEVALIDATION.NUMERICDIGIT | DP:NAMEVALIDATION.SPECIALCHARACTER | DP:NAMEVALIDATION.UPPERLOWER | DP:NAMEVALIDATION.UPPERLOWERNUMERIC | DP:NAMEVALIDATION.UPPERLOWERNUMERICSPECIAL | ! | N | SAM Assignments | Assignments | DP:EXAMASSIGNMENTS.EXAMNAME2 | Y |" name="And I see DP:SAMPATHASSIGNMENTS.SAMPATHCOPYNAME Y in Exams page" time="0"/>
  <testcase classname="| DP:SUPER.USERNAME | DP:SUPER.PASSWORD | DP:SAMPATHASSIGNMENTS.SAMPATHCOPYNAME | DP:PROJECTASSIGNMENTS.PROJECTASSIGNMENTNAME2 | DP:TRAININGASSIGNMENTS.TRAININGNAME1 | DP:NAMEVALIDATION.LOWERCASE | DP:NAMEVALIDATION.UPPERCASE | DP:NAMEVALIDATION.MINCHAR | DP:NAMEVALIDATION.MAXCHAR | DP:NAMEVALIDATION.NUMERICDIGIT | DP:NAMEVALIDATION.SPECIALCHARACTER | DP:NAMEVALIDATION.UPPERLOWER | DP:NAMEVALIDATION.UPPERLOWERNUMERIC | DP:NAMEVALIDATION.UPPERLOWERNUMERICSPECIAL | ! | N | SAM Assignments | Assignments | DP:EXAMASSIGNMENTS.EXAMNAME2 | Y |" name="When I click on Schedule Individual Student Assignment icon" time="0"/>
  <testcase classname="| DP:SUPER.USERNAME | DP:SUPER.PASSWORD | DP:SAMPATHASSIGNMENTS.SAMPATHCOPYNAME | DP:PROJECTASSIGNMENTS.PROJECTASSIGNMENTNAME2 | DP:TRAININGASSIGNMENTS.TRAININGNAME1 | DP:NAMEVALIDATION.LOWERCASE | DP:NAMEVALIDATION.UPPERCASE | DP:NAMEVALIDATION.MINCHAR | DP:NAMEVALIDATION.MAXCHAR | DP:NAMEVALIDATION.NUMERICDIGIT | DP:NAMEVALIDATION.SPECIALCHARACTER | DP:NAMEVALIDATION.UPPERLOWER | DP:NAMEVALIDATION.UPPERLOWERNUMERIC | DP:NAMEVALIDATION.UPPERLOWERNUMERICSPECIAL | ! | N | SAM Assignments | Assignments | DP:EXAMASSIGNMENTS.EXAMNAME2 | Y |" name="Then I enter ! DP:NAMEVALIDATION.MINCHAR AssignmentName: DP:NAMEVALIDATION.LOWERCASE\u002C DP:NAMEVALIDATION.UPPERCASE\u002C DP:NAMEVALIDATION.NUMERICDIGIT\u002C DP:NAMEVALIDATION.SPECIALCHARACTER\u002C DP:NAMEVALIDATION.UPPERLOWER\u002CDP:NAMEVALIDATION.UPPERLOWERNUMERIC\u002C DP:NAMEVALIDATION.UPPERLOWERNUMERICSPECIAL\u002C DP:NAMEVALIDATION.MAXCHAR\u002C !\u002C DP:NAMEVALIDATION.MINCHAR" time="0"/>
  <testcase classname="| DP:SUPER.USERNAME | DP:SUPER.PASSWORD | DP:SAMPATHASSIGNMENTS.SAMPATHCOPYNAME | DP:PROJECTASSIGNMENTS.PROJECTASSIGNMENTNAME2 | DP:TRAININGASSIGNMENTS.TRAININGNAME1 | DP:NAMEVALIDATION.LOWERCASE | DP:NAMEVALIDATION.UPPERCASE | DP:NAMEVALIDATION.MINCHAR | DP:NAMEVALIDATION.MAXCHAR | DP:NAMEVALIDATION.NUMERICDIGIT | DP:NAMEVALIDATION.SPECIALCHARACTER | DP:NAMEVALIDATION.UPPERLOWER | DP:NAMEVALIDATION.UPPERLOWERNUMERIC | DP:NAMEVALIDATION.UPPERLOWERNUMERICSPECIAL | ! | N | SAM Assignments | Assignments | DP:EXAMASSIGNMENTS.EXAMNAME2 | Y |" name="And I click on Logout button" time="0"/>
  <testcase classname="| DP:SUPER.USERNAME | DP:SUPER.PASSWORD | DP:SAMPATHASSIGNMENTS.SAMPATHCOPYNAME | DP:PROJECTASSIGNMENTS.PROJECTASSIGNMENTNAME2 | DP:TRAININGASSIGNMENTS.TRAININGNAME1 | DP:NAMEVALIDATION.LOWERCASE | DP:NAMEVALIDATION.UPPERCASE | DP:NAMEVALIDATION.MINCHAR | DP:NAMEVALIDATION.MAXCHAR | DP:NAMEVALIDATION.NUMERICDIGIT | DP:NAMEVALIDATION.SPECIALCHARACTER | DP:NAMEVALIDATION.UPPERLOWER | DP:NAMEVALIDATION.UPPERLOWERNUMERIC | DP:NAMEVALIDATION.UPPERLOWERNUMERICSPECIAL | ! | N | SAM Assignments | Assignments | DP:EXAMASSIGNMENTS.EXAMNAME2 | Y |" name="| DP:SUPER.USERNAME | DP:SUPER.PASSWORD | DP:SAMPATHASSIGNMENTS.SAMPATHCOPYNAME | DP:PROJECTASSIGNMENTS.PROJECTASSIGNMENTNAME2 | DP:TRAININGASSIGNMENTS.TRAININGNAME1 | DP:NAMEVALIDATION.LOWERCASE | DP:NAMEVALIDATION.UPPERCASE | DP:NAMEVALIDATION.MINCHAR | DP:NAMEVALIDATION.MAXCHAR | DP:NAMEVALIDATION.NUMERICDIGIT | DP:NAMEVALIDATION.SPECIALCHARACTER | DP:NAMEVALIDATION.UPPERLOWER | DP:NAMEVALIDATION.UPPERLOWERNUMERIC | DP:NAMEVALIDATION.UPPERLOWERNUMERICSPECIAL | ! | N | SAM Assignments | Assignments | DP:EXAMASSIGNMENTS.EXAMNAME2 | Y |" time="0.001"/>
  <testcase classname="| DP:SUPER.USERNAME | DP:SUPER.PASSWORD | DP:EXAMASSIGNMENTS.EXAMNAME2 | DP:NAMEVALIDATION.LOWERCASE | DP:NAMEVALIDATION.UPPERCASE | DP:NAMEVALIDATION.MINCHAR | DP:NAMEVALIDATION.MAXCHAR | DP:NAMEVALIDATION.NUMERICDIGIT | DP:NAMEVALIDATION.SPECIALCHARACTER | DP:NAMEVALIDATION.UPPERLOWER | DP:NAMEVALIDATION.UPPERLOWERNUMERIC | DP:NAMEVALIDATION.UPPERLOWERNUMERICSPECIAL | ! | N | SAM Assignments | Exams | Y |" name="Given As a user I see login page of LMS" time="0"/>
  <testcase classname="| DP:SUPER.USERNAME | DP:SUPER.PASSWORD | DP:EXAMASSIGNMENTS.EXAMNAME2 | DP:NAMEVALIDATION.LOWERCASE | DP:NAMEVALIDATION.UPPERCASE | DP:NAMEVALIDATION.MINCHAR | DP:NAMEVALIDATION.MAXCHAR | DP:NAMEVALIDATION.NUMERICDIGIT | DP:NAMEVALIDATION.SPECIALCHARACTER | DP:NAMEVALIDATION.UPPERLOWER | DP:NAMEVALIDATION.UPPERLOWERNUMERIC | DP:NAMEVALIDATION.UPPERLOWERNUMERICSPECIAL | ! | N | SAM Assignments | Exams | Y |" name="And I enter DP:SUPER.USERNAME N Username in LMS login page" time="0"/>
  <testcase classname="| DP:SUPER.USERNAME | DP:SUPER.PASSWORD | DP:EXAMASSIGNMENTS.EXAMNAME2 | DP:NAMEVALIDATION.LOWERCASE | DP:NAMEVALIDATION.UPPERCASE | DP:NAMEVALIDATION.MINCHAR | DP:NAMEVALIDATION.MAXCHAR | DP:NAMEVALIDATION.NUMERICDIGIT | DP:NAMEVALIDATION.SPECIALCHARACTER | DP:NAMEVALIDATION.UPPERLOWER | DP:NAMEVALIDATION.UPPERLOWERNUMERIC | DP:NAMEVALIDATION.UPPERLOWERNUMERICSPECIAL | ! | N | SAM Assignments | Exams | Y |" name="And I enter DP:SUPER.PASSWORD Password in LMS login page" time="0"/>
  <testcase classname="| DP:SUPER.USERNAME | DP:SUPER.PASSWORD | DP:EXAMASSIGNMENTS.EXAMNAME2 | DP:NAMEVALIDATION.LOWERCASE | DP:NAMEVALIDATION.UPPERCASE | DP:NAMEVALIDATION.MINCHAR | DP:NAMEVALIDATION.MAXCHAR | DP:NAMEVALIDATION.NUMERICDIGIT | DP:NAMEVALIDATION.SPECIALCHARACTER | DP:NAMEVALIDATION.UPPERLOWER | DP:NAMEVALIDATION.UPPERLOWERNUMERIC | DP:NAMEVALIDATION.UPPERLOWERNUMERICSPECIAL | ! | N | SAM Assignments | Exams | Y |" name="And I click on Log In button" time="0"/>
  <testcase classname="| DP:SUPER.USERNAME | DP:SUPER.PASSWORD | DP:EXAMASSIGNMENTS.EXAMNAME2 | DP:NAMEVALIDATION.LOWERCASE | DP:NAMEVALIDATION.UPPERCASE | DP:NAMEVALIDATION.MINCHAR | DP:NAMEVALIDATION.MAXCHAR | DP:NAMEVALIDATION.NUMERICDIGIT | DP:NAMEVALIDATION.SPECIALCHARACTER | DP:NAMEVALIDATION.UPPERLOWER | DP:NAMEVALIDATION.UPPERLOWERNUMERIC | DP:NAMEVALIDATION.UPPERLOWERNUMERICSPECIAL | ! | N | SAM Assignments | Exams | Y |" name="And I see home page of LMS" time="0"/>
  <testcase classname="| DP:SUPER.USERNAME | DP:SUPER.PASSWORD | DP:EXAMASSIGNMENTS.EXAMNAME2 | DP:NAMEVALIDATION.LOWERCASE | DP:NAMEVALIDATION.UPPERCASE | DP:NAMEVALIDATION.MINCHAR | DP:NAMEVALIDATION.MAXCHAR | DP:NAMEVALIDATION.NUMERICDIGIT | DP:NAMEVALIDATION.SPECIALCHARACTER | DP:NAMEVALIDATION.UPPERLOWER | DP:NAMEVALIDATION.UPPERLOWERNUMERIC | DP:NAMEVALIDATION.UPPERLOWERNUMERICSPECIAL | ! | N | SAM Assignments | Exams | Y |" name="And I click on SAM Assignments tab" time="0"/>
  <testcase classname="| DP:SUPER.USERNAME | DP:SUPER.PASSWORD | DP:EXAMASSIGNMENTS.EXAMNAME2 | DP:NAMEVALIDATION.LOWERCASE | DP:NAMEVALIDATION.UPPERCASE | DP:NAMEVALIDATION.MINCHAR | DP:NAMEVALIDATION.MAXCHAR | DP:NAMEVALIDATION.NUMERICDIGIT | DP:NAMEVALIDATION.SPECIALCHARACTER | DP:NAMEVALIDATION.UPPERLOWER | DP:NAMEVALIDATION.UPPERLOWERNUMERIC | DP:NAMEVALIDATION.UPPERLOWERNUMERICSPECIAL | ! | N | SAM Assignments | Exams | Y |" name="And I click on Exams tab" time="0"/>
  <testcase classname="| DP:SUPER.USERNAME | DP:SUPER.PASSWORD | DP:EXAMASSIGNMENTS.EXAMNAME2 | DP:NAMEVALIDATION.LOWERCASE | DP:NAMEVALIDATION.UPPERCASE | DP:NAMEVALIDATION.MINCHAR | DP:NAMEVALIDATION.MAXCHAR | DP:NAMEVALIDATION.NUMERICDIGIT | DP:NAMEVALIDATION.SPECIALCHARACTER | DP:NAMEVALIDATION.UPPERLOWER | DP:NAMEVALIDATION.UPPERLOWERNUMERIC | DP:NAMEVALIDATION.UPPERLOWERNUMERICSPECIAL | ! | N | SAM Assignments | Exams | Y |" name="And I click on Add Exam button" time="0"/>
  <testcase classname="| DP:SUPER.USERNAME | DP:SUPER.PASSWORD | DP:EXAMASSIGNMENTS.EXAMNAME2 | DP:NAMEVALIDATION.LOWERCASE | DP:NAMEVALIDATION.UPPERCASE | DP:NAMEVALIDATION.MINCHAR | DP:NAMEVALIDATION.MAXCHAR | DP:NAMEVALIDATION.NUMERICDIGIT | DP:NAMEVALIDATION.SPECIALCHARACTER | DP:NAMEVALIDATION.UPPERLOWER | DP:NAMEVALIDATION.UPPERLOWERNUMERIC | DP:NAMEVALIDATION.UPPERLOWERNUMERICSPECIAL | ! | N | SAM Assignments | Exams | Y |" name="And I enter ! DP:NAMEVALIDATION.MINCHAR AssignmentName in Exam Name: DP:NAMEVALIDATION.LOWERCASE\u002C DP:NAMEVALIDATION.UPPERCASE\u002C DP:NAMEVALIDATION.NUMERICDIGIT\u002C DP:NAMEVALIDATION.SPECIALCHARACTER\u002C DP:NAMEVALIDATION.UPPERLOWER\u002CDP:NAMEVALIDATION.UPPERLOWERNUMERIC\u002C DP:NAMEVALIDATION.UPPERLOWERNUMERICSPECIAL\u002C DP:NAMEVALIDATION.MAXCHAR\u002C !\u002C DP:NAMEVALIDATION.MINCHAR" time="0"/>
  <testcase classname="| DP:SUPER.USERNAME | DP:SUPER.PASSWORD | DP:EXAMASSIGNMENTS.EXAMNAME2 | DP:NAMEVALIDATION.LOWERCASE | DP:NAMEVALIDATION.UPPERCASE | DP:NAMEVALIDATION.MINCHAR | DP:NAMEVALIDATION.MAXCHAR | DP:NAMEVALIDATION.NUMERICDIGIT | DP:NAMEVALIDATION.SPECIALCHARACTER | DP:NAMEVALIDATION.UPPERLOWER | DP:NAMEVALIDATION.UPPERLOWERNUMERIC | DP:NAMEVALIDATION.UPPERLOWERNUMERICSPECIAL | ! | N | SAM Assignments | Exams | Y |" name="And I click on Exams tab" time="0"/>
  <testcase classname="| DP:SUPER.USERNAME | DP:SUPER.PASSWORD | DP:EXAMASSIGNMENTS.EXAMNAME2 | DP:NAMEVALIDATION.LOWERCASE | DP:NAMEVALIDATION.UPPERCASE | DP:NAMEVALIDATION.MINCHAR | DP:NAMEVALIDATION.MAXCHAR | DP:NAMEVALIDATION.NUMERICDIGIT | DP:NAMEVALIDATION.SPECIALCHARACTER | DP:NAMEVALIDATION.UPPERLOWER | DP:NAMEVALIDATION.UPPERLOWERNUMERIC | DP:NAMEVALIDATION.UPPERLOWERNUMERICSPECIAL | ! | N | SAM Assignments | Exams | Y |" name="And I see DP:EXAMASSIGNMENTS.EXAMNAME2 Y in Exams page" time="0"/>
  <testcase classname="| DP:SUPER.USERNAME | DP:SUPER.PASSWORD | DP:EXAMASSIGNMENTS.EXAMNAME2 | DP:NAMEVALIDATION.LOWERCASE | DP:NAMEVALIDATION.UPPERCASE | DP:NAMEVALIDATION.MINCHAR | DP:NAMEVALIDATION.MAXCHAR | DP:NAMEVALIDATION.NUMERICDIGIT | DP:NAMEVALIDATION.SPECIALCHARACTER | DP:NAMEVALIDATION.UPPERLOWER | DP:NAMEVALIDATION.UPPERLOWERNUMERIC | DP:NAMEVALIDATION.UPPERLOWERNUMERICSPECIAL | ! | N | SAM Assignments | Exams | Y |" name="And I click on DP:EXAMASSIGNMENTS.EXAMNAME2 Y Schedule icon" time="0"/>
  <testcase classname="| DP:SUPER.USERNAME | DP:SUPER.PASSWORD | DP:EXAMASSIGNMENTS.EXAMNAME2 | DP:NAMEVALIDATION.LOWERCASE | DP:NAMEVALIDATION.UPPERCASE | DP:NAMEVALIDATION.MINCHAR | DP:NAMEVALIDATION.MAXCHAR | DP:NAMEVALIDATION.NUMERICDIGIT | DP:NAMEVALIDATION.SPECIALCHARACTER | DP:NAMEVALIDATION.UPPERLOWER | DP:NAMEVALIDATION.UPPERLOWERNUMERIC | DP:NAMEVALIDATION.UPPERLOWERNUMERICSPECIAL | ! | N | SAM Assignments | Exams | Y |" name="And I enter ! DP:NAMEVALIDATION.MINCHAR AssignmentName: DP:NAMEVALIDATION.LOWERCASE\u002C DP:NAMEVALIDATION.UPPERCASE\u002C DP:NAMEVALIDATION.NUMERICDIGIT\u002C DP:NAMEVALIDATION.SPECIALCHARACTER\u002C DP:NAMEVALIDATION.UPPERLOWER\u002CDP:NAMEVALIDATION.UPPERLOWERNUMERIC\u002C DP:NAMEVALIDATION.UPPERLOWERNUMERICSPECIAL\u002C DP:NAMEVALIDATION.MAXCHAR\u002C !\u002C DP:NAMEVALIDATION.MINCHAR" time="0"/>
  <testcase classname="| DP:SUPER.USERNAME | DP:SUPER.PASSWORD | DP:EXAMASSIGNMENTS.EXAMNAME2 | DP:NAMEVALIDATION.LOWERCASE | DP:NAMEVALIDATION.UPPERCASE | DP:NAMEVALIDATION.MINCHAR | DP:NAMEVALIDATION.MAXCHAR | DP:NAMEVALIDATION.NUMERICDIGIT | DP:NAMEVALIDATION.SPECIALCHARACTER | DP:NAMEVALIDATION.UPPERLOWER | DP:NAMEVALIDATION.UPPERLOWERNUMERIC | DP:NAMEVALIDATION.UPPERLOWERNUMERICSPECIAL | ! | N | SAM Assignments | Exams | Y |" name="And I click on Exams tab" time="0"/>
  <testcase classname="| DP:SUPER.USERNAME | DP:SUPER.PASSWORD | DP:EXAMASSIGNMENTS.EXAMNAME2 | DP:NAMEVALIDATION.LOWERCASE | DP:NAMEVALIDATION.UPPERCASE | DP:NAMEVALIDATION.MINCHAR | DP:NAMEVALIDATION.MAXCHAR | DP:NAMEVALIDATION.NUMERICDIGIT | DP:NAMEVALIDATION.SPECIALCHARACTER | DP:NAMEVALIDATION.UPPERLOWER | DP:NAMEVALIDATION.UPPERLOWERNUMERIC | DP:NAMEVALIDATION.UPPERLOWERNUMERICSPECIAL | ! | N | SAM Assignments | Exams | Y |" name="And I see DP:EXAMASSIGNMENTS.EXAMNAME2 Y in Exams page" time="0"/>
  <testcase classname="| DP:SUPER.USERNAME | DP:SUPER.PASSWORD | DP:EXAMASSIGNMENTS.EXAMNAME2 | DP:NAMEVALIDATION.LOWERCASE | DP:NAMEVALIDATION.UPPERCASE | DP:NAMEVALIDATION.MINCHAR | DP:NAMEVALIDATION.MAXCHAR | DP:NAMEVALIDATION.NUMERICDIGIT | DP:NAMEVALIDATION.SPECIALCHARACTER | DP:NAMEVALIDATION.UPPERLOWER | DP:NAMEVALIDATION.UPPERLOWERNUMERIC | DP:NAMEVALIDATION.UPPERLOWERNUMERICSPECIAL | ! | N | SAM Assignments | Exams | Y |" name="When I click on Schedule Individual Student Assignment icon" time="0"/>
  <testcase classname="| DP:SUPER.USERNAME | DP:SUPER.PASSWORD | DP:EXAMASSIGNMENTS.EXAMNAME2 | DP:NAMEVALIDATION.LOWERCASE | DP:NAMEVALIDATION.UPPERCASE | DP:NAMEVALIDATION.MINCHAR | DP:NAMEVALIDATION.MAXCHAR | DP:NAMEVALIDATION.NUMERICDIGIT | DP:NAMEVALIDATION.SPECIALCHARACTER | DP:NAMEVALIDATION.UPPERLOWER | DP:NAMEVALIDATION.UPPERLOWERNUMERIC | DP:NAMEVALIDATION.UPPERLOWERNUMERICSPECIAL | ! | N | SAM Assignments | Exams | Y |" name="Then I enter ! DP:NAMEVALIDATION.MINCHAR AssignmentName: DP:NAMEVALIDATION.LOWERCASE\u002C DP:NAMEVALIDATION.UPPERCASE\u002C DP:NAMEVALIDATION.NUMERICDIGIT\u002C DP:NAMEVALIDATION.SPECIALCHARACTER\u002C DP:NAMEVALIDATION.UPPERLOWER\u002CDP:NAMEVALIDATION.UPPERLOWERNUMERIC\u002C DP:NAMEVALIDATION.UPPERLOWERNUMERICSPECIAL\u002C DP:NAMEVALIDATION.MAXCHAR\u002C !\u002C DP:NAMEVALIDATION.MINCHAR" time="0"/>
  <testcase classname="| DP:SUPER.USERNAME | DP:SUPER.PASSWORD | DP:EXAMASSIGNMENTS.EXAMNAME2 | DP:NAMEVALIDATION.LOWERCASE | DP:NAMEVALIDATION.UPPERCASE | DP:NAMEVALIDATION.MINCHAR | DP:NAMEVALIDATION.MAXCHAR | DP:NAMEVALIDATION.NUMERICDIGIT | DP:NAMEVALIDATION.SPECIALCHARACTER | DP:NAMEVALIDATION.UPPERLOWER | DP:NAMEVALIDATION.UPPERLOWERNUMERIC | DP:NAMEVALIDATION.UPPERLOWERNUMERICSPECIAL | ! | N | SAM Assignments | Exams | Y |" name="And I click on Logout button" time="0"/>
  <testcase classname="| DP:SUPER.USERNAME | DP:SUPER.PASSWORD | DP:EXAMASSIGNMENTS.EXAMNAME2 | DP:NAMEVALIDATION.LOWERCASE | DP:NAMEVALIDATION.UPPERCASE | DP:NAMEVALIDATION.MINCHAR | DP:NAMEVALIDATION.MAXCHAR | DP:NAMEVALIDATION.NUMERICDIGIT | DP:NAMEVALIDATION.SPECIALCHARACTER | DP:NAMEVALIDATION.UPPERLOWER | DP:NAMEVALIDATION.UPPERLOWERNUMERIC | DP:NAMEVALIDATION.UPPERLOWERNUMERICSPECIAL | ! | N | SAM Assignments | Exams | Y |" name="| DP:SUPER.USERNAME | DP:SUPER.PASSWORD | DP:EXAMASSIGNMENTS.EXAMNAME2 | DP:NAMEVALIDATION.LOWERCASE | DP:NAMEVALIDATION.UPPERCASE | DP:NAMEVALIDATION.MINCHAR | DP:NAMEVALIDATION.MAXCHAR | DP:NAMEVALIDATION.NUMERICDIGIT | DP:NAMEVALIDATION.SPECIALCHARACTER | DP:NAMEVALIDATION.UPPERLOWER | DP:NAMEVALIDATION.UPPERLOWERNUMERIC | DP:NAMEVALIDATION.UPPERLOWERNUMERICSPECIAL | ! | N | SAM Assignments | Exams | Y |" time="0.001"/>
  <testcase classname="| DP:SUPER.USERNAME | DP:SUPER.PASSWORD | DP:TRAININGASSIGNMENTS.TRAININGNAME1 | DP:NAMEVALIDATION.LOWERCASE | DP:NAMEVALIDATION.UPPERCASE | DP:NAMEVALIDATION.MINCHAR | DP:NAMEVALIDATION.MAXCHAR | DP:NAMEVALIDATION.NUMERICDIGIT | DP:NAMEVALIDATION.SPECIALCHARACTER | DP:NAMEVALIDATION.UPPERLOWER | DP:NAMEVALIDATION.UPPERLOWERNUMERIC | DP:NAMEVALIDATION.UPPERLOWERNUMERICSPECIAL | ! | N | SAM Assignments | Training | Y |" name="Given As a user I see login page of LMS" time="0"/>
  <testcase classname="| DP:SUPER.USERNAME | DP:SUPER.PASSWORD | DP:TRAININGASSIGNMENTS.TRAININGNAME1 | DP:NAMEVALIDATION.LOWERCASE | DP:NAMEVALIDATION.UPPERCASE | DP:NAMEVALIDATION.MINCHAR | DP:NAMEVALIDATION.MAXCHAR | DP:NAMEVALIDATION.NUMERICDIGIT | DP:NAMEVALIDATION.SPECIALCHARACTER | DP:NAMEVALIDATION.UPPERLOWER | DP:NAMEVALIDATION.UPPERLOWERNUMERIC | DP:NAMEVALIDATION.UPPERLOWERNUMERICSPECIAL | ! | N | SAM Assignments | Training | Y |" name="And I enter DP:SUPER.USERNAME N Username in LMS login page" time="0"/>
  <testcase classname="| DP:SUPER.USERNAME | DP:SUPER.PASSWORD | DP:TRAININGASSIGNMENTS.TRAININGNAME1 | DP:NAMEVALIDATION.LOWERCASE | DP:NAMEVALIDATION.UPPERCASE | DP:NAMEVALIDATION.MINCHAR | DP:NAMEVALIDATION.MAXCHAR | DP:NAMEVALIDATION.NUMERICDIGIT | DP:NAMEVALIDATION.SPECIALCHARACTER | DP:NAMEVALIDATION.UPPERLOWER | DP:NAMEVALIDATION.UPPERLOWERNUMERIC | DP:NAMEVALIDATION.UPPERLOWERNUMERICSPECIAL | ! | N | SAM Assignments | Training | Y |" name="And I enter DP:SUPER.PASSWORD Password in LMS login page" time="0"/>
  <testcase classname="| DP:SUPER.USERNAME | DP:SUPER.PASSWORD | DP:TRAININGASSIGNMENTS.TRAININGNAME1 | DP:NAMEVALIDATION.LOWERCASE | DP:NAMEVALIDATION.UPPERCASE | DP:NAMEVALIDATION.MINCHAR | DP:NAMEVALIDATION.MAXCHAR | DP:NAMEVALIDATION.NUMERICDIGIT | DP:NAMEVALIDATION.SPECIALCHARACTER | DP:NAMEVALIDATION.UPPERLOWER | DP:NAMEVALIDATION.UPPERLOWERNUMERIC | DP:NAMEVALIDATION.UPPERLOWERNUMERICSPECIAL | ! | N | SAM Assignments | Training | Y |" name="And I click on Log In button" time="0"/>
  <testcase classname="| DP:SUPER.USERNAME | DP:SUPER.PASSWORD | DP:TRAININGASSIGNMENTS.TRAININGNAME1 | DP:NAMEVALIDATION.LOWERCASE | DP:NAMEVALIDATION.UPPERCASE | DP:NAMEVALIDATION.MINCHAR | DP:NAMEVALIDATION.MAXCHAR | DP:NAMEVALIDATION.NUMERICDIGIT | DP:NAMEVALIDATION.SPECIALCHARACTER | DP:NAMEVALIDATION.UPPERLOWER | DP:NAMEVALIDATION.UPPERLOWERNUMERIC | DP:NAMEVALIDATION.UPPERLOWERNUMERICSPECIAL | ! | N | SAM Assignments | Training | Y |" name="And I see home page of LMS" time="0"/>
  <testcase classname="| DP:SUPER.USERNAME | DP:SUPER.PASSWORD | DP:TRAININGASSIGNMENTS.TRAININGNAME1 | DP:NAMEVALIDATION.LOWERCASE | DP:NAMEVALIDATION.UPPERCASE | DP:NAMEVALIDATION.MINCHAR | DP:NAMEVALIDATION.MAXCHAR | DP:NAMEVALIDATION.NUMERICDIGIT | DP:NAMEVALIDATION.SPECIALCHARACTER | DP:NAMEVALIDATION.UPPERLOWER | DP:NAMEVALIDATION.UPPERLOWERNUMERIC | DP:NAMEVALIDATION.UPPERLOWERNUMERICSPECIAL | ! | N | SAM Assignments | Training | Y |" name="And I click on SAM Assignments tab" time="0"/>
  <testcase classname="| DP:SUPER.USERNAME | DP:SUPER.PASSWORD | DP:TRAININGASSIGNMENTS.TRAININGNAME1 | DP:NAMEVALIDATION.LOWERCASE | DP:NAMEVALIDATION.UPPERCASE | DP:NAMEVALIDATION.MINCHAR | DP:NAMEVALIDATION.MAXCHAR | DP:NAMEVALIDATION.NUMERICDIGIT | DP:NAMEVALIDATION.SPECIALCHARACTER | DP:NAMEVALIDATION.UPPERLOWER | DP:NAMEVALIDATION.UPPERLOWERNUMERIC | DP:NAMEVALIDATION.UPPERLOWERNUMERICSPECIAL | ! | N | SAM Assignments | Training | Y |" name="And I click on Training tab" time="0"/>
  <testcase classname="| DP:SUPER.USERNAME | DP:SUPER.PASSWORD | DP:TRAININGASSIGNMENTS.TRAININGNAME1 | DP:NAMEVALIDATION.LOWERCASE | DP:NAMEVALIDATION.UPPERCASE | DP:NAMEVALIDATION.MINCHAR | DP:NAMEVALIDATION.MAXCHAR | DP:NAMEVALIDATION.NUMERICDIGIT | DP:NAMEVALIDATION.SPECIALCHARACTER | DP:NAMEVALIDATION.UPPERLOWER | DP:NAMEVALIDATION.UPPERLOWERNUMERIC | DP:NAMEVALIDATION.UPPERLOWERNUMERICSPECIAL | ! | N | SAM Assignments | Training | Y |" name="And I click on Add Training button" time="0"/>
  <testcase classname="| DP:SUPER.USERNAME | DP:SUPER.PASSWORD | DP:TRAININGASSIGNMENTS.TRAININGNAME1 | DP:NAMEVALIDATION.LOWERCASE | DP:NAMEVALIDATION.UPPERCASE | DP:NAMEVALIDATION.MINCHAR | DP:NAMEVALIDATION.MAXCHAR | DP:NAMEVALIDATION.NUMERICDIGIT | DP:NAMEVALIDATION.SPECIALCHARACTER | DP:NAMEVALIDATION.UPPERLOWER | DP:NAMEVALIDATION.UPPERLOWERNUMERIC | DP:NAMEVALIDATION.UPPERLOWERNUMERICSPECIAL | ! | N | SAM Assignments | Training | Y |" name="And I enter ! DP:NAMEVALIDATION.MINCHAR AssignmentName in Exam Name: DP:NAMEVALIDATION.LOWERCASE\u002C DP:NAMEVALIDATION.UPPERCASE\u002C DP:NAMEVALIDATION.NUMERICDIGIT\u002C DP:NAMEVALIDATION.SPECIALCHARACTER\u002C DP:NAMEVALIDATION.UPPERLOWER\u002CDP:NAMEVALIDATION.UPPERLOWERNUMERIC\u002C DP:NAMEVALIDATION.UPPERLOWERNUMERICSPECIAL\u002C DP:NAMEVALIDATION.MAXCHAR\u002C !\u002C DP:NAMEVALIDATION.MINCHAR" time="0"/>
  <testcase classname="| DP:SUPER.USERNAME | DP:SUPER.PASSWORD | DP:TRAININGASSIGNMENTS.TRAININGNAME1 | DP:NAMEVALIDATION.LOWERCASE | DP:NAMEVALIDATION.UPPERCASE | DP:NAMEVALIDATION.MINCHAR | DP:NAMEVALIDATION.MAXCHAR | DP:NAMEVALIDATION.NUMERICDIGIT | DP:NAMEVALIDATION.SPECIALCHARACTER | DP:NAMEVALIDATION.UPPERLOWER | DP:NAMEVALIDATION.UPPERLOWERNUMERIC | DP:NAMEVALIDATION.UPPERLOWERNUMERICSPECIAL | ! | N | SAM Assignments | Training | Y |" name="And I click on Training tab" time="0"/>
  <testcase classname="| DP:SUPER.USERNAME | DP:SUPER.PASSWORD | DP:TRAININGASSIGNMENTS.TRAININGNAME1 | DP:NAMEVALIDATION.LOWERCASE | DP:NAMEVALIDATION.UPPERCASE | DP:NAMEVALIDATION.MINCHAR | DP:NAMEVALIDATION.MAXCHAR | DP:NAMEVALIDATION.NUMERICDIGIT | DP:NAMEVALIDATION.SPECIALCHARACTER | DP:NAMEVALIDATION.UPPERLOWER | DP:NAMEVALIDATION.UPPERLOWERNUMERIC | DP:NAMEVALIDATION.UPPERLOWERNUMERICSPECIAL | ! | N | SAM Assignments | Training | Y |" name="And I see DP:TRAININGASSIGNMENTS.TRAININGNAME1 Y in Exams page" time="0"/>
  <testcase classname="| DP:SUPER.USERNAME | DP:SUPER.PASSWORD | DP:TRAININGASSIGNMENTS.TRAININGNAME1 | DP:NAMEVALIDATION.LOWERCASE | DP:NAMEVALIDATION.UPPERCASE | DP:NAMEVALIDATION.MINCHAR | DP:NAMEVALIDATION.MAXCHAR | DP:NAMEVALIDATION.NUMERICDIGIT | DP:NAMEVALIDATION.SPECIALCHARACTER | DP:NAMEVALIDATION.UPPERLOWER | DP:NAMEVALIDATION.UPPERLOWERNUMERIC | DP:NAMEVALIDATION.UPPERLOWERNUMERICSPECIAL | ! | N | SAM Assignments | Training | Y |" name="And I click on DP:TRAININGASSIGNMENTS.TRAININGNAME1 Y Schedule icon" time="0"/>
  <testcase classname="| DP:SUPER.USERNAME | DP:SUPER.PASSWORD | DP:TRAININGASSIGNMENTS.TRAININGNAME1 | DP:NAMEVALIDATION.LOWERCASE | DP:NAMEVALIDATION.UPPERCASE | DP:NAMEVALIDATION.MINCHAR | DP:NAMEVALIDATION.MAXCHAR | DP:NAMEVALIDATION.NUMERICDIGIT | DP:NAMEVALIDATION.SPECIALCHARACTER | DP:NAMEVALIDATION.UPPERLOWER | DP:NAMEVALIDATION.UPPERLOWERNUMERIC | DP:NAMEVALIDATION.UPPERLOWERNUMERICSPECIAL | ! | N | SAM Assignments | Training | Y |" name="And I enter ! DP:NAMEVALIDATION.MINCHAR AssignmentName: DP:NAMEVALIDATION.LOWERCASE\u002C DP:NAMEVALIDATION.UPPERCASE\u002C DP:NAMEVALIDATION.NUMERICDIGIT\u002C DP:NAMEVALIDATION.SPECIALCHARACTER\u002C DP:NAMEVALIDATION.UPPERLOWER\u002CDP:NAMEVALIDATION.UPPERLOWERNUMERIC\u002C DP:NAMEVALIDATION.UPPERLOWERNUMERICSPECIAL\u002C DP:NAMEVALIDATION.MAXCHAR\u002C !\u002C DP:NAMEVALIDATION.MINCHAR" time="0"/>
  <testcase classname="| DP:SUPER.USERNAME | DP:SUPER.PASSWORD | DP:TRAININGASSIGNMENTS.TRAININGNAME1 | DP:NAMEVALIDATION.LOWERCASE | DP:NAMEVALIDATION.UPPERCASE | DP:NAMEVALIDATION.MINCHAR | DP:NAMEVALIDATION.MAXCHAR | DP:NAMEVALIDATION.NUMERICDIGIT | DP:NAMEVALIDATION.SPECIALCHARACTER | DP:NAMEVALIDATION.UPPERLOWER | DP:NAMEVALIDATION.UPPERLOWERNUMERIC | DP:NAMEVALIDATION.UPPERLOWERNUMERICSPECIAL | ! | N | SAM Assignments | Training | Y |" name="And I click on Training tab" time="0"/>
  <testcase classname="| DP:SUPER.USERNAME | DP:SUPER.PASSWORD | DP:TRAININGASSIGNMENTS.TRAININGNAME1 | DP:NAMEVALIDATION.LOWERCASE | DP:NAMEVALIDATION.UPPERCASE | DP:NAMEVALIDATION.MINCHAR | DP:NAMEVALIDATION.MAXCHAR | DP:NAMEVALIDATION.NUMERICDIGIT | DP:NAMEVALIDATION.SPECIALCHARACTER | DP:NAMEVALIDATION.UPPERLOWER | DP:NAMEVALIDATION.UPPERLOWERNUMERIC | DP:NAMEVALIDATION.UPPERLOWERNUMERICSPECIAL | ! | N | SAM Assignments | Training | Y |" name="And I see DP:TRAININGASSIGNMENTS.TRAININGNAME1 Y in Exams page" time="0"/>
  <testcase classname="| DP:SUPER.USERNAME | DP:SUPER.PASSWORD | DP:TRAININGASSIGNMENTS.TRAININGNAME1 | DP:NAMEVALIDATION.LOWERCASE | DP:NAMEVALIDATION.UPPERCASE | DP:NAMEVALIDATION.MINCHAR | DP:NAMEVALIDATION.MAXCHAR | DP:NAMEVALIDATION.NUMERICDIGIT | DP:NAMEVALIDATION.SPECIALCHARACTER | DP:NAMEVALIDATION.UPPERLOWER | DP:NAMEVALIDATION.UPPERLOWERNUMERIC | DP:NAMEVALIDATION.UPPERLOWERNUMERICSPECIAL | ! | N | SAM Assignments | Training | Y |" name="When I click on Schedule Individual Student Assignment icon" time="0"/>
  <testcase classname="| DP:SUPER.USERNAME | DP:SUPER.PASSWORD | DP:TRAININGASSIGNMENTS.TRAININGNAME1 | DP:NAMEVALIDATION.LOWERCASE | DP:NAMEVALIDATION.UPPERCASE | DP:NAMEVALIDATION.MINCHAR | DP:NAMEVALIDATION.MAXCHAR | DP:NAMEVALIDATION.NUMERICDIGIT | DP:NAMEVALIDATION.SPECIALCHARACTER | DP:NAMEVALIDATION.UPPERLOWER | DP:NAMEVALIDATION.UPPERLOWERNUMERIC | DP:NAMEVALIDATION.UPPERLOWERNUMERICSPECIAL | ! | N | SAM Assignments | Training | Y |" name="Then I enter ! DP:NAMEVALIDATION.MINCHAR AssignmentName: DP:NAMEVALIDATION.LOWERCASE\u002C DP:NAMEVALIDATION.UPPERCASE\u002C DP:NAMEVALIDATION.NUMERICDIGIT\u002C DP:NAMEVALIDATION.SPECIALCHARACTER\u002C DP:NAMEVALIDATION.UPPERLOWER\u002CDP:NAMEVALIDATION.UPPERLOWERNUMERIC\u002C DP:NAMEVALIDATION.UPPERLOWERNUMERICSPECIAL\u002C DP:NAMEVALIDATION.MAXCHAR\u002C !\u002C DP:NAMEVALIDATION.MINCHAR" time="0"/>
  <testcase classname="| DP:SUPER.USERNAME | DP:SUPER.PASSWORD | DP:TRAININGASSIGNMENTS.TRAININGNAME1 | DP:NAMEVALIDATION.LOWERCASE | DP:NAMEVALIDATION.UPPERCASE | DP:NAMEVALIDATION.MINCHAR | DP:NAMEVALIDATION.MAXCHAR | DP:NAMEVALIDATION.NUMERICDIGIT | DP:NAMEVALIDATION.SPECIALCHARACTER | DP:NAMEVALIDATION.UPPERLOWER | DP:NAMEVALIDATION.UPPERLOWERNUMERIC | DP:NAMEVALIDATION.UPPERLOWERNUMERICSPECIAL | ! | N | SAM Assignments | Training | Y |" name="And I click on Logout button" time="0"/>
  <testcase classname="| DP:SUPER.USERNAME | DP:SUPER.PASSWORD | DP:TRAININGASSIGNMENTS.TRAININGNAME1 | DP:NAMEVALIDATION.LOWERCASE | DP:NAMEVALIDATION.UPPERCASE | DP:NAMEVALIDATION.MINCHAR | DP:NAMEVALIDATION.MAXCHAR | DP:NAMEVALIDATION.NUMERICDIGIT | DP:NAMEVALIDATION.SPECIALCHARACTER | DP:NAMEVALIDATION.UPPERLOWER | DP:NAMEVALIDATION.UPPERLOWERNUMERIC | DP:NAMEVALIDATION.UPPERLOWERNUMERICSPECIAL | ! | N | SAM Assignments | Training | Y |" name="| DP:SUPER.USERNAME | DP:SUPER.PASSWORD | DP:TRAININGASSIGNMENTS.TRAININGNAME1 | DP:NAMEVALIDATION.LOWERCASE | DP:NAMEVALIDATION.UPPERCASE | DP:NAMEVALIDATION.MINCHAR | DP:NAMEVALIDATION.MAXCHAR | DP:NAMEVALIDATION.NUMERICDIGIT | DP:NAMEVALIDATION.SPECIALCHARACTER | DP:NAMEVALIDATION.UPPERLOWER | DP:NAMEVALIDATION.UPPERLOWERNUMERIC | DP:NAMEVALIDATION.UPPERLOWERNUMERICSPECIAL | ! | N | SAM Assignments | Training | Y |" time="0"/>
  <testcase classname="| DP:SUPER.USERNAME | DP:SUPER.PASSWORD | N | DP:PROJECTASSIGNMENTS.PROJECTNAME | SAM Assignments | DP:PROJECTASSIGNMENTS.PROJECTUNITS | Projects | DP:PROJECTASSIGNMENTS.PROJECTBOOK | DP:PROJECTASSIGNMENTS.PROJECTSUBJECT |  | N | DP:NAMEVALIDATION.LOWERCASE | DP:NAMEVALIDATION.UPPERCASE | DP:NAMEVALIDATION.MINCHAR | DP:NAMEVALIDATION.MAXCHAR | DP:NAMEVALIDATION.NUMERICDIGIT | DP:NAMEVALIDATION.SPECIALCHARACTER | DP:NAMEVALIDATION.UPPERLOWER | DP:NAMEVALIDATION.UPPERLOWERNUMERIC | DP:NAMEVALIDATION.UPPERLOWERNUMERICSPECIAL | ! |" name="Given As a user I see login page of LMS" time="0"/>
  <testcase classname="| DP:SUPER.USERNAME | DP:SUPER.PASSWORD | N | DP:PROJECTASSIGNMENTS.PROJECTNAME | SAM Assignments | DP:PROJECTASSIGNMENTS.PROJECTUNITS | Projects | DP:PROJECTASSIGNMENTS.PROJECTBOOK | DP:PROJECTASSIGNMENTS.PROJECTSUBJECT |  | N | DP:NAMEVALIDATION.LOWERCASE | DP:NAMEVALIDATION.UPPERCASE | DP:NAMEVALIDATION.MINCHAR | DP:NAMEVALIDATION.MAXCHAR | DP:NAMEVALIDATION.NUMERICDIGIT | DP:NAMEVALIDATION.SPECIALCHARACTER | DP:NAMEVALIDATION.UPPERLOWER | DP:NAMEVALIDATION.UPPERLOWERNUMERIC | DP:NAMEVALIDATION.UPPERLOWERNUMERICSPECIAL | ! |" name="And I enter DP:SUPER.USERNAME N Username in LMS login page" time="0"/>
  <testcase classname="| DP:SUPER.USERNAME | DP:SUPER.PASSWORD | N | DP:PROJECTASSIGNMENTS.PROJECTNAME | SAM Assignments | DP:PROJECTASSIGNMENTS.PROJECTUNITS | Projects | DP:PROJECTASSIGNMENTS.PROJECTBOOK | DP:PROJECTASSIGNMENTS.PROJECTSUBJECT |  | N | DP:NAMEVALIDATION.LOWERCASE | DP:NAMEVALIDATION.UPPERCASE | DP:NAMEVALIDATION.MINCHAR | DP:NAMEVALIDATION.MAXCHAR | DP:NAMEVALIDATION.NUMERICDIGIT | DP:NAMEVALIDATION.SPECIALCHARACTER | DP:NAMEVALIDATION.UPPERLOWER | DP:NAMEVALIDATION.UPPERLOWERNUMERIC | DP:NAMEVALIDATION.UPPERLOWERNUMERICSPECIAL | ! |" name="And I enter DP:SUPER.PASSWORD Password in LMS login page" time="0"/>
  <testcase classname="| DP:SUPER.USERNAME | DP:SUPER.PASSWORD | N | DP:PROJECTASSIGNMENTS.PROJECTNAME | SAM Assignments | DP:PROJECTASSIGNMENTS.PROJECTUNITS | Projects | DP:PROJECTASSIGNMENTS.PROJECTBOOK | DP:PROJECTASSIGNMENTS.PROJECTSUBJECT |  | N | DP:NAMEVALIDATION.LOWERCASE | DP:NAMEVALIDATION.UPPERCASE | DP:NAMEVALIDATION.MINCHAR | DP:NAMEVALIDATION.MAXCHAR | DP:NAMEVALIDATION.NUMERICDIGIT | DP:NAMEVALIDATION.SPECIALCHARACTER | DP:NAMEVALIDATION.UPPERLOWER | DP:NAMEVALIDATION.UPPERLOWERNUMERIC | DP:NAMEVALIDATION.UPPERLOWERNUMERICSPECIAL | ! |" name="And I click on Log In button" time="0"/>
  <testcase classname="| DP:SUPER.USERNAME | DP:SUPER.PASSWORD | N | DP:PROJECTASSIGNMENTS.PROJECTNAME | SAM Assignments | DP:PROJECTASSIGNMENTS.PROJECTUNITS | Projects | DP:PROJECTASSIGNMENTS.PROJECTBOOK | DP:PROJECTASSIGNMENTS.PROJECTSUBJECT |  | N | DP:NAMEVALIDATION.LOWERCASE | DP:NAMEVALIDATION.UPPERCASE | DP:NAMEVALIDATION.MINCHAR | DP:NAMEVALIDATION.MAXCHAR | DP:NAMEVALIDATION.NUMERICDIGIT | DP:NAMEVALIDATION.SPECIALCHARACTER | DP:NAMEVALIDATION.UPPERLOWER | DP:NAMEVALIDATION.UPPERLOWERNUMERIC | DP:NAMEVALIDATION.UPPERLOWERNUMERICSPECIAL | ! |" name="And I see home page of LMS" time="0"/>
  <testcase classname="| DP:SUPER.USERNAME | DP:SUPER.PASSWORD | N | DP:PROJECTASSIGNMENTS.PROJECTNAME | SAM Assignments | DP:PROJECTASSIGNMENTS.PROJECTUNITS | Projects | DP:PROJECTASSIGNMENTS.PROJECTBOOK | DP:PROJECTASSIGNMENTS.PROJECTSUBJECT |  | N | DP:NAMEVALIDATION.LOWERCASE | DP:NAMEVALIDATION.UPPERCASE | DP:NAMEVALIDATION.MINCHAR | DP:NAMEVALIDATION.MAXCHAR | DP:NAMEVALIDATION.NUMERICDIGIT | DP:NAMEVALIDATION.SPECIALCHARACTER | DP:NAMEVALIDATION.UPPERLOWER | DP:NAMEVALIDATION.UPPERLOWERNUMERIC | DP:NAMEVALIDATION.UPPERLOWERNUMERICSPECIAL | ! |" name="And I click on SAM Assignments tab" time="0"/>
  <testcase classname="| DP:SUPER.USERNAME | DP:SUPER.PASSWORD | N | DP:PROJECTASSIGNMENTS.PROJECTNAME | SAM Assignments | DP:PROJECTASSIGNMENTS.PROJECTUNITS | Projects | DP:PROJECTASSIGNMENTS.PROJECTBOOK | DP:PROJECTASSIGNMENTS.PROJECTSUBJECT |  | N | DP:NAMEVALIDATION.LOWERCASE | DP:NAMEVALIDATION.UPPERCASE | DP:NAMEVALIDATION.MINCHAR | DP:NAMEVALIDATION.MAXCHAR | DP:NAMEVALIDATION.NUMERICDIGIT | DP:NAMEVALIDATION.SPECIALCHARACTER | DP:NAMEVALIDATION.UPPERLOWER | DP:NAMEVALIDATION.UPPERLOWERNUMERIC | DP:NAMEVALIDATION.UPPERLOWERNUMERICSPECIAL | ! |" name="And I click on Projects tab" time="0"/>
  <testcase classname="| DP:SUPER.USERNAME | DP:SUPER.PASSWORD | N | DP:PROJECTASSIGNMENTS.PROJECTNAME | SAM Assignments | DP:PROJECTASSIGNMENTS.PROJECTUNITS | Projects | DP:PROJECTASSIGNMENTS.PROJECTBOOK | DP:PROJECTASSIGNMENTS.PROJECTSUBJECT |  | N | DP:NAMEVALIDATION.LOWERCASE | DP:NAMEVALIDATION.UPPERCASE | DP:NAMEVALIDATION.MINCHAR | DP:NAMEVALIDATION.MAXCHAR | DP:NAMEVALIDATION.NUMERICDIGIT | DP:NAMEVALIDATION.SPECIALCHARACTER | DP:NAMEVALIDATION.UPPERLOWER | DP:NAMEVALIDATION.UPPERLOWERNUMERIC | DP:NAMEVALIDATION.UPPERLOWERNUMERICSPECIAL | ! |" name="And I select DP:PROJECTASSIGNMENTS.PROJECTBOOK in Textbook drop down" time="0"/>
  <testcase classname="| DP:SUPER.USERNAME | DP:SUPER.PASSWORD | N | DP:PROJECTASSIGNMENTS.PROJECTNAME | SAM Assignments | DP:PROJECTASSIGNMENTS.PROJECTUNITS | Projects | DP:PROJECTASSIGNMENTS.PROJECTBOOK | DP:PROJECTASSIGNMENTS.PROJECTSUBJECT |  | N | DP:NAMEVALIDATION.LOWERCASE | DP:NAMEVALIDATION.UPPERCASE | DP:NAMEVALIDATION.MINCHAR | DP:NAMEVALIDATION.MAXCHAR | DP:NAMEVALIDATION.NUMERICDIGIT | DP:NAMEVALIDATION.SPECIALCHARACTER | DP:NAMEVALIDATION.UPPERLOWER | DP:NAMEVALIDATION.UPPERLOWERNUMERIC | DP:NAMEVALIDATION.UPPERLOWERNUMERICSPECIAL | ! |" name="And I select DP:PROJECTASSIGNMENTS.PROJECTUNITS in Unit drop down in Projects page" time="0"/>
  <testcase classname="| DP:SUPER.USERNAME | DP:SUPER.PASSWORD | N | DP:PROJECTASSIGNMENTS.PROJECTNAME | SAM Assignments | DP:PROJECTASSIGNMENTS.PROJECTUNITS | Projects | DP:PROJECTASSIGNMENTS.PROJECTBOOK | DP:PROJECTASSIGNMENTS.PROJECTSUBJECT |  | N | DP:NAMEVALIDATION.LOWERCASE | DP:NAMEVALIDATION.UPPERCASE | DP:NAMEVALIDATION.MINCHAR | DP:NAMEVALIDATION.MAXCHAR | DP:NAMEVALIDATION.NUMERICDIGIT | DP:NAMEVALIDATION.SPECIALCHARACTER | DP:NAMEVALIDATION.UPPERLOWER | DP:NAMEVALIDATION.UPPERLOWERNUMERIC | DP:NAMEVALIDATION.UPPERLOWERNUMERICSPECIAL | ! |" name="And I click on DP:PROJECTASSIGNMENTS.PROJECTNAME N Schedule icon" time="0"/>
  <testcase classname="| DP:SUPER.USERNAME | DP:SUPER.PASSWORD | N | DP:PROJECTASSIGNMENTS.PROJECTNAME | SAM Assignments | DP:PROJECTASSIGNMENTS.PROJECTUNITS | Projects | DP:PROJECTASSIGNMENTS.PROJECTBOOK | DP:PROJECTASSIGNMENTS.PROJECTSUBJECT |  | N | DP:NAMEVALIDATION.LOWERCASE | DP:NAMEVALIDATION.UPPERCASE | DP:NAMEVALIDATION.MINCHAR | DP:NAMEVALIDATION.MAXCHAR | DP:NAMEVALIDATION.NUMERICDIGIT | DP:NAMEVALIDATION.SPECIALCHARACTER | DP:NAMEVALIDATION.UPPERLOWER | DP:NAMEVALIDATION.UPPERLOWERNUMERIC | DP:NAMEVALIDATION.UPPERLOWERNUMERICSPECIAL | ! |" name="And I enter ! DP:NAMEVALIDATION.MINCHAR AssignmentName: DP:NAMEVALIDATION.LOWERCASE\u002C DP:NAMEVALIDATION.UPPERCASE\u002C DP:NAMEVALIDATION.NUMERICDIGIT\u002C DP:NAMEVALIDATION.SPECIALCHARACTER\u002C DP:NAMEVALIDATION.UPPERLOWER\u002CDP:NAMEVALIDATION.UPPERLOWERNUMERIC\u002C DP:NAMEVALIDATION.UPPERLOWERNUMERICSPECIAL\u002C DP:NAMEVALIDATION.MAXCHAR\u002C !\u002C DP:NAMEVALIDATION.MINCHAR" time="0"/>
  <testcase classname="| DP:SUPER.USERNAME | DP:SUPER.PASSWORD | N | DP:PROJECTASSIGNMENTS.PROJECTNAME | SAM Assignments | DP:PROJECTASSIGNMENTS.PROJECTUNITS | Projects | DP:PROJECTASSIGNMENTS.PROJECTBOOK | DP:PROJECTASSIGNMENTS.PROJECTSUBJECT |  | N | DP:NAMEVALIDATION.LOWERCASE | DP:NAMEVALIDATION.UPPERCASE | DP:NAMEVALIDATION.MINCHAR | DP:NAMEVALIDATION.MAXCHAR | DP:NAMEVALIDATION.NUMERICDIGIT | DP:NAMEVALIDATION.SPECIALCHARACTER | DP:NAMEVALIDATION.UPPERLOWER | DP:NAMEVALIDATION.UPPERLOWERNUMERIC | DP:NAMEVALIDATION.UPPERLOWERNUMERICSPECIAL | ! |" name="And I click on Projects tab" time="0"/>
  <testcase classname="| DP:SUPER.USERNAME | DP:SUPER.PASSWORD | N | DP:PROJECTASSIGNMENTS.PROJECTNAME | SAM Assignments | DP:PROJECTASSIGNMENTS.PROJECTUNITS | Projects | DP:PROJECTASSIGNMENTS.PROJECTBOOK | DP:PROJECTASSIGNMENTS.PROJECTSUBJECT |  | N | DP:NAMEVALIDATION.LOWERCASE | DP:NAMEVALIDATION.UPPERCASE | DP:NAMEVALIDATION.MINCHAR | DP:NAMEVALIDATION.MAXCHAR | DP:NAMEVALIDATION.NUMERICDIGIT | DP:NAMEVALIDATION.SPECIALCHARACTER | DP:NAMEVALIDATION.UPPERLOWER | DP:NAMEVALIDATION.UPPERLOWERNUMERIC | DP:NAMEVALIDATION.UPPERLOWERNUMERICSPECIAL | ! |" name="And I select DP:PROJECTASSIGNMENTS.PROJECTBOOK in Textbook drop down" time="0"/>
  <testcase classname="| DP:SUPER.USERNAME | DP:SUPER.PASSWORD | N | DP:PROJECTASSIGNMENTS.PROJECTNAME | SAM Assignments | DP:PROJECTASSIGNMENTS.PROJECTUNITS | Projects | DP:PROJECTASSIGNMENTS.PROJECTBOOK | DP:PROJECTASSIGNMENTS.PROJECTSUBJECT |  | N | DP:NAMEVALIDATION.LOWERCASE | DP:NAMEVALIDATION.UPPERCASE | DP:NAMEVALIDATION.MINCHAR | DP:NAMEVALIDATION.MAXCHAR | DP:NAMEVALIDATION.NUMERICDIGIT | DP:NAMEVALIDATION.SPECIALCHARACTER | DP:NAMEVALIDATION.UPPERLOWER | DP:NAMEVALIDATION.UPPERLOWERNUMERIC | DP:NAMEVALIDATION.UPPERLOWERNUMERICSPECIAL | ! |" name="And I select DP:PROJECTASSIGNMENTS.PROJECTUNITS in Unit drop down in Projects page" time="0"/>
  <testcase classname="| DP:SUPER.USERNAME | DP:SUPER.PASSWORD | N | DP:PROJECTASSIGNMENTS.PROJECTNAME | SAM Assignments | DP:PROJECTASSIGNMENTS.PROJECTUNITS | Projects | DP:PROJECTASSIGNMENTS.PROJECTBOOK | DP:PROJECTASSIGNMENTS.PROJECTSUBJECT |  | N | DP:NAMEVALIDATION.LOWERCASE | DP:NAMEVALIDATION.UPPERCASE | DP:NAMEVALIDATION.MINCHAR | DP:NAMEVALIDATION.MAXCHAR | DP:NAMEVALIDATION.NUMERICDIGIT | DP:NAMEVALIDATION.SPECIALCHARACTER | DP:NAMEVALIDATION.UPPERLOWER | DP:NAMEVALIDATION.UPPERLOWERNUMERIC | DP:NAMEVALIDATION.UPPERLOWERNUMERICSPECIAL | ! |" name="When I click on Schedule Individual Student Assignment icon" time="0"/>
  <testcase classname="| DP:SUPER.USERNAME | DP:SUPER.PASSWORD | N | DP:PROJECTASSIGNMENTS.PROJECTNAME | SAM Assignments | DP:PROJECTASSIGNMENTS.PROJECTUNITS | Projects | DP:PROJECTASSIGNMENTS.PROJECTBOOK | DP:PROJECTASSIGNMENTS.PROJECTSUBJECT |  | N | DP:NAMEVALIDATION.LOWERCASE | DP:NAMEVALIDATION.UPPERCASE | DP:NAMEVALIDATION.MINCHAR | DP:NAMEVALIDATION.MAXCHAR | DP:NAMEVALIDATION.NUMERICDIGIT | DP:NAMEVALIDATION.SPECIALCHARACTER | DP:NAMEVALIDATION.UPPERLOWER | DP:NAMEVALIDATION.UPPERLOWERNUMERIC | DP:NAMEVALIDATION.UPPERLOWERNUMERICSPECIAL | ! |" name="Then I enter ! DP:NAMEVALIDATION.MINCHAR AssignmentName: DP:NAMEVALIDATION.LOWERCASE\u002C DP:NAMEVALIDATION.UPPERCASE\u002C DP:NAMEVALIDATION.NUMERICDIGIT\u002C DP:NAMEVALIDATION.SPECIALCHARACTER\u002C DP:NAMEVALIDATION.UPPERLOWER\u002CDP:NAMEVALIDATION.UPPERLOWERNUMERIC\u002C DP:NAMEVALIDATION.UPPERLOWERNUMERICSPECIAL\u002C DP:NAMEVALIDATION.MAXCHAR\u002C !\u002C DP:NAMEVALIDATION.MINCHAR" time="0"/>
  <testcase classname="| DP:SUPER.USERNAME | DP:SUPER.PASSWORD | N | DP:PROJECTASSIGNMENTS.PROJECTNAME | SAM Assignments | DP:PROJECTASSIGNMENTS.PROJECTUNITS | Projects | DP:PROJECTASSIGNMENTS.PROJECTBOOK | DP:PROJECTASSIGNMENTS.PROJECTSUBJECT |  | N | DP:NAMEVALIDATION.LOWERCASE | DP:NAMEVALIDATION.UPPERCASE | DP:NAMEVALIDATION.MINCHAR | DP:NAMEVALIDATION.MAXCHAR | DP:NAMEVALIDATION.NUMERICDIGIT | DP:NAMEVALIDATION.SPECIALCHARACTER | DP:NAMEVALIDATION.UPPERLOWER | DP:NAMEVALIDATION.UPPERLOWERNUMERIC | DP:NAMEVALIDATION.UPPERLOWERNUMERICSPECIAL | ! |" name="And I click on Logout button" time="0"/>
  <testcase classname="| DP:SUPER.USERNAME | DP:SUPER.PASSWORD | N | DP:PROJECTASSIGNMENTS.PROJECTNAME | SAM Assignments | DP:PROJECTASSIGNMENTS.PROJECTUNITS | Projects | DP:PROJECTASSIGNMENTS.PROJECTBOOK | DP:PROJECTASSIGNMENTS.PROJECTSUBJECT |  | N | DP:NAMEVALIDATION.LOWERCASE | DP:NAMEVALIDATION.UPPERCASE | DP:NAMEVALIDATION.MINCHAR | DP:NAMEVALIDATION.MAXCHAR | DP:NAMEVALIDATION.NUMERICDIGIT | DP:NAMEVALIDATION.SPECIALCHARACTER | DP:NAMEVALIDATION.UPPERLOWER | DP:NAMEVALIDATION.UPPERLOWERNUMERIC | DP:NAMEVALIDATION.UPPERLOWERNUMERICSPECIAL | ! |" name="| DP:SUPER.USERNAME | DP:SUPER.PASSWORD | N | DP:PROJECTASSIGNMENTS.PROJECTNAME | SAM Assignments | DP:PROJECTASSIGNMENTS.PROJECTUNITS | Projects | DP:PROJECTASSIGNMENTS.PROJECTBOOK | DP:PROJECTASSIGNMENTS.PROJECTSUBJECT |  | N | DP:NAMEVALIDATION.LOWERCASE | DP:NAMEVALIDATION.UPPERCASE | DP:NAMEVALIDATION.MINCHAR | DP:NAMEVALIDATION.MAXCHAR | DP:NAMEVALIDATION.NUMERICDIGIT | DP:NAMEVALIDATION.SPECIALCHARACTER | DP:NAMEVALIDATION.UPPERLOWER | DP:NAMEVALIDATION.UPPERLOWERNUMERIC | DP:NAMEVALIDATION.UPPERLOWERNUMERICSPECIAL | ! |" time="0"/>
  <testcase classname="| DP:SUPER.USERNAME | DP:SUPER.PASSWORD | N | SAM Assignments | Exams | DP:EXAMASSIGNMENTS.EXAMNAME2 | Y | DP:NAMEVALIDATION.LOWERCASE | DP:NAMEVALIDATION.UPPERCASE | DP:NAMEVALIDATION.MINCHAR | DP:NAMEVALIDATION.MAXCHAR | DP:NAMEVALIDATION.NUMERICDIGIT | DP:NAMEVALIDATION.SPECIALCHARACTER | DP:NAMEVALIDATION.UPPERLOWER | DP:NAMEVALIDATION.UPPERLOWERNUMERIC | DP:NAMEVALIDATION.UPPERLOWERNUMERICSPECIAL | ! |" name="Given As a user I see login page of LMS" time="0"/>
  <testcase classname="| DP:SUPER.USERNAME | DP:SUPER.PASSWORD | N | SAM Assignments | Exams | DP:EXAMASSIGNMENTS.EXAMNAME2 | Y | DP:NAMEVALIDATION.LOWERCASE | DP:NAMEVALIDATION.UPPERCASE | DP:NAMEVALIDATION.MINCHAR | DP:NAMEVALIDATION.MAXCHAR | DP:NAMEVALIDATION.NUMERICDIGIT | DP:NAMEVALIDATION.SPECIALCHARACTER | DP:NAMEVALIDATION.UPPERLOWER | DP:NAMEVALIDATION.UPPERLOWERNUMERIC | DP:NAMEVALIDATION.UPPERLOWERNUMERICSPECIAL | ! |" name="And I enter DP:SUPER.USERNAME N Username in LMS login page" time="0"/>
  <testcase classname="| DP:SUPER.USERNAME | DP:SUPER.PASSWORD | N | SAM Assignments | Exams | DP:EXAMASSIGNMENTS.EXAMNAME2 | Y | DP:NAMEVALIDATION.LOWERCASE | DP:NAMEVALIDATION.UPPERCASE | DP:NAMEVALIDATION.MINCHAR | DP:NAMEVALIDATION.MAXCHAR | DP:NAMEVALIDATION.NUMERICDIGIT | DP:NAMEVALIDATION.SPECIALCHARACTER | DP:NAMEVALIDATION.UPPERLOWER | DP:NAMEVALIDATION.UPPERLOWERNUMERIC | DP:NAMEVALIDATION.UPPERLOWERNUMERICSPECIAL | ! |" name="And I enter DP:SUPER.PASSWORD Password in LMS login page" time="0"/>
  <testcase classname="| DP:SUPER.USERNAME | DP:SUPER.PASSWORD | N | SAM Assignments | Exams | DP:EXAMASSIGNMENTS.EXAMNAME2 | Y | DP:NAMEVALIDATION.LOWERCASE | DP:NAMEVALIDATION.UPPERCASE | DP:NAMEVALIDATION.MINCHAR | DP:NAMEVALIDATION.MAXCHAR | DP:NAMEVALIDATION.NUMERICDIGIT | DP:NAMEVALIDATION.SPECIALCHARACTER | DP:NAMEVALIDATION.UPPERLOWER | DP:NAMEVALIDATION.UPPERLOWERNUMERIC | DP:NAMEVALIDATION.UPPERLOWERNUMERICSPECIAL | ! |" name="And I click on Log In button" time="0"/>
  <testcase classname="| DP:SUPER.USERNAME | DP:SUPER.PASSWORD | N | SAM Assignments | Exams | DP:EXAMASSIGNMENTS.EXAMNAME2 | Y | DP:NAMEVALIDATION.LOWERCASE | DP:NAMEVALIDATION.UPPERCASE | DP:NAMEVALIDATION.MINCHAR | DP:NAMEVALIDATION.MAXCHAR | DP:NAMEVALIDATION.NUMERICDIGIT | DP:NAMEVALIDATION.SPECIALCHARACTER | DP:NAMEVALIDATION.UPPERLOWER | DP:NAMEVALIDATION.UPPERLOWERNUMERIC | DP:NAMEVALIDATION.UPPERLOWERNUMERICSPECIAL | ! |" name="And I see home page of LMS" time="0"/>
  <testcase classname="| DP:SUPER.USERNAME | DP:SUPER.PASSWORD | N | SAM Assignments | Exams | DP:EXAMASSIGNMENTS.EXAMNAME2 | Y | DP:NAMEVALIDATION.LOWERCASE | DP:NAMEVALIDATION.UPPERCASE | DP:NAMEVALIDATION.MINCHAR | DP:NAMEVALIDATION.MAXCHAR | DP:NAMEVALIDATION.NUMERICDIGIT | DP:NAMEVALIDATION.SPECIALCHARACTER | DP:NAMEVALIDATION.UPPERLOWER | DP:NAMEVALIDATION.UPPERLOWERNUMERIC | DP:NAMEVALIDATION.UPPERLOWERNUMERICSPECIAL | ! |" name="And I click on SAM Assignments tab" time="0"/>
  <testcase classname="| DP:SUPER.USERNAME | DP:SUPER.PASSWORD | N | SAM Assignments | Exams | DP:EXAMASSIGNMENTS.EXAMNAME2 | Y | DP:NAMEVALIDATION.LOWERCASE | DP:NAMEVALIDATION.UPPERCASE | DP:NAMEVALIDATION.MINCHAR | DP:NAMEVALIDATION.MAXCHAR | DP:NAMEVALIDATION.NUMERICDIGIT | DP:NAMEVALIDATION.SPECIALCHARACTER | DP:NAMEVALIDATION.UPPERLOWER | DP:NAMEVALIDATION.UPPERLOWERNUMERIC | DP:NAMEVALIDATION.UPPERLOWERNUMERICSPECIAL | ! |" name="And I click on Exams tab" time="0"/>
  <testcase classname="| DP:SUPER.USERNAME | DP:SUPER.PASSWORD | N | SAM Assignments | Exams | DP:EXAMASSIGNMENTS.EXAMNAME2 | Y | DP:NAMEVALIDATION.LOWERCASE | DP:NAMEVALIDATION.UPPERCASE | DP:NAMEVALIDATION.MINCHAR | DP:NAMEVALIDATION.MAXCHAR | DP:NAMEVALIDATION.NUMERICDIGIT | DP:NAMEVALIDATION.SPECIALCHARACTER | DP:NAMEVALIDATION.UPPERLOWER | DP:NAMEVALIDATION.UPPERLOWERNUMERIC | DP:NAMEVALIDATION.UPPERLOWERNUMERICSPECIAL | ! |" name="And I see DP:EXAMASSIGNMENTS.EXAMNAME2 Y in Exams page" time="0"/>
  <testcase classname="| DP:SUPER.USERNAME | DP:SUPER.PASSWORD | N | SAM Assignments | Exams | DP:EXAMASSIGNMENTS.EXAMNAME2 | Y | DP:NAMEVALIDATION.LOWERCASE | DP:NAMEVALIDATION.UPPERCASE | DP:NAMEVALIDATION.MINCHAR | DP:NAMEVALIDATION.MAXCHAR | DP:NAMEVALIDATION.NUMERICDIGIT | DP:NAMEVALIDATION.SPECIALCHARACTER | DP:NAMEVALIDATION.UPPERLOWER | DP:NAMEVALIDATION.UPPERLOWERNUMERIC | DP:NAMEVALIDATION.UPPERLOWERNUMERICSPECIAL | ! |" name="And I click on DP:EXAMASSIGNMENTS.EXAMNAME2 Y Edit icon" time="0"/>
  <testcase classname="| DP:SUPER.USERNAME | DP:SUPER.PASSWORD | N | SAM Assignments | Exams | DP:EXAMASSIGNMENTS.EXAMNAME2 | Y | DP:NAMEVALIDATION.LOWERCASE | DP:NAMEVALIDATION.UPPERCASE | DP:NAMEVALIDATION.MINCHAR | DP:NAMEVALIDATION.MAXCHAR | DP:NAMEVALIDATION.NUMERICDIGIT | DP:NAMEVALIDATION.SPECIALCHARACTER | DP:NAMEVALIDATION.UPPERLOWER | DP:NAMEVALIDATION.UPPERLOWERNUMERIC | DP:NAMEVALIDATION.UPPERLOWERNUMERICSPECIAL | ! |" name="And I enter ! DP:NAMEVALIDATION.MINCHAR AssignmentName in Exam Name: DP:NAMEVALIDATION.LOWERCASE\u002C DP:NAMEVALIDATION.UPPERCASE\u002C DP:NAMEVALIDATION.NUMERICDIGIT\u002C DP:NAMEVALIDATION.SPECIALCHARACTER\u002C DP:NAMEVALIDATION.UPPERLOWER\u002CDP:NAMEVALIDATION.UPPERLOWERNUMERIC\u002C DP:NAMEVALIDATION.UPPERLOWERNUMERICSPECIAL\u002C DP:NAMEVALIDATION.MAXCHAR\u002C !\u002C DP:NAMEVALIDATION.MINCHAR" time="0"/>
  <testcase classname="| DP:SUPER.USERNAME | DP:SUPER.PASSWORD | N | SAM Assignments | Exams | DP:EXAMASSIGNMENTS.EXAMNAME2 | Y | DP:NAMEVALIDATION.LOWERCASE | DP:NAMEVALIDATION.UPPERCASE | DP:NAMEVALIDATION.MINCHAR | DP:NAMEVALIDATION.MAXCHAR | DP:NAMEVALIDATION.NUMERICDIGIT | DP:NAMEVALIDATION.SPECIALCHARACTER | DP:NAMEVALIDATION.UPPERLOWER | DP:NAMEVALIDATION.UPPERLOWERNUMERIC | DP:NAMEVALIDATION.UPPERLOWERNUMERICSPECIAL | ! |" name="And I click on Exams tab" time="0"/>
  <testcase classname="| DP:SUPER.USERNAME | DP:SUPER.PASSWORD | N | SAM Assignments | Exams | DP:EXAMASSIGNMENTS.EXAMNAME2 | Y | DP:NAMEVALIDATION.LOWERCASE | DP:NAMEVALIDATION.UPPERCASE | DP:NAMEVALIDATION.MINCHAR | DP:NAMEVALIDATION.MAXCHAR | DP:NAMEVALIDATION.NUMERICDIGIT | DP:NAMEVALIDATION.SPECIALCHARACTER | DP:NAMEVALIDATION.UPPERLOWER | DP:NAMEVALIDATION.UPPERLOWERNUMERIC | DP:NAMEVALIDATION.UPPERLOWERNUMERICSPECIAL | ! |" name="And I see DP:EXAMASSIGNMENTS.EXAMNAME2 Y in Exams page" time="0"/>
  <testcase classname="| DP:SUPER.USERNAME | DP:SUPER.PASSWORD | N | SAM Assignments | Exams | DP:EXAMASSIGNMENTS.EXAMNAME2 | Y | DP:NAMEVALIDATION.LOWERCASE | DP:NAMEVALIDATION.UPPERCASE | DP:NAMEVALIDATION.MINCHAR | DP:NAMEVALIDATION.MAXCHAR | DP:NAMEVALIDATION.NUMERICDIGIT | DP:NAMEVALIDATION.SPECIALCHARACTER | DP:NAMEVALIDATION.UPPERLOWER | DP:NAMEVALIDATION.UPPERLOWERNUMERIC | DP:NAMEVALIDATION.UPPERLOWERNUMERICSPECIAL | ! |" name="When I click on DP:EXAMASSIGNMENTS.EXAMNAME2 Y Copy icon" time="0"/>
  <testcase classname="| DP:SUPER.USERNAME | DP:SUPER.PASSWORD | N | SAM Assignments | Exams | DP:EXAMASSIGNMENTS.EXAMNAME2 | Y | DP:NAMEVALIDATION.LOWERCASE | DP:NAMEVALIDATION.UPPERCASE | DP:NAMEVALIDATION.MINCHAR | DP:NAMEVALIDATION.MAXCHAR | DP:NAMEVALIDATION.NUMERICDIGIT | DP:NAMEVALIDATION.SPECIALCHARACTER | DP:NAMEVALIDATION.UPPERLOWER | DP:NAMEVALIDATION.UPPERLOWERNUMERIC | DP:NAMEVALIDATION.UPPERLOWERNUMERICSPECIAL | ! |" name="Then I enter ! DP:NAMEVALIDATION.MINCHAR AssignmentName in Exam Name: DP:NAMEVALIDATION.LOWERCASE\u002C DP:NAMEVALIDATION.UPPERCASE\u002C DP:NAMEVALIDATION.NUMERICDIGIT\u002C DP:NAMEVALIDATION.SPECIALCHARACTER\u002C DP:NAMEVALIDATION.UPPERLOWER\u002CDP:NAMEVALIDATION.UPPERLOWERNUMERIC\u002C DP:NAMEVALIDATION.UPPERLOWERNUMERICSPECIAL\u002C DP:NAMEVALIDATION.MAXCHAR\u002C !\u002C DP:NAMEVALIDATION.MINCHAR" time="0"/>
  <testcase classname="| DP:SUPER.USERNAME | DP:SUPER.PASSWORD | N | SAM Assignments | Exams | DP:EXAMASSIGNMENTS.EXAMNAME2 | Y | DP:NAMEVALIDATION.LOWERCASE | DP:NAMEVALIDATION.UPPERCASE | DP:NAMEVALIDATION.MINCHAR | DP:NAMEVALIDATION.MAXCHAR | DP:NAMEVALIDATION.NUMERICDIGIT | DP:NAMEVALIDATION.SPECIALCHARACTER | DP:NAMEVALIDATION.UPPERLOWER | DP:NAMEVALIDATION.UPPERLOWERNUMERIC | DP:NAMEVALIDATION.UPPERLOWERNUMERICSPECIAL | ! |" name="And I click on Logout button" time="0"/>
  <testcase classname="| DP:SUPER.USERNAME | DP:SUPER.PASSWORD | N | SAM Assignments | Exams | DP:EXAMASSIGNMENTS.EXAMNAME2 | Y | DP:NAMEVALIDATION.LOWERCASE | DP:NAMEVALIDATION.UPPERCASE | DP:NAMEVALIDATION.MINCHAR | DP:NAMEVALIDATION.MAXCHAR | DP:NAMEVALIDATION.NUMERICDIGIT | DP:NAMEVALIDATION.SPECIALCHARACTER | DP:NAMEVALIDATION.UPPERLOWER | DP:NAMEVALIDATION.UPPERLOWERNUMERIC | DP:NAMEVALIDATION.UPPERLOWERNUMERICSPECIAL | ! |" name="| DP:SUPER.USERNAME | DP:SUPER.PASSWORD | N | SAM Assignments | Exams | DP:EXAMASSIGNMENTS.EXAMNAME2 | Y | DP:NAMEVALIDATION.LOWERCASE | DP:NAMEVALIDATION.UPPERCASE | DP:NAMEVALIDATION.MINCHAR | DP:NAMEVALIDATION.MAXCHAR | DP:NAMEVALIDATION.NUMERICDIGIT | DP:NAMEVALIDATION.SPECIALCHARACTER | DP:NAMEVALIDATION.UPPERLOWER | DP:NAMEVALIDATION.UPPERLOWERNUMERIC | DP:NAMEVALIDATION.UPPERLOWERNUMERICSPECIAL | ! |" time="0"/>
  <testcase classname="| DP:SUPER.USERNAME | DP:SUPER.PASSWORD | N | SAM Assignments | Training | DP:TRAININGASSIGNMENTS.TRAININGNAME1 | Y | DP:NAMEVALIDATION.LOWERCASE | DP:NAMEVALIDATION.UPPERCASE | DP:NAMEVALIDATION.MINCHAR | DP:NAMEVALIDATION.MAXCHAR | DP:NAMEVALIDATION.NUMERICDIGIT | DP:NAMEVALIDATION.SPECIALCHARACTER | DP:NAMEVALIDATION.UPPERLOWER | DP:NAMEVALIDATION.UPPERLOWERNUMERIC | DP:NAMEVALIDATION.UPPERLOWERNUMERICSPECIAL | ! |" name="Given As a user I see login page of LMS" time="0"/>
  <testcase classname="| DP:SUPER.USERNAME | DP:SUPER.PASSWORD | N | SAM Assignments | Training | DP:TRAININGASSIGNMENTS.TRAININGNAME1 | Y | DP:NAMEVALIDATION.LOWERCASE | DP:NAMEVALIDATION.UPPERCASE | DP:NAMEVALIDATION.MINCHAR | DP:NAMEVALIDATION.MAXCHAR | DP:NAMEVALIDATION.NUMERICDIGIT | DP:NAMEVALIDATION.SPECIALCHARACTER | DP:NAMEVALIDATION.UPPERLOWER | DP:NAMEVALIDATION.UPPERLOWERNUMERIC | DP:NAMEVALIDATION.UPPERLOWERNUMERICSPECIAL | ! |" name="And I enter DP:SUPER.USERNAME N Username in LMS login page" time="0"/>
  <testcase classname="| DP:SUPER.USERNAME | DP:SUPER.PASSWORD | N | SAM Assignments | Training | DP:TRAININGASSIGNMENTS.TRAININGNAME1 | Y | DP:NAMEVALIDATION.LOWERCASE | DP:NAMEVALIDATION.UPPERCASE | DP:NAMEVALIDATION.MINCHAR | DP:NAMEVALIDATION.MAXCHAR | DP:NAMEVALIDATION.NUMERICDIGIT | DP:NAMEVALIDATION.SPECIALCHARACTER | DP:NAMEVALIDATION.UPPERLOWER | DP:NAMEVALIDATION.UPPERLOWERNUMERIC | DP:NAMEVALIDATION.UPPERLOWERNUMERICSPECIAL | ! |" name="And I enter DP:SUPER.PASSWORD Password in LMS login page" time="0"/>
  <testcase classname="| DP:SUPER.USERNAME | DP:SUPER.PASSWORD | N | SAM Assignments | Training | DP:TRAININGASSIGNMENTS.TRAININGNAME1 | Y | DP:NAMEVALIDATION.LOWERCASE | DP:NAMEVALIDATION.UPPERCASE | DP:NAMEVALIDATION.MINCHAR | DP:NAMEVALIDATION.MAXCHAR | DP:NAMEVALIDATION.NUMERICDIGIT | DP:NAMEVALIDATION.SPECIALCHARACTER | DP:NAMEVALIDATION.UPPERLOWER | DP:NAMEVALIDATION.UPPERLOWERNUMERIC | DP:NAMEVALIDATION.UPPERLOWERNUMERICSPECIAL | ! |" name="And I click on Log In button" time="0"/>
  <testcase classname="| DP:SUPER.USERNAME | DP:SUPER.PASSWORD | N | SAM Assignments | Training | DP:TRAININGASSIGNMENTS.TRAININGNAME1 | Y | DP:NAMEVALIDATION.LOWERCASE | DP:NAMEVALIDATION.UPPERCASE | DP:NAMEVALIDATION.MINCHAR | DP:NAMEVALIDATION.MAXCHAR | DP:NAMEVALIDATION.NUMERICDIGIT | DP:NAMEVALIDATION.SPECIALCHARACTER | DP:NAMEVALIDATION.UPPERLOWER | DP:NAMEVALIDATION.UPPERLOWERNUMERIC | DP:NAMEVALIDATION.UPPERLOWERNUMERICSPECIAL | ! |" name="And I see home page of LMS" time="0"/>
  <testcase classname="| DP:SUPER.USERNAME | DP:SUPER.PASSWORD | N | SAM Assignments | Training | DP:TRAININGASSIGNMENTS.TRAININGNAME1 | Y | DP:NAMEVALIDATION.LOWERCASE | DP:NAMEVALIDATION.UPPERCASE | DP:NAMEVALIDATION.MINCHAR | DP:NAMEVALIDATION.MAXCHAR | DP:NAMEVALIDATION.NUMERICDIGIT | DP:NAMEVALIDATION.SPECIALCHARACTER | DP:NAMEVALIDATION.UPPERLOWER | DP:NAMEVALIDATION.UPPERLOWERNUMERIC | DP:NAMEVALIDATION.UPPERLOWERNUMERICSPECIAL | ! |" name="And I click on SAM Assignments tab" time="0"/>
  <testcase classname="| DP:SUPER.USERNAME | DP:SUPER.PASSWORD | N | SAM Assignments | Training | DP:TRAININGASSIGNMENTS.TRAININGNAME1 | Y | DP:NAMEVALIDATION.LOWERCASE | DP:NAMEVALIDATION.UPPERCASE | DP:NAMEVALIDATION.MINCHAR | DP:NAMEVALIDATION.MAXCHAR | DP:NAMEVALIDATION.NUMERICDIGIT | DP:NAMEVALIDATION.SPECIALCHARACTER | DP:NAMEVALIDATION.UPPERLOWER | DP:NAMEVALIDATION.UPPERLOWERNUMERIC | DP:NAMEVALIDATION.UPPERLOWERNUMERICSPECIAL | ! |" name="And I click on Training tab" time="0"/>
  <testcase classname="| DP:SUPER.USERNAME | DP:SUPER.PASSWORD | N | SAM Assignments | Training | DP:TRAININGASSIGNMENTS.TRAININGNAME1 | Y | DP:NAMEVALIDATION.LOWERCASE | DP:NAMEVALIDATION.UPPERCASE | DP:NAMEVALIDATION.MINCHAR | DP:NAMEVALIDATION.MAXCHAR | DP:NAMEVALIDATION.NUMERICDIGIT | DP:NAMEVALIDATION.SPECIALCHARACTER | DP:NAMEVALIDATION.UPPERLOWER | DP:NAMEVALIDATION.UPPERLOWERNUMERIC | DP:NAMEVALIDATION.UPPERLOWERNUMERICSPECIAL | ! |" name="And I see DP:TRAININGASSIGNMENTS.TRAININGNAME1 Y in Exams page" time="0"/>
  <testcase classname="| DP:SUPER.USERNAME | DP:SUPER.PASSWORD | N | SAM Assignments | Training | DP:TRAININGASSIGNMENTS.TRAININGNAME1 | Y | DP:NAMEVALIDATION.LOWERCASE | DP:NAMEVALIDATION.UPPERCASE | DP:NAMEVALIDATION.MINCHAR | DP:NAMEVALIDATION.MAXCHAR | DP:NAMEVALIDATION.NUMERICDIGIT | DP:NAMEVALIDATION.SPECIALCHARACTER | DP:NAMEVALIDATION.UPPERLOWER | DP:NAMEVALIDATION.UPPERLOWERNUMERIC | DP:NAMEVALIDATION.UPPERLOWERNUMERICSPECIAL | ! |" name="And I click on DP:TRAININGASSIGNMENTS.TRAININGNAME1 Y Edit icon" time="0"/>
  <testcase classname="| DP:SUPER.USERNAME | DP:SUPER.PASSWORD | N | SAM Assignments | Training | DP:TRAININGASSIGNMENTS.TRAININGNAME1 | Y | DP:NAMEVALIDATION.LOWERCASE | DP:NAMEVALIDATION.UPPERCASE | DP:NAMEVALIDATION.MINCHAR | DP:NAMEVALIDATION.MAXCHAR | DP:NAMEVALIDATION.NUMERICDIGIT | DP:NAMEVALIDATION.SPECIALCHARACTER | DP:NAMEVALIDATION.UPPERLOWER | DP:NAMEVALIDATION.UPPERLOWERNUMERIC | DP:NAMEVALIDATION.UPPERLOWERNUMERICSPECIAL | ! |" name="And I enter ! DP:NAMEVALIDATION.MINCHAR AssignmentName in Exam Name: DP:NAMEVALIDATION.LOWERCASE\u002C DP:NAMEVALIDATION.UPPERCASE\u002C DP:NAMEVALIDATION.NUMERICDIGIT\u002C DP:NAMEVALIDATION.SPECIALCHARACTER\u002C DP:NAMEVALIDATION.UPPERLOWER\u002CDP:NAMEVALIDATION.UPPERLOWERNUMERIC\u002C DP:NAMEVALIDATION.UPPERLOWERNUMERICSPECIAL\u002C DP:NAMEVALIDATION.MAXCHAR\u002C !\u002C DP:NAMEVALIDATION.MINCHAR" time="0"/>
  <testcase classname="| DP:SUPER.USERNAME | DP:SUPER.PASSWORD | N | SAM Assignments | Training | DP:TRAININGASSIGNMENTS.TRAININGNAME1 | Y | DP:NAMEVALIDATION.LOWERCASE | DP:NAMEVALIDATION.UPPERCASE | DP:NAMEVALIDATION.MINCHAR | DP:NAMEVALIDATION.MAXCHAR | DP:NAMEVALIDATION.NUMERICDIGIT | DP:NAMEVALIDATION.SPECIALCHARACTER | DP:NAMEVALIDATION.UPPERLOWER | DP:NAMEVALIDATION.UPPERLOWERNUMERIC | DP:NAMEVALIDATION.UPPERLOWERNUMERICSPECIAL | ! |" name="And I click on Training tab" time="0"/>
  <testcase classname="| DP:SUPER.USERNAME | DP:SUPER.PASSWORD | N | SAM Assignments | Training | DP:TRAININGASSIGNMENTS.TRAININGNAME1 | Y | DP:NAMEVALIDATION.LOWERCASE | DP:NAMEVALIDATION.UPPERCASE | DP:NAMEVALIDATION.MINCHAR | DP:NAMEVALIDATION.MAXCHAR | DP:NAMEVALIDATION.NUMERICDIGIT | DP:NAMEVALIDATION.SPECIALCHARACTER | DP:NAMEVALIDATION.UPPERLOWER | DP:NAMEVALIDATION.UPPERLOWERNUMERIC | DP:NAMEVALIDATION.UPPERLOWERNUMERICSPECIAL | ! |" name="And I see DP:TRAININGASSIGNMENTS.TRAININGNAME1 Y in Exams page" time="0"/>
  <testcase classname="| DP:SUPER.USERNAME | DP:SUPER.PASSWORD | N | SAM Assignments | Training | DP:TRAININGASSIGNMENTS.TRAININGNAME1 | Y | DP:NAMEVALIDATION.LOWERCASE | DP:NAMEVALIDATION.UPPERCASE | DP:NAMEVALIDATION.MINCHAR | DP:NAMEVALIDATION.MAXCHAR | DP:NAMEVALIDATION.NUMERICDIGIT | DP:NAMEVALIDATION.SPECIALCHARACTER | DP:NAMEVALIDATION.UPPERLOWER | DP:NAMEVALIDATION.UPPERLOWERNUMERIC | DP:NAMEVALIDATION.UPPERLOWERNUMERICSPECIAL | ! |" name="When I click on DP:TRAININGASSIGNMENTS.TRAININGNAME1 Y Copy icon" time="0"/>
  <testcase classname="| DP:SUPER.USERNAME | DP:SUPER.PASSWORD | N | SAM Assignments | Training | DP:TRAININGASSIGNMENTS.TRAININGNAME1 | Y | DP:NAMEVALIDATION.LOWERCASE | DP:NAMEVALIDATION.UPPERCASE | DP:NAMEVALIDATION.MINCHAR | DP:NAMEVALIDATION.MAXCHAR | DP:NAMEVALIDATION.NUMERICDIGIT | DP:NAMEVALIDATION.SPECIALCHARACTER | DP:NAMEVALIDATION.UPPERLOWER | DP:NAMEVALIDATION.UPPERLOWERNUMERIC | DP:NAMEVALIDATION.UPPERLOWERNUMERICSPECIAL | ! |" name="Then I enter ! DP:NAMEVALIDATION.MINCHAR AssignmentName in Exam Name: DP:NAMEVALIDATION.LOWERCASE\u002C DP:NAMEVALIDATION.UPPERCASE\u002C DP:NAMEVALIDATION.NUMERICDIGIT\u002C DP:NAMEVALIDATION.SPECIALCHARACTER\u002C DP:NAMEVALIDATION.UPPERLOWER\u002CDP:NAMEVALIDATION.UPPERLOWERNUMERIC\u002C DP:NAMEVALIDATION.UPPERLOWERNUMERICSPECIAL\u002C DP:NAMEVALIDATION.MAXCHAR\u002C !\u002C DP:NAMEVALIDATION.MINCHAR" time="0"/>
  <testcase classname="| DP:SUPER.USERNAME | DP:SUPER.PASSWORD | N | SAM Assignments | Training | DP:TRAININGASSIGNMENTS.TRAININGNAME1 | Y | DP:NAMEVALIDATION.LOWERCASE | DP:NAMEVALIDATION.UPPERCASE | DP:NAMEVALIDATION.MINCHAR | DP:NAMEVALIDATION.MAXCHAR | DP:NAMEVALIDATION.NUMERICDIGIT | DP:NAMEVALIDATION.SPECIALCHARACTER | DP:NAMEVALIDATION.UPPERLOWER | DP:NAMEVALIDATION.UPPERLOWERNUMERIC | DP:NAMEVALIDATION.UPPERLOWERNUMERICSPECIAL | ! |" name="And I click on Logout button" time="0"/>
  <testcase classname="| DP:SUPER.USERNAME | DP:SUPER.PASSWORD | N | SAM Assignments | Training | DP:TRAININGASSIGNMENTS.TRAININGNAME1 | Y | DP:NAMEVALIDATION.LOWERCASE | DP:NAMEVALIDATION.UPPERCASE | DP:NAMEVALIDATION.MINCHAR | DP:NAMEVALIDATION.MAXCHAR | DP:NAMEVALIDATION.NUMERICDIGIT | DP:NAMEVALIDATION.SPECIALCHARACTER | DP:NAMEVALIDATION.UPPERLOWER | DP:NAMEVALIDATION.UPPERLOWERNUMERIC | DP:NAMEVALIDATION.UPPERLOWERNUMERICSPECIAL | ! |" name="| DP:SUPER.USERNAME | DP:SUPER.PASSWORD | N | SAM Assignments | Training | DP:TRAININGASSIGNMENTS.TRAININGNAME1 | Y | DP:NAMEVALIDATION.LOWERCASE | DP:NAMEVALIDATION.UPPERCASE | DP:NAMEVALIDATION.MINCHAR | DP:NAMEVALIDATION.MAXCHAR | DP:NAMEVALIDATION.NUMERICDIGIT | DP:NAMEVALIDATION.SPECIALCHARACTER | DP:NAMEVALIDATION.UPPERLOWER | DP:NAMEVALIDATION.UPPERLOWERNUMERIC | DP:NAMEVALIDATION.UPPERLOWERNUMERICSPECIAL | ! |" time="0"/>
</testsuite>