<?xml version="1.0" encoding="UTF-8" ?>
<testsuite tests="862" failures="4" name="cengage.samlms.cukes.LMSStories4CukesTest" time="5,492.011" errors="8" skipped="281">
  <properties>
    <property name="java.vendor" value="Oracle Corporation"/>
    <property name="JOB_NAME" value="LMSStoriesModule4"/>
    <property name="username" value="super_T2074726@sam.com"/>
    <property name="sun.java.launcher" value="SUN_STANDARD"/>
    <property name="NUMBER_OF_PROCESSORS" value="4"/>
    <property name="sun.management.compiler" value="HotSpot 64-Bit Tiered Compilers"/>
    <property name="JENKINS_HOME" value="C:\Users\CODOID-PC1\.jenkins"/>
    <property name="HUDSON_SERVER_COOKIE" value="c18caf217400819f"/>
    <property name="POM_ARTIFACTID" value="framework"/>
    <property name="os.name" value="Windows 8.1"/>
    <property name="sun.boot.class.path" value="C:\Program Files\Java\jdk1.8.0_91\jre\lib\resources.jar;C:\Program Files\Java\jdk1.8.0_91\jre\lib\rt.jar;C:\Program Files\Java\jdk1.8.0_91\jre\lib\sunrsasign.jar;C:\Program Files\Java\jdk1.8.0_91\jre\lib\jsse.jar;C:\Program Files\Java\jdk1.8.0_91\jre\lib\jce.jar;C:\Program Files\Java\jdk1.8.0_91\jre\lib\charsets.jar;C:\Program Files\Java\jdk1.8.0_91\jre\lib\jfr.jar;C:\Program Files\Java\jdk1.8.0_91\jre\classes"/>
    <property name="EXECUTOR_NUMBER" value="1"/>
    <property name="sun.desktop" value="windows"/>
    <property name="PATHEXT" value=".COM;.EXE;.BAT;.CMD;.VBS;.VBE;.JS;.JSE;.WSF;.WSH;.MSC"/>
    <property name="java.vm.specification.vendor" value="Oracle Corporation"/>
    <property name="POM_DISPLAYNAME" value="framework"/>
    <property name="NODE_LABELS" value="master"/>
    <property name="TEMP" value="C:\Users\CODOID~1\AppData\Local\Temp"/>
    <property name="java.runtime.version" value="1.8.0_91-b15"/>
    <property name="user.name" value="CODOID-PC1"/>
    <property name="guice.disable.misplaced.annotation.check" value="true"/>
    <property name="CommonProgramW6432" value="C:\Program Files\Common Files"/>
    <property name="ProgramFiles" value="C:\Program Files"/>
    <property name="PROMPT" value="$P$G"/>
    <property name="user.language" value="en"/>
    <property name="BUILD_DISPLAY_NAME" value="#37"/>
    <property name="sun.boot.library.path" value="C:\Program Files\Java\jdk1.8.0_91\jre\bin"/>
    <property name="LOCALAPPDATA" value="C:\Users\CODOID-PC1\AppData\Local"/>
    <property name="java.version" value="1.8.0_91"/>
    <property name="PROCESSOR_LEVEL" value="6"/>
    <property name="user.timezone" value="Asia/Calcutta"/>
    <property name="USERNAME" value="CODOID-PC1"/>
    <property name="sun.arch.data.model" value="64"/>
    <property name="NODE_NAME" value="master"/>
    <property name="java.endorsed.dirs" value="C:\Program Files\Java\jdk1.8.0_91\jre\lib\endorsed"/>
    <property name="BUILD_ID" value="37"/>
    <property name="sun.cpu.isalist" value="amd64"/>
    <property name="sun.jnu.encoding" value="Cp1252"/>
    <property name="file.encoding.pkg" value="sun.io"/>
    <property name="file.separator" value="\"/>
    <property name="java.specification.name" value="Java Platform API Specification"/>
    <property name="HOMEDRIVE" value="C:"/>
    <property name="env" value="QA4"/>
    <property name="ikey" value="T2074726"/>
    <property name="java.class.version" value="52.0"/>
    <property name="org.slf4j.simpleLogger.defaultLogLevel" value="info"/>
    <property name="user.country" value="US"/>
    <property name="ALLUSERSPROFILE" value="C:\ProgramData"/>
    <property name="java.home" value="C:\Program Files\Java\jdk1.8.0_91\jre"/>
    <property name="java.vm.info" value="mixed mode"/>
    <property name="os.version" value="6.3"/>
    <property name="POM_VERSION" value="0.0.1-SNAPSHOT"/>
    <property name="TMP" value="C:\Users\CODOID~1\AppData\Local\Temp"/>
    <property name="path.separator" value=";"/>
    <property name="java.vm.version" value="25.91-b15"/>
    <property name="user.variant" value=""/>
    <property name="CommonProgramFiles(x86)" value="C:\Program Files (x86)\Common Files"/>
    <property name="USERDOMAIN_ROAMINGPROFILE" value="CODOID"/>
    <property name="java.awt.printerjob" value="sun.awt.windows.WPrinterJob"/>
    <property name="FP_NO_HOST_CHECK" value="NO"/>
    <property name="JAVA_HOME" value="C:\Program Files\Java\jdk1.8.0_91"/>
    <property name="sun.io.unicode.encoding" value="UnicodeLittle"/>
    <property name="CommonProgramFiles" value="C:\Program Files\Common Files"/>
    <property name="ComSpec" value="C:\Windows\system32\cmd.exe"/>
    <property name="HOMEPATH" value="\Users\CODOID-PC1"/>
    <property name="awt.toolkit" value="sun.awt.windows.WToolkit"/>
    <property name="POM_PACKAGING" value="pom"/>
    <property name="COMPUTERNAME" value="CODOID"/>
    <property name="user.script" value=""/>
    <property name="VBOX_MSI_INSTALL_PATH" value="C:\Program Files\Oracle\VirtualBox\"/>
    <property name="POM_GROUPID" value="com.codoid"/>
    <property name="user.home" value="C:\Users\CODOID-PC1"/>
    <property name="PUBLIC" value="C:\Users\Public"/>
    <property name="BUILD_TAG" value="jenkins-LMSStoriesModule4-37"/>
    <property name="JENKINS_SERVER_COOKIE" value="c18caf217400819f"/>
    <property name="HUDSON_URL" value="http://localhost:8080/"/>
    <property name="ProgramData" value="C:\ProgramData"/>
    <property name="java.specification.vendor" value="Oracle Corporation"/>
    <property name="USERPROFILE" value="C:\Users\CODOID-PC1"/>
    <property name="CLASSPATH" value=""/>
    <property name="java.vendor.url" value="http://java.oracle.com/"/>
    <property name="java.library.path" value="C:\Program Files\Java\jdk1.8.0_91\bin;C:\Windows\Sun\Java\bin;C:\Windows\system32;C:\Windows;C:\Program Files\apache-maven-3.3.9/bin;C:\Program Files\Java\jdk1.8.0_91/bin;C:\Program Files\Java\jdk1.8.0_91/bin;C:\ProgramData\Oracle\Java\javapath;C:\Windows\system32;C:\Windows;C:\Windows\System32\Wbem;C:\Windows\System32\WindowsPowerShell\v1.0\;C:\Program Files\Java\jdk1.8.0_91\bin;C:\Program Files\apache-maven-3.3.9\bin;C:\Program Files (x86)\Skype\Phone\;C:\Program Files\nodejs;C:\Users\CODOID-PC1\AppData\Roaming\npm;."/>
    <property name="java.vm.vendor" value="Oracle Corporation"/>
    <property name="APPDATA" value="C:\Users\CODOID-PC1\AppData\Roaming"/>
    <property name="java.runtime.name" value="Java(TM) SE Runtime Environment"/>
    <property name="maven.home" value="C:\Program Files\apache-maven-3.3.9"/>
    <property name="java.class.path" value="C:\Users\CODOID-PC1\.jenkins\plugins\maven-plugin\WEB-INF\lib\maven31-agent-1.5.jar;C:\Program Files\apache-maven-3.3.9\boot\plexus-classworlds-2.5.2.jar;C:\Program Files\apache-maven-3.3.9/conf/logging"/>
    <property name="sun.java.command" value="jenkins.maven3.agent.Maven31Main C:\Program Files\apache-maven-3.3.9 C:\Users\CODOID-PC1\.jenkins\war\WEB-INF\lib\remoting-2.49.jar C:\Users\CODOID-PC1\.jenkins\plugins\maven-plugin\WEB-INF\lib\maven31-interceptor-1.5.jar C:\Users\CODOID-PC1\.jenkins\plugins\maven-plugin\WEB-INF\lib\maven3-interceptor-commons-1.5.jar 50799"/>
    <property name="Path" value="C:\Program Files\Java\jdk1.8.0_91/bin;C:\ProgramData\Oracle\Java\javapath;C:\Windows\system32;C:\Windows;C:\Windows\System32\Wbem;C:\Windows\System32\WindowsPowerShell\v1.0\;C:\Program Files\Java\jdk1.8.0_91\bin;C:\Program Files\apache-maven-3.3.9\bin;C:\Program Files (x86)\Skype\Phone\;C:\Program Files\nodejs;C:\Users\CODOID-PC1\AppData\Roaming\npm"/>
    <property name="java.vm.specification.name" value="Java Virtual Machine Specification"/>
    <property name="PROCESSOR_ARCHITECTURE" value="AMD64"/>
    <property name="PATH+JDK" value="C:\Program Files\Java\jdk1.8.0_91/bin"/>
    <property name="PROCESSOR_IDENTIFIER" value="Intel64 Family 6 Model 60 Stepping 3, GenuineIntel"/>
    <property name="SESSIONNAME" value="Console"/>
    <property name="java.vm.specification.version" value="1.8"/>
    <property name="sun.os.patch.level" value=""/>
    <property name="sun.cpu.endian" value="little"/>
    <property name="M2_HOME" value="C:\Program Files\apache-maven-3.3.9"/>
    <property name="java.io.tmpdir" value="C:\Users\CODOID~1\AppData\Local\Temp\"/>
    <property name="OS" value="Windows_NT"/>
    <property name="HUDSON_HOME" value="C:\Users\CODOID-PC1\.jenkins"/>
    <property name="PATH+MAVEN" value="C:\Program Files\apache-maven-3.3.9/bin"/>
    <property name="ProgramFiles(x86)" value="C:\Program Files (x86)"/>
    <property name="BUILD_URL" value="http://localhost:8080/job/LMSStoriesModule4/37/"/>
    <property name="java.vendor.url.bug" value="http://bugreport.sun.com/bugreport/"/>
    <property name="java.awt.graphicsenv" value="sun.awt.Win32GraphicsEnvironment"/>
    <property name="os.arch" value="amd64"/>
    <property name="SystemRoot" value="C:\Windows"/>
    <property name="java.ext.dirs" value="C:\Program Files\Java\jdk1.8.0_91\jre\lib\ext;C:\Windows\Sun\Java\lib\ext"/>
    <property name="user.dir" value="E:\CE-GIT-SAN\ce-jvm-cucumber"/>
    <property name="JOB_URL" value="http://localhost:8080/job/LMSStoriesModule4/"/>
    <property name="LOGONSERVER" value="\\CODOID"/>
    <property name="USERDOMAIN" value="CODOID"/>
    <property name="line.separator" value="
"/>
    <property name="MAVEN_HOME" value="C:\Program Files\apache-maven-3.3.9"/>
    <property name="java.vm.name" value="Java HotSpot(TM) 64-Bit Server VM"/>
    <property name="BUILD_NUMBER" value="37"/>
    <property name="JENKINS_URL" value="http://localhost:8080/"/>
    <property name="PROCESSOR_REVISION" value="3c03"/>
    <property name="ProgramW6432" value="C:\Program Files"/>
    <property name="windir" value="C:\Windows"/>
    <property name="=C:" value="C:\Users\CODOID-PC1\Desktop"/>
    <property name="file.encoding" value="Cp1252"/>
    <property name="SystemDrive" value="C:"/>
    <property name="maven3.interceptor" value="C:\Users\CODOID-PC1\.jenkins\plugins\maven-plugin\WEB-INF\lib\maven31-interceptor-1.5.jar"/>
    <property name="WORKSPACE" value="E:\CE-GIT-SAN\ce-jvm-cucumber"/>
    <property name="maven3.interceptor.common" value="C:\Users\CODOID-PC1\.jenkins\plugins\maven-plugin\WEB-INF\lib\maven3-interceptor-commons-1.5.jar"/>
    <property name="java.specification.version" value="1.8"/>
    <property name="PSModulePath" value="C:\Windows\system32\WindowsPowerShell\v1.0\Modules\"/>
    <property name="module" value="LMSStories4"/>
  </properties>
  <testcase classname="| DP:SUPER.USERNAME | DP:SUPER.PASSWORD | DP:USERMODULEUSERS.INSTRUCTOR6.USERNAME | DP:INSTRUCTOR2.PASSWORD | DP:SECRET.QUESTION | DP:SECRET.ANSWER | DP:INSTRUCTOR2.PASSWORD | DP:SECTIONS.COURSENAME | DP:SECTIONS.TERM | DP:TEXTBOOK.SERIES | DP:TEXTBOOK.SUBJECT | DP:TEXTBOOK.BOOK | Sections | Users | DP:SECTIONS.SECTIONNAME2 | DP:USERMODULEUSERS.INSTRUCTOR6.FIRSTNAME | DP:USERMODULEUSERS.INSTRUCTOR6.LASTNAME1 | Instructor | DP:USERMODULEUSERS.INSTRUCTOR6.USERNAME | DP:USERMODULEUSERS.INSTRUCTOR6.PASSWORD | Y | N |" name="Given As a user I see login page of LMS" time="0"/>
  <testcase classname="| DP:SUPER.USERNAME | DP:SUPER.PASSWORD | DP:USERMODULEUSERS.INSTRUCTOR6.USERNAME | DP:INSTRUCTOR2.PASSWORD | DP:SECRET.QUESTION | DP:SECRET.ANSWER | DP:INSTRUCTOR2.PASSWORD | DP:SECTIONS.COURSENAME | DP:SECTIONS.TERM | DP:TEXTBOOK.SERIES | DP:TEXTBOOK.SUBJECT | DP:TEXTBOOK.BOOK | Sections | Users | DP:SECTIONS.SECTIONNAME2 | DP:USERMODULEUSERS.INSTRUCTOR6.FIRSTNAME | DP:USERMODULEUSERS.INSTRUCTOR6.LASTNAME1 | Instructor | DP:USERMODULEUSERS.INSTRUCTOR6.USERNAME | DP:USERMODULEUSERS.INSTRUCTOR6.PASSWORD | Y | N |" name="And I enter DP:SUPER.USERNAME N Username in LMS login page" time="0"/>
  <testcase classname="| DP:SUPER.USERNAME | DP:SUPER.PASSWORD | DP:USERMODULEUSERS.INSTRUCTOR6.USERNAME | DP:INSTRUCTOR2.PASSWORD | DP:SECRET.QUESTION | DP:SECRET.ANSWER | DP:INSTRUCTOR2.PASSWORD | DP:SECTIONS.COURSENAME | DP:SECTIONS.TERM | DP:TEXTBOOK.SERIES | DP:TEXTBOOK.SUBJECT | DP:TEXTBOOK.BOOK | Sections | Users | DP:SECTIONS.SECTIONNAME2 | DP:USERMODULEUSERS.INSTRUCTOR6.FIRSTNAME | DP:USERMODULEUSERS.INSTRUCTOR6.LASTNAME1 | Instructor | DP:USERMODULEUSERS.INSTRUCTOR6.USERNAME | DP:USERMODULEUSERS.INSTRUCTOR6.PASSWORD | Y | N |" name="And I enter DP:SUPER.PASSWORD Password in LMS login page" time="0"/>
  <testcase classname="| DP:SUPER.USERNAME | DP:SUPER.PASSWORD | DP:USERMODULEUSERS.INSTRUCTOR6.USERNAME | DP:INSTRUCTOR2.PASSWORD | DP:SECRET.QUESTION | DP:SECRET.ANSWER | DP:INSTRUCTOR2.PASSWORD | DP:SECTIONS.COURSENAME | DP:SECTIONS.TERM | DP:TEXTBOOK.SERIES | DP:TEXTBOOK.SUBJECT | DP:TEXTBOOK.BOOK | Sections | Users | DP:SECTIONS.SECTIONNAME2 | DP:USERMODULEUSERS.INSTRUCTOR6.FIRSTNAME | DP:USERMODULEUSERS.INSTRUCTOR6.LASTNAME1 | Instructor | DP:USERMODULEUSERS.INSTRUCTOR6.USERNAME | DP:USERMODULEUSERS.INSTRUCTOR6.PASSWORD | Y | N |" name="And I click on Log In button" time="0"/>
  <testcase classname="| DP:SUPER.USERNAME | DP:SUPER.PASSWORD | DP:USERMODULEUSERS.INSTRUCTOR6.USERNAME | DP:INSTRUCTOR2.PASSWORD | DP:SECRET.QUESTION | DP:SECRET.ANSWER | DP:INSTRUCTOR2.PASSWORD | DP:SECTIONS.COURSENAME | DP:SECTIONS.TERM | DP:TEXTBOOK.SERIES | DP:TEXTBOOK.SUBJECT | DP:TEXTBOOK.BOOK | Sections | Users | DP:SECTIONS.SECTIONNAME2 | DP:USERMODULEUSERS.INSTRUCTOR6.FIRSTNAME | DP:USERMODULEUSERS.INSTRUCTOR6.LASTNAME1 | Instructor | DP:USERMODULEUSERS.INSTRUCTOR6.USERNAME | DP:USERMODULEUSERS.INSTRUCTOR6.PASSWORD | Y | N |" name="And I see home page of LMS" time="0"/>
  <testcase classname="| DP:SUPER.USERNAME | DP:SUPER.PASSWORD | DP:USERMODULEUSERS.INSTRUCTOR6.USERNAME | DP:INSTRUCTOR2.PASSWORD | DP:SECRET.QUESTION | DP:SECRET.ANSWER | DP:INSTRUCTOR2.PASSWORD | DP:SECTIONS.COURSENAME | DP:SECTIONS.TERM | DP:TEXTBOOK.SERIES | DP:TEXTBOOK.SUBJECT | DP:TEXTBOOK.BOOK | Sections | Users | DP:SECTIONS.SECTIONNAME2 | DP:USERMODULEUSERS.INSTRUCTOR6.FIRSTNAME | DP:USERMODULEUSERS.INSTRUCTOR6.LASTNAME1 | Instructor | DP:USERMODULEUSERS.INSTRUCTOR6.USERNAME | DP:USERMODULEUSERS.INSTRUCTOR6.PASSWORD | Y | N |" name="And I click on Users tab" time="0"/>
  <testcase classname="| DP:SUPER.USERNAME | DP:SUPER.PASSWORD | DP:USERMODULEUSERS.INSTRUCTOR6.USERNAME | DP:INSTRUCTOR2.PASSWORD | DP:SECRET.QUESTION | DP:SECRET.ANSWER | DP:INSTRUCTOR2.PASSWORD | DP:SECTIONS.COURSENAME | DP:SECTIONS.TERM | DP:TEXTBOOK.SERIES | DP:TEXTBOOK.SUBJECT | DP:TEXTBOOK.BOOK | Sections | Users | DP:SECTIONS.SECTIONNAME2 | DP:USERMODULEUSERS.INSTRUCTOR6.FIRSTNAME | DP:USERMODULEUSERS.INSTRUCTOR6.LASTNAME1 | Instructor | DP:USERMODULEUSERS.INSTRUCTOR6.USERNAME | DP:USERMODULEUSERS.INSTRUCTOR6.PASSWORD | Y | N |" name="And I click on Add New button" time="0"/>
  <testcase classname="| DP:SUPER.USERNAME | DP:SUPER.PASSWORD | DP:USERMODULEUSERS.INSTRUCTOR6.USERNAME | DP:INSTRUCTOR2.PASSWORD | DP:SECRET.QUESTION | DP:SECRET.ANSWER | DP:INSTRUCTOR2.PASSWORD | DP:SECTIONS.COURSENAME | DP:SECTIONS.TERM | DP:TEXTBOOK.SERIES | DP:TEXTBOOK.SUBJECT | DP:TEXTBOOK.BOOK | Sections | Users | DP:SECTIONS.SECTIONNAME2 | DP:USERMODULEUSERS.INSTRUCTOR6.FIRSTNAME | DP:USERMODULEUSERS.INSTRUCTOR6.LASTNAME1 | Instructor | DP:USERMODULEUSERS.INSTRUCTOR6.USERNAME | DP:USERMODULEUSERS.INSTRUCTOR6.PASSWORD | Y | N |" name="And I enter DP:USERMODULEUSERS.INSTRUCTOR6.FIRSTNAME in First Name" time="0"/>
  <testcase classname="| DP:SUPER.USERNAME | DP:SUPER.PASSWORD | DP:USERMODULEUSERS.INSTRUCTOR6.USERNAME | DP:INSTRUCTOR2.PASSWORD | DP:SECRET.QUESTION | DP:SECRET.ANSWER | DP:INSTRUCTOR2.PASSWORD | DP:SECTIONS.COURSENAME | DP:SECTIONS.TERM | DP:TEXTBOOK.SERIES | DP:TEXTBOOK.SUBJECT | DP:TEXTBOOK.BOOK | Sections | Users | DP:SECTIONS.SECTIONNAME2 | DP:USERMODULEUSERS.INSTRUCTOR6.FIRSTNAME | DP:USERMODULEUSERS.INSTRUCTOR6.LASTNAME1 | Instructor | DP:USERMODULEUSERS.INSTRUCTOR6.USERNAME | DP:USERMODULEUSERS.INSTRUCTOR6.PASSWORD | Y | N |" name="And I enter DP:USERMODULEUSERS.INSTRUCTOR6.LASTNAME1 in Last Name" time="0"/>
  <testcase classname="| DP:SUPER.USERNAME | DP:SUPER.PASSWORD | DP:USERMODULEUSERS.INSTRUCTOR6.USERNAME | DP:INSTRUCTOR2.PASSWORD | DP:SECRET.QUESTION | DP:SECRET.ANSWER | DP:INSTRUCTOR2.PASSWORD | DP:SECTIONS.COURSENAME | DP:SECTIONS.TERM | DP:TEXTBOOK.SERIES | DP:TEXTBOOK.SUBJECT | DP:TEXTBOOK.BOOK | Sections | Users | DP:SECTIONS.SECTIONNAME2 | DP:USERMODULEUSERS.INSTRUCTOR6.FIRSTNAME | DP:USERMODULEUSERS.INSTRUCTOR6.LASTNAME1 | Instructor | DP:USERMODULEUSERS.INSTRUCTOR6.USERNAME | DP:USERMODULEUSERS.INSTRUCTOR6.PASSWORD | Y | N |" name="And I select Instructor from Role" time="0"/>
  <testcase classname="| DP:SUPER.USERNAME | DP:SUPER.PASSWORD | DP:USERMODULEUSERS.INSTRUCTOR6.USERNAME | DP:INSTRUCTOR2.PASSWORD | DP:SECRET.QUESTION | DP:SECRET.ANSWER | DP:INSTRUCTOR2.PASSWORD | DP:SECTIONS.COURSENAME | DP:SECTIONS.TERM | DP:TEXTBOOK.SERIES | DP:TEXTBOOK.SUBJECT | DP:TEXTBOOK.BOOK | Sections | Users | DP:SECTIONS.SECTIONNAME2 | DP:USERMODULEUSERS.INSTRUCTOR6.FIRSTNAME | DP:USERMODULEUSERS.INSTRUCTOR6.LASTNAME1 | Instructor | DP:USERMODULEUSERS.INSTRUCTOR6.USERNAME | DP:USERMODULEUSERS.INSTRUCTOR6.PASSWORD | Y | N |" name="And I enter DP:USERMODULEUSERS.INSTRUCTOR6.USERNAME in Username" time="0"/>
  <testcase classname="| DP:SUPER.USERNAME | DP:SUPER.PASSWORD | DP:USERMODULEUSERS.INSTRUCTOR6.USERNAME | DP:INSTRUCTOR2.PASSWORD | DP:SECRET.QUESTION | DP:SECRET.ANSWER | DP:INSTRUCTOR2.PASSWORD | DP:SECTIONS.COURSENAME | DP:SECTIONS.TERM | DP:TEXTBOOK.SERIES | DP:TEXTBOOK.SUBJECT | DP:TEXTBOOK.BOOK | Sections | Users | DP:SECTIONS.SECTIONNAME2 | DP:USERMODULEUSERS.INSTRUCTOR6.FIRSTNAME | DP:USERMODULEUSERS.INSTRUCTOR6.LASTNAME1 | Instructor | DP:USERMODULEUSERS.INSTRUCTOR6.USERNAME | DP:USERMODULEUSERS.INSTRUCTOR6.PASSWORD | Y | N |" name="And I enter DP:USERMODULEUSERS.INSTRUCTOR6.USERNAME in Verify Username" time="0"/>
  <testcase classname="| DP:SUPER.USERNAME | DP:SUPER.PASSWORD | DP:USERMODULEUSERS.INSTRUCTOR6.USERNAME | DP:INSTRUCTOR2.PASSWORD | DP:SECRET.QUESTION | DP:SECRET.ANSWER | DP:INSTRUCTOR2.PASSWORD | DP:SECTIONS.COURSENAME | DP:SECTIONS.TERM | DP:TEXTBOOK.SERIES | DP:TEXTBOOK.SUBJECT | DP:TEXTBOOK.BOOK | Sections | Users | DP:SECTIONS.SECTIONNAME2 | DP:USERMODULEUSERS.INSTRUCTOR6.FIRSTNAME | DP:USERMODULEUSERS.INSTRUCTOR6.LASTNAME1 | Instructor | DP:USERMODULEUSERS.INSTRUCTOR6.USERNAME | DP:USERMODULEUSERS.INSTRUCTOR6.PASSWORD | Y | N |" name="And I enter DP:USERMODULEUSERS.INSTRUCTOR6.PASSWORD in Password" time="0"/>
  <testcase classname="| DP:SUPER.USERNAME | DP:SUPER.PASSWORD | DP:USERMODULEUSERS.INSTRUCTOR6.USERNAME | DP:INSTRUCTOR2.PASSWORD | DP:SECRET.QUESTION | DP:SECRET.ANSWER | DP:INSTRUCTOR2.PASSWORD | DP:SECTIONS.COURSENAME | DP:SECTIONS.TERM | DP:TEXTBOOK.SERIES | DP:TEXTBOOK.SUBJECT | DP:TEXTBOOK.BOOK | Sections | Users | DP:SECTIONS.SECTIONNAME2 | DP:USERMODULEUSERS.INSTRUCTOR6.FIRSTNAME | DP:USERMODULEUSERS.INSTRUCTOR6.LASTNAME1 | Instructor | DP:USERMODULEUSERS.INSTRUCTOR6.USERNAME | DP:USERMODULEUSERS.INSTRUCTOR6.PASSWORD | Y | N |" name="And I enter DP:USERMODULEUSERS.INSTRUCTOR6.PASSWORD in Verify Password" time="0"/>
  <testcase classname="| DP:SUPER.USERNAME | DP:SUPER.PASSWORD | DP:USERMODULEUSERS.INSTRUCTOR6.USERNAME | DP:INSTRUCTOR2.PASSWORD | DP:SECRET.QUESTION | DP:SECRET.ANSWER | DP:INSTRUCTOR2.PASSWORD | DP:SECTIONS.COURSENAME | DP:SECTIONS.TERM | DP:TEXTBOOK.SERIES | DP:TEXTBOOK.SUBJECT | DP:TEXTBOOK.BOOK | Sections | Users | DP:SECTIONS.SECTIONNAME2 | DP:USERMODULEUSERS.INSTRUCTOR6.FIRSTNAME | DP:USERMODULEUSERS.INSTRUCTOR6.LASTNAME1 | Instructor | DP:USERMODULEUSERS.INSTRUCTOR6.USERNAME | DP:USERMODULEUSERS.INSTRUCTOR6.PASSWORD | Y | N |" name="And I click on Save button" time="0"/>
  <testcase classname="| DP:SUPER.USERNAME | DP:SUPER.PASSWORD | DP:USERMODULEUSERS.INSTRUCTOR6.USERNAME | DP:INSTRUCTOR2.PASSWORD | DP:SECRET.QUESTION | DP:SECRET.ANSWER | DP:INSTRUCTOR2.PASSWORD | DP:SECTIONS.COURSENAME | DP:SECTIONS.TERM | DP:TEXTBOOK.SERIES | DP:TEXTBOOK.SUBJECT | DP:TEXTBOOK.BOOK | Sections | Users | DP:SECTIONS.SECTIONNAME2 | DP:USERMODULEUSERS.INSTRUCTOR6.FIRSTNAME | DP:USERMODULEUSERS.INSTRUCTOR6.LASTNAME1 | Instructor | DP:USERMODULEUSERS.INSTRUCTOR6.USERNAME | DP:USERMODULEUSERS.INSTRUCTOR6.PASSWORD | Y | N |" name="And I click on Cancel button in User Added Successfully pop-up" time="0"/>
  <testcase classname="| DP:SUPER.USERNAME | DP:SUPER.PASSWORD | DP:USERMODULEUSERS.INSTRUCTOR6.USERNAME | DP:INSTRUCTOR2.PASSWORD | DP:SECRET.QUESTION | DP:SECRET.ANSWER | DP:INSTRUCTOR2.PASSWORD | DP:SECTIONS.COURSENAME | DP:SECTIONS.TERM | DP:TEXTBOOK.SERIES | DP:TEXTBOOK.SUBJECT | DP:TEXTBOOK.BOOK | Sections | Users | DP:SECTIONS.SECTIONNAME2 | DP:USERMODULEUSERS.INSTRUCTOR6.FIRSTNAME | DP:USERMODULEUSERS.INSTRUCTOR6.LASTNAME1 | Instructor | DP:USERMODULEUSERS.INSTRUCTOR6.USERNAME | DP:USERMODULEUSERS.INSTRUCTOR6.PASSWORD | Y | N |" name="And I see the created DP:USERMODULEUSERS.INSTRUCTOR6.USERNAME Instructor Y in Users page" time="0"/>
  <testcase classname="| DP:SUPER.USERNAME | DP:SUPER.PASSWORD | DP:USERMODULEUSERS.INSTRUCTOR6.USERNAME | DP:INSTRUCTOR2.PASSWORD | DP:SECRET.QUESTION | DP:SECRET.ANSWER | DP:INSTRUCTOR2.PASSWORD | DP:SECTIONS.COURSENAME | DP:SECTIONS.TERM | DP:TEXTBOOK.SERIES | DP:TEXTBOOK.SUBJECT | DP:TEXTBOOK.BOOK | Sections | Users | DP:SECTIONS.SECTIONNAME2 | DP:USERMODULEUSERS.INSTRUCTOR6.FIRSTNAME | DP:USERMODULEUSERS.INSTRUCTOR6.LASTNAME1 | Instructor | DP:USERMODULEUSERS.INSTRUCTOR6.USERNAME | DP:USERMODULEUSERS.INSTRUCTOR6.PASSWORD | Y | N |" name="And I click on Logout button" time="0"/>
  <testcase classname="| DP:SUPER.USERNAME | DP:SUPER.PASSWORD | DP:USERMODULEUSERS.INSTRUCTOR6.USERNAME | DP:INSTRUCTOR2.PASSWORD | DP:SECRET.QUESTION | DP:SECRET.ANSWER | DP:INSTRUCTOR2.PASSWORD | DP:SECTIONS.COURSENAME | DP:SECTIONS.TERM | DP:TEXTBOOK.SERIES | DP:TEXTBOOK.SUBJECT | DP:TEXTBOOK.BOOK | Sections | Users | DP:SECTIONS.SECTIONNAME2 | DP:USERMODULEUSERS.INSTRUCTOR6.FIRSTNAME | DP:USERMODULEUSERS.INSTRUCTOR6.LASTNAME1 | Instructor | DP:USERMODULEUSERS.INSTRUCTOR6.USERNAME | DP:USERMODULEUSERS.INSTRUCTOR6.PASSWORD | Y | N |" name="And I enter DP:USERMODULEUSERS.INSTRUCTOR6.USERNAME Y Username in LMS login page" time="0"/>
  <testcase classname="| DP:SUPER.USERNAME | DP:SUPER.PASSWORD | DP:USERMODULEUSERS.INSTRUCTOR6.USERNAME | DP:INSTRUCTOR2.PASSWORD | DP:SECRET.QUESTION | DP:SECRET.ANSWER | DP:INSTRUCTOR2.PASSWORD | DP:SECTIONS.COURSENAME | DP:SECTIONS.TERM | DP:TEXTBOOK.SERIES | DP:TEXTBOOK.SUBJECT | DP:TEXTBOOK.BOOK | Sections | Users | DP:SECTIONS.SECTIONNAME2 | DP:USERMODULEUSERS.INSTRUCTOR6.FIRSTNAME | DP:USERMODULEUSERS.INSTRUCTOR6.LASTNAME1 | Instructor | DP:USERMODULEUSERS.INSTRUCTOR6.USERNAME | DP:USERMODULEUSERS.INSTRUCTOR6.PASSWORD | Y | N |" name="And I enter DP:INSTRUCTOR2.PASSWORD Password in LMS login page" time="0"/>
  <testcase classname="| DP:SUPER.USERNAME | DP:SUPER.PASSWORD | DP:USERMODULEUSERS.INSTRUCTOR6.USERNAME | DP:INSTRUCTOR2.PASSWORD | DP:SECRET.QUESTION | DP:SECRET.ANSWER | DP:INSTRUCTOR2.PASSWORD | DP:SECTIONS.COURSENAME | DP:SECTIONS.TERM | DP:TEXTBOOK.SERIES | DP:TEXTBOOK.SUBJECT | DP:TEXTBOOK.BOOK | Sections | Users | DP:SECTIONS.SECTIONNAME2 | DP:USERMODULEUSERS.INSTRUCTOR6.FIRSTNAME | DP:USERMODULEUSERS.INSTRUCTOR6.LASTNAME1 | Instructor | DP:USERMODULEUSERS.INSTRUCTOR6.USERNAME | DP:USERMODULEUSERS.INSTRUCTOR6.PASSWORD | Y | N |" name="And I click on Log In button" time="0"/>
  <testcase classname="| DP:SUPER.USERNAME | DP:SUPER.PASSWORD | DP:USERMODULEUSERS.INSTRUCTOR6.USERNAME | DP:INSTRUCTOR2.PASSWORD | DP:SECRET.QUESTION | DP:SECRET.ANSWER | DP:INSTRUCTOR2.PASSWORD | DP:SECTIONS.COURSENAME | DP:SECTIONS.TERM | DP:TEXTBOOK.SERIES | DP:TEXTBOOK.SUBJECT | DP:TEXTBOOK.BOOK | Sections | Users | DP:SECTIONS.SECTIONNAME2 | DP:USERMODULEUSERS.INSTRUCTOR6.FIRSTNAME | DP:USERMODULEUSERS.INSTRUCTOR6.LASTNAME1 | Instructor | DP:USERMODULEUSERS.INSTRUCTOR6.USERNAME | DP:USERMODULEUSERS.INSTRUCTOR6.PASSWORD | Y | N |" name="And I click on I Agree button in EULA page" time="0"/>
  <testcase classname="| DP:SUPER.USERNAME | DP:SUPER.PASSWORD | DP:USERMODULEUSERS.INSTRUCTOR6.USERNAME | DP:INSTRUCTOR2.PASSWORD | DP:SECRET.QUESTION | DP:SECRET.ANSWER | DP:INSTRUCTOR2.PASSWORD | DP:SECTIONS.COURSENAME | DP:SECTIONS.TERM | DP:TEXTBOOK.SERIES | DP:TEXTBOOK.SUBJECT | DP:TEXTBOOK.BOOK | Sections | Users | DP:SECTIONS.SECTIONNAME2 | DP:USERMODULEUSERS.INSTRUCTOR6.FIRSTNAME | DP:USERMODULEUSERS.INSTRUCTOR6.LASTNAME1 | Instructor | DP:USERMODULEUSERS.INSTRUCTOR6.USERNAME | DP:USERMODULEUSERS.INSTRUCTOR6.PASSWORD | Y | N |" name="And I select DP:SECRET.QUESTION from secret question" time="0.001"/>
  <testcase classname="| DP:SUPER.USERNAME | DP:SUPER.PASSWORD | DP:USERMODULEUSERS.INSTRUCTOR6.USERNAME | DP:INSTRUCTOR2.PASSWORD | DP:SECRET.QUESTION | DP:SECRET.ANSWER | DP:INSTRUCTOR2.PASSWORD | DP:SECTIONS.COURSENAME | DP:SECTIONS.TERM | DP:TEXTBOOK.SERIES | DP:TEXTBOOK.SUBJECT | DP:TEXTBOOK.BOOK | Sections | Users | DP:SECTIONS.SECTIONNAME2 | DP:USERMODULEUSERS.INSTRUCTOR6.FIRSTNAME | DP:USERMODULEUSERS.INSTRUCTOR6.LASTNAME1 | Instructor | DP:USERMODULEUSERS.INSTRUCTOR6.USERNAME | DP:USERMODULEUSERS.INSTRUCTOR6.PASSWORD | Y | N |" name="And I enter DP:SECRET.ANSWER in secret answer" time="0"/>
  <testcase classname="| DP:SUPER.USERNAME | DP:SUPER.PASSWORD | DP:USERMODULEUSERS.INSTRUCTOR6.USERNAME | DP:INSTRUCTOR2.PASSWORD | DP:SECRET.QUESTION | DP:SECRET.ANSWER | DP:INSTRUCTOR2.PASSWORD | DP:SECTIONS.COURSENAME | DP:SECTIONS.TERM | DP:TEXTBOOK.SERIES | DP:TEXTBOOK.SUBJECT | DP:TEXTBOOK.BOOK | Sections | Users | DP:SECTIONS.SECTIONNAME2 | DP:USERMODULEUSERS.INSTRUCTOR6.FIRSTNAME | DP:USERMODULEUSERS.INSTRUCTOR6.LASTNAME1 | Instructor | DP:USERMODULEUSERS.INSTRUCTOR6.USERNAME | DP:USERMODULEUSERS.INSTRUCTOR6.PASSWORD | Y | N |" name="And I click on Submit button" time="0"/>
  <testcase classname="| DP:SUPER.USERNAME | DP:SUPER.PASSWORD | DP:USERMODULEUSERS.INSTRUCTOR6.USERNAME | DP:INSTRUCTOR2.PASSWORD | DP:SECRET.QUESTION | DP:SECRET.ANSWER | DP:INSTRUCTOR2.PASSWORD | DP:SECTIONS.COURSENAME | DP:SECTIONS.TERM | DP:TEXTBOOK.SERIES | DP:TEXTBOOK.SUBJECT | DP:TEXTBOOK.BOOK | Sections | Users | DP:SECTIONS.SECTIONNAME2 | DP:USERMODULEUSERS.INSTRUCTOR6.FIRSTNAME | DP:USERMODULEUSERS.INSTRUCTOR6.LASTNAME1 | Instructor | DP:USERMODULEUSERS.INSTRUCTOR6.USERNAME | DP:USERMODULEUSERS.INSTRUCTOR6.PASSWORD | Y | N |" name="And I enter DP:INSTRUCTOR2.PASSWORD in New Password" time="0"/>
  <testcase classname="| DP:SUPER.USERNAME | DP:SUPER.PASSWORD | DP:USERMODULEUSERS.INSTRUCTOR6.USERNAME | DP:INSTRUCTOR2.PASSWORD | DP:SECRET.QUESTION | DP:SECRET.ANSWER | DP:INSTRUCTOR2.PASSWORD | DP:SECTIONS.COURSENAME | DP:SECTIONS.TERM | DP:TEXTBOOK.SERIES | DP:TEXTBOOK.SUBJECT | DP:TEXTBOOK.BOOK | Sections | Users | DP:SECTIONS.SECTIONNAME2 | DP:USERMODULEUSERS.INSTRUCTOR6.FIRSTNAME | DP:USERMODULEUSERS.INSTRUCTOR6.LASTNAME1 | Instructor | DP:USERMODULEUSERS.INSTRUCTOR6.USERNAME | DP:USERMODULEUSERS.INSTRUCTOR6.PASSWORD | Y | N |" name="And I enter DP:INSTRUCTOR2.PASSWORD in Confirm Password" time="0"/>
  <testcase classname="| DP:SUPER.USERNAME | DP:SUPER.PASSWORD | DP:USERMODULEUSERS.INSTRUCTOR6.USERNAME | DP:INSTRUCTOR2.PASSWORD | DP:SECRET.QUESTION | DP:SECRET.ANSWER | DP:INSTRUCTOR2.PASSWORD | DP:SECTIONS.COURSENAME | DP:SECTIONS.TERM | DP:TEXTBOOK.SERIES | DP:TEXTBOOK.SUBJECT | DP:TEXTBOOK.BOOK | Sections | Users | DP:SECTIONS.SECTIONNAME2 | DP:USERMODULEUSERS.INSTRUCTOR6.FIRSTNAME | DP:USERMODULEUSERS.INSTRUCTOR6.LASTNAME1 | Instructor | DP:USERMODULEUSERS.INSTRUCTOR6.USERNAME | DP:USERMODULEUSERS.INSTRUCTOR6.PASSWORD | Y | N |" name="And I click on Continue button" time="0"/>
  <testcase classname="| DP:SUPER.USERNAME | DP:SUPER.PASSWORD | DP:USERMODULEUSERS.INSTRUCTOR6.USERNAME | DP:INSTRUCTOR2.PASSWORD | DP:SECRET.QUESTION | DP:SECRET.ANSWER | DP:INSTRUCTOR2.PASSWORD | DP:SECTIONS.COURSENAME | DP:SECTIONS.TERM | DP:TEXTBOOK.SERIES | DP:TEXTBOOK.SUBJECT | DP:TEXTBOOK.BOOK | Sections | Users | DP:SECTIONS.SECTIONNAME2 | DP:USERMODULEUSERS.INSTRUCTOR6.FIRSTNAME | DP:USERMODULEUSERS.INSTRUCTOR6.LASTNAME1 | Instructor | DP:USERMODULEUSERS.INSTRUCTOR6.USERNAME | DP:USERMODULEUSERS.INSTRUCTOR6.PASSWORD | Y | N |" name="And I see home page of LMS" time="0"/>
  <testcase classname="| DP:SUPER.USERNAME | DP:SUPER.PASSWORD | DP:USERMODULEUSERS.INSTRUCTOR6.USERNAME | DP:INSTRUCTOR2.PASSWORD | DP:SECRET.QUESTION | DP:SECRET.ANSWER | DP:INSTRUCTOR2.PASSWORD | DP:SECTIONS.COURSENAME | DP:SECTIONS.TERM | DP:TEXTBOOK.SERIES | DP:TEXTBOOK.SUBJECT | DP:TEXTBOOK.BOOK | Sections | Users | DP:SECTIONS.SECTIONNAME2 | DP:USERMODULEUSERS.INSTRUCTOR6.FIRSTNAME | DP:USERMODULEUSERS.INSTRUCTOR6.LASTNAME1 | Instructor | DP:USERMODULEUSERS.INSTRUCTOR6.USERNAME | DP:USERMODULEUSERS.INSTRUCTOR6.PASSWORD | Y | N |" name="And I click on Sections tab" time="0"/>
  <testcase classname="| DP:SUPER.USERNAME | DP:SUPER.PASSWORD | DP:USERMODULEUSERS.INSTRUCTOR6.USERNAME | DP:INSTRUCTOR2.PASSWORD | DP:SECRET.QUESTION | DP:SECRET.ANSWER | DP:INSTRUCTOR2.PASSWORD | DP:SECTIONS.COURSENAME | DP:SECTIONS.TERM | DP:TEXTBOOK.SERIES | DP:TEXTBOOK.SUBJECT | DP:TEXTBOOK.BOOK | Sections | Users | DP:SECTIONS.SECTIONNAME2 | DP:USERMODULEUSERS.INSTRUCTOR6.FIRSTNAME | DP:USERMODULEUSERS.INSTRUCTOR6.LASTNAME1 | Instructor | DP:USERMODULEUSERS.INSTRUCTOR6.USERNAME | DP:USERMODULEUSERS.INSTRUCTOR6.PASSWORD | Y | N |" name="And I click on Add New button" time="0"/>
  <testcase classname="| DP:SUPER.USERNAME | DP:SUPER.PASSWORD | DP:USERMODULEUSERS.INSTRUCTOR6.USERNAME | DP:INSTRUCTOR2.PASSWORD | DP:SECRET.QUESTION | DP:SECRET.ANSWER | DP:INSTRUCTOR2.PASSWORD | DP:SECTIONS.COURSENAME | DP:SECTIONS.TERM | DP:TEXTBOOK.SERIES | DP:TEXTBOOK.SUBJECT | DP:TEXTBOOK.BOOK | Sections | Users | DP:SECTIONS.SECTIONNAME2 | DP:USERMODULEUSERS.INSTRUCTOR6.FIRSTNAME | DP:USERMODULEUSERS.INSTRUCTOR6.LASTNAME1 | Instructor | DP:USERMODULEUSERS.INSTRUCTOR6.USERNAME | DP:USERMODULEUSERS.INSTRUCTOR6.PASSWORD | Y | N |" name="And I enter DP:SECTIONS.SECTIONNAME2 Y in Section Name" time="0"/>
  <testcase classname="| DP:SUPER.USERNAME | DP:SUPER.PASSWORD | DP:USERMODULEUSERS.INSTRUCTOR6.USERNAME | DP:INSTRUCTOR2.PASSWORD | DP:SECRET.QUESTION | DP:SECRET.ANSWER | DP:INSTRUCTOR2.PASSWORD | DP:SECTIONS.COURSENAME | DP:SECTIONS.TERM | DP:TEXTBOOK.SERIES | DP:TEXTBOOK.SUBJECT | DP:TEXTBOOK.BOOK | Sections | Users | DP:SECTIONS.SECTIONNAME2 | DP:USERMODULEUSERS.INSTRUCTOR6.FIRSTNAME | DP:USERMODULEUSERS.INSTRUCTOR6.LASTNAME1 | Instructor | DP:USERMODULEUSERS.INSTRUCTOR6.USERNAME | DP:USERMODULEUSERS.INSTRUCTOR6.PASSWORD | Y | N |" name="And I enter DP:SECTIONS.COURSENAME in Course Name" time="0"/>
  <testcase classname="| DP:SUPER.USERNAME | DP:SUPER.PASSWORD | DP:USERMODULEUSERS.INSTRUCTOR6.USERNAME | DP:INSTRUCTOR2.PASSWORD | DP:SECRET.QUESTION | DP:SECRET.ANSWER | DP:INSTRUCTOR2.PASSWORD | DP:SECTIONS.COURSENAME | DP:SECTIONS.TERM | DP:TEXTBOOK.SERIES | DP:TEXTBOOK.SUBJECT | DP:TEXTBOOK.BOOK | Sections | Users | DP:SECTIONS.SECTIONNAME2 | DP:USERMODULEUSERS.INSTRUCTOR6.FIRSTNAME | DP:USERMODULEUSERS.INSTRUCTOR6.LASTNAME1 | Instructor | DP:USERMODULEUSERS.INSTRUCTOR6.USERNAME | DP:USERMODULEUSERS.INSTRUCTOR6.PASSWORD | Y | N |" name="And I enter DP:SECTIONS.TERM in Term" time="0"/>
  <testcase classname="| DP:SUPER.USERNAME | DP:SUPER.PASSWORD | DP:USERMODULEUSERS.INSTRUCTOR6.USERNAME | DP:INSTRUCTOR2.PASSWORD | DP:SECRET.QUESTION | DP:SECRET.ANSWER | DP:INSTRUCTOR2.PASSWORD | DP:SECTIONS.COURSENAME | DP:SECTIONS.TERM | DP:TEXTBOOK.SERIES | DP:TEXTBOOK.SUBJECT | DP:TEXTBOOK.BOOK | Sections | Users | DP:SECTIONS.SECTIONNAME2 | DP:USERMODULEUSERS.INSTRUCTOR6.FIRSTNAME | DP:USERMODULEUSERS.INSTRUCTOR6.LASTNAME1 | Instructor | DP:USERMODULEUSERS.INSTRUCTOR6.USERNAME | DP:USERMODULEUSERS.INSTRUCTOR6.PASSWORD | Y | N |" name="And I click on Save button" time="0"/>
  <testcase classname="| DP:SUPER.USERNAME | DP:SUPER.PASSWORD | DP:USERMODULEUSERS.INSTRUCTOR6.USERNAME | DP:INSTRUCTOR2.PASSWORD | DP:SECRET.QUESTION | DP:SECRET.ANSWER | DP:INSTRUCTOR2.PASSWORD | DP:SECTIONS.COURSENAME | DP:SECTIONS.TERM | DP:TEXTBOOK.SERIES | DP:TEXTBOOK.SUBJECT | DP:TEXTBOOK.BOOK | Sections | Users | DP:SECTIONS.SECTIONNAME2 | DP:USERMODULEUSERS.INSTRUCTOR6.FIRSTNAME | DP:USERMODULEUSERS.INSTRUCTOR6.LASTNAME1 | Instructor | DP:USERMODULEUSERS.INSTRUCTOR6.USERNAME | DP:USERMODULEUSERS.INSTRUCTOR6.PASSWORD | Y | N |" name="And I click on OK button in popup" time="0"/>
  <testcase classname="| DP:SUPER.USERNAME | DP:SUPER.PASSWORD | DP:USERMODULEUSERS.INSTRUCTOR6.USERNAME | DP:INSTRUCTOR2.PASSWORD | DP:SECRET.QUESTION | DP:SECRET.ANSWER | DP:INSTRUCTOR2.PASSWORD | DP:SECTIONS.COURSENAME | DP:SECTIONS.TERM | DP:TEXTBOOK.SERIES | DP:TEXTBOOK.SUBJECT | DP:TEXTBOOK.BOOK | Sections | Users | DP:SECTIONS.SECTIONNAME2 | DP:USERMODULEUSERS.INSTRUCTOR6.FIRSTNAME | DP:USERMODULEUSERS.INSTRUCTOR6.LASTNAME1 | Instructor | DP:USERMODULEUSERS.INSTRUCTOR6.USERNAME | DP:USERMODULEUSERS.INSTRUCTOR6.PASSWORD | Y | N |" name="And I click on text book tab in section page" time="0"/>
  <testcase classname="| DP:SUPER.USERNAME | DP:SUPER.PASSWORD | DP:USERMODULEUSERS.INSTRUCTOR6.USERNAME | DP:INSTRUCTOR2.PASSWORD | DP:SECRET.QUESTION | DP:SECRET.ANSWER | DP:INSTRUCTOR2.PASSWORD | DP:SECTIONS.COURSENAME | DP:SECTIONS.TERM | DP:TEXTBOOK.SERIES | DP:TEXTBOOK.SUBJECT | DP:TEXTBOOK.BOOK | Sections | Users | DP:SECTIONS.SECTIONNAME2 | DP:USERMODULEUSERS.INSTRUCTOR6.FIRSTNAME | DP:USERMODULEUSERS.INSTRUCTOR6.LASTNAME1 | Instructor | DP:USERMODULEUSERS.INSTRUCTOR6.USERNAME | DP:USERMODULEUSERS.INSTRUCTOR6.PASSWORD | Y | N |" name="And I Click on Available Textbook in textbook tab" time="0"/>
  <testcase classname="| DP:SUPER.USERNAME | DP:SUPER.PASSWORD | DP:USERMODULEUSERS.INSTRUCTOR6.USERNAME | DP:INSTRUCTOR2.PASSWORD | DP:SECRET.QUESTION | DP:SECRET.ANSWER | DP:INSTRUCTOR2.PASSWORD | DP:SECTIONS.COURSENAME | DP:SECTIONS.TERM | DP:TEXTBOOK.SERIES | DP:TEXTBOOK.SUBJECT | DP:TEXTBOOK.BOOK | Sections | Users | DP:SECTIONS.SECTIONNAME2 | DP:USERMODULEUSERS.INSTRUCTOR6.FIRSTNAME | DP:USERMODULEUSERS.INSTRUCTOR6.LASTNAME1 | Instructor | DP:USERMODULEUSERS.INSTRUCTOR6.USERNAME | DP:USERMODULEUSERS.INSTRUCTOR6.PASSWORD | Y | N |" name="And I select DP:TEXTBOOK.SERIES from Series drop down" time="0.003"/>
  <testcase classname="| DP:SUPER.USERNAME | DP:SUPER.PASSWORD | DP:USERMODULEUSERS.INSTRUCTOR6.USERNAME | DP:INSTRUCTOR2.PASSWORD | DP:SECRET.QUESTION | DP:SECRET.ANSWER | DP:INSTRUCTOR2.PASSWORD | DP:SECTIONS.COURSENAME | DP:SECTIONS.TERM | DP:TEXTBOOK.SERIES | DP:TEXTBOOK.SUBJECT | DP:TEXTBOOK.BOOK | Sections | Users | DP:SECTIONS.SECTIONNAME2 | DP:USERMODULEUSERS.INSTRUCTOR6.FIRSTNAME | DP:USERMODULEUSERS.INSTRUCTOR6.LASTNAME1 | Instructor | DP:USERMODULEUSERS.INSTRUCTOR6.USERNAME | DP:USERMODULEUSERS.INSTRUCTOR6.PASSWORD | Y | N |" name="And I select DP:TEXTBOOK.SUBJECT from Subject drop down" time="0"/>
  <testcase classname="| DP:SUPER.USERNAME | DP:SUPER.PASSWORD | DP:USERMODULEUSERS.INSTRUCTOR6.USERNAME | DP:INSTRUCTOR2.PASSWORD | DP:SECRET.QUESTION | DP:SECRET.ANSWER | DP:INSTRUCTOR2.PASSWORD | DP:SECTIONS.COURSENAME | DP:SECTIONS.TERM | DP:TEXTBOOK.SERIES | DP:TEXTBOOK.SUBJECT | DP:TEXTBOOK.BOOK | Sections | Users | DP:SECTIONS.SECTIONNAME2 | DP:USERMODULEUSERS.INSTRUCTOR6.FIRSTNAME | DP:USERMODULEUSERS.INSTRUCTOR6.LASTNAME1 | Instructor | DP:USERMODULEUSERS.INSTRUCTOR6.USERNAME | DP:USERMODULEUSERS.INSTRUCTOR6.PASSWORD | Y | N |" name="And I Click on DP:TEXTBOOK.BOOK Add Item button" time="0"/>
  <testcase classname="| DP:SUPER.USERNAME | DP:SUPER.PASSWORD | DP:USERMODULEUSERS.INSTRUCTOR6.USERNAME | DP:INSTRUCTOR2.PASSWORD | DP:SECRET.QUESTION | DP:SECRET.ANSWER | DP:INSTRUCTOR2.PASSWORD | DP:SECTIONS.COURSENAME | DP:SECTIONS.TERM | DP:TEXTBOOK.SERIES | DP:TEXTBOOK.SUBJECT | DP:TEXTBOOK.BOOK | Sections | Users | DP:SECTIONS.SECTIONNAME2 | DP:USERMODULEUSERS.INSTRUCTOR6.FIRSTNAME | DP:USERMODULEUSERS.INSTRUCTOR6.LASTNAME1 | Instructor | DP:USERMODULEUSERS.INSTRUCTOR6.USERNAME | DP:USERMODULEUSERS.INSTRUCTOR6.PASSWORD | Y | N |" name="And I Click on Active Textbooks in textbook tab" time="0"/>
  <testcase classname="| DP:SUPER.USERNAME | DP:SUPER.PASSWORD | DP:USERMODULEUSERS.INSTRUCTOR6.USERNAME | DP:INSTRUCTOR2.PASSWORD | DP:SECRET.QUESTION | DP:SECRET.ANSWER | DP:INSTRUCTOR2.PASSWORD | DP:SECTIONS.COURSENAME | DP:SECTIONS.TERM | DP:TEXTBOOK.SERIES | DP:TEXTBOOK.SUBJECT | DP:TEXTBOOK.BOOK | Sections | Users | DP:SECTIONS.SECTIONNAME2 | DP:USERMODULEUSERS.INSTRUCTOR6.FIRSTNAME | DP:USERMODULEUSERS.INSTRUCTOR6.LASTNAME1 | Instructor | DP:USERMODULEUSERS.INSTRUCTOR6.USERNAME | DP:USERMODULEUSERS.INSTRUCTOR6.PASSWORD | Y | N |" name="And I Click on Student readings toggle" time="0"/>
  <testcase classname="| DP:SUPER.USERNAME | DP:SUPER.PASSWORD | DP:USERMODULEUSERS.INSTRUCTOR6.USERNAME | DP:INSTRUCTOR2.PASSWORD | DP:SECRET.QUESTION | DP:SECRET.ANSWER | DP:INSTRUCTOR2.PASSWORD | DP:SECTIONS.COURSENAME | DP:SECTIONS.TERM | DP:TEXTBOOK.SERIES | DP:TEXTBOOK.SUBJECT | DP:TEXTBOOK.BOOK | Sections | Users | DP:SECTIONS.SECTIONNAME2 | DP:USERMODULEUSERS.INSTRUCTOR6.FIRSTNAME | DP:USERMODULEUSERS.INSTRUCTOR6.LASTNAME1 | Instructor | DP:USERMODULEUSERS.INSTRUCTOR6.USERNAME | DP:USERMODULEUSERS.INSTRUCTOR6.PASSWORD | Y | N |" name="When I click on save and close button in section page" time="0"/>
  <testcase classname="| DP:SUPER.USERNAME | DP:SUPER.PASSWORD | DP:USERMODULEUSERS.INSTRUCTOR6.USERNAME | DP:INSTRUCTOR2.PASSWORD | DP:SECRET.QUESTION | DP:SECRET.ANSWER | DP:INSTRUCTOR2.PASSWORD | DP:SECTIONS.COURSENAME | DP:SECTIONS.TERM | DP:TEXTBOOK.SERIES | DP:TEXTBOOK.SUBJECT | DP:TEXTBOOK.BOOK | Sections | Users | DP:SECTIONS.SECTIONNAME2 | DP:USERMODULEUSERS.INSTRUCTOR6.FIRSTNAME | DP:USERMODULEUSERS.INSTRUCTOR6.LASTNAME1 | Instructor | DP:USERMODULEUSERS.INSTRUCTOR6.USERNAME | DP:USERMODULEUSERS.INSTRUCTOR6.PASSWORD | Y | N |" name="Then I see the created DP:SECTIONS.SECTIONNAME2 Y in Sections page" time="0"/>
  <testcase classname="| DP:SUPER.USERNAME | DP:SUPER.PASSWORD | DP:USERMODULEUSERS.INSTRUCTOR6.USERNAME | DP:INSTRUCTOR2.PASSWORD | DP:SECRET.QUESTION | DP:SECRET.ANSWER | DP:INSTRUCTOR2.PASSWORD | DP:SECTIONS.COURSENAME | DP:SECTIONS.TERM | DP:TEXTBOOK.SERIES | DP:TEXTBOOK.SUBJECT | DP:TEXTBOOK.BOOK | Sections | Users | DP:SECTIONS.SECTIONNAME2 | DP:USERMODULEUSERS.INSTRUCTOR6.FIRSTNAME | DP:USERMODULEUSERS.INSTRUCTOR6.LASTNAME1 | Instructor | DP:USERMODULEUSERS.INSTRUCTOR6.USERNAME | DP:USERMODULEUSERS.INSTRUCTOR6.PASSWORD | Y | N |" name="And I click on Logout button" time="0"/>
  <testcase classname="| DP:SUPER.USERNAME | DP:SUPER.PASSWORD | DP:USERMODULEUSERS.INSTRUCTOR6.USERNAME | DP:INSTRUCTOR2.PASSWORD | DP:SECRET.QUESTION | DP:SECRET.ANSWER | DP:INSTRUCTOR2.PASSWORD | DP:SECTIONS.COURSENAME | DP:SECTIONS.TERM | DP:TEXTBOOK.SERIES | DP:TEXTBOOK.SUBJECT | DP:TEXTBOOK.BOOK | Sections | Users | DP:SECTIONS.SECTIONNAME2 | DP:USERMODULEUSERS.INSTRUCTOR6.FIRSTNAME | DP:USERMODULEUSERS.INSTRUCTOR6.LASTNAME1 | Instructor | DP:USERMODULEUSERS.INSTRUCTOR6.USERNAME | DP:USERMODULEUSERS.INSTRUCTOR6.PASSWORD | Y | N |" name="| DP:SUPER.USERNAME | DP:SUPER.PASSWORD | DP:USERMODULEUSERS.INSTRUCTOR6.USERNAME | DP:INSTRUCTOR2.PASSWORD | DP:SECRET.QUESTION | DP:SECRET.ANSWER | DP:INSTRUCTOR2.PASSWORD | DP:SECTIONS.COURSENAME | DP:SECTIONS.TERM | DP:TEXTBOOK.SERIES | DP:TEXTBOOK.SUBJECT | DP:TEXTBOOK.BOOK | Sections | Users | DP:SECTIONS.SECTIONNAME2 | DP:USERMODULEUSERS.INSTRUCTOR6.FIRSTNAME | DP:USERMODULEUSERS.INSTRUCTOR6.LASTNAME1 | Instructor | DP:USERMODULEUSERS.INSTRUCTOR6.USERNAME | DP:USERMODULEUSERS.INSTRUCTOR6.PASSWORD | Y | N |" time="0.002"/>
  <testcase classname="| DP:SUPER.USERNAME | DP:SUPER.PASSWORD | Users | DP:USERMODULEUSERS.INSTRUCTOR2.FIRSTNAME | DP:USERMODULEUSERS.INSTRUCTOR2.LASTNAME1 | Instructor | DP:USERMODULEUSERS.INSTRUCTOR2.USERNAME | DP:USERMODULEUSERS.INSTRUCTOR2.PASSWORD | Y | N |" name="Given As a user I see login page of LMS" time="0"/>
  <testcase classname="| DP:SUPER.USERNAME | DP:SUPER.PASSWORD | Users | DP:USERMODULEUSERS.INSTRUCTOR2.FIRSTNAME | DP:USERMODULEUSERS.INSTRUCTOR2.LASTNAME1 | Instructor | DP:USERMODULEUSERS.INSTRUCTOR2.USERNAME | DP:USERMODULEUSERS.INSTRUCTOR2.PASSWORD | Y | N |" name="And I enter DP:SUPER.USERNAME N Username in LMS login page" time="0"/>
  <testcase classname="| DP:SUPER.USERNAME | DP:SUPER.PASSWORD | Users | DP:USERMODULEUSERS.INSTRUCTOR2.FIRSTNAME | DP:USERMODULEUSERS.INSTRUCTOR2.LASTNAME1 | Instructor | DP:USERMODULEUSERS.INSTRUCTOR2.USERNAME | DP:USERMODULEUSERS.INSTRUCTOR2.PASSWORD | Y | N |" name="And I enter DP:SUPER.PASSWORD Password in LMS login page" time="0"/>
  <testcase classname="| DP:SUPER.USERNAME | DP:SUPER.PASSWORD | Users | DP:USERMODULEUSERS.INSTRUCTOR2.FIRSTNAME | DP:USERMODULEUSERS.INSTRUCTOR2.LASTNAME1 | Instructor | DP:USERMODULEUSERS.INSTRUCTOR2.USERNAME | DP:USERMODULEUSERS.INSTRUCTOR2.PASSWORD | Y | N |" name="And I click on Log In button" time="0"/>
  <testcase classname="| DP:SUPER.USERNAME | DP:SUPER.PASSWORD | Users | DP:USERMODULEUSERS.INSTRUCTOR2.FIRSTNAME | DP:USERMODULEUSERS.INSTRUCTOR2.LASTNAME1 | Instructor | DP:USERMODULEUSERS.INSTRUCTOR2.USERNAME | DP:USERMODULEUSERS.INSTRUCTOR2.PASSWORD | Y | N |" name="And I see home page of LMS" time="0"/>
  <testcase classname="| DP:SUPER.USERNAME | DP:SUPER.PASSWORD | Users | DP:USERMODULEUSERS.INSTRUCTOR2.FIRSTNAME | DP:USERMODULEUSERS.INSTRUCTOR2.LASTNAME1 | Instructor | DP:USERMODULEUSERS.INSTRUCTOR2.USERNAME | DP:USERMODULEUSERS.INSTRUCTOR2.PASSWORD | Y | N |" name="And I click on Users tab" time="0"/>
  <testcase classname="| DP:SUPER.USERNAME | DP:SUPER.PASSWORD | Users | DP:USERMODULEUSERS.INSTRUCTOR2.FIRSTNAME | DP:USERMODULEUSERS.INSTRUCTOR2.LASTNAME1 | Instructor | DP:USERMODULEUSERS.INSTRUCTOR2.USERNAME | DP:USERMODULEUSERS.INSTRUCTOR2.PASSWORD | Y | N |" name="And I click on Add New button" time="0"/>
  <testcase classname="| DP:SUPER.USERNAME | DP:SUPER.PASSWORD | Users | DP:USERMODULEUSERS.INSTRUCTOR2.FIRSTNAME | DP:USERMODULEUSERS.INSTRUCTOR2.LASTNAME1 | Instructor | DP:USERMODULEUSERS.INSTRUCTOR2.USERNAME | DP:USERMODULEUSERS.INSTRUCTOR2.PASSWORD | Y | N |" name="And I enter DP:USERMODULEUSERS.INSTRUCTOR2.FIRSTNAME in First Name" time="0"/>
  <testcase classname="| DP:SUPER.USERNAME | DP:SUPER.PASSWORD | Users | DP:USERMODULEUSERS.INSTRUCTOR2.FIRSTNAME | DP:USERMODULEUSERS.INSTRUCTOR2.LASTNAME1 | Instructor | DP:USERMODULEUSERS.INSTRUCTOR2.USERNAME | DP:USERMODULEUSERS.INSTRUCTOR2.PASSWORD | Y | N |" name="And I enter DP:USERMODULEUSERS.INSTRUCTOR2.LASTNAME1 in Last Name" time="0"/>
  <testcase classname="| DP:SUPER.USERNAME | DP:SUPER.PASSWORD | Users | DP:USERMODULEUSERS.INSTRUCTOR2.FIRSTNAME | DP:USERMODULEUSERS.INSTRUCTOR2.LASTNAME1 | Instructor | DP:USERMODULEUSERS.INSTRUCTOR2.USERNAME | DP:USERMODULEUSERS.INSTRUCTOR2.PASSWORD | Y | N |" name="And I select Instructor from Role" time="0"/>
  <testcase classname="| DP:SUPER.USERNAME | DP:SUPER.PASSWORD | Users | DP:USERMODULEUSERS.INSTRUCTOR2.FIRSTNAME | DP:USERMODULEUSERS.INSTRUCTOR2.LASTNAME1 | Instructor | DP:USERMODULEUSERS.INSTRUCTOR2.USERNAME | DP:USERMODULEUSERS.INSTRUCTOR2.PASSWORD | Y | N |" name="And I enter DP:USERMODULEUSERS.INSTRUCTOR2.USERNAME in Username" time="0"/>
  <testcase classname="| DP:SUPER.USERNAME | DP:SUPER.PASSWORD | Users | DP:USERMODULEUSERS.INSTRUCTOR2.FIRSTNAME | DP:USERMODULEUSERS.INSTRUCTOR2.LASTNAME1 | Instructor | DP:USERMODULEUSERS.INSTRUCTOR2.USERNAME | DP:USERMODULEUSERS.INSTRUCTOR2.PASSWORD | Y | N |" name="And I enter DP:USERMODULEUSERS.INSTRUCTOR2.USERNAME in Verify Username" time="0"/>
  <testcase classname="| DP:SUPER.USERNAME | DP:SUPER.PASSWORD | Users | DP:USERMODULEUSERS.INSTRUCTOR2.FIRSTNAME | DP:USERMODULEUSERS.INSTRUCTOR2.LASTNAME1 | Instructor | DP:USERMODULEUSERS.INSTRUCTOR2.USERNAME | DP:USERMODULEUSERS.INSTRUCTOR2.PASSWORD | Y | N |" name="And I enter DP:USERMODULEUSERS.INSTRUCTOR2.PASSWORD in Password" time="0"/>
  <testcase classname="| DP:SUPER.USERNAME | DP:SUPER.PASSWORD | Users | DP:USERMODULEUSERS.INSTRUCTOR2.FIRSTNAME | DP:USERMODULEUSERS.INSTRUCTOR2.LASTNAME1 | Instructor | DP:USERMODULEUSERS.INSTRUCTOR2.USERNAME | DP:USERMODULEUSERS.INSTRUCTOR2.PASSWORD | Y | N |" name="And I enter DP:USERMODULEUSERS.INSTRUCTOR2.PASSWORD in Verify Password" time="0"/>
  <testcase classname="| DP:SUPER.USERNAME | DP:SUPER.PASSWORD | Users | DP:USERMODULEUSERS.INSTRUCTOR2.FIRSTNAME | DP:USERMODULEUSERS.INSTRUCTOR2.LASTNAME1 | Instructor | DP:USERMODULEUSERS.INSTRUCTOR2.USERNAME | DP:USERMODULEUSERS.INSTRUCTOR2.PASSWORD | Y | N |" name="And I click on Save button" time="0"/>
  <testcase classname="| DP:SUPER.USERNAME | DP:SUPER.PASSWORD | Users | DP:USERMODULEUSERS.INSTRUCTOR2.FIRSTNAME | DP:USERMODULEUSERS.INSTRUCTOR2.LASTNAME1 | Instructor | DP:USERMODULEUSERS.INSTRUCTOR2.USERNAME | DP:USERMODULEUSERS.INSTRUCTOR2.PASSWORD | Y | N |" name="When I click on Cancel button in User Added Successfully pop-up" time="0"/>
  <testcase classname="| DP:SUPER.USERNAME | DP:SUPER.PASSWORD | Users | DP:USERMODULEUSERS.INSTRUCTOR2.FIRSTNAME | DP:USERMODULEUSERS.INSTRUCTOR2.LASTNAME1 | Instructor | DP:USERMODULEUSERS.INSTRUCTOR2.USERNAME | DP:USERMODULEUSERS.INSTRUCTOR2.PASSWORD | Y | N |" name="Then I see the created DP:USERMODULEUSERS.INSTRUCTOR2.USERNAME Instructor Y in Users page" time="0"/>
  <testcase classname="| DP:SUPER.USERNAME | DP:SUPER.PASSWORD | Users | DP:USERMODULEUSERS.INSTRUCTOR2.FIRSTNAME | DP:USERMODULEUSERS.INSTRUCTOR2.LASTNAME1 | Instructor | DP:USERMODULEUSERS.INSTRUCTOR2.USERNAME | DP:USERMODULEUSERS.INSTRUCTOR2.PASSWORD | Y | N |" name="And I click on Logout button" time="0"/>
  <testcase classname="| DP:SUPER.USERNAME | DP:SUPER.PASSWORD | Users | DP:USERMODULEUSERS.INSTRUCTOR2.FIRSTNAME | DP:USERMODULEUSERS.INSTRUCTOR2.LASTNAME1 | Instructor | DP:USERMODULEUSERS.INSTRUCTOR2.USERNAME | DP:USERMODULEUSERS.INSTRUCTOR2.PASSWORD | Y | N |" name="| DP:SUPER.USERNAME | DP:SUPER.PASSWORD | Users | DP:USERMODULEUSERS.INSTRUCTOR2.FIRSTNAME | DP:USERMODULEUSERS.INSTRUCTOR2.LASTNAME1 | Instructor | DP:USERMODULEUSERS.INSTRUCTOR2.USERNAME | DP:USERMODULEUSERS.INSTRUCTOR2.PASSWORD | Y | N |" time="0.001"/>
  <testcase classname="| DP:SUPER.USERNAME | DP:USERMODULEUSERS.INSTRUCTOR6.USERNAME | DP:INSTRUCTOR2.PASSWORD | DP:SUPER.PASSWORD | Sections | DP:SECTIONS.SECTIONNAME2 | Instructors | Instructor Candidates | Active Instructors | Users | DP:USERMODULEUSERS.INSTRUCTOR2.FULLNAME1 | DP:USERMODULEUSERS.INSTRUCTOR3.FULLNAME1 | DP:USERMODULEUSERS.INSTRUCTOR3.FIRSTNAME | DP:USERMODULEUSERS.INSTRUCTOR3.LASTNAME1 | Instructor | DP:USERMODULEUSERS.INSTRUCTOR3.USERNAME | DP:USERMODULEUSERS.INSTRUCTOR3.PASSWORD | Y | N |" name="Given As a user I see login page of LMS" time="0"/>
  <testcase classname="| DP:SUPER.USERNAME | DP:USERMODULEUSERS.INSTRUCTOR6.USERNAME | DP:INSTRUCTOR2.PASSWORD | DP:SUPER.PASSWORD | Sections | DP:SECTIONS.SECTIONNAME2 | Instructors | Instructor Candidates | Active Instructors | Users | DP:USERMODULEUSERS.INSTRUCTOR2.FULLNAME1 | DP:USERMODULEUSERS.INSTRUCTOR3.FULLNAME1 | DP:USERMODULEUSERS.INSTRUCTOR3.FIRSTNAME | DP:USERMODULEUSERS.INSTRUCTOR3.LASTNAME1 | Instructor | DP:USERMODULEUSERS.INSTRUCTOR3.USERNAME | DP:USERMODULEUSERS.INSTRUCTOR3.PASSWORD | Y | N |" name="And I enter DP:SUPER.USERNAME N Username in LMS login page" time="0"/>
  <testcase classname="| DP:SUPER.USERNAME | DP:USERMODULEUSERS.INSTRUCTOR6.USERNAME | DP:INSTRUCTOR2.PASSWORD | DP:SUPER.PASSWORD | Sections | DP:SECTIONS.SECTIONNAME2 | Instructors | Instructor Candidates | Active Instructors | Users | DP:USERMODULEUSERS.INSTRUCTOR2.FULLNAME1 | DP:USERMODULEUSERS.INSTRUCTOR3.FULLNAME1 | DP:USERMODULEUSERS.INSTRUCTOR3.FIRSTNAME | DP:USERMODULEUSERS.INSTRUCTOR3.LASTNAME1 | Instructor | DP:USERMODULEUSERS.INSTRUCTOR3.USERNAME | DP:USERMODULEUSERS.INSTRUCTOR3.PASSWORD | Y | N |" name="And I enter DP:SUPER.PASSWORD Password in LMS login page" time="0"/>
  <testcase classname="| DP:SUPER.USERNAME | DP:USERMODULEUSERS.INSTRUCTOR6.USERNAME | DP:INSTRUCTOR2.PASSWORD | DP:SUPER.PASSWORD | Sections | DP:SECTIONS.SECTIONNAME2 | Instructors | Instructor Candidates | Active Instructors | Users | DP:USERMODULEUSERS.INSTRUCTOR2.FULLNAME1 | DP:USERMODULEUSERS.INSTRUCTOR3.FULLNAME1 | DP:USERMODULEUSERS.INSTRUCTOR3.FIRSTNAME | DP:USERMODULEUSERS.INSTRUCTOR3.LASTNAME1 | Instructor | DP:USERMODULEUSERS.INSTRUCTOR3.USERNAME | DP:USERMODULEUSERS.INSTRUCTOR3.PASSWORD | Y | N |" name="And I click on Log In button" time="0"/>
  <testcase classname="| DP:SUPER.USERNAME | DP:USERMODULEUSERS.INSTRUCTOR6.USERNAME | DP:INSTRUCTOR2.PASSWORD | DP:SUPER.PASSWORD | Sections | DP:SECTIONS.SECTIONNAME2 | Instructors | Instructor Candidates | Active Instructors | Users | DP:USERMODULEUSERS.INSTRUCTOR2.FULLNAME1 | DP:USERMODULEUSERS.INSTRUCTOR3.FULLNAME1 | DP:USERMODULEUSERS.INSTRUCTOR3.FIRSTNAME | DP:USERMODULEUSERS.INSTRUCTOR3.LASTNAME1 | Instructor | DP:USERMODULEUSERS.INSTRUCTOR3.USERNAME | DP:USERMODULEUSERS.INSTRUCTOR3.PASSWORD | Y | N |" name="And I see home page of LMS" time="0"/>
  <testcase classname="| DP:SUPER.USERNAME | DP:USERMODULEUSERS.INSTRUCTOR6.USERNAME | DP:INSTRUCTOR2.PASSWORD | DP:SUPER.PASSWORD | Sections | DP:SECTIONS.SECTIONNAME2 | Instructors | Instructor Candidates | Active Instructors | Users | DP:USERMODULEUSERS.INSTRUCTOR2.FULLNAME1 | DP:USERMODULEUSERS.INSTRUCTOR3.FULLNAME1 | DP:USERMODULEUSERS.INSTRUCTOR3.FIRSTNAME | DP:USERMODULEUSERS.INSTRUCTOR3.LASTNAME1 | Instructor | DP:USERMODULEUSERS.INSTRUCTOR3.USERNAME | DP:USERMODULEUSERS.INSTRUCTOR3.PASSWORD | Y | N |" name="And I click on Users tab" time="0"/>
  <testcase classname="| DP:SUPER.USERNAME | DP:USERMODULEUSERS.INSTRUCTOR6.USERNAME | DP:INSTRUCTOR2.PASSWORD | DP:SUPER.PASSWORD | Sections | DP:SECTIONS.SECTIONNAME2 | Instructors | Instructor Candidates | Active Instructors | Users | DP:USERMODULEUSERS.INSTRUCTOR2.FULLNAME1 | DP:USERMODULEUSERS.INSTRUCTOR3.FULLNAME1 | DP:USERMODULEUSERS.INSTRUCTOR3.FIRSTNAME | DP:USERMODULEUSERS.INSTRUCTOR3.LASTNAME1 | Instructor | DP:USERMODULEUSERS.INSTRUCTOR3.USERNAME | DP:USERMODULEUSERS.INSTRUCTOR3.PASSWORD | Y | N |" name="And I click on Add New button" time="0"/>
  <testcase classname="| DP:SUPER.USERNAME | DP:USERMODULEUSERS.INSTRUCTOR6.USERNAME | DP:INSTRUCTOR2.PASSWORD | DP:SUPER.PASSWORD | Sections | DP:SECTIONS.SECTIONNAME2 | Instructors | Instructor Candidates | Active Instructors | Users | DP:USERMODULEUSERS.INSTRUCTOR2.FULLNAME1 | DP:USERMODULEUSERS.INSTRUCTOR3.FULLNAME1 | DP:USERMODULEUSERS.INSTRUCTOR3.FIRSTNAME | DP:USERMODULEUSERS.INSTRUCTOR3.LASTNAME1 | Instructor | DP:USERMODULEUSERS.INSTRUCTOR3.USERNAME | DP:USERMODULEUSERS.INSTRUCTOR3.PASSWORD | Y | N |" name="And I enter DP:USERMODULEUSERS.INSTRUCTOR3.FIRSTNAME in First Name" time="0"/>
  <testcase classname="| DP:SUPER.USERNAME | DP:USERMODULEUSERS.INSTRUCTOR6.USERNAME | DP:INSTRUCTOR2.PASSWORD | DP:SUPER.PASSWORD | Sections | DP:SECTIONS.SECTIONNAME2 | Instructors | Instructor Candidates | Active Instructors | Users | DP:USERMODULEUSERS.INSTRUCTOR2.FULLNAME1 | DP:USERMODULEUSERS.INSTRUCTOR3.FULLNAME1 | DP:USERMODULEUSERS.INSTRUCTOR3.FIRSTNAME | DP:USERMODULEUSERS.INSTRUCTOR3.LASTNAME1 | Instructor | DP:USERMODULEUSERS.INSTRUCTOR3.USERNAME | DP:USERMODULEUSERS.INSTRUCTOR3.PASSWORD | Y | N |" name="And I enter DP:USERMODULEUSERS.INSTRUCTOR3.LASTNAME1 in Last Name" time="0"/>
  <testcase classname="| DP:SUPER.USERNAME | DP:USERMODULEUSERS.INSTRUCTOR6.USERNAME | DP:INSTRUCTOR2.PASSWORD | DP:SUPER.PASSWORD | Sections | DP:SECTIONS.SECTIONNAME2 | Instructors | Instructor Candidates | Active Instructors | Users | DP:USERMODULEUSERS.INSTRUCTOR2.FULLNAME1 | DP:USERMODULEUSERS.INSTRUCTOR3.FULLNAME1 | DP:USERMODULEUSERS.INSTRUCTOR3.FIRSTNAME | DP:USERMODULEUSERS.INSTRUCTOR3.LASTNAME1 | Instructor | DP:USERMODULEUSERS.INSTRUCTOR3.USERNAME | DP:USERMODULEUSERS.INSTRUCTOR3.PASSWORD | Y | N |" name="And I select Instructor from Role" time="0"/>
  <testcase classname="| DP:SUPER.USERNAME | DP:USERMODULEUSERS.INSTRUCTOR6.USERNAME | DP:INSTRUCTOR2.PASSWORD | DP:SUPER.PASSWORD | Sections | DP:SECTIONS.SECTIONNAME2 | Instructors | Instructor Candidates | Active Instructors | Users | DP:USERMODULEUSERS.INSTRUCTOR2.FULLNAME1 | DP:USERMODULEUSERS.INSTRUCTOR3.FULLNAME1 | DP:USERMODULEUSERS.INSTRUCTOR3.FIRSTNAME | DP:USERMODULEUSERS.INSTRUCTOR3.LASTNAME1 | Instructor | DP:USERMODULEUSERS.INSTRUCTOR3.USERNAME | DP:USERMODULEUSERS.INSTRUCTOR3.PASSWORD | Y | N |" name="And I enter DP:USERMODULEUSERS.INSTRUCTOR3.USERNAME in Username" time="0"/>
  <testcase classname="| DP:SUPER.USERNAME | DP:USERMODULEUSERS.INSTRUCTOR6.USERNAME | DP:INSTRUCTOR2.PASSWORD | DP:SUPER.PASSWORD | Sections | DP:SECTIONS.SECTIONNAME2 | Instructors | Instructor Candidates | Active Instructors | Users | DP:USERMODULEUSERS.INSTRUCTOR2.FULLNAME1 | DP:USERMODULEUSERS.INSTRUCTOR3.FULLNAME1 | DP:USERMODULEUSERS.INSTRUCTOR3.FIRSTNAME | DP:USERMODULEUSERS.INSTRUCTOR3.LASTNAME1 | Instructor | DP:USERMODULEUSERS.INSTRUCTOR3.USERNAME | DP:USERMODULEUSERS.INSTRUCTOR3.PASSWORD | Y | N |" name="And I enter DP:USERMODULEUSERS.INSTRUCTOR3.USERNAME in Verify Username" time="0"/>
  <testcase classname="| DP:SUPER.USERNAME | DP:USERMODULEUSERS.INSTRUCTOR6.USERNAME | DP:INSTRUCTOR2.PASSWORD | DP:SUPER.PASSWORD | Sections | DP:SECTIONS.SECTIONNAME2 | Instructors | Instructor Candidates | Active Instructors | Users | DP:USERMODULEUSERS.INSTRUCTOR2.FULLNAME1 | DP:USERMODULEUSERS.INSTRUCTOR3.FULLNAME1 | DP:USERMODULEUSERS.INSTRUCTOR3.FIRSTNAME | DP:USERMODULEUSERS.INSTRUCTOR3.LASTNAME1 | Instructor | DP:USERMODULEUSERS.INSTRUCTOR3.USERNAME | DP:USERMODULEUSERS.INSTRUCTOR3.PASSWORD | Y | N |" name="And I enter DP:USERMODULEUSERS.INSTRUCTOR3.PASSWORD in Password" time="0"/>
  <testcase classname="| DP:SUPER.USERNAME | DP:USERMODULEUSERS.INSTRUCTOR6.USERNAME | DP:INSTRUCTOR2.PASSWORD | DP:SUPER.PASSWORD | Sections | DP:SECTIONS.SECTIONNAME2 | Instructors | Instructor Candidates | Active Instructors | Users | DP:USERMODULEUSERS.INSTRUCTOR2.FULLNAME1 | DP:USERMODULEUSERS.INSTRUCTOR3.FULLNAME1 | DP:USERMODULEUSERS.INSTRUCTOR3.FIRSTNAME | DP:USERMODULEUSERS.INSTRUCTOR3.LASTNAME1 | Instructor | DP:USERMODULEUSERS.INSTRUCTOR3.USERNAME | DP:USERMODULEUSERS.INSTRUCTOR3.PASSWORD | Y | N |" name="And I enter DP:USERMODULEUSERS.INSTRUCTOR3.PASSWORD in Verify Password" time="0"/>
  <testcase classname="| DP:SUPER.USERNAME | DP:USERMODULEUSERS.INSTRUCTOR6.USERNAME | DP:INSTRUCTOR2.PASSWORD | DP:SUPER.PASSWORD | Sections | DP:SECTIONS.SECTIONNAME2 | Instructors | Instructor Candidates | Active Instructors | Users | DP:USERMODULEUSERS.INSTRUCTOR2.FULLNAME1 | DP:USERMODULEUSERS.INSTRUCTOR3.FULLNAME1 | DP:USERMODULEUSERS.INSTRUCTOR3.FIRSTNAME | DP:USERMODULEUSERS.INSTRUCTOR3.LASTNAME1 | Instructor | DP:USERMODULEUSERS.INSTRUCTOR3.USERNAME | DP:USERMODULEUSERS.INSTRUCTOR3.PASSWORD | Y | N |" name="And I click on Save button" time="0"/>
  <testcase classname="| DP:SUPER.USERNAME | DP:USERMODULEUSERS.INSTRUCTOR6.USERNAME | DP:INSTRUCTOR2.PASSWORD | DP:SUPER.PASSWORD | Sections | DP:SECTIONS.SECTIONNAME2 | Instructors | Instructor Candidates | Active Instructors | Users | DP:USERMODULEUSERS.INSTRUCTOR2.FULLNAME1 | DP:USERMODULEUSERS.INSTRUCTOR3.FULLNAME1 | DP:USERMODULEUSERS.INSTRUCTOR3.FIRSTNAME | DP:USERMODULEUSERS.INSTRUCTOR3.LASTNAME1 | Instructor | DP:USERMODULEUSERS.INSTRUCTOR3.USERNAME | DP:USERMODULEUSERS.INSTRUCTOR3.PASSWORD | Y | N |" name="And I click on Cancel button in User Added Successfully pop-up" time="0"/>
  <testcase classname="| DP:SUPER.USERNAME | DP:USERMODULEUSERS.INSTRUCTOR6.USERNAME | DP:INSTRUCTOR2.PASSWORD | DP:SUPER.PASSWORD | Sections | DP:SECTIONS.SECTIONNAME2 | Instructors | Instructor Candidates | Active Instructors | Users | DP:USERMODULEUSERS.INSTRUCTOR2.FULLNAME1 | DP:USERMODULEUSERS.INSTRUCTOR3.FULLNAME1 | DP:USERMODULEUSERS.INSTRUCTOR3.FIRSTNAME | DP:USERMODULEUSERS.INSTRUCTOR3.LASTNAME1 | Instructor | DP:USERMODULEUSERS.INSTRUCTOR3.USERNAME | DP:USERMODULEUSERS.INSTRUCTOR3.PASSWORD | Y | N |" name="And I see the created DP:USERMODULEUSERS.INSTRUCTOR3.USERNAME Instructor Y in Users page" time="0"/>
  <testcase classname="| DP:SUPER.USERNAME | DP:USERMODULEUSERS.INSTRUCTOR6.USERNAME | DP:INSTRUCTOR2.PASSWORD | DP:SUPER.PASSWORD | Sections | DP:SECTIONS.SECTIONNAME2 | Instructors | Instructor Candidates | Active Instructors | Users | DP:USERMODULEUSERS.INSTRUCTOR2.FULLNAME1 | DP:USERMODULEUSERS.INSTRUCTOR3.FULLNAME1 | DP:USERMODULEUSERS.INSTRUCTOR3.FIRSTNAME | DP:USERMODULEUSERS.INSTRUCTOR3.LASTNAME1 | Instructor | DP:USERMODULEUSERS.INSTRUCTOR3.USERNAME | DP:USERMODULEUSERS.INSTRUCTOR3.PASSWORD | Y | N |" name="And I click on Logout button" time="0"/>
  <testcase classname="| DP:SUPER.USERNAME | DP:USERMODULEUSERS.INSTRUCTOR6.USERNAME | DP:INSTRUCTOR2.PASSWORD | DP:SUPER.PASSWORD | Sections | DP:SECTIONS.SECTIONNAME2 | Instructors | Instructor Candidates | Active Instructors | Users | DP:USERMODULEUSERS.INSTRUCTOR2.FULLNAME1 | DP:USERMODULEUSERS.INSTRUCTOR3.FULLNAME1 | DP:USERMODULEUSERS.INSTRUCTOR3.FIRSTNAME | DP:USERMODULEUSERS.INSTRUCTOR3.LASTNAME1 | Instructor | DP:USERMODULEUSERS.INSTRUCTOR3.USERNAME | DP:USERMODULEUSERS.INSTRUCTOR3.PASSWORD | Y | N |" name="And I enter DP:USERMODULEUSERS.INSTRUCTOR6.USERNAME Y Username in LMS login page" time="0"/>
  <testcase classname="| DP:SUPER.USERNAME | DP:USERMODULEUSERS.INSTRUCTOR6.USERNAME | DP:INSTRUCTOR2.PASSWORD | DP:SUPER.PASSWORD | Sections | DP:SECTIONS.SECTIONNAME2 | Instructors | Instructor Candidates | Active Instructors | Users | DP:USERMODULEUSERS.INSTRUCTOR2.FULLNAME1 | DP:USERMODULEUSERS.INSTRUCTOR3.FULLNAME1 | DP:USERMODULEUSERS.INSTRUCTOR3.FIRSTNAME | DP:USERMODULEUSERS.INSTRUCTOR3.LASTNAME1 | Instructor | DP:USERMODULEUSERS.INSTRUCTOR3.USERNAME | DP:USERMODULEUSERS.INSTRUCTOR3.PASSWORD | Y | N |" name="And I enter DP:INSTRUCTOR2.PASSWORD Password in LMS login page" time="0.001"/>
  <testcase classname="| DP:SUPER.USERNAME | DP:USERMODULEUSERS.INSTRUCTOR6.USERNAME | DP:INSTRUCTOR2.PASSWORD | DP:SUPER.PASSWORD | Sections | DP:SECTIONS.SECTIONNAME2 | Instructors | Instructor Candidates | Active Instructors | Users | DP:USERMODULEUSERS.INSTRUCTOR2.FULLNAME1 | DP:USERMODULEUSERS.INSTRUCTOR3.FULLNAME1 | DP:USERMODULEUSERS.INSTRUCTOR3.FIRSTNAME | DP:USERMODULEUSERS.INSTRUCTOR3.LASTNAME1 | Instructor | DP:USERMODULEUSERS.INSTRUCTOR3.USERNAME | DP:USERMODULEUSERS.INSTRUCTOR3.PASSWORD | Y | N |" name="And I click on Log In button" time="0"/>
  <testcase classname="| DP:SUPER.USERNAME | DP:USERMODULEUSERS.INSTRUCTOR6.USERNAME | DP:INSTRUCTOR2.PASSWORD | DP:SUPER.PASSWORD | Sections | DP:SECTIONS.SECTIONNAME2 | Instructors | Instructor Candidates | Active Instructors | Users | DP:USERMODULEUSERS.INSTRUCTOR2.FULLNAME1 | DP:USERMODULEUSERS.INSTRUCTOR3.FULLNAME1 | DP:USERMODULEUSERS.INSTRUCTOR3.FIRSTNAME | DP:USERMODULEUSERS.INSTRUCTOR3.LASTNAME1 | Instructor | DP:USERMODULEUSERS.INSTRUCTOR3.USERNAME | DP:USERMODULEUSERS.INSTRUCTOR3.PASSWORD | Y | N |" name="And I see home page of LMS" time="0"/>
  <testcase classname="| DP:SUPER.USERNAME | DP:USERMODULEUSERS.INSTRUCTOR6.USERNAME | DP:INSTRUCTOR2.PASSWORD | DP:SUPER.PASSWORD | Sections | DP:SECTIONS.SECTIONNAME2 | Instructors | Instructor Candidates | Active Instructors | Users | DP:USERMODULEUSERS.INSTRUCTOR2.FULLNAME1 | DP:USERMODULEUSERS.INSTRUCTOR3.FULLNAME1 | DP:USERMODULEUSERS.INSTRUCTOR3.FIRSTNAME | DP:USERMODULEUSERS.INSTRUCTOR3.LASTNAME1 | Instructor | DP:USERMODULEUSERS.INSTRUCTOR3.USERNAME | DP:USERMODULEUSERS.INSTRUCTOR3.PASSWORD | Y | N |" name="And I click on Sections tab" time="0"/>
  <testcase classname="| DP:SUPER.USERNAME | DP:USERMODULEUSERS.INSTRUCTOR6.USERNAME | DP:INSTRUCTOR2.PASSWORD | DP:SUPER.PASSWORD | Sections | DP:SECTIONS.SECTIONNAME2 | Instructors | Instructor Candidates | Active Instructors | Users | DP:USERMODULEUSERS.INSTRUCTOR2.FULLNAME1 | DP:USERMODULEUSERS.INSTRUCTOR3.FULLNAME1 | DP:USERMODULEUSERS.INSTRUCTOR3.FIRSTNAME | DP:USERMODULEUSERS.INSTRUCTOR3.LASTNAME1 | Instructor | DP:USERMODULEUSERS.INSTRUCTOR3.USERNAME | DP:USERMODULEUSERS.INSTRUCTOR3.PASSWORD | Y | N |" name="And I check DP:SECTIONS.SECTIONNAME2 Y from section list" time="0"/>
  <testcase classname="| DP:SUPER.USERNAME | DP:USERMODULEUSERS.INSTRUCTOR6.USERNAME | DP:INSTRUCTOR2.PASSWORD | DP:SUPER.PASSWORD | Sections | DP:SECTIONS.SECTIONNAME2 | Instructors | Instructor Candidates | Active Instructors | Users | DP:USERMODULEUSERS.INSTRUCTOR2.FULLNAME1 | DP:USERMODULEUSERS.INSTRUCTOR3.FULLNAME1 | DP:USERMODULEUSERS.INSTRUCTOR3.FIRSTNAME | DP:USERMODULEUSERS.INSTRUCTOR3.LASTNAME1 | Instructor | DP:USERMODULEUSERS.INSTRUCTOR3.USERNAME | DP:USERMODULEUSERS.INSTRUCTOR3.PASSWORD | Y | N |" name="And I click on Edit button" time="0"/>
  <testcase classname="| DP:SUPER.USERNAME | DP:USERMODULEUSERS.INSTRUCTOR6.USERNAME | DP:INSTRUCTOR2.PASSWORD | DP:SUPER.PASSWORD | Sections | DP:SECTIONS.SECTIONNAME2 | Instructors | Instructor Candidates | Active Instructors | Users | DP:USERMODULEUSERS.INSTRUCTOR2.FULLNAME1 | DP:USERMODULEUSERS.INSTRUCTOR3.FULLNAME1 | DP:USERMODULEUSERS.INSTRUCTOR3.FIRSTNAME | DP:USERMODULEUSERS.INSTRUCTOR3.LASTNAME1 | Instructor | DP:USERMODULEUSERS.INSTRUCTOR3.USERNAME | DP:USERMODULEUSERS.INSTRUCTOR3.PASSWORD | Y | N |" name="And I click on Instructors tab" time="0"/>
  <testcase classname="| DP:SUPER.USERNAME | DP:USERMODULEUSERS.INSTRUCTOR6.USERNAME | DP:INSTRUCTOR2.PASSWORD | DP:SUPER.PASSWORD | Sections | DP:SECTIONS.SECTIONNAME2 | Instructors | Instructor Candidates | Active Instructors | Users | DP:USERMODULEUSERS.INSTRUCTOR2.FULLNAME1 | DP:USERMODULEUSERS.INSTRUCTOR3.FULLNAME1 | DP:USERMODULEUSERS.INSTRUCTOR3.FIRSTNAME | DP:USERMODULEUSERS.INSTRUCTOR3.LASTNAME1 | Instructor | DP:USERMODULEUSERS.INSTRUCTOR3.USERNAME | DP:USERMODULEUSERS.INSTRUCTOR3.PASSWORD | Y | N |" name="And I click on Instructor Candidates header" time="0"/>
  <testcase classname="| DP:SUPER.USERNAME | DP:USERMODULEUSERS.INSTRUCTOR6.USERNAME | DP:INSTRUCTOR2.PASSWORD | DP:SUPER.PASSWORD | Sections | DP:SECTIONS.SECTIONNAME2 | Instructors | Instructor Candidates | Active Instructors | Users | DP:USERMODULEUSERS.INSTRUCTOR2.FULLNAME1 | DP:USERMODULEUSERS.INSTRUCTOR3.FULLNAME1 | DP:USERMODULEUSERS.INSTRUCTOR3.FIRSTNAME | DP:USERMODULEUSERS.INSTRUCTOR3.LASTNAME1 | Instructor | DP:USERMODULEUSERS.INSTRUCTOR3.USERNAME | DP:USERMODULEUSERS.INSTRUCTOR3.PASSWORD | Y | N |" name="And I see all available Instructor Candidates" time="0"/>
  <testcase classname="| DP:SUPER.USERNAME | DP:USERMODULEUSERS.INSTRUCTOR6.USERNAME | DP:INSTRUCTOR2.PASSWORD | DP:SUPER.PASSWORD | Sections | DP:SECTIONS.SECTIONNAME2 | Instructors | Instructor Candidates | Active Instructors | Users | DP:USERMODULEUSERS.INSTRUCTOR2.FULLNAME1 | DP:USERMODULEUSERS.INSTRUCTOR3.FULLNAME1 | DP:USERMODULEUSERS.INSTRUCTOR3.FIRSTNAME | DP:USERMODULEUSERS.INSTRUCTOR3.LASTNAME1 | Instructor | DP:USERMODULEUSERS.INSTRUCTOR3.USERNAME | DP:USERMODULEUSERS.INSTRUCTOR3.PASSWORD | Y | N |" name="And I click on DP:USERMODULEUSERS.INSTRUCTOR2.FULLNAME1 N Add item button in Instructor Candidates" time="0"/>
  <testcase classname="| DP:SUPER.USERNAME | DP:USERMODULEUSERS.INSTRUCTOR6.USERNAME | DP:INSTRUCTOR2.PASSWORD | DP:SUPER.PASSWORD | Sections | DP:SECTIONS.SECTIONNAME2 | Instructors | Instructor Candidates | Active Instructors | Users | DP:USERMODULEUSERS.INSTRUCTOR2.FULLNAME1 | DP:USERMODULEUSERS.INSTRUCTOR3.FULLNAME1 | DP:USERMODULEUSERS.INSTRUCTOR3.FIRSTNAME | DP:USERMODULEUSERS.INSTRUCTOR3.LASTNAME1 | Instructor | DP:USERMODULEUSERS.INSTRUCTOR3.USERNAME | DP:USERMODULEUSERS.INSTRUCTOR3.PASSWORD | Y | N |" name="And I click on DP:USERMODULEUSERS.INSTRUCTOR3.FULLNAME1 N Add item button in Instructor Candidates" time="0"/>
  <testcase classname="| DP:SUPER.USERNAME | DP:USERMODULEUSERS.INSTRUCTOR6.USERNAME | DP:INSTRUCTOR2.PASSWORD | DP:SUPER.PASSWORD | Sections | DP:SECTIONS.SECTIONNAME2 | Instructors | Instructor Candidates | Active Instructors | Users | DP:USERMODULEUSERS.INSTRUCTOR2.FULLNAME1 | DP:USERMODULEUSERS.INSTRUCTOR3.FULLNAME1 | DP:USERMODULEUSERS.INSTRUCTOR3.FIRSTNAME | DP:USERMODULEUSERS.INSTRUCTOR3.LASTNAME1 | Instructor | DP:USERMODULEUSERS.INSTRUCTOR3.USERNAME | DP:USERMODULEUSERS.INSTRUCTOR3.PASSWORD | Y | N |" name="And I click on Save button" time="0"/>
  <testcase classname="| DP:SUPER.USERNAME | DP:USERMODULEUSERS.INSTRUCTOR6.USERNAME | DP:INSTRUCTOR2.PASSWORD | DP:SUPER.PASSWORD | Sections | DP:SECTIONS.SECTIONNAME2 | Instructors | Instructor Candidates | Active Instructors | Users | DP:USERMODULEUSERS.INSTRUCTOR2.FULLNAME1 | DP:USERMODULEUSERS.INSTRUCTOR3.FULLNAME1 | DP:USERMODULEUSERS.INSTRUCTOR3.FIRSTNAME | DP:USERMODULEUSERS.INSTRUCTOR3.LASTNAME1 | Instructor | DP:USERMODULEUSERS.INSTRUCTOR3.USERNAME | DP:USERMODULEUSERS.INSTRUCTOR3.PASSWORD | Y | N |" name="And I click on Active Instructors header" time="0"/>
  <testcase classname="| DP:SUPER.USERNAME | DP:USERMODULEUSERS.INSTRUCTOR6.USERNAME | DP:INSTRUCTOR2.PASSWORD | DP:SUPER.PASSWORD | Sections | DP:SECTIONS.SECTIONNAME2 | Instructors | Instructor Candidates | Active Instructors | Users | DP:USERMODULEUSERS.INSTRUCTOR2.FULLNAME1 | DP:USERMODULEUSERS.INSTRUCTOR3.FULLNAME1 | DP:USERMODULEUSERS.INSTRUCTOR3.FIRSTNAME | DP:USERMODULEUSERS.INSTRUCTOR3.LASTNAME1 | Instructor | DP:USERMODULEUSERS.INSTRUCTOR3.USERNAME | DP:USERMODULEUSERS.INSTRUCTOR3.PASSWORD | Y | N |" name="And I see the DP:USERMODULEUSERS.INSTRUCTOR2.FULLNAME1 N Instructor" time="0"/>
  <testcase classname="| DP:SUPER.USERNAME | DP:USERMODULEUSERS.INSTRUCTOR6.USERNAME | DP:INSTRUCTOR2.PASSWORD | DP:SUPER.PASSWORD | Sections | DP:SECTIONS.SECTIONNAME2 | Instructors | Instructor Candidates | Active Instructors | Users | DP:USERMODULEUSERS.INSTRUCTOR2.FULLNAME1 | DP:USERMODULEUSERS.INSTRUCTOR3.FULLNAME1 | DP:USERMODULEUSERS.INSTRUCTOR3.FIRSTNAME | DP:USERMODULEUSERS.INSTRUCTOR3.LASTNAME1 | Instructor | DP:USERMODULEUSERS.INSTRUCTOR3.USERNAME | DP:USERMODULEUSERS.INSTRUCTOR3.PASSWORD | Y | N |" name="And I enable ownership toggle of DP:USERMODULEUSERS.INSTRUCTOR2.FULLNAME1 N in Active Instructors" time="0"/>
  <testcase classname="| DP:SUPER.USERNAME | DP:USERMODULEUSERS.INSTRUCTOR6.USERNAME | DP:INSTRUCTOR2.PASSWORD | DP:SUPER.PASSWORD | Sections | DP:SECTIONS.SECTIONNAME2 | Instructors | Instructor Candidates | Active Instructors | Users | DP:USERMODULEUSERS.INSTRUCTOR2.FULLNAME1 | DP:USERMODULEUSERS.INSTRUCTOR3.FULLNAME1 | DP:USERMODULEUSERS.INSTRUCTOR3.FIRSTNAME | DP:USERMODULEUSERS.INSTRUCTOR3.LASTNAME1 | Instructor | DP:USERMODULEUSERS.INSTRUCTOR3.USERNAME | DP:USERMODULEUSERS.INSTRUCTOR3.PASSWORD | Y | N |" name="And I see the DP:USERMODULEUSERS.INSTRUCTOR3.FULLNAME1 N Instructor" time="0"/>
  <testcase classname="| DP:SUPER.USERNAME | DP:USERMODULEUSERS.INSTRUCTOR6.USERNAME | DP:INSTRUCTOR2.PASSWORD | DP:SUPER.PASSWORD | Sections | DP:SECTIONS.SECTIONNAME2 | Instructors | Instructor Candidates | Active Instructors | Users | DP:USERMODULEUSERS.INSTRUCTOR2.FULLNAME1 | DP:USERMODULEUSERS.INSTRUCTOR3.FULLNAME1 | DP:USERMODULEUSERS.INSTRUCTOR3.FIRSTNAME | DP:USERMODULEUSERS.INSTRUCTOR3.LASTNAME1 | Instructor | DP:USERMODULEUSERS.INSTRUCTOR3.USERNAME | DP:USERMODULEUSERS.INSTRUCTOR3.PASSWORD | Y | N |" name="When I enable ownership toggle of DP:USERMODULEUSERS.INSTRUCTOR3.FULLNAME1 N in Active Instructors" time="0"/>
  <testcase classname="| DP:SUPER.USERNAME | DP:USERMODULEUSERS.INSTRUCTOR6.USERNAME | DP:INSTRUCTOR2.PASSWORD | DP:SUPER.PASSWORD | Sections | DP:SECTIONS.SECTIONNAME2 | Instructors | Instructor Candidates | Active Instructors | Users | DP:USERMODULEUSERS.INSTRUCTOR2.FULLNAME1 | DP:USERMODULEUSERS.INSTRUCTOR3.FULLNAME1 | DP:USERMODULEUSERS.INSTRUCTOR3.FIRSTNAME | DP:USERMODULEUSERS.INSTRUCTOR3.LASTNAME1 | Instructor | DP:USERMODULEUSERS.INSTRUCTOR3.USERNAME | DP:USERMODULEUSERS.INSTRUCTOR3.PASSWORD | Y | N |" name="Then I click on Save and Close button" time="0"/>
  <testcase classname="| DP:SUPER.USERNAME | DP:USERMODULEUSERS.INSTRUCTOR6.USERNAME | DP:INSTRUCTOR2.PASSWORD | DP:SUPER.PASSWORD | Sections | DP:SECTIONS.SECTIONNAME2 | Instructors | Instructor Candidates | Active Instructors | Users | DP:USERMODULEUSERS.INSTRUCTOR2.FULLNAME1 | DP:USERMODULEUSERS.INSTRUCTOR3.FULLNAME1 | DP:USERMODULEUSERS.INSTRUCTOR3.FIRSTNAME | DP:USERMODULEUSERS.INSTRUCTOR3.LASTNAME1 | Instructor | DP:USERMODULEUSERS.INSTRUCTOR3.USERNAME | DP:USERMODULEUSERS.INSTRUCTOR3.PASSWORD | Y | N |" name="And I click on Logout button" time="0"/>
  <testcase classname="| DP:SUPER.USERNAME | DP:USERMODULEUSERS.INSTRUCTOR6.USERNAME | DP:INSTRUCTOR2.PASSWORD | DP:SUPER.PASSWORD | Sections | DP:SECTIONS.SECTIONNAME2 | Instructors | Instructor Candidates | Active Instructors | Users | DP:USERMODULEUSERS.INSTRUCTOR2.FULLNAME1 | DP:USERMODULEUSERS.INSTRUCTOR3.FULLNAME1 | DP:USERMODULEUSERS.INSTRUCTOR3.FIRSTNAME | DP:USERMODULEUSERS.INSTRUCTOR3.LASTNAME1 | Instructor | DP:USERMODULEUSERS.INSTRUCTOR3.USERNAME | DP:USERMODULEUSERS.INSTRUCTOR3.PASSWORD | Y | N |" name="| DP:SUPER.USERNAME | DP:USERMODULEUSERS.INSTRUCTOR6.USERNAME | DP:INSTRUCTOR2.PASSWORD | DP:SUPER.PASSWORD | Sections | DP:SECTIONS.SECTIONNAME2 | Instructors | Instructor Candidates | Active Instructors | Users | DP:USERMODULEUSERS.INSTRUCTOR2.FULLNAME1 | DP:USERMODULEUSERS.INSTRUCTOR3.FULLNAME1 | DP:USERMODULEUSERS.INSTRUCTOR3.FIRSTNAME | DP:USERMODULEUSERS.INSTRUCTOR3.LASTNAME1 | Instructor | DP:USERMODULEUSERS.INSTRUCTOR3.USERNAME | DP:USERMODULEUSERS.INSTRUCTOR3.PASSWORD | Y | N |" time="0.001"/>
  <testcase classname="| DP:SUPER.USERNAME | DP:SUPER.PASSWORD | Users | DP:STUDENTS.STUDENT3.FIRSTNAME | DP:STUDENTS.STUDENT3.LASTNAME | Student | DP:STUDENTS.STUDENT3.USERNAME | DP:STUDENTS.STUDENT3.PASSWORD | DP:SECRET.QUESTION | DP:SECRET.ANSWER | DP:STUDENTS.STUDENT3.NEWPASSWORD | Y | N | DP:EULAPOINT.P1 | DP:EULAPOINT.P2 | DP:EULAPOINT.P3 | DP:EULAPOINT.P4 | DP:EULAPOINT.P5 | DP:EULAPOINT.P6 | DP:EULAPOINT.P7 | DP:EULAPOINT.P8 | DP:EULAPOINT.P9 | DP:EULAPOINT.P10 | DP:EULAPOINT.P11 | DP:EULAPOINT.P12 | DP:EULAPOINT.P13 | DP:EULAPOINT.P14 | DP:EULAPOINT.P15 | DP:EULAPOINT.P16 | DP:EULAPOINT.P17 | DP:EULAPOINT.P18 | DP:EULAPOINT.P19 | DP:EULAPOINT.P20 | DP:EULAPOINT.P21 | DP:EULAPOINT.P22 | DP:EULAPOINT.P23 | DP:EULAPOINT.P24 | DP:EULAPOINT.P25 | DP:EULAPOINT.P26 | DP:EULAPOINT.P27 | DP:EULAPOINT.P28 | DP:EULAPOINT.P29 |" name="Given As a user I see login page of LMS" time="0"/>
  <testcase classname="| DP:SUPER.USERNAME | DP:SUPER.PASSWORD | Users | DP:STUDENTS.STUDENT3.FIRSTNAME | DP:STUDENTS.STUDENT3.LASTNAME | Student | DP:STUDENTS.STUDENT3.USERNAME | DP:STUDENTS.STUDENT3.PASSWORD | DP:SECRET.QUESTION | DP:SECRET.ANSWER | DP:STUDENTS.STUDENT3.NEWPASSWORD | Y | N | DP:EULAPOINT.P1 | DP:EULAPOINT.P2 | DP:EULAPOINT.P3 | DP:EULAPOINT.P4 | DP:EULAPOINT.P5 | DP:EULAPOINT.P6 | DP:EULAPOINT.P7 | DP:EULAPOINT.P8 | DP:EULAPOINT.P9 | DP:EULAPOINT.P10 | DP:EULAPOINT.P11 | DP:EULAPOINT.P12 | DP:EULAPOINT.P13 | DP:EULAPOINT.P14 | DP:EULAPOINT.P15 | DP:EULAPOINT.P16 | DP:EULAPOINT.P17 | DP:EULAPOINT.P18 | DP:EULAPOINT.P19 | DP:EULAPOINT.P20 | DP:EULAPOINT.P21 | DP:EULAPOINT.P22 | DP:EULAPOINT.P23 | DP:EULAPOINT.P24 | DP:EULAPOINT.P25 | DP:EULAPOINT.P26 | DP:EULAPOINT.P27 | DP:EULAPOINT.P28 | DP:EULAPOINT.P29 |" name="And I enter DP:SUPER.USERNAME N Username in LMS login page" time="0"/>
  <testcase classname="| DP:SUPER.USERNAME | DP:SUPER.PASSWORD | Users | DP:STUDENTS.STUDENT3.FIRSTNAME | DP:STUDENTS.STUDENT3.LASTNAME | Student | DP:STUDENTS.STUDENT3.USERNAME | DP:STUDENTS.STUDENT3.PASSWORD | DP:SECRET.QUESTION | DP:SECRET.ANSWER | DP:STUDENTS.STUDENT3.NEWPASSWORD | Y | N | DP:EULAPOINT.P1 | DP:EULAPOINT.P2 | DP:EULAPOINT.P3 | DP:EULAPOINT.P4 | DP:EULAPOINT.P5 | DP:EULAPOINT.P6 | DP:EULAPOINT.P7 | DP:EULAPOINT.P8 | DP:EULAPOINT.P9 | DP:EULAPOINT.P10 | DP:EULAPOINT.P11 | DP:EULAPOINT.P12 | DP:EULAPOINT.P13 | DP:EULAPOINT.P14 | DP:EULAPOINT.P15 | DP:EULAPOINT.P16 | DP:EULAPOINT.P17 | DP:EULAPOINT.P18 | DP:EULAPOINT.P19 | DP:EULAPOINT.P20 | DP:EULAPOINT.P21 | DP:EULAPOINT.P22 | DP:EULAPOINT.P23 | DP:EULAPOINT.P24 | DP:EULAPOINT.P25 | DP:EULAPOINT.P26 | DP:EULAPOINT.P27 | DP:EULAPOINT.P28 | DP:EULAPOINT.P29 |" name="And I enter DP:SUPER.PASSWORD Password in LMS login page" time="0"/>
  <testcase classname="| DP:SUPER.USERNAME | DP:SUPER.PASSWORD | Users | DP:STUDENTS.STUDENT3.FIRSTNAME | DP:STUDENTS.STUDENT3.LASTNAME | Student | DP:STUDENTS.STUDENT3.USERNAME | DP:STUDENTS.STUDENT3.PASSWORD | DP:SECRET.QUESTION | DP:SECRET.ANSWER | DP:STUDENTS.STUDENT3.NEWPASSWORD | Y | N | DP:EULAPOINT.P1 | DP:EULAPOINT.P2 | DP:EULAPOINT.P3 | DP:EULAPOINT.P4 | DP:EULAPOINT.P5 | DP:EULAPOINT.P6 | DP:EULAPOINT.P7 | DP:EULAPOINT.P8 | DP:EULAPOINT.P9 | DP:EULAPOINT.P10 | DP:EULAPOINT.P11 | DP:EULAPOINT.P12 | DP:EULAPOINT.P13 | DP:EULAPOINT.P14 | DP:EULAPOINT.P15 | DP:EULAPOINT.P16 | DP:EULAPOINT.P17 | DP:EULAPOINT.P18 | DP:EULAPOINT.P19 | DP:EULAPOINT.P20 | DP:EULAPOINT.P21 | DP:EULAPOINT.P22 | DP:EULAPOINT.P23 | DP:EULAPOINT.P24 | DP:EULAPOINT.P25 | DP:EULAPOINT.P26 | DP:EULAPOINT.P27 | DP:EULAPOINT.P28 | DP:EULAPOINT.P29 |" name="And I click on Log In button" time="0"/>
  <testcase classname="| DP:SUPER.USERNAME | DP:SUPER.PASSWORD | Users | DP:STUDENTS.STUDENT3.FIRSTNAME | DP:STUDENTS.STUDENT3.LASTNAME | Student | DP:STUDENTS.STUDENT3.USERNAME | DP:STUDENTS.STUDENT3.PASSWORD | DP:SECRET.QUESTION | DP:SECRET.ANSWER | DP:STUDENTS.STUDENT3.NEWPASSWORD | Y | N | DP:EULAPOINT.P1 | DP:EULAPOINT.P2 | DP:EULAPOINT.P3 | DP:EULAPOINT.P4 | DP:EULAPOINT.P5 | DP:EULAPOINT.P6 | DP:EULAPOINT.P7 | DP:EULAPOINT.P8 | DP:EULAPOINT.P9 | DP:EULAPOINT.P10 | DP:EULAPOINT.P11 | DP:EULAPOINT.P12 | DP:EULAPOINT.P13 | DP:EULAPOINT.P14 | DP:EULAPOINT.P15 | DP:EULAPOINT.P16 | DP:EULAPOINT.P17 | DP:EULAPOINT.P18 | DP:EULAPOINT.P19 | DP:EULAPOINT.P20 | DP:EULAPOINT.P21 | DP:EULAPOINT.P22 | DP:EULAPOINT.P23 | DP:EULAPOINT.P24 | DP:EULAPOINT.P25 | DP:EULAPOINT.P26 | DP:EULAPOINT.P27 | DP:EULAPOINT.P28 | DP:EULAPOINT.P29 |" name="And I see home page of LMS" time="0"/>
  <testcase classname="| DP:SUPER.USERNAME | DP:SUPER.PASSWORD | Users | DP:STUDENTS.STUDENT3.FIRSTNAME | DP:STUDENTS.STUDENT3.LASTNAME | Student | DP:STUDENTS.STUDENT3.USERNAME | DP:STUDENTS.STUDENT3.PASSWORD | DP:SECRET.QUESTION | DP:SECRET.ANSWER | DP:STUDENTS.STUDENT3.NEWPASSWORD | Y | N | DP:EULAPOINT.P1 | DP:EULAPOINT.P2 | DP:EULAPOINT.P3 | DP:EULAPOINT.P4 | DP:EULAPOINT.P5 | DP:EULAPOINT.P6 | DP:EULAPOINT.P7 | DP:EULAPOINT.P8 | DP:EULAPOINT.P9 | DP:EULAPOINT.P10 | DP:EULAPOINT.P11 | DP:EULAPOINT.P12 | DP:EULAPOINT.P13 | DP:EULAPOINT.P14 | DP:EULAPOINT.P15 | DP:EULAPOINT.P16 | DP:EULAPOINT.P17 | DP:EULAPOINT.P18 | DP:EULAPOINT.P19 | DP:EULAPOINT.P20 | DP:EULAPOINT.P21 | DP:EULAPOINT.P22 | DP:EULAPOINT.P23 | DP:EULAPOINT.P24 | DP:EULAPOINT.P25 | DP:EULAPOINT.P26 | DP:EULAPOINT.P27 | DP:EULAPOINT.P28 | DP:EULAPOINT.P29 |" name="And I click on Users tab" time="0"/>
  <testcase classname="| DP:SUPER.USERNAME | DP:SUPER.PASSWORD | Users | DP:STUDENTS.STUDENT3.FIRSTNAME | DP:STUDENTS.STUDENT3.LASTNAME | Student | DP:STUDENTS.STUDENT3.USERNAME | DP:STUDENTS.STUDENT3.PASSWORD | DP:SECRET.QUESTION | DP:SECRET.ANSWER | DP:STUDENTS.STUDENT3.NEWPASSWORD | Y | N | DP:EULAPOINT.P1 | DP:EULAPOINT.P2 | DP:EULAPOINT.P3 | DP:EULAPOINT.P4 | DP:EULAPOINT.P5 | DP:EULAPOINT.P6 | DP:EULAPOINT.P7 | DP:EULAPOINT.P8 | DP:EULAPOINT.P9 | DP:EULAPOINT.P10 | DP:EULAPOINT.P11 | DP:EULAPOINT.P12 | DP:EULAPOINT.P13 | DP:EULAPOINT.P14 | DP:EULAPOINT.P15 | DP:EULAPOINT.P16 | DP:EULAPOINT.P17 | DP:EULAPOINT.P18 | DP:EULAPOINT.P19 | DP:EULAPOINT.P20 | DP:EULAPOINT.P21 | DP:EULAPOINT.P22 | DP:EULAPOINT.P23 | DP:EULAPOINT.P24 | DP:EULAPOINT.P25 | DP:EULAPOINT.P26 | DP:EULAPOINT.P27 | DP:EULAPOINT.P28 | DP:EULAPOINT.P29 |" name="And I click on Add New button" time="0"/>
  <testcase classname="| DP:SUPER.USERNAME | DP:SUPER.PASSWORD | Users | DP:STUDENTS.STUDENT3.FIRSTNAME | DP:STUDENTS.STUDENT3.LASTNAME | Student | DP:STUDENTS.STUDENT3.USERNAME | DP:STUDENTS.STUDENT3.PASSWORD | DP:SECRET.QUESTION | DP:SECRET.ANSWER | DP:STUDENTS.STUDENT3.NEWPASSWORD | Y | N | DP:EULAPOINT.P1 | DP:EULAPOINT.P2 | DP:EULAPOINT.P3 | DP:EULAPOINT.P4 | DP:EULAPOINT.P5 | DP:EULAPOINT.P6 | DP:EULAPOINT.P7 | DP:EULAPOINT.P8 | DP:EULAPOINT.P9 | DP:EULAPOINT.P10 | DP:EULAPOINT.P11 | DP:EULAPOINT.P12 | DP:EULAPOINT.P13 | DP:EULAPOINT.P14 | DP:EULAPOINT.P15 | DP:EULAPOINT.P16 | DP:EULAPOINT.P17 | DP:EULAPOINT.P18 | DP:EULAPOINT.P19 | DP:EULAPOINT.P20 | DP:EULAPOINT.P21 | DP:EULAPOINT.P22 | DP:EULAPOINT.P23 | DP:EULAPOINT.P24 | DP:EULAPOINT.P25 | DP:EULAPOINT.P26 | DP:EULAPOINT.P27 | DP:EULAPOINT.P28 | DP:EULAPOINT.P29 |" name="And I enter DP:STUDENTS.STUDENT3.FIRSTNAME in First Name" time="0"/>
  <testcase classname="| DP:SUPER.USERNAME | DP:SUPER.PASSWORD | Users | DP:STUDENTS.STUDENT3.FIRSTNAME | DP:STUDENTS.STUDENT3.LASTNAME | Student | DP:STUDENTS.STUDENT3.USERNAME | DP:STUDENTS.STUDENT3.PASSWORD | DP:SECRET.QUESTION | DP:SECRET.ANSWER | DP:STUDENTS.STUDENT3.NEWPASSWORD | Y | N | DP:EULAPOINT.P1 | DP:EULAPOINT.P2 | DP:EULAPOINT.P3 | DP:EULAPOINT.P4 | DP:EULAPOINT.P5 | DP:EULAPOINT.P6 | DP:EULAPOINT.P7 | DP:EULAPOINT.P8 | DP:EULAPOINT.P9 | DP:EULAPOINT.P10 | DP:EULAPOINT.P11 | DP:EULAPOINT.P12 | DP:EULAPOINT.P13 | DP:EULAPOINT.P14 | DP:EULAPOINT.P15 | DP:EULAPOINT.P16 | DP:EULAPOINT.P17 | DP:EULAPOINT.P18 | DP:EULAPOINT.P19 | DP:EULAPOINT.P20 | DP:EULAPOINT.P21 | DP:EULAPOINT.P22 | DP:EULAPOINT.P23 | DP:EULAPOINT.P24 | DP:EULAPOINT.P25 | DP:EULAPOINT.P26 | DP:EULAPOINT.P27 | DP:EULAPOINT.P28 | DP:EULAPOINT.P29 |" name="And I enter DP:STUDENTS.STUDENT3.LASTNAME in Last Name" time="0"/>
  <testcase classname="| DP:SUPER.USERNAME | DP:SUPER.PASSWORD | Users | DP:STUDENTS.STUDENT3.FIRSTNAME | DP:STUDENTS.STUDENT3.LASTNAME | Student | DP:STUDENTS.STUDENT3.USERNAME | DP:STUDENTS.STUDENT3.PASSWORD | DP:SECRET.QUESTION | DP:SECRET.ANSWER | DP:STUDENTS.STUDENT3.NEWPASSWORD | Y | N | DP:EULAPOINT.P1 | DP:EULAPOINT.P2 | DP:EULAPOINT.P3 | DP:EULAPOINT.P4 | DP:EULAPOINT.P5 | DP:EULAPOINT.P6 | DP:EULAPOINT.P7 | DP:EULAPOINT.P8 | DP:EULAPOINT.P9 | DP:EULAPOINT.P10 | DP:EULAPOINT.P11 | DP:EULAPOINT.P12 | DP:EULAPOINT.P13 | DP:EULAPOINT.P14 | DP:EULAPOINT.P15 | DP:EULAPOINT.P16 | DP:EULAPOINT.P17 | DP:EULAPOINT.P18 | DP:EULAPOINT.P19 | DP:EULAPOINT.P20 | DP:EULAPOINT.P21 | DP:EULAPOINT.P22 | DP:EULAPOINT.P23 | DP:EULAPOINT.P24 | DP:EULAPOINT.P25 | DP:EULAPOINT.P26 | DP:EULAPOINT.P27 | DP:EULAPOINT.P28 | DP:EULAPOINT.P29 |" name="And I select Student from Role" time="0"/>
  <testcase classname="| DP:SUPER.USERNAME | DP:SUPER.PASSWORD | Users | DP:STUDENTS.STUDENT3.FIRSTNAME | DP:STUDENTS.STUDENT3.LASTNAME | Student | DP:STUDENTS.STUDENT3.USERNAME | DP:STUDENTS.STUDENT3.PASSWORD | DP:SECRET.QUESTION | DP:SECRET.ANSWER | DP:STUDENTS.STUDENT3.NEWPASSWORD | Y | N | DP:EULAPOINT.P1 | DP:EULAPOINT.P2 | DP:EULAPOINT.P3 | DP:EULAPOINT.P4 | DP:EULAPOINT.P5 | DP:EULAPOINT.P6 | DP:EULAPOINT.P7 | DP:EULAPOINT.P8 | DP:EULAPOINT.P9 | DP:EULAPOINT.P10 | DP:EULAPOINT.P11 | DP:EULAPOINT.P12 | DP:EULAPOINT.P13 | DP:EULAPOINT.P14 | DP:EULAPOINT.P15 | DP:EULAPOINT.P16 | DP:EULAPOINT.P17 | DP:EULAPOINT.P18 | DP:EULAPOINT.P19 | DP:EULAPOINT.P20 | DP:EULAPOINT.P21 | DP:EULAPOINT.P22 | DP:EULAPOINT.P23 | DP:EULAPOINT.P24 | DP:EULAPOINT.P25 | DP:EULAPOINT.P26 | DP:EULAPOINT.P27 | DP:EULAPOINT.P28 | DP:EULAPOINT.P29 |" name="And I enter DP:STUDENTS.STUDENT3.USERNAME in Username" time="0"/>
  <testcase classname="| DP:SUPER.USERNAME | DP:SUPER.PASSWORD | Users | DP:STUDENTS.STUDENT3.FIRSTNAME | DP:STUDENTS.STUDENT3.LASTNAME | Student | DP:STUDENTS.STUDENT3.USERNAME | DP:STUDENTS.STUDENT3.PASSWORD | DP:SECRET.QUESTION | DP:SECRET.ANSWER | DP:STUDENTS.STUDENT3.NEWPASSWORD | Y | N | DP:EULAPOINT.P1 | DP:EULAPOINT.P2 | DP:EULAPOINT.P3 | DP:EULAPOINT.P4 | DP:EULAPOINT.P5 | DP:EULAPOINT.P6 | DP:EULAPOINT.P7 | DP:EULAPOINT.P8 | DP:EULAPOINT.P9 | DP:EULAPOINT.P10 | DP:EULAPOINT.P11 | DP:EULAPOINT.P12 | DP:EULAPOINT.P13 | DP:EULAPOINT.P14 | DP:EULAPOINT.P15 | DP:EULAPOINT.P16 | DP:EULAPOINT.P17 | DP:EULAPOINT.P18 | DP:EULAPOINT.P19 | DP:EULAPOINT.P20 | DP:EULAPOINT.P21 | DP:EULAPOINT.P22 | DP:EULAPOINT.P23 | DP:EULAPOINT.P24 | DP:EULAPOINT.P25 | DP:EULAPOINT.P26 | DP:EULAPOINT.P27 | DP:EULAPOINT.P28 | DP:EULAPOINT.P29 |" name="And I enter DP:STUDENTS.STUDENT3.USERNAME in Verify Username" time="0"/>
  <testcase classname="| DP:SUPER.USERNAME | DP:SUPER.PASSWORD | Users | DP:STUDENTS.STUDENT3.FIRSTNAME | DP:STUDENTS.STUDENT3.LASTNAME | Student | DP:STUDENTS.STUDENT3.USERNAME | DP:STUDENTS.STUDENT3.PASSWORD | DP:SECRET.QUESTION | DP:SECRET.ANSWER | DP:STUDENTS.STUDENT3.NEWPASSWORD | Y | N | DP:EULAPOINT.P1 | DP:EULAPOINT.P2 | DP:EULAPOINT.P3 | DP:EULAPOINT.P4 | DP:EULAPOINT.P5 | DP:EULAPOINT.P6 | DP:EULAPOINT.P7 | DP:EULAPOINT.P8 | DP:EULAPOINT.P9 | DP:EULAPOINT.P10 | DP:EULAPOINT.P11 | DP:EULAPOINT.P12 | DP:EULAPOINT.P13 | DP:EULAPOINT.P14 | DP:EULAPOINT.P15 | DP:EULAPOINT.P16 | DP:EULAPOINT.P17 | DP:EULAPOINT.P18 | DP:EULAPOINT.P19 | DP:EULAPOINT.P20 | DP:EULAPOINT.P21 | DP:EULAPOINT.P22 | DP:EULAPOINT.P23 | DP:EULAPOINT.P24 | DP:EULAPOINT.P25 | DP:EULAPOINT.P26 | DP:EULAPOINT.P27 | DP:EULAPOINT.P28 | DP:EULAPOINT.P29 |" name="And I enter DP:STUDENTS.STUDENT3.PASSWORD in Password" time="0"/>
  <testcase classname="| DP:SUPER.USERNAME | DP:SUPER.PASSWORD | Users | DP:STUDENTS.STUDENT3.FIRSTNAME | DP:STUDENTS.STUDENT3.LASTNAME | Student | DP:STUDENTS.STUDENT3.USERNAME | DP:STUDENTS.STUDENT3.PASSWORD | DP:SECRET.QUESTION | DP:SECRET.ANSWER | DP:STUDENTS.STUDENT3.NEWPASSWORD | Y | N | DP:EULAPOINT.P1 | DP:EULAPOINT.P2 | DP:EULAPOINT.P3 | DP:EULAPOINT.P4 | DP:EULAPOINT.P5 | DP:EULAPOINT.P6 | DP:EULAPOINT.P7 | DP:EULAPOINT.P8 | DP:EULAPOINT.P9 | DP:EULAPOINT.P10 | DP:EULAPOINT.P11 | DP:EULAPOINT.P12 | DP:EULAPOINT.P13 | DP:EULAPOINT.P14 | DP:EULAPOINT.P15 | DP:EULAPOINT.P16 | DP:EULAPOINT.P17 | DP:EULAPOINT.P18 | DP:EULAPOINT.P19 | DP:EULAPOINT.P20 | DP:EULAPOINT.P21 | DP:EULAPOINT.P22 | DP:EULAPOINT.P23 | DP:EULAPOINT.P24 | DP:EULAPOINT.P25 | DP:EULAPOINT.P26 | DP:EULAPOINT.P27 | DP:EULAPOINT.P28 | DP:EULAPOINT.P29 |" name="And I enter DP:STUDENTS.STUDENT3.PASSWORD in Verify Password" time="0"/>
  <testcase classname="| DP:SUPER.USERNAME | DP:SUPER.PASSWORD | Users | DP:STUDENTS.STUDENT3.FIRSTNAME | DP:STUDENTS.STUDENT3.LASTNAME | Student | DP:STUDENTS.STUDENT3.USERNAME | DP:STUDENTS.STUDENT3.PASSWORD | DP:SECRET.QUESTION | DP:SECRET.ANSWER | DP:STUDENTS.STUDENT3.NEWPASSWORD | Y | N | DP:EULAPOINT.P1 | DP:EULAPOINT.P2 | DP:EULAPOINT.P3 | DP:EULAPOINT.P4 | DP:EULAPOINT.P5 | DP:EULAPOINT.P6 | DP:EULAPOINT.P7 | DP:EULAPOINT.P8 | DP:EULAPOINT.P9 | DP:EULAPOINT.P10 | DP:EULAPOINT.P11 | DP:EULAPOINT.P12 | DP:EULAPOINT.P13 | DP:EULAPOINT.P14 | DP:EULAPOINT.P15 | DP:EULAPOINT.P16 | DP:EULAPOINT.P17 | DP:EULAPOINT.P18 | DP:EULAPOINT.P19 | DP:EULAPOINT.P20 | DP:EULAPOINT.P21 | DP:EULAPOINT.P22 | DP:EULAPOINT.P23 | DP:EULAPOINT.P24 | DP:EULAPOINT.P25 | DP:EULAPOINT.P26 | DP:EULAPOINT.P27 | DP:EULAPOINT.P28 | DP:EULAPOINT.P29 |" name="And I click on Save button" time="0"/>
  <testcase classname="| DP:SUPER.USERNAME | DP:SUPER.PASSWORD | Users | DP:STUDENTS.STUDENT3.FIRSTNAME | DP:STUDENTS.STUDENT3.LASTNAME | Student | DP:STUDENTS.STUDENT3.USERNAME | DP:STUDENTS.STUDENT3.PASSWORD | DP:SECRET.QUESTION | DP:SECRET.ANSWER | DP:STUDENTS.STUDENT3.NEWPASSWORD | Y | N | DP:EULAPOINT.P1 | DP:EULAPOINT.P2 | DP:EULAPOINT.P3 | DP:EULAPOINT.P4 | DP:EULAPOINT.P5 | DP:EULAPOINT.P6 | DP:EULAPOINT.P7 | DP:EULAPOINT.P8 | DP:EULAPOINT.P9 | DP:EULAPOINT.P10 | DP:EULAPOINT.P11 | DP:EULAPOINT.P12 | DP:EULAPOINT.P13 | DP:EULAPOINT.P14 | DP:EULAPOINT.P15 | DP:EULAPOINT.P16 | DP:EULAPOINT.P17 | DP:EULAPOINT.P18 | DP:EULAPOINT.P19 | DP:EULAPOINT.P20 | DP:EULAPOINT.P21 | DP:EULAPOINT.P22 | DP:EULAPOINT.P23 | DP:EULAPOINT.P24 | DP:EULAPOINT.P25 | DP:EULAPOINT.P26 | DP:EULAPOINT.P27 | DP:EULAPOINT.P28 | DP:EULAPOINT.P29 |" name="And I click on Cancel button in User Added Successfully pop-up" time="0"/>
  <testcase classname="| DP:SUPER.USERNAME | DP:SUPER.PASSWORD | Users | DP:STUDENTS.STUDENT3.FIRSTNAME | DP:STUDENTS.STUDENT3.LASTNAME | Student | DP:STUDENTS.STUDENT3.USERNAME | DP:STUDENTS.STUDENT3.PASSWORD | DP:SECRET.QUESTION | DP:SECRET.ANSWER | DP:STUDENTS.STUDENT3.NEWPASSWORD | Y | N | DP:EULAPOINT.P1 | DP:EULAPOINT.P2 | DP:EULAPOINT.P3 | DP:EULAPOINT.P4 | DP:EULAPOINT.P5 | DP:EULAPOINT.P6 | DP:EULAPOINT.P7 | DP:EULAPOINT.P8 | DP:EULAPOINT.P9 | DP:EULAPOINT.P10 | DP:EULAPOINT.P11 | DP:EULAPOINT.P12 | DP:EULAPOINT.P13 | DP:EULAPOINT.P14 | DP:EULAPOINT.P15 | DP:EULAPOINT.P16 | DP:EULAPOINT.P17 | DP:EULAPOINT.P18 | DP:EULAPOINT.P19 | DP:EULAPOINT.P20 | DP:EULAPOINT.P21 | DP:EULAPOINT.P22 | DP:EULAPOINT.P23 | DP:EULAPOINT.P24 | DP:EULAPOINT.P25 | DP:EULAPOINT.P26 | DP:EULAPOINT.P27 | DP:EULAPOINT.P28 | DP:EULAPOINT.P29 |" name="And I click on Logout button" time="0"/>
  <testcase classname="| DP:SUPER.USERNAME | DP:SUPER.PASSWORD | Users | DP:STUDENTS.STUDENT3.FIRSTNAME | DP:STUDENTS.STUDENT3.LASTNAME | Student | DP:STUDENTS.STUDENT3.USERNAME | DP:STUDENTS.STUDENT3.PASSWORD | DP:SECRET.QUESTION | DP:SECRET.ANSWER | DP:STUDENTS.STUDENT3.NEWPASSWORD | Y | N | DP:EULAPOINT.P1 | DP:EULAPOINT.P2 | DP:EULAPOINT.P3 | DP:EULAPOINT.P4 | DP:EULAPOINT.P5 | DP:EULAPOINT.P6 | DP:EULAPOINT.P7 | DP:EULAPOINT.P8 | DP:EULAPOINT.P9 | DP:EULAPOINT.P10 | DP:EULAPOINT.P11 | DP:EULAPOINT.P12 | DP:EULAPOINT.P13 | DP:EULAPOINT.P14 | DP:EULAPOINT.P15 | DP:EULAPOINT.P16 | DP:EULAPOINT.P17 | DP:EULAPOINT.P18 | DP:EULAPOINT.P19 | DP:EULAPOINT.P20 | DP:EULAPOINT.P21 | DP:EULAPOINT.P22 | DP:EULAPOINT.P23 | DP:EULAPOINT.P24 | DP:EULAPOINT.P25 | DP:EULAPOINT.P26 | DP:EULAPOINT.P27 | DP:EULAPOINT.P28 | DP:EULAPOINT.P29 |" name="And I enter DP:STUDENTS.STUDENT3.USERNAME Y Username in LMS login page" time="0"/>
  <testcase classname="| DP:SUPER.USERNAME | DP:SUPER.PASSWORD | Users | DP:STUDENTS.STUDENT3.FIRSTNAME | DP:STUDENTS.STUDENT3.LASTNAME | Student | DP:STUDENTS.STUDENT3.USERNAME | DP:STUDENTS.STUDENT3.PASSWORD | DP:SECRET.QUESTION | DP:SECRET.ANSWER | DP:STUDENTS.STUDENT3.NEWPASSWORD | Y | N | DP:EULAPOINT.P1 | DP:EULAPOINT.P2 | DP:EULAPOINT.P3 | DP:EULAPOINT.P4 | DP:EULAPOINT.P5 | DP:EULAPOINT.P6 | DP:EULAPOINT.P7 | DP:EULAPOINT.P8 | DP:EULAPOINT.P9 | DP:EULAPOINT.P10 | DP:EULAPOINT.P11 | DP:EULAPOINT.P12 | DP:EULAPOINT.P13 | DP:EULAPOINT.P14 | DP:EULAPOINT.P15 | DP:EULAPOINT.P16 | DP:EULAPOINT.P17 | DP:EULAPOINT.P18 | DP:EULAPOINT.P19 | DP:EULAPOINT.P20 | DP:EULAPOINT.P21 | DP:EULAPOINT.P22 | DP:EULAPOINT.P23 | DP:EULAPOINT.P24 | DP:EULAPOINT.P25 | DP:EULAPOINT.P26 | DP:EULAPOINT.P27 | DP:EULAPOINT.P28 | DP:EULAPOINT.P29 |" name="And I enter DP:STUDENTS.STUDENT3.PASSWORD Password in LMS login page" time="0"/>
  <testcase classname="| DP:SUPER.USERNAME | DP:SUPER.PASSWORD | Users | DP:STUDENTS.STUDENT3.FIRSTNAME | DP:STUDENTS.STUDENT3.LASTNAME | Student | DP:STUDENTS.STUDENT3.USERNAME | DP:STUDENTS.STUDENT3.PASSWORD | DP:SECRET.QUESTION | DP:SECRET.ANSWER | DP:STUDENTS.STUDENT3.NEWPASSWORD | Y | N | DP:EULAPOINT.P1 | DP:EULAPOINT.P2 | DP:EULAPOINT.P3 | DP:EULAPOINT.P4 | DP:EULAPOINT.P5 | DP:EULAPOINT.P6 | DP:EULAPOINT.P7 | DP:EULAPOINT.P8 | DP:EULAPOINT.P9 | DP:EULAPOINT.P10 | DP:EULAPOINT.P11 | DP:EULAPOINT.P12 | DP:EULAPOINT.P13 | DP:EULAPOINT.P14 | DP:EULAPOINT.P15 | DP:EULAPOINT.P16 | DP:EULAPOINT.P17 | DP:EULAPOINT.P18 | DP:EULAPOINT.P19 | DP:EULAPOINT.P20 | DP:EULAPOINT.P21 | DP:EULAPOINT.P22 | DP:EULAPOINT.P23 | DP:EULAPOINT.P24 | DP:EULAPOINT.P25 | DP:EULAPOINT.P26 | DP:EULAPOINT.P27 | DP:EULAPOINT.P28 | DP:EULAPOINT.P29 |" name="And I click on Log In button" time="0"/>
  <testcase classname="| DP:SUPER.USERNAME | DP:SUPER.PASSWORD | Users | DP:STUDENTS.STUDENT3.FIRSTNAME | DP:STUDENTS.STUDENT3.LASTNAME | Student | DP:STUDENTS.STUDENT3.USERNAME | DP:STUDENTS.STUDENT3.PASSWORD | DP:SECRET.QUESTION | DP:SECRET.ANSWER | DP:STUDENTS.STUDENT3.NEWPASSWORD | Y | N | DP:EULAPOINT.P1 | DP:EULAPOINT.P2 | DP:EULAPOINT.P3 | DP:EULAPOINT.P4 | DP:EULAPOINT.P5 | DP:EULAPOINT.P6 | DP:EULAPOINT.P7 | DP:EULAPOINT.P8 | DP:EULAPOINT.P9 | DP:EULAPOINT.P10 | DP:EULAPOINT.P11 | DP:EULAPOINT.P12 | DP:EULAPOINT.P13 | DP:EULAPOINT.P14 | DP:EULAPOINT.P15 | DP:EULAPOINT.P16 | DP:EULAPOINT.P17 | DP:EULAPOINT.P18 | DP:EULAPOINT.P19 | DP:EULAPOINT.P20 | DP:EULAPOINT.P21 | DP:EULAPOINT.P22 | DP:EULAPOINT.P23 | DP:EULAPOINT.P24 | DP:EULAPOINT.P25 | DP:EULAPOINT.P26 | DP:EULAPOINT.P27 | DP:EULAPOINT.P28 | DP:EULAPOINT.P29 |" name="And I verify EULA page content" time="0"/>
  <testcase classname="| DP:SUPER.USERNAME | DP:SUPER.PASSWORD | Users | DP:STUDENTS.STUDENT3.FIRSTNAME | DP:STUDENTS.STUDENT3.LASTNAME | Student | DP:STUDENTS.STUDENT3.USERNAME | DP:STUDENTS.STUDENT3.PASSWORD | DP:SECRET.QUESTION | DP:SECRET.ANSWER | DP:STUDENTS.STUDENT3.NEWPASSWORD | Y | N | DP:EULAPOINT.P1 | DP:EULAPOINT.P2 | DP:EULAPOINT.P3 | DP:EULAPOINT.P4 | DP:EULAPOINT.P5 | DP:EULAPOINT.P6 | DP:EULAPOINT.P7 | DP:EULAPOINT.P8 | DP:EULAPOINT.P9 | DP:EULAPOINT.P10 | DP:EULAPOINT.P11 | DP:EULAPOINT.P12 | DP:EULAPOINT.P13 | DP:EULAPOINT.P14 | DP:EULAPOINT.P15 | DP:EULAPOINT.P16 | DP:EULAPOINT.P17 | DP:EULAPOINT.P18 | DP:EULAPOINT.P19 | DP:EULAPOINT.P20 | DP:EULAPOINT.P21 | DP:EULAPOINT.P22 | DP:EULAPOINT.P23 | DP:EULAPOINT.P24 | DP:EULAPOINT.P25 | DP:EULAPOINT.P26 | DP:EULAPOINT.P27 | DP:EULAPOINT.P28 | DP:EULAPOINT.P29 |" name="And I verify user agreement points in EULA content page: DP:EULAPOINT.P1\u002C DP:EULAPOINT.P2\u002C DP:EULAPOINT.P3\u002C DP:EULAPOINT.P4\u002C DP:EULAPOINT.P5\u002C DP:EULAPOINT.P6\u002C DP:EULAPOINT.P7\u002C DP:EULAPOINT.P8\u002C DP:EULAPOINT.P9\u002C DP:EULAPOINT.P10\u002C DP:EULAPOINT.P11\u002C DP:EULAPOINT.P12\u002C DP:EULAPOINT.P13\u002C DP:EULAPOINT.P14\u002C DP:EULAPOINT.P15\u002C DP:EULAPOINT.P16\u002C DP:EULAPOINT.P17\u002C DP:EULAPOINT.P18\u002C DP:EULAPOINT.P19\u002C DP:EULAPOINT.P20\u002C DP:EULAPOINT.P21\u002C DP:EULAPOINT.P22\u002C DP:EULAPOINT.P23\u002C DP:EULAPOINT.P24\u002C DP:EULAPOINT.P25\u002C DP:EULAPOINT.P26\u002C DP:EULAPOINT.P27\u002C DP:EULAPOINT.P28\u002C DP:EULAPOINT.P29" time="0"/>
  <testcase classname="| DP:SUPER.USERNAME | DP:SUPER.PASSWORD | Users | DP:STUDENTS.STUDENT3.FIRSTNAME | DP:STUDENTS.STUDENT3.LASTNAME | Student | DP:STUDENTS.STUDENT3.USERNAME | DP:STUDENTS.STUDENT3.PASSWORD | DP:SECRET.QUESTION | DP:SECRET.ANSWER | DP:STUDENTS.STUDENT3.NEWPASSWORD | Y | N | DP:EULAPOINT.P1 | DP:EULAPOINT.P2 | DP:EULAPOINT.P3 | DP:EULAPOINT.P4 | DP:EULAPOINT.P5 | DP:EULAPOINT.P6 | DP:EULAPOINT.P7 | DP:EULAPOINT.P8 | DP:EULAPOINT.P9 | DP:EULAPOINT.P10 | DP:EULAPOINT.P11 | DP:EULAPOINT.P12 | DP:EULAPOINT.P13 | DP:EULAPOINT.P14 | DP:EULAPOINT.P15 | DP:EULAPOINT.P16 | DP:EULAPOINT.P17 | DP:EULAPOINT.P18 | DP:EULAPOINT.P19 | DP:EULAPOINT.P20 | DP:EULAPOINT.P21 | DP:EULAPOINT.P22 | DP:EULAPOINT.P23 | DP:EULAPOINT.P24 | DP:EULAPOINT.P25 | DP:EULAPOINT.P26 | DP:EULAPOINT.P27 | DP:EULAPOINT.P28 | DP:EULAPOINT.P29 |" name="And I click on I Agree button in EULA page" time="0"/>
  <testcase classname="| DP:SUPER.USERNAME | DP:SUPER.PASSWORD | Users | DP:STUDENTS.STUDENT3.FIRSTNAME | DP:STUDENTS.STUDENT3.LASTNAME | Student | DP:STUDENTS.STUDENT3.USERNAME | DP:STUDENTS.STUDENT3.PASSWORD | DP:SECRET.QUESTION | DP:SECRET.ANSWER | DP:STUDENTS.STUDENT3.NEWPASSWORD | Y | N | DP:EULAPOINT.P1 | DP:EULAPOINT.P2 | DP:EULAPOINT.P3 | DP:EULAPOINT.P4 | DP:EULAPOINT.P5 | DP:EULAPOINT.P6 | DP:EULAPOINT.P7 | DP:EULAPOINT.P8 | DP:EULAPOINT.P9 | DP:EULAPOINT.P10 | DP:EULAPOINT.P11 | DP:EULAPOINT.P12 | DP:EULAPOINT.P13 | DP:EULAPOINT.P14 | DP:EULAPOINT.P15 | DP:EULAPOINT.P16 | DP:EULAPOINT.P17 | DP:EULAPOINT.P18 | DP:EULAPOINT.P19 | DP:EULAPOINT.P20 | DP:EULAPOINT.P21 | DP:EULAPOINT.P22 | DP:EULAPOINT.P23 | DP:EULAPOINT.P24 | DP:EULAPOINT.P25 | DP:EULAPOINT.P26 | DP:EULAPOINT.P27 | DP:EULAPOINT.P28 | DP:EULAPOINT.P29 |" name="And I select DP:SECRET.QUESTION from secret question" time="0.001"/>
  <testcase classname="| DP:SUPER.USERNAME | DP:SUPER.PASSWORD | Users | DP:STUDENTS.STUDENT3.FIRSTNAME | DP:STUDENTS.STUDENT3.LASTNAME | Student | DP:STUDENTS.STUDENT3.USERNAME | DP:STUDENTS.STUDENT3.PASSWORD | DP:SECRET.QUESTION | DP:SECRET.ANSWER | DP:STUDENTS.STUDENT3.NEWPASSWORD | Y | N | DP:EULAPOINT.P1 | DP:EULAPOINT.P2 | DP:EULAPOINT.P3 | DP:EULAPOINT.P4 | DP:EULAPOINT.P5 | DP:EULAPOINT.P6 | DP:EULAPOINT.P7 | DP:EULAPOINT.P8 | DP:EULAPOINT.P9 | DP:EULAPOINT.P10 | DP:EULAPOINT.P11 | DP:EULAPOINT.P12 | DP:EULAPOINT.P13 | DP:EULAPOINT.P14 | DP:EULAPOINT.P15 | DP:EULAPOINT.P16 | DP:EULAPOINT.P17 | DP:EULAPOINT.P18 | DP:EULAPOINT.P19 | DP:EULAPOINT.P20 | DP:EULAPOINT.P21 | DP:EULAPOINT.P22 | DP:EULAPOINT.P23 | DP:EULAPOINT.P24 | DP:EULAPOINT.P25 | DP:EULAPOINT.P26 | DP:EULAPOINT.P27 | DP:EULAPOINT.P28 | DP:EULAPOINT.P29 |" name="And I enter DP:SECRET.ANSWER in secret answer" time="0"/>
  <testcase classname="| DP:SUPER.USERNAME | DP:SUPER.PASSWORD | Users | DP:STUDENTS.STUDENT3.FIRSTNAME | DP:STUDENTS.STUDENT3.LASTNAME | Student | DP:STUDENTS.STUDENT3.USERNAME | DP:STUDENTS.STUDENT3.PASSWORD | DP:SECRET.QUESTION | DP:SECRET.ANSWER | DP:STUDENTS.STUDENT3.NEWPASSWORD | Y | N | DP:EULAPOINT.P1 | DP:EULAPOINT.P2 | DP:EULAPOINT.P3 | DP:EULAPOINT.P4 | DP:EULAPOINT.P5 | DP:EULAPOINT.P6 | DP:EULAPOINT.P7 | DP:EULAPOINT.P8 | DP:EULAPOINT.P9 | DP:EULAPOINT.P10 | DP:EULAPOINT.P11 | DP:EULAPOINT.P12 | DP:EULAPOINT.P13 | DP:EULAPOINT.P14 | DP:EULAPOINT.P15 | DP:EULAPOINT.P16 | DP:EULAPOINT.P17 | DP:EULAPOINT.P18 | DP:EULAPOINT.P19 | DP:EULAPOINT.P20 | DP:EULAPOINT.P21 | DP:EULAPOINT.P22 | DP:EULAPOINT.P23 | DP:EULAPOINT.P24 | DP:EULAPOINT.P25 | DP:EULAPOINT.P26 | DP:EULAPOINT.P27 | DP:EULAPOINT.P28 | DP:EULAPOINT.P29 |" name="And I click on Submit button" time="0"/>
  <testcase classname="| DP:SUPER.USERNAME | DP:SUPER.PASSWORD | Users | DP:STUDENTS.STUDENT3.FIRSTNAME | DP:STUDENTS.STUDENT3.LASTNAME | Student | DP:STUDENTS.STUDENT3.USERNAME | DP:STUDENTS.STUDENT3.PASSWORD | DP:SECRET.QUESTION | DP:SECRET.ANSWER | DP:STUDENTS.STUDENT3.NEWPASSWORD | Y | N | DP:EULAPOINT.P1 | DP:EULAPOINT.P2 | DP:EULAPOINT.P3 | DP:EULAPOINT.P4 | DP:EULAPOINT.P5 | DP:EULAPOINT.P6 | DP:EULAPOINT.P7 | DP:EULAPOINT.P8 | DP:EULAPOINT.P9 | DP:EULAPOINT.P10 | DP:EULAPOINT.P11 | DP:EULAPOINT.P12 | DP:EULAPOINT.P13 | DP:EULAPOINT.P14 | DP:EULAPOINT.P15 | DP:EULAPOINT.P16 | DP:EULAPOINT.P17 | DP:EULAPOINT.P18 | DP:EULAPOINT.P19 | DP:EULAPOINT.P20 | DP:EULAPOINT.P21 | DP:EULAPOINT.P22 | DP:EULAPOINT.P23 | DP:EULAPOINT.P24 | DP:EULAPOINT.P25 | DP:EULAPOINT.P26 | DP:EULAPOINT.P27 | DP:EULAPOINT.P28 | DP:EULAPOINT.P29 |" name="And I enter DP:STUDENTS.STUDENT3.NEWPASSWORD in New Password" time="0"/>
  <testcase classname="| DP:SUPER.USERNAME | DP:SUPER.PASSWORD | Users | DP:STUDENTS.STUDENT3.FIRSTNAME | DP:STUDENTS.STUDENT3.LASTNAME | Student | DP:STUDENTS.STUDENT3.USERNAME | DP:STUDENTS.STUDENT3.PASSWORD | DP:SECRET.QUESTION | DP:SECRET.ANSWER | DP:STUDENTS.STUDENT3.NEWPASSWORD | Y | N | DP:EULAPOINT.P1 | DP:EULAPOINT.P2 | DP:EULAPOINT.P3 | DP:EULAPOINT.P4 | DP:EULAPOINT.P5 | DP:EULAPOINT.P6 | DP:EULAPOINT.P7 | DP:EULAPOINT.P8 | DP:EULAPOINT.P9 | DP:EULAPOINT.P10 | DP:EULAPOINT.P11 | DP:EULAPOINT.P12 | DP:EULAPOINT.P13 | DP:EULAPOINT.P14 | DP:EULAPOINT.P15 | DP:EULAPOINT.P16 | DP:EULAPOINT.P17 | DP:EULAPOINT.P18 | DP:EULAPOINT.P19 | DP:EULAPOINT.P20 | DP:EULAPOINT.P21 | DP:EULAPOINT.P22 | DP:EULAPOINT.P23 | DP:EULAPOINT.P24 | DP:EULAPOINT.P25 | DP:EULAPOINT.P26 | DP:EULAPOINT.P27 | DP:EULAPOINT.P28 | DP:EULAPOINT.P29 |" name="And I enter DP:STUDENTS.STUDENT3.NEWPASSWORD in Confirm Password" time="0"/>
  <testcase classname="| DP:SUPER.USERNAME | DP:SUPER.PASSWORD | Users | DP:STUDENTS.STUDENT3.FIRSTNAME | DP:STUDENTS.STUDENT3.LASTNAME | Student | DP:STUDENTS.STUDENT3.USERNAME | DP:STUDENTS.STUDENT3.PASSWORD | DP:SECRET.QUESTION | DP:SECRET.ANSWER | DP:STUDENTS.STUDENT3.NEWPASSWORD | Y | N | DP:EULAPOINT.P1 | DP:EULAPOINT.P2 | DP:EULAPOINT.P3 | DP:EULAPOINT.P4 | DP:EULAPOINT.P5 | DP:EULAPOINT.P6 | DP:EULAPOINT.P7 | DP:EULAPOINT.P8 | DP:EULAPOINT.P9 | DP:EULAPOINT.P10 | DP:EULAPOINT.P11 | DP:EULAPOINT.P12 | DP:EULAPOINT.P13 | DP:EULAPOINT.P14 | DP:EULAPOINT.P15 | DP:EULAPOINT.P16 | DP:EULAPOINT.P17 | DP:EULAPOINT.P18 | DP:EULAPOINT.P19 | DP:EULAPOINT.P20 | DP:EULAPOINT.P21 | DP:EULAPOINT.P22 | DP:EULAPOINT.P23 | DP:EULAPOINT.P24 | DP:EULAPOINT.P25 | DP:EULAPOINT.P26 | DP:EULAPOINT.P27 | DP:EULAPOINT.P28 | DP:EULAPOINT.P29 |" name="And I click on Continue button" time="0"/>
  <testcase classname="| DP:SUPER.USERNAME | DP:SUPER.PASSWORD | Users | DP:STUDENTS.STUDENT3.FIRSTNAME | DP:STUDENTS.STUDENT3.LASTNAME | Student | DP:STUDENTS.STUDENT3.USERNAME | DP:STUDENTS.STUDENT3.PASSWORD | DP:SECRET.QUESTION | DP:SECRET.ANSWER | DP:STUDENTS.STUDENT3.NEWPASSWORD | Y | N | DP:EULAPOINT.P1 | DP:EULAPOINT.P2 | DP:EULAPOINT.P3 | DP:EULAPOINT.P4 | DP:EULAPOINT.P5 | DP:EULAPOINT.P6 | DP:EULAPOINT.P7 | DP:EULAPOINT.P8 | DP:EULAPOINT.P9 | DP:EULAPOINT.P10 | DP:EULAPOINT.P11 | DP:EULAPOINT.P12 | DP:EULAPOINT.P13 | DP:EULAPOINT.P14 | DP:EULAPOINT.P15 | DP:EULAPOINT.P16 | DP:EULAPOINT.P17 | DP:EULAPOINT.P18 | DP:EULAPOINT.P19 | DP:EULAPOINT.P20 | DP:EULAPOINT.P21 | DP:EULAPOINT.P22 | DP:EULAPOINT.P23 | DP:EULAPOINT.P24 | DP:EULAPOINT.P25 | DP:EULAPOINT.P26 | DP:EULAPOINT.P27 | DP:EULAPOINT.P28 | DP:EULAPOINT.P29 |" name="Then I see Student Activities page" time="0"/>
  <testcase classname="| DP:SUPER.USERNAME | DP:SUPER.PASSWORD | Users | DP:STUDENTS.STUDENT3.FIRSTNAME | DP:STUDENTS.STUDENT3.LASTNAME | Student | DP:STUDENTS.STUDENT3.USERNAME | DP:STUDENTS.STUDENT3.PASSWORD | DP:SECRET.QUESTION | DP:SECRET.ANSWER | DP:STUDENTS.STUDENT3.NEWPASSWORD | Y | N | DP:EULAPOINT.P1 | DP:EULAPOINT.P2 | DP:EULAPOINT.P3 | DP:EULAPOINT.P4 | DP:EULAPOINT.P5 | DP:EULAPOINT.P6 | DP:EULAPOINT.P7 | DP:EULAPOINT.P8 | DP:EULAPOINT.P9 | DP:EULAPOINT.P10 | DP:EULAPOINT.P11 | DP:EULAPOINT.P12 | DP:EULAPOINT.P13 | DP:EULAPOINT.P14 | DP:EULAPOINT.P15 | DP:EULAPOINT.P16 | DP:EULAPOINT.P17 | DP:EULAPOINT.P18 | DP:EULAPOINT.P19 | DP:EULAPOINT.P20 | DP:EULAPOINT.P21 | DP:EULAPOINT.P22 | DP:EULAPOINT.P23 | DP:EULAPOINT.P24 | DP:EULAPOINT.P25 | DP:EULAPOINT.P26 | DP:EULAPOINT.P27 | DP:EULAPOINT.P28 | DP:EULAPOINT.P29 |" name="And I click on Logout button" time="0"/>
  <testcase classname="| DP:SUPER.USERNAME | DP:SUPER.PASSWORD | Users | DP:STUDENTS.STUDENT3.FIRSTNAME | DP:STUDENTS.STUDENT3.LASTNAME | Student | DP:STUDENTS.STUDENT3.USERNAME | DP:STUDENTS.STUDENT3.PASSWORD | DP:SECRET.QUESTION | DP:SECRET.ANSWER | DP:STUDENTS.STUDENT3.NEWPASSWORD | Y | N | DP:EULAPOINT.P1 | DP:EULAPOINT.P2 | DP:EULAPOINT.P3 | DP:EULAPOINT.P4 | DP:EULAPOINT.P5 | DP:EULAPOINT.P6 | DP:EULAPOINT.P7 | DP:EULAPOINT.P8 | DP:EULAPOINT.P9 | DP:EULAPOINT.P10 | DP:EULAPOINT.P11 | DP:EULAPOINT.P12 | DP:EULAPOINT.P13 | DP:EULAPOINT.P14 | DP:EULAPOINT.P15 | DP:EULAPOINT.P16 | DP:EULAPOINT.P17 | DP:EULAPOINT.P18 | DP:EULAPOINT.P19 | DP:EULAPOINT.P20 | DP:EULAPOINT.P21 | DP:EULAPOINT.P22 | DP:EULAPOINT.P23 | DP:EULAPOINT.P24 | DP:EULAPOINT.P25 | DP:EULAPOINT.P26 | DP:EULAPOINT.P27 | DP:EULAPOINT.P28 | DP:EULAPOINT.P29 |" name="| DP:SUPER.USERNAME | DP:SUPER.PASSWORD | Users | DP:STUDENTS.STUDENT3.FIRSTNAME | DP:STUDENTS.STUDENT3.LASTNAME | Student | DP:STUDENTS.STUDENT3.USERNAME | DP:STUDENTS.STUDENT3.PASSWORD | DP:SECRET.QUESTION | DP:SECRET.ANSWER | DP:STUDENTS.STUDENT3.NEWPASSWORD | Y | N | DP:EULAPOINT.P1 | DP:EULAPOINT.P2 | DP:EULAPOINT.P3 | DP:EULAPOINT.P4 | DP:EULAPOINT.P5 | DP:EULAPOINT.P6 | DP:EULAPOINT.P7 | DP:EULAPOINT.P8 | DP:EULAPOINT.P9 | DP:EULAPOINT.P10 | DP:EULAPOINT.P11 | DP:EULAPOINT.P12 | DP:EULAPOINT.P13 | DP:EULAPOINT.P14 | DP:EULAPOINT.P15 | DP:EULAPOINT.P16 | DP:EULAPOINT.P17 | DP:EULAPOINT.P18 | DP:EULAPOINT.P19 | DP:EULAPOINT.P20 | DP:EULAPOINT.P21 | DP:EULAPOINT.P22 | DP:EULAPOINT.P23 | DP:EULAPOINT.P24 | DP:EULAPOINT.P25 | DP:EULAPOINT.P26 | DP:EULAPOINT.P27 | DP:EULAPOINT.P28 | DP:EULAPOINT.P29 |" time="0.001"/>
  <testcase classname="| DP:STUDENTS.STUDENT3.USERNAME | DP:STUDENTS.STUDENT3.PASSWORD | Sections | Join a Section | DP:SECTIONS.SECTIONNAME2 | Y |" name="Given As a user I see login page of LMS" time="0"/>
  <testcase classname="| DP:STUDENTS.STUDENT3.USERNAME | DP:STUDENTS.STUDENT3.PASSWORD | Sections | Join a Section | DP:SECTIONS.SECTIONNAME2 | Y |" name="And I enter DP:STUDENTS.STUDENT3.USERNAME Y Username in LMS login page" time="0"/>
  <testcase classname="| DP:STUDENTS.STUDENT3.USERNAME | DP:STUDENTS.STUDENT3.PASSWORD | Sections | Join a Section | DP:SECTIONS.SECTIONNAME2 | Y |" name="And I enter DP:STUDENTS.STUDENT3.PASSWORD Password in LMS login page" time="0"/>
  <testcase classname="| DP:STUDENTS.STUDENT3.USERNAME | DP:STUDENTS.STUDENT3.PASSWORD | Sections | Join a Section | DP:SECTIONS.SECTIONNAME2 | Y |" name="And I click on Log In button" time="0"/>
  <testcase classname="| DP:STUDENTS.STUDENT3.USERNAME | DP:STUDENTS.STUDENT3.PASSWORD | Sections | Join a Section | DP:SECTIONS.SECTIONNAME2 | Y |" name="And I see Student Activities page" time="0"/>
  <testcase classname="| DP:STUDENTS.STUDENT3.USERNAME | DP:STUDENTS.STUDENT3.PASSWORD | Sections | Join a Section | DP:SECTIONS.SECTIONNAME2 | Y |" name="And I click on Sections tab" time="0"/>
  <testcase classname="| DP:STUDENTS.STUDENT3.USERNAME | DP:STUDENTS.STUDENT3.PASSWORD | Sections | Join a Section | DP:SECTIONS.SECTIONNAME2 | Y |" name="And I click on Join a Section tab" time="0"/>
  <testcase classname="| DP:STUDENTS.STUDENT3.USERNAME | DP:STUDENTS.STUDENT3.PASSWORD | Sections | Join a Section | DP:SECTIONS.SECTIONNAME2 | Y |" name="When I click on DP:SECTIONS.SECTIONNAME2 Y instructor List" time="0"/>
  <testcase classname="| DP:STUDENTS.STUDENT3.USERNAME | DP:STUDENTS.STUDENT3.PASSWORD | Sections | Join a Section | DP:SECTIONS.SECTIONNAME2 | Y |" name="Then I see DP:SECTIONS.SECTIONNAME2 Y instructorName list in alphabetical order" time="0"/>
  <testcase classname="| DP:STUDENTS.STUDENT3.USERNAME | DP:STUDENTS.STUDENT3.PASSWORD | Sections | Join a Section | DP:SECTIONS.SECTIONNAME2 | Y |" name="And I click on Logout button" time="0"/>
  <testcase classname="| DP:STUDENTS.STUDENT3.USERNAME | DP:STUDENTS.STUDENT3.PASSWORD | Sections | Join a Section | DP:SECTIONS.SECTIONNAME2 | Y |" name="| DP:STUDENTS.STUDENT3.USERNAME | DP:STUDENTS.STUDENT3.PASSWORD | Sections | Join a Section | DP:SECTIONS.SECTIONNAME2 | Y |" time="0.002"/>
  <testcase classname="| DP:SUPER.USERNAME | DP:SUPER.PASSWORD | Users | DP:USERMODULEUSERS.INSTRUCTOR4.FIRSTNAME | DP:USERMODULEUSERS.INSTRUCTOR4.LASTNAME1 | Instructor | DP:USERMODULEUSERS.INSTRUCTOR4.USERNAME | DP:USERMODULEUSERS.INSTRUCTOR4.PASSWORD | Y | N |" name="Given As a user I see login page of LMS" time="0"/>
  <testcase classname="| DP:SUPER.USERNAME | DP:SUPER.PASSWORD | Users | DP:USERMODULEUSERS.INSTRUCTOR4.FIRSTNAME | DP:USERMODULEUSERS.INSTRUCTOR4.LASTNAME1 | Instructor | DP:USERMODULEUSERS.INSTRUCTOR4.USERNAME | DP:USERMODULEUSERS.INSTRUCTOR4.PASSWORD | Y | N |" name="And I enter DP:SUPER.USERNAME N Username in LMS login page" time="0"/>
  <testcase classname="| DP:SUPER.USERNAME | DP:SUPER.PASSWORD | Users | DP:USERMODULEUSERS.INSTRUCTOR4.FIRSTNAME | DP:USERMODULEUSERS.INSTRUCTOR4.LASTNAME1 | Instructor | DP:USERMODULEUSERS.INSTRUCTOR4.USERNAME | DP:USERMODULEUSERS.INSTRUCTOR4.PASSWORD | Y | N |" name="And I enter DP:SUPER.PASSWORD Password in LMS login page" time="0"/>
  <testcase classname="| DP:SUPER.USERNAME | DP:SUPER.PASSWORD | Users | DP:USERMODULEUSERS.INSTRUCTOR4.FIRSTNAME | DP:USERMODULEUSERS.INSTRUCTOR4.LASTNAME1 | Instructor | DP:USERMODULEUSERS.INSTRUCTOR4.USERNAME | DP:USERMODULEUSERS.INSTRUCTOR4.PASSWORD | Y | N |" name="And I click on Log In button" time="0"/>
  <testcase classname="| DP:SUPER.USERNAME | DP:SUPER.PASSWORD | Users | DP:USERMODULEUSERS.INSTRUCTOR4.FIRSTNAME | DP:USERMODULEUSERS.INSTRUCTOR4.LASTNAME1 | Instructor | DP:USERMODULEUSERS.INSTRUCTOR4.USERNAME | DP:USERMODULEUSERS.INSTRUCTOR4.PASSWORD | Y | N |" name="And I see home page of LMS" time="0"/>
  <testcase classname="| DP:SUPER.USERNAME | DP:SUPER.PASSWORD | Users | DP:USERMODULEUSERS.INSTRUCTOR4.FIRSTNAME | DP:USERMODULEUSERS.INSTRUCTOR4.LASTNAME1 | Instructor | DP:USERMODULEUSERS.INSTRUCTOR4.USERNAME | DP:USERMODULEUSERS.INSTRUCTOR4.PASSWORD | Y | N |" name="And I click on Users tab" time="0"/>
  <testcase classname="| DP:SUPER.USERNAME | DP:SUPER.PASSWORD | Users | DP:USERMODULEUSERS.INSTRUCTOR4.FIRSTNAME | DP:USERMODULEUSERS.INSTRUCTOR4.LASTNAME1 | Instructor | DP:USERMODULEUSERS.INSTRUCTOR4.USERNAME | DP:USERMODULEUSERS.INSTRUCTOR4.PASSWORD | Y | N |" name="And I click on Add New button" time="0"/>
  <testcase classname="| DP:SUPER.USERNAME | DP:SUPER.PASSWORD | Users | DP:USERMODULEUSERS.INSTRUCTOR4.FIRSTNAME | DP:USERMODULEUSERS.INSTRUCTOR4.LASTNAME1 | Instructor | DP:USERMODULEUSERS.INSTRUCTOR4.USERNAME | DP:USERMODULEUSERS.INSTRUCTOR4.PASSWORD | Y | N |" name="And I enter DP:USERMODULEUSERS.INSTRUCTOR4.FIRSTNAME in First Name" time="0"/>
  <testcase classname="| DP:SUPER.USERNAME | DP:SUPER.PASSWORD | Users | DP:USERMODULEUSERS.INSTRUCTOR4.FIRSTNAME | DP:USERMODULEUSERS.INSTRUCTOR4.LASTNAME1 | Instructor | DP:USERMODULEUSERS.INSTRUCTOR4.USERNAME | DP:USERMODULEUSERS.INSTRUCTOR4.PASSWORD | Y | N |" name="And I enter DP:USERMODULEUSERS.INSTRUCTOR4.LASTNAME1 in Last Name" time="0"/>
  <testcase classname="| DP:SUPER.USERNAME | DP:SUPER.PASSWORD | Users | DP:USERMODULEUSERS.INSTRUCTOR4.FIRSTNAME | DP:USERMODULEUSERS.INSTRUCTOR4.LASTNAME1 | Instructor | DP:USERMODULEUSERS.INSTRUCTOR4.USERNAME | DP:USERMODULEUSERS.INSTRUCTOR4.PASSWORD | Y | N |" name="And I select Instructor from Role" time="0"/>
  <testcase classname="| DP:SUPER.USERNAME | DP:SUPER.PASSWORD | Users | DP:USERMODULEUSERS.INSTRUCTOR4.FIRSTNAME | DP:USERMODULEUSERS.INSTRUCTOR4.LASTNAME1 | Instructor | DP:USERMODULEUSERS.INSTRUCTOR4.USERNAME | DP:USERMODULEUSERS.INSTRUCTOR4.PASSWORD | Y | N |" name="And I enter DP:USERMODULEUSERS.INSTRUCTOR4.USERNAME in Username" time="0"/>
  <testcase classname="| DP:SUPER.USERNAME | DP:SUPER.PASSWORD | Users | DP:USERMODULEUSERS.INSTRUCTOR4.FIRSTNAME | DP:USERMODULEUSERS.INSTRUCTOR4.LASTNAME1 | Instructor | DP:USERMODULEUSERS.INSTRUCTOR4.USERNAME | DP:USERMODULEUSERS.INSTRUCTOR4.PASSWORD | Y | N |" name="And I enter DP:USERMODULEUSERS.INSTRUCTOR4.USERNAME in Verify Username" time="0"/>
  <testcase classname="| DP:SUPER.USERNAME | DP:SUPER.PASSWORD | Users | DP:USERMODULEUSERS.INSTRUCTOR4.FIRSTNAME | DP:USERMODULEUSERS.INSTRUCTOR4.LASTNAME1 | Instructor | DP:USERMODULEUSERS.INSTRUCTOR4.USERNAME | DP:USERMODULEUSERS.INSTRUCTOR4.PASSWORD | Y | N |" name="And I enter DP:USERMODULEUSERS.INSTRUCTOR4.PASSWORD in Password" time="0"/>
  <testcase classname="| DP:SUPER.USERNAME | DP:SUPER.PASSWORD | Users | DP:USERMODULEUSERS.INSTRUCTOR4.FIRSTNAME | DP:USERMODULEUSERS.INSTRUCTOR4.LASTNAME1 | Instructor | DP:USERMODULEUSERS.INSTRUCTOR4.USERNAME | DP:USERMODULEUSERS.INSTRUCTOR4.PASSWORD | Y | N |" name="And I enter DP:USERMODULEUSERS.INSTRUCTOR4.PASSWORD in Verify Password" time="0"/>
  <testcase classname="| DP:SUPER.USERNAME | DP:SUPER.PASSWORD | Users | DP:USERMODULEUSERS.INSTRUCTOR4.FIRSTNAME | DP:USERMODULEUSERS.INSTRUCTOR4.LASTNAME1 | Instructor | DP:USERMODULEUSERS.INSTRUCTOR4.USERNAME | DP:USERMODULEUSERS.INSTRUCTOR4.PASSWORD | Y | N |" name="And I click on Save button" time="0"/>
  <testcase classname="| DP:SUPER.USERNAME | DP:SUPER.PASSWORD | Users | DP:USERMODULEUSERS.INSTRUCTOR4.FIRSTNAME | DP:USERMODULEUSERS.INSTRUCTOR4.LASTNAME1 | Instructor | DP:USERMODULEUSERS.INSTRUCTOR4.USERNAME | DP:USERMODULEUSERS.INSTRUCTOR4.PASSWORD | Y | N |" name="When I click on Cancel button in User Added Successfully pop-up" time="0"/>
  <testcase classname="| DP:SUPER.USERNAME | DP:SUPER.PASSWORD | Users | DP:USERMODULEUSERS.INSTRUCTOR4.FIRSTNAME | DP:USERMODULEUSERS.INSTRUCTOR4.LASTNAME1 | Instructor | DP:USERMODULEUSERS.INSTRUCTOR4.USERNAME | DP:USERMODULEUSERS.INSTRUCTOR4.PASSWORD | Y | N |" name="Then I see the created DP:USERMODULEUSERS.INSTRUCTOR4.USERNAME Instructor Y in Users page" time="0"/>
  <testcase classname="| DP:SUPER.USERNAME | DP:SUPER.PASSWORD | Users | DP:USERMODULEUSERS.INSTRUCTOR4.FIRSTNAME | DP:USERMODULEUSERS.INSTRUCTOR4.LASTNAME1 | Instructor | DP:USERMODULEUSERS.INSTRUCTOR4.USERNAME | DP:USERMODULEUSERS.INSTRUCTOR4.PASSWORD | Y | N |" name="And I click on Logout button" time="0"/>
  <testcase classname="| DP:SUPER.USERNAME | DP:SUPER.PASSWORD | Users | DP:USERMODULEUSERS.INSTRUCTOR4.FIRSTNAME | DP:USERMODULEUSERS.INSTRUCTOR4.LASTNAME1 | Instructor | DP:USERMODULEUSERS.INSTRUCTOR4.USERNAME | DP:USERMODULEUSERS.INSTRUCTOR4.PASSWORD | Y | N |" name="| DP:SUPER.USERNAME | DP:SUPER.PASSWORD | Users | DP:USERMODULEUSERS.INSTRUCTOR4.FIRSTNAME | DP:USERMODULEUSERS.INSTRUCTOR4.LASTNAME1 | Instructor | DP:USERMODULEUSERS.INSTRUCTOR4.USERNAME | DP:USERMODULEUSERS.INSTRUCTOR4.PASSWORD | Y | N |" time="0"/>
  <testcase classname="| DP:SUPER.USERNAME | DP:SUPER.PASSWORD | DP:USERMODULEUSERS.INSTRUCTOR6.USERNAME | DP:INSTRUCTOR2.PASSWORD | Instructors | Instructor Candidates | DP:SECTIONS.SECTIONNAME2 | Sections | Users | DP:USERMODULEUSERS.INSTRUCTOR4.FULLNAME1 | DP:USERMODULEUSERS.INSTRUCTOR5.FULLNAME1 | DP:USERMODULEUSERS.INSTRUCTOR5.FIRSTNAME | DP:USERMODULEUSERS.INSTRUCTOR5.LASTNAME1 | Instructor | DP:USERMODULEUSERS.INSTRUCTOR5.USERNAME | DP:USERMODULEUSERS.INSTRUCTOR5.PASSWORD | Y | N |" name="Given As a user I see login page of LMS" time="0"/>
  <testcase classname="| DP:SUPER.USERNAME | DP:SUPER.PASSWORD | DP:USERMODULEUSERS.INSTRUCTOR6.USERNAME | DP:INSTRUCTOR2.PASSWORD | Instructors | Instructor Candidates | DP:SECTIONS.SECTIONNAME2 | Sections | Users | DP:USERMODULEUSERS.INSTRUCTOR4.FULLNAME1 | DP:USERMODULEUSERS.INSTRUCTOR5.FULLNAME1 | DP:USERMODULEUSERS.INSTRUCTOR5.FIRSTNAME | DP:USERMODULEUSERS.INSTRUCTOR5.LASTNAME1 | Instructor | DP:USERMODULEUSERS.INSTRUCTOR5.USERNAME | DP:USERMODULEUSERS.INSTRUCTOR5.PASSWORD | Y | N |" name="And I enter DP:SUPER.USERNAME N Username in LMS login page" time="0"/>
  <testcase classname="| DP:SUPER.USERNAME | DP:SUPER.PASSWORD | DP:USERMODULEUSERS.INSTRUCTOR6.USERNAME | DP:INSTRUCTOR2.PASSWORD | Instructors | Instructor Candidates | DP:SECTIONS.SECTIONNAME2 | Sections | Users | DP:USERMODULEUSERS.INSTRUCTOR4.FULLNAME1 | DP:USERMODULEUSERS.INSTRUCTOR5.FULLNAME1 | DP:USERMODULEUSERS.INSTRUCTOR5.FIRSTNAME | DP:USERMODULEUSERS.INSTRUCTOR5.LASTNAME1 | Instructor | DP:USERMODULEUSERS.INSTRUCTOR5.USERNAME | DP:USERMODULEUSERS.INSTRUCTOR5.PASSWORD | Y | N |" name="And I enter DP:SUPER.PASSWORD Password in LMS login page" time="0"/>
  <testcase classname="| DP:SUPER.USERNAME | DP:SUPER.PASSWORD | DP:USERMODULEUSERS.INSTRUCTOR6.USERNAME | DP:INSTRUCTOR2.PASSWORD | Instructors | Instructor Candidates | DP:SECTIONS.SECTIONNAME2 | Sections | Users | DP:USERMODULEUSERS.INSTRUCTOR4.FULLNAME1 | DP:USERMODULEUSERS.INSTRUCTOR5.FULLNAME1 | DP:USERMODULEUSERS.INSTRUCTOR5.FIRSTNAME | DP:USERMODULEUSERS.INSTRUCTOR5.LASTNAME1 | Instructor | DP:USERMODULEUSERS.INSTRUCTOR5.USERNAME | DP:USERMODULEUSERS.INSTRUCTOR5.PASSWORD | Y | N |" name="And I click on Log In button" time="0"/>
  <testcase classname="| DP:SUPER.USERNAME | DP:SUPER.PASSWORD | DP:USERMODULEUSERS.INSTRUCTOR6.USERNAME | DP:INSTRUCTOR2.PASSWORD | Instructors | Instructor Candidates | DP:SECTIONS.SECTIONNAME2 | Sections | Users | DP:USERMODULEUSERS.INSTRUCTOR4.FULLNAME1 | DP:USERMODULEUSERS.INSTRUCTOR5.FULLNAME1 | DP:USERMODULEUSERS.INSTRUCTOR5.FIRSTNAME | DP:USERMODULEUSERS.INSTRUCTOR5.LASTNAME1 | Instructor | DP:USERMODULEUSERS.INSTRUCTOR5.USERNAME | DP:USERMODULEUSERS.INSTRUCTOR5.PASSWORD | Y | N |" name="And I see home page of LMS" time="0"/>
  <testcase classname="| DP:SUPER.USERNAME | DP:SUPER.PASSWORD | DP:USERMODULEUSERS.INSTRUCTOR6.USERNAME | DP:INSTRUCTOR2.PASSWORD | Instructors | Instructor Candidates | DP:SECTIONS.SECTIONNAME2 | Sections | Users | DP:USERMODULEUSERS.INSTRUCTOR4.FULLNAME1 | DP:USERMODULEUSERS.INSTRUCTOR5.FULLNAME1 | DP:USERMODULEUSERS.INSTRUCTOR5.FIRSTNAME | DP:USERMODULEUSERS.INSTRUCTOR5.LASTNAME1 | Instructor | DP:USERMODULEUSERS.INSTRUCTOR5.USERNAME | DP:USERMODULEUSERS.INSTRUCTOR5.PASSWORD | Y | N |" name="And I click on Users tab" time="0"/>
  <testcase classname="| DP:SUPER.USERNAME | DP:SUPER.PASSWORD | DP:USERMODULEUSERS.INSTRUCTOR6.USERNAME | DP:INSTRUCTOR2.PASSWORD | Instructors | Instructor Candidates | DP:SECTIONS.SECTIONNAME2 | Sections | Users | DP:USERMODULEUSERS.INSTRUCTOR4.FULLNAME1 | DP:USERMODULEUSERS.INSTRUCTOR5.FULLNAME1 | DP:USERMODULEUSERS.INSTRUCTOR5.FIRSTNAME | DP:USERMODULEUSERS.INSTRUCTOR5.LASTNAME1 | Instructor | DP:USERMODULEUSERS.INSTRUCTOR5.USERNAME | DP:USERMODULEUSERS.INSTRUCTOR5.PASSWORD | Y | N |" name="And I click on Add New button" time="0"/>
  <testcase classname="| DP:SUPER.USERNAME | DP:SUPER.PASSWORD | DP:USERMODULEUSERS.INSTRUCTOR6.USERNAME | DP:INSTRUCTOR2.PASSWORD | Instructors | Instructor Candidates | DP:SECTIONS.SECTIONNAME2 | Sections | Users | DP:USERMODULEUSERS.INSTRUCTOR4.FULLNAME1 | DP:USERMODULEUSERS.INSTRUCTOR5.FULLNAME1 | DP:USERMODULEUSERS.INSTRUCTOR5.FIRSTNAME | DP:USERMODULEUSERS.INSTRUCTOR5.LASTNAME1 | Instructor | DP:USERMODULEUSERS.INSTRUCTOR5.USERNAME | DP:USERMODULEUSERS.INSTRUCTOR5.PASSWORD | Y | N |" name="And I enter DP:USERMODULEUSERS.INSTRUCTOR5.FIRSTNAME in First Name" time="0"/>
  <testcase classname="| DP:SUPER.USERNAME | DP:SUPER.PASSWORD | DP:USERMODULEUSERS.INSTRUCTOR6.USERNAME | DP:INSTRUCTOR2.PASSWORD | Instructors | Instructor Candidates | DP:SECTIONS.SECTIONNAME2 | Sections | Users | DP:USERMODULEUSERS.INSTRUCTOR4.FULLNAME1 | DP:USERMODULEUSERS.INSTRUCTOR5.FULLNAME1 | DP:USERMODULEUSERS.INSTRUCTOR5.FIRSTNAME | DP:USERMODULEUSERS.INSTRUCTOR5.LASTNAME1 | Instructor | DP:USERMODULEUSERS.INSTRUCTOR5.USERNAME | DP:USERMODULEUSERS.INSTRUCTOR5.PASSWORD | Y | N |" name="And I enter DP:USERMODULEUSERS.INSTRUCTOR5.LASTNAME1 in Last Name" time="0"/>
  <testcase classname="| DP:SUPER.USERNAME | DP:SUPER.PASSWORD | DP:USERMODULEUSERS.INSTRUCTOR6.USERNAME | DP:INSTRUCTOR2.PASSWORD | Instructors | Instructor Candidates | DP:SECTIONS.SECTIONNAME2 | Sections | Users | DP:USERMODULEUSERS.INSTRUCTOR4.FULLNAME1 | DP:USERMODULEUSERS.INSTRUCTOR5.FULLNAME1 | DP:USERMODULEUSERS.INSTRUCTOR5.FIRSTNAME | DP:USERMODULEUSERS.INSTRUCTOR5.LASTNAME1 | Instructor | DP:USERMODULEUSERS.INSTRUCTOR5.USERNAME | DP:USERMODULEUSERS.INSTRUCTOR5.PASSWORD | Y | N |" name="And I select Instructor from Role" time="0"/>
  <testcase classname="| DP:SUPER.USERNAME | DP:SUPER.PASSWORD | DP:USERMODULEUSERS.INSTRUCTOR6.USERNAME | DP:INSTRUCTOR2.PASSWORD | Instructors | Instructor Candidates | DP:SECTIONS.SECTIONNAME2 | Sections | Users | DP:USERMODULEUSERS.INSTRUCTOR4.FULLNAME1 | DP:USERMODULEUSERS.INSTRUCTOR5.FULLNAME1 | DP:USERMODULEUSERS.INSTRUCTOR5.FIRSTNAME | DP:USERMODULEUSERS.INSTRUCTOR5.LASTNAME1 | Instructor | DP:USERMODULEUSERS.INSTRUCTOR5.USERNAME | DP:USERMODULEUSERS.INSTRUCTOR5.PASSWORD | Y | N |" name="And I enter DP:USERMODULEUSERS.INSTRUCTOR5.USERNAME in Username" time="0"/>
  <testcase classname="| DP:SUPER.USERNAME | DP:SUPER.PASSWORD | DP:USERMODULEUSERS.INSTRUCTOR6.USERNAME | DP:INSTRUCTOR2.PASSWORD | Instructors | Instructor Candidates | DP:SECTIONS.SECTIONNAME2 | Sections | Users | DP:USERMODULEUSERS.INSTRUCTOR4.FULLNAME1 | DP:USERMODULEUSERS.INSTRUCTOR5.FULLNAME1 | DP:USERMODULEUSERS.INSTRUCTOR5.FIRSTNAME | DP:USERMODULEUSERS.INSTRUCTOR5.LASTNAME1 | Instructor | DP:USERMODULEUSERS.INSTRUCTOR5.USERNAME | DP:USERMODULEUSERS.INSTRUCTOR5.PASSWORD | Y | N |" name="And I enter DP:USERMODULEUSERS.INSTRUCTOR5.USERNAME in Verify Username" time="0"/>
  <testcase classname="| DP:SUPER.USERNAME | DP:SUPER.PASSWORD | DP:USERMODULEUSERS.INSTRUCTOR6.USERNAME | DP:INSTRUCTOR2.PASSWORD | Instructors | Instructor Candidates | DP:SECTIONS.SECTIONNAME2 | Sections | Users | DP:USERMODULEUSERS.INSTRUCTOR4.FULLNAME1 | DP:USERMODULEUSERS.INSTRUCTOR5.FULLNAME1 | DP:USERMODULEUSERS.INSTRUCTOR5.FIRSTNAME | DP:USERMODULEUSERS.INSTRUCTOR5.LASTNAME1 | Instructor | DP:USERMODULEUSERS.INSTRUCTOR5.USERNAME | DP:USERMODULEUSERS.INSTRUCTOR5.PASSWORD | Y | N |" name="And I enter DP:USERMODULEUSERS.INSTRUCTOR5.PASSWORD in Password" time="0"/>
  <testcase classname="| DP:SUPER.USERNAME | DP:SUPER.PASSWORD | DP:USERMODULEUSERS.INSTRUCTOR6.USERNAME | DP:INSTRUCTOR2.PASSWORD | Instructors | Instructor Candidates | DP:SECTIONS.SECTIONNAME2 | Sections | Users | DP:USERMODULEUSERS.INSTRUCTOR4.FULLNAME1 | DP:USERMODULEUSERS.INSTRUCTOR5.FULLNAME1 | DP:USERMODULEUSERS.INSTRUCTOR5.FIRSTNAME | DP:USERMODULEUSERS.INSTRUCTOR5.LASTNAME1 | Instructor | DP:USERMODULEUSERS.INSTRUCTOR5.USERNAME | DP:USERMODULEUSERS.INSTRUCTOR5.PASSWORD | Y | N |" name="And I enter DP:USERMODULEUSERS.INSTRUCTOR5.PASSWORD in Verify Password" time="0"/>
  <testcase classname="| DP:SUPER.USERNAME | DP:SUPER.PASSWORD | DP:USERMODULEUSERS.INSTRUCTOR6.USERNAME | DP:INSTRUCTOR2.PASSWORD | Instructors | Instructor Candidates | DP:SECTIONS.SECTIONNAME2 | Sections | Users | DP:USERMODULEUSERS.INSTRUCTOR4.FULLNAME1 | DP:USERMODULEUSERS.INSTRUCTOR5.FULLNAME1 | DP:USERMODULEUSERS.INSTRUCTOR5.FIRSTNAME | DP:USERMODULEUSERS.INSTRUCTOR5.LASTNAME1 | Instructor | DP:USERMODULEUSERS.INSTRUCTOR5.USERNAME | DP:USERMODULEUSERS.INSTRUCTOR5.PASSWORD | Y | N |" name="And I click on Save button" time="0"/>
  <testcase classname="| DP:SUPER.USERNAME | DP:SUPER.PASSWORD | DP:USERMODULEUSERS.INSTRUCTOR6.USERNAME | DP:INSTRUCTOR2.PASSWORD | Instructors | Instructor Candidates | DP:SECTIONS.SECTIONNAME2 | Sections | Users | DP:USERMODULEUSERS.INSTRUCTOR4.FULLNAME1 | DP:USERMODULEUSERS.INSTRUCTOR5.FULLNAME1 | DP:USERMODULEUSERS.INSTRUCTOR5.FIRSTNAME | DP:USERMODULEUSERS.INSTRUCTOR5.LASTNAME1 | Instructor | DP:USERMODULEUSERS.INSTRUCTOR5.USERNAME | DP:USERMODULEUSERS.INSTRUCTOR5.PASSWORD | Y | N |" name="And I click on Cancel button in User Added Successfully pop-up" time="0"/>
  <testcase classname="| DP:SUPER.USERNAME | DP:SUPER.PASSWORD | DP:USERMODULEUSERS.INSTRUCTOR6.USERNAME | DP:INSTRUCTOR2.PASSWORD | Instructors | Instructor Candidates | DP:SECTIONS.SECTIONNAME2 | Sections | Users | DP:USERMODULEUSERS.INSTRUCTOR4.FULLNAME1 | DP:USERMODULEUSERS.INSTRUCTOR5.FULLNAME1 | DP:USERMODULEUSERS.INSTRUCTOR5.FIRSTNAME | DP:USERMODULEUSERS.INSTRUCTOR5.LASTNAME1 | Instructor | DP:USERMODULEUSERS.INSTRUCTOR5.USERNAME | DP:USERMODULEUSERS.INSTRUCTOR5.PASSWORD | Y | N |" name="And I see the created DP:USERMODULEUSERS.INSTRUCTOR5.USERNAME Instructor Y in Users page" time="0"/>
  <testcase classname="| DP:SUPER.USERNAME | DP:SUPER.PASSWORD | DP:USERMODULEUSERS.INSTRUCTOR6.USERNAME | DP:INSTRUCTOR2.PASSWORD | Instructors | Instructor Candidates | DP:SECTIONS.SECTIONNAME2 | Sections | Users | DP:USERMODULEUSERS.INSTRUCTOR4.FULLNAME1 | DP:USERMODULEUSERS.INSTRUCTOR5.FULLNAME1 | DP:USERMODULEUSERS.INSTRUCTOR5.FIRSTNAME | DP:USERMODULEUSERS.INSTRUCTOR5.LASTNAME1 | Instructor | DP:USERMODULEUSERS.INSTRUCTOR5.USERNAME | DP:USERMODULEUSERS.INSTRUCTOR5.PASSWORD | Y | N |" name="And I click on Logout button" time="0"/>
  <testcase classname="| DP:SUPER.USERNAME | DP:SUPER.PASSWORD | DP:USERMODULEUSERS.INSTRUCTOR6.USERNAME | DP:INSTRUCTOR2.PASSWORD | Instructors | Instructor Candidates | DP:SECTIONS.SECTIONNAME2 | Sections | Users | DP:USERMODULEUSERS.INSTRUCTOR4.FULLNAME1 | DP:USERMODULEUSERS.INSTRUCTOR5.FULLNAME1 | DP:USERMODULEUSERS.INSTRUCTOR5.FIRSTNAME | DP:USERMODULEUSERS.INSTRUCTOR5.LASTNAME1 | Instructor | DP:USERMODULEUSERS.INSTRUCTOR5.USERNAME | DP:USERMODULEUSERS.INSTRUCTOR5.PASSWORD | Y | N |" name="And I enter DP:USERMODULEUSERS.INSTRUCTOR6.USERNAME Y Username in LMS login page" time="0"/>
  <testcase classname="| DP:SUPER.USERNAME | DP:SUPER.PASSWORD | DP:USERMODULEUSERS.INSTRUCTOR6.USERNAME | DP:INSTRUCTOR2.PASSWORD | Instructors | Instructor Candidates | DP:SECTIONS.SECTIONNAME2 | Sections | Users | DP:USERMODULEUSERS.INSTRUCTOR4.FULLNAME1 | DP:USERMODULEUSERS.INSTRUCTOR5.FULLNAME1 | DP:USERMODULEUSERS.INSTRUCTOR5.FIRSTNAME | DP:USERMODULEUSERS.INSTRUCTOR5.LASTNAME1 | Instructor | DP:USERMODULEUSERS.INSTRUCTOR5.USERNAME | DP:USERMODULEUSERS.INSTRUCTOR5.PASSWORD | Y | N |" name="And I enter DP:INSTRUCTOR2.PASSWORD Password in LMS login page" time="0"/>
  <testcase classname="| DP:SUPER.USERNAME | DP:SUPER.PASSWORD | DP:USERMODULEUSERS.INSTRUCTOR6.USERNAME | DP:INSTRUCTOR2.PASSWORD | Instructors | Instructor Candidates | DP:SECTIONS.SECTIONNAME2 | Sections | Users | DP:USERMODULEUSERS.INSTRUCTOR4.FULLNAME1 | DP:USERMODULEUSERS.INSTRUCTOR5.FULLNAME1 | DP:USERMODULEUSERS.INSTRUCTOR5.FIRSTNAME | DP:USERMODULEUSERS.INSTRUCTOR5.LASTNAME1 | Instructor | DP:USERMODULEUSERS.INSTRUCTOR5.USERNAME | DP:USERMODULEUSERS.INSTRUCTOR5.PASSWORD | Y | N |" name="And I click on Log In button" time="0"/>
  <testcase classname="| DP:SUPER.USERNAME | DP:SUPER.PASSWORD | DP:USERMODULEUSERS.INSTRUCTOR6.USERNAME | DP:INSTRUCTOR2.PASSWORD | Instructors | Instructor Candidates | DP:SECTIONS.SECTIONNAME2 | Sections | Users | DP:USERMODULEUSERS.INSTRUCTOR4.FULLNAME1 | DP:USERMODULEUSERS.INSTRUCTOR5.FULLNAME1 | DP:USERMODULEUSERS.INSTRUCTOR5.FIRSTNAME | DP:USERMODULEUSERS.INSTRUCTOR5.LASTNAME1 | Instructor | DP:USERMODULEUSERS.INSTRUCTOR5.USERNAME | DP:USERMODULEUSERS.INSTRUCTOR5.PASSWORD | Y | N |" name="And I see home page of LMS" time="0"/>
  <testcase classname="| DP:SUPER.USERNAME | DP:SUPER.PASSWORD | DP:USERMODULEUSERS.INSTRUCTOR6.USERNAME | DP:INSTRUCTOR2.PASSWORD | Instructors | Instructor Candidates | DP:SECTIONS.SECTIONNAME2 | Sections | Users | DP:USERMODULEUSERS.INSTRUCTOR4.FULLNAME1 | DP:USERMODULEUSERS.INSTRUCTOR5.FULLNAME1 | DP:USERMODULEUSERS.INSTRUCTOR5.FIRSTNAME | DP:USERMODULEUSERS.INSTRUCTOR5.LASTNAME1 | Instructor | DP:USERMODULEUSERS.INSTRUCTOR5.USERNAME | DP:USERMODULEUSERS.INSTRUCTOR5.PASSWORD | Y | N |" name="And I click on Sections tab" time="0"/>
  <testcase classname="| DP:SUPER.USERNAME | DP:SUPER.PASSWORD | DP:USERMODULEUSERS.INSTRUCTOR6.USERNAME | DP:INSTRUCTOR2.PASSWORD | Instructors | Instructor Candidates | DP:SECTIONS.SECTIONNAME2 | Sections | Users | DP:USERMODULEUSERS.INSTRUCTOR4.FULLNAME1 | DP:USERMODULEUSERS.INSTRUCTOR5.FULLNAME1 | DP:USERMODULEUSERS.INSTRUCTOR5.FIRSTNAME | DP:USERMODULEUSERS.INSTRUCTOR5.LASTNAME1 | Instructor | DP:USERMODULEUSERS.INSTRUCTOR5.USERNAME | DP:USERMODULEUSERS.INSTRUCTOR5.PASSWORD | Y | N |" name="And I check DP:SECTIONS.SECTIONNAME2 Y from section list" time="0"/>
  <testcase classname="| DP:SUPER.USERNAME | DP:SUPER.PASSWORD | DP:USERMODULEUSERS.INSTRUCTOR6.USERNAME | DP:INSTRUCTOR2.PASSWORD | Instructors | Instructor Candidates | DP:SECTIONS.SECTIONNAME2 | Sections | Users | DP:USERMODULEUSERS.INSTRUCTOR4.FULLNAME1 | DP:USERMODULEUSERS.INSTRUCTOR5.FULLNAME1 | DP:USERMODULEUSERS.INSTRUCTOR5.FIRSTNAME | DP:USERMODULEUSERS.INSTRUCTOR5.LASTNAME1 | Instructor | DP:USERMODULEUSERS.INSTRUCTOR5.USERNAME | DP:USERMODULEUSERS.INSTRUCTOR5.PASSWORD | Y | N |" name="And I click on Edit button" time="0"/>
  <testcase classname="| DP:SUPER.USERNAME | DP:SUPER.PASSWORD | DP:USERMODULEUSERS.INSTRUCTOR6.USERNAME | DP:INSTRUCTOR2.PASSWORD | Instructors | Instructor Candidates | DP:SECTIONS.SECTIONNAME2 | Sections | Users | DP:USERMODULEUSERS.INSTRUCTOR4.FULLNAME1 | DP:USERMODULEUSERS.INSTRUCTOR5.FULLNAME1 | DP:USERMODULEUSERS.INSTRUCTOR5.FIRSTNAME | DP:USERMODULEUSERS.INSTRUCTOR5.LASTNAME1 | Instructor | DP:USERMODULEUSERS.INSTRUCTOR5.USERNAME | DP:USERMODULEUSERS.INSTRUCTOR5.PASSWORD | Y | N |" name="And I click on Instructors tab" time="0"/>
  <testcase classname="| DP:SUPER.USERNAME | DP:SUPER.PASSWORD | DP:USERMODULEUSERS.INSTRUCTOR6.USERNAME | DP:INSTRUCTOR2.PASSWORD | Instructors | Instructor Candidates | DP:SECTIONS.SECTIONNAME2 | Sections | Users | DP:USERMODULEUSERS.INSTRUCTOR4.FULLNAME1 | DP:USERMODULEUSERS.INSTRUCTOR5.FULLNAME1 | DP:USERMODULEUSERS.INSTRUCTOR5.FIRSTNAME | DP:USERMODULEUSERS.INSTRUCTOR5.LASTNAME1 | Instructor | DP:USERMODULEUSERS.INSTRUCTOR5.USERNAME | DP:USERMODULEUSERS.INSTRUCTOR5.PASSWORD | Y | N |" name="And I click on Instructor Candidates header" time="0"/>
  <testcase classname="| DP:SUPER.USERNAME | DP:SUPER.PASSWORD | DP:USERMODULEUSERS.INSTRUCTOR6.USERNAME | DP:INSTRUCTOR2.PASSWORD | Instructors | Instructor Candidates | DP:SECTIONS.SECTIONNAME2 | Sections | Users | DP:USERMODULEUSERS.INSTRUCTOR4.FULLNAME1 | DP:USERMODULEUSERS.INSTRUCTOR5.FULLNAME1 | DP:USERMODULEUSERS.INSTRUCTOR5.FIRSTNAME | DP:USERMODULEUSERS.INSTRUCTOR5.LASTNAME1 | Instructor | DP:USERMODULEUSERS.INSTRUCTOR5.USERNAME | DP:USERMODULEUSERS.INSTRUCTOR5.PASSWORD | Y | N |" name="And I see all available Instructor Candidates" time="0"/>
  <testcase classname="| DP:SUPER.USERNAME | DP:SUPER.PASSWORD | DP:USERMODULEUSERS.INSTRUCTOR6.USERNAME | DP:INSTRUCTOR2.PASSWORD | Instructors | Instructor Candidates | DP:SECTIONS.SECTIONNAME2 | Sections | Users | DP:USERMODULEUSERS.INSTRUCTOR4.FULLNAME1 | DP:USERMODULEUSERS.INSTRUCTOR5.FULLNAME1 | DP:USERMODULEUSERS.INSTRUCTOR5.FIRSTNAME | DP:USERMODULEUSERS.INSTRUCTOR5.LASTNAME1 | Instructor | DP:USERMODULEUSERS.INSTRUCTOR5.USERNAME | DP:USERMODULEUSERS.INSTRUCTOR5.PASSWORD | Y | N |" name="And I click on DP:USERMODULEUSERS.INSTRUCTOR4.FULLNAME1 N Add item button in Instructor Candidates" time="0"/>
  <testcase classname="| DP:SUPER.USERNAME | DP:SUPER.PASSWORD | DP:USERMODULEUSERS.INSTRUCTOR6.USERNAME | DP:INSTRUCTOR2.PASSWORD | Instructors | Instructor Candidates | DP:SECTIONS.SECTIONNAME2 | Sections | Users | DP:USERMODULEUSERS.INSTRUCTOR4.FULLNAME1 | DP:USERMODULEUSERS.INSTRUCTOR5.FULLNAME1 | DP:USERMODULEUSERS.INSTRUCTOR5.FIRSTNAME | DP:USERMODULEUSERS.INSTRUCTOR5.LASTNAME1 | Instructor | DP:USERMODULEUSERS.INSTRUCTOR5.USERNAME | DP:USERMODULEUSERS.INSTRUCTOR5.PASSWORD | Y | N |" name="When I click on DP:USERMODULEUSERS.INSTRUCTOR5.FULLNAME1 N Add item button in Instructor Candidates" time="0"/>
  <testcase classname="| DP:SUPER.USERNAME | DP:SUPER.PASSWORD | DP:USERMODULEUSERS.INSTRUCTOR6.USERNAME | DP:INSTRUCTOR2.PASSWORD | Instructors | Instructor Candidates | DP:SECTIONS.SECTIONNAME2 | Sections | Users | DP:USERMODULEUSERS.INSTRUCTOR4.FULLNAME1 | DP:USERMODULEUSERS.INSTRUCTOR5.FULLNAME1 | DP:USERMODULEUSERS.INSTRUCTOR5.FIRSTNAME | DP:USERMODULEUSERS.INSTRUCTOR5.LASTNAME1 | Instructor | DP:USERMODULEUSERS.INSTRUCTOR5.USERNAME | DP:USERMODULEUSERS.INSTRUCTOR5.PASSWORD | Y | N |" name="Then I click on Save and Close button" time="0"/>
  <testcase classname="| DP:SUPER.USERNAME | DP:SUPER.PASSWORD | DP:USERMODULEUSERS.INSTRUCTOR6.USERNAME | DP:INSTRUCTOR2.PASSWORD | Instructors | Instructor Candidates | DP:SECTIONS.SECTIONNAME2 | Sections | Users | DP:USERMODULEUSERS.INSTRUCTOR4.FULLNAME1 | DP:USERMODULEUSERS.INSTRUCTOR5.FULLNAME1 | DP:USERMODULEUSERS.INSTRUCTOR5.FIRSTNAME | DP:USERMODULEUSERS.INSTRUCTOR5.LASTNAME1 | Instructor | DP:USERMODULEUSERS.INSTRUCTOR5.USERNAME | DP:USERMODULEUSERS.INSTRUCTOR5.PASSWORD | Y | N |" name="And I click on Logout button" time="0"/>
  <testcase classname="| DP:SUPER.USERNAME | DP:SUPER.PASSWORD | DP:USERMODULEUSERS.INSTRUCTOR6.USERNAME | DP:INSTRUCTOR2.PASSWORD | Instructors | Instructor Candidates | DP:SECTIONS.SECTIONNAME2 | Sections | Users | DP:USERMODULEUSERS.INSTRUCTOR4.FULLNAME1 | DP:USERMODULEUSERS.INSTRUCTOR5.FULLNAME1 | DP:USERMODULEUSERS.INSTRUCTOR5.FIRSTNAME | DP:USERMODULEUSERS.INSTRUCTOR5.LASTNAME1 | Instructor | DP:USERMODULEUSERS.INSTRUCTOR5.USERNAME | DP:USERMODULEUSERS.INSTRUCTOR5.PASSWORD | Y | N |" name="| DP:SUPER.USERNAME | DP:SUPER.PASSWORD | DP:USERMODULEUSERS.INSTRUCTOR6.USERNAME | DP:INSTRUCTOR2.PASSWORD | Instructors | Instructor Candidates | DP:SECTIONS.SECTIONNAME2 | Sections | Users | DP:USERMODULEUSERS.INSTRUCTOR4.FULLNAME1 | DP:USERMODULEUSERS.INSTRUCTOR5.FULLNAME1 | DP:USERMODULEUSERS.INSTRUCTOR5.FIRSTNAME | DP:USERMODULEUSERS.INSTRUCTOR5.LASTNAME1 | Instructor | DP:USERMODULEUSERS.INSTRUCTOR5.USERNAME | DP:USERMODULEUSERS.INSTRUCTOR5.PASSWORD | Y | N |" time="0.001"/>
  <testcase classname="| DP:STUDENTS.STUDENT3.USERNAME | DP:STUDENTS.STUDENT3.PASSWORD | Sections | DP:SECTIONS.SECTIONNAME2 | Y | Join a Section | DP:USERMODULEUSERS.INSTRUCTOR2.FULLNAME1 | DP:USERMODULEUSERS.INSTRUCTOR3.FULLNAME1 | DP:USERMODULEUSERS.INSTRUCTOR6.FULLNAME1 | DP:USERMODULEUSERS.INSTRUCTOR4.FULLNAME1 | DP:USERMODULEUSERS.INSTRUCTOR5.FULLNAME1 |" name="Given As a user I see login page of LMS" time="0"/>
  <testcase classname="| DP:STUDENTS.STUDENT3.USERNAME | DP:STUDENTS.STUDENT3.PASSWORD | Sections | DP:SECTIONS.SECTIONNAME2 | Y | Join a Section | DP:USERMODULEUSERS.INSTRUCTOR2.FULLNAME1 | DP:USERMODULEUSERS.INSTRUCTOR3.FULLNAME1 | DP:USERMODULEUSERS.INSTRUCTOR6.FULLNAME1 | DP:USERMODULEUSERS.INSTRUCTOR4.FULLNAME1 | DP:USERMODULEUSERS.INSTRUCTOR5.FULLNAME1 |" name="And I enter DP:STUDENTS.STUDENT3.USERNAME Y Username in LMS login page" time="0"/>
  <testcase classname="| DP:STUDENTS.STUDENT3.USERNAME | DP:STUDENTS.STUDENT3.PASSWORD | Sections | DP:SECTIONS.SECTIONNAME2 | Y | Join a Section | DP:USERMODULEUSERS.INSTRUCTOR2.FULLNAME1 | DP:USERMODULEUSERS.INSTRUCTOR3.FULLNAME1 | DP:USERMODULEUSERS.INSTRUCTOR6.FULLNAME1 | DP:USERMODULEUSERS.INSTRUCTOR4.FULLNAME1 | DP:USERMODULEUSERS.INSTRUCTOR5.FULLNAME1 |" name="And I enter DP:STUDENTS.STUDENT3.PASSWORD Password in LMS login page" time="0"/>
  <testcase classname="| DP:STUDENTS.STUDENT3.USERNAME | DP:STUDENTS.STUDENT3.PASSWORD | Sections | DP:SECTIONS.SECTIONNAME2 | Y | Join a Section | DP:USERMODULEUSERS.INSTRUCTOR2.FULLNAME1 | DP:USERMODULEUSERS.INSTRUCTOR3.FULLNAME1 | DP:USERMODULEUSERS.INSTRUCTOR6.FULLNAME1 | DP:USERMODULEUSERS.INSTRUCTOR4.FULLNAME1 | DP:USERMODULEUSERS.INSTRUCTOR5.FULLNAME1 |" name="And I click on Log In button" time="0"/>
  <testcase classname="| DP:STUDENTS.STUDENT3.USERNAME | DP:STUDENTS.STUDENT3.PASSWORD | Sections | DP:SECTIONS.SECTIONNAME2 | Y | Join a Section | DP:USERMODULEUSERS.INSTRUCTOR2.FULLNAME1 | DP:USERMODULEUSERS.INSTRUCTOR3.FULLNAME1 | DP:USERMODULEUSERS.INSTRUCTOR6.FULLNAME1 | DP:USERMODULEUSERS.INSTRUCTOR4.FULLNAME1 | DP:USERMODULEUSERS.INSTRUCTOR5.FULLNAME1 |" name="And I see Student Activities page" time="0"/>
  <testcase classname="| DP:STUDENTS.STUDENT3.USERNAME | DP:STUDENTS.STUDENT3.PASSWORD | Sections | DP:SECTIONS.SECTIONNAME2 | Y | Join a Section | DP:USERMODULEUSERS.INSTRUCTOR2.FULLNAME1 | DP:USERMODULEUSERS.INSTRUCTOR3.FULLNAME1 | DP:USERMODULEUSERS.INSTRUCTOR6.FULLNAME1 | DP:USERMODULEUSERS.INSTRUCTOR4.FULLNAME1 | DP:USERMODULEUSERS.INSTRUCTOR5.FULLNAME1 |" name="And I click on Sections tab" time="0"/>
  <testcase classname="| DP:STUDENTS.STUDENT3.USERNAME | DP:STUDENTS.STUDENT3.PASSWORD | Sections | DP:SECTIONS.SECTIONNAME2 | Y | Join a Section | DP:USERMODULEUSERS.INSTRUCTOR2.FULLNAME1 | DP:USERMODULEUSERS.INSTRUCTOR3.FULLNAME1 | DP:USERMODULEUSERS.INSTRUCTOR6.FULLNAME1 | DP:USERMODULEUSERS.INSTRUCTOR4.FULLNAME1 | DP:USERMODULEUSERS.INSTRUCTOR5.FULLNAME1 |" name="And I click on Join a Section tab" time="0"/>
  <testcase classname="| DP:STUDENTS.STUDENT3.USERNAME | DP:STUDENTS.STUDENT3.PASSWORD | Sections | DP:SECTIONS.SECTIONNAME2 | Y | Join a Section | DP:USERMODULEUSERS.INSTRUCTOR2.FULLNAME1 | DP:USERMODULEUSERS.INSTRUCTOR3.FULLNAME1 | DP:USERMODULEUSERS.INSTRUCTOR6.FULLNAME1 | DP:USERMODULEUSERS.INSTRUCTOR4.FULLNAME1 | DP:USERMODULEUSERS.INSTRUCTOR5.FULLNAME1 |" name="When I click on DP:SECTIONS.SECTIONNAME2 Y instructor List" time="0"/>
  <testcase classname="| DP:STUDENTS.STUDENT3.USERNAME | DP:STUDENTS.STUDENT3.PASSWORD | Sections | DP:SECTIONS.SECTIONNAME2 | Y | Join a Section | DP:USERMODULEUSERS.INSTRUCTOR2.FULLNAME1 | DP:USERMODULEUSERS.INSTRUCTOR3.FULLNAME1 | DP:USERMODULEUSERS.INSTRUCTOR6.FULLNAME1 | DP:USERMODULEUSERS.INSTRUCTOR4.FULLNAME1 | DP:USERMODULEUSERS.INSTRUCTOR5.FULLNAME1 |" name="Then I see DP:SECTIONS.SECTIONNAME2 Y instructorName list in given order Owner\u002Ccreator\u002Cinstructor of section : DP:USERMODULEUSERS.INSTRUCTOR2.FULLNAME1\u002C DP:USERMODULEUSERS.INSTRUCTOR3.FULLNAME1\u002C DP:USERMODULEUSERS.INSTRUCTOR6.FULLNAME1\u002C DP:USERMODULEUSERS.INSTRUCTOR4.FULLNAME1\u002C DP:USERMODULEUSERS.INSTRUCTOR5.FULLNAME1" time="0"/>
  <testcase classname="| DP:STUDENTS.STUDENT3.USERNAME | DP:STUDENTS.STUDENT3.PASSWORD | Sections | DP:SECTIONS.SECTIONNAME2 | Y | Join a Section | DP:USERMODULEUSERS.INSTRUCTOR2.FULLNAME1 | DP:USERMODULEUSERS.INSTRUCTOR3.FULLNAME1 | DP:USERMODULEUSERS.INSTRUCTOR6.FULLNAME1 | DP:USERMODULEUSERS.INSTRUCTOR4.FULLNAME1 | DP:USERMODULEUSERS.INSTRUCTOR5.FULLNAME1 |" name="And I click on Logout button" time="0"/>
  <testcase classname="| DP:STUDENTS.STUDENT3.USERNAME | DP:STUDENTS.STUDENT3.PASSWORD | Sections | DP:SECTIONS.SECTIONNAME2 | Y | Join a Section | DP:USERMODULEUSERS.INSTRUCTOR2.FULLNAME1 | DP:USERMODULEUSERS.INSTRUCTOR3.FULLNAME1 | DP:USERMODULEUSERS.INSTRUCTOR6.FULLNAME1 | DP:USERMODULEUSERS.INSTRUCTOR4.FULLNAME1 | DP:USERMODULEUSERS.INSTRUCTOR5.FULLNAME1 |" name="| DP:STUDENTS.STUDENT3.USERNAME | DP:STUDENTS.STUDENT3.PASSWORD | Sections | DP:SECTIONS.SECTIONNAME2 | Y | Join a Section | DP:USERMODULEUSERS.INSTRUCTOR2.FULLNAME1 | DP:USERMODULEUSERS.INSTRUCTOR3.FULLNAME1 | DP:USERMODULEUSERS.INSTRUCTOR6.FULLNAME1 | DP:USERMODULEUSERS.INSTRUCTOR4.FULLNAME1 | DP:USERMODULEUSERS.INSTRUCTOR5.FULLNAME1 |" time="0.002"/>
  <testcase classname="| DP:SUPER.USERNAME | DP:SUPER.PASSWORD | DP:NAMEVALIDATION.WARNINGMESSAGE | Projects | DP:SECTIONS.SECTIONNAME2 | N | SAM Assignments | Express Creation | DP:TEXTBOOK.BOOK | Y | DP:NAMEVALIDATION.LOWERCASE | DP:NAMEVALIDATION.UPPERCASE | DP:NAMEVALIDATION.MINCHAR | DP:NAMEVALIDATION.MAXCHAR | DP:NAMEVALIDATION.NUMERICDIGIT | DP:NAMEVALIDATION.SPECIALCHARACTER | DP:NAMEVALIDATION.UPPERLOWER | DP:NAMEVALIDATION.UPPERLOWERNUMERIC | DP:NAMEVALIDATION.UPPERLOWERNUMERICSPECIAL | ! |" name="Given As a user I see login page of LMS" time="0"/>
  <testcase classname="| DP:SUPER.USERNAME | DP:SUPER.PASSWORD | DP:NAMEVALIDATION.WARNINGMESSAGE | Projects | DP:SECTIONS.SECTIONNAME2 | N | SAM Assignments | Express Creation | DP:TEXTBOOK.BOOK | Y | DP:NAMEVALIDATION.LOWERCASE | DP:NAMEVALIDATION.UPPERCASE | DP:NAMEVALIDATION.MINCHAR | DP:NAMEVALIDATION.MAXCHAR | DP:NAMEVALIDATION.NUMERICDIGIT | DP:NAMEVALIDATION.SPECIALCHARACTER | DP:NAMEVALIDATION.UPPERLOWER | DP:NAMEVALIDATION.UPPERLOWERNUMERIC | DP:NAMEVALIDATION.UPPERLOWERNUMERICSPECIAL | ! |" name="And I enter DP:SUPER.USERNAME N Username in LMS login page" time="0"/>
  <testcase classname="| DP:SUPER.USERNAME | DP:SUPER.PASSWORD | DP:NAMEVALIDATION.WARNINGMESSAGE | Projects | DP:SECTIONS.SECTIONNAME2 | N | SAM Assignments | Express Creation | DP:TEXTBOOK.BOOK | Y | DP:NAMEVALIDATION.LOWERCASE | DP:NAMEVALIDATION.UPPERCASE | DP:NAMEVALIDATION.MINCHAR | DP:NAMEVALIDATION.MAXCHAR | DP:NAMEVALIDATION.NUMERICDIGIT | DP:NAMEVALIDATION.SPECIALCHARACTER | DP:NAMEVALIDATION.UPPERLOWER | DP:NAMEVALIDATION.UPPERLOWERNUMERIC | DP:NAMEVALIDATION.UPPERLOWERNUMERICSPECIAL | ! |" name="And I enter DP:SUPER.PASSWORD Password in LMS login page" time="0"/>
  <testcase classname="| DP:SUPER.USERNAME | DP:SUPER.PASSWORD | DP:NAMEVALIDATION.WARNINGMESSAGE | Projects | DP:SECTIONS.SECTIONNAME2 | N | SAM Assignments | Express Creation | DP:TEXTBOOK.BOOK | Y | DP:NAMEVALIDATION.LOWERCASE | DP:NAMEVALIDATION.UPPERCASE | DP:NAMEVALIDATION.MINCHAR | DP:NAMEVALIDATION.MAXCHAR | DP:NAMEVALIDATION.NUMERICDIGIT | DP:NAMEVALIDATION.SPECIALCHARACTER | DP:NAMEVALIDATION.UPPERLOWER | DP:NAMEVALIDATION.UPPERLOWERNUMERIC | DP:NAMEVALIDATION.UPPERLOWERNUMERICSPECIAL | ! |" name="And I click on Log In button" time="0"/>
  <testcase classname="| DP:SUPER.USERNAME | DP:SUPER.PASSWORD | DP:NAMEVALIDATION.WARNINGMESSAGE | Projects | DP:SECTIONS.SECTIONNAME2 | N | SAM Assignments | Express Creation | DP:TEXTBOOK.BOOK | Y | DP:NAMEVALIDATION.LOWERCASE | DP:NAMEVALIDATION.UPPERCASE | DP:NAMEVALIDATION.MINCHAR | DP:NAMEVALIDATION.MAXCHAR | DP:NAMEVALIDATION.NUMERICDIGIT | DP:NAMEVALIDATION.SPECIALCHARACTER | DP:NAMEVALIDATION.UPPERLOWER | DP:NAMEVALIDATION.UPPERLOWERNUMERIC | DP:NAMEVALIDATION.UPPERLOWERNUMERICSPECIAL | ! |" name="And I see home page of LMS" time="0"/>
  <testcase classname="| DP:SUPER.USERNAME | DP:SUPER.PASSWORD | DP:NAMEVALIDATION.WARNINGMESSAGE | Projects | DP:SECTIONS.SECTIONNAME2 | N | SAM Assignments | Express Creation | DP:TEXTBOOK.BOOK | Y | DP:NAMEVALIDATION.LOWERCASE | DP:NAMEVALIDATION.UPPERCASE | DP:NAMEVALIDATION.MINCHAR | DP:NAMEVALIDATION.MAXCHAR | DP:NAMEVALIDATION.NUMERICDIGIT | DP:NAMEVALIDATION.SPECIALCHARACTER | DP:NAMEVALIDATION.UPPERLOWER | DP:NAMEVALIDATION.UPPERLOWERNUMERIC | DP:NAMEVALIDATION.UPPERLOWERNUMERICSPECIAL | ! |" name="And I click on SAM Assignments tab" time="0"/>
  <testcase classname="| DP:SUPER.USERNAME | DP:SUPER.PASSWORD | DP:NAMEVALIDATION.WARNINGMESSAGE | Projects | DP:SECTIONS.SECTIONNAME2 | N | SAM Assignments | Express Creation | DP:TEXTBOOK.BOOK | Y | DP:NAMEVALIDATION.LOWERCASE | DP:NAMEVALIDATION.UPPERCASE | DP:NAMEVALIDATION.MINCHAR | DP:NAMEVALIDATION.MAXCHAR | DP:NAMEVALIDATION.NUMERICDIGIT | DP:NAMEVALIDATION.SPECIALCHARACTER | DP:NAMEVALIDATION.UPPERLOWER | DP:NAMEVALIDATION.UPPERLOWERNUMERIC | DP:NAMEVALIDATION.UPPERLOWERNUMERICSPECIAL | ! |" name="And I click on Express Creation tab" time="0"/>
  <testcase classname="| DP:SUPER.USERNAME | DP:SUPER.PASSWORD | DP:NAMEVALIDATION.WARNINGMESSAGE | Projects | DP:SECTIONS.SECTIONNAME2 | N | SAM Assignments | Express Creation | DP:TEXTBOOK.BOOK | Y | DP:NAMEVALIDATION.LOWERCASE | DP:NAMEVALIDATION.UPPERCASE | DP:NAMEVALIDATION.MINCHAR | DP:NAMEVALIDATION.MAXCHAR | DP:NAMEVALIDATION.NUMERICDIGIT | DP:NAMEVALIDATION.SPECIALCHARACTER | DP:NAMEVALIDATION.UPPERLOWER | DP:NAMEVALIDATION.UPPERLOWERNUMERIC | DP:NAMEVALIDATION.UPPERLOWERNUMERICSPECIAL | ! |" name="And I select DP:SECTIONS.SECTIONNAME2 Y from section drop down in Express Creation page" time="0"/>
  <testcase classname="| DP:SUPER.USERNAME | DP:SUPER.PASSWORD | DP:NAMEVALIDATION.WARNINGMESSAGE | Projects | DP:SECTIONS.SECTIONNAME2 | N | SAM Assignments | Express Creation | DP:TEXTBOOK.BOOK | Y | DP:NAMEVALIDATION.LOWERCASE | DP:NAMEVALIDATION.UPPERCASE | DP:NAMEVALIDATION.MINCHAR | DP:NAMEVALIDATION.MAXCHAR | DP:NAMEVALIDATION.NUMERICDIGIT | DP:NAMEVALIDATION.SPECIALCHARACTER | DP:NAMEVALIDATION.UPPERLOWER | DP:NAMEVALIDATION.UPPERLOWERNUMERIC | DP:NAMEVALIDATION.UPPERLOWERNUMERICSPECIAL | ! |" name="And I select DP:TEXTBOOK.BOOK from Textbook drop down" time="0"/>
  <testcase classname="| DP:SUPER.USERNAME | DP:SUPER.PASSWORD | DP:NAMEVALIDATION.WARNINGMESSAGE | Projects | DP:SECTIONS.SECTIONNAME2 | N | SAM Assignments | Express Creation | DP:TEXTBOOK.BOOK | Y | DP:NAMEVALIDATION.LOWERCASE | DP:NAMEVALIDATION.UPPERCASE | DP:NAMEVALIDATION.MINCHAR | DP:NAMEVALIDATION.MAXCHAR | DP:NAMEVALIDATION.NUMERICDIGIT | DP:NAMEVALIDATION.SPECIALCHARACTER | DP:NAMEVALIDATION.UPPERLOWER | DP:NAMEVALIDATION.UPPERLOWERNUMERIC | DP:NAMEVALIDATION.UPPERLOWERNUMERICSPECIAL | ! |" name="And I click on Exam Assignment Chapter" time="0"/>
  <testcase classname="| DP:SUPER.USERNAME | DP:SUPER.PASSWORD | DP:NAMEVALIDATION.WARNINGMESSAGE | Projects | DP:SECTIONS.SECTIONNAME2 | N | SAM Assignments | Express Creation | DP:TEXTBOOK.BOOK | Y | DP:NAMEVALIDATION.LOWERCASE | DP:NAMEVALIDATION.UPPERCASE | DP:NAMEVALIDATION.MINCHAR | DP:NAMEVALIDATION.MAXCHAR | DP:NAMEVALIDATION.NUMERICDIGIT | DP:NAMEVALIDATION.SPECIALCHARACTER | DP:NAMEVALIDATION.UPPERLOWER | DP:NAMEVALIDATION.UPPERLOWERNUMERIC | DP:NAMEVALIDATION.UPPERLOWERNUMERICSPECIAL | ! |" name="And I enter DP:NAMEVALIDATION.LOWERCASE N in Exam Assignment Name" time="0"/>
  <testcase classname="| DP:SUPER.USERNAME | DP:SUPER.PASSWORD | DP:NAMEVALIDATION.WARNINGMESSAGE | Projects | DP:SECTIONS.SECTIONNAME2 | N | SAM Assignments | Express Creation | DP:TEXTBOOK.BOOK | Y | DP:NAMEVALIDATION.LOWERCASE | DP:NAMEVALIDATION.UPPERCASE | DP:NAMEVALIDATION.MINCHAR | DP:NAMEVALIDATION.MAXCHAR | DP:NAMEVALIDATION.NUMERICDIGIT | DP:NAMEVALIDATION.SPECIALCHARACTER | DP:NAMEVALIDATION.UPPERLOWER | DP:NAMEVALIDATION.UPPERLOWERNUMERIC | DP:NAMEVALIDATION.UPPERLOWERNUMERICSPECIAL | ! |" name="And I click on Save Exam button" time="0"/>
  <testcase classname="| DP:SUPER.USERNAME | DP:SUPER.PASSWORD | DP:NAMEVALIDATION.WARNINGMESSAGE | Projects | DP:SECTIONS.SECTIONNAME2 | N | SAM Assignments | Express Creation | DP:TEXTBOOK.BOOK | Y | DP:NAMEVALIDATION.LOWERCASE | DP:NAMEVALIDATION.UPPERCASE | DP:NAMEVALIDATION.MINCHAR | DP:NAMEVALIDATION.MAXCHAR | DP:NAMEVALIDATION.NUMERICDIGIT | DP:NAMEVALIDATION.SPECIALCHARACTER | DP:NAMEVALIDATION.UPPERLOWER | DP:NAMEVALIDATION.UPPERLOWERNUMERIC | DP:NAMEVALIDATION.UPPERLOWERNUMERICSPECIAL | ! |" name="And I click on OK button in Project Creation" time="0.016">
    <error message="no alert open
  (Session info: chrome=56.0.2924.87)
  (Driver info: chromedriver=2.25.426923 (0390b88869384d6eb0d5d09729679f934aab9eed),platform=Windows NT 6.3.9600 x86_64) (WARNING: The server did not provide any stacktrace information)
Command duration or timeout: 0 milliseconds
Build info: version: &apos;2.53.0&apos;, revision: &apos;35ae25b1534ae328c771e0856c93e187490ca824&apos;, time: &apos;2016-03-15 10:43:46&apos;
System info: host: &apos;CODOID&apos;, ip: &apos;10.161.243.104&apos;, os.name: &apos;Windows 8.1&apos;, os.arch: &apos;amd64&apos;, os.version: &apos;6.3&apos;, java.version: &apos;1.8.0_91&apos;
Driver info: org.openqa.selenium.chrome.ChromeDriver
Capabilities [{applicationCacheEnabled=false, rotatable=false, mobileEmulationEnabled=false, networkConnectionEnabled=false, chrome={chromedriverVersion=2.25.426923 (0390b88869384d6eb0d5d09729679f934aab9eed), userDataDir=C:\Users\CODOID~1\AppData\Local\Temp\scoped_dir2176_14542}, takesHeapSnapshot=true, pageLoadStrategy=normal, databaseEnabled=false, handlesAlerts=true, hasTouchScreen=false, version=56.0.2924.87, platform=WIN8_1, browserConnectionEnabled=false, nativeEvents=true, acceptSslCerts=true, locationContextEnabled=true, webStorageEnabled=true, browserName=chrome, takesScreenshot=true, javascriptEnabled=true, cssSelectorsEnabled=true}]
Session ID: 8c4845806ffe0d73821faceaa901a606" type="org.openqa.selenium.NoAlertPresentException">org.openqa.selenium.NoAlertPresentException: no alert open
  (Session info: chrome=56.0.2924.87)
  (Driver info: chromedriver=2.25.426923 (0390b88869384d6eb0d5d09729679f934aab9eed),platform=Windows NT 6.3.9600 x86_64) (WARNING: The server did not provide any stacktrace information)
Command duration or timeout: 0 milliseconds
Build info: version: &apos;2.53.0&apos;, revision: &apos;35ae25b1534ae328c771e0856c93e187490ca824&apos;, time: &apos;2016-03-15 10:43:46&apos;
System info: host: &apos;CODOID&apos;, ip: &apos;10.161.243.104&apos;, os.name: &apos;Windows 8.1&apos;, os.arch: &apos;amd64&apos;, os.version: &apos;6.3&apos;, java.version: &apos;1.8.0_91&apos;
Driver info: org.openqa.selenium.chrome.ChromeDriver
Capabilities [{applicationCacheEnabled=false, rotatable=false, mobileEmulationEnabled=false, networkConnectionEnabled=false, chrome={chromedriverVersion=2.25.426923 (0390b88869384d6eb0d5d09729679f934aab9eed), userDataDir=C:\Users\CODOID~1\AppData\Local\Temp\scoped_dir2176_14542}, takesHeapSnapshot=true, pageLoadStrategy=normal, databaseEnabled=false, handlesAlerts=true, hasTouchScreen=false, version=56.0.2924.87, platform=WIN8_1, browserConnectionEnabled=false, nativeEvents=true, acceptSslCerts=true, locationContextEnabled=true, webStorageEnabled=true, browserName=chrome, takesScreenshot=true, javascriptEnabled=true, cssSelectorsEnabled=true}]
Session ID: 8c4845806ffe0d73821faceaa901a606
	at sun.reflect.GeneratedConstructorAccessor20.newInstance(Unknown Source)
	at sun.reflect.DelegatingConstructorAccessorImpl.newInstance(DelegatingConstructorAccessorImpl.java:45)
	at java.lang.reflect.Constructor.newInstance(Constructor.java:423)
	at org.openqa.selenium.remote.ErrorHandler.createThrowable(ErrorHandler.java:206)
	at org.openqa.selenium.remote.ErrorHandler.throwIfResponseFailed(ErrorHandler.java:158)
	at org.openqa.selenium.remote.RemoteWebDriver.execute(RemoteWebDriver.java:678)
	at org.openqa.selenium.remote.RemoteWebDriver.execute(RemoteWebDriver.java:701)
	at org.openqa.selenium.remote.RemoteWebDriver$RemoteTargetLocator.alert(RemoteWebDriver.java:1049)
	at org.openqa.selenium.support.events.EventFiringWebDriver$EventFiringTargetLocator.alert(EventFiringWebDriver.java:615)
	at cengage.common.toolbox.Alert.acceptAlert(Alert.java:19)
	at cengage.samlms.action.SAMAssignmentsAction.acceptPopup(SAMAssignmentsAction.java:851)
	at cengage.samlms.stepdefinition.SAMAssignmentsSteps.I_click_on_OK_button_in_Project_Creation(SAMAssignmentsSteps.java:619)
	at ✽.And I click on OK button in Project Creation(test/resources/cengage/samlms/lms_stories/LMSStoriesModule4.feature:275)
</error>
    <system-out>21:30:56.692 [main] ERROR cengage.common.toolbox.Sync - org.openqa.selenium.TimeoutException: Timed out after 8 seconds waiting for alert to be present
Build info: version: &apos;2.53.0&apos;, revision: &apos;35ae25b1534ae328c771e0856c93e187490ca824&apos;, time: &apos;2016-03-15 10:43:46&apos;
System info: host: &apos;CODOID&apos;, ip: &apos;10.161.243.104&apos;, os.name: &apos;Windows 8.1&apos;, os.arch: &apos;amd64&apos;, os.version: &apos;6.3&apos;, java.version: &apos;1.8.0_91&apos;
Driver info: cengage.common.util.SharedDriver
</system-out>
  </testcase>
  <testcase classname="| DP:SUPER.USERNAME | DP:SUPER.PASSWORD | DP:NAMEVALIDATION.WARNINGMESSAGE | Projects | DP:SECTIONS.SECTIONNAME2 | N | SAM Assignments | Express Creation | DP:TEXTBOOK.BOOK | Y | DP:NAMEVALIDATION.LOWERCASE | DP:NAMEVALIDATION.UPPERCASE | DP:NAMEVALIDATION.MINCHAR | DP:NAMEVALIDATION.MAXCHAR | DP:NAMEVALIDATION.NUMERICDIGIT | DP:NAMEVALIDATION.SPECIALCHARACTER | DP:NAMEVALIDATION.UPPERLOWER | DP:NAMEVALIDATION.UPPERLOWERNUMERIC | DP:NAMEVALIDATION.UPPERLOWERNUMERICSPECIAL | ! |" name="| DP:SUPER.USERNAME | DP:SUPER.PASSWORD | DP:NAMEVALIDATION.WARNINGMESSAGE | Projects | DP:SECTIONS.SECTIONNAME2 | N | SAM Assignments | Express Creation | DP:TEXTBOOK.BOOK | Y | DP:NAMEVALIDATION.LOWERCASE | DP:NAMEVALIDATION.UPPERCASE | DP:NAMEVALIDATION.MINCHAR | DP:NAMEVALIDATION.MAXCHAR | DP:NAMEVALIDATION.NUMERICDIGIT | DP:NAMEVALIDATION.SPECIALCHARACTER | DP:NAMEVALIDATION.UPPERLOWER | DP:NAMEVALIDATION.UPPERLOWERNUMERIC | DP:NAMEVALIDATION.UPPERLOWERNUMERICSPECIAL | ! |" time="0.016">
    <error message="no alert open
  (Session info: chrome=56.0.2924.87)
  (Driver info: chromedriver=2.25.426923 (0390b88869384d6eb0d5d09729679f934aab9eed),platform=Windows NT 6.3.9600 x86_64) (WARNING: The server did not provide any stacktrace information)
Command duration or timeout: 0 milliseconds
Build info: version: &apos;2.53.0&apos;, revision: &apos;35ae25b1534ae328c771e0856c93e187490ca824&apos;, time: &apos;2016-03-15 10:43:46&apos;
System info: host: &apos;CODOID&apos;, ip: &apos;10.161.243.104&apos;, os.name: &apos;Windows 8.1&apos;, os.arch: &apos;amd64&apos;, os.version: &apos;6.3&apos;, java.version: &apos;1.8.0_91&apos;
Driver info: org.openqa.selenium.chrome.ChromeDriver
Capabilities [{applicationCacheEnabled=false, rotatable=false, mobileEmulationEnabled=false, networkConnectionEnabled=false, chrome={chromedriverVersion=2.25.426923 (0390b88869384d6eb0d5d09729679f934aab9eed), userDataDir=C:\Users\CODOID~1\AppData\Local\Temp\scoped_dir2176_14542}, takesHeapSnapshot=true, pageLoadStrategy=normal, databaseEnabled=false, handlesAlerts=true, hasTouchScreen=false, version=56.0.2924.87, platform=WIN8_1, browserConnectionEnabled=false, nativeEvents=true, acceptSslCerts=true, locationContextEnabled=true, webStorageEnabled=true, browserName=chrome, takesScreenshot=true, javascriptEnabled=true, cssSelectorsEnabled=true}]
Session ID: 8c4845806ffe0d73821faceaa901a606" type="org.openqa.selenium.NoAlertPresentException">org.openqa.selenium.NoAlertPresentException: no alert open
  (Session info: chrome=56.0.2924.87)
  (Driver info: chromedriver=2.25.426923 (0390b88869384d6eb0d5d09729679f934aab9eed),platform=Windows NT 6.3.9600 x86_64) (WARNING: The server did not provide any stacktrace information)
Command duration or timeout: 0 milliseconds
Build info: version: &apos;2.53.0&apos;, revision: &apos;35ae25b1534ae328c771e0856c93e187490ca824&apos;, time: &apos;2016-03-15 10:43:46&apos;
System info: host: &apos;CODOID&apos;, ip: &apos;10.161.243.104&apos;, os.name: &apos;Windows 8.1&apos;, os.arch: &apos;amd64&apos;, os.version: &apos;6.3&apos;, java.version: &apos;1.8.0_91&apos;
Driver info: org.openqa.selenium.chrome.ChromeDriver
Capabilities [{applicationCacheEnabled=false, rotatable=false, mobileEmulationEnabled=false, networkConnectionEnabled=false, chrome={chromedriverVersion=2.25.426923 (0390b88869384d6eb0d5d09729679f934aab9eed), userDataDir=C:\Users\CODOID~1\AppData\Local\Temp\scoped_dir2176_14542}, takesHeapSnapshot=true, pageLoadStrategy=normal, databaseEnabled=false, handlesAlerts=true, hasTouchScreen=false, version=56.0.2924.87, platform=WIN8_1, browserConnectionEnabled=false, nativeEvents=true, acceptSslCerts=true, locationContextEnabled=true, webStorageEnabled=true, browserName=chrome, takesScreenshot=true, javascriptEnabled=true, cssSelectorsEnabled=true}]
Session ID: 8c4845806ffe0d73821faceaa901a606
	at sun.reflect.GeneratedConstructorAccessor20.newInstance(Unknown Source)
	at sun.reflect.DelegatingConstructorAccessorImpl.newInstance(DelegatingConstructorAccessorImpl.java:45)
	at java.lang.reflect.Constructor.newInstance(Constructor.java:423)
	at org.openqa.selenium.remote.ErrorHandler.createThrowable(ErrorHandler.java:206)
	at org.openqa.selenium.remote.ErrorHandler.throwIfResponseFailed(ErrorHandler.java:158)
	at org.openqa.selenium.remote.RemoteWebDriver.execute(RemoteWebDriver.java:678)
	at org.openqa.selenium.remote.RemoteWebDriver.execute(RemoteWebDriver.java:701)
	at org.openqa.selenium.remote.RemoteWebDriver$RemoteTargetLocator.alert(RemoteWebDriver.java:1049)
	at org.openqa.selenium.support.events.EventFiringWebDriver$EventFiringTargetLocator.alert(EventFiringWebDriver.java:615)
	at cengage.common.toolbox.Alert.acceptAlert(Alert.java:19)
	at cengage.samlms.action.SAMAssignmentsAction.acceptPopup(SAMAssignmentsAction.java:851)
	at cengage.samlms.stepdefinition.SAMAssignmentsSteps.I_click_on_OK_button_in_Project_Creation(SAMAssignmentsSteps.java:619)
	at ✽.And I click on OK button in Project Creation(test/resources/cengage/samlms/lms_stories/LMSStoriesModule4.feature:275)
</error>
  </testcase>
  <testcase classname="| DP:SUPER.USERNAME | DP:SUPER.PASSWORD | DP:NAMEVALIDATION.WARNINGMESSAGE | Projects | DP:SECTIONS.SECTIONNAME2 | N | SAM Assignments | Express Creation | DP:TEXTBOOK.BOOK | Y | DP:NAMEVALIDATION.LOWERCASE | DP:NAMEVALIDATION.UPPERCASE | DP:NAMEVALIDATION.MINCHAR | DP:NAMEVALIDATION.MAXCHAR | DP:NAMEVALIDATION.NUMERICDIGIT | DP:NAMEVALIDATION.SPECIALCHARACTER | DP:NAMEVALIDATION.UPPERLOWER | DP:NAMEVALIDATION.UPPERLOWERNUMERIC | DP:NAMEVALIDATION.UPPERLOWERNUMERICSPECIAL | ! |" name="And I click on exit button in Express creation" time="0.016">
    <skipped/>
  </testcase>
  <testcase classname="| DP:SUPER.USERNAME | DP:SUPER.PASSWORD | DP:NAMEVALIDATION.WARNINGMESSAGE | Projects | DP:SECTIONS.SECTIONNAME2 | N | SAM Assignments | Express Creation | DP:TEXTBOOK.BOOK | Y | DP:NAMEVALIDATION.LOWERCASE | DP:NAMEVALIDATION.UPPERCASE | DP:NAMEVALIDATION.MINCHAR | DP:NAMEVALIDATION.MAXCHAR | DP:NAMEVALIDATION.NUMERICDIGIT | DP:NAMEVALIDATION.SPECIALCHARACTER | DP:NAMEVALIDATION.UPPERLOWER | DP:NAMEVALIDATION.UPPERLOWERNUMERIC | DP:NAMEVALIDATION.UPPERLOWERNUMERICSPECIAL | ! |" name="And I accept the pop-up" time="0.016">
    <skipped/>
  </testcase>
  <testcase classname="| DP:SUPER.USERNAME | DP:SUPER.PASSWORD | DP:NAMEVALIDATION.WARNINGMESSAGE | Projects | DP:SECTIONS.SECTIONNAME2 | N | SAM Assignments | Express Creation | DP:TEXTBOOK.BOOK | Y | DP:NAMEVALIDATION.LOWERCASE | DP:NAMEVALIDATION.UPPERCASE | DP:NAMEVALIDATION.MINCHAR | DP:NAMEVALIDATION.MAXCHAR | DP:NAMEVALIDATION.NUMERICDIGIT | DP:NAMEVALIDATION.SPECIALCHARACTER | DP:NAMEVALIDATION.UPPERLOWER | DP:NAMEVALIDATION.UPPERLOWERNUMERIC | DP:NAMEVALIDATION.UPPERLOWERNUMERICSPECIAL | ! |" name="And I click on Projects tab" time="0.016">
    <skipped/>
  </testcase>
  <testcase classname="| DP:SUPER.USERNAME | DP:SUPER.PASSWORD | DP:NAMEVALIDATION.WARNINGMESSAGE | Projects | DP:SECTIONS.SECTIONNAME2 | N | SAM Assignments | Express Creation | DP:TEXTBOOK.BOOK | Y | DP:NAMEVALIDATION.LOWERCASE | DP:NAMEVALIDATION.UPPERCASE | DP:NAMEVALIDATION.MINCHAR | DP:NAMEVALIDATION.MAXCHAR | DP:NAMEVALIDATION.NUMERICDIGIT | DP:NAMEVALIDATION.SPECIALCHARACTER | DP:NAMEVALIDATION.UPPERLOWER | DP:NAMEVALIDATION.UPPERLOWERNUMERIC | DP:NAMEVALIDATION.UPPERLOWERNUMERICSPECIAL | ! |" name="And I click on Express Creation tab" time="0.031">
    <skipped/>
  </testcase>
  <testcase classname="| DP:SUPER.USERNAME | DP:SUPER.PASSWORD | DP:NAMEVALIDATION.WARNINGMESSAGE | Projects | DP:SECTIONS.SECTIONNAME2 | N | SAM Assignments | Express Creation | DP:TEXTBOOK.BOOK | Y | DP:NAMEVALIDATION.LOWERCASE | DP:NAMEVALIDATION.UPPERCASE | DP:NAMEVALIDATION.MINCHAR | DP:NAMEVALIDATION.MAXCHAR | DP:NAMEVALIDATION.NUMERICDIGIT | DP:NAMEVALIDATION.SPECIALCHARACTER | DP:NAMEVALIDATION.UPPERLOWER | DP:NAMEVALIDATION.UPPERLOWERNUMERIC | DP:NAMEVALIDATION.UPPERLOWERNUMERICSPECIAL | ! |" name="And I select DP:SECTIONS.SECTIONNAME2 Y from section drop down in Express Creation page" time="0.031">
    <skipped/>
  </testcase>
  <testcase classname="| DP:SUPER.USERNAME | DP:SUPER.PASSWORD | DP:NAMEVALIDATION.WARNINGMESSAGE | Projects | DP:SECTIONS.SECTIONNAME2 | N | SAM Assignments | Express Creation | DP:TEXTBOOK.BOOK | Y | DP:NAMEVALIDATION.LOWERCASE | DP:NAMEVALIDATION.UPPERCASE | DP:NAMEVALIDATION.MINCHAR | DP:NAMEVALIDATION.MAXCHAR | DP:NAMEVALIDATION.NUMERICDIGIT | DP:NAMEVALIDATION.SPECIALCHARACTER | DP:NAMEVALIDATION.UPPERLOWER | DP:NAMEVALIDATION.UPPERLOWERNUMERIC | DP:NAMEVALIDATION.UPPERLOWERNUMERICSPECIAL | ! |" name="And I select DP:TEXTBOOK.BOOK from Textbook drop down" time="0.031">
    <skipped/>
  </testcase>
  <testcase classname="| DP:SUPER.USERNAME | DP:SUPER.PASSWORD | DP:NAMEVALIDATION.WARNINGMESSAGE | Projects | DP:SECTIONS.SECTIONNAME2 | N | SAM Assignments | Express Creation | DP:TEXTBOOK.BOOK | Y | DP:NAMEVALIDATION.LOWERCASE | DP:NAMEVALIDATION.UPPERCASE | DP:NAMEVALIDATION.MINCHAR | DP:NAMEVALIDATION.MAXCHAR | DP:NAMEVALIDATION.NUMERICDIGIT | DP:NAMEVALIDATION.SPECIALCHARACTER | DP:NAMEVALIDATION.UPPERLOWER | DP:NAMEVALIDATION.UPPERLOWERNUMERIC | DP:NAMEVALIDATION.UPPERLOWERNUMERICSPECIAL | ! |" name="And I click on Exam Assignment Chapter" time="0.031">
    <skipped/>
  </testcase>
  <testcase classname="| DP:SUPER.USERNAME | DP:SUPER.PASSWORD | DP:NAMEVALIDATION.WARNINGMESSAGE | Projects | DP:SECTIONS.SECTIONNAME2 | N | SAM Assignments | Express Creation | DP:TEXTBOOK.BOOK | Y | DP:NAMEVALIDATION.LOWERCASE | DP:NAMEVALIDATION.UPPERCASE | DP:NAMEVALIDATION.MINCHAR | DP:NAMEVALIDATION.MAXCHAR | DP:NAMEVALIDATION.NUMERICDIGIT | DP:NAMEVALIDATION.SPECIALCHARACTER | DP:NAMEVALIDATION.UPPERLOWER | DP:NAMEVALIDATION.UPPERLOWERNUMERIC | DP:NAMEVALIDATION.UPPERLOWERNUMERICSPECIAL | ! |" name="And I enter DP:NAMEVALIDATION.UPPERCASE N in Exam Assignment Name" time="0.031">
    <skipped/>
  </testcase>
  <testcase classname="| DP:SUPER.USERNAME | DP:SUPER.PASSWORD | DP:NAMEVALIDATION.WARNINGMESSAGE | Projects | DP:SECTIONS.SECTIONNAME2 | N | SAM Assignments | Express Creation | DP:TEXTBOOK.BOOK | Y | DP:NAMEVALIDATION.LOWERCASE | DP:NAMEVALIDATION.UPPERCASE | DP:NAMEVALIDATION.MINCHAR | DP:NAMEVALIDATION.MAXCHAR | DP:NAMEVALIDATION.NUMERICDIGIT | DP:NAMEVALIDATION.SPECIALCHARACTER | DP:NAMEVALIDATION.UPPERLOWER | DP:NAMEVALIDATION.UPPERLOWERNUMERIC | DP:NAMEVALIDATION.UPPERLOWERNUMERICSPECIAL | ! |" name="And I click on Save Exam button" time="0.031">
    <skipped/>
  </testcase>
  <testcase classname="| DP:SUPER.USERNAME | DP:SUPER.PASSWORD | DP:NAMEVALIDATION.WARNINGMESSAGE | Projects | DP:SECTIONS.SECTIONNAME2 | N | SAM Assignments | Express Creation | DP:TEXTBOOK.BOOK | Y | DP:NAMEVALIDATION.LOWERCASE | DP:NAMEVALIDATION.UPPERCASE | DP:NAMEVALIDATION.MINCHAR | DP:NAMEVALIDATION.MAXCHAR | DP:NAMEVALIDATION.NUMERICDIGIT | DP:NAMEVALIDATION.SPECIALCHARACTER | DP:NAMEVALIDATION.UPPERLOWER | DP:NAMEVALIDATION.UPPERLOWERNUMERIC | DP:NAMEVALIDATION.UPPERLOWERNUMERICSPECIAL | ! |" name="And I click on OK button in Project Creation" time="0.047">
    <skipped/>
  </testcase>
  <testcase classname="| DP:SUPER.USERNAME | DP:SUPER.PASSWORD | DP:NAMEVALIDATION.WARNINGMESSAGE | Projects | DP:SECTIONS.SECTIONNAME2 | N | SAM Assignments | Express Creation | DP:TEXTBOOK.BOOK | Y | DP:NAMEVALIDATION.LOWERCASE | DP:NAMEVALIDATION.UPPERCASE | DP:NAMEVALIDATION.MINCHAR | DP:NAMEVALIDATION.MAXCHAR | DP:NAMEVALIDATION.NUMERICDIGIT | DP:NAMEVALIDATION.SPECIALCHARACTER | DP:NAMEVALIDATION.UPPERLOWER | DP:NAMEVALIDATION.UPPERLOWERNUMERIC | DP:NAMEVALIDATION.UPPERLOWERNUMERICSPECIAL | ! |" name="And I click on exit button in Express creation" time="0.047">
    <skipped/>
  </testcase>
  <testcase classname="| DP:SUPER.USERNAME | DP:SUPER.PASSWORD | DP:NAMEVALIDATION.WARNINGMESSAGE | Projects | DP:SECTIONS.SECTIONNAME2 | N | SAM Assignments | Express Creation | DP:TEXTBOOK.BOOK | Y | DP:NAMEVALIDATION.LOWERCASE | DP:NAMEVALIDATION.UPPERCASE | DP:NAMEVALIDATION.MINCHAR | DP:NAMEVALIDATION.MAXCHAR | DP:NAMEVALIDATION.NUMERICDIGIT | DP:NAMEVALIDATION.SPECIALCHARACTER | DP:NAMEVALIDATION.UPPERLOWER | DP:NAMEVALIDATION.UPPERLOWERNUMERIC | DP:NAMEVALIDATION.UPPERLOWERNUMERICSPECIAL | ! |" name="And I accept the pop-up" time="0.047">
    <skipped/>
  </testcase>
  <testcase classname="| DP:SUPER.USERNAME | DP:SUPER.PASSWORD | DP:NAMEVALIDATION.WARNINGMESSAGE | Projects | DP:SECTIONS.SECTIONNAME2 | N | SAM Assignments | Express Creation | DP:TEXTBOOK.BOOK | Y | DP:NAMEVALIDATION.LOWERCASE | DP:NAMEVALIDATION.UPPERCASE | DP:NAMEVALIDATION.MINCHAR | DP:NAMEVALIDATION.MAXCHAR | DP:NAMEVALIDATION.NUMERICDIGIT | DP:NAMEVALIDATION.SPECIALCHARACTER | DP:NAMEVALIDATION.UPPERLOWER | DP:NAMEVALIDATION.UPPERLOWERNUMERIC | DP:NAMEVALIDATION.UPPERLOWERNUMERICSPECIAL | ! |" name="And I click on Projects tab" time="0.047">
    <skipped/>
  </testcase>
  <testcase classname="| DP:SUPER.USERNAME | DP:SUPER.PASSWORD | DP:NAMEVALIDATION.WARNINGMESSAGE | Projects | DP:SECTIONS.SECTIONNAME2 | N | SAM Assignments | Express Creation | DP:TEXTBOOK.BOOK | Y | DP:NAMEVALIDATION.LOWERCASE | DP:NAMEVALIDATION.UPPERCASE | DP:NAMEVALIDATION.MINCHAR | DP:NAMEVALIDATION.MAXCHAR | DP:NAMEVALIDATION.NUMERICDIGIT | DP:NAMEVALIDATION.SPECIALCHARACTER | DP:NAMEVALIDATION.UPPERLOWER | DP:NAMEVALIDATION.UPPERLOWERNUMERIC | DP:NAMEVALIDATION.UPPERLOWERNUMERICSPECIAL | ! |" name="And I click on Express Creation tab" time="0.047">
    <skipped/>
  </testcase>
  <testcase classname="| DP:SUPER.USERNAME | DP:SUPER.PASSWORD | DP:NAMEVALIDATION.WARNINGMESSAGE | Projects | DP:SECTIONS.SECTIONNAME2 | N | SAM Assignments | Express Creation | DP:TEXTBOOK.BOOK | Y | DP:NAMEVALIDATION.LOWERCASE | DP:NAMEVALIDATION.UPPERCASE | DP:NAMEVALIDATION.MINCHAR | DP:NAMEVALIDATION.MAXCHAR | DP:NAMEVALIDATION.NUMERICDIGIT | DP:NAMEVALIDATION.SPECIALCHARACTER | DP:NAMEVALIDATION.UPPERLOWER | DP:NAMEVALIDATION.UPPERLOWERNUMERIC | DP:NAMEVALIDATION.UPPERLOWERNUMERICSPECIAL | ! |" name="And I select DP:SECTIONS.SECTIONNAME2 Y from section drop down in Express Creation page" time="0.047">
    <skipped/>
  </testcase>
  <testcase classname="| DP:SUPER.USERNAME | DP:SUPER.PASSWORD | DP:NAMEVALIDATION.WARNINGMESSAGE | Projects | DP:SECTIONS.SECTIONNAME2 | N | SAM Assignments | Express Creation | DP:TEXTBOOK.BOOK | Y | DP:NAMEVALIDATION.LOWERCASE | DP:NAMEVALIDATION.UPPERCASE | DP:NAMEVALIDATION.MINCHAR | DP:NAMEVALIDATION.MAXCHAR | DP:NAMEVALIDATION.NUMERICDIGIT | DP:NAMEVALIDATION.SPECIALCHARACTER | DP:NAMEVALIDATION.UPPERLOWER | DP:NAMEVALIDATION.UPPERLOWERNUMERIC | DP:NAMEVALIDATION.UPPERLOWERNUMERICSPECIAL | ! |" name="And I select DP:TEXTBOOK.BOOK from Textbook drop down" time="0.047">
    <skipped/>
  </testcase>
  <testcase classname="| DP:SUPER.USERNAME | DP:SUPER.PASSWORD | DP:NAMEVALIDATION.WARNINGMESSAGE | Projects | DP:SECTIONS.SECTIONNAME2 | N | SAM Assignments | Express Creation | DP:TEXTBOOK.BOOK | Y | DP:NAMEVALIDATION.LOWERCASE | DP:NAMEVALIDATION.UPPERCASE | DP:NAMEVALIDATION.MINCHAR | DP:NAMEVALIDATION.MAXCHAR | DP:NAMEVALIDATION.NUMERICDIGIT | DP:NAMEVALIDATION.SPECIALCHARACTER | DP:NAMEVALIDATION.UPPERLOWER | DP:NAMEVALIDATION.UPPERLOWERNUMERIC | DP:NAMEVALIDATION.UPPERLOWERNUMERICSPECIAL | ! |" name="And I click on Exam Assignment Chapter" time="0.047">
    <skipped/>
  </testcase>
  <testcase classname="| DP:SUPER.USERNAME | DP:SUPER.PASSWORD | DP:NAMEVALIDATION.WARNINGMESSAGE | Projects | DP:SECTIONS.SECTIONNAME2 | N | SAM Assignments | Express Creation | DP:TEXTBOOK.BOOK | Y | DP:NAMEVALIDATION.LOWERCASE | DP:NAMEVALIDATION.UPPERCASE | DP:NAMEVALIDATION.MINCHAR | DP:NAMEVALIDATION.MAXCHAR | DP:NAMEVALIDATION.NUMERICDIGIT | DP:NAMEVALIDATION.SPECIALCHARACTER | DP:NAMEVALIDATION.UPPERLOWER | DP:NAMEVALIDATION.UPPERLOWERNUMERIC | DP:NAMEVALIDATION.UPPERLOWERNUMERICSPECIAL | ! |" name="And I enter DP:NAMEVALIDATION.NUMERICDIGIT N in Exam Assignment Name" time="0.063">
    <skipped/>
  </testcase>
  <testcase classname="| DP:SUPER.USERNAME | DP:SUPER.PASSWORD | DP:NAMEVALIDATION.WARNINGMESSAGE | Projects | DP:SECTIONS.SECTIONNAME2 | N | SAM Assignments | Express Creation | DP:TEXTBOOK.BOOK | Y | DP:NAMEVALIDATION.LOWERCASE | DP:NAMEVALIDATION.UPPERCASE | DP:NAMEVALIDATION.MINCHAR | DP:NAMEVALIDATION.MAXCHAR | DP:NAMEVALIDATION.NUMERICDIGIT | DP:NAMEVALIDATION.SPECIALCHARACTER | DP:NAMEVALIDATION.UPPERLOWER | DP:NAMEVALIDATION.UPPERLOWERNUMERIC | DP:NAMEVALIDATION.UPPERLOWERNUMERICSPECIAL | ! |" name="And I click on Save Exam button" time="0.063">
    <skipped/>
  </testcase>
  <testcase classname="| DP:SUPER.USERNAME | DP:SUPER.PASSWORD | DP:NAMEVALIDATION.WARNINGMESSAGE | Projects | DP:SECTIONS.SECTIONNAME2 | N | SAM Assignments | Express Creation | DP:TEXTBOOK.BOOK | Y | DP:NAMEVALIDATION.LOWERCASE | DP:NAMEVALIDATION.UPPERCASE | DP:NAMEVALIDATION.MINCHAR | DP:NAMEVALIDATION.MAXCHAR | DP:NAMEVALIDATION.NUMERICDIGIT | DP:NAMEVALIDATION.SPECIALCHARACTER | DP:NAMEVALIDATION.UPPERLOWER | DP:NAMEVALIDATION.UPPERLOWERNUMERIC | DP:NAMEVALIDATION.UPPERLOWERNUMERICSPECIAL | ! |" name="And I click on OK button in Project Creation" time="0.063">
    <skipped/>
  </testcase>
  <testcase classname="| DP:SUPER.USERNAME | DP:SUPER.PASSWORD | DP:NAMEVALIDATION.WARNINGMESSAGE | Projects | DP:SECTIONS.SECTIONNAME2 | N | SAM Assignments | Express Creation | DP:TEXTBOOK.BOOK | Y | DP:NAMEVALIDATION.LOWERCASE | DP:NAMEVALIDATION.UPPERCASE | DP:NAMEVALIDATION.MINCHAR | DP:NAMEVALIDATION.MAXCHAR | DP:NAMEVALIDATION.NUMERICDIGIT | DP:NAMEVALIDATION.SPECIALCHARACTER | DP:NAMEVALIDATION.UPPERLOWER | DP:NAMEVALIDATION.UPPERLOWERNUMERIC | DP:NAMEVALIDATION.UPPERLOWERNUMERICSPECIAL | ! |" name="And I click on exit button in Express creation" time="0.063">
    <skipped/>
  </testcase>
  <testcase classname="| DP:SUPER.USERNAME | DP:SUPER.PASSWORD | DP:NAMEVALIDATION.WARNINGMESSAGE | Projects | DP:SECTIONS.SECTIONNAME2 | N | SAM Assignments | Express Creation | DP:TEXTBOOK.BOOK | Y | DP:NAMEVALIDATION.LOWERCASE | DP:NAMEVALIDATION.UPPERCASE | DP:NAMEVALIDATION.MINCHAR | DP:NAMEVALIDATION.MAXCHAR | DP:NAMEVALIDATION.NUMERICDIGIT | DP:NAMEVALIDATION.SPECIALCHARACTER | DP:NAMEVALIDATION.UPPERLOWER | DP:NAMEVALIDATION.UPPERLOWERNUMERIC | DP:NAMEVALIDATION.UPPERLOWERNUMERICSPECIAL | ! |" name="And I accept the pop-up" time="0.063">
    <skipped/>
  </testcase>
  <testcase classname="| DP:SUPER.USERNAME | DP:SUPER.PASSWORD | DP:NAMEVALIDATION.WARNINGMESSAGE | Projects | DP:SECTIONS.SECTIONNAME2 | N | SAM Assignments | Express Creation | DP:TEXTBOOK.BOOK | Y | DP:NAMEVALIDATION.LOWERCASE | DP:NAMEVALIDATION.UPPERCASE | DP:NAMEVALIDATION.MINCHAR | DP:NAMEVALIDATION.MAXCHAR | DP:NAMEVALIDATION.NUMERICDIGIT | DP:NAMEVALIDATION.SPECIALCHARACTER | DP:NAMEVALIDATION.UPPERLOWER | DP:NAMEVALIDATION.UPPERLOWERNUMERIC | DP:NAMEVALIDATION.UPPERLOWERNUMERICSPECIAL | ! |" name="And I click on Projects tab" time="0.063">
    <skipped/>
  </testcase>
  <testcase classname="| DP:SUPER.USERNAME | DP:SUPER.PASSWORD | DP:NAMEVALIDATION.WARNINGMESSAGE | Projects | DP:SECTIONS.SECTIONNAME2 | N | SAM Assignments | Express Creation | DP:TEXTBOOK.BOOK | Y | DP:NAMEVALIDATION.LOWERCASE | DP:NAMEVALIDATION.UPPERCASE | DP:NAMEVALIDATION.MINCHAR | DP:NAMEVALIDATION.MAXCHAR | DP:NAMEVALIDATION.NUMERICDIGIT | DP:NAMEVALIDATION.SPECIALCHARACTER | DP:NAMEVALIDATION.UPPERLOWER | DP:NAMEVALIDATION.UPPERLOWERNUMERIC | DP:NAMEVALIDATION.UPPERLOWERNUMERICSPECIAL | ! |" name="And I click on Express Creation tab" time="0.063">
    <skipped/>
  </testcase>
  <testcase classname="| DP:SUPER.USERNAME | DP:SUPER.PASSWORD | DP:NAMEVALIDATION.WARNINGMESSAGE | Projects | DP:SECTIONS.SECTIONNAME2 | N | SAM Assignments | Express Creation | DP:TEXTBOOK.BOOK | Y | DP:NAMEVALIDATION.LOWERCASE | DP:NAMEVALIDATION.UPPERCASE | DP:NAMEVALIDATION.MINCHAR | DP:NAMEVALIDATION.MAXCHAR | DP:NAMEVALIDATION.NUMERICDIGIT | DP:NAMEVALIDATION.SPECIALCHARACTER | DP:NAMEVALIDATION.UPPERLOWER | DP:NAMEVALIDATION.UPPERLOWERNUMERIC | DP:NAMEVALIDATION.UPPERLOWERNUMERICSPECIAL | ! |" name="And I select DP:SECTIONS.SECTIONNAME2 Y from section drop down in Express Creation page" time="0.063">
    <skipped/>
  </testcase>
  <testcase classname="| DP:SUPER.USERNAME | DP:SUPER.PASSWORD | DP:NAMEVALIDATION.WARNINGMESSAGE | Projects | DP:SECTIONS.SECTIONNAME2 | N | SAM Assignments | Express Creation | DP:TEXTBOOK.BOOK | Y | DP:NAMEVALIDATION.LOWERCASE | DP:NAMEVALIDATION.UPPERCASE | DP:NAMEVALIDATION.MINCHAR | DP:NAMEVALIDATION.MAXCHAR | DP:NAMEVALIDATION.NUMERICDIGIT | DP:NAMEVALIDATION.SPECIALCHARACTER | DP:NAMEVALIDATION.UPPERLOWER | DP:NAMEVALIDATION.UPPERLOWERNUMERIC | DP:NAMEVALIDATION.UPPERLOWERNUMERICSPECIAL | ! |" name="And I select DP:TEXTBOOK.BOOK from Textbook drop down" time="0.063">
    <skipped/>
  </testcase>
  <testcase classname="| DP:SUPER.USERNAME | DP:SUPER.PASSWORD | DP:NAMEVALIDATION.WARNINGMESSAGE | Projects | DP:SECTIONS.SECTIONNAME2 | N | SAM Assignments | Express Creation | DP:TEXTBOOK.BOOK | Y | DP:NAMEVALIDATION.LOWERCASE | DP:NAMEVALIDATION.UPPERCASE | DP:NAMEVALIDATION.MINCHAR | DP:NAMEVALIDATION.MAXCHAR | DP:NAMEVALIDATION.NUMERICDIGIT | DP:NAMEVALIDATION.SPECIALCHARACTER | DP:NAMEVALIDATION.UPPERLOWER | DP:NAMEVALIDATION.UPPERLOWERNUMERIC | DP:NAMEVALIDATION.UPPERLOWERNUMERICSPECIAL | ! |" name="And I click on Exam Assignment Chapter" time="0.063">
    <skipped/>
  </testcase>
  <testcase classname="| DP:SUPER.USERNAME | DP:SUPER.PASSWORD | DP:NAMEVALIDATION.WARNINGMESSAGE | Projects | DP:SECTIONS.SECTIONNAME2 | N | SAM Assignments | Express Creation | DP:TEXTBOOK.BOOK | Y | DP:NAMEVALIDATION.LOWERCASE | DP:NAMEVALIDATION.UPPERCASE | DP:NAMEVALIDATION.MINCHAR | DP:NAMEVALIDATION.MAXCHAR | DP:NAMEVALIDATION.NUMERICDIGIT | DP:NAMEVALIDATION.SPECIALCHARACTER | DP:NAMEVALIDATION.UPPERLOWER | DP:NAMEVALIDATION.UPPERLOWERNUMERIC | DP:NAMEVALIDATION.UPPERLOWERNUMERICSPECIAL | ! |" name="And I enter DP:NAMEVALIDATION.SPECIALCHARACTER N in Exam Assignment Name" time="0.063">
    <skipped/>
  </testcase>
  <testcase classname="| DP:SUPER.USERNAME | DP:SUPER.PASSWORD | DP:NAMEVALIDATION.WARNINGMESSAGE | Projects | DP:SECTIONS.SECTIONNAME2 | N | SAM Assignments | Express Creation | DP:TEXTBOOK.BOOK | Y | DP:NAMEVALIDATION.LOWERCASE | DP:NAMEVALIDATION.UPPERCASE | DP:NAMEVALIDATION.MINCHAR | DP:NAMEVALIDATION.MAXCHAR | DP:NAMEVALIDATION.NUMERICDIGIT | DP:NAMEVALIDATION.SPECIALCHARACTER | DP:NAMEVALIDATION.UPPERLOWER | DP:NAMEVALIDATION.UPPERLOWERNUMERIC | DP:NAMEVALIDATION.UPPERLOWERNUMERICSPECIAL | ! |" name="And I click on Save Exam button" time="0.078">
    <skipped/>
  </testcase>
  <testcase classname="| DP:SUPER.USERNAME | DP:SUPER.PASSWORD | DP:NAMEVALIDATION.WARNINGMESSAGE | Projects | DP:SECTIONS.SECTIONNAME2 | N | SAM Assignments | Express Creation | DP:TEXTBOOK.BOOK | Y | DP:NAMEVALIDATION.LOWERCASE | DP:NAMEVALIDATION.UPPERCASE | DP:NAMEVALIDATION.MINCHAR | DP:NAMEVALIDATION.MAXCHAR | DP:NAMEVALIDATION.NUMERICDIGIT | DP:NAMEVALIDATION.SPECIALCHARACTER | DP:NAMEVALIDATION.UPPERLOWER | DP:NAMEVALIDATION.UPPERLOWERNUMERIC | DP:NAMEVALIDATION.UPPERLOWERNUMERICSPECIAL | ! |" name="And I click on OK button in Project Creation" time="0.078">
    <skipped/>
  </testcase>
  <testcase classname="| DP:SUPER.USERNAME | DP:SUPER.PASSWORD | DP:NAMEVALIDATION.WARNINGMESSAGE | Projects | DP:SECTIONS.SECTIONNAME2 | N | SAM Assignments | Express Creation | DP:TEXTBOOK.BOOK | Y | DP:NAMEVALIDATION.LOWERCASE | DP:NAMEVALIDATION.UPPERCASE | DP:NAMEVALIDATION.MINCHAR | DP:NAMEVALIDATION.MAXCHAR | DP:NAMEVALIDATION.NUMERICDIGIT | DP:NAMEVALIDATION.SPECIALCHARACTER | DP:NAMEVALIDATION.UPPERLOWER | DP:NAMEVALIDATION.UPPERLOWERNUMERIC | DP:NAMEVALIDATION.UPPERLOWERNUMERICSPECIAL | ! |" name="And I click on exit button in Express creation" time="0.078">
    <skipped/>
  </testcase>
  <testcase classname="| DP:SUPER.USERNAME | DP:SUPER.PASSWORD | DP:NAMEVALIDATION.WARNINGMESSAGE | Projects | DP:SECTIONS.SECTIONNAME2 | N | SAM Assignments | Express Creation | DP:TEXTBOOK.BOOK | Y | DP:NAMEVALIDATION.LOWERCASE | DP:NAMEVALIDATION.UPPERCASE | DP:NAMEVALIDATION.MINCHAR | DP:NAMEVALIDATION.MAXCHAR | DP:NAMEVALIDATION.NUMERICDIGIT | DP:NAMEVALIDATION.SPECIALCHARACTER | DP:NAMEVALIDATION.UPPERLOWER | DP:NAMEVALIDATION.UPPERLOWERNUMERIC | DP:NAMEVALIDATION.UPPERLOWERNUMERICSPECIAL | ! |" name="And I accept the pop-up" time="0.078">
    <skipped/>
  </testcase>
  <testcase classname="| DP:SUPER.USERNAME | DP:SUPER.PASSWORD | DP:NAMEVALIDATION.WARNINGMESSAGE | Projects | DP:SECTIONS.SECTIONNAME2 | N | SAM Assignments | Express Creation | DP:TEXTBOOK.BOOK | Y | DP:NAMEVALIDATION.LOWERCASE | DP:NAMEVALIDATION.UPPERCASE | DP:NAMEVALIDATION.MINCHAR | DP:NAMEVALIDATION.MAXCHAR | DP:NAMEVALIDATION.NUMERICDIGIT | DP:NAMEVALIDATION.SPECIALCHARACTER | DP:NAMEVALIDATION.UPPERLOWER | DP:NAMEVALIDATION.UPPERLOWERNUMERIC | DP:NAMEVALIDATION.UPPERLOWERNUMERICSPECIAL | ! |" name="And I click on Projects tab" time="0.078">
    <skipped/>
  </testcase>
  <testcase classname="| DP:SUPER.USERNAME | DP:SUPER.PASSWORD | DP:NAMEVALIDATION.WARNINGMESSAGE | Projects | DP:SECTIONS.SECTIONNAME2 | N | SAM Assignments | Express Creation | DP:TEXTBOOK.BOOK | Y | DP:NAMEVALIDATION.LOWERCASE | DP:NAMEVALIDATION.UPPERCASE | DP:NAMEVALIDATION.MINCHAR | DP:NAMEVALIDATION.MAXCHAR | DP:NAMEVALIDATION.NUMERICDIGIT | DP:NAMEVALIDATION.SPECIALCHARACTER | DP:NAMEVALIDATION.UPPERLOWER | DP:NAMEVALIDATION.UPPERLOWERNUMERIC | DP:NAMEVALIDATION.UPPERLOWERNUMERICSPECIAL | ! |" name="And I click on Express Creation tab" time="0.078">
    <skipped/>
  </testcase>
  <testcase classname="| DP:SUPER.USERNAME | DP:SUPER.PASSWORD | DP:NAMEVALIDATION.WARNINGMESSAGE | Projects | DP:SECTIONS.SECTIONNAME2 | N | SAM Assignments | Express Creation | DP:TEXTBOOK.BOOK | Y | DP:NAMEVALIDATION.LOWERCASE | DP:NAMEVALIDATION.UPPERCASE | DP:NAMEVALIDATION.MINCHAR | DP:NAMEVALIDATION.MAXCHAR | DP:NAMEVALIDATION.NUMERICDIGIT | DP:NAMEVALIDATION.SPECIALCHARACTER | DP:NAMEVALIDATION.UPPERLOWER | DP:NAMEVALIDATION.UPPERLOWERNUMERIC | DP:NAMEVALIDATION.UPPERLOWERNUMERICSPECIAL | ! |" name="And I select DP:SECTIONS.SECTIONNAME2 Y from section drop down in Express Creation page" time="0.078">
    <skipped/>
  </testcase>
  <testcase classname="| DP:SUPER.USERNAME | DP:SUPER.PASSWORD | DP:NAMEVALIDATION.WARNINGMESSAGE | Projects | DP:SECTIONS.SECTIONNAME2 | N | SAM Assignments | Express Creation | DP:TEXTBOOK.BOOK | Y | DP:NAMEVALIDATION.LOWERCASE | DP:NAMEVALIDATION.UPPERCASE | DP:NAMEVALIDATION.MINCHAR | DP:NAMEVALIDATION.MAXCHAR | DP:NAMEVALIDATION.NUMERICDIGIT | DP:NAMEVALIDATION.SPECIALCHARACTER | DP:NAMEVALIDATION.UPPERLOWER | DP:NAMEVALIDATION.UPPERLOWERNUMERIC | DP:NAMEVALIDATION.UPPERLOWERNUMERICSPECIAL | ! |" name="And I select DP:TEXTBOOK.BOOK from Textbook drop down" time="0.078">
    <skipped/>
  </testcase>
  <testcase classname="| DP:SUPER.USERNAME | DP:SUPER.PASSWORD | DP:NAMEVALIDATION.WARNINGMESSAGE | Projects | DP:SECTIONS.SECTIONNAME2 | N | SAM Assignments | Express Creation | DP:TEXTBOOK.BOOK | Y | DP:NAMEVALIDATION.LOWERCASE | DP:NAMEVALIDATION.UPPERCASE | DP:NAMEVALIDATION.MINCHAR | DP:NAMEVALIDATION.MAXCHAR | DP:NAMEVALIDATION.NUMERICDIGIT | DP:NAMEVALIDATION.SPECIALCHARACTER | DP:NAMEVALIDATION.UPPERLOWER | DP:NAMEVALIDATION.UPPERLOWERNUMERIC | DP:NAMEVALIDATION.UPPERLOWERNUMERICSPECIAL | ! |" name="And I click on Exam Assignment Chapter" time="0.078">
    <skipped/>
  </testcase>
  <testcase classname="| DP:SUPER.USERNAME | DP:SUPER.PASSWORD | DP:NAMEVALIDATION.WARNINGMESSAGE | Projects | DP:SECTIONS.SECTIONNAME2 | N | SAM Assignments | Express Creation | DP:TEXTBOOK.BOOK | Y | DP:NAMEVALIDATION.LOWERCASE | DP:NAMEVALIDATION.UPPERCASE | DP:NAMEVALIDATION.MINCHAR | DP:NAMEVALIDATION.MAXCHAR | DP:NAMEVALIDATION.NUMERICDIGIT | DP:NAMEVALIDATION.SPECIALCHARACTER | DP:NAMEVALIDATION.UPPERLOWER | DP:NAMEVALIDATION.UPPERLOWERNUMERIC | DP:NAMEVALIDATION.UPPERLOWERNUMERICSPECIAL | ! |" name="And I enter DP:NAMEVALIDATION.UPPERLOWER N in Exam Assignment Name" time="0.078">
    <skipped/>
  </testcase>
  <testcase classname="| DP:SUPER.USERNAME | DP:SUPER.PASSWORD | DP:NAMEVALIDATION.WARNINGMESSAGE | Projects | DP:SECTIONS.SECTIONNAME2 | N | SAM Assignments | Express Creation | DP:TEXTBOOK.BOOK | Y | DP:NAMEVALIDATION.LOWERCASE | DP:NAMEVALIDATION.UPPERCASE | DP:NAMEVALIDATION.MINCHAR | DP:NAMEVALIDATION.MAXCHAR | DP:NAMEVALIDATION.NUMERICDIGIT | DP:NAMEVALIDATION.SPECIALCHARACTER | DP:NAMEVALIDATION.UPPERLOWER | DP:NAMEVALIDATION.UPPERLOWERNUMERIC | DP:NAMEVALIDATION.UPPERLOWERNUMERICSPECIAL | ! |" name="And I click on Save Exam button" time="0.078">
    <skipped/>
  </testcase>
  <testcase classname="| DP:SUPER.USERNAME | DP:SUPER.PASSWORD | DP:NAMEVALIDATION.WARNINGMESSAGE | Projects | DP:SECTIONS.SECTIONNAME2 | N | SAM Assignments | Express Creation | DP:TEXTBOOK.BOOK | Y | DP:NAMEVALIDATION.LOWERCASE | DP:NAMEVALIDATION.UPPERCASE | DP:NAMEVALIDATION.MINCHAR | DP:NAMEVALIDATION.MAXCHAR | DP:NAMEVALIDATION.NUMERICDIGIT | DP:NAMEVALIDATION.SPECIALCHARACTER | DP:NAMEVALIDATION.UPPERLOWER | DP:NAMEVALIDATION.UPPERLOWERNUMERIC | DP:NAMEVALIDATION.UPPERLOWERNUMERICSPECIAL | ! |" name="And I click on OK button in Project Creation" time="0.078">
    <skipped/>
  </testcase>
  <testcase classname="| DP:SUPER.USERNAME | DP:SUPER.PASSWORD | DP:NAMEVALIDATION.WARNINGMESSAGE | Projects | DP:SECTIONS.SECTIONNAME2 | N | SAM Assignments | Express Creation | DP:TEXTBOOK.BOOK | Y | DP:NAMEVALIDATION.LOWERCASE | DP:NAMEVALIDATION.UPPERCASE | DP:NAMEVALIDATION.MINCHAR | DP:NAMEVALIDATION.MAXCHAR | DP:NAMEVALIDATION.NUMERICDIGIT | DP:NAMEVALIDATION.SPECIALCHARACTER | DP:NAMEVALIDATION.UPPERLOWER | DP:NAMEVALIDATION.UPPERLOWERNUMERIC | DP:NAMEVALIDATION.UPPERLOWERNUMERICSPECIAL | ! |" name="And I click on exit button in Express creation" time="0.094">
    <skipped/>
  </testcase>
  <testcase classname="| DP:SUPER.USERNAME | DP:SUPER.PASSWORD | DP:NAMEVALIDATION.WARNINGMESSAGE | Projects | DP:SECTIONS.SECTIONNAME2 | N | SAM Assignments | Express Creation | DP:TEXTBOOK.BOOK | Y | DP:NAMEVALIDATION.LOWERCASE | DP:NAMEVALIDATION.UPPERCASE | DP:NAMEVALIDATION.MINCHAR | DP:NAMEVALIDATION.MAXCHAR | DP:NAMEVALIDATION.NUMERICDIGIT | DP:NAMEVALIDATION.SPECIALCHARACTER | DP:NAMEVALIDATION.UPPERLOWER | DP:NAMEVALIDATION.UPPERLOWERNUMERIC | DP:NAMEVALIDATION.UPPERLOWERNUMERICSPECIAL | ! |" name="And I accept the pop-up" time="0.094">
    <skipped/>
  </testcase>
  <testcase classname="| DP:SUPER.USERNAME | DP:SUPER.PASSWORD | DP:NAMEVALIDATION.WARNINGMESSAGE | Projects | DP:SECTIONS.SECTIONNAME2 | N | SAM Assignments | Express Creation | DP:TEXTBOOK.BOOK | Y | DP:NAMEVALIDATION.LOWERCASE | DP:NAMEVALIDATION.UPPERCASE | DP:NAMEVALIDATION.MINCHAR | DP:NAMEVALIDATION.MAXCHAR | DP:NAMEVALIDATION.NUMERICDIGIT | DP:NAMEVALIDATION.SPECIALCHARACTER | DP:NAMEVALIDATION.UPPERLOWER | DP:NAMEVALIDATION.UPPERLOWERNUMERIC | DP:NAMEVALIDATION.UPPERLOWERNUMERICSPECIAL | ! |" name="And I click on Projects tab" time="0.094">
    <skipped/>
  </testcase>
  <testcase classname="| DP:SUPER.USERNAME | DP:SUPER.PASSWORD | DP:NAMEVALIDATION.WARNINGMESSAGE | Projects | DP:SECTIONS.SECTIONNAME2 | N | SAM Assignments | Express Creation | DP:TEXTBOOK.BOOK | Y | DP:NAMEVALIDATION.LOWERCASE | DP:NAMEVALIDATION.UPPERCASE | DP:NAMEVALIDATION.MINCHAR | DP:NAMEVALIDATION.MAXCHAR | DP:NAMEVALIDATION.NUMERICDIGIT | DP:NAMEVALIDATION.SPECIALCHARACTER | DP:NAMEVALIDATION.UPPERLOWER | DP:NAMEVALIDATION.UPPERLOWERNUMERIC | DP:NAMEVALIDATION.UPPERLOWERNUMERICSPECIAL | ! |" name="And I click on Express Creation tab" time="0.094">
    <skipped/>
  </testcase>
  <testcase classname="| DP:SUPER.USERNAME | DP:SUPER.PASSWORD | DP:NAMEVALIDATION.WARNINGMESSAGE | Projects | DP:SECTIONS.SECTIONNAME2 | N | SAM Assignments | Express Creation | DP:TEXTBOOK.BOOK | Y | DP:NAMEVALIDATION.LOWERCASE | DP:NAMEVALIDATION.UPPERCASE | DP:NAMEVALIDATION.MINCHAR | DP:NAMEVALIDATION.MAXCHAR | DP:NAMEVALIDATION.NUMERICDIGIT | DP:NAMEVALIDATION.SPECIALCHARACTER | DP:NAMEVALIDATION.UPPERLOWER | DP:NAMEVALIDATION.UPPERLOWERNUMERIC | DP:NAMEVALIDATION.UPPERLOWERNUMERICSPECIAL | ! |" name="And I select DP:SECTIONS.SECTIONNAME2 Y from section drop down in Express Creation page" time="0.094">
    <skipped/>
  </testcase>
  <testcase classname="| DP:SUPER.USERNAME | DP:SUPER.PASSWORD | DP:NAMEVALIDATION.WARNINGMESSAGE | Projects | DP:SECTIONS.SECTIONNAME2 | N | SAM Assignments | Express Creation | DP:TEXTBOOK.BOOK | Y | DP:NAMEVALIDATION.LOWERCASE | DP:NAMEVALIDATION.UPPERCASE | DP:NAMEVALIDATION.MINCHAR | DP:NAMEVALIDATION.MAXCHAR | DP:NAMEVALIDATION.NUMERICDIGIT | DP:NAMEVALIDATION.SPECIALCHARACTER | DP:NAMEVALIDATION.UPPERLOWER | DP:NAMEVALIDATION.UPPERLOWERNUMERIC | DP:NAMEVALIDATION.UPPERLOWERNUMERICSPECIAL | ! |" name="And I select DP:TEXTBOOK.BOOK from Textbook drop down" time="0.094">
    <skipped/>
  </testcase>
  <testcase classname="| DP:SUPER.USERNAME | DP:SUPER.PASSWORD | DP:NAMEVALIDATION.WARNINGMESSAGE | Projects | DP:SECTIONS.SECTIONNAME2 | N | SAM Assignments | Express Creation | DP:TEXTBOOK.BOOK | Y | DP:NAMEVALIDATION.LOWERCASE | DP:NAMEVALIDATION.UPPERCASE | DP:NAMEVALIDATION.MINCHAR | DP:NAMEVALIDATION.MAXCHAR | DP:NAMEVALIDATION.NUMERICDIGIT | DP:NAMEVALIDATION.SPECIALCHARACTER | DP:NAMEVALIDATION.UPPERLOWER | DP:NAMEVALIDATION.UPPERLOWERNUMERIC | DP:NAMEVALIDATION.UPPERLOWERNUMERICSPECIAL | ! |" name="And I click on Exam Assignment Chapter" time="0.094">
    <skipped/>
  </testcase>
  <testcase classname="| DP:SUPER.USERNAME | DP:SUPER.PASSWORD | DP:NAMEVALIDATION.WARNINGMESSAGE | Projects | DP:SECTIONS.SECTIONNAME2 | N | SAM Assignments | Express Creation | DP:TEXTBOOK.BOOK | Y | DP:NAMEVALIDATION.LOWERCASE | DP:NAMEVALIDATION.UPPERCASE | DP:NAMEVALIDATION.MINCHAR | DP:NAMEVALIDATION.MAXCHAR | DP:NAMEVALIDATION.NUMERICDIGIT | DP:NAMEVALIDATION.SPECIALCHARACTER | DP:NAMEVALIDATION.UPPERLOWER | DP:NAMEVALIDATION.UPPERLOWERNUMERIC | DP:NAMEVALIDATION.UPPERLOWERNUMERICSPECIAL | ! |" name="And I enter DP:NAMEVALIDATION.UPPERLOWERNUMERIC N in Exam Assignment Name" time="0.094">
    <skipped/>
  </testcase>
  <testcase classname="| DP:SUPER.USERNAME | DP:SUPER.PASSWORD | DP:NAMEVALIDATION.WARNINGMESSAGE | Projects | DP:SECTIONS.SECTIONNAME2 | N | SAM Assignments | Express Creation | DP:TEXTBOOK.BOOK | Y | DP:NAMEVALIDATION.LOWERCASE | DP:NAMEVALIDATION.UPPERCASE | DP:NAMEVALIDATION.MINCHAR | DP:NAMEVALIDATION.MAXCHAR | DP:NAMEVALIDATION.NUMERICDIGIT | DP:NAMEVALIDATION.SPECIALCHARACTER | DP:NAMEVALIDATION.UPPERLOWER | DP:NAMEVALIDATION.UPPERLOWERNUMERIC | DP:NAMEVALIDATION.UPPERLOWERNUMERICSPECIAL | ! |" name="And I click on Save Exam button" time="0.094">
    <skipped/>
  </testcase>
  <testcase classname="| DP:SUPER.USERNAME | DP:SUPER.PASSWORD | DP:NAMEVALIDATION.WARNINGMESSAGE | Projects | DP:SECTIONS.SECTIONNAME2 | N | SAM Assignments | Express Creation | DP:TEXTBOOK.BOOK | Y | DP:NAMEVALIDATION.LOWERCASE | DP:NAMEVALIDATION.UPPERCASE | DP:NAMEVALIDATION.MINCHAR | DP:NAMEVALIDATION.MAXCHAR | DP:NAMEVALIDATION.NUMERICDIGIT | DP:NAMEVALIDATION.SPECIALCHARACTER | DP:NAMEVALIDATION.UPPERLOWER | DP:NAMEVALIDATION.UPPERLOWERNUMERIC | DP:NAMEVALIDATION.UPPERLOWERNUMERICSPECIAL | ! |" name="And I click on OK button in Project Creation" time="0.094">
    <skipped/>
  </testcase>
  <testcase classname="| DP:SUPER.USERNAME | DP:SUPER.PASSWORD | DP:NAMEVALIDATION.WARNINGMESSAGE | Projects | DP:SECTIONS.SECTIONNAME2 | N | SAM Assignments | Express Creation | DP:TEXTBOOK.BOOK | Y | DP:NAMEVALIDATION.LOWERCASE | DP:NAMEVALIDATION.UPPERCASE | DP:NAMEVALIDATION.MINCHAR | DP:NAMEVALIDATION.MAXCHAR | DP:NAMEVALIDATION.NUMERICDIGIT | DP:NAMEVALIDATION.SPECIALCHARACTER | DP:NAMEVALIDATION.UPPERLOWER | DP:NAMEVALIDATION.UPPERLOWERNUMERIC | DP:NAMEVALIDATION.UPPERLOWERNUMERICSPECIAL | ! |" name="And I click on exit button in Express creation" time="0.094">
    <skipped/>
  </testcase>
  <testcase classname="| DP:SUPER.USERNAME | DP:SUPER.PASSWORD | DP:NAMEVALIDATION.WARNINGMESSAGE | Projects | DP:SECTIONS.SECTIONNAME2 | N | SAM Assignments | Express Creation | DP:TEXTBOOK.BOOK | Y | DP:NAMEVALIDATION.LOWERCASE | DP:NAMEVALIDATION.UPPERCASE | DP:NAMEVALIDATION.MINCHAR | DP:NAMEVALIDATION.MAXCHAR | DP:NAMEVALIDATION.NUMERICDIGIT | DP:NAMEVALIDATION.SPECIALCHARACTER | DP:NAMEVALIDATION.UPPERLOWER | DP:NAMEVALIDATION.UPPERLOWERNUMERIC | DP:NAMEVALIDATION.UPPERLOWERNUMERICSPECIAL | ! |" name="And I accept the pop-up" time="0.094">
    <skipped/>
  </testcase>
  <testcase classname="| DP:SUPER.USERNAME | DP:SUPER.PASSWORD | DP:NAMEVALIDATION.WARNINGMESSAGE | Projects | DP:SECTIONS.SECTIONNAME2 | N | SAM Assignments | Express Creation | DP:TEXTBOOK.BOOK | Y | DP:NAMEVALIDATION.LOWERCASE | DP:NAMEVALIDATION.UPPERCASE | DP:NAMEVALIDATION.MINCHAR | DP:NAMEVALIDATION.MAXCHAR | DP:NAMEVALIDATION.NUMERICDIGIT | DP:NAMEVALIDATION.SPECIALCHARACTER | DP:NAMEVALIDATION.UPPERLOWER | DP:NAMEVALIDATION.UPPERLOWERNUMERIC | DP:NAMEVALIDATION.UPPERLOWERNUMERICSPECIAL | ! |" name="And I click on Projects tab" time="0.11">
    <skipped/>
  </testcase>
  <testcase classname="| DP:SUPER.USERNAME | DP:SUPER.PASSWORD | DP:NAMEVALIDATION.WARNINGMESSAGE | Projects | DP:SECTIONS.SECTIONNAME2 | N | SAM Assignments | Express Creation | DP:TEXTBOOK.BOOK | Y | DP:NAMEVALIDATION.LOWERCASE | DP:NAMEVALIDATION.UPPERCASE | DP:NAMEVALIDATION.MINCHAR | DP:NAMEVALIDATION.MAXCHAR | DP:NAMEVALIDATION.NUMERICDIGIT | DP:NAMEVALIDATION.SPECIALCHARACTER | DP:NAMEVALIDATION.UPPERLOWER | DP:NAMEVALIDATION.UPPERLOWERNUMERIC | DP:NAMEVALIDATION.UPPERLOWERNUMERICSPECIAL | ! |" name="And I click on Express Creation tab" time="0.11">
    <skipped/>
  </testcase>
  <testcase classname="| DP:SUPER.USERNAME | DP:SUPER.PASSWORD | DP:NAMEVALIDATION.WARNINGMESSAGE | Projects | DP:SECTIONS.SECTIONNAME2 | N | SAM Assignments | Express Creation | DP:TEXTBOOK.BOOK | Y | DP:NAMEVALIDATION.LOWERCASE | DP:NAMEVALIDATION.UPPERCASE | DP:NAMEVALIDATION.MINCHAR | DP:NAMEVALIDATION.MAXCHAR | DP:NAMEVALIDATION.NUMERICDIGIT | DP:NAMEVALIDATION.SPECIALCHARACTER | DP:NAMEVALIDATION.UPPERLOWER | DP:NAMEVALIDATION.UPPERLOWERNUMERIC | DP:NAMEVALIDATION.UPPERLOWERNUMERICSPECIAL | ! |" name="And I select DP:SECTIONS.SECTIONNAME2 Y from section drop down in Express Creation page" time="0.11">
    <skipped/>
  </testcase>
  <testcase classname="| DP:SUPER.USERNAME | DP:SUPER.PASSWORD | DP:NAMEVALIDATION.WARNINGMESSAGE | Projects | DP:SECTIONS.SECTIONNAME2 | N | SAM Assignments | Express Creation | DP:TEXTBOOK.BOOK | Y | DP:NAMEVALIDATION.LOWERCASE | DP:NAMEVALIDATION.UPPERCASE | DP:NAMEVALIDATION.MINCHAR | DP:NAMEVALIDATION.MAXCHAR | DP:NAMEVALIDATION.NUMERICDIGIT | DP:NAMEVALIDATION.SPECIALCHARACTER | DP:NAMEVALIDATION.UPPERLOWER | DP:NAMEVALIDATION.UPPERLOWERNUMERIC | DP:NAMEVALIDATION.UPPERLOWERNUMERICSPECIAL | ! |" name="And I select DP:TEXTBOOK.BOOK from Textbook drop down" time="0.11">
    <skipped/>
  </testcase>
  <testcase classname="| DP:SUPER.USERNAME | DP:SUPER.PASSWORD | DP:NAMEVALIDATION.WARNINGMESSAGE | Projects | DP:SECTIONS.SECTIONNAME2 | N | SAM Assignments | Express Creation | DP:TEXTBOOK.BOOK | Y | DP:NAMEVALIDATION.LOWERCASE | DP:NAMEVALIDATION.UPPERCASE | DP:NAMEVALIDATION.MINCHAR | DP:NAMEVALIDATION.MAXCHAR | DP:NAMEVALIDATION.NUMERICDIGIT | DP:NAMEVALIDATION.SPECIALCHARACTER | DP:NAMEVALIDATION.UPPERLOWER | DP:NAMEVALIDATION.UPPERLOWERNUMERIC | DP:NAMEVALIDATION.UPPERLOWERNUMERICSPECIAL | ! |" name="And I click on Exam Assignment Chapter" time="0.11">
    <skipped/>
  </testcase>
  <testcase classname="| DP:SUPER.USERNAME | DP:SUPER.PASSWORD | DP:NAMEVALIDATION.WARNINGMESSAGE | Projects | DP:SECTIONS.SECTIONNAME2 | N | SAM Assignments | Express Creation | DP:TEXTBOOK.BOOK | Y | DP:NAMEVALIDATION.LOWERCASE | DP:NAMEVALIDATION.UPPERCASE | DP:NAMEVALIDATION.MINCHAR | DP:NAMEVALIDATION.MAXCHAR | DP:NAMEVALIDATION.NUMERICDIGIT | DP:NAMEVALIDATION.SPECIALCHARACTER | DP:NAMEVALIDATION.UPPERLOWER | DP:NAMEVALIDATION.UPPERLOWERNUMERIC | DP:NAMEVALIDATION.UPPERLOWERNUMERICSPECIAL | ! |" name="And I enter DP:NAMEVALIDATION.UPPERLOWERNUMERICSPECIAL N in Exam Assignment Name" time="0.11">
    <skipped/>
  </testcase>
  <testcase classname="| DP:SUPER.USERNAME | DP:SUPER.PASSWORD | DP:NAMEVALIDATION.WARNINGMESSAGE | Projects | DP:SECTIONS.SECTIONNAME2 | N | SAM Assignments | Express Creation | DP:TEXTBOOK.BOOK | Y | DP:NAMEVALIDATION.LOWERCASE | DP:NAMEVALIDATION.UPPERCASE | DP:NAMEVALIDATION.MINCHAR | DP:NAMEVALIDATION.MAXCHAR | DP:NAMEVALIDATION.NUMERICDIGIT | DP:NAMEVALIDATION.SPECIALCHARACTER | DP:NAMEVALIDATION.UPPERLOWER | DP:NAMEVALIDATION.UPPERLOWERNUMERIC | DP:NAMEVALIDATION.UPPERLOWERNUMERICSPECIAL | ! |" name="And I click on Save Exam button" time="0.11">
    <skipped/>
  </testcase>
  <testcase classname="| DP:SUPER.USERNAME | DP:SUPER.PASSWORD | DP:NAMEVALIDATION.WARNINGMESSAGE | Projects | DP:SECTIONS.SECTIONNAME2 | N | SAM Assignments | Express Creation | DP:TEXTBOOK.BOOK | Y | DP:NAMEVALIDATION.LOWERCASE | DP:NAMEVALIDATION.UPPERCASE | DP:NAMEVALIDATION.MINCHAR | DP:NAMEVALIDATION.MAXCHAR | DP:NAMEVALIDATION.NUMERICDIGIT | DP:NAMEVALIDATION.SPECIALCHARACTER | DP:NAMEVALIDATION.UPPERLOWER | DP:NAMEVALIDATION.UPPERLOWERNUMERIC | DP:NAMEVALIDATION.UPPERLOWERNUMERICSPECIAL | ! |" name="And I click on OK button in Project Creation" time="0.11">
    <skipped/>
  </testcase>
  <testcase classname="| DP:SUPER.USERNAME | DP:SUPER.PASSWORD | DP:NAMEVALIDATION.WARNINGMESSAGE | Projects | DP:SECTIONS.SECTIONNAME2 | N | SAM Assignments | Express Creation | DP:TEXTBOOK.BOOK | Y | DP:NAMEVALIDATION.LOWERCASE | DP:NAMEVALIDATION.UPPERCASE | DP:NAMEVALIDATION.MINCHAR | DP:NAMEVALIDATION.MAXCHAR | DP:NAMEVALIDATION.NUMERICDIGIT | DP:NAMEVALIDATION.SPECIALCHARACTER | DP:NAMEVALIDATION.UPPERLOWER | DP:NAMEVALIDATION.UPPERLOWERNUMERIC | DP:NAMEVALIDATION.UPPERLOWERNUMERICSPECIAL | ! |" name="And I click on exit button in Express creation" time="0.11">
    <skipped/>
  </testcase>
  <testcase classname="| DP:SUPER.USERNAME | DP:SUPER.PASSWORD | DP:NAMEVALIDATION.WARNINGMESSAGE | Projects | DP:SECTIONS.SECTIONNAME2 | N | SAM Assignments | Express Creation | DP:TEXTBOOK.BOOK | Y | DP:NAMEVALIDATION.LOWERCASE | DP:NAMEVALIDATION.UPPERCASE | DP:NAMEVALIDATION.MINCHAR | DP:NAMEVALIDATION.MAXCHAR | DP:NAMEVALIDATION.NUMERICDIGIT | DP:NAMEVALIDATION.SPECIALCHARACTER | DP:NAMEVALIDATION.UPPERLOWER | DP:NAMEVALIDATION.UPPERLOWERNUMERIC | DP:NAMEVALIDATION.UPPERLOWERNUMERICSPECIAL | ! |" name="And I accept the pop-up" time="0.11">
    <skipped/>
  </testcase>
  <testcase classname="| DP:SUPER.USERNAME | DP:SUPER.PASSWORD | DP:NAMEVALIDATION.WARNINGMESSAGE | Projects | DP:SECTIONS.SECTIONNAME2 | N | SAM Assignments | Express Creation | DP:TEXTBOOK.BOOK | Y | DP:NAMEVALIDATION.LOWERCASE | DP:NAMEVALIDATION.UPPERCASE | DP:NAMEVALIDATION.MINCHAR | DP:NAMEVALIDATION.MAXCHAR | DP:NAMEVALIDATION.NUMERICDIGIT | DP:NAMEVALIDATION.SPECIALCHARACTER | DP:NAMEVALIDATION.UPPERLOWER | DP:NAMEVALIDATION.UPPERLOWERNUMERIC | DP:NAMEVALIDATION.UPPERLOWERNUMERICSPECIAL | ! |" name="And I click on Projects tab" time="0.11">
    <skipped/>
  </testcase>
  <testcase classname="| DP:SUPER.USERNAME | DP:SUPER.PASSWORD | DP:NAMEVALIDATION.WARNINGMESSAGE | Projects | DP:SECTIONS.SECTIONNAME2 | N | SAM Assignments | Express Creation | DP:TEXTBOOK.BOOK | Y | DP:NAMEVALIDATION.LOWERCASE | DP:NAMEVALIDATION.UPPERCASE | DP:NAMEVALIDATION.MINCHAR | DP:NAMEVALIDATION.MAXCHAR | DP:NAMEVALIDATION.NUMERICDIGIT | DP:NAMEVALIDATION.SPECIALCHARACTER | DP:NAMEVALIDATION.UPPERLOWER | DP:NAMEVALIDATION.UPPERLOWERNUMERIC | DP:NAMEVALIDATION.UPPERLOWERNUMERICSPECIAL | ! |" name="And I click on Express Creation tab" time="0.125">
    <skipped/>
  </testcase>
  <testcase classname="| DP:SUPER.USERNAME | DP:SUPER.PASSWORD | DP:NAMEVALIDATION.WARNINGMESSAGE | Projects | DP:SECTIONS.SECTIONNAME2 | N | SAM Assignments | Express Creation | DP:TEXTBOOK.BOOK | Y | DP:NAMEVALIDATION.LOWERCASE | DP:NAMEVALIDATION.UPPERCASE | DP:NAMEVALIDATION.MINCHAR | DP:NAMEVALIDATION.MAXCHAR | DP:NAMEVALIDATION.NUMERICDIGIT | DP:NAMEVALIDATION.SPECIALCHARACTER | DP:NAMEVALIDATION.UPPERLOWER | DP:NAMEVALIDATION.UPPERLOWERNUMERIC | DP:NAMEVALIDATION.UPPERLOWERNUMERICSPECIAL | ! |" name="And I select DP:SECTIONS.SECTIONNAME2 Y from section drop down in Express Creation page" time="0.125">
    <skipped/>
  </testcase>
  <testcase classname="| DP:SUPER.USERNAME | DP:SUPER.PASSWORD | DP:NAMEVALIDATION.WARNINGMESSAGE | Projects | DP:SECTIONS.SECTIONNAME2 | N | SAM Assignments | Express Creation | DP:TEXTBOOK.BOOK | Y | DP:NAMEVALIDATION.LOWERCASE | DP:NAMEVALIDATION.UPPERCASE | DP:NAMEVALIDATION.MINCHAR | DP:NAMEVALIDATION.MAXCHAR | DP:NAMEVALIDATION.NUMERICDIGIT | DP:NAMEVALIDATION.SPECIALCHARACTER | DP:NAMEVALIDATION.UPPERLOWER | DP:NAMEVALIDATION.UPPERLOWERNUMERIC | DP:NAMEVALIDATION.UPPERLOWERNUMERICSPECIAL | ! |" name="And I select DP:TEXTBOOK.BOOK from Textbook drop down" time="0.125">
    <skipped/>
  </testcase>
  <testcase classname="| DP:SUPER.USERNAME | DP:SUPER.PASSWORD | DP:NAMEVALIDATION.WARNINGMESSAGE | Projects | DP:SECTIONS.SECTIONNAME2 | N | SAM Assignments | Express Creation | DP:TEXTBOOK.BOOK | Y | DP:NAMEVALIDATION.LOWERCASE | DP:NAMEVALIDATION.UPPERCASE | DP:NAMEVALIDATION.MINCHAR | DP:NAMEVALIDATION.MAXCHAR | DP:NAMEVALIDATION.NUMERICDIGIT | DP:NAMEVALIDATION.SPECIALCHARACTER | DP:NAMEVALIDATION.UPPERLOWER | DP:NAMEVALIDATION.UPPERLOWERNUMERIC | DP:NAMEVALIDATION.UPPERLOWERNUMERICSPECIAL | ! |" name="And I click on Exam Assignment Chapter" time="0.125">
    <skipped/>
  </testcase>
  <testcase classname="| DP:SUPER.USERNAME | DP:SUPER.PASSWORD | DP:NAMEVALIDATION.WARNINGMESSAGE | Projects | DP:SECTIONS.SECTIONNAME2 | N | SAM Assignments | Express Creation | DP:TEXTBOOK.BOOK | Y | DP:NAMEVALIDATION.LOWERCASE | DP:NAMEVALIDATION.UPPERCASE | DP:NAMEVALIDATION.MINCHAR | DP:NAMEVALIDATION.MAXCHAR | DP:NAMEVALIDATION.NUMERICDIGIT | DP:NAMEVALIDATION.SPECIALCHARACTER | DP:NAMEVALIDATION.UPPERLOWER | DP:NAMEVALIDATION.UPPERLOWERNUMERIC | DP:NAMEVALIDATION.UPPERLOWERNUMERICSPECIAL | ! |" name="And I enter ! N in Exam Assignment Name" time="0.125">
    <skipped/>
  </testcase>
  <testcase classname="| DP:SUPER.USERNAME | DP:SUPER.PASSWORD | DP:NAMEVALIDATION.WARNINGMESSAGE | Projects | DP:SECTIONS.SECTIONNAME2 | N | SAM Assignments | Express Creation | DP:TEXTBOOK.BOOK | Y | DP:NAMEVALIDATION.LOWERCASE | DP:NAMEVALIDATION.UPPERCASE | DP:NAMEVALIDATION.MINCHAR | DP:NAMEVALIDATION.MAXCHAR | DP:NAMEVALIDATION.NUMERICDIGIT | DP:NAMEVALIDATION.SPECIALCHARACTER | DP:NAMEVALIDATION.UPPERLOWER | DP:NAMEVALIDATION.UPPERLOWERNUMERIC | DP:NAMEVALIDATION.UPPERLOWERNUMERICSPECIAL | ! |" name="And I click on Save Exam button" time="0.125">
    <skipped/>
  </testcase>
  <testcase classname="| DP:SUPER.USERNAME | DP:SUPER.PASSWORD | DP:NAMEVALIDATION.WARNINGMESSAGE | Projects | DP:SECTIONS.SECTIONNAME2 | N | SAM Assignments | Express Creation | DP:TEXTBOOK.BOOK | Y | DP:NAMEVALIDATION.LOWERCASE | DP:NAMEVALIDATION.UPPERCASE | DP:NAMEVALIDATION.MINCHAR | DP:NAMEVALIDATION.MAXCHAR | DP:NAMEVALIDATION.NUMERICDIGIT | DP:NAMEVALIDATION.SPECIALCHARACTER | DP:NAMEVALIDATION.UPPERLOWER | DP:NAMEVALIDATION.UPPERLOWERNUMERIC | DP:NAMEVALIDATION.UPPERLOWERNUMERICSPECIAL | ! |" name="And I see DP:NAMEVALIDATION.WARNINGMESSAGE validation Popup" time="0.125">
    <skipped/>
  </testcase>
  <testcase classname="| DP:SUPER.USERNAME | DP:SUPER.PASSWORD | DP:NAMEVALIDATION.WARNINGMESSAGE | Projects | DP:SECTIONS.SECTIONNAME2 | N | SAM Assignments | Express Creation | DP:TEXTBOOK.BOOK | Y | DP:NAMEVALIDATION.LOWERCASE | DP:NAMEVALIDATION.UPPERCASE | DP:NAMEVALIDATION.MINCHAR | DP:NAMEVALIDATION.MAXCHAR | DP:NAMEVALIDATION.NUMERICDIGIT | DP:NAMEVALIDATION.SPECIALCHARACTER | DP:NAMEVALIDATION.UPPERLOWER | DP:NAMEVALIDATION.UPPERLOWERNUMERIC | DP:NAMEVALIDATION.UPPERLOWERNUMERICSPECIAL | ! |" name="And I enter DP:NAMEVALIDATION.MINCHAR N in Exam Assignment Name" time="0.125">
    <skipped/>
  </testcase>
  <testcase classname="| DP:SUPER.USERNAME | DP:SUPER.PASSWORD | DP:NAMEVALIDATION.WARNINGMESSAGE | Projects | DP:SECTIONS.SECTIONNAME2 | N | SAM Assignments | Express Creation | DP:TEXTBOOK.BOOK | Y | DP:NAMEVALIDATION.LOWERCASE | DP:NAMEVALIDATION.UPPERCASE | DP:NAMEVALIDATION.MINCHAR | DP:NAMEVALIDATION.MAXCHAR | DP:NAMEVALIDATION.NUMERICDIGIT | DP:NAMEVALIDATION.SPECIALCHARACTER | DP:NAMEVALIDATION.UPPERLOWER | DP:NAMEVALIDATION.UPPERLOWERNUMERIC | DP:NAMEVALIDATION.UPPERLOWERNUMERICSPECIAL | ! |" name="When I click on Save Exam button" time="0.125">
    <skipped/>
  </testcase>
  <testcase classname="| DP:SUPER.USERNAME | DP:SUPER.PASSWORD | DP:NAMEVALIDATION.WARNINGMESSAGE | Projects | DP:SECTIONS.SECTIONNAME2 | N | SAM Assignments | Express Creation | DP:TEXTBOOK.BOOK | Y | DP:NAMEVALIDATION.LOWERCASE | DP:NAMEVALIDATION.UPPERCASE | DP:NAMEVALIDATION.MINCHAR | DP:NAMEVALIDATION.MAXCHAR | DP:NAMEVALIDATION.NUMERICDIGIT | DP:NAMEVALIDATION.SPECIALCHARACTER | DP:NAMEVALIDATION.UPPERLOWER | DP:NAMEVALIDATION.UPPERLOWERNUMERIC | DP:NAMEVALIDATION.UPPERLOWERNUMERICSPECIAL | ! |" name="Then I see DP:NAMEVALIDATION.WARNINGMESSAGE validation Popup" time="0.125">
    <skipped/>
  </testcase>
  <testcase classname="| DP:SUPER.USERNAME | DP:SUPER.PASSWORD | DP:NAMEVALIDATION.WARNINGMESSAGE | Projects | DP:SECTIONS.SECTIONNAME2 | N | SAM Assignments | Express Creation | DP:TEXTBOOK.BOOK | Y | DP:NAMEVALIDATION.LOWERCASE | DP:NAMEVALIDATION.UPPERCASE | DP:NAMEVALIDATION.MINCHAR | DP:NAMEVALIDATION.MAXCHAR | DP:NAMEVALIDATION.NUMERICDIGIT | DP:NAMEVALIDATION.SPECIALCHARACTER | DP:NAMEVALIDATION.UPPERLOWER | DP:NAMEVALIDATION.UPPERLOWERNUMERIC | DP:NAMEVALIDATION.UPPERLOWERNUMERICSPECIAL | ! |" name="And I enter DP:NAMEVALIDATION.MAXCHAR N in Exam Assignment Name" time="0.125">
    <skipped/>
  </testcase>
  <testcase classname="| DP:SUPER.USERNAME | DP:SUPER.PASSWORD | DP:NAMEVALIDATION.WARNINGMESSAGE | Projects | DP:SECTIONS.SECTIONNAME2 | N | SAM Assignments | Express Creation | DP:TEXTBOOK.BOOK | Y | DP:NAMEVALIDATION.LOWERCASE | DP:NAMEVALIDATION.UPPERCASE | DP:NAMEVALIDATION.MINCHAR | DP:NAMEVALIDATION.MAXCHAR | DP:NAMEVALIDATION.NUMERICDIGIT | DP:NAMEVALIDATION.SPECIALCHARACTER | DP:NAMEVALIDATION.UPPERLOWER | DP:NAMEVALIDATION.UPPERLOWERNUMERIC | DP:NAMEVALIDATION.UPPERLOWERNUMERICSPECIAL | ! |" name="And I click on Save Exam button" time="0.141">
    <skipped/>
  </testcase>
  <testcase classname="| DP:SUPER.USERNAME | DP:SUPER.PASSWORD | DP:NAMEVALIDATION.WARNINGMESSAGE | Projects | DP:SECTIONS.SECTIONNAME2 | N | SAM Assignments | Express Creation | DP:TEXTBOOK.BOOK | Y | DP:NAMEVALIDATION.LOWERCASE | DP:NAMEVALIDATION.UPPERCASE | DP:NAMEVALIDATION.MINCHAR | DP:NAMEVALIDATION.MAXCHAR | DP:NAMEVALIDATION.NUMERICDIGIT | DP:NAMEVALIDATION.SPECIALCHARACTER | DP:NAMEVALIDATION.UPPERLOWER | DP:NAMEVALIDATION.UPPERLOWERNUMERIC | DP:NAMEVALIDATION.UPPERLOWERNUMERICSPECIAL | ! |" name="And I click on OK button in Project Creation" time="0.141">
    <skipped/>
  </testcase>
  <testcase classname="| DP:SUPER.USERNAME | DP:SUPER.PASSWORD | DP:NAMEVALIDATION.WARNINGMESSAGE | Projects | DP:SECTIONS.SECTIONNAME2 | N | SAM Assignments | Express Creation | DP:TEXTBOOK.BOOK | Y | DP:NAMEVALIDATION.LOWERCASE | DP:NAMEVALIDATION.UPPERCASE | DP:NAMEVALIDATION.MINCHAR | DP:NAMEVALIDATION.MAXCHAR | DP:NAMEVALIDATION.NUMERICDIGIT | DP:NAMEVALIDATION.SPECIALCHARACTER | DP:NAMEVALIDATION.UPPERLOWER | DP:NAMEVALIDATION.UPPERLOWERNUMERIC | DP:NAMEVALIDATION.UPPERLOWERNUMERICSPECIAL | ! |" name="And I click on exit button in Express creation" time="0.141">
    <skipped/>
  </testcase>
  <testcase classname="| DP:SUPER.USERNAME | DP:SUPER.PASSWORD | DP:NAMEVALIDATION.WARNINGMESSAGE | Projects | DP:SECTIONS.SECTIONNAME2 | N | SAM Assignments | Express Creation | DP:TEXTBOOK.BOOK | Y | DP:NAMEVALIDATION.LOWERCASE | DP:NAMEVALIDATION.UPPERCASE | DP:NAMEVALIDATION.MINCHAR | DP:NAMEVALIDATION.MAXCHAR | DP:NAMEVALIDATION.NUMERICDIGIT | DP:NAMEVALIDATION.SPECIALCHARACTER | DP:NAMEVALIDATION.UPPERLOWER | DP:NAMEVALIDATION.UPPERLOWERNUMERIC | DP:NAMEVALIDATION.UPPERLOWERNUMERICSPECIAL | ! |" name="And I accept the pop-up" time="0.141">
    <skipped/>
  </testcase>
  <testcase classname="| DP:SUPER.USERNAME | DP:SUPER.PASSWORD | DP:NAMEVALIDATION.WARNINGMESSAGE | Projects | DP:SECTIONS.SECTIONNAME2 | N | SAM Assignments | Express Creation | DP:TEXTBOOK.BOOK | Y | DP:NAMEVALIDATION.LOWERCASE | DP:NAMEVALIDATION.UPPERCASE | DP:NAMEVALIDATION.MINCHAR | DP:NAMEVALIDATION.MAXCHAR | DP:NAMEVALIDATION.NUMERICDIGIT | DP:NAMEVALIDATION.SPECIALCHARACTER | DP:NAMEVALIDATION.UPPERLOWER | DP:NAMEVALIDATION.UPPERLOWERNUMERIC | DP:NAMEVALIDATION.UPPERLOWERNUMERICSPECIAL | ! |" name="And I click on Logout button" time="0.141">
    <skipped/>
  </testcase>
  <testcase classname="| DP:SUPER.USERNAME | DP:SUPER.PASSWORD | DP:NAMEVALIDATION.WARNINGMESSAGE | Projects | DP:SECTIONS.SECTIONNAME2 | N | SAM Assignments | Express Creation | DP:TEXTBOOK.BOOK | Y | DP:NAMEVALIDATION.LOWERCASE | DP:NAMEVALIDATION.UPPERCASE | DP:NAMEVALIDATION.MINCHAR | DP:NAMEVALIDATION.MAXCHAR | DP:NAMEVALIDATION.NUMERICDIGIT | DP:NAMEVALIDATION.SPECIALCHARACTER | DP:NAMEVALIDATION.UPPERLOWER | DP:NAMEVALIDATION.UPPERLOWERNUMERIC | DP:NAMEVALIDATION.UPPERLOWERNUMERICSPECIAL | ! |" name="Given As a user I see login page of LMS" time="0"/>
  <testcase classname="| DP:SUPER.USERNAME | DP:SUPER.PASSWORD | DP:NAMEVALIDATION.WARNINGMESSAGE | Projects | DP:SECTIONS.SECTIONNAME2 | N | SAM Assignments | Express Creation | DP:TEXTBOOK.BOOK | Y | DP:NAMEVALIDATION.LOWERCASE | DP:NAMEVALIDATION.UPPERCASE | DP:NAMEVALIDATION.MINCHAR | DP:NAMEVALIDATION.MAXCHAR | DP:NAMEVALIDATION.NUMERICDIGIT | DP:NAMEVALIDATION.SPECIALCHARACTER | DP:NAMEVALIDATION.UPPERLOWER | DP:NAMEVALIDATION.UPPERLOWERNUMERIC | DP:NAMEVALIDATION.UPPERLOWERNUMERICSPECIAL | ! |" name="And I enter DP:SUPER.USERNAME N Username in LMS login page" time="0"/>
  <testcase classname="| DP:SUPER.USERNAME | DP:SUPER.PASSWORD | DP:NAMEVALIDATION.WARNINGMESSAGE | Projects | DP:SECTIONS.SECTIONNAME2 | N | SAM Assignments | Express Creation | DP:TEXTBOOK.BOOK | Y | DP:NAMEVALIDATION.LOWERCASE | DP:NAMEVALIDATION.UPPERCASE | DP:NAMEVALIDATION.MINCHAR | DP:NAMEVALIDATION.MAXCHAR | DP:NAMEVALIDATION.NUMERICDIGIT | DP:NAMEVALIDATION.SPECIALCHARACTER | DP:NAMEVALIDATION.UPPERLOWER | DP:NAMEVALIDATION.UPPERLOWERNUMERIC | DP:NAMEVALIDATION.UPPERLOWERNUMERICSPECIAL | ! |" name="And I enter DP:SUPER.PASSWORD Password in LMS login page" time="0"/>
  <testcase classname="| DP:SUPER.USERNAME | DP:SUPER.PASSWORD | DP:NAMEVALIDATION.WARNINGMESSAGE | Projects | DP:SECTIONS.SECTIONNAME2 | N | SAM Assignments | Express Creation | DP:TEXTBOOK.BOOK | Y | DP:NAMEVALIDATION.LOWERCASE | DP:NAMEVALIDATION.UPPERCASE | DP:NAMEVALIDATION.MINCHAR | DP:NAMEVALIDATION.MAXCHAR | DP:NAMEVALIDATION.NUMERICDIGIT | DP:NAMEVALIDATION.SPECIALCHARACTER | DP:NAMEVALIDATION.UPPERLOWER | DP:NAMEVALIDATION.UPPERLOWERNUMERIC | DP:NAMEVALIDATION.UPPERLOWERNUMERICSPECIAL | ! |" name="And I click on Log In button" time="0"/>
  <testcase classname="| DP:SUPER.USERNAME | DP:SUPER.PASSWORD | DP:NAMEVALIDATION.WARNINGMESSAGE | Projects | DP:SECTIONS.SECTIONNAME2 | N | SAM Assignments | Express Creation | DP:TEXTBOOK.BOOK | Y | DP:NAMEVALIDATION.LOWERCASE | DP:NAMEVALIDATION.UPPERCASE | DP:NAMEVALIDATION.MINCHAR | DP:NAMEVALIDATION.MAXCHAR | DP:NAMEVALIDATION.NUMERICDIGIT | DP:NAMEVALIDATION.SPECIALCHARACTER | DP:NAMEVALIDATION.UPPERLOWER | DP:NAMEVALIDATION.UPPERLOWERNUMERIC | DP:NAMEVALIDATION.UPPERLOWERNUMERICSPECIAL | ! |" name="And I see home page of LMS" time="0"/>
  <testcase classname="| DP:SUPER.USERNAME | DP:SUPER.PASSWORD | DP:NAMEVALIDATION.WARNINGMESSAGE | Projects | DP:SECTIONS.SECTIONNAME2 | N | SAM Assignments | Express Creation | DP:TEXTBOOK.BOOK | Y | DP:NAMEVALIDATION.LOWERCASE | DP:NAMEVALIDATION.UPPERCASE | DP:NAMEVALIDATION.MINCHAR | DP:NAMEVALIDATION.MAXCHAR | DP:NAMEVALIDATION.NUMERICDIGIT | DP:NAMEVALIDATION.SPECIALCHARACTER | DP:NAMEVALIDATION.UPPERLOWER | DP:NAMEVALIDATION.UPPERLOWERNUMERIC | DP:NAMEVALIDATION.UPPERLOWERNUMERICSPECIAL | ! |" name="And I click on SAM Assignments tab" time="0"/>
  <testcase classname="| DP:SUPER.USERNAME | DP:SUPER.PASSWORD | DP:NAMEVALIDATION.WARNINGMESSAGE | Projects | DP:SECTIONS.SECTIONNAME2 | N | SAM Assignments | Express Creation | DP:TEXTBOOK.BOOK | Y | DP:NAMEVALIDATION.LOWERCASE | DP:NAMEVALIDATION.UPPERCASE | DP:NAMEVALIDATION.MINCHAR | DP:NAMEVALIDATION.MAXCHAR | DP:NAMEVALIDATION.NUMERICDIGIT | DP:NAMEVALIDATION.SPECIALCHARACTER | DP:NAMEVALIDATION.UPPERLOWER | DP:NAMEVALIDATION.UPPERLOWERNUMERIC | DP:NAMEVALIDATION.UPPERLOWERNUMERICSPECIAL | ! |" name="And I click on Express Creation tab" time="0"/>
  <testcase classname="| DP:SUPER.USERNAME | DP:SUPER.PASSWORD | DP:NAMEVALIDATION.WARNINGMESSAGE | Projects | DP:SECTIONS.SECTIONNAME2 | N | SAM Assignments | Express Creation | DP:TEXTBOOK.BOOK | Y | DP:NAMEVALIDATION.LOWERCASE | DP:NAMEVALIDATION.UPPERCASE | DP:NAMEVALIDATION.MINCHAR | DP:NAMEVALIDATION.MAXCHAR | DP:NAMEVALIDATION.NUMERICDIGIT | DP:NAMEVALIDATION.SPECIALCHARACTER | DP:NAMEVALIDATION.UPPERLOWER | DP:NAMEVALIDATION.UPPERLOWERNUMERIC | DP:NAMEVALIDATION.UPPERLOWERNUMERICSPECIAL | ! |" name="And I select DP:SECTIONS.SECTIONNAME2 Y from section drop down in Express Creation page" time="0"/>
  <testcase classname="| DP:SUPER.USERNAME | DP:SUPER.PASSWORD | DP:NAMEVALIDATION.WARNINGMESSAGE | Projects | DP:SECTIONS.SECTIONNAME2 | N | SAM Assignments | Express Creation | DP:TEXTBOOK.BOOK | Y | DP:NAMEVALIDATION.LOWERCASE | DP:NAMEVALIDATION.UPPERCASE | DP:NAMEVALIDATION.MINCHAR | DP:NAMEVALIDATION.MAXCHAR | DP:NAMEVALIDATION.NUMERICDIGIT | DP:NAMEVALIDATION.SPECIALCHARACTER | DP:NAMEVALIDATION.UPPERLOWER | DP:NAMEVALIDATION.UPPERLOWERNUMERIC | DP:NAMEVALIDATION.UPPERLOWERNUMERICSPECIAL | ! |" name="And I select DP:TEXTBOOK.BOOK from Textbook drop down" time="0"/>
  <testcase classname="| DP:SUPER.USERNAME | DP:SUPER.PASSWORD | DP:NAMEVALIDATION.WARNINGMESSAGE | Projects | DP:SECTIONS.SECTIONNAME2 | N | SAM Assignments | Express Creation | DP:TEXTBOOK.BOOK | Y | DP:NAMEVALIDATION.LOWERCASE | DP:NAMEVALIDATION.UPPERCASE | DP:NAMEVALIDATION.MINCHAR | DP:NAMEVALIDATION.MAXCHAR | DP:NAMEVALIDATION.NUMERICDIGIT | DP:NAMEVALIDATION.SPECIALCHARACTER | DP:NAMEVALIDATION.UPPERLOWER | DP:NAMEVALIDATION.UPPERLOWERNUMERIC | DP:NAMEVALIDATION.UPPERLOWERNUMERICSPECIAL | ! |" name="And I click on Training Assignment Chapter" time="0"/>
  <testcase classname="| DP:SUPER.USERNAME | DP:SUPER.PASSWORD | DP:NAMEVALIDATION.WARNINGMESSAGE | Projects | DP:SECTIONS.SECTIONNAME2 | N | SAM Assignments | Express Creation | DP:TEXTBOOK.BOOK | Y | DP:NAMEVALIDATION.LOWERCASE | DP:NAMEVALIDATION.UPPERCASE | DP:NAMEVALIDATION.MINCHAR | DP:NAMEVALIDATION.MAXCHAR | DP:NAMEVALIDATION.NUMERICDIGIT | DP:NAMEVALIDATION.SPECIALCHARACTER | DP:NAMEVALIDATION.UPPERLOWER | DP:NAMEVALIDATION.UPPERLOWERNUMERIC | DP:NAMEVALIDATION.UPPERLOWERNUMERICSPECIAL | ! |" name="And I enter DP:NAMEVALIDATION.LOWERCASE N in Training Assignment Name" time="0"/>
  <testcase classname="| DP:SUPER.USERNAME | DP:SUPER.PASSWORD | DP:NAMEVALIDATION.WARNINGMESSAGE | Projects | DP:SECTIONS.SECTIONNAME2 | N | SAM Assignments | Express Creation | DP:TEXTBOOK.BOOK | Y | DP:NAMEVALIDATION.LOWERCASE | DP:NAMEVALIDATION.UPPERCASE | DP:NAMEVALIDATION.MINCHAR | DP:NAMEVALIDATION.MAXCHAR | DP:NAMEVALIDATION.NUMERICDIGIT | DP:NAMEVALIDATION.SPECIALCHARACTER | DP:NAMEVALIDATION.UPPERLOWER | DP:NAMEVALIDATION.UPPERLOWERNUMERIC | DP:NAMEVALIDATION.UPPERLOWERNUMERICSPECIAL | ! |" name="And I click on Save Training button" time="0"/>
  <testcase classname="| DP:SUPER.USERNAME | DP:SUPER.PASSWORD | DP:NAMEVALIDATION.WARNINGMESSAGE | Projects | DP:SECTIONS.SECTIONNAME2 | N | SAM Assignments | Express Creation | DP:TEXTBOOK.BOOK | Y | DP:NAMEVALIDATION.LOWERCASE | DP:NAMEVALIDATION.UPPERCASE | DP:NAMEVALIDATION.MINCHAR | DP:NAMEVALIDATION.MAXCHAR | DP:NAMEVALIDATION.NUMERICDIGIT | DP:NAMEVALIDATION.SPECIALCHARACTER | DP:NAMEVALIDATION.UPPERLOWER | DP:NAMEVALIDATION.UPPERLOWERNUMERIC | DP:NAMEVALIDATION.UPPERLOWERNUMERICSPECIAL | ! |" name="And I accept the pop-up" time="0">
    <error message="no alert open
  (Session info: chrome=56.0.2924.87)
  (Driver info: chromedriver=2.25.426923 (0390b88869384d6eb0d5d09729679f934aab9eed),platform=Windows NT 6.3.9600 x86_64) (WARNING: The server did not provide any stacktrace information)
Command duration or timeout: 0 milliseconds
Build info: version: &apos;2.53.0&apos;, revision: &apos;35ae25b1534ae328c771e0856c93e187490ca824&apos;, time: &apos;2016-03-15 10:43:46&apos;
System info: host: &apos;CODOID&apos;, ip: &apos;10.161.243.104&apos;, os.name: &apos;Windows 8.1&apos;, os.arch: &apos;amd64&apos;, os.version: &apos;6.3&apos;, java.version: &apos;1.8.0_91&apos;
Driver info: org.openqa.selenium.chrome.ChromeDriver
Capabilities [{applicationCacheEnabled=false, rotatable=false, mobileEmulationEnabled=false, networkConnectionEnabled=false, chrome={chromedriverVersion=2.25.426923 (0390b88869384d6eb0d5d09729679f934aab9eed), userDataDir=C:\Users\CODOID~1\AppData\Local\Temp\scoped_dir2176_14542}, takesHeapSnapshot=true, pageLoadStrategy=normal, databaseEnabled=false, handlesAlerts=true, hasTouchScreen=false, version=56.0.2924.87, platform=WIN8_1, browserConnectionEnabled=false, nativeEvents=true, acceptSslCerts=true, locationContextEnabled=true, webStorageEnabled=true, browserName=chrome, takesScreenshot=true, javascriptEnabled=true, cssSelectorsEnabled=true}]
Session ID: 8c4845806ffe0d73821faceaa901a606" type="org.openqa.selenium.NoAlertPresentException">org.openqa.selenium.NoAlertPresentException: no alert open
  (Session info: chrome=56.0.2924.87)
  (Driver info: chromedriver=2.25.426923 (0390b88869384d6eb0d5d09729679f934aab9eed),platform=Windows NT 6.3.9600 x86_64) (WARNING: The server did not provide any stacktrace information)
Command duration or timeout: 0 milliseconds
Build info: version: &apos;2.53.0&apos;, revision: &apos;35ae25b1534ae328c771e0856c93e187490ca824&apos;, time: &apos;2016-03-15 10:43:46&apos;
System info: host: &apos;CODOID&apos;, ip: &apos;10.161.243.104&apos;, os.name: &apos;Windows 8.1&apos;, os.arch: &apos;amd64&apos;, os.version: &apos;6.3&apos;, java.version: &apos;1.8.0_91&apos;
Driver info: org.openqa.selenium.chrome.ChromeDriver
Capabilities [{applicationCacheEnabled=false, rotatable=false, mobileEmulationEnabled=false, networkConnectionEnabled=false, chrome={chromedriverVersion=2.25.426923 (0390b88869384d6eb0d5d09729679f934aab9eed), userDataDir=C:\Users\CODOID~1\AppData\Local\Temp\scoped_dir2176_14542}, takesHeapSnapshot=true, pageLoadStrategy=normal, databaseEnabled=false, handlesAlerts=true, hasTouchScreen=false, version=56.0.2924.87, platform=WIN8_1, browserConnectionEnabled=false, nativeEvents=true, acceptSslCerts=true, locationContextEnabled=true, webStorageEnabled=true, browserName=chrome, takesScreenshot=true, javascriptEnabled=true, cssSelectorsEnabled=true}]
Session ID: 8c4845806ffe0d73821faceaa901a606
	at sun.reflect.GeneratedConstructorAccessor20.newInstance(Unknown Source)
	at sun.reflect.DelegatingConstructorAccessorImpl.newInstance(DelegatingConstructorAccessorImpl.java:45)
	at java.lang.reflect.Constructor.newInstance(Constructor.java:423)
	at org.openqa.selenium.remote.ErrorHandler.createThrowable(ErrorHandler.java:206)
	at org.openqa.selenium.remote.ErrorHandler.throwIfResponseFailed(ErrorHandler.java:158)
	at org.openqa.selenium.remote.RemoteWebDriver.execute(RemoteWebDriver.java:678)
	at org.openqa.selenium.remote.RemoteWebDriver.execute(RemoteWebDriver.java:701)
	at org.openqa.selenium.remote.RemoteWebDriver$RemoteTargetLocator.alert(RemoteWebDriver.java:1049)
	at org.openqa.selenium.support.events.EventFiringWebDriver$EventFiringTargetLocator.alert(EventFiringWebDriver.java:615)
	at cengage.common.toolbox.Alert.acceptAlert(Alert.java:19)
	at cengage.samlms.action.SAMAssignmentsAction.acceptPopup(SAMAssignmentsAction.java:851)
	at cengage.samlms.stepdefinition.SAMAssignmentsSteps.I_accept_the_pop_up(SAMAssignmentsSteps.java:396)
	at ✽.And I accept the pop-up(test/resources/cengage/samlms/lms_stories/LMSStoriesModule4.feature:375)
</error>
    <system-out>21:34:32.959 [main] ERROR cengage.common.toolbox.Sync - org.openqa.selenium.TimeoutException: Timed out after 8 seconds waiting for alert to be present
Build info: version: &apos;2.53.0&apos;, revision: &apos;35ae25b1534ae328c771e0856c93e187490ca824&apos;, time: &apos;2016-03-15 10:43:46&apos;
System info: host: &apos;CODOID&apos;, ip: &apos;10.161.243.104&apos;, os.name: &apos;Windows 8.1&apos;, os.arch: &apos;amd64&apos;, os.version: &apos;6.3&apos;, java.version: &apos;1.8.0_91&apos;
Driver info: cengage.common.util.SharedDriver
</system-out>
  </testcase>
  <testcase classname="| DP:SUPER.USERNAME | DP:SUPER.PASSWORD | DP:NAMEVALIDATION.WARNINGMESSAGE | Projects | DP:SECTIONS.SECTIONNAME2 | N | SAM Assignments | Express Creation | DP:TEXTBOOK.BOOK | Y | DP:NAMEVALIDATION.LOWERCASE | DP:NAMEVALIDATION.UPPERCASE | DP:NAMEVALIDATION.MINCHAR | DP:NAMEVALIDATION.MAXCHAR | DP:NAMEVALIDATION.NUMERICDIGIT | DP:NAMEVALIDATION.SPECIALCHARACTER | DP:NAMEVALIDATION.UPPERLOWER | DP:NAMEVALIDATION.UPPERLOWERNUMERIC | DP:NAMEVALIDATION.UPPERLOWERNUMERICSPECIAL | ! |" name="| DP:SUPER.USERNAME | DP:SUPER.PASSWORD | DP:NAMEVALIDATION.WARNINGMESSAGE | Projects | DP:SECTIONS.SECTIONNAME2 | N | SAM Assignments | Express Creation | DP:TEXTBOOK.BOOK | Y | DP:NAMEVALIDATION.LOWERCASE | DP:NAMEVALIDATION.UPPERCASE | DP:NAMEVALIDATION.MINCHAR | DP:NAMEVALIDATION.MAXCHAR | DP:NAMEVALIDATION.NUMERICDIGIT | DP:NAMEVALIDATION.SPECIALCHARACTER | DP:NAMEVALIDATION.UPPERLOWER | DP:NAMEVALIDATION.UPPERLOWERNUMERIC | DP:NAMEVALIDATION.UPPERLOWERNUMERICSPECIAL | ! |" time="0">
    <error message="no alert open
  (Session info: chrome=56.0.2924.87)
  (Driver info: chromedriver=2.25.426923 (0390b88869384d6eb0d5d09729679f934aab9eed),platform=Windows NT 6.3.9600 x86_64) (WARNING: The server did not provide any stacktrace information)
Command duration or timeout: 0 milliseconds
Build info: version: &apos;2.53.0&apos;, revision: &apos;35ae25b1534ae328c771e0856c93e187490ca824&apos;, time: &apos;2016-03-15 10:43:46&apos;
System info: host: &apos;CODOID&apos;, ip: &apos;10.161.243.104&apos;, os.name: &apos;Windows 8.1&apos;, os.arch: &apos;amd64&apos;, os.version: &apos;6.3&apos;, java.version: &apos;1.8.0_91&apos;
Driver info: org.openqa.selenium.chrome.ChromeDriver
Capabilities [{applicationCacheEnabled=false, rotatable=false, mobileEmulationEnabled=false, networkConnectionEnabled=false, chrome={chromedriverVersion=2.25.426923 (0390b88869384d6eb0d5d09729679f934aab9eed), userDataDir=C:\Users\CODOID~1\AppData\Local\Temp\scoped_dir2176_14542}, takesHeapSnapshot=true, pageLoadStrategy=normal, databaseEnabled=false, handlesAlerts=true, hasTouchScreen=false, version=56.0.2924.87, platform=WIN8_1, browserConnectionEnabled=false, nativeEvents=true, acceptSslCerts=true, locationContextEnabled=true, webStorageEnabled=true, browserName=chrome, takesScreenshot=true, javascriptEnabled=true, cssSelectorsEnabled=true}]
Session ID: 8c4845806ffe0d73821faceaa901a606" type="org.openqa.selenium.NoAlertPresentException">org.openqa.selenium.NoAlertPresentException: no alert open
  (Session info: chrome=56.0.2924.87)
  (Driver info: chromedriver=2.25.426923 (0390b88869384d6eb0d5d09729679f934aab9eed),platform=Windows NT 6.3.9600 x86_64) (WARNING: The server did not provide any stacktrace information)
Command duration or timeout: 0 milliseconds
Build info: version: &apos;2.53.0&apos;, revision: &apos;35ae25b1534ae328c771e0856c93e187490ca824&apos;, time: &apos;2016-03-15 10:43:46&apos;
System info: host: &apos;CODOID&apos;, ip: &apos;10.161.243.104&apos;, os.name: &apos;Windows 8.1&apos;, os.arch: &apos;amd64&apos;, os.version: &apos;6.3&apos;, java.version: &apos;1.8.0_91&apos;
Driver info: org.openqa.selenium.chrome.ChromeDriver
Capabilities [{applicationCacheEnabled=false, rotatable=false, mobileEmulationEnabled=false, networkConnectionEnabled=false, chrome={chromedriverVersion=2.25.426923 (0390b88869384d6eb0d5d09729679f934aab9eed), userDataDir=C:\Users\CODOID~1\AppData\Local\Temp\scoped_dir2176_14542}, takesHeapSnapshot=true, pageLoadStrategy=normal, databaseEnabled=false, handlesAlerts=true, hasTouchScreen=false, version=56.0.2924.87, platform=WIN8_1, browserConnectionEnabled=false, nativeEvents=true, acceptSslCerts=true, locationContextEnabled=true, webStorageEnabled=true, browserName=chrome, takesScreenshot=true, javascriptEnabled=true, cssSelectorsEnabled=true}]
Session ID: 8c4845806ffe0d73821faceaa901a606
	at sun.reflect.GeneratedConstructorAccessor20.newInstance(Unknown Source)
	at sun.reflect.DelegatingConstructorAccessorImpl.newInstance(DelegatingConstructorAccessorImpl.java:45)
	at java.lang.reflect.Constructor.newInstance(Constructor.java:423)
	at org.openqa.selenium.remote.ErrorHandler.createThrowable(ErrorHandler.java:206)
	at org.openqa.selenium.remote.ErrorHandler.throwIfResponseFailed(ErrorHandler.java:158)
	at org.openqa.selenium.remote.RemoteWebDriver.execute(RemoteWebDriver.java:678)
	at org.openqa.selenium.remote.RemoteWebDriver.execute(RemoteWebDriver.java:701)
	at org.openqa.selenium.remote.RemoteWebDriver$RemoteTargetLocator.alert(RemoteWebDriver.java:1049)
	at org.openqa.selenium.support.events.EventFiringWebDriver$EventFiringTargetLocator.alert(EventFiringWebDriver.java:615)
	at cengage.common.toolbox.Alert.acceptAlert(Alert.java:19)
	at cengage.samlms.action.SAMAssignmentsAction.acceptPopup(SAMAssignmentsAction.java:851)
	at cengage.samlms.stepdefinition.SAMAssignmentsSteps.I_accept_the_pop_up(SAMAssignmentsSteps.java:396)
	at ✽.And I accept the pop-up(test/resources/cengage/samlms/lms_stories/LMSStoriesModule4.feature:375)
</error>
  </testcase>
  <testcase classname="| DP:SUPER.USERNAME | DP:SUPER.PASSWORD | DP:NAMEVALIDATION.WARNINGMESSAGE | Projects | DP:SECTIONS.SECTIONNAME2 | N | SAM Assignments | Express Creation | DP:TEXTBOOK.BOOK | Y | DP:NAMEVALIDATION.LOWERCASE | DP:NAMEVALIDATION.UPPERCASE | DP:NAMEVALIDATION.MINCHAR | DP:NAMEVALIDATION.MAXCHAR | DP:NAMEVALIDATION.NUMERICDIGIT | DP:NAMEVALIDATION.SPECIALCHARACTER | DP:NAMEVALIDATION.UPPERLOWER | DP:NAMEVALIDATION.UPPERLOWERNUMERIC | DP:NAMEVALIDATION.UPPERLOWERNUMERICSPECIAL | ! |" name="And I click on Projects tab" time="0">
    <skipped/>
  </testcase>
  <testcase classname="| DP:SUPER.USERNAME | DP:SUPER.PASSWORD | DP:NAMEVALIDATION.WARNINGMESSAGE | Projects | DP:SECTIONS.SECTIONNAME2 | N | SAM Assignments | Express Creation | DP:TEXTBOOK.BOOK | Y | DP:NAMEVALIDATION.LOWERCASE | DP:NAMEVALIDATION.UPPERCASE | DP:NAMEVALIDATION.MINCHAR | DP:NAMEVALIDATION.MAXCHAR | DP:NAMEVALIDATION.NUMERICDIGIT | DP:NAMEVALIDATION.SPECIALCHARACTER | DP:NAMEVALIDATION.UPPERLOWER | DP:NAMEVALIDATION.UPPERLOWERNUMERIC | DP:NAMEVALIDATION.UPPERLOWERNUMERICSPECIAL | ! |" name="And I click on Express Creation tab" time="0">
    <skipped/>
  </testcase>
  <testcase classname="| DP:SUPER.USERNAME | DP:SUPER.PASSWORD | DP:NAMEVALIDATION.WARNINGMESSAGE | Projects | DP:SECTIONS.SECTIONNAME2 | N | SAM Assignments | Express Creation | DP:TEXTBOOK.BOOK | Y | DP:NAMEVALIDATION.LOWERCASE | DP:NAMEVALIDATION.UPPERCASE | DP:NAMEVALIDATION.MINCHAR | DP:NAMEVALIDATION.MAXCHAR | DP:NAMEVALIDATION.NUMERICDIGIT | DP:NAMEVALIDATION.SPECIALCHARACTER | DP:NAMEVALIDATION.UPPERLOWER | DP:NAMEVALIDATION.UPPERLOWERNUMERIC | DP:NAMEVALIDATION.UPPERLOWERNUMERICSPECIAL | ! |" name="And I select DP:SECTIONS.SECTIONNAME2 Y from section drop down in Express Creation page" time="0">
    <skipped/>
  </testcase>
  <testcase classname="| DP:SUPER.USERNAME | DP:SUPER.PASSWORD | DP:NAMEVALIDATION.WARNINGMESSAGE | Projects | DP:SECTIONS.SECTIONNAME2 | N | SAM Assignments | Express Creation | DP:TEXTBOOK.BOOK | Y | DP:NAMEVALIDATION.LOWERCASE | DP:NAMEVALIDATION.UPPERCASE | DP:NAMEVALIDATION.MINCHAR | DP:NAMEVALIDATION.MAXCHAR | DP:NAMEVALIDATION.NUMERICDIGIT | DP:NAMEVALIDATION.SPECIALCHARACTER | DP:NAMEVALIDATION.UPPERLOWER | DP:NAMEVALIDATION.UPPERLOWERNUMERIC | DP:NAMEVALIDATION.UPPERLOWERNUMERICSPECIAL | ! |" name="And I select DP:TEXTBOOK.BOOK from Textbook drop down" time="0.015">
    <skipped/>
  </testcase>
  <testcase classname="| DP:SUPER.USERNAME | DP:SUPER.PASSWORD | DP:NAMEVALIDATION.WARNINGMESSAGE | Projects | DP:SECTIONS.SECTIONNAME2 | N | SAM Assignments | Express Creation | DP:TEXTBOOK.BOOK | Y | DP:NAMEVALIDATION.LOWERCASE | DP:NAMEVALIDATION.UPPERCASE | DP:NAMEVALIDATION.MINCHAR | DP:NAMEVALIDATION.MAXCHAR | DP:NAMEVALIDATION.NUMERICDIGIT | DP:NAMEVALIDATION.SPECIALCHARACTER | DP:NAMEVALIDATION.UPPERLOWER | DP:NAMEVALIDATION.UPPERLOWERNUMERIC | DP:NAMEVALIDATION.UPPERLOWERNUMERICSPECIAL | ! |" name="And I click on Training Assignment Chapter" time="0.015">
    <skipped/>
  </testcase>
  <testcase classname="| DP:SUPER.USERNAME | DP:SUPER.PASSWORD | DP:NAMEVALIDATION.WARNINGMESSAGE | Projects | DP:SECTIONS.SECTIONNAME2 | N | SAM Assignments | Express Creation | DP:TEXTBOOK.BOOK | Y | DP:NAMEVALIDATION.LOWERCASE | DP:NAMEVALIDATION.UPPERCASE | DP:NAMEVALIDATION.MINCHAR | DP:NAMEVALIDATION.MAXCHAR | DP:NAMEVALIDATION.NUMERICDIGIT | DP:NAMEVALIDATION.SPECIALCHARACTER | DP:NAMEVALIDATION.UPPERLOWER | DP:NAMEVALIDATION.UPPERLOWERNUMERIC | DP:NAMEVALIDATION.UPPERLOWERNUMERICSPECIAL | ! |" name="And I enter DP:NAMEVALIDATION.UPPERCASE N in Training Assignment Name" time="0.015">
    <skipped/>
  </testcase>
  <testcase classname="| DP:SUPER.USERNAME | DP:SUPER.PASSWORD | DP:NAMEVALIDATION.WARNINGMESSAGE | Projects | DP:SECTIONS.SECTIONNAME2 | N | SAM Assignments | Express Creation | DP:TEXTBOOK.BOOK | Y | DP:NAMEVALIDATION.LOWERCASE | DP:NAMEVALIDATION.UPPERCASE | DP:NAMEVALIDATION.MINCHAR | DP:NAMEVALIDATION.MAXCHAR | DP:NAMEVALIDATION.NUMERICDIGIT | DP:NAMEVALIDATION.SPECIALCHARACTER | DP:NAMEVALIDATION.UPPERLOWER | DP:NAMEVALIDATION.UPPERLOWERNUMERIC | DP:NAMEVALIDATION.UPPERLOWERNUMERICSPECIAL | ! |" name="And I click on Save Training button" time="0.015">
    <skipped/>
  </testcase>
  <testcase classname="| DP:SUPER.USERNAME | DP:SUPER.PASSWORD | DP:NAMEVALIDATION.WARNINGMESSAGE | Projects | DP:SECTIONS.SECTIONNAME2 | N | SAM Assignments | Express Creation | DP:TEXTBOOK.BOOK | Y | DP:NAMEVALIDATION.LOWERCASE | DP:NAMEVALIDATION.UPPERCASE | DP:NAMEVALIDATION.MINCHAR | DP:NAMEVALIDATION.MAXCHAR | DP:NAMEVALIDATION.NUMERICDIGIT | DP:NAMEVALIDATION.SPECIALCHARACTER | DP:NAMEVALIDATION.UPPERLOWER | DP:NAMEVALIDATION.UPPERLOWERNUMERIC | DP:NAMEVALIDATION.UPPERLOWERNUMERICSPECIAL | ! |" name="And I accept the pop-up" time="0.015">
    <skipped/>
  </testcase>
  <testcase classname="| DP:SUPER.USERNAME | DP:SUPER.PASSWORD | DP:NAMEVALIDATION.WARNINGMESSAGE | Projects | DP:SECTIONS.SECTIONNAME2 | N | SAM Assignments | Express Creation | DP:TEXTBOOK.BOOK | Y | DP:NAMEVALIDATION.LOWERCASE | DP:NAMEVALIDATION.UPPERCASE | DP:NAMEVALIDATION.MINCHAR | DP:NAMEVALIDATION.MAXCHAR | DP:NAMEVALIDATION.NUMERICDIGIT | DP:NAMEVALIDATION.SPECIALCHARACTER | DP:NAMEVALIDATION.UPPERLOWER | DP:NAMEVALIDATION.UPPERLOWERNUMERIC | DP:NAMEVALIDATION.UPPERLOWERNUMERICSPECIAL | ! |" name="And I click on Projects tab" time="0.015">
    <skipped/>
  </testcase>
  <testcase classname="| DP:SUPER.USERNAME | DP:SUPER.PASSWORD | DP:NAMEVALIDATION.WARNINGMESSAGE | Projects | DP:SECTIONS.SECTIONNAME2 | N | SAM Assignments | Express Creation | DP:TEXTBOOK.BOOK | Y | DP:NAMEVALIDATION.LOWERCASE | DP:NAMEVALIDATION.UPPERCASE | DP:NAMEVALIDATION.MINCHAR | DP:NAMEVALIDATION.MAXCHAR | DP:NAMEVALIDATION.NUMERICDIGIT | DP:NAMEVALIDATION.SPECIALCHARACTER | DP:NAMEVALIDATION.UPPERLOWER | DP:NAMEVALIDATION.UPPERLOWERNUMERIC | DP:NAMEVALIDATION.UPPERLOWERNUMERICSPECIAL | ! |" name="And I click on Express Creation tab" time="0.015">
    <skipped/>
  </testcase>
  <testcase classname="| DP:SUPER.USERNAME | DP:SUPER.PASSWORD | DP:NAMEVALIDATION.WARNINGMESSAGE | Projects | DP:SECTIONS.SECTIONNAME2 | N | SAM Assignments | Express Creation | DP:TEXTBOOK.BOOK | Y | DP:NAMEVALIDATION.LOWERCASE | DP:NAMEVALIDATION.UPPERCASE | DP:NAMEVALIDATION.MINCHAR | DP:NAMEVALIDATION.MAXCHAR | DP:NAMEVALIDATION.NUMERICDIGIT | DP:NAMEVALIDATION.SPECIALCHARACTER | DP:NAMEVALIDATION.UPPERLOWER | DP:NAMEVALIDATION.UPPERLOWERNUMERIC | DP:NAMEVALIDATION.UPPERLOWERNUMERICSPECIAL | ! |" name="And I select DP:SECTIONS.SECTIONNAME2 Y from section drop down in Express Creation page" time="0.015">
    <skipped/>
  </testcase>
  <testcase classname="| DP:SUPER.USERNAME | DP:SUPER.PASSWORD | DP:NAMEVALIDATION.WARNINGMESSAGE | Projects | DP:SECTIONS.SECTIONNAME2 | N | SAM Assignments | Express Creation | DP:TEXTBOOK.BOOK | Y | DP:NAMEVALIDATION.LOWERCASE | DP:NAMEVALIDATION.UPPERCASE | DP:NAMEVALIDATION.MINCHAR | DP:NAMEVALIDATION.MAXCHAR | DP:NAMEVALIDATION.NUMERICDIGIT | DP:NAMEVALIDATION.SPECIALCHARACTER | DP:NAMEVALIDATION.UPPERLOWER | DP:NAMEVALIDATION.UPPERLOWERNUMERIC | DP:NAMEVALIDATION.UPPERLOWERNUMERICSPECIAL | ! |" name="And I select DP:TEXTBOOK.BOOK from Textbook drop down" time="0.015">
    <skipped/>
  </testcase>
  <testcase classname="| DP:SUPER.USERNAME | DP:SUPER.PASSWORD | DP:NAMEVALIDATION.WARNINGMESSAGE | Projects | DP:SECTIONS.SECTIONNAME2 | N | SAM Assignments | Express Creation | DP:TEXTBOOK.BOOK | Y | DP:NAMEVALIDATION.LOWERCASE | DP:NAMEVALIDATION.UPPERCASE | DP:NAMEVALIDATION.MINCHAR | DP:NAMEVALIDATION.MAXCHAR | DP:NAMEVALIDATION.NUMERICDIGIT | DP:NAMEVALIDATION.SPECIALCHARACTER | DP:NAMEVALIDATION.UPPERLOWER | DP:NAMEVALIDATION.UPPERLOWERNUMERIC | DP:NAMEVALIDATION.UPPERLOWERNUMERICSPECIAL | ! |" name="And I click on Training Assignment Chapter" time="0.015">
    <skipped/>
  </testcase>
  <testcase classname="| DP:SUPER.USERNAME | DP:SUPER.PASSWORD | DP:NAMEVALIDATION.WARNINGMESSAGE | Projects | DP:SECTIONS.SECTIONNAME2 | N | SAM Assignments | Express Creation | DP:TEXTBOOK.BOOK | Y | DP:NAMEVALIDATION.LOWERCASE | DP:NAMEVALIDATION.UPPERCASE | DP:NAMEVALIDATION.MINCHAR | DP:NAMEVALIDATION.MAXCHAR | DP:NAMEVALIDATION.NUMERICDIGIT | DP:NAMEVALIDATION.SPECIALCHARACTER | DP:NAMEVALIDATION.UPPERLOWER | DP:NAMEVALIDATION.UPPERLOWERNUMERIC | DP:NAMEVALIDATION.UPPERLOWERNUMERICSPECIAL | ! |" name="And I enter DP:NAMEVALIDATION.NUMERICDIGIT N in Training Assignment Name" time="0.031">
    <skipped/>
  </testcase>
  <testcase classname="| DP:SUPER.USERNAME | DP:SUPER.PASSWORD | DP:NAMEVALIDATION.WARNINGMESSAGE | Projects | DP:SECTIONS.SECTIONNAME2 | N | SAM Assignments | Express Creation | DP:TEXTBOOK.BOOK | Y | DP:NAMEVALIDATION.LOWERCASE | DP:NAMEVALIDATION.UPPERCASE | DP:NAMEVALIDATION.MINCHAR | DP:NAMEVALIDATION.MAXCHAR | DP:NAMEVALIDATION.NUMERICDIGIT | DP:NAMEVALIDATION.SPECIALCHARACTER | DP:NAMEVALIDATION.UPPERLOWER | DP:NAMEVALIDATION.UPPERLOWERNUMERIC | DP:NAMEVALIDATION.UPPERLOWERNUMERICSPECIAL | ! |" name="And I click on Save Training button" time="0.031">
    <skipped/>
  </testcase>
  <testcase classname="| DP:SUPER.USERNAME | DP:SUPER.PASSWORD | DP:NAMEVALIDATION.WARNINGMESSAGE | Projects | DP:SECTIONS.SECTIONNAME2 | N | SAM Assignments | Express Creation | DP:TEXTBOOK.BOOK | Y | DP:NAMEVALIDATION.LOWERCASE | DP:NAMEVALIDATION.UPPERCASE | DP:NAMEVALIDATION.MINCHAR | DP:NAMEVALIDATION.MAXCHAR | DP:NAMEVALIDATION.NUMERICDIGIT | DP:NAMEVALIDATION.SPECIALCHARACTER | DP:NAMEVALIDATION.UPPERLOWER | DP:NAMEVALIDATION.UPPERLOWERNUMERIC | DP:NAMEVALIDATION.UPPERLOWERNUMERICSPECIAL | ! |" name="And I accept the pop-up" time="0.031">
    <skipped/>
  </testcase>
  <testcase classname="| DP:SUPER.USERNAME | DP:SUPER.PASSWORD | DP:NAMEVALIDATION.WARNINGMESSAGE | Projects | DP:SECTIONS.SECTIONNAME2 | N | SAM Assignments | Express Creation | DP:TEXTBOOK.BOOK | Y | DP:NAMEVALIDATION.LOWERCASE | DP:NAMEVALIDATION.UPPERCASE | DP:NAMEVALIDATION.MINCHAR | DP:NAMEVALIDATION.MAXCHAR | DP:NAMEVALIDATION.NUMERICDIGIT | DP:NAMEVALIDATION.SPECIALCHARACTER | DP:NAMEVALIDATION.UPPERLOWER | DP:NAMEVALIDATION.UPPERLOWERNUMERIC | DP:NAMEVALIDATION.UPPERLOWERNUMERICSPECIAL | ! |" name="And I click on Projects tab" time="0.031">
    <skipped/>
  </testcase>
  <testcase classname="| DP:SUPER.USERNAME | DP:SUPER.PASSWORD | DP:NAMEVALIDATION.WARNINGMESSAGE | Projects | DP:SECTIONS.SECTIONNAME2 | N | SAM Assignments | Express Creation | DP:TEXTBOOK.BOOK | Y | DP:NAMEVALIDATION.LOWERCASE | DP:NAMEVALIDATION.UPPERCASE | DP:NAMEVALIDATION.MINCHAR | DP:NAMEVALIDATION.MAXCHAR | DP:NAMEVALIDATION.NUMERICDIGIT | DP:NAMEVALIDATION.SPECIALCHARACTER | DP:NAMEVALIDATION.UPPERLOWER | DP:NAMEVALIDATION.UPPERLOWERNUMERIC | DP:NAMEVALIDATION.UPPERLOWERNUMERICSPECIAL | ! |" name="And I click on Express Creation tab" time="0.031">
    <skipped/>
  </testcase>
  <testcase classname="| DP:SUPER.USERNAME | DP:SUPER.PASSWORD | DP:NAMEVALIDATION.WARNINGMESSAGE | Projects | DP:SECTIONS.SECTIONNAME2 | N | SAM Assignments | Express Creation | DP:TEXTBOOK.BOOK | Y | DP:NAMEVALIDATION.LOWERCASE | DP:NAMEVALIDATION.UPPERCASE | DP:NAMEVALIDATION.MINCHAR | DP:NAMEVALIDATION.MAXCHAR | DP:NAMEVALIDATION.NUMERICDIGIT | DP:NAMEVALIDATION.SPECIALCHARACTER | DP:NAMEVALIDATION.UPPERLOWER | DP:NAMEVALIDATION.UPPERLOWERNUMERIC | DP:NAMEVALIDATION.UPPERLOWERNUMERICSPECIAL | ! |" name="And I select DP:SECTIONS.SECTIONNAME2 Y from section drop down in Express Creation page" time="0.031">
    <skipped/>
  </testcase>
  <testcase classname="| DP:SUPER.USERNAME | DP:SUPER.PASSWORD | DP:NAMEVALIDATION.WARNINGMESSAGE | Projects | DP:SECTIONS.SECTIONNAME2 | N | SAM Assignments | Express Creation | DP:TEXTBOOK.BOOK | Y | DP:NAMEVALIDATION.LOWERCASE | DP:NAMEVALIDATION.UPPERCASE | DP:NAMEVALIDATION.MINCHAR | DP:NAMEVALIDATION.MAXCHAR | DP:NAMEVALIDATION.NUMERICDIGIT | DP:NAMEVALIDATION.SPECIALCHARACTER | DP:NAMEVALIDATION.UPPERLOWER | DP:NAMEVALIDATION.UPPERLOWERNUMERIC | DP:NAMEVALIDATION.UPPERLOWERNUMERICSPECIAL | ! |" name="And I select DP:TEXTBOOK.BOOK from Textbook drop down" time="0.031">
    <skipped/>
  </testcase>
  <testcase classname="| DP:SUPER.USERNAME | DP:SUPER.PASSWORD | DP:NAMEVALIDATION.WARNINGMESSAGE | Projects | DP:SECTIONS.SECTIONNAME2 | N | SAM Assignments | Express Creation | DP:TEXTBOOK.BOOK | Y | DP:NAMEVALIDATION.LOWERCASE | DP:NAMEVALIDATION.UPPERCASE | DP:NAMEVALIDATION.MINCHAR | DP:NAMEVALIDATION.MAXCHAR | DP:NAMEVALIDATION.NUMERICDIGIT | DP:NAMEVALIDATION.SPECIALCHARACTER | DP:NAMEVALIDATION.UPPERLOWER | DP:NAMEVALIDATION.UPPERLOWERNUMERIC | DP:NAMEVALIDATION.UPPERLOWERNUMERICSPECIAL | ! |" name="And I click on Training Assignment Chapter" time="0.047">
    <skipped/>
  </testcase>
  <testcase classname="| DP:SUPER.USERNAME | DP:SUPER.PASSWORD | DP:NAMEVALIDATION.WARNINGMESSAGE | Projects | DP:SECTIONS.SECTIONNAME2 | N | SAM Assignments | Express Creation | DP:TEXTBOOK.BOOK | Y | DP:NAMEVALIDATION.LOWERCASE | DP:NAMEVALIDATION.UPPERCASE | DP:NAMEVALIDATION.MINCHAR | DP:NAMEVALIDATION.MAXCHAR | DP:NAMEVALIDATION.NUMERICDIGIT | DP:NAMEVALIDATION.SPECIALCHARACTER | DP:NAMEVALIDATION.UPPERLOWER | DP:NAMEVALIDATION.UPPERLOWERNUMERIC | DP:NAMEVALIDATION.UPPERLOWERNUMERICSPECIAL | ! |" name="And I enter DP:NAMEVALIDATION.SPECIALCHARACTER N in Training Assignment Name" time="0.047">
    <skipped/>
  </testcase>
  <testcase classname="| DP:SUPER.USERNAME | DP:SUPER.PASSWORD | DP:NAMEVALIDATION.WARNINGMESSAGE | Projects | DP:SECTIONS.SECTIONNAME2 | N | SAM Assignments | Express Creation | DP:TEXTBOOK.BOOK | Y | DP:NAMEVALIDATION.LOWERCASE | DP:NAMEVALIDATION.UPPERCASE | DP:NAMEVALIDATION.MINCHAR | DP:NAMEVALIDATION.MAXCHAR | DP:NAMEVALIDATION.NUMERICDIGIT | DP:NAMEVALIDATION.SPECIALCHARACTER | DP:NAMEVALIDATION.UPPERLOWER | DP:NAMEVALIDATION.UPPERLOWERNUMERIC | DP:NAMEVALIDATION.UPPERLOWERNUMERICSPECIAL | ! |" name="And I click on Save Training button" time="0.047">
    <skipped/>
  </testcase>
  <testcase classname="| DP:SUPER.USERNAME | DP:SUPER.PASSWORD | DP:NAMEVALIDATION.WARNINGMESSAGE | Projects | DP:SECTIONS.SECTIONNAME2 | N | SAM Assignments | Express Creation | DP:TEXTBOOK.BOOK | Y | DP:NAMEVALIDATION.LOWERCASE | DP:NAMEVALIDATION.UPPERCASE | DP:NAMEVALIDATION.MINCHAR | DP:NAMEVALIDATION.MAXCHAR | DP:NAMEVALIDATION.NUMERICDIGIT | DP:NAMEVALIDATION.SPECIALCHARACTER | DP:NAMEVALIDATION.UPPERLOWER | DP:NAMEVALIDATION.UPPERLOWERNUMERIC | DP:NAMEVALIDATION.UPPERLOWERNUMERICSPECIAL | ! |" name="And I accept the pop-up" time="0.047">
    <skipped/>
  </testcase>
  <testcase classname="| DP:SUPER.USERNAME | DP:SUPER.PASSWORD | DP:NAMEVALIDATION.WARNINGMESSAGE | Projects | DP:SECTIONS.SECTIONNAME2 | N | SAM Assignments | Express Creation | DP:TEXTBOOK.BOOK | Y | DP:NAMEVALIDATION.LOWERCASE | DP:NAMEVALIDATION.UPPERCASE | DP:NAMEVALIDATION.MINCHAR | DP:NAMEVALIDATION.MAXCHAR | DP:NAMEVALIDATION.NUMERICDIGIT | DP:NAMEVALIDATION.SPECIALCHARACTER | DP:NAMEVALIDATION.UPPERLOWER | DP:NAMEVALIDATION.UPPERLOWERNUMERIC | DP:NAMEVALIDATION.UPPERLOWERNUMERICSPECIAL | ! |" name="And I click on Projects tab" time="0.047">
    <skipped/>
  </testcase>
  <testcase classname="| DP:SUPER.USERNAME | DP:SUPER.PASSWORD | DP:NAMEVALIDATION.WARNINGMESSAGE | Projects | DP:SECTIONS.SECTIONNAME2 | N | SAM Assignments | Express Creation | DP:TEXTBOOK.BOOK | Y | DP:NAMEVALIDATION.LOWERCASE | DP:NAMEVALIDATION.UPPERCASE | DP:NAMEVALIDATION.MINCHAR | DP:NAMEVALIDATION.MAXCHAR | DP:NAMEVALIDATION.NUMERICDIGIT | DP:NAMEVALIDATION.SPECIALCHARACTER | DP:NAMEVALIDATION.UPPERLOWER | DP:NAMEVALIDATION.UPPERLOWERNUMERIC | DP:NAMEVALIDATION.UPPERLOWERNUMERICSPECIAL | ! |" name="And I click on Express Creation tab" time="0.047">
    <skipped/>
  </testcase>
  <testcase classname="| DP:SUPER.USERNAME | DP:SUPER.PASSWORD | DP:NAMEVALIDATION.WARNINGMESSAGE | Projects | DP:SECTIONS.SECTIONNAME2 | N | SAM Assignments | Express Creation | DP:TEXTBOOK.BOOK | Y | DP:NAMEVALIDATION.LOWERCASE | DP:NAMEVALIDATION.UPPERCASE | DP:NAMEVALIDATION.MINCHAR | DP:NAMEVALIDATION.MAXCHAR | DP:NAMEVALIDATION.NUMERICDIGIT | DP:NAMEVALIDATION.SPECIALCHARACTER | DP:NAMEVALIDATION.UPPERLOWER | DP:NAMEVALIDATION.UPPERLOWERNUMERIC | DP:NAMEVALIDATION.UPPERLOWERNUMERICSPECIAL | ! |" name="And I select DP:SECTIONS.SECTIONNAME2 Y from section drop down in Express Creation page" time="0.047">
    <skipped/>
  </testcase>
  <testcase classname="| DP:SUPER.USERNAME | DP:SUPER.PASSWORD | DP:NAMEVALIDATION.WARNINGMESSAGE | Projects | DP:SECTIONS.SECTIONNAME2 | N | SAM Assignments | Express Creation | DP:TEXTBOOK.BOOK | Y | DP:NAMEVALIDATION.LOWERCASE | DP:NAMEVALIDATION.UPPERCASE | DP:NAMEVALIDATION.MINCHAR | DP:NAMEVALIDATION.MAXCHAR | DP:NAMEVALIDATION.NUMERICDIGIT | DP:NAMEVALIDATION.SPECIALCHARACTER | DP:NAMEVALIDATION.UPPERLOWER | DP:NAMEVALIDATION.UPPERLOWERNUMERIC | DP:NAMEVALIDATION.UPPERLOWERNUMERICSPECIAL | ! |" name="And I select DP:TEXTBOOK.BOOK from Textbook drop down" time="0.047">
    <skipped/>
  </testcase>
  <testcase classname="| DP:SUPER.USERNAME | DP:SUPER.PASSWORD | DP:NAMEVALIDATION.WARNINGMESSAGE | Projects | DP:SECTIONS.SECTIONNAME2 | N | SAM Assignments | Express Creation | DP:TEXTBOOK.BOOK | Y | DP:NAMEVALIDATION.LOWERCASE | DP:NAMEVALIDATION.UPPERCASE | DP:NAMEVALIDATION.MINCHAR | DP:NAMEVALIDATION.MAXCHAR | DP:NAMEVALIDATION.NUMERICDIGIT | DP:NAMEVALIDATION.SPECIALCHARACTER | DP:NAMEVALIDATION.UPPERLOWER | DP:NAMEVALIDATION.UPPERLOWERNUMERIC | DP:NAMEVALIDATION.UPPERLOWERNUMERICSPECIAL | ! |" name="And I click on Training Assignment Chapter" time="0.047">
    <skipped/>
  </testcase>
  <testcase classname="| DP:SUPER.USERNAME | DP:SUPER.PASSWORD | DP:NAMEVALIDATION.WARNINGMESSAGE | Projects | DP:SECTIONS.SECTIONNAME2 | N | SAM Assignments | Express Creation | DP:TEXTBOOK.BOOK | Y | DP:NAMEVALIDATION.LOWERCASE | DP:NAMEVALIDATION.UPPERCASE | DP:NAMEVALIDATION.MINCHAR | DP:NAMEVALIDATION.MAXCHAR | DP:NAMEVALIDATION.NUMERICDIGIT | DP:NAMEVALIDATION.SPECIALCHARACTER | DP:NAMEVALIDATION.UPPERLOWER | DP:NAMEVALIDATION.UPPERLOWERNUMERIC | DP:NAMEVALIDATION.UPPERLOWERNUMERICSPECIAL | ! |" name="And I enter DP:NAMEVALIDATION.UPPERLOWER N in Training Assignment Name" time="0.047">
    <skipped/>
  </testcase>
  <testcase classname="| DP:SUPER.USERNAME | DP:SUPER.PASSWORD | DP:NAMEVALIDATION.WARNINGMESSAGE | Projects | DP:SECTIONS.SECTIONNAME2 | N | SAM Assignments | Express Creation | DP:TEXTBOOK.BOOK | Y | DP:NAMEVALIDATION.LOWERCASE | DP:NAMEVALIDATION.UPPERCASE | DP:NAMEVALIDATION.MINCHAR | DP:NAMEVALIDATION.MAXCHAR | DP:NAMEVALIDATION.NUMERICDIGIT | DP:NAMEVALIDATION.SPECIALCHARACTER | DP:NAMEVALIDATION.UPPERLOWER | DP:NAMEVALIDATION.UPPERLOWERNUMERIC | DP:NAMEVALIDATION.UPPERLOWERNUMERICSPECIAL | ! |" name="And I click on Save Training button" time="0.047">
    <skipped/>
  </testcase>
  <testcase classname="| DP:SUPER.USERNAME | DP:SUPER.PASSWORD | DP:NAMEVALIDATION.WARNINGMESSAGE | Projects | DP:SECTIONS.SECTIONNAME2 | N | SAM Assignments | Express Creation | DP:TEXTBOOK.BOOK | Y | DP:NAMEVALIDATION.LOWERCASE | DP:NAMEVALIDATION.UPPERCASE | DP:NAMEVALIDATION.MINCHAR | DP:NAMEVALIDATION.MAXCHAR | DP:NAMEVALIDATION.NUMERICDIGIT | DP:NAMEVALIDATION.SPECIALCHARACTER | DP:NAMEVALIDATION.UPPERLOWER | DP:NAMEVALIDATION.UPPERLOWERNUMERIC | DP:NAMEVALIDATION.UPPERLOWERNUMERICSPECIAL | ! |" name="And I accept the pop-up" time="0.047">
    <skipped/>
  </testcase>
  <testcase classname="| DP:SUPER.USERNAME | DP:SUPER.PASSWORD | DP:NAMEVALIDATION.WARNINGMESSAGE | Projects | DP:SECTIONS.SECTIONNAME2 | N | SAM Assignments | Express Creation | DP:TEXTBOOK.BOOK | Y | DP:NAMEVALIDATION.LOWERCASE | DP:NAMEVALIDATION.UPPERCASE | DP:NAMEVALIDATION.MINCHAR | DP:NAMEVALIDATION.MAXCHAR | DP:NAMEVALIDATION.NUMERICDIGIT | DP:NAMEVALIDATION.SPECIALCHARACTER | DP:NAMEVALIDATION.UPPERLOWER | DP:NAMEVALIDATION.UPPERLOWERNUMERIC | DP:NAMEVALIDATION.UPPERLOWERNUMERICSPECIAL | ! |" name="And I click on Projects tab" time="0.047">
    <skipped/>
  </testcase>
  <testcase classname="| DP:SUPER.USERNAME | DP:SUPER.PASSWORD | DP:NAMEVALIDATION.WARNINGMESSAGE | Projects | DP:SECTIONS.SECTIONNAME2 | N | SAM Assignments | Express Creation | DP:TEXTBOOK.BOOK | Y | DP:NAMEVALIDATION.LOWERCASE | DP:NAMEVALIDATION.UPPERCASE | DP:NAMEVALIDATION.MINCHAR | DP:NAMEVALIDATION.MAXCHAR | DP:NAMEVALIDATION.NUMERICDIGIT | DP:NAMEVALIDATION.SPECIALCHARACTER | DP:NAMEVALIDATION.UPPERLOWER | DP:NAMEVALIDATION.UPPERLOWERNUMERIC | DP:NAMEVALIDATION.UPPERLOWERNUMERICSPECIAL | ! |" name="And I click on Express Creation tab" time="0.047">
    <skipped/>
  </testcase>
  <testcase classname="| DP:SUPER.USERNAME | DP:SUPER.PASSWORD | DP:NAMEVALIDATION.WARNINGMESSAGE | Projects | DP:SECTIONS.SECTIONNAME2 | N | SAM Assignments | Express Creation | DP:TEXTBOOK.BOOK | Y | DP:NAMEVALIDATION.LOWERCASE | DP:NAMEVALIDATION.UPPERCASE | DP:NAMEVALIDATION.MINCHAR | DP:NAMEVALIDATION.MAXCHAR | DP:NAMEVALIDATION.NUMERICDIGIT | DP:NAMEVALIDATION.SPECIALCHARACTER | DP:NAMEVALIDATION.UPPERLOWER | DP:NAMEVALIDATION.UPPERLOWERNUMERIC | DP:NAMEVALIDATION.UPPERLOWERNUMERICSPECIAL | ! |" name="And I select DP:SECTIONS.SECTIONNAME2 Y from section drop down in Express Creation page" time="0.062">
    <skipped/>
  </testcase>
  <testcase classname="| DP:SUPER.USERNAME | DP:SUPER.PASSWORD | DP:NAMEVALIDATION.WARNINGMESSAGE | Projects | DP:SECTIONS.SECTIONNAME2 | N | SAM Assignments | Express Creation | DP:TEXTBOOK.BOOK | Y | DP:NAMEVALIDATION.LOWERCASE | DP:NAMEVALIDATION.UPPERCASE | DP:NAMEVALIDATION.MINCHAR | DP:NAMEVALIDATION.MAXCHAR | DP:NAMEVALIDATION.NUMERICDIGIT | DP:NAMEVALIDATION.SPECIALCHARACTER | DP:NAMEVALIDATION.UPPERLOWER | DP:NAMEVALIDATION.UPPERLOWERNUMERIC | DP:NAMEVALIDATION.UPPERLOWERNUMERICSPECIAL | ! |" name="And I select DP:TEXTBOOK.BOOK from Textbook drop down" time="0.062">
    <skipped/>
  </testcase>
  <testcase classname="| DP:SUPER.USERNAME | DP:SUPER.PASSWORD | DP:NAMEVALIDATION.WARNINGMESSAGE | Projects | DP:SECTIONS.SECTIONNAME2 | N | SAM Assignments | Express Creation | DP:TEXTBOOK.BOOK | Y | DP:NAMEVALIDATION.LOWERCASE | DP:NAMEVALIDATION.UPPERCASE | DP:NAMEVALIDATION.MINCHAR | DP:NAMEVALIDATION.MAXCHAR | DP:NAMEVALIDATION.NUMERICDIGIT | DP:NAMEVALIDATION.SPECIALCHARACTER | DP:NAMEVALIDATION.UPPERLOWER | DP:NAMEVALIDATION.UPPERLOWERNUMERIC | DP:NAMEVALIDATION.UPPERLOWERNUMERICSPECIAL | ! |" name="And I click on Training Assignment Chapter" time="0.062">
    <skipped/>
  </testcase>
  <testcase classname="| DP:SUPER.USERNAME | DP:SUPER.PASSWORD | DP:NAMEVALIDATION.WARNINGMESSAGE | Projects | DP:SECTIONS.SECTIONNAME2 | N | SAM Assignments | Express Creation | DP:TEXTBOOK.BOOK | Y | DP:NAMEVALIDATION.LOWERCASE | DP:NAMEVALIDATION.UPPERCASE | DP:NAMEVALIDATION.MINCHAR | DP:NAMEVALIDATION.MAXCHAR | DP:NAMEVALIDATION.NUMERICDIGIT | DP:NAMEVALIDATION.SPECIALCHARACTER | DP:NAMEVALIDATION.UPPERLOWER | DP:NAMEVALIDATION.UPPERLOWERNUMERIC | DP:NAMEVALIDATION.UPPERLOWERNUMERICSPECIAL | ! |" name="And I enter DP:NAMEVALIDATION.UPPERLOWERNUMERIC N in Training Assignment Name" time="0.062">
    <skipped/>
  </testcase>
  <testcase classname="| DP:SUPER.USERNAME | DP:SUPER.PASSWORD | DP:NAMEVALIDATION.WARNINGMESSAGE | Projects | DP:SECTIONS.SECTIONNAME2 | N | SAM Assignments | Express Creation | DP:TEXTBOOK.BOOK | Y | DP:NAMEVALIDATION.LOWERCASE | DP:NAMEVALIDATION.UPPERCASE | DP:NAMEVALIDATION.MINCHAR | DP:NAMEVALIDATION.MAXCHAR | DP:NAMEVALIDATION.NUMERICDIGIT | DP:NAMEVALIDATION.SPECIALCHARACTER | DP:NAMEVALIDATION.UPPERLOWER | DP:NAMEVALIDATION.UPPERLOWERNUMERIC | DP:NAMEVALIDATION.UPPERLOWERNUMERICSPECIAL | ! |" name="And I click on Save Training button" time="0.062">
    <skipped/>
  </testcase>
  <testcase classname="| DP:SUPER.USERNAME | DP:SUPER.PASSWORD | DP:NAMEVALIDATION.WARNINGMESSAGE | Projects | DP:SECTIONS.SECTIONNAME2 | N | SAM Assignments | Express Creation | DP:TEXTBOOK.BOOK | Y | DP:NAMEVALIDATION.LOWERCASE | DP:NAMEVALIDATION.UPPERCASE | DP:NAMEVALIDATION.MINCHAR | DP:NAMEVALIDATION.MAXCHAR | DP:NAMEVALIDATION.NUMERICDIGIT | DP:NAMEVALIDATION.SPECIALCHARACTER | DP:NAMEVALIDATION.UPPERLOWER | DP:NAMEVALIDATION.UPPERLOWERNUMERIC | DP:NAMEVALIDATION.UPPERLOWERNUMERICSPECIAL | ! |" name="And I accept the pop-up" time="0.062">
    <skipped/>
  </testcase>
  <testcase classname="| DP:SUPER.USERNAME | DP:SUPER.PASSWORD | DP:NAMEVALIDATION.WARNINGMESSAGE | Projects | DP:SECTIONS.SECTIONNAME2 | N | SAM Assignments | Express Creation | DP:TEXTBOOK.BOOK | Y | DP:NAMEVALIDATION.LOWERCASE | DP:NAMEVALIDATION.UPPERCASE | DP:NAMEVALIDATION.MINCHAR | DP:NAMEVALIDATION.MAXCHAR | DP:NAMEVALIDATION.NUMERICDIGIT | DP:NAMEVALIDATION.SPECIALCHARACTER | DP:NAMEVALIDATION.UPPERLOWER | DP:NAMEVALIDATION.UPPERLOWERNUMERIC | DP:NAMEVALIDATION.UPPERLOWERNUMERICSPECIAL | ! |" name="And I click on Projects tab" time="0.062">
    <skipped/>
  </testcase>
  <testcase classname="| DP:SUPER.USERNAME | DP:SUPER.PASSWORD | DP:NAMEVALIDATION.WARNINGMESSAGE | Projects | DP:SECTIONS.SECTIONNAME2 | N | SAM Assignments | Express Creation | DP:TEXTBOOK.BOOK | Y | DP:NAMEVALIDATION.LOWERCASE | DP:NAMEVALIDATION.UPPERCASE | DP:NAMEVALIDATION.MINCHAR | DP:NAMEVALIDATION.MAXCHAR | DP:NAMEVALIDATION.NUMERICDIGIT | DP:NAMEVALIDATION.SPECIALCHARACTER | DP:NAMEVALIDATION.UPPERLOWER | DP:NAMEVALIDATION.UPPERLOWERNUMERIC | DP:NAMEVALIDATION.UPPERLOWERNUMERICSPECIAL | ! |" name="And I click on Express Creation tab" time="0.062">
    <skipped/>
  </testcase>
  <testcase classname="| DP:SUPER.USERNAME | DP:SUPER.PASSWORD | DP:NAMEVALIDATION.WARNINGMESSAGE | Projects | DP:SECTIONS.SECTIONNAME2 | N | SAM Assignments | Express Creation | DP:TEXTBOOK.BOOK | Y | DP:NAMEVALIDATION.LOWERCASE | DP:NAMEVALIDATION.UPPERCASE | DP:NAMEVALIDATION.MINCHAR | DP:NAMEVALIDATION.MAXCHAR | DP:NAMEVALIDATION.NUMERICDIGIT | DP:NAMEVALIDATION.SPECIALCHARACTER | DP:NAMEVALIDATION.UPPERLOWER | DP:NAMEVALIDATION.UPPERLOWERNUMERIC | DP:NAMEVALIDATION.UPPERLOWERNUMERICSPECIAL | ! |" name="And I select DP:SECTIONS.SECTIONNAME2 Y from section drop down in Express Creation page" time="0.062">
    <skipped/>
  </testcase>
  <testcase classname="| DP:SUPER.USERNAME | DP:SUPER.PASSWORD | DP:NAMEVALIDATION.WARNINGMESSAGE | Projects | DP:SECTIONS.SECTIONNAME2 | N | SAM Assignments | Express Creation | DP:TEXTBOOK.BOOK | Y | DP:NAMEVALIDATION.LOWERCASE | DP:NAMEVALIDATION.UPPERCASE | DP:NAMEVALIDATION.MINCHAR | DP:NAMEVALIDATION.MAXCHAR | DP:NAMEVALIDATION.NUMERICDIGIT | DP:NAMEVALIDATION.SPECIALCHARACTER | DP:NAMEVALIDATION.UPPERLOWER | DP:NAMEVALIDATION.UPPERLOWERNUMERIC | DP:NAMEVALIDATION.UPPERLOWERNUMERICSPECIAL | ! |" name="And I select DP:TEXTBOOK.BOOK from Textbook drop down" time="0.062">
    <skipped/>
  </testcase>
  <testcase classname="| DP:SUPER.USERNAME | DP:SUPER.PASSWORD | DP:NAMEVALIDATION.WARNINGMESSAGE | Projects | DP:SECTIONS.SECTIONNAME2 | N | SAM Assignments | Express Creation | DP:TEXTBOOK.BOOK | Y | DP:NAMEVALIDATION.LOWERCASE | DP:NAMEVALIDATION.UPPERCASE | DP:NAMEVALIDATION.MINCHAR | DP:NAMEVALIDATION.MAXCHAR | DP:NAMEVALIDATION.NUMERICDIGIT | DP:NAMEVALIDATION.SPECIALCHARACTER | DP:NAMEVALIDATION.UPPERLOWER | DP:NAMEVALIDATION.UPPERLOWERNUMERIC | DP:NAMEVALIDATION.UPPERLOWERNUMERICSPECIAL | ! |" name="And I click on Training Assignment Chapter" time="0.062">
    <skipped/>
  </testcase>
  <testcase classname="| DP:SUPER.USERNAME | DP:SUPER.PASSWORD | DP:NAMEVALIDATION.WARNINGMESSAGE | Projects | DP:SECTIONS.SECTIONNAME2 | N | SAM Assignments | Express Creation | DP:TEXTBOOK.BOOK | Y | DP:NAMEVALIDATION.LOWERCASE | DP:NAMEVALIDATION.UPPERCASE | DP:NAMEVALIDATION.MINCHAR | DP:NAMEVALIDATION.MAXCHAR | DP:NAMEVALIDATION.NUMERICDIGIT | DP:NAMEVALIDATION.SPECIALCHARACTER | DP:NAMEVALIDATION.UPPERLOWER | DP:NAMEVALIDATION.UPPERLOWERNUMERIC | DP:NAMEVALIDATION.UPPERLOWERNUMERICSPECIAL | ! |" name="And I enter DP:NAMEVALIDATION.UPPERLOWERNUMERICSPECIAL N in Training Assignment Name" time="0.062">
    <skipped/>
  </testcase>
  <testcase classname="| DP:SUPER.USERNAME | DP:SUPER.PASSWORD | DP:NAMEVALIDATION.WARNINGMESSAGE | Projects | DP:SECTIONS.SECTIONNAME2 | N | SAM Assignments | Express Creation | DP:TEXTBOOK.BOOK | Y | DP:NAMEVALIDATION.LOWERCASE | DP:NAMEVALIDATION.UPPERCASE | DP:NAMEVALIDATION.MINCHAR | DP:NAMEVALIDATION.MAXCHAR | DP:NAMEVALIDATION.NUMERICDIGIT | DP:NAMEVALIDATION.SPECIALCHARACTER | DP:NAMEVALIDATION.UPPERLOWER | DP:NAMEVALIDATION.UPPERLOWERNUMERIC | DP:NAMEVALIDATION.UPPERLOWERNUMERICSPECIAL | ! |" name="And I click on Save Training button" time="0.062">
    <skipped/>
  </testcase>
  <testcase classname="| DP:SUPER.USERNAME | DP:SUPER.PASSWORD | DP:NAMEVALIDATION.WARNINGMESSAGE | Projects | DP:SECTIONS.SECTIONNAME2 | N | SAM Assignments | Express Creation | DP:TEXTBOOK.BOOK | Y | DP:NAMEVALIDATION.LOWERCASE | DP:NAMEVALIDATION.UPPERCASE | DP:NAMEVALIDATION.MINCHAR | DP:NAMEVALIDATION.MAXCHAR | DP:NAMEVALIDATION.NUMERICDIGIT | DP:NAMEVALIDATION.SPECIALCHARACTER | DP:NAMEVALIDATION.UPPERLOWER | DP:NAMEVALIDATION.UPPERLOWERNUMERIC | DP:NAMEVALIDATION.UPPERLOWERNUMERICSPECIAL | ! |" name="And I accept the pop-up" time="0.062">
    <skipped/>
  </testcase>
  <testcase classname="| DP:SUPER.USERNAME | DP:SUPER.PASSWORD | DP:NAMEVALIDATION.WARNINGMESSAGE | Projects | DP:SECTIONS.SECTIONNAME2 | N | SAM Assignments | Express Creation | DP:TEXTBOOK.BOOK | Y | DP:NAMEVALIDATION.LOWERCASE | DP:NAMEVALIDATION.UPPERCASE | DP:NAMEVALIDATION.MINCHAR | DP:NAMEVALIDATION.MAXCHAR | DP:NAMEVALIDATION.NUMERICDIGIT | DP:NAMEVALIDATION.SPECIALCHARACTER | DP:NAMEVALIDATION.UPPERLOWER | DP:NAMEVALIDATION.UPPERLOWERNUMERIC | DP:NAMEVALIDATION.UPPERLOWERNUMERICSPECIAL | ! |" name="And I click on Projects tab" time="0.062">
    <skipped/>
  </testcase>
  <testcase classname="| DP:SUPER.USERNAME | DP:SUPER.PASSWORD | DP:NAMEVALIDATION.WARNINGMESSAGE | Projects | DP:SECTIONS.SECTIONNAME2 | N | SAM Assignments | Express Creation | DP:TEXTBOOK.BOOK | Y | DP:NAMEVALIDATION.LOWERCASE | DP:NAMEVALIDATION.UPPERCASE | DP:NAMEVALIDATION.MINCHAR | DP:NAMEVALIDATION.MAXCHAR | DP:NAMEVALIDATION.NUMERICDIGIT | DP:NAMEVALIDATION.SPECIALCHARACTER | DP:NAMEVALIDATION.UPPERLOWER | DP:NAMEVALIDATION.UPPERLOWERNUMERIC | DP:NAMEVALIDATION.UPPERLOWERNUMERICSPECIAL | ! |" name="And I click on Express Creation tab" time="0.062">
    <skipped/>
  </testcase>
  <testcase classname="| DP:SUPER.USERNAME | DP:SUPER.PASSWORD | DP:NAMEVALIDATION.WARNINGMESSAGE | Projects | DP:SECTIONS.SECTIONNAME2 | N | SAM Assignments | Express Creation | DP:TEXTBOOK.BOOK | Y | DP:NAMEVALIDATION.LOWERCASE | DP:NAMEVALIDATION.UPPERCASE | DP:NAMEVALIDATION.MINCHAR | DP:NAMEVALIDATION.MAXCHAR | DP:NAMEVALIDATION.NUMERICDIGIT | DP:NAMEVALIDATION.SPECIALCHARACTER | DP:NAMEVALIDATION.UPPERLOWER | DP:NAMEVALIDATION.UPPERLOWERNUMERIC | DP:NAMEVALIDATION.UPPERLOWERNUMERICSPECIAL | ! |" name="And I select DP:SECTIONS.SECTIONNAME2 Y from section drop down in Express Creation page" time="0.078">
    <skipped/>
  </testcase>
  <testcase classname="| DP:SUPER.USERNAME | DP:SUPER.PASSWORD | DP:NAMEVALIDATION.WARNINGMESSAGE | Projects | DP:SECTIONS.SECTIONNAME2 | N | SAM Assignments | Express Creation | DP:TEXTBOOK.BOOK | Y | DP:NAMEVALIDATION.LOWERCASE | DP:NAMEVALIDATION.UPPERCASE | DP:NAMEVALIDATION.MINCHAR | DP:NAMEVALIDATION.MAXCHAR | DP:NAMEVALIDATION.NUMERICDIGIT | DP:NAMEVALIDATION.SPECIALCHARACTER | DP:NAMEVALIDATION.UPPERLOWER | DP:NAMEVALIDATION.UPPERLOWERNUMERIC | DP:NAMEVALIDATION.UPPERLOWERNUMERICSPECIAL | ! |" name="And I select DP:TEXTBOOK.BOOK from Textbook drop down" time="0.078">
    <skipped/>
  </testcase>
  <testcase classname="| DP:SUPER.USERNAME | DP:SUPER.PASSWORD | DP:NAMEVALIDATION.WARNINGMESSAGE | Projects | DP:SECTIONS.SECTIONNAME2 | N | SAM Assignments | Express Creation | DP:TEXTBOOK.BOOK | Y | DP:NAMEVALIDATION.LOWERCASE | DP:NAMEVALIDATION.UPPERCASE | DP:NAMEVALIDATION.MINCHAR | DP:NAMEVALIDATION.MAXCHAR | DP:NAMEVALIDATION.NUMERICDIGIT | DP:NAMEVALIDATION.SPECIALCHARACTER | DP:NAMEVALIDATION.UPPERLOWER | DP:NAMEVALIDATION.UPPERLOWERNUMERIC | DP:NAMEVALIDATION.UPPERLOWERNUMERICSPECIAL | ! |" name="And I click on Training Assignment Chapter" time="0.078">
    <skipped/>
  </testcase>
  <testcase classname="| DP:SUPER.USERNAME | DP:SUPER.PASSWORD | DP:NAMEVALIDATION.WARNINGMESSAGE | Projects | DP:SECTIONS.SECTIONNAME2 | N | SAM Assignments | Express Creation | DP:TEXTBOOK.BOOK | Y | DP:NAMEVALIDATION.LOWERCASE | DP:NAMEVALIDATION.UPPERCASE | DP:NAMEVALIDATION.MINCHAR | DP:NAMEVALIDATION.MAXCHAR | DP:NAMEVALIDATION.NUMERICDIGIT | DP:NAMEVALIDATION.SPECIALCHARACTER | DP:NAMEVALIDATION.UPPERLOWER | DP:NAMEVALIDATION.UPPERLOWERNUMERIC | DP:NAMEVALIDATION.UPPERLOWERNUMERICSPECIAL | ! |" name="And I enter ! N in Training Assignment Name" time="0.078">
    <skipped/>
  </testcase>
  <testcase classname="| DP:SUPER.USERNAME | DP:SUPER.PASSWORD | DP:NAMEVALIDATION.WARNINGMESSAGE | Projects | DP:SECTIONS.SECTIONNAME2 | N | SAM Assignments | Express Creation | DP:TEXTBOOK.BOOK | Y | DP:NAMEVALIDATION.LOWERCASE | DP:NAMEVALIDATION.UPPERCASE | DP:NAMEVALIDATION.MINCHAR | DP:NAMEVALIDATION.MAXCHAR | DP:NAMEVALIDATION.NUMERICDIGIT | DP:NAMEVALIDATION.SPECIALCHARACTER | DP:NAMEVALIDATION.UPPERLOWER | DP:NAMEVALIDATION.UPPERLOWERNUMERIC | DP:NAMEVALIDATION.UPPERLOWERNUMERICSPECIAL | ! |" name="When I click on Save Training button" time="0.078">
    <skipped/>
  </testcase>
  <testcase classname="| DP:SUPER.USERNAME | DP:SUPER.PASSWORD | DP:NAMEVALIDATION.WARNINGMESSAGE | Projects | DP:SECTIONS.SECTIONNAME2 | N | SAM Assignments | Express Creation | DP:TEXTBOOK.BOOK | Y | DP:NAMEVALIDATION.LOWERCASE | DP:NAMEVALIDATION.UPPERCASE | DP:NAMEVALIDATION.MINCHAR | DP:NAMEVALIDATION.MAXCHAR | DP:NAMEVALIDATION.NUMERICDIGIT | DP:NAMEVALIDATION.SPECIALCHARACTER | DP:NAMEVALIDATION.UPPERLOWER | DP:NAMEVALIDATION.UPPERLOWERNUMERIC | DP:NAMEVALIDATION.UPPERLOWERNUMERICSPECIAL | ! |" name="Then I see DP:NAMEVALIDATION.WARNINGMESSAGE validation Popup" time="0.078">
    <skipped/>
  </testcase>
  <testcase classname="| DP:SUPER.USERNAME | DP:SUPER.PASSWORD | DP:NAMEVALIDATION.WARNINGMESSAGE | Projects | DP:SECTIONS.SECTIONNAME2 | N | SAM Assignments | Express Creation | DP:TEXTBOOK.BOOK | Y | DP:NAMEVALIDATION.LOWERCASE | DP:NAMEVALIDATION.UPPERCASE | DP:NAMEVALIDATION.MINCHAR | DP:NAMEVALIDATION.MAXCHAR | DP:NAMEVALIDATION.NUMERICDIGIT | DP:NAMEVALIDATION.SPECIALCHARACTER | DP:NAMEVALIDATION.UPPERLOWER | DP:NAMEVALIDATION.UPPERLOWERNUMERIC | DP:NAMEVALIDATION.UPPERLOWERNUMERICSPECIAL | ! |" name="And I enter DP:NAMEVALIDATION.MINCHAR N in Training Assignment Name" time="0.078">
    <skipped/>
  </testcase>
  <testcase classname="| DP:SUPER.USERNAME | DP:SUPER.PASSWORD | DP:NAMEVALIDATION.WARNINGMESSAGE | Projects | DP:SECTIONS.SECTIONNAME2 | N | SAM Assignments | Express Creation | DP:TEXTBOOK.BOOK | Y | DP:NAMEVALIDATION.LOWERCASE | DP:NAMEVALIDATION.UPPERCASE | DP:NAMEVALIDATION.MINCHAR | DP:NAMEVALIDATION.MAXCHAR | DP:NAMEVALIDATION.NUMERICDIGIT | DP:NAMEVALIDATION.SPECIALCHARACTER | DP:NAMEVALIDATION.UPPERLOWER | DP:NAMEVALIDATION.UPPERLOWERNUMERIC | DP:NAMEVALIDATION.UPPERLOWERNUMERICSPECIAL | ! |" name="And I click on Save Training button" time="0.078">
    <skipped/>
  </testcase>
  <testcase classname="| DP:SUPER.USERNAME | DP:SUPER.PASSWORD | DP:NAMEVALIDATION.WARNINGMESSAGE | Projects | DP:SECTIONS.SECTIONNAME2 | N | SAM Assignments | Express Creation | DP:TEXTBOOK.BOOK | Y | DP:NAMEVALIDATION.LOWERCASE | DP:NAMEVALIDATION.UPPERCASE | DP:NAMEVALIDATION.MINCHAR | DP:NAMEVALIDATION.MAXCHAR | DP:NAMEVALIDATION.NUMERICDIGIT | DP:NAMEVALIDATION.SPECIALCHARACTER | DP:NAMEVALIDATION.UPPERLOWER | DP:NAMEVALIDATION.UPPERLOWERNUMERIC | DP:NAMEVALIDATION.UPPERLOWERNUMERICSPECIAL | ! |" name="And I see DP:NAMEVALIDATION.WARNINGMESSAGE validation Popup" time="0.078">
    <skipped/>
  </testcase>
  <testcase classname="| DP:SUPER.USERNAME | DP:SUPER.PASSWORD | DP:NAMEVALIDATION.WARNINGMESSAGE | Projects | DP:SECTIONS.SECTIONNAME2 | N | SAM Assignments | Express Creation | DP:TEXTBOOK.BOOK | Y | DP:NAMEVALIDATION.LOWERCASE | DP:NAMEVALIDATION.UPPERCASE | DP:NAMEVALIDATION.MINCHAR | DP:NAMEVALIDATION.MAXCHAR | DP:NAMEVALIDATION.NUMERICDIGIT | DP:NAMEVALIDATION.SPECIALCHARACTER | DP:NAMEVALIDATION.UPPERLOWER | DP:NAMEVALIDATION.UPPERLOWERNUMERIC | DP:NAMEVALIDATION.UPPERLOWERNUMERICSPECIAL | ! |" name="And I enter DP:NAMEVALIDATION.MAXCHAR N in Training Assignment Name" time="0.078">
    <skipped/>
  </testcase>
  <testcase classname="| DP:SUPER.USERNAME | DP:SUPER.PASSWORD | DP:NAMEVALIDATION.WARNINGMESSAGE | Projects | DP:SECTIONS.SECTIONNAME2 | N | SAM Assignments | Express Creation | DP:TEXTBOOK.BOOK | Y | DP:NAMEVALIDATION.LOWERCASE | DP:NAMEVALIDATION.UPPERCASE | DP:NAMEVALIDATION.MINCHAR | DP:NAMEVALIDATION.MAXCHAR | DP:NAMEVALIDATION.NUMERICDIGIT | DP:NAMEVALIDATION.SPECIALCHARACTER | DP:NAMEVALIDATION.UPPERLOWER | DP:NAMEVALIDATION.UPPERLOWERNUMERIC | DP:NAMEVALIDATION.UPPERLOWERNUMERICSPECIAL | ! |" name="And I click on Save Training button" time="0.078">
    <skipped/>
  </testcase>
  <testcase classname="| DP:SUPER.USERNAME | DP:SUPER.PASSWORD | DP:NAMEVALIDATION.WARNINGMESSAGE | Projects | DP:SECTIONS.SECTIONNAME2 | N | SAM Assignments | Express Creation | DP:TEXTBOOK.BOOK | Y | DP:NAMEVALIDATION.LOWERCASE | DP:NAMEVALIDATION.UPPERCASE | DP:NAMEVALIDATION.MINCHAR | DP:NAMEVALIDATION.MAXCHAR | DP:NAMEVALIDATION.NUMERICDIGIT | DP:NAMEVALIDATION.SPECIALCHARACTER | DP:NAMEVALIDATION.UPPERLOWER | DP:NAMEVALIDATION.UPPERLOWERNUMERIC | DP:NAMEVALIDATION.UPPERLOWERNUMERICSPECIAL | ! |" name="And I accept the pop-up" time="0.078">
    <skipped/>
  </testcase>
  <testcase classname="| DP:SUPER.USERNAME | DP:SUPER.PASSWORD | DP:NAMEVALIDATION.WARNINGMESSAGE | Projects | DP:SECTIONS.SECTIONNAME2 | N | SAM Assignments | Express Creation | DP:TEXTBOOK.BOOK | Y | DP:NAMEVALIDATION.LOWERCASE | DP:NAMEVALIDATION.UPPERCASE | DP:NAMEVALIDATION.MINCHAR | DP:NAMEVALIDATION.MAXCHAR | DP:NAMEVALIDATION.NUMERICDIGIT | DP:NAMEVALIDATION.SPECIALCHARACTER | DP:NAMEVALIDATION.UPPERLOWER | DP:NAMEVALIDATION.UPPERLOWERNUMERIC | DP:NAMEVALIDATION.UPPERLOWERNUMERICSPECIAL | ! |" name="And I click on Logout button" time="0.093">
    <skipped/>
  </testcase>
  <testcase classname="| DP:SUPER.USERNAME | DP:SUPER.PASSWORD | DP:NAMEVALIDATION.WARNINGMESSAGE | Projects | DP:SECTIONS.SECTIONNAME2 | N | SAM Assignments | Express Creation | DP:TEXTBOOK.BOOK | Y | DP:NAMEVALIDATION.LOWERCASE | DP:NAMEVALIDATION.UPPERCASE | DP:NAMEVALIDATION.MINCHAR | DP:NAMEVALIDATION.MAXCHAR | DP:NAMEVALIDATION.NUMERICDIGIT | DP:NAMEVALIDATION.SPECIALCHARACTER | DP:NAMEVALIDATION.UPPERLOWER | DP:NAMEVALIDATION.UPPERLOWERNUMERIC | DP:NAMEVALIDATION.UPPERLOWERNUMERICSPECIAL | ! |" name="Given As a user I see login page of LMS" time="0"/>
  <testcase classname="| DP:SUPER.USERNAME | DP:SUPER.PASSWORD | DP:NAMEVALIDATION.WARNINGMESSAGE | Projects | DP:SECTIONS.SECTIONNAME2 | N | SAM Assignments | Express Creation | DP:TEXTBOOK.BOOK | Y | DP:NAMEVALIDATION.LOWERCASE | DP:NAMEVALIDATION.UPPERCASE | DP:NAMEVALIDATION.MINCHAR | DP:NAMEVALIDATION.MAXCHAR | DP:NAMEVALIDATION.NUMERICDIGIT | DP:NAMEVALIDATION.SPECIALCHARACTER | DP:NAMEVALIDATION.UPPERLOWER | DP:NAMEVALIDATION.UPPERLOWERNUMERIC | DP:NAMEVALIDATION.UPPERLOWERNUMERICSPECIAL | ! |" name="And I enter DP:SUPER.USERNAME N Username in LMS login page" time="0"/>
  <testcase classname="| DP:SUPER.USERNAME | DP:SUPER.PASSWORD | DP:NAMEVALIDATION.WARNINGMESSAGE | Projects | DP:SECTIONS.SECTIONNAME2 | N | SAM Assignments | Express Creation | DP:TEXTBOOK.BOOK | Y | DP:NAMEVALIDATION.LOWERCASE | DP:NAMEVALIDATION.UPPERCASE | DP:NAMEVALIDATION.MINCHAR | DP:NAMEVALIDATION.MAXCHAR | DP:NAMEVALIDATION.NUMERICDIGIT | DP:NAMEVALIDATION.SPECIALCHARACTER | DP:NAMEVALIDATION.UPPERLOWER | DP:NAMEVALIDATION.UPPERLOWERNUMERIC | DP:NAMEVALIDATION.UPPERLOWERNUMERICSPECIAL | ! |" name="And I enter DP:SUPER.PASSWORD Password in LMS login page" time="0"/>
  <testcase classname="| DP:SUPER.USERNAME | DP:SUPER.PASSWORD | DP:NAMEVALIDATION.WARNINGMESSAGE | Projects | DP:SECTIONS.SECTIONNAME2 | N | SAM Assignments | Express Creation | DP:TEXTBOOK.BOOK | Y | DP:NAMEVALIDATION.LOWERCASE | DP:NAMEVALIDATION.UPPERCASE | DP:NAMEVALIDATION.MINCHAR | DP:NAMEVALIDATION.MAXCHAR | DP:NAMEVALIDATION.NUMERICDIGIT | DP:NAMEVALIDATION.SPECIALCHARACTER | DP:NAMEVALIDATION.UPPERLOWER | DP:NAMEVALIDATION.UPPERLOWERNUMERIC | DP:NAMEVALIDATION.UPPERLOWERNUMERICSPECIAL | ! |" name="And I click on Log In button" time="0"/>
  <testcase classname="| DP:SUPER.USERNAME | DP:SUPER.PASSWORD | DP:NAMEVALIDATION.WARNINGMESSAGE | Projects | DP:SECTIONS.SECTIONNAME2 | N | SAM Assignments | Express Creation | DP:TEXTBOOK.BOOK | Y | DP:NAMEVALIDATION.LOWERCASE | DP:NAMEVALIDATION.UPPERCASE | DP:NAMEVALIDATION.MINCHAR | DP:NAMEVALIDATION.MAXCHAR | DP:NAMEVALIDATION.NUMERICDIGIT | DP:NAMEVALIDATION.SPECIALCHARACTER | DP:NAMEVALIDATION.UPPERLOWER | DP:NAMEVALIDATION.UPPERLOWERNUMERIC | DP:NAMEVALIDATION.UPPERLOWERNUMERICSPECIAL | ! |" name="And I see home page of LMS" time="0"/>
  <testcase classname="| DP:SUPER.USERNAME | DP:SUPER.PASSWORD | DP:NAMEVALIDATION.WARNINGMESSAGE | Projects | DP:SECTIONS.SECTIONNAME2 | N | SAM Assignments | Express Creation | DP:TEXTBOOK.BOOK | Y | DP:NAMEVALIDATION.LOWERCASE | DP:NAMEVALIDATION.UPPERCASE | DP:NAMEVALIDATION.MINCHAR | DP:NAMEVALIDATION.MAXCHAR | DP:NAMEVALIDATION.NUMERICDIGIT | DP:NAMEVALIDATION.SPECIALCHARACTER | DP:NAMEVALIDATION.UPPERLOWER | DP:NAMEVALIDATION.UPPERLOWERNUMERIC | DP:NAMEVALIDATION.UPPERLOWERNUMERICSPECIAL | ! |" name="And I click on SAM Assignments tab" time="0"/>
  <testcase classname="| DP:SUPER.USERNAME | DP:SUPER.PASSWORD | DP:NAMEVALIDATION.WARNINGMESSAGE | Projects | DP:SECTIONS.SECTIONNAME2 | N | SAM Assignments | Express Creation | DP:TEXTBOOK.BOOK | Y | DP:NAMEVALIDATION.LOWERCASE | DP:NAMEVALIDATION.UPPERCASE | DP:NAMEVALIDATION.MINCHAR | DP:NAMEVALIDATION.MAXCHAR | DP:NAMEVALIDATION.NUMERICDIGIT | DP:NAMEVALIDATION.SPECIALCHARACTER | DP:NAMEVALIDATION.UPPERLOWER | DP:NAMEVALIDATION.UPPERLOWERNUMERIC | DP:NAMEVALIDATION.UPPERLOWERNUMERICSPECIAL | ! |" name="And I click on Express Creation tab" time="0"/>
  <testcase classname="| DP:SUPER.USERNAME | DP:SUPER.PASSWORD | DP:NAMEVALIDATION.WARNINGMESSAGE | Projects | DP:SECTIONS.SECTIONNAME2 | N | SAM Assignments | Express Creation | DP:TEXTBOOK.BOOK | Y | DP:NAMEVALIDATION.LOWERCASE | DP:NAMEVALIDATION.UPPERCASE | DP:NAMEVALIDATION.MINCHAR | DP:NAMEVALIDATION.MAXCHAR | DP:NAMEVALIDATION.NUMERICDIGIT | DP:NAMEVALIDATION.SPECIALCHARACTER | DP:NAMEVALIDATION.UPPERLOWER | DP:NAMEVALIDATION.UPPERLOWERNUMERIC | DP:NAMEVALIDATION.UPPERLOWERNUMERICSPECIAL | ! |" name="And I select DP:SECTIONS.SECTIONNAME2 Y from section drop down in Express Creation page" time="0"/>
  <testcase classname="| DP:SUPER.USERNAME | DP:SUPER.PASSWORD | DP:NAMEVALIDATION.WARNINGMESSAGE | Projects | DP:SECTIONS.SECTIONNAME2 | N | SAM Assignments | Express Creation | DP:TEXTBOOK.BOOK | Y | DP:NAMEVALIDATION.LOWERCASE | DP:NAMEVALIDATION.UPPERCASE | DP:NAMEVALIDATION.MINCHAR | DP:NAMEVALIDATION.MAXCHAR | DP:NAMEVALIDATION.NUMERICDIGIT | DP:NAMEVALIDATION.SPECIALCHARACTER | DP:NAMEVALIDATION.UPPERLOWER | DP:NAMEVALIDATION.UPPERLOWERNUMERIC | DP:NAMEVALIDATION.UPPERLOWERNUMERICSPECIAL | ! |" name="And I select DP:TEXTBOOK.BOOK from Textbook drop down" time="0"/>
  <testcase classname="| DP:SUPER.USERNAME | DP:SUPER.PASSWORD | DP:NAMEVALIDATION.WARNINGMESSAGE | Projects | DP:SECTIONS.SECTIONNAME2 | N | SAM Assignments | Express Creation | DP:TEXTBOOK.BOOK | Y | DP:NAMEVALIDATION.LOWERCASE | DP:NAMEVALIDATION.UPPERCASE | DP:NAMEVALIDATION.MINCHAR | DP:NAMEVALIDATION.MAXCHAR | DP:NAMEVALIDATION.NUMERICDIGIT | DP:NAMEVALIDATION.SPECIALCHARACTER | DP:NAMEVALIDATION.UPPERLOWER | DP:NAMEVALIDATION.UPPERLOWERNUMERIC | DP:NAMEVALIDATION.UPPERLOWERNUMERICSPECIAL | ! |" name="And I click on Chapters" time="0"/>
  <testcase classname="| DP:SUPER.USERNAME | DP:SUPER.PASSWORD | DP:NAMEVALIDATION.WARNINGMESSAGE | Projects | DP:SECTIONS.SECTIONNAME2 | N | SAM Assignments | Express Creation | DP:TEXTBOOK.BOOK | Y | DP:NAMEVALIDATION.LOWERCASE | DP:NAMEVALIDATION.UPPERCASE | DP:NAMEVALIDATION.MINCHAR | DP:NAMEVALIDATION.MAXCHAR | DP:NAMEVALIDATION.NUMERICDIGIT | DP:NAMEVALIDATION.SPECIALCHARACTER | DP:NAMEVALIDATION.UPPERLOWER | DP:NAMEVALIDATION.UPPERLOWERNUMERIC | DP:NAMEVALIDATION.UPPERLOWERNUMERICSPECIAL | ! |" name="And I click on Project Assignment Chapter" time="0"/>
  <testcase classname="| DP:SUPER.USERNAME | DP:SUPER.PASSWORD | DP:NAMEVALIDATION.WARNINGMESSAGE | Projects | DP:SECTIONS.SECTIONNAME2 | N | SAM Assignments | Express Creation | DP:TEXTBOOK.BOOK | Y | DP:NAMEVALIDATION.LOWERCASE | DP:NAMEVALIDATION.UPPERCASE | DP:NAMEVALIDATION.MINCHAR | DP:NAMEVALIDATION.MAXCHAR | DP:NAMEVALIDATION.NUMERICDIGIT | DP:NAMEVALIDATION.SPECIALCHARACTER | DP:NAMEVALIDATION.UPPERLOWER | DP:NAMEVALIDATION.UPPERLOWERNUMERIC | DP:NAMEVALIDATION.UPPERLOWERNUMERICSPECIAL | ! |" name="And I enter DP:NAMEVALIDATION.LOWERCASE N in Express Creation page" time="0"/>
  <testcase classname="| DP:SUPER.USERNAME | DP:SUPER.PASSWORD | DP:NAMEVALIDATION.WARNINGMESSAGE | Projects | DP:SECTIONS.SECTIONNAME2 | N | SAM Assignments | Express Creation | DP:TEXTBOOK.BOOK | Y | DP:NAMEVALIDATION.LOWERCASE | DP:NAMEVALIDATION.UPPERCASE | DP:NAMEVALIDATION.MINCHAR | DP:NAMEVALIDATION.MAXCHAR | DP:NAMEVALIDATION.NUMERICDIGIT | DP:NAMEVALIDATION.SPECIALCHARACTER | DP:NAMEVALIDATION.UPPERLOWER | DP:NAMEVALIDATION.UPPERLOWERNUMERIC | DP:NAMEVALIDATION.UPPERLOWERNUMERICSPECIAL | ! |" name="And I click on Save Project button" time="0"/>
  <testcase classname="| DP:SUPER.USERNAME | DP:SUPER.PASSWORD | DP:NAMEVALIDATION.WARNINGMESSAGE | Projects | DP:SECTIONS.SECTIONNAME2 | N | SAM Assignments | Express Creation | DP:TEXTBOOK.BOOK | Y | DP:NAMEVALIDATION.LOWERCASE | DP:NAMEVALIDATION.UPPERCASE | DP:NAMEVALIDATION.MINCHAR | DP:NAMEVALIDATION.MAXCHAR | DP:NAMEVALIDATION.NUMERICDIGIT | DP:NAMEVALIDATION.SPECIALCHARACTER | DP:NAMEVALIDATION.UPPERLOWER | DP:NAMEVALIDATION.UPPERLOWERNUMERIC | DP:NAMEVALIDATION.UPPERLOWERNUMERICSPECIAL | ! |" name="And I accept the pop-up" time="0">
    <error message="no alert open
  (Session info: chrome=56.0.2924.87)
  (Driver info: chromedriver=2.25.426923 (0390b88869384d6eb0d5d09729679f934aab9eed),platform=Windows NT 6.3.9600 x86_64) (WARNING: The server did not provide any stacktrace information)
Command duration or timeout: 0 milliseconds
Build info: version: &apos;2.53.0&apos;, revision: &apos;35ae25b1534ae328c771e0856c93e187490ca824&apos;, time: &apos;2016-03-15 10:43:46&apos;
System info: host: &apos;CODOID&apos;, ip: &apos;10.161.243.104&apos;, os.name: &apos;Windows 8.1&apos;, os.arch: &apos;amd64&apos;, os.version: &apos;6.3&apos;, java.version: &apos;1.8.0_91&apos;
Driver info: org.openqa.selenium.chrome.ChromeDriver
Capabilities [{applicationCacheEnabled=false, rotatable=false, mobileEmulationEnabled=false, networkConnectionEnabled=false, chrome={chromedriverVersion=2.25.426923 (0390b88869384d6eb0d5d09729679f934aab9eed), userDataDir=C:\Users\CODOID~1\AppData\Local\Temp\scoped_dir2176_14542}, takesHeapSnapshot=true, pageLoadStrategy=normal, databaseEnabled=false, handlesAlerts=true, hasTouchScreen=false, version=56.0.2924.87, platform=WIN8_1, browserConnectionEnabled=false, nativeEvents=true, acceptSslCerts=true, locationContextEnabled=true, webStorageEnabled=true, browserName=chrome, takesScreenshot=true, javascriptEnabled=true, cssSelectorsEnabled=true}]
Session ID: 8c4845806ffe0d73821faceaa901a606" type="org.openqa.selenium.NoAlertPresentException">org.openqa.selenium.NoAlertPresentException: no alert open
  (Session info: chrome=56.0.2924.87)
  (Driver info: chromedriver=2.25.426923 (0390b88869384d6eb0d5d09729679f934aab9eed),platform=Windows NT 6.3.9600 x86_64) (WARNING: The server did not provide any stacktrace information)
Command duration or timeout: 0 milliseconds
Build info: version: &apos;2.53.0&apos;, revision: &apos;35ae25b1534ae328c771e0856c93e187490ca824&apos;, time: &apos;2016-03-15 10:43:46&apos;
System info: host: &apos;CODOID&apos;, ip: &apos;10.161.243.104&apos;, os.name: &apos;Windows 8.1&apos;, os.arch: &apos;amd64&apos;, os.version: &apos;6.3&apos;, java.version: &apos;1.8.0_91&apos;
Driver info: org.openqa.selenium.chrome.ChromeDriver
Capabilities [{applicationCacheEnabled=false, rotatable=false, mobileEmulationEnabled=false, networkConnectionEnabled=false, chrome={chromedriverVersion=2.25.426923 (0390b88869384d6eb0d5d09729679f934aab9eed), userDataDir=C:\Users\CODOID~1\AppData\Local\Temp\scoped_dir2176_14542}, takesHeapSnapshot=true, pageLoadStrategy=normal, databaseEnabled=false, handlesAlerts=true, hasTouchScreen=false, version=56.0.2924.87, platform=WIN8_1, browserConnectionEnabled=false, nativeEvents=true, acceptSslCerts=true, locationContextEnabled=true, webStorageEnabled=true, browserName=chrome, takesScreenshot=true, javascriptEnabled=true, cssSelectorsEnabled=true}]
Session ID: 8c4845806ffe0d73821faceaa901a606
	at sun.reflect.GeneratedConstructorAccessor20.newInstance(Unknown Source)
	at sun.reflect.DelegatingConstructorAccessorImpl.newInstance(DelegatingConstructorAccessorImpl.java:45)
	at java.lang.reflect.Constructor.newInstance(Constructor.java:423)
	at org.openqa.selenium.remote.ErrorHandler.createThrowable(ErrorHandler.java:206)
	at org.openqa.selenium.remote.ErrorHandler.throwIfResponseFailed(ErrorHandler.java:158)
	at org.openqa.selenium.remote.RemoteWebDriver.execute(RemoteWebDriver.java:678)
	at org.openqa.selenium.remote.RemoteWebDriver.execute(RemoteWebDriver.java:701)
	at org.openqa.selenium.remote.RemoteWebDriver$RemoteTargetLocator.alert(RemoteWebDriver.java:1049)
	at org.openqa.selenium.support.events.EventFiringWebDriver$EventFiringTargetLocator.alert(EventFiringWebDriver.java:615)
	at cengage.common.toolbox.Alert.acceptAlert(Alert.java:19)
	at cengage.samlms.action.SAMAssignmentsAction.acceptPopup(SAMAssignmentsAction.java:851)
	at cengage.samlms.stepdefinition.SAMAssignmentsSteps.I_accept_the_pop_up(SAMAssignmentsSteps.java:396)
	at ✽.And I accept the pop-up(test/resources/cengage/samlms/lms_stories/LMSStoriesModule4.feature:459)
</error>
    <system-out>21:38:55.788 [main] ERROR cengage.common.toolbox.Sync - org.openqa.selenium.TimeoutException: Timed out after 8 seconds waiting for alert to be present
Build info: version: &apos;2.53.0&apos;, revision: &apos;35ae25b1534ae328c771e0856c93e187490ca824&apos;, time: &apos;2016-03-15 10:43:46&apos;
System info: host: &apos;CODOID&apos;, ip: &apos;10.161.243.104&apos;, os.name: &apos;Windows 8.1&apos;, os.arch: &apos;amd64&apos;, os.version: &apos;6.3&apos;, java.version: &apos;1.8.0_91&apos;
Driver info: cengage.common.util.SharedDriver
</system-out>
  </testcase>
  <testcase classname="| DP:SUPER.USERNAME | DP:SUPER.PASSWORD | DP:NAMEVALIDATION.WARNINGMESSAGE | Projects | DP:SECTIONS.SECTIONNAME2 | N | SAM Assignments | Express Creation | DP:TEXTBOOK.BOOK | Y | DP:NAMEVALIDATION.LOWERCASE | DP:NAMEVALIDATION.UPPERCASE | DP:NAMEVALIDATION.MINCHAR | DP:NAMEVALIDATION.MAXCHAR | DP:NAMEVALIDATION.NUMERICDIGIT | DP:NAMEVALIDATION.SPECIALCHARACTER | DP:NAMEVALIDATION.UPPERLOWER | DP:NAMEVALIDATION.UPPERLOWERNUMERIC | DP:NAMEVALIDATION.UPPERLOWERNUMERICSPECIAL | ! |" name="| DP:SUPER.USERNAME | DP:SUPER.PASSWORD | DP:NAMEVALIDATION.WARNINGMESSAGE | Projects | DP:SECTIONS.SECTIONNAME2 | N | SAM Assignments | Express Creation | DP:TEXTBOOK.BOOK | Y | DP:NAMEVALIDATION.LOWERCASE | DP:NAMEVALIDATION.UPPERCASE | DP:NAMEVALIDATION.MINCHAR | DP:NAMEVALIDATION.MAXCHAR | DP:NAMEVALIDATION.NUMERICDIGIT | DP:NAMEVALIDATION.SPECIALCHARACTER | DP:NAMEVALIDATION.UPPERLOWER | DP:NAMEVALIDATION.UPPERLOWERNUMERIC | DP:NAMEVALIDATION.UPPERLOWERNUMERICSPECIAL | ! |" time="0">
    <error message="no alert open
  (Session info: chrome=56.0.2924.87)
  (Driver info: chromedriver=2.25.426923 (0390b88869384d6eb0d5d09729679f934aab9eed),platform=Windows NT 6.3.9600 x86_64) (WARNING: The server did not provide any stacktrace information)
Command duration or timeout: 0 milliseconds
Build info: version: &apos;2.53.0&apos;, revision: &apos;35ae25b1534ae328c771e0856c93e187490ca824&apos;, time: &apos;2016-03-15 10:43:46&apos;
System info: host: &apos;CODOID&apos;, ip: &apos;10.161.243.104&apos;, os.name: &apos;Windows 8.1&apos;, os.arch: &apos;amd64&apos;, os.version: &apos;6.3&apos;, java.version: &apos;1.8.0_91&apos;
Driver info: org.openqa.selenium.chrome.ChromeDriver
Capabilities [{applicationCacheEnabled=false, rotatable=false, mobileEmulationEnabled=false, networkConnectionEnabled=false, chrome={chromedriverVersion=2.25.426923 (0390b88869384d6eb0d5d09729679f934aab9eed), userDataDir=C:\Users\CODOID~1\AppData\Local\Temp\scoped_dir2176_14542}, takesHeapSnapshot=true, pageLoadStrategy=normal, databaseEnabled=false, handlesAlerts=true, hasTouchScreen=false, version=56.0.2924.87, platform=WIN8_1, browserConnectionEnabled=false, nativeEvents=true, acceptSslCerts=true, locationContextEnabled=true, webStorageEnabled=true, browserName=chrome, takesScreenshot=true, javascriptEnabled=true, cssSelectorsEnabled=true}]
Session ID: 8c4845806ffe0d73821faceaa901a606" type="org.openqa.selenium.NoAlertPresentException">org.openqa.selenium.NoAlertPresentException: no alert open
  (Session info: chrome=56.0.2924.87)
  (Driver info: chromedriver=2.25.426923 (0390b88869384d6eb0d5d09729679f934aab9eed),platform=Windows NT 6.3.9600 x86_64) (WARNING: The server did not provide any stacktrace information)
Command duration or timeout: 0 milliseconds
Build info: version: &apos;2.53.0&apos;, revision: &apos;35ae25b1534ae328c771e0856c93e187490ca824&apos;, time: &apos;2016-03-15 10:43:46&apos;
System info: host: &apos;CODOID&apos;, ip: &apos;10.161.243.104&apos;, os.name: &apos;Windows 8.1&apos;, os.arch: &apos;amd64&apos;, os.version: &apos;6.3&apos;, java.version: &apos;1.8.0_91&apos;
Driver info: org.openqa.selenium.chrome.ChromeDriver
Capabilities [{applicationCacheEnabled=false, rotatable=false, mobileEmulationEnabled=false, networkConnectionEnabled=false, chrome={chromedriverVersion=2.25.426923 (0390b88869384d6eb0d5d09729679f934aab9eed), userDataDir=C:\Users\CODOID~1\AppData\Local\Temp\scoped_dir2176_14542}, takesHeapSnapshot=true, pageLoadStrategy=normal, databaseEnabled=false, handlesAlerts=true, hasTouchScreen=false, version=56.0.2924.87, platform=WIN8_1, browserConnectionEnabled=false, nativeEvents=true, acceptSslCerts=true, locationContextEnabled=true, webStorageEnabled=true, browserName=chrome, takesScreenshot=true, javascriptEnabled=true, cssSelectorsEnabled=true}]
Session ID: 8c4845806ffe0d73821faceaa901a606
	at sun.reflect.GeneratedConstructorAccessor20.newInstance(Unknown Source)
	at sun.reflect.DelegatingConstructorAccessorImpl.newInstance(DelegatingConstructorAccessorImpl.java:45)
	at java.lang.reflect.Constructor.newInstance(Constructor.java:423)
	at org.openqa.selenium.remote.ErrorHandler.createThrowable(ErrorHandler.java:206)
	at org.openqa.selenium.remote.ErrorHandler.throwIfResponseFailed(ErrorHandler.java:158)
	at org.openqa.selenium.remote.RemoteWebDriver.execute(RemoteWebDriver.java:678)
	at org.openqa.selenium.remote.RemoteWebDriver.execute(RemoteWebDriver.java:701)
	at org.openqa.selenium.remote.RemoteWebDriver$RemoteTargetLocator.alert(RemoteWebDriver.java:1049)
	at org.openqa.selenium.support.events.EventFiringWebDriver$EventFiringTargetLocator.alert(EventFiringWebDriver.java:615)
	at cengage.common.toolbox.Alert.acceptAlert(Alert.java:19)
	at cengage.samlms.action.SAMAssignmentsAction.acceptPopup(SAMAssignmentsAction.java:851)
	at cengage.samlms.stepdefinition.SAMAssignmentsSteps.I_accept_the_pop_up(SAMAssignmentsSteps.java:396)
	at ✽.And I accept the pop-up(test/resources/cengage/samlms/lms_stories/LMSStoriesModule4.feature:459)
</error>
  </testcase>
  <testcase classname="| DP:SUPER.USERNAME | DP:SUPER.PASSWORD | DP:NAMEVALIDATION.WARNINGMESSAGE | Projects | DP:SECTIONS.SECTIONNAME2 | N | SAM Assignments | Express Creation | DP:TEXTBOOK.BOOK | Y | DP:NAMEVALIDATION.LOWERCASE | DP:NAMEVALIDATION.UPPERCASE | DP:NAMEVALIDATION.MINCHAR | DP:NAMEVALIDATION.MAXCHAR | DP:NAMEVALIDATION.NUMERICDIGIT | DP:NAMEVALIDATION.SPECIALCHARACTER | DP:NAMEVALIDATION.UPPERLOWER | DP:NAMEVALIDATION.UPPERLOWERNUMERIC | DP:NAMEVALIDATION.UPPERLOWERNUMERICSPECIAL | ! |" name="And I click on Projects tab" time="0">
    <skipped/>
  </testcase>
  <testcase classname="| DP:SUPER.USERNAME | DP:SUPER.PASSWORD | DP:NAMEVALIDATION.WARNINGMESSAGE | Projects | DP:SECTIONS.SECTIONNAME2 | N | SAM Assignments | Express Creation | DP:TEXTBOOK.BOOK | Y | DP:NAMEVALIDATION.LOWERCASE | DP:NAMEVALIDATION.UPPERCASE | DP:NAMEVALIDATION.MINCHAR | DP:NAMEVALIDATION.MAXCHAR | DP:NAMEVALIDATION.NUMERICDIGIT | DP:NAMEVALIDATION.SPECIALCHARACTER | DP:NAMEVALIDATION.UPPERLOWER | DP:NAMEVALIDATION.UPPERLOWERNUMERIC | DP:NAMEVALIDATION.UPPERLOWERNUMERICSPECIAL | ! |" name="And I click on Express Creation tab" time="0">
    <skipped/>
  </testcase>
  <testcase classname="| DP:SUPER.USERNAME | DP:SUPER.PASSWORD | DP:NAMEVALIDATION.WARNINGMESSAGE | Projects | DP:SECTIONS.SECTIONNAME2 | N | SAM Assignments | Express Creation | DP:TEXTBOOK.BOOK | Y | DP:NAMEVALIDATION.LOWERCASE | DP:NAMEVALIDATION.UPPERCASE | DP:NAMEVALIDATION.MINCHAR | DP:NAMEVALIDATION.MAXCHAR | DP:NAMEVALIDATION.NUMERICDIGIT | DP:NAMEVALIDATION.SPECIALCHARACTER | DP:NAMEVALIDATION.UPPERLOWER | DP:NAMEVALIDATION.UPPERLOWERNUMERIC | DP:NAMEVALIDATION.UPPERLOWERNUMERICSPECIAL | ! |" name="And I select DP:SECTIONS.SECTIONNAME2 Y from section drop down in Express Creation page" time="0.015">
    <skipped/>
  </testcase>
  <testcase classname="| DP:SUPER.USERNAME | DP:SUPER.PASSWORD | DP:NAMEVALIDATION.WARNINGMESSAGE | Projects | DP:SECTIONS.SECTIONNAME2 | N | SAM Assignments | Express Creation | DP:TEXTBOOK.BOOK | Y | DP:NAMEVALIDATION.LOWERCASE | DP:NAMEVALIDATION.UPPERCASE | DP:NAMEVALIDATION.MINCHAR | DP:NAMEVALIDATION.MAXCHAR | DP:NAMEVALIDATION.NUMERICDIGIT | DP:NAMEVALIDATION.SPECIALCHARACTER | DP:NAMEVALIDATION.UPPERLOWER | DP:NAMEVALIDATION.UPPERLOWERNUMERIC | DP:NAMEVALIDATION.UPPERLOWERNUMERICSPECIAL | ! |" name="And I select DP:TEXTBOOK.BOOK from Textbook drop down" time="0.015">
    <skipped/>
  </testcase>
  <testcase classname="| DP:SUPER.USERNAME | DP:SUPER.PASSWORD | DP:NAMEVALIDATION.WARNINGMESSAGE | Projects | DP:SECTIONS.SECTIONNAME2 | N | SAM Assignments | Express Creation | DP:TEXTBOOK.BOOK | Y | DP:NAMEVALIDATION.LOWERCASE | DP:NAMEVALIDATION.UPPERCASE | DP:NAMEVALIDATION.MINCHAR | DP:NAMEVALIDATION.MAXCHAR | DP:NAMEVALIDATION.NUMERICDIGIT | DP:NAMEVALIDATION.SPECIALCHARACTER | DP:NAMEVALIDATION.UPPERLOWER | DP:NAMEVALIDATION.UPPERLOWERNUMERIC | DP:NAMEVALIDATION.UPPERLOWERNUMERICSPECIAL | ! |" name="And I click on Chapters" time="0.015">
    <skipped/>
  </testcase>
  <testcase classname="| DP:SUPER.USERNAME | DP:SUPER.PASSWORD | DP:NAMEVALIDATION.WARNINGMESSAGE | Projects | DP:SECTIONS.SECTIONNAME2 | N | SAM Assignments | Express Creation | DP:TEXTBOOK.BOOK | Y | DP:NAMEVALIDATION.LOWERCASE | DP:NAMEVALIDATION.UPPERCASE | DP:NAMEVALIDATION.MINCHAR | DP:NAMEVALIDATION.MAXCHAR | DP:NAMEVALIDATION.NUMERICDIGIT | DP:NAMEVALIDATION.SPECIALCHARACTER | DP:NAMEVALIDATION.UPPERLOWER | DP:NAMEVALIDATION.UPPERLOWERNUMERIC | DP:NAMEVALIDATION.UPPERLOWERNUMERICSPECIAL | ! |" name="And I click on Project Assignment Chapter" time="0.015">
    <skipped/>
  </testcase>
  <testcase classname="| DP:SUPER.USERNAME | DP:SUPER.PASSWORD | DP:NAMEVALIDATION.WARNINGMESSAGE | Projects | DP:SECTIONS.SECTIONNAME2 | N | SAM Assignments | Express Creation | DP:TEXTBOOK.BOOK | Y | DP:NAMEVALIDATION.LOWERCASE | DP:NAMEVALIDATION.UPPERCASE | DP:NAMEVALIDATION.MINCHAR | DP:NAMEVALIDATION.MAXCHAR | DP:NAMEVALIDATION.NUMERICDIGIT | DP:NAMEVALIDATION.SPECIALCHARACTER | DP:NAMEVALIDATION.UPPERLOWER | DP:NAMEVALIDATION.UPPERLOWERNUMERIC | DP:NAMEVALIDATION.UPPERLOWERNUMERICSPECIAL | ! |" name="And I enter DP:NAMEVALIDATION.UPPERCASE N in Express Creation page" time="0.015">
    <skipped/>
  </testcase>
  <testcase classname="| DP:SUPER.USERNAME | DP:SUPER.PASSWORD | DP:NAMEVALIDATION.WARNINGMESSAGE | Projects | DP:SECTIONS.SECTIONNAME2 | N | SAM Assignments | Express Creation | DP:TEXTBOOK.BOOK | Y | DP:NAMEVALIDATION.LOWERCASE | DP:NAMEVALIDATION.UPPERCASE | DP:NAMEVALIDATION.MINCHAR | DP:NAMEVALIDATION.MAXCHAR | DP:NAMEVALIDATION.NUMERICDIGIT | DP:NAMEVALIDATION.SPECIALCHARACTER | DP:NAMEVALIDATION.UPPERLOWER | DP:NAMEVALIDATION.UPPERLOWERNUMERIC | DP:NAMEVALIDATION.UPPERLOWERNUMERICSPECIAL | ! |" name="And I click on Save Project button" time="0.015">
    <skipped/>
  </testcase>
  <testcase classname="| DP:SUPER.USERNAME | DP:SUPER.PASSWORD | DP:NAMEVALIDATION.WARNINGMESSAGE | Projects | DP:SECTIONS.SECTIONNAME2 | N | SAM Assignments | Express Creation | DP:TEXTBOOK.BOOK | Y | DP:NAMEVALIDATION.LOWERCASE | DP:NAMEVALIDATION.UPPERCASE | DP:NAMEVALIDATION.MINCHAR | DP:NAMEVALIDATION.MAXCHAR | DP:NAMEVALIDATION.NUMERICDIGIT | DP:NAMEVALIDATION.SPECIALCHARACTER | DP:NAMEVALIDATION.UPPERLOWER | DP:NAMEVALIDATION.UPPERLOWERNUMERIC | DP:NAMEVALIDATION.UPPERLOWERNUMERICSPECIAL | ! |" name="And I accept the pop-up" time="0.031">
    <skipped/>
  </testcase>
  <testcase classname="| DP:SUPER.USERNAME | DP:SUPER.PASSWORD | DP:NAMEVALIDATION.WARNINGMESSAGE | Projects | DP:SECTIONS.SECTIONNAME2 | N | SAM Assignments | Express Creation | DP:TEXTBOOK.BOOK | Y | DP:NAMEVALIDATION.LOWERCASE | DP:NAMEVALIDATION.UPPERCASE | DP:NAMEVALIDATION.MINCHAR | DP:NAMEVALIDATION.MAXCHAR | DP:NAMEVALIDATION.NUMERICDIGIT | DP:NAMEVALIDATION.SPECIALCHARACTER | DP:NAMEVALIDATION.UPPERLOWER | DP:NAMEVALIDATION.UPPERLOWERNUMERIC | DP:NAMEVALIDATION.UPPERLOWERNUMERICSPECIAL | ! |" name="And I click on Projects tab" time="0.031">
    <skipped/>
  </testcase>
  <testcase classname="| DP:SUPER.USERNAME | DP:SUPER.PASSWORD | DP:NAMEVALIDATION.WARNINGMESSAGE | Projects | DP:SECTIONS.SECTIONNAME2 | N | SAM Assignments | Express Creation | DP:TEXTBOOK.BOOK | Y | DP:NAMEVALIDATION.LOWERCASE | DP:NAMEVALIDATION.UPPERCASE | DP:NAMEVALIDATION.MINCHAR | DP:NAMEVALIDATION.MAXCHAR | DP:NAMEVALIDATION.NUMERICDIGIT | DP:NAMEVALIDATION.SPECIALCHARACTER | DP:NAMEVALIDATION.UPPERLOWER | DP:NAMEVALIDATION.UPPERLOWERNUMERIC | DP:NAMEVALIDATION.UPPERLOWERNUMERICSPECIAL | ! |" name="And I click on Express Creation tab" time="0.031">
    <skipped/>
  </testcase>
  <testcase classname="| DP:SUPER.USERNAME | DP:SUPER.PASSWORD | DP:NAMEVALIDATION.WARNINGMESSAGE | Projects | DP:SECTIONS.SECTIONNAME2 | N | SAM Assignments | Express Creation | DP:TEXTBOOK.BOOK | Y | DP:NAMEVALIDATION.LOWERCASE | DP:NAMEVALIDATION.UPPERCASE | DP:NAMEVALIDATION.MINCHAR | DP:NAMEVALIDATION.MAXCHAR | DP:NAMEVALIDATION.NUMERICDIGIT | DP:NAMEVALIDATION.SPECIALCHARACTER | DP:NAMEVALIDATION.UPPERLOWER | DP:NAMEVALIDATION.UPPERLOWERNUMERIC | DP:NAMEVALIDATION.UPPERLOWERNUMERICSPECIAL | ! |" name="And I select DP:SECTIONS.SECTIONNAME2 Y from section drop down in Express Creation page" time="0.031">
    <skipped/>
  </testcase>
  <testcase classname="| DP:SUPER.USERNAME | DP:SUPER.PASSWORD | DP:NAMEVALIDATION.WARNINGMESSAGE | Projects | DP:SECTIONS.SECTIONNAME2 | N | SAM Assignments | Express Creation | DP:TEXTBOOK.BOOK | Y | DP:NAMEVALIDATION.LOWERCASE | DP:NAMEVALIDATION.UPPERCASE | DP:NAMEVALIDATION.MINCHAR | DP:NAMEVALIDATION.MAXCHAR | DP:NAMEVALIDATION.NUMERICDIGIT | DP:NAMEVALIDATION.SPECIALCHARACTER | DP:NAMEVALIDATION.UPPERLOWER | DP:NAMEVALIDATION.UPPERLOWERNUMERIC | DP:NAMEVALIDATION.UPPERLOWERNUMERICSPECIAL | ! |" name="And I select DP:TEXTBOOK.BOOK from Textbook drop down" time="0.031">
    <skipped/>
  </testcase>
  <testcase classname="| DP:SUPER.USERNAME | DP:SUPER.PASSWORD | DP:NAMEVALIDATION.WARNINGMESSAGE | Projects | DP:SECTIONS.SECTIONNAME2 | N | SAM Assignments | Express Creation | DP:TEXTBOOK.BOOK | Y | DP:NAMEVALIDATION.LOWERCASE | DP:NAMEVALIDATION.UPPERCASE | DP:NAMEVALIDATION.MINCHAR | DP:NAMEVALIDATION.MAXCHAR | DP:NAMEVALIDATION.NUMERICDIGIT | DP:NAMEVALIDATION.SPECIALCHARACTER | DP:NAMEVALIDATION.UPPERLOWER | DP:NAMEVALIDATION.UPPERLOWERNUMERIC | DP:NAMEVALIDATION.UPPERLOWERNUMERICSPECIAL | ! |" name="And I click on Chapters" time="0.031">
    <skipped/>
  </testcase>
  <testcase classname="| DP:SUPER.USERNAME | DP:SUPER.PASSWORD | DP:NAMEVALIDATION.WARNINGMESSAGE | Projects | DP:SECTIONS.SECTIONNAME2 | N | SAM Assignments | Express Creation | DP:TEXTBOOK.BOOK | Y | DP:NAMEVALIDATION.LOWERCASE | DP:NAMEVALIDATION.UPPERCASE | DP:NAMEVALIDATION.MINCHAR | DP:NAMEVALIDATION.MAXCHAR | DP:NAMEVALIDATION.NUMERICDIGIT | DP:NAMEVALIDATION.SPECIALCHARACTER | DP:NAMEVALIDATION.UPPERLOWER | DP:NAMEVALIDATION.UPPERLOWERNUMERIC | DP:NAMEVALIDATION.UPPERLOWERNUMERICSPECIAL | ! |" name="And I click on Project Assignment Chapter" time="0.031">
    <skipped/>
  </testcase>
  <testcase classname="| DP:SUPER.USERNAME | DP:SUPER.PASSWORD | DP:NAMEVALIDATION.WARNINGMESSAGE | Projects | DP:SECTIONS.SECTIONNAME2 | N | SAM Assignments | Express Creation | DP:TEXTBOOK.BOOK | Y | DP:NAMEVALIDATION.LOWERCASE | DP:NAMEVALIDATION.UPPERCASE | DP:NAMEVALIDATION.MINCHAR | DP:NAMEVALIDATION.MAXCHAR | DP:NAMEVALIDATION.NUMERICDIGIT | DP:NAMEVALIDATION.SPECIALCHARACTER | DP:NAMEVALIDATION.UPPERLOWER | DP:NAMEVALIDATION.UPPERLOWERNUMERIC | DP:NAMEVALIDATION.UPPERLOWERNUMERICSPECIAL | ! |" name="And I enter DP:NAMEVALIDATION.NUMERICDIGIT N in Express Creation page" time="0.031">
    <skipped/>
  </testcase>
  <testcase classname="| DP:SUPER.USERNAME | DP:SUPER.PASSWORD | DP:NAMEVALIDATION.WARNINGMESSAGE | Projects | DP:SECTIONS.SECTIONNAME2 | N | SAM Assignments | Express Creation | DP:TEXTBOOK.BOOK | Y | DP:NAMEVALIDATION.LOWERCASE | DP:NAMEVALIDATION.UPPERCASE | DP:NAMEVALIDATION.MINCHAR | DP:NAMEVALIDATION.MAXCHAR | DP:NAMEVALIDATION.NUMERICDIGIT | DP:NAMEVALIDATION.SPECIALCHARACTER | DP:NAMEVALIDATION.UPPERLOWER | DP:NAMEVALIDATION.UPPERLOWERNUMERIC | DP:NAMEVALIDATION.UPPERLOWERNUMERICSPECIAL | ! |" name="And I click on Save Project button" time="0.031">
    <skipped/>
  </testcase>
  <testcase classname="| DP:SUPER.USERNAME | DP:SUPER.PASSWORD | DP:NAMEVALIDATION.WARNINGMESSAGE | Projects | DP:SECTIONS.SECTIONNAME2 | N | SAM Assignments | Express Creation | DP:TEXTBOOK.BOOK | Y | DP:NAMEVALIDATION.LOWERCASE | DP:NAMEVALIDATION.UPPERCASE | DP:NAMEVALIDATION.MINCHAR | DP:NAMEVALIDATION.MAXCHAR | DP:NAMEVALIDATION.NUMERICDIGIT | DP:NAMEVALIDATION.SPECIALCHARACTER | DP:NAMEVALIDATION.UPPERLOWER | DP:NAMEVALIDATION.UPPERLOWERNUMERIC | DP:NAMEVALIDATION.UPPERLOWERNUMERICSPECIAL | ! |" name="And I accept the pop-up" time="0.031">
    <skipped/>
  </testcase>
  <testcase classname="| DP:SUPER.USERNAME | DP:SUPER.PASSWORD | DP:NAMEVALIDATION.WARNINGMESSAGE | Projects | DP:SECTIONS.SECTIONNAME2 | N | SAM Assignments | Express Creation | DP:TEXTBOOK.BOOK | Y | DP:NAMEVALIDATION.LOWERCASE | DP:NAMEVALIDATION.UPPERCASE | DP:NAMEVALIDATION.MINCHAR | DP:NAMEVALIDATION.MAXCHAR | DP:NAMEVALIDATION.NUMERICDIGIT | DP:NAMEVALIDATION.SPECIALCHARACTER | DP:NAMEVALIDATION.UPPERLOWER | DP:NAMEVALIDATION.UPPERLOWERNUMERIC | DP:NAMEVALIDATION.UPPERLOWERNUMERICSPECIAL | ! |" name="And I click on Projects tab" time="0.031">
    <skipped/>
  </testcase>
  <testcase classname="| DP:SUPER.USERNAME | DP:SUPER.PASSWORD | DP:NAMEVALIDATION.WARNINGMESSAGE | Projects | DP:SECTIONS.SECTIONNAME2 | N | SAM Assignments | Express Creation | DP:TEXTBOOK.BOOK | Y | DP:NAMEVALIDATION.LOWERCASE | DP:NAMEVALIDATION.UPPERCASE | DP:NAMEVALIDATION.MINCHAR | DP:NAMEVALIDATION.MAXCHAR | DP:NAMEVALIDATION.NUMERICDIGIT | DP:NAMEVALIDATION.SPECIALCHARACTER | DP:NAMEVALIDATION.UPPERLOWER | DP:NAMEVALIDATION.UPPERLOWERNUMERIC | DP:NAMEVALIDATION.UPPERLOWERNUMERICSPECIAL | ! |" name="And I click on Express Creation tab" time="0.046">
    <skipped/>
  </testcase>
  <testcase classname="| DP:SUPER.USERNAME | DP:SUPER.PASSWORD | DP:NAMEVALIDATION.WARNINGMESSAGE | Projects | DP:SECTIONS.SECTIONNAME2 | N | SAM Assignments | Express Creation | DP:TEXTBOOK.BOOK | Y | DP:NAMEVALIDATION.LOWERCASE | DP:NAMEVALIDATION.UPPERCASE | DP:NAMEVALIDATION.MINCHAR | DP:NAMEVALIDATION.MAXCHAR | DP:NAMEVALIDATION.NUMERICDIGIT | DP:NAMEVALIDATION.SPECIALCHARACTER | DP:NAMEVALIDATION.UPPERLOWER | DP:NAMEVALIDATION.UPPERLOWERNUMERIC | DP:NAMEVALIDATION.UPPERLOWERNUMERICSPECIAL | ! |" name="And I select DP:SECTIONS.SECTIONNAME2 Y from section drop down in Express Creation page" time="0.046">
    <skipped/>
  </testcase>
  <testcase classname="| DP:SUPER.USERNAME | DP:SUPER.PASSWORD | DP:NAMEVALIDATION.WARNINGMESSAGE | Projects | DP:SECTIONS.SECTIONNAME2 | N | SAM Assignments | Express Creation | DP:TEXTBOOK.BOOK | Y | DP:NAMEVALIDATION.LOWERCASE | DP:NAMEVALIDATION.UPPERCASE | DP:NAMEVALIDATION.MINCHAR | DP:NAMEVALIDATION.MAXCHAR | DP:NAMEVALIDATION.NUMERICDIGIT | DP:NAMEVALIDATION.SPECIALCHARACTER | DP:NAMEVALIDATION.UPPERLOWER | DP:NAMEVALIDATION.UPPERLOWERNUMERIC | DP:NAMEVALIDATION.UPPERLOWERNUMERICSPECIAL | ! |" name="And I select DP:TEXTBOOK.BOOK from Textbook drop down" time="0.046">
    <skipped/>
  </testcase>
  <testcase classname="| DP:SUPER.USERNAME | DP:SUPER.PASSWORD | DP:NAMEVALIDATION.WARNINGMESSAGE | Projects | DP:SECTIONS.SECTIONNAME2 | N | SAM Assignments | Express Creation | DP:TEXTBOOK.BOOK | Y | DP:NAMEVALIDATION.LOWERCASE | DP:NAMEVALIDATION.UPPERCASE | DP:NAMEVALIDATION.MINCHAR | DP:NAMEVALIDATION.MAXCHAR | DP:NAMEVALIDATION.NUMERICDIGIT | DP:NAMEVALIDATION.SPECIALCHARACTER | DP:NAMEVALIDATION.UPPERLOWER | DP:NAMEVALIDATION.UPPERLOWERNUMERIC | DP:NAMEVALIDATION.UPPERLOWERNUMERICSPECIAL | ! |" name="And I click on Chapters" time="0.046">
    <skipped/>
  </testcase>
  <testcase classname="| DP:SUPER.USERNAME | DP:SUPER.PASSWORD | DP:NAMEVALIDATION.WARNINGMESSAGE | Projects | DP:SECTIONS.SECTIONNAME2 | N | SAM Assignments | Express Creation | DP:TEXTBOOK.BOOK | Y | DP:NAMEVALIDATION.LOWERCASE | DP:NAMEVALIDATION.UPPERCASE | DP:NAMEVALIDATION.MINCHAR | DP:NAMEVALIDATION.MAXCHAR | DP:NAMEVALIDATION.NUMERICDIGIT | DP:NAMEVALIDATION.SPECIALCHARACTER | DP:NAMEVALIDATION.UPPERLOWER | DP:NAMEVALIDATION.UPPERLOWERNUMERIC | DP:NAMEVALIDATION.UPPERLOWERNUMERICSPECIAL | ! |" name="And I click on Project Assignment Chapter" time="0.046">
    <skipped/>
  </testcase>
  <testcase classname="| DP:SUPER.USERNAME | DP:SUPER.PASSWORD | DP:NAMEVALIDATION.WARNINGMESSAGE | Projects | DP:SECTIONS.SECTIONNAME2 | N | SAM Assignments | Express Creation | DP:TEXTBOOK.BOOK | Y | DP:NAMEVALIDATION.LOWERCASE | DP:NAMEVALIDATION.UPPERCASE | DP:NAMEVALIDATION.MINCHAR | DP:NAMEVALIDATION.MAXCHAR | DP:NAMEVALIDATION.NUMERICDIGIT | DP:NAMEVALIDATION.SPECIALCHARACTER | DP:NAMEVALIDATION.UPPERLOWER | DP:NAMEVALIDATION.UPPERLOWERNUMERIC | DP:NAMEVALIDATION.UPPERLOWERNUMERICSPECIAL | ! |" name="And I enter DP:NAMEVALIDATION.SPECIALCHARACTER N in Express Creation page" time="0.046">
    <skipped/>
  </testcase>
  <testcase classname="| DP:SUPER.USERNAME | DP:SUPER.PASSWORD | DP:NAMEVALIDATION.WARNINGMESSAGE | Projects | DP:SECTIONS.SECTIONNAME2 | N | SAM Assignments | Express Creation | DP:TEXTBOOK.BOOK | Y | DP:NAMEVALIDATION.LOWERCASE | DP:NAMEVALIDATION.UPPERCASE | DP:NAMEVALIDATION.MINCHAR | DP:NAMEVALIDATION.MAXCHAR | DP:NAMEVALIDATION.NUMERICDIGIT | DP:NAMEVALIDATION.SPECIALCHARACTER | DP:NAMEVALIDATION.UPPERLOWER | DP:NAMEVALIDATION.UPPERLOWERNUMERIC | DP:NAMEVALIDATION.UPPERLOWERNUMERICSPECIAL | ! |" name="And I click on Save Project button" time="0.046">
    <skipped/>
  </testcase>
  <testcase classname="| DP:SUPER.USERNAME | DP:SUPER.PASSWORD | DP:NAMEVALIDATION.WARNINGMESSAGE | Projects | DP:SECTIONS.SECTIONNAME2 | N | SAM Assignments | Express Creation | DP:TEXTBOOK.BOOK | Y | DP:NAMEVALIDATION.LOWERCASE | DP:NAMEVALIDATION.UPPERCASE | DP:NAMEVALIDATION.MINCHAR | DP:NAMEVALIDATION.MAXCHAR | DP:NAMEVALIDATION.NUMERICDIGIT | DP:NAMEVALIDATION.SPECIALCHARACTER | DP:NAMEVALIDATION.UPPERLOWER | DP:NAMEVALIDATION.UPPERLOWERNUMERIC | DP:NAMEVALIDATION.UPPERLOWERNUMERICSPECIAL | ! |" name="And I accept the pop-up" time="0.046">
    <skipped/>
  </testcase>
  <testcase classname="| DP:SUPER.USERNAME | DP:SUPER.PASSWORD | DP:NAMEVALIDATION.WARNINGMESSAGE | Projects | DP:SECTIONS.SECTIONNAME2 | N | SAM Assignments | Express Creation | DP:TEXTBOOK.BOOK | Y | DP:NAMEVALIDATION.LOWERCASE | DP:NAMEVALIDATION.UPPERCASE | DP:NAMEVALIDATION.MINCHAR | DP:NAMEVALIDATION.MAXCHAR | DP:NAMEVALIDATION.NUMERICDIGIT | DP:NAMEVALIDATION.SPECIALCHARACTER | DP:NAMEVALIDATION.UPPERLOWER | DP:NAMEVALIDATION.UPPERLOWERNUMERIC | DP:NAMEVALIDATION.UPPERLOWERNUMERICSPECIAL | ! |" name="And I click on Projects tab" time="0.046">
    <skipped/>
  </testcase>
  <testcase classname="| DP:SUPER.USERNAME | DP:SUPER.PASSWORD | DP:NAMEVALIDATION.WARNINGMESSAGE | Projects | DP:SECTIONS.SECTIONNAME2 | N | SAM Assignments | Express Creation | DP:TEXTBOOK.BOOK | Y | DP:NAMEVALIDATION.LOWERCASE | DP:NAMEVALIDATION.UPPERCASE | DP:NAMEVALIDATION.MINCHAR | DP:NAMEVALIDATION.MAXCHAR | DP:NAMEVALIDATION.NUMERICDIGIT | DP:NAMEVALIDATION.SPECIALCHARACTER | DP:NAMEVALIDATION.UPPERLOWER | DP:NAMEVALIDATION.UPPERLOWERNUMERIC | DP:NAMEVALIDATION.UPPERLOWERNUMERICSPECIAL | ! |" name="And I click on Express Creation tab" time="0.046">
    <skipped/>
  </testcase>
  <testcase classname="| DP:SUPER.USERNAME | DP:SUPER.PASSWORD | DP:NAMEVALIDATION.WARNINGMESSAGE | Projects | DP:SECTIONS.SECTIONNAME2 | N | SAM Assignments | Express Creation | DP:TEXTBOOK.BOOK | Y | DP:NAMEVALIDATION.LOWERCASE | DP:NAMEVALIDATION.UPPERCASE | DP:NAMEVALIDATION.MINCHAR | DP:NAMEVALIDATION.MAXCHAR | DP:NAMEVALIDATION.NUMERICDIGIT | DP:NAMEVALIDATION.SPECIALCHARACTER | DP:NAMEVALIDATION.UPPERLOWER | DP:NAMEVALIDATION.UPPERLOWERNUMERIC | DP:NAMEVALIDATION.UPPERLOWERNUMERICSPECIAL | ! |" name="And I select DP:SECTIONS.SECTIONNAME2 Y from section drop down in Express Creation page" time="0.046">
    <skipped/>
  </testcase>
  <testcase classname="| DP:SUPER.USERNAME | DP:SUPER.PASSWORD | DP:NAMEVALIDATION.WARNINGMESSAGE | Projects | DP:SECTIONS.SECTIONNAME2 | N | SAM Assignments | Express Creation | DP:TEXTBOOK.BOOK | Y | DP:NAMEVALIDATION.LOWERCASE | DP:NAMEVALIDATION.UPPERCASE | DP:NAMEVALIDATION.MINCHAR | DP:NAMEVALIDATION.MAXCHAR | DP:NAMEVALIDATION.NUMERICDIGIT | DP:NAMEVALIDATION.SPECIALCHARACTER | DP:NAMEVALIDATION.UPPERLOWER | DP:NAMEVALIDATION.UPPERLOWERNUMERIC | DP:NAMEVALIDATION.UPPERLOWERNUMERICSPECIAL | ! |" name="And I select DP:TEXTBOOK.BOOK from Textbook drop down" time="0.046">
    <skipped/>
  </testcase>
  <testcase classname="| DP:SUPER.USERNAME | DP:SUPER.PASSWORD | DP:NAMEVALIDATION.WARNINGMESSAGE | Projects | DP:SECTIONS.SECTIONNAME2 | N | SAM Assignments | Express Creation | DP:TEXTBOOK.BOOK | Y | DP:NAMEVALIDATION.LOWERCASE | DP:NAMEVALIDATION.UPPERCASE | DP:NAMEVALIDATION.MINCHAR | DP:NAMEVALIDATION.MAXCHAR | DP:NAMEVALIDATION.NUMERICDIGIT | DP:NAMEVALIDATION.SPECIALCHARACTER | DP:NAMEVALIDATION.UPPERLOWER | DP:NAMEVALIDATION.UPPERLOWERNUMERIC | DP:NAMEVALIDATION.UPPERLOWERNUMERICSPECIAL | ! |" name="And I click on Chapters" time="0.046">
    <skipped/>
  </testcase>
  <testcase classname="| DP:SUPER.USERNAME | DP:SUPER.PASSWORD | DP:NAMEVALIDATION.WARNINGMESSAGE | Projects | DP:SECTIONS.SECTIONNAME2 | N | SAM Assignments | Express Creation | DP:TEXTBOOK.BOOK | Y | DP:NAMEVALIDATION.LOWERCASE | DP:NAMEVALIDATION.UPPERCASE | DP:NAMEVALIDATION.MINCHAR | DP:NAMEVALIDATION.MAXCHAR | DP:NAMEVALIDATION.NUMERICDIGIT | DP:NAMEVALIDATION.SPECIALCHARACTER | DP:NAMEVALIDATION.UPPERLOWER | DP:NAMEVALIDATION.UPPERLOWERNUMERIC | DP:NAMEVALIDATION.UPPERLOWERNUMERICSPECIAL | ! |" name="And I click on Project Assignment Chapter" time="0.062">
    <skipped/>
  </testcase>
  <testcase classname="| DP:SUPER.USERNAME | DP:SUPER.PASSWORD | DP:NAMEVALIDATION.WARNINGMESSAGE | Projects | DP:SECTIONS.SECTIONNAME2 | N | SAM Assignments | Express Creation | DP:TEXTBOOK.BOOK | Y | DP:NAMEVALIDATION.LOWERCASE | DP:NAMEVALIDATION.UPPERCASE | DP:NAMEVALIDATION.MINCHAR | DP:NAMEVALIDATION.MAXCHAR | DP:NAMEVALIDATION.NUMERICDIGIT | DP:NAMEVALIDATION.SPECIALCHARACTER | DP:NAMEVALIDATION.UPPERLOWER | DP:NAMEVALIDATION.UPPERLOWERNUMERIC | DP:NAMEVALIDATION.UPPERLOWERNUMERICSPECIAL | ! |" name="And I enter DP:NAMEVALIDATION.UPPERLOWER N in Express Creation page" time="0.062">
    <skipped/>
  </testcase>
  <testcase classname="| DP:SUPER.USERNAME | DP:SUPER.PASSWORD | DP:NAMEVALIDATION.WARNINGMESSAGE | Projects | DP:SECTIONS.SECTIONNAME2 | N | SAM Assignments | Express Creation | DP:TEXTBOOK.BOOK | Y | DP:NAMEVALIDATION.LOWERCASE | DP:NAMEVALIDATION.UPPERCASE | DP:NAMEVALIDATION.MINCHAR | DP:NAMEVALIDATION.MAXCHAR | DP:NAMEVALIDATION.NUMERICDIGIT | DP:NAMEVALIDATION.SPECIALCHARACTER | DP:NAMEVALIDATION.UPPERLOWER | DP:NAMEVALIDATION.UPPERLOWERNUMERIC | DP:NAMEVALIDATION.UPPERLOWERNUMERICSPECIAL | ! |" name="And I click on Save Project button" time="0.062">
    <skipped/>
  </testcase>
  <testcase classname="| DP:SUPER.USERNAME | DP:SUPER.PASSWORD | DP:NAMEVALIDATION.WARNINGMESSAGE | Projects | DP:SECTIONS.SECTIONNAME2 | N | SAM Assignments | Express Creation | DP:TEXTBOOK.BOOK | Y | DP:NAMEVALIDATION.LOWERCASE | DP:NAMEVALIDATION.UPPERCASE | DP:NAMEVALIDATION.MINCHAR | DP:NAMEVALIDATION.MAXCHAR | DP:NAMEVALIDATION.NUMERICDIGIT | DP:NAMEVALIDATION.SPECIALCHARACTER | DP:NAMEVALIDATION.UPPERLOWER | DP:NAMEVALIDATION.UPPERLOWERNUMERIC | DP:NAMEVALIDATION.UPPERLOWERNUMERICSPECIAL | ! |" name="And I accept the pop-up" time="0.062">
    <skipped/>
  </testcase>
  <testcase classname="| DP:SUPER.USERNAME | DP:SUPER.PASSWORD | DP:NAMEVALIDATION.WARNINGMESSAGE | Projects | DP:SECTIONS.SECTIONNAME2 | N | SAM Assignments | Express Creation | DP:TEXTBOOK.BOOK | Y | DP:NAMEVALIDATION.LOWERCASE | DP:NAMEVALIDATION.UPPERCASE | DP:NAMEVALIDATION.MINCHAR | DP:NAMEVALIDATION.MAXCHAR | DP:NAMEVALIDATION.NUMERICDIGIT | DP:NAMEVALIDATION.SPECIALCHARACTER | DP:NAMEVALIDATION.UPPERLOWER | DP:NAMEVALIDATION.UPPERLOWERNUMERIC | DP:NAMEVALIDATION.UPPERLOWERNUMERICSPECIAL | ! |" name="And I click on Projects tab" time="0.062">
    <skipped/>
  </testcase>
  <testcase classname="| DP:SUPER.USERNAME | DP:SUPER.PASSWORD | DP:NAMEVALIDATION.WARNINGMESSAGE | Projects | DP:SECTIONS.SECTIONNAME2 | N | SAM Assignments | Express Creation | DP:TEXTBOOK.BOOK | Y | DP:NAMEVALIDATION.LOWERCASE | DP:NAMEVALIDATION.UPPERCASE | DP:NAMEVALIDATION.MINCHAR | DP:NAMEVALIDATION.MAXCHAR | DP:NAMEVALIDATION.NUMERICDIGIT | DP:NAMEVALIDATION.SPECIALCHARACTER | DP:NAMEVALIDATION.UPPERLOWER | DP:NAMEVALIDATION.UPPERLOWERNUMERIC | DP:NAMEVALIDATION.UPPERLOWERNUMERICSPECIAL | ! |" name="And I click on Express Creation tab" time="0.062">
    <skipped/>
  </testcase>
  <testcase classname="| DP:SUPER.USERNAME | DP:SUPER.PASSWORD | DP:NAMEVALIDATION.WARNINGMESSAGE | Projects | DP:SECTIONS.SECTIONNAME2 | N | SAM Assignments | Express Creation | DP:TEXTBOOK.BOOK | Y | DP:NAMEVALIDATION.LOWERCASE | DP:NAMEVALIDATION.UPPERCASE | DP:NAMEVALIDATION.MINCHAR | DP:NAMEVALIDATION.MAXCHAR | DP:NAMEVALIDATION.NUMERICDIGIT | DP:NAMEVALIDATION.SPECIALCHARACTER | DP:NAMEVALIDATION.UPPERLOWER | DP:NAMEVALIDATION.UPPERLOWERNUMERIC | DP:NAMEVALIDATION.UPPERLOWERNUMERICSPECIAL | ! |" name="And I select DP:SECTIONS.SECTIONNAME2 Y from section drop down in Express Creation page" time="0.062">
    <skipped/>
  </testcase>
  <testcase classname="| DP:SUPER.USERNAME | DP:SUPER.PASSWORD | DP:NAMEVALIDATION.WARNINGMESSAGE | Projects | DP:SECTIONS.SECTIONNAME2 | N | SAM Assignments | Express Creation | DP:TEXTBOOK.BOOK | Y | DP:NAMEVALIDATION.LOWERCASE | DP:NAMEVALIDATION.UPPERCASE | DP:NAMEVALIDATION.MINCHAR | DP:NAMEVALIDATION.MAXCHAR | DP:NAMEVALIDATION.NUMERICDIGIT | DP:NAMEVALIDATION.SPECIALCHARACTER | DP:NAMEVALIDATION.UPPERLOWER | DP:NAMEVALIDATION.UPPERLOWERNUMERIC | DP:NAMEVALIDATION.UPPERLOWERNUMERICSPECIAL | ! |" name="And I select DP:TEXTBOOK.BOOK from Textbook drop down" time="0.062">
    <skipped/>
  </testcase>
  <testcase classname="| DP:SUPER.USERNAME | DP:SUPER.PASSWORD | DP:NAMEVALIDATION.WARNINGMESSAGE | Projects | DP:SECTIONS.SECTIONNAME2 | N | SAM Assignments | Express Creation | DP:TEXTBOOK.BOOK | Y | DP:NAMEVALIDATION.LOWERCASE | DP:NAMEVALIDATION.UPPERCASE | DP:NAMEVALIDATION.MINCHAR | DP:NAMEVALIDATION.MAXCHAR | DP:NAMEVALIDATION.NUMERICDIGIT | DP:NAMEVALIDATION.SPECIALCHARACTER | DP:NAMEVALIDATION.UPPERLOWER | DP:NAMEVALIDATION.UPPERLOWERNUMERIC | DP:NAMEVALIDATION.UPPERLOWERNUMERICSPECIAL | ! |" name="And I click on Chapters" time="0.062">
    <skipped/>
  </testcase>
  <testcase classname="| DP:SUPER.USERNAME | DP:SUPER.PASSWORD | DP:NAMEVALIDATION.WARNINGMESSAGE | Projects | DP:SECTIONS.SECTIONNAME2 | N | SAM Assignments | Express Creation | DP:TEXTBOOK.BOOK | Y | DP:NAMEVALIDATION.LOWERCASE | DP:NAMEVALIDATION.UPPERCASE | DP:NAMEVALIDATION.MINCHAR | DP:NAMEVALIDATION.MAXCHAR | DP:NAMEVALIDATION.NUMERICDIGIT | DP:NAMEVALIDATION.SPECIALCHARACTER | DP:NAMEVALIDATION.UPPERLOWER | DP:NAMEVALIDATION.UPPERLOWERNUMERIC | DP:NAMEVALIDATION.UPPERLOWERNUMERICSPECIAL | ! |" name="And I click on Project Assignment Chapter" time="0.062">
    <skipped/>
  </testcase>
  <testcase classname="| DP:SUPER.USERNAME | DP:SUPER.PASSWORD | DP:NAMEVALIDATION.WARNINGMESSAGE | Projects | DP:SECTIONS.SECTIONNAME2 | N | SAM Assignments | Express Creation | DP:TEXTBOOK.BOOK | Y | DP:NAMEVALIDATION.LOWERCASE | DP:NAMEVALIDATION.UPPERCASE | DP:NAMEVALIDATION.MINCHAR | DP:NAMEVALIDATION.MAXCHAR | DP:NAMEVALIDATION.NUMERICDIGIT | DP:NAMEVALIDATION.SPECIALCHARACTER | DP:NAMEVALIDATION.UPPERLOWER | DP:NAMEVALIDATION.UPPERLOWERNUMERIC | DP:NAMEVALIDATION.UPPERLOWERNUMERICSPECIAL | ! |" name="And I enter DP:NAMEVALIDATION.UPPERLOWERNUMERIC N in Express Creation page" time="0.062">
    <skipped/>
  </testcase>
  <testcase classname="| DP:SUPER.USERNAME | DP:SUPER.PASSWORD | DP:NAMEVALIDATION.WARNINGMESSAGE | Projects | DP:SECTIONS.SECTIONNAME2 | N | SAM Assignments | Express Creation | DP:TEXTBOOK.BOOK | Y | DP:NAMEVALIDATION.LOWERCASE | DP:NAMEVALIDATION.UPPERCASE | DP:NAMEVALIDATION.MINCHAR | DP:NAMEVALIDATION.MAXCHAR | DP:NAMEVALIDATION.NUMERICDIGIT | DP:NAMEVALIDATION.SPECIALCHARACTER | DP:NAMEVALIDATION.UPPERLOWER | DP:NAMEVALIDATION.UPPERLOWERNUMERIC | DP:NAMEVALIDATION.UPPERLOWERNUMERICSPECIAL | ! |" name="And I click on Save Project button" time="0.062">
    <skipped/>
  </testcase>
  <testcase classname="| DP:SUPER.USERNAME | DP:SUPER.PASSWORD | DP:NAMEVALIDATION.WARNINGMESSAGE | Projects | DP:SECTIONS.SECTIONNAME2 | N | SAM Assignments | Express Creation | DP:TEXTBOOK.BOOK | Y | DP:NAMEVALIDATION.LOWERCASE | DP:NAMEVALIDATION.UPPERCASE | DP:NAMEVALIDATION.MINCHAR | DP:NAMEVALIDATION.MAXCHAR | DP:NAMEVALIDATION.NUMERICDIGIT | DP:NAMEVALIDATION.SPECIALCHARACTER | DP:NAMEVALIDATION.UPPERLOWER | DP:NAMEVALIDATION.UPPERLOWERNUMERIC | DP:NAMEVALIDATION.UPPERLOWERNUMERICSPECIAL | ! |" name="And I accept the pop-up" time="0.062">
    <skipped/>
  </testcase>
  <testcase classname="| DP:SUPER.USERNAME | DP:SUPER.PASSWORD | DP:NAMEVALIDATION.WARNINGMESSAGE | Projects | DP:SECTIONS.SECTIONNAME2 | N | SAM Assignments | Express Creation | DP:TEXTBOOK.BOOK | Y | DP:NAMEVALIDATION.LOWERCASE | DP:NAMEVALIDATION.UPPERCASE | DP:NAMEVALIDATION.MINCHAR | DP:NAMEVALIDATION.MAXCHAR | DP:NAMEVALIDATION.NUMERICDIGIT | DP:NAMEVALIDATION.SPECIALCHARACTER | DP:NAMEVALIDATION.UPPERLOWER | DP:NAMEVALIDATION.UPPERLOWERNUMERIC | DP:NAMEVALIDATION.UPPERLOWERNUMERICSPECIAL | ! |" name="And I click on Projects tab" time="0.062">
    <skipped/>
  </testcase>
  <testcase classname="| DP:SUPER.USERNAME | DP:SUPER.PASSWORD | DP:NAMEVALIDATION.WARNINGMESSAGE | Projects | DP:SECTIONS.SECTIONNAME2 | N | SAM Assignments | Express Creation | DP:TEXTBOOK.BOOK | Y | DP:NAMEVALIDATION.LOWERCASE | DP:NAMEVALIDATION.UPPERCASE | DP:NAMEVALIDATION.MINCHAR | DP:NAMEVALIDATION.MAXCHAR | DP:NAMEVALIDATION.NUMERICDIGIT | DP:NAMEVALIDATION.SPECIALCHARACTER | DP:NAMEVALIDATION.UPPERLOWER | DP:NAMEVALIDATION.UPPERLOWERNUMERIC | DP:NAMEVALIDATION.UPPERLOWERNUMERICSPECIAL | ! |" name="And I click on Express Creation tab" time="0.062">
    <skipped/>
  </testcase>
  <testcase classname="| DP:SUPER.USERNAME | DP:SUPER.PASSWORD | DP:NAMEVALIDATION.WARNINGMESSAGE | Projects | DP:SECTIONS.SECTIONNAME2 | N | SAM Assignments | Express Creation | DP:TEXTBOOK.BOOK | Y | DP:NAMEVALIDATION.LOWERCASE | DP:NAMEVALIDATION.UPPERCASE | DP:NAMEVALIDATION.MINCHAR | DP:NAMEVALIDATION.MAXCHAR | DP:NAMEVALIDATION.NUMERICDIGIT | DP:NAMEVALIDATION.SPECIALCHARACTER | DP:NAMEVALIDATION.UPPERLOWER | DP:NAMEVALIDATION.UPPERLOWERNUMERIC | DP:NAMEVALIDATION.UPPERLOWERNUMERICSPECIAL | ! |" name="And I select DP:SECTIONS.SECTIONNAME2 Y from section drop down in Express Creation page" time="0.062">
    <skipped/>
  </testcase>
  <testcase classname="| DP:SUPER.USERNAME | DP:SUPER.PASSWORD | DP:NAMEVALIDATION.WARNINGMESSAGE | Projects | DP:SECTIONS.SECTIONNAME2 | N | SAM Assignments | Express Creation | DP:TEXTBOOK.BOOK | Y | DP:NAMEVALIDATION.LOWERCASE | DP:NAMEVALIDATION.UPPERCASE | DP:NAMEVALIDATION.MINCHAR | DP:NAMEVALIDATION.MAXCHAR | DP:NAMEVALIDATION.NUMERICDIGIT | DP:NAMEVALIDATION.SPECIALCHARACTER | DP:NAMEVALIDATION.UPPERLOWER | DP:NAMEVALIDATION.UPPERLOWERNUMERIC | DP:NAMEVALIDATION.UPPERLOWERNUMERICSPECIAL | ! |" name="And I select DP:TEXTBOOK.BOOK from Textbook drop down" time="0.062">
    <skipped/>
  </testcase>
  <testcase classname="| DP:SUPER.USERNAME | DP:SUPER.PASSWORD | DP:NAMEVALIDATION.WARNINGMESSAGE | Projects | DP:SECTIONS.SECTIONNAME2 | N | SAM Assignments | Express Creation | DP:TEXTBOOK.BOOK | Y | DP:NAMEVALIDATION.LOWERCASE | DP:NAMEVALIDATION.UPPERCASE | DP:NAMEVALIDATION.MINCHAR | DP:NAMEVALIDATION.MAXCHAR | DP:NAMEVALIDATION.NUMERICDIGIT | DP:NAMEVALIDATION.SPECIALCHARACTER | DP:NAMEVALIDATION.UPPERLOWER | DP:NAMEVALIDATION.UPPERLOWERNUMERIC | DP:NAMEVALIDATION.UPPERLOWERNUMERICSPECIAL | ! |" name="And I click on Chapters" time="0.078">
    <skipped/>
  </testcase>
  <testcase classname="| DP:SUPER.USERNAME | DP:SUPER.PASSWORD | DP:NAMEVALIDATION.WARNINGMESSAGE | Projects | DP:SECTIONS.SECTIONNAME2 | N | SAM Assignments | Express Creation | DP:TEXTBOOK.BOOK | Y | DP:NAMEVALIDATION.LOWERCASE | DP:NAMEVALIDATION.UPPERCASE | DP:NAMEVALIDATION.MINCHAR | DP:NAMEVALIDATION.MAXCHAR | DP:NAMEVALIDATION.NUMERICDIGIT | DP:NAMEVALIDATION.SPECIALCHARACTER | DP:NAMEVALIDATION.UPPERLOWER | DP:NAMEVALIDATION.UPPERLOWERNUMERIC | DP:NAMEVALIDATION.UPPERLOWERNUMERICSPECIAL | ! |" name="And I click on Project Assignment Chapter" time="0.078">
    <skipped/>
  </testcase>
  <testcase classname="| DP:SUPER.USERNAME | DP:SUPER.PASSWORD | DP:NAMEVALIDATION.WARNINGMESSAGE | Projects | DP:SECTIONS.SECTIONNAME2 | N | SAM Assignments | Express Creation | DP:TEXTBOOK.BOOK | Y | DP:NAMEVALIDATION.LOWERCASE | DP:NAMEVALIDATION.UPPERCASE | DP:NAMEVALIDATION.MINCHAR | DP:NAMEVALIDATION.MAXCHAR | DP:NAMEVALIDATION.NUMERICDIGIT | DP:NAMEVALIDATION.SPECIALCHARACTER | DP:NAMEVALIDATION.UPPERLOWER | DP:NAMEVALIDATION.UPPERLOWERNUMERIC | DP:NAMEVALIDATION.UPPERLOWERNUMERICSPECIAL | ! |" name="And I enter DP:NAMEVALIDATION.UPPERLOWERNUMERICSPECIAL N in Express Creation page" time="0.078">
    <skipped/>
  </testcase>
  <testcase classname="| DP:SUPER.USERNAME | DP:SUPER.PASSWORD | DP:NAMEVALIDATION.WARNINGMESSAGE | Projects | DP:SECTIONS.SECTIONNAME2 | N | SAM Assignments | Express Creation | DP:TEXTBOOK.BOOK | Y | DP:NAMEVALIDATION.LOWERCASE | DP:NAMEVALIDATION.UPPERCASE | DP:NAMEVALIDATION.MINCHAR | DP:NAMEVALIDATION.MAXCHAR | DP:NAMEVALIDATION.NUMERICDIGIT | DP:NAMEVALIDATION.SPECIALCHARACTER | DP:NAMEVALIDATION.UPPERLOWER | DP:NAMEVALIDATION.UPPERLOWERNUMERIC | DP:NAMEVALIDATION.UPPERLOWERNUMERICSPECIAL | ! |" name="And I click on Save Project button" time="0.078">
    <skipped/>
  </testcase>
  <testcase classname="| DP:SUPER.USERNAME | DP:SUPER.PASSWORD | DP:NAMEVALIDATION.WARNINGMESSAGE | Projects | DP:SECTIONS.SECTIONNAME2 | N | SAM Assignments | Express Creation | DP:TEXTBOOK.BOOK | Y | DP:NAMEVALIDATION.LOWERCASE | DP:NAMEVALIDATION.UPPERCASE | DP:NAMEVALIDATION.MINCHAR | DP:NAMEVALIDATION.MAXCHAR | DP:NAMEVALIDATION.NUMERICDIGIT | DP:NAMEVALIDATION.SPECIALCHARACTER | DP:NAMEVALIDATION.UPPERLOWER | DP:NAMEVALIDATION.UPPERLOWERNUMERIC | DP:NAMEVALIDATION.UPPERLOWERNUMERICSPECIAL | ! |" name="And I accept the pop-up" time="0.078">
    <skipped/>
  </testcase>
  <testcase classname="| DP:SUPER.USERNAME | DP:SUPER.PASSWORD | DP:NAMEVALIDATION.WARNINGMESSAGE | Projects | DP:SECTIONS.SECTIONNAME2 | N | SAM Assignments | Express Creation | DP:TEXTBOOK.BOOK | Y | DP:NAMEVALIDATION.LOWERCASE | DP:NAMEVALIDATION.UPPERCASE | DP:NAMEVALIDATION.MINCHAR | DP:NAMEVALIDATION.MAXCHAR | DP:NAMEVALIDATION.NUMERICDIGIT | DP:NAMEVALIDATION.SPECIALCHARACTER | DP:NAMEVALIDATION.UPPERLOWER | DP:NAMEVALIDATION.UPPERLOWERNUMERIC | DP:NAMEVALIDATION.UPPERLOWERNUMERICSPECIAL | ! |" name="And I click on Projects tab" time="0.078">
    <skipped/>
  </testcase>
  <testcase classname="| DP:SUPER.USERNAME | DP:SUPER.PASSWORD | DP:NAMEVALIDATION.WARNINGMESSAGE | Projects | DP:SECTIONS.SECTIONNAME2 | N | SAM Assignments | Express Creation | DP:TEXTBOOK.BOOK | Y | DP:NAMEVALIDATION.LOWERCASE | DP:NAMEVALIDATION.UPPERCASE | DP:NAMEVALIDATION.MINCHAR | DP:NAMEVALIDATION.MAXCHAR | DP:NAMEVALIDATION.NUMERICDIGIT | DP:NAMEVALIDATION.SPECIALCHARACTER | DP:NAMEVALIDATION.UPPERLOWER | DP:NAMEVALIDATION.UPPERLOWERNUMERIC | DP:NAMEVALIDATION.UPPERLOWERNUMERICSPECIAL | ! |" name="And I click on Express Creation tab" time="0.078">
    <skipped/>
  </testcase>
  <testcase classname="| DP:SUPER.USERNAME | DP:SUPER.PASSWORD | DP:NAMEVALIDATION.WARNINGMESSAGE | Projects | DP:SECTIONS.SECTIONNAME2 | N | SAM Assignments | Express Creation | DP:TEXTBOOK.BOOK | Y | DP:NAMEVALIDATION.LOWERCASE | DP:NAMEVALIDATION.UPPERCASE | DP:NAMEVALIDATION.MINCHAR | DP:NAMEVALIDATION.MAXCHAR | DP:NAMEVALIDATION.NUMERICDIGIT | DP:NAMEVALIDATION.SPECIALCHARACTER | DP:NAMEVALIDATION.UPPERLOWER | DP:NAMEVALIDATION.UPPERLOWERNUMERIC | DP:NAMEVALIDATION.UPPERLOWERNUMERICSPECIAL | ! |" name="And I select DP:SECTIONS.SECTIONNAME2 Y from section drop down in Express Creation page" time="0.078">
    <skipped/>
  </testcase>
  <testcase classname="| DP:SUPER.USERNAME | DP:SUPER.PASSWORD | DP:NAMEVALIDATION.WARNINGMESSAGE | Projects | DP:SECTIONS.SECTIONNAME2 | N | SAM Assignments | Express Creation | DP:TEXTBOOK.BOOK | Y | DP:NAMEVALIDATION.LOWERCASE | DP:NAMEVALIDATION.UPPERCASE | DP:NAMEVALIDATION.MINCHAR | DP:NAMEVALIDATION.MAXCHAR | DP:NAMEVALIDATION.NUMERICDIGIT | DP:NAMEVALIDATION.SPECIALCHARACTER | DP:NAMEVALIDATION.UPPERLOWER | DP:NAMEVALIDATION.UPPERLOWERNUMERIC | DP:NAMEVALIDATION.UPPERLOWERNUMERICSPECIAL | ! |" name="And I select DP:TEXTBOOK.BOOK from Textbook drop down" time="0.078">
    <skipped/>
  </testcase>
  <testcase classname="| DP:SUPER.USERNAME | DP:SUPER.PASSWORD | DP:NAMEVALIDATION.WARNINGMESSAGE | Projects | DP:SECTIONS.SECTIONNAME2 | N | SAM Assignments | Express Creation | DP:TEXTBOOK.BOOK | Y | DP:NAMEVALIDATION.LOWERCASE | DP:NAMEVALIDATION.UPPERCASE | DP:NAMEVALIDATION.MINCHAR | DP:NAMEVALIDATION.MAXCHAR | DP:NAMEVALIDATION.NUMERICDIGIT | DP:NAMEVALIDATION.SPECIALCHARACTER | DP:NAMEVALIDATION.UPPERLOWER | DP:NAMEVALIDATION.UPPERLOWERNUMERIC | DP:NAMEVALIDATION.UPPERLOWERNUMERICSPECIAL | ! |" name="And I click on Chapters" time="0.078">
    <skipped/>
  </testcase>
  <testcase classname="| DP:SUPER.USERNAME | DP:SUPER.PASSWORD | DP:NAMEVALIDATION.WARNINGMESSAGE | Projects | DP:SECTIONS.SECTIONNAME2 | N | SAM Assignments | Express Creation | DP:TEXTBOOK.BOOK | Y | DP:NAMEVALIDATION.LOWERCASE | DP:NAMEVALIDATION.UPPERCASE | DP:NAMEVALIDATION.MINCHAR | DP:NAMEVALIDATION.MAXCHAR | DP:NAMEVALIDATION.NUMERICDIGIT | DP:NAMEVALIDATION.SPECIALCHARACTER | DP:NAMEVALIDATION.UPPERLOWER | DP:NAMEVALIDATION.UPPERLOWERNUMERIC | DP:NAMEVALIDATION.UPPERLOWERNUMERICSPECIAL | ! |" name="And I click on Project Assignment Chapter" time="0.078">
    <skipped/>
  </testcase>
  <testcase classname="| DP:SUPER.USERNAME | DP:SUPER.PASSWORD | DP:NAMEVALIDATION.WARNINGMESSAGE | Projects | DP:SECTIONS.SECTIONNAME2 | N | SAM Assignments | Express Creation | DP:TEXTBOOK.BOOK | Y | DP:NAMEVALIDATION.LOWERCASE | DP:NAMEVALIDATION.UPPERCASE | DP:NAMEVALIDATION.MINCHAR | DP:NAMEVALIDATION.MAXCHAR | DP:NAMEVALIDATION.NUMERICDIGIT | DP:NAMEVALIDATION.SPECIALCHARACTER | DP:NAMEVALIDATION.UPPERLOWER | DP:NAMEVALIDATION.UPPERLOWERNUMERIC | DP:NAMEVALIDATION.UPPERLOWERNUMERICSPECIAL | ! |" name="And I enter ! N in Express Creation page" time="0.078">
    <skipped/>
  </testcase>
  <testcase classname="| DP:SUPER.USERNAME | DP:SUPER.PASSWORD | DP:NAMEVALIDATION.WARNINGMESSAGE | Projects | DP:SECTIONS.SECTIONNAME2 | N | SAM Assignments | Express Creation | DP:TEXTBOOK.BOOK | Y | DP:NAMEVALIDATION.LOWERCASE | DP:NAMEVALIDATION.UPPERCASE | DP:NAMEVALIDATION.MINCHAR | DP:NAMEVALIDATION.MAXCHAR | DP:NAMEVALIDATION.NUMERICDIGIT | DP:NAMEVALIDATION.SPECIALCHARACTER | DP:NAMEVALIDATION.UPPERLOWER | DP:NAMEVALIDATION.UPPERLOWERNUMERIC | DP:NAMEVALIDATION.UPPERLOWERNUMERICSPECIAL | ! |" name="And I click on Save Project button" time="0.078">
    <skipped/>
  </testcase>
  <testcase classname="| DP:SUPER.USERNAME | DP:SUPER.PASSWORD | DP:NAMEVALIDATION.WARNINGMESSAGE | Projects | DP:SECTIONS.SECTIONNAME2 | N | SAM Assignments | Express Creation | DP:TEXTBOOK.BOOK | Y | DP:NAMEVALIDATION.LOWERCASE | DP:NAMEVALIDATION.UPPERCASE | DP:NAMEVALIDATION.MINCHAR | DP:NAMEVALIDATION.MAXCHAR | DP:NAMEVALIDATION.NUMERICDIGIT | DP:NAMEVALIDATION.SPECIALCHARACTER | DP:NAMEVALIDATION.UPPERLOWER | DP:NAMEVALIDATION.UPPERLOWERNUMERIC | DP:NAMEVALIDATION.UPPERLOWERNUMERICSPECIAL | ! |" name="And I see DP:NAMEVALIDATION.WARNINGMESSAGE validation Popup" time="0.093">
    <skipped/>
  </testcase>
  <testcase classname="| DP:SUPER.USERNAME | DP:SUPER.PASSWORD | DP:NAMEVALIDATION.WARNINGMESSAGE | Projects | DP:SECTIONS.SECTIONNAME2 | N | SAM Assignments | Express Creation | DP:TEXTBOOK.BOOK | Y | DP:NAMEVALIDATION.LOWERCASE | DP:NAMEVALIDATION.UPPERCASE | DP:NAMEVALIDATION.MINCHAR | DP:NAMEVALIDATION.MAXCHAR | DP:NAMEVALIDATION.NUMERICDIGIT | DP:NAMEVALIDATION.SPECIALCHARACTER | DP:NAMEVALIDATION.UPPERLOWER | DP:NAMEVALIDATION.UPPERLOWERNUMERIC | DP:NAMEVALIDATION.UPPERLOWERNUMERICSPECIAL | ! |" name="And I enter DP:NAMEVALIDATION.MINCHAR N in Express Creation page" time="0.093">
    <skipped/>
  </testcase>
  <testcase classname="| DP:SUPER.USERNAME | DP:SUPER.PASSWORD | DP:NAMEVALIDATION.WARNINGMESSAGE | Projects | DP:SECTIONS.SECTIONNAME2 | N | SAM Assignments | Express Creation | DP:TEXTBOOK.BOOK | Y | DP:NAMEVALIDATION.LOWERCASE | DP:NAMEVALIDATION.UPPERCASE | DP:NAMEVALIDATION.MINCHAR | DP:NAMEVALIDATION.MAXCHAR | DP:NAMEVALIDATION.NUMERICDIGIT | DP:NAMEVALIDATION.SPECIALCHARACTER | DP:NAMEVALIDATION.UPPERLOWER | DP:NAMEVALIDATION.UPPERLOWERNUMERIC | DP:NAMEVALIDATION.UPPERLOWERNUMERICSPECIAL | ! |" name="And I click on Save Project button" time="0.093">
    <skipped/>
  </testcase>
  <testcase classname="| DP:SUPER.USERNAME | DP:SUPER.PASSWORD | DP:NAMEVALIDATION.WARNINGMESSAGE | Projects | DP:SECTIONS.SECTIONNAME2 | N | SAM Assignments | Express Creation | DP:TEXTBOOK.BOOK | Y | DP:NAMEVALIDATION.LOWERCASE | DP:NAMEVALIDATION.UPPERCASE | DP:NAMEVALIDATION.MINCHAR | DP:NAMEVALIDATION.MAXCHAR | DP:NAMEVALIDATION.NUMERICDIGIT | DP:NAMEVALIDATION.SPECIALCHARACTER | DP:NAMEVALIDATION.UPPERLOWER | DP:NAMEVALIDATION.UPPERLOWERNUMERIC | DP:NAMEVALIDATION.UPPERLOWERNUMERICSPECIAL | ! |" name="And I see DP:NAMEVALIDATION.WARNINGMESSAGE validation Popup" time="0.093">
    <skipped/>
  </testcase>
  <testcase classname="| DP:SUPER.USERNAME | DP:SUPER.PASSWORD | DP:NAMEVALIDATION.WARNINGMESSAGE | Projects | DP:SECTIONS.SECTIONNAME2 | N | SAM Assignments | Express Creation | DP:TEXTBOOK.BOOK | Y | DP:NAMEVALIDATION.LOWERCASE | DP:NAMEVALIDATION.UPPERCASE | DP:NAMEVALIDATION.MINCHAR | DP:NAMEVALIDATION.MAXCHAR | DP:NAMEVALIDATION.NUMERICDIGIT | DP:NAMEVALIDATION.SPECIALCHARACTER | DP:NAMEVALIDATION.UPPERLOWER | DP:NAMEVALIDATION.UPPERLOWERNUMERIC | DP:NAMEVALIDATION.UPPERLOWERNUMERICSPECIAL | ! |" name="And I enter DP:NAMEVALIDATION.MAXCHAR N in Express Creation page" time="0.093">
    <skipped/>
  </testcase>
  <testcase classname="| DP:SUPER.USERNAME | DP:SUPER.PASSWORD | DP:NAMEVALIDATION.WARNINGMESSAGE | Projects | DP:SECTIONS.SECTIONNAME2 | N | SAM Assignments | Express Creation | DP:TEXTBOOK.BOOK | Y | DP:NAMEVALIDATION.LOWERCASE | DP:NAMEVALIDATION.UPPERCASE | DP:NAMEVALIDATION.MINCHAR | DP:NAMEVALIDATION.MAXCHAR | DP:NAMEVALIDATION.NUMERICDIGIT | DP:NAMEVALIDATION.SPECIALCHARACTER | DP:NAMEVALIDATION.UPPERLOWER | DP:NAMEVALIDATION.UPPERLOWERNUMERIC | DP:NAMEVALIDATION.UPPERLOWERNUMERICSPECIAL | ! |" name="When I click on Save Project button" time="0.093">
    <skipped/>
  </testcase>
  <testcase classname="| DP:SUPER.USERNAME | DP:SUPER.PASSWORD | DP:NAMEVALIDATION.WARNINGMESSAGE | Projects | DP:SECTIONS.SECTIONNAME2 | N | SAM Assignments | Express Creation | DP:TEXTBOOK.BOOK | Y | DP:NAMEVALIDATION.LOWERCASE | DP:NAMEVALIDATION.UPPERCASE | DP:NAMEVALIDATION.MINCHAR | DP:NAMEVALIDATION.MAXCHAR | DP:NAMEVALIDATION.NUMERICDIGIT | DP:NAMEVALIDATION.SPECIALCHARACTER | DP:NAMEVALIDATION.UPPERLOWER | DP:NAMEVALIDATION.UPPERLOWERNUMERIC | DP:NAMEVALIDATION.UPPERLOWERNUMERICSPECIAL | ! |" name="Then I accept the pop-up" time="0.093">
    <skipped/>
  </testcase>
  <testcase classname="| DP:SUPER.USERNAME | DP:SUPER.PASSWORD | DP:NAMEVALIDATION.WARNINGMESSAGE | Projects | DP:SECTIONS.SECTIONNAME2 | N | SAM Assignments | Express Creation | DP:TEXTBOOK.BOOK | Y | DP:NAMEVALIDATION.LOWERCASE | DP:NAMEVALIDATION.UPPERCASE | DP:NAMEVALIDATION.MINCHAR | DP:NAMEVALIDATION.MAXCHAR | DP:NAMEVALIDATION.NUMERICDIGIT | DP:NAMEVALIDATION.SPECIALCHARACTER | DP:NAMEVALIDATION.UPPERLOWER | DP:NAMEVALIDATION.UPPERLOWERNUMERIC | DP:NAMEVALIDATION.UPPERLOWERNUMERICSPECIAL | ! |" name="And I click on Logout button" time="0.093">
    <skipped/>
  </testcase>
  <testcase classname="| DP:USERMODULEUSERS.INSTRUCTOR6.USERNAME | DP:SUPER.PASSWORD | Activity List | N | Y | DP:SECTIONS.SECTIONNAME2 | abcdefghijklmnopqrstuvwxyz | ABCDEFGHIJKLMNOPQRSTUVWXZZ | 0123456789 | $$$$$$ | abcdefABCD | abcdABCD123 | ABaab12@ |" name="Given As a user I see login page of LMS" time="0"/>
  <testcase classname="| DP:USERMODULEUSERS.INSTRUCTOR6.USERNAME | DP:SUPER.PASSWORD | Activity List | N | Y | DP:SECTIONS.SECTIONNAME2 | abcdefghijklmnopqrstuvwxyz | ABCDEFGHIJKLMNOPQRSTUVWXZZ | 0123456789 | $$$$$$ | abcdefABCD | abcdABCD123 | ABaab12@ |" name="And I enter DP:USERMODULEUSERS.INSTRUCTOR6.USERNAME Y Username in LMS login page" time="0"/>
  <testcase classname="| DP:USERMODULEUSERS.INSTRUCTOR6.USERNAME | DP:SUPER.PASSWORD | Activity List | N | Y | DP:SECTIONS.SECTIONNAME2 | abcdefghijklmnopqrstuvwxyz | ABCDEFGHIJKLMNOPQRSTUVWXZZ | 0123456789 | $$$$$$ | abcdefABCD | abcdABCD123 | ABaab12@ |" name="And I enter DP:SUPER.PASSWORD Password in LMS login page" time="0"/>
  <testcase classname="| DP:USERMODULEUSERS.INSTRUCTOR6.USERNAME | DP:SUPER.PASSWORD | Activity List | N | Y | DP:SECTIONS.SECTIONNAME2 | abcdefghijklmnopqrstuvwxyz | ABCDEFGHIJKLMNOPQRSTUVWXZZ | 0123456789 | $$$$$$ | abcdefABCD | abcdABCD123 | ABaab12@ |" name="And I click on Log In button" time="0"/>
  <testcase classname="| DP:USERMODULEUSERS.INSTRUCTOR6.USERNAME | DP:SUPER.PASSWORD | Activity List | N | Y | DP:SECTIONS.SECTIONNAME2 | abcdefghijklmnopqrstuvwxyz | ABCDEFGHIJKLMNOPQRSTUVWXZZ | 0123456789 | $$$$$$ | abcdefABCD | abcdABCD123 | ABaab12@ |" name="And I see home page of LMS" time="0"/>
  <testcase classname="| DP:USERMODULEUSERS.INSTRUCTOR6.USERNAME | DP:SUPER.PASSWORD | Activity List | N | Y | DP:SECTIONS.SECTIONNAME2 | abcdefghijklmnopqrstuvwxyz | ABCDEFGHIJKLMNOPQRSTUVWXZZ | 0123456789 | $$$$$$ | abcdefABCD | abcdABCD123 | ABaab12@ |" name="And I click on Student View button" time="0"/>
  <testcase classname="| DP:USERMODULEUSERS.INSTRUCTOR6.USERNAME | DP:SUPER.PASSWORD | Activity List | N | Y | DP:SECTIONS.SECTIONNAME2 | abcdefghijklmnopqrstuvwxyz | ABCDEFGHIJKLMNOPQRSTUVWXZZ | 0123456789 | $$$$$$ | abcdefABCD | abcdABCD123 | ABaab12@ |" name="And I click on Activity List tab" time="0"/>
  <testcase classname="| DP:USERMODULEUSERS.INSTRUCTOR6.USERNAME | DP:SUPER.PASSWORD | Activity List | N | Y | DP:SECTIONS.SECTIONNAME2 | abcdefghijklmnopqrstuvwxyz | ABCDEFGHIJKLMNOPQRSTUVWXZZ | 0123456789 | $$$$$$ | abcdefABCD | abcdABCD123 | ABaab12@ |" name="When I select DP:SECTIONS.SECTIONNAME2 Y from section drop down" time="0"/>
  <testcase classname="| DP:USERMODULEUSERS.INSTRUCTOR6.USERNAME | DP:SUPER.PASSWORD | Activity List | N | Y | DP:SECTIONS.SECTIONNAME2 | abcdefghijklmnopqrstuvwxyz | ABCDEFGHIJKLMNOPQRSTUVWXZZ | 0123456789 | $$$$$$ | abcdefABCD | abcdABCD123 | ABaab12@ |" name="Then I click on N exam type AssignmentName: abcdefghijklmnopqrstuvwxyz\u002CABCDEFGHIJKLMNOPQRSTUVWXZZ\u002C0123456789\u002C$$$$$$\u002CabcdefABCD\u002CabcdABCD123\u002CABaab12@" time="0">
    <failure type="java.lang.AssertionError">java.lang.AssertionError
	at org.junit.Assert.fail(Assert.java:86)
	at org.junit.Assert.assertTrue(Assert.java:41)
	at org.junit.Assert.assertTrue(Assert.java:52)
	at cengage.samlms.stepdefinition.StudentActivitiesSteps.iClickOnUIDFlagExamTypeAssignmentNameAssignmentNameAssignmentNameAssignmentNameAssignmentNameAssignmentNameAssignmentNameAssignmentName(StudentActivitiesSteps.java:546)
	at ✽.Then I click on N exam type AssignmentName: abcdefghijklmnopqrstuvwxyz,ABCDEFGHIJKLMNOPQRSTUVWXZZ,0123456789,$$$$$$,abcdefABCD,abcdABCD123,ABaab12@(test/resources/cengage/samlms/lms_stories/LMSStoriesModule4.feature:545)
</failure>
    <system-out>21:44:17.910 [main] ERROR cengage.common.toolbox.Sync - org.openqa.selenium.TimeoutException: Timed out after 150 seconds waiting for cengage.common.toolbox.Sync$1@63f6bed1
Build info: version: &apos;2.53.0&apos;, revision: &apos;35ae25b1534ae328c771e0856c93e187490ca824&apos;, time: &apos;2016-03-15 10:43:46&apos;
System info: host: &apos;CODOID&apos;, ip: &apos;10.161.243.104&apos;, os.name: &apos;Windows 8.1&apos;, os.arch: &apos;amd64&apos;, os.version: &apos;6.3&apos;, java.version: &apos;1.8.0_91&apos;
Driver info: driver.version: unknown
21:44:23.910 [main] ERROR cengage.common.toolbox.Sync - java.lang.NullPointerException
21:46:55.181 [main] ERROR cengage.common.toolbox.Sync - org.openqa.selenium.TimeoutException: Timed out after 150 seconds waiting for cengage.common.toolbox.Sync$1@236eccd1
Build info: version: &apos;2.53.0&apos;, revision: &apos;35ae25b1534ae328c771e0856c93e187490ca824&apos;, time: &apos;2016-03-15 10:43:46&apos;
System info: host: &apos;CODOID&apos;, ip: &apos;10.161.243.104&apos;, os.name: &apos;Windows 8.1&apos;, os.arch: &apos;amd64&apos;, os.version: &apos;6.3&apos;, java.version: &apos;1.8.0_91&apos;
Driver info: driver.version: unknown
21:46:55.181 [main] ERROR cengage.common.toolbox.Element - java.lang.NullPointerException
21:49:26.440 [main] ERROR cengage.common.toolbox.Sync - org.openqa.selenium.TimeoutException: Timed out after 150 seconds waiting for cengage.common.toolbox.Sync$4@14447be
Build info: version: &apos;2.53.0&apos;, revision: &apos;35ae25b1534ae328c771e0856c93e187490ca824&apos;, time: &apos;2016-03-15 10:43:46&apos;
System info: host: &apos;CODOID&apos;, ip: &apos;10.161.243.104&apos;, os.name: &apos;Windows 8.1&apos;, os.arch: &apos;amd64&apos;, os.version: &apos;6.3&apos;, java.version: &apos;1.8.0_91&apos;
Driver info: driver.version: unknown
</system-out>
    <system-err>java.lang.NullPointerException
	at cengage.common.toolbox.Element.click(Element.java:161)
	at cengage.samlms.action.StudentActivitiesAction.verifyAssignmentLaunch(StudentActivitiesAction.java:2421)
	at cengage.samlms.stepdefinition.StudentActivitiesSteps.iClickOnUIDFlagExamTypeAssignmentNameAssignmentNameAssignmentNameAssignmentNameAssignmentNameAssignmentNameAssignmentNameAssignmentName(StudentActivitiesSteps.java:546)
	at sun.reflect.NativeMethodAccessorImpl.invoke0(Native Method)
	at sun.reflect.NativeMethodAccessorImpl.invoke(NativeMethodAccessorImpl.java:62)
	at sun.reflect.DelegatingMethodAccessorImpl.invoke(DelegatingMethodAccessorImpl.java:43)
	at java.lang.reflect.Method.invoke(Method.java:498)
	at cucumber.runtime.Utils$1.call(Utils.java:37)
	at cucumber.runtime.Timeout.timeout(Timeout.java:13)
	at cucumber.runtime.Utils.invoke(Utils.java:31)
	at cucumber.runtime.java.JavaStepDefinition.execute(JavaStepDefinition.java:38)
	at cucumber.runtime.StepDefinitionMatch.runStep(StepDefinitionMatch.java:37)
	at cucumber.runtime.Runtime.runStep(Runtime.java:299)
	at cucumber.runtime.model.StepContainer.runStep(StepContainer.java:44)
	at cucumber.runtime.model.StepContainer.runSteps(StepContainer.java:39)
	at cucumber.runtime.model.CucumberScenario.run(CucumberScenario.java:44)
	at cucumber.runtime.junit.ExecutionUnitRunner.run(ExecutionUnitRunner.java:91)
	at org.junit.runners.Suite.runChild(Suite.java:128)
	at org.junit.runners.Suite.runChild(Suite.java:27)
	at org.junit.runners.ParentRunner$3.run(ParentRunner.java:290)
	at org.junit.runners.ParentRunner$1.schedule(ParentRunner.java:71)
	at org.junit.runners.ParentRunner.runChildren(ParentRunner.java:288)
	at org.junit.runners.ParentRunner.access$000(ParentRunner.java:58)
	at org.junit.runners.ParentRunner$2.evaluate(ParentRunner.java:268)
	at org.junit.runners.ParentRunner.run(ParentRunner.java:363)
	at cucumber.runtime.junit.ExamplesRunner.run(ExamplesRunner.java:59)
	at org.junit.runners.Suite.runChild(Suite.java:128)
	at org.junit.runners.Suite.runChild(Suite.java:27)
	at org.junit.runners.ParentRunner$3.run(ParentRunner.java:290)
	at org.junit.runners.ParentRunner$1.schedule(ParentRunner.java:71)
	at org.junit.runners.ParentRunner.runChildren(ParentRunner.java:288)
	at org.junit.runners.ParentRunner.access$000(ParentRunner.java:58)
	at org.junit.runners.ParentRunner$2.evaluate(ParentRunner.java:268)
	at org.junit.runners.ParentRunner.run(ParentRunner.java:363)
	at cucumber.runtime.junit.ScenarioOutlineRunner.run(ScenarioOutlineRunner.java:53)
	at cucumber.runtime.junit.FeatureRunner.runChild(FeatureRunner.java:63)
	at cucumber.runtime.junit.FeatureRunner.runChild(FeatureRunner.java:18)
	at org.junit.runners.ParentRunner$3.run(ParentRunner.java:290)
	at org.junit.runners.ParentRunner$1.schedule(ParentRunner.java:71)
	at org.junit.runners.ParentRunner.runChildren(ParentRunner.java:288)
	at org.junit.runners.ParentRunner.access$000(ParentRunner.java:58)
	at org.junit.runners.ParentRunner$2.evaluate(ParentRunner.java:268)
	at org.junit.runners.ParentRunner.run(ParentRunner.java:363)
	at cucumber.runtime.junit.FeatureRunner.run(FeatureRunner.java:70)
	at cucumber.api.junit.Cucumber.runChild(Cucumber.java:93)
	at cucumber.api.junit.Cucumber.runChild(Cucumber.java:37)
	at org.junit.runners.ParentRunner$3.run(ParentRunner.java:290)
	at org.junit.runners.ParentRunner$1.schedule(ParentRunner.java:71)
	at org.junit.runners.ParentRunner.runChildren(ParentRunner.java:288)
	at org.junit.runners.ParentRunner.access$000(ParentRunner.java:58)
	at org.junit.runners.ParentRunner$2.evaluate(ParentRunner.java:268)
	at org.junit.runners.ParentRunner.run(ParentRunner.java:363)
	at cucumber.api.junit.Cucumber.run(Cucumber.java:98)
	at org.apache.maven.surefire.junit4.JUnit4Provider.execute(JUnit4Provider.java:234)
	at org.apache.maven.surefire.junit4.JUnit4Provider.executeTestSet(JUnit4Provider.java:133)
	at org.apache.maven.surefire.junit4.JUnit4Provider.invoke(JUnit4Provider.java:114)
	at sun.reflect.NativeMethodAccessorImpl.invoke0(Native Method)
	at sun.reflect.NativeMethodAccessorImpl.invoke(NativeMethodAccessorImpl.java:62)
	at sun.reflect.DelegatingMethodAccessorImpl.invoke(DelegatingMethodAccessorImpl.java:43)
	at java.lang.reflect.Method.invoke(Method.java:498)
	at org.apache.maven.surefire.util.ReflectionUtils.invokeMethodWithArray(ReflectionUtils.java:188)
	at org.apache.maven.surefire.booter.ProviderFactory$ProviderProxy.invoke(ProviderFactory.java:166)
	at org.apache.maven.surefire.booter.ProviderFactory.invokeProvider(ProviderFactory.java:86)
	at org.apache.maven.surefire.booter.ForkedBooter.runSuitesInProcess(ForkedBooter.java:101)
	at org.apache.maven.surefire.booter.ForkedBooter.main(ForkedBooter.java:74)
java.lang.NullPointerException
	at cengage.common.toolbox.Element.click(Element.java:161)
	at cengage.samlms.action.StudentActivitiesAction.verifyAssignmentLaunch(StudentActivitiesAction.java:2426)
	at cengage.samlms.stepdefinition.StudentActivitiesSteps.iClickOnUIDFlagExamTypeAssignmentNameAssignmentNameAssignmentNameAssignmentNameAssignmentNameAssignmentNameAssignmentNameAssignmentName(StudentActivitiesSteps.java:546)
	at sun.reflect.NativeMethodAccessorImpl.invoke0(Native Method)
	at sun.reflect.NativeMethodAccessorImpl.invoke(NativeMethodAccessorImpl.java:62)
	at sun.reflect.DelegatingMethodAccessorImpl.invoke(DelegatingMethodAccessorImpl.java:43)
	at java.lang.reflect.Method.invoke(Method.java:498)
	at cucumber.runtime.Utils$1.call(Utils.java:37)
	at cucumber.runtime.Timeout.timeout(Timeout.java:13)
	at cucumber.runtime.Utils.invoke(Utils.java:31)
	at cucumber.runtime.java.JavaStepDefinition.execute(JavaStepDefinition.java:38)
	at cucumber.runtime.StepDefinitionMatch.runStep(StepDefinitionMatch.java:37)
	at cucumber.runtime.Runtime.runStep(Runtime.java:299)
	at cucumber.runtime.model.StepContainer.runStep(StepContainer.java:44)
	at cucumber.runtime.model.StepContainer.runSteps(StepContainer.java:39)
	at cucumber.runtime.model.CucumberScenario.run(CucumberScenario.java:44)
	at cucumber.runtime.junit.ExecutionUnitRunner.run(ExecutionUnitRunner.java:91)
	at org.junit.runners.Suite.runChild(Suite.java:128)
	at org.junit.runners.Suite.runChild(Suite.java:27)
	at org.junit.runners.ParentRunner$3.run(ParentRunner.java:290)
	at org.junit.runners.ParentRunner$1.schedule(ParentRunner.java:71)
	at org.junit.runners.ParentRunner.runChildren(ParentRunner.java:288)
	at org.junit.runners.ParentRunner.access$000(ParentRunner.java:58)
	at org.junit.runners.ParentRunner$2.evaluate(ParentRunner.java:268)
	at org.junit.runners.ParentRunner.run(ParentRunner.java:363)
	at cucumber.runtime.junit.ExamplesRunner.run(ExamplesRunner.java:59)
	at org.junit.runners.Suite.runChild(Suite.java:128)
	at org.junit.runners.Suite.runChild(Suite.java:27)
	at org.junit.runners.ParentRunner$3.run(ParentRunner.java:290)
	at org.junit.runners.ParentRunner$1.schedule(ParentRunner.java:71)
	at org.junit.runners.ParentRunner.runChildren(ParentRunner.java:288)
	at org.junit.runners.ParentRunner.access$000(ParentRunner.java:58)
	at org.junit.runners.ParentRunner$2.evaluate(ParentRunner.java:268)
	at org.junit.runners.ParentRunner.run(ParentRunner.java:363)
	at cucumber.runtime.junit.ScenarioOutlineRunner.run(ScenarioOutlineRunner.java:53)
	at cucumber.runtime.junit.FeatureRunner.runChild(FeatureRunner.java:63)
	at cucumber.runtime.junit.FeatureRunner.runChild(FeatureRunner.java:18)
	at org.junit.runners.ParentRunner$3.run(ParentRunner.java:290)
	at org.junit.runners.ParentRunner$1.schedule(ParentRunner.java:71)
	at org.junit.runners.ParentRunner.runChildren(ParentRunner.java:288)
	at org.junit.runners.ParentRunner.access$000(ParentRunner.java:58)
	at org.junit.runners.ParentRunner$2.evaluate(ParentRunner.java:268)
	at org.junit.runners.ParentRunner.run(ParentRunner.java:363)
	at cucumber.runtime.junit.FeatureRunner.run(FeatureRunner.java:70)
	at cucumber.api.junit.Cucumber.runChild(Cucumber.java:93)
	at cucumber.api.junit.Cucumber.runChild(Cucumber.java:37)
	at org.junit.runners.ParentRunner$3.run(ParentRunner.java:290)
	at org.junit.runners.ParentRunner$1.schedule(ParentRunner.java:71)
	at org.junit.runners.ParentRunner.runChildren(ParentRunner.java:288)
	at org.junit.runners.ParentRunner.access$000(ParentRunner.java:58)
	at org.junit.runners.ParentRunner$2.evaluate(ParentRunner.java:268)
	at org.junit.runners.ParentRunner.run(ParentRunner.java:363)
	at cucumber.api.junit.Cucumber.run(Cucumber.java:98)
	at org.apache.maven.surefire.junit4.JUnit4Provider.execute(JUnit4Provider.java:234)
	at org.apache.maven.surefire.junit4.JUnit4Provider.executeTestSet(JUnit4Provider.java:133)
	at org.apache.maven.surefire.junit4.JUnit4Provider.invoke(JUnit4Provider.java:114)
	at sun.reflect.NativeMethodAccessorImpl.invoke0(Native Method)
	at sun.reflect.NativeMethodAccessorImpl.invoke(NativeMethodAccessorImpl.java:62)
	at sun.reflect.DelegatingMethodAccessorImpl.invoke(DelegatingMethodAccessorImpl.java:43)
	at java.lang.reflect.Method.invoke(Method.java:498)
	at org.apache.maven.surefire.util.ReflectionUtils.invokeMethodWithArray(ReflectionUtils.java:188)
	at org.apache.maven.surefire.booter.ProviderFactory$ProviderProxy.invoke(ProviderFactory.java:166)
	at org.apache.maven.surefire.booter.ProviderFactory.invokeProvider(ProviderFactory.java:86)
	at org.apache.maven.surefire.booter.ForkedBooter.runSuitesInProcess(ForkedBooter.java:101)
	at org.apache.maven.surefire.booter.ForkedBooter.main(ForkedBooter.java:74)
</system-err>
  </testcase>
  <testcase classname="| DP:USERMODULEUSERS.INSTRUCTOR6.USERNAME | DP:SUPER.PASSWORD | Activity List | N | Y | DP:SECTIONS.SECTIONNAME2 | abcdefghijklmnopqrstuvwxyz | ABCDEFGHIJKLMNOPQRSTUVWXZZ | 0123456789 | $$$$$$ | abcdefABCD | abcdABCD123 | ABaab12@ |" name="| DP:USERMODULEUSERS.INSTRUCTOR6.USERNAME | DP:SUPER.PASSWORD | Activity List | N | Y | DP:SECTIONS.SECTIONNAME2 | abcdefghijklmnopqrstuvwxyz | ABCDEFGHIJKLMNOPQRSTUVWXZZ | 0123456789 | $$$$$$ | abcdefABCD | abcdABCD123 | ABaab12@ |" time="0">
    <failure type="java.lang.AssertionError">java.lang.AssertionError
	at org.junit.Assert.fail(Assert.java:86)
	at org.junit.Assert.assertTrue(Assert.java:41)
	at org.junit.Assert.assertTrue(Assert.java:52)
	at cengage.samlms.stepdefinition.StudentActivitiesSteps.iClickOnUIDFlagExamTypeAssignmentNameAssignmentNameAssignmentNameAssignmentNameAssignmentNameAssignmentNameAssignmentNameAssignmentName(StudentActivitiesSteps.java:546)
	at ✽.Then I click on N exam type AssignmentName: abcdefghijklmnopqrstuvwxyz,ABCDEFGHIJKLMNOPQRSTUVWXZZ,0123456789,$$$$$$,abcdefABCD,abcdABCD123,ABaab12@(test/resources/cengage/samlms/lms_stories/LMSStoriesModule4.feature:545)
</failure>
  </testcase>
  <testcase classname="| DP:USERMODULEUSERS.INSTRUCTOR6.USERNAME | DP:SUPER.PASSWORD | Activity List | N | Y | DP:SECTIONS.SECTIONNAME2 | abcdefghijklmnopqrstuvwxyz | ABCDEFGHIJKLMNOPQRSTUVWXZZ | 0123456789 | $$$$$$ | abcdefABCD | abcdABCD123 | ABaab12@ |" name="And I click on Logout button" time="0">
    <skipped/>
  </testcase>
  <testcase classname="| DP:STUDENTS.STUDENT3.USERNAME | DP:SUPER.PASSWORD | Sections | Activities | Join a Section | Activity List | DP:SECTIONS.SECTIONNAME2 | N | Y | abcdefghijklmnopqrstuvwxyz | ABCDEFGHIJKLMNOPQRSTUVWXZZ | 0123456789 | $$$$$$ | abcdefABCD | abcdABCD123 | ABaab12@ |" name="Given As a user I see login page of LMS" time="0"/>
  <testcase classname="| DP:STUDENTS.STUDENT3.USERNAME | DP:SUPER.PASSWORD | Sections | Activities | Join a Section | Activity List | DP:SECTIONS.SECTIONNAME2 | N | Y | abcdefghijklmnopqrstuvwxyz | ABCDEFGHIJKLMNOPQRSTUVWXZZ | 0123456789 | $$$$$$ | abcdefABCD | abcdABCD123 | ABaab12@ |" name="And I enter DP:STUDENTS.STUDENT3.USERNAME Y Username in LMS login page" time="0"/>
  <testcase classname="| DP:STUDENTS.STUDENT3.USERNAME | DP:SUPER.PASSWORD | Sections | Activities | Join a Section | Activity List | DP:SECTIONS.SECTIONNAME2 | N | Y | abcdefghijklmnopqrstuvwxyz | ABCDEFGHIJKLMNOPQRSTUVWXZZ | 0123456789 | $$$$$$ | abcdefABCD | abcdABCD123 | ABaab12@ |" name="And I enter DP:SUPER.PASSWORD Password in LMS login page" time="0"/>
  <testcase classname="| DP:STUDENTS.STUDENT3.USERNAME | DP:SUPER.PASSWORD | Sections | Activities | Join a Section | Activity List | DP:SECTIONS.SECTIONNAME2 | N | Y | abcdefghijklmnopqrstuvwxyz | ABCDEFGHIJKLMNOPQRSTUVWXZZ | 0123456789 | $$$$$$ | abcdefABCD | abcdABCD123 | ABaab12@ |" name="And I click on Log In button" time="0"/>
  <testcase classname="| DP:STUDENTS.STUDENT3.USERNAME | DP:SUPER.PASSWORD | Sections | Activities | Join a Section | Activity List | DP:SECTIONS.SECTIONNAME2 | N | Y | abcdefghijklmnopqrstuvwxyz | ABCDEFGHIJKLMNOPQRSTUVWXZZ | 0123456789 | $$$$$$ | abcdefABCD | abcdABCD123 | ABaab12@ |" name="And I see home page of LMS" time="0"/>
  <testcase classname="| DP:STUDENTS.STUDENT3.USERNAME | DP:SUPER.PASSWORD | Sections | Activities | Join a Section | Activity List | DP:SECTIONS.SECTIONNAME2 | N | Y | abcdefghijklmnopqrstuvwxyz | ABCDEFGHIJKLMNOPQRSTUVWXZZ | 0123456789 | $$$$$$ | abcdefABCD | abcdABCD123 | ABaab12@ |" name="And I see Student Activities page" time="0"/>
  <testcase classname="| DP:STUDENTS.STUDENT3.USERNAME | DP:SUPER.PASSWORD | Sections | Activities | Join a Section | Activity List | DP:SECTIONS.SECTIONNAME2 | N | Y | abcdefghijklmnopqrstuvwxyz | ABCDEFGHIJKLMNOPQRSTUVWXZZ | 0123456789 | $$$$$$ | abcdefABCD | abcdABCD123 | ABaab12@ |" name="And I click on Sections tab" time="0"/>
  <testcase classname="| DP:STUDENTS.STUDENT3.USERNAME | DP:SUPER.PASSWORD | Sections | Activities | Join a Section | Activity List | DP:SECTIONS.SECTIONNAME2 | N | Y | abcdefghijklmnopqrstuvwxyz | ABCDEFGHIJKLMNOPQRSTUVWXZZ | 0123456789 | $$$$$$ | abcdefABCD | abcdABCD123 | ABaab12@ |" name="And I click on Join a Section tab" time="0"/>
  <testcase classname="| DP:STUDENTS.STUDENT3.USERNAME | DP:SUPER.PASSWORD | Sections | Activities | Join a Section | Activity List | DP:SECTIONS.SECTIONNAME2 | N | Y | abcdefghijklmnopqrstuvwxyz | ABCDEFGHIJKLMNOPQRSTUVWXZZ | 0123456789 | $$$$$$ | abcdefABCD | abcdABCD123 | ABaab12@ |" name="And I click on DP:SECTIONS.SECTIONNAME2 Y Join Section icon" time="0"/>
  <testcase classname="| DP:STUDENTS.STUDENT3.USERNAME | DP:SUPER.PASSWORD | Sections | Activities | Join a Section | Activity List | DP:SECTIONS.SECTIONNAME2 | N | Y | abcdefghijklmnopqrstuvwxyz | ABCDEFGHIJKLMNOPQRSTUVWXZZ | 0123456789 | $$$$$$ | abcdefABCD | abcdABCD123 | ABaab12@ |" name="And I click on X icon" time="0"/>
  <testcase classname="| DP:STUDENTS.STUDENT3.USERNAME | DP:SUPER.PASSWORD | Sections | Activities | Join a Section | Activity List | DP:SECTIONS.SECTIONNAME2 | N | Y | abcdefghijklmnopqrstuvwxyz | ABCDEFGHIJKLMNOPQRSTUVWXZZ | 0123456789 | $$$$$$ | abcdefABCD | abcdABCD123 | ABaab12@ |" name="And I click on Activities tab" time="0"/>
  <testcase classname="| DP:STUDENTS.STUDENT3.USERNAME | DP:SUPER.PASSWORD | Sections | Activities | Join a Section | Activity List | DP:SECTIONS.SECTIONNAME2 | N | Y | abcdefghijklmnopqrstuvwxyz | ABCDEFGHIJKLMNOPQRSTUVWXZZ | 0123456789 | $$$$$$ | abcdefABCD | abcdABCD123 | ABaab12@ |" name="And I click on Activity List tab" time="0"/>
  <testcase classname="| DP:STUDENTS.STUDENT3.USERNAME | DP:SUPER.PASSWORD | Sections | Activities | Join a Section | Activity List | DP:SECTIONS.SECTIONNAME2 | N | Y | abcdefghijklmnopqrstuvwxyz | ABCDEFGHIJKLMNOPQRSTUVWXZZ | 0123456789 | $$$$$$ | abcdefABCD | abcdABCD123 | ABaab12@ |" name="When I select DP:SECTIONS.SECTIONNAME2 Y from section drop down" time="0"/>
  <testcase classname="| DP:STUDENTS.STUDENT3.USERNAME | DP:SUPER.PASSWORD | Sections | Activities | Join a Section | Activity List | DP:SECTIONS.SECTIONNAME2 | N | Y | abcdefghijklmnopqrstuvwxyz | ABCDEFGHIJKLMNOPQRSTUVWXZZ | 0123456789 | $$$$$$ | abcdefABCD | abcdABCD123 | ABaab12@ |" name="Then I click on N exam type AssignmentName: abcdefghijklmnopqrstuvwxyz\u002CABCDEFGHIJKLMNOPQRSTUVWXZZ\u002C0123456789\u002C$$$$$$\u002CabcdefABCD\u002CabcdABCD123\u002CABaab12@" time="0">
    <failure type="java.lang.AssertionError">java.lang.AssertionError
	at org.junit.Assert.fail(Assert.java:86)
	at org.junit.Assert.assertTrue(Assert.java:41)
	at org.junit.Assert.assertTrue(Assert.java:52)
	at cengage.samlms.stepdefinition.StudentActivitiesSteps.iClickOnUIDFlagExamTypeAssignmentNameAssignmentNameAssignmentNameAssignmentNameAssignmentNameAssignmentNameAssignmentNameAssignmentName(StudentActivitiesSteps.java:546)
	at ✽.Then I click on N exam type AssignmentName: abcdefghijklmnopqrstuvwxyz,ABCDEFGHIJKLMNOPQRSTUVWXZZ,0123456789,$$$$$$,abcdefABCD,abcdABCD123,ABaab12@(test/resources/cengage/samlms/lms_stories/LMSStoriesModule4.feature:567)
</failure>
    <system-out>21:55:22.964 [main] ERROR cengage.common.toolbox.Sync - org.openqa.selenium.TimeoutException: Timed out after 150 seconds waiting for cengage.common.toolbox.Sync$1@7f13811b
Build info: version: &apos;2.53.0&apos;, revision: &apos;35ae25b1534ae328c771e0856c93e187490ca824&apos;, time: &apos;2016-03-15 10:43:46&apos;
System info: host: &apos;CODOID&apos;, ip: &apos;10.161.243.104&apos;, os.name: &apos;Windows 8.1&apos;, os.arch: &apos;amd64&apos;, os.version: &apos;6.3&apos;, java.version: &apos;1.8.0_91&apos;
Driver info: driver.version: unknown
21:55:28.973 [main] ERROR cengage.common.toolbox.Sync - java.lang.NullPointerException
21:58:00.228 [main] ERROR cengage.common.toolbox.Sync - org.openqa.selenium.TimeoutException: Timed out after 150 seconds waiting for cengage.common.toolbox.Sync$1@390037e7
Build info: version: &apos;2.53.0&apos;, revision: &apos;35ae25b1534ae328c771e0856c93e187490ca824&apos;, time: &apos;2016-03-15 10:43:46&apos;
System info: host: &apos;CODOID&apos;, ip: &apos;10.161.243.104&apos;, os.name: &apos;Windows 8.1&apos;, os.arch: &apos;amd64&apos;, os.version: &apos;6.3&apos;, java.version: &apos;1.8.0_91&apos;
Driver info: driver.version: unknown
21:58:00.228 [main] ERROR cengage.common.toolbox.Element - java.lang.NullPointerException
22:00:31.450 [main] ERROR cengage.common.toolbox.Sync - org.openqa.selenium.TimeoutException: Timed out after 150 seconds waiting for cengage.common.toolbox.Sync$4@322e49ee
Build info: version: &apos;2.53.0&apos;, revision: &apos;35ae25b1534ae328c771e0856c93e187490ca824&apos;, time: &apos;2016-03-15 10:43:46&apos;
System info: host: &apos;CODOID&apos;, ip: &apos;10.161.243.104&apos;, os.name: &apos;Windows 8.1&apos;, os.arch: &apos;amd64&apos;, os.version: &apos;6.3&apos;, java.version: &apos;1.8.0_91&apos;
Driver info: driver.version: unknown
</system-out>
    <system-err>java.lang.NullPointerException
	at cengage.common.toolbox.Element.click(Element.java:161)
	at cengage.samlms.action.StudentActivitiesAction.verifyAssignmentLaunch(StudentActivitiesAction.java:2421)
	at cengage.samlms.stepdefinition.StudentActivitiesSteps.iClickOnUIDFlagExamTypeAssignmentNameAssignmentNameAssignmentNameAssignmentNameAssignmentNameAssignmentNameAssignmentNameAssignmentName(StudentActivitiesSteps.java:546)
	at sun.reflect.NativeMethodAccessorImpl.invoke0(Native Method)
	at sun.reflect.NativeMethodAccessorImpl.invoke(NativeMethodAccessorImpl.java:62)
	at sun.reflect.DelegatingMethodAccessorImpl.invoke(DelegatingMethodAccessorImpl.java:43)
	at java.lang.reflect.Method.invoke(Method.java:498)
	at cucumber.runtime.Utils$1.call(Utils.java:37)
	at cucumber.runtime.Timeout.timeout(Timeout.java:13)
	at cucumber.runtime.Utils.invoke(Utils.java:31)
	at cucumber.runtime.java.JavaStepDefinition.execute(JavaStepDefinition.java:38)
	at cucumber.runtime.StepDefinitionMatch.runStep(StepDefinitionMatch.java:37)
	at cucumber.runtime.Runtime.runStep(Runtime.java:299)
	at cucumber.runtime.model.StepContainer.runStep(StepContainer.java:44)
	at cucumber.runtime.model.StepContainer.runSteps(StepContainer.java:39)
	at cucumber.runtime.model.CucumberScenario.run(CucumberScenario.java:44)
	at cucumber.runtime.junit.ExecutionUnitRunner.run(ExecutionUnitRunner.java:91)
	at org.junit.runners.Suite.runChild(Suite.java:128)
	at org.junit.runners.Suite.runChild(Suite.java:27)
	at org.junit.runners.ParentRunner$3.run(ParentRunner.java:290)
	at org.junit.runners.ParentRunner$1.schedule(ParentRunner.java:71)
	at org.junit.runners.ParentRunner.runChildren(ParentRunner.java:288)
	at org.junit.runners.ParentRunner.access$000(ParentRunner.java:58)
	at org.junit.runners.ParentRunner$2.evaluate(ParentRunner.java:268)
	at org.junit.runners.ParentRunner.run(ParentRunner.java:363)
	at cucumber.runtime.junit.ExamplesRunner.run(ExamplesRunner.java:59)
	at org.junit.runners.Suite.runChild(Suite.java:128)
	at org.junit.runners.Suite.runChild(Suite.java:27)
	at org.junit.runners.ParentRunner$3.run(ParentRunner.java:290)
	at org.junit.runners.ParentRunner$1.schedule(ParentRunner.java:71)
	at org.junit.runners.ParentRunner.runChildren(ParentRunner.java:288)
	at org.junit.runners.ParentRunner.access$000(ParentRunner.java:58)
	at org.junit.runners.ParentRunner$2.evaluate(ParentRunner.java:268)
	at org.junit.runners.ParentRunner.run(ParentRunner.java:363)
	at cucumber.runtime.junit.ScenarioOutlineRunner.run(ScenarioOutlineRunner.java:53)
	at cucumber.runtime.junit.FeatureRunner.runChild(FeatureRunner.java:63)
	at cucumber.runtime.junit.FeatureRunner.runChild(FeatureRunner.java:18)
	at org.junit.runners.ParentRunner$3.run(ParentRunner.java:290)
	at org.junit.runners.ParentRunner$1.schedule(ParentRunner.java:71)
	at org.junit.runners.ParentRunner.runChildren(ParentRunner.java:288)
	at org.junit.runners.ParentRunner.access$000(ParentRunner.java:58)
	at org.junit.runners.ParentRunner$2.evaluate(ParentRunner.java:268)
	at org.junit.runners.ParentRunner.run(ParentRunner.java:363)
	at cucumber.runtime.junit.FeatureRunner.run(FeatureRunner.java:70)
	at cucumber.api.junit.Cucumber.runChild(Cucumber.java:93)
	at cucumber.api.junit.Cucumber.runChild(Cucumber.java:37)
	at org.junit.runners.ParentRunner$3.run(ParentRunner.java:290)
	at org.junit.runners.ParentRunner$1.schedule(ParentRunner.java:71)
	at org.junit.runners.ParentRunner.runChildren(ParentRunner.java:288)
	at org.junit.runners.ParentRunner.access$000(ParentRunner.java:58)
	at org.junit.runners.ParentRunner$2.evaluate(ParentRunner.java:268)
	at org.junit.runners.ParentRunner.run(ParentRunner.java:363)
	at cucumber.api.junit.Cucumber.run(Cucumber.java:98)
	at org.apache.maven.surefire.junit4.JUnit4Provider.execute(JUnit4Provider.java:234)
	at org.apache.maven.surefire.junit4.JUnit4Provider.executeTestSet(JUnit4Provider.java:133)
	at org.apache.maven.surefire.junit4.JUnit4Provider.invoke(JUnit4Provider.java:114)
	at sun.reflect.NativeMethodAccessorImpl.invoke0(Native Method)
	at sun.reflect.NativeMethodAccessorImpl.invoke(NativeMethodAccessorImpl.java:62)
	at sun.reflect.DelegatingMethodAccessorImpl.invoke(DelegatingMethodAccessorImpl.java:43)
	at java.lang.reflect.Method.invoke(Method.java:498)
	at org.apache.maven.surefire.util.ReflectionUtils.invokeMethodWithArray(ReflectionUtils.java:188)
	at org.apache.maven.surefire.booter.ProviderFactory$ProviderProxy.invoke(ProviderFactory.java:166)
	at org.apache.maven.surefire.booter.ProviderFactory.invokeProvider(ProviderFactory.java:86)
	at org.apache.maven.surefire.booter.ForkedBooter.runSuitesInProcess(ForkedBooter.java:101)
	at org.apache.maven.surefire.booter.ForkedBooter.main(ForkedBooter.java:74)
java.lang.NullPointerException
	at cengage.common.toolbox.Element.click(Element.java:161)
	at cengage.samlms.action.StudentActivitiesAction.verifyAssignmentLaunch(StudentActivitiesAction.java:2426)
	at cengage.samlms.stepdefinition.StudentActivitiesSteps.iClickOnUIDFlagExamTypeAssignmentNameAssignmentNameAssignmentNameAssignmentNameAssignmentNameAssignmentNameAssignmentNameAssignmentName(StudentActivitiesSteps.java:546)
	at sun.reflect.NativeMethodAccessorImpl.invoke0(Native Method)
	at sun.reflect.NativeMethodAccessorImpl.invoke(NativeMethodAccessorImpl.java:62)
	at sun.reflect.DelegatingMethodAccessorImpl.invoke(DelegatingMethodAccessorImpl.java:43)
	at java.lang.reflect.Method.invoke(Method.java:498)
	at cucumber.runtime.Utils$1.call(Utils.java:37)
	at cucumber.runtime.Timeout.timeout(Timeout.java:13)
	at cucumber.runtime.Utils.invoke(Utils.java:31)
	at cucumber.runtime.java.JavaStepDefinition.execute(JavaStepDefinition.java:38)
	at cucumber.runtime.StepDefinitionMatch.runStep(StepDefinitionMatch.java:37)
	at cucumber.runtime.Runtime.runStep(Runtime.java:299)
	at cucumber.runtime.model.StepContainer.runStep(StepContainer.java:44)
	at cucumber.runtime.model.StepContainer.runSteps(StepContainer.java:39)
	at cucumber.runtime.model.CucumberScenario.run(CucumberScenario.java:44)
	at cucumber.runtime.junit.ExecutionUnitRunner.run(ExecutionUnitRunner.java:91)
	at org.junit.runners.Suite.runChild(Suite.java:128)
	at org.junit.runners.Suite.runChild(Suite.java:27)
	at org.junit.runners.ParentRunner$3.run(ParentRunner.java:290)
	at org.junit.runners.ParentRunner$1.schedule(ParentRunner.java:71)
	at org.junit.runners.ParentRunner.runChildren(ParentRunner.java:288)
	at org.junit.runners.ParentRunner.access$000(ParentRunner.java:58)
	at org.junit.runners.ParentRunner$2.evaluate(ParentRunner.java:268)
	at org.junit.runners.ParentRunner.run(ParentRunner.java:363)
	at cucumber.runtime.junit.ExamplesRunner.run(ExamplesRunner.java:59)
	at org.junit.runners.Suite.runChild(Suite.java:128)
	at org.junit.runners.Suite.runChild(Suite.java:27)
	at org.junit.runners.ParentRunner$3.run(ParentRunner.java:290)
	at org.junit.runners.ParentRunner$1.schedule(ParentRunner.java:71)
	at org.junit.runners.ParentRunner.runChildren(ParentRunner.java:288)
	at org.junit.runners.ParentRunner.access$000(ParentRunner.java:58)
	at org.junit.runners.ParentRunner$2.evaluate(ParentRunner.java:268)
	at org.junit.runners.ParentRunner.run(ParentRunner.java:363)
	at cucumber.runtime.junit.ScenarioOutlineRunner.run(ScenarioOutlineRunner.java:53)
	at cucumber.runtime.junit.FeatureRunner.runChild(FeatureRunner.java:63)
	at cucumber.runtime.junit.FeatureRunner.runChild(FeatureRunner.java:18)
	at org.junit.runners.ParentRunner$3.run(ParentRunner.java:290)
	at org.junit.runners.ParentRunner$1.schedule(ParentRunner.java:71)
	at org.junit.runners.ParentRunner.runChildren(ParentRunner.java:288)
	at org.junit.runners.ParentRunner.access$000(ParentRunner.java:58)
	at org.junit.runners.ParentRunner$2.evaluate(ParentRunner.java:268)
	at org.junit.runners.ParentRunner.run(ParentRunner.java:363)
	at cucumber.runtime.junit.FeatureRunner.run(FeatureRunner.java:70)
	at cucumber.api.junit.Cucumber.runChild(Cucumber.java:93)
	at cucumber.api.junit.Cucumber.runChild(Cucumber.java:37)
	at org.junit.runners.ParentRunner$3.run(ParentRunner.java:290)
	at org.junit.runners.ParentRunner$1.schedule(ParentRunner.java:71)
	at org.junit.runners.ParentRunner.runChildren(ParentRunner.java:288)
	at org.junit.runners.ParentRunner.access$000(ParentRunner.java:58)
	at org.junit.runners.ParentRunner$2.evaluate(ParentRunner.java:268)
	at org.junit.runners.ParentRunner.run(ParentRunner.java:363)
	at cucumber.api.junit.Cucumber.run(Cucumber.java:98)
	at org.apache.maven.surefire.junit4.JUnit4Provider.execute(JUnit4Provider.java:234)
	at org.apache.maven.surefire.junit4.JUnit4Provider.executeTestSet(JUnit4Provider.java:133)
	at org.apache.maven.surefire.junit4.JUnit4Provider.invoke(JUnit4Provider.java:114)
	at sun.reflect.NativeMethodAccessorImpl.invoke0(Native Method)
	at sun.reflect.NativeMethodAccessorImpl.invoke(NativeMethodAccessorImpl.java:62)
	at sun.reflect.DelegatingMethodAccessorImpl.invoke(DelegatingMethodAccessorImpl.java:43)
	at java.lang.reflect.Method.invoke(Method.java:498)
	at org.apache.maven.surefire.util.ReflectionUtils.invokeMethodWithArray(ReflectionUtils.java:188)
	at org.apache.maven.surefire.booter.ProviderFactory$ProviderProxy.invoke(ProviderFactory.java:166)
	at org.apache.maven.surefire.booter.ProviderFactory.invokeProvider(ProviderFactory.java:86)
	at org.apache.maven.surefire.booter.ForkedBooter.runSuitesInProcess(ForkedBooter.java:101)
	at org.apache.maven.surefire.booter.ForkedBooter.main(ForkedBooter.java:74)
</system-err>
  </testcase>
  <testcase classname="| DP:STUDENTS.STUDENT3.USERNAME | DP:SUPER.PASSWORD | Sections | Activities | Join a Section | Activity List | DP:SECTIONS.SECTIONNAME2 | N | Y | abcdefghijklmnopqrstuvwxyz | ABCDEFGHIJKLMNOPQRSTUVWXZZ | 0123456789 | $$$$$$ | abcdefABCD | abcdABCD123 | ABaab12@ |" name="| DP:STUDENTS.STUDENT3.USERNAME | DP:SUPER.PASSWORD | Sections | Activities | Join a Section | Activity List | DP:SECTIONS.SECTIONNAME2 | N | Y | abcdefghijklmnopqrstuvwxyz | ABCDEFGHIJKLMNOPQRSTUVWXZZ | 0123456789 | $$$$$$ | abcdefABCD | abcdABCD123 | ABaab12@ |" time="0">
    <failure type="java.lang.AssertionError">java.lang.AssertionError
	at org.junit.Assert.fail(Assert.java:86)
	at org.junit.Assert.assertTrue(Assert.java:41)
	at org.junit.Assert.assertTrue(Assert.java:52)
	at cengage.samlms.stepdefinition.StudentActivitiesSteps.iClickOnUIDFlagExamTypeAssignmentNameAssignmentNameAssignmentNameAssignmentNameAssignmentNameAssignmentNameAssignmentNameAssignmentName(StudentActivitiesSteps.java:546)
	at ✽.Then I click on N exam type AssignmentName: abcdefghijklmnopqrstuvwxyz,ABCDEFGHIJKLMNOPQRSTUVWXZZ,0123456789,$$$$$$,abcdefABCD,abcdABCD123,ABaab12@(test/resources/cengage/samlms/lms_stories/LMSStoriesModule4.feature:567)
</failure>
  </testcase>
  <testcase classname="| DP:STUDENTS.STUDENT3.USERNAME | DP:SUPER.PASSWORD | Sections | Activities | Join a Section | Activity List | DP:SECTIONS.SECTIONNAME2 | N | Y | abcdefghijklmnopqrstuvwxyz | ABCDEFGHIJKLMNOPQRSTUVWXZZ | 0123456789 | $$$$$$ | abcdefABCD | abcdABCD123 | ABaab12@ |" name="And I click on Logout button" time="0">
    <skipped/>
  </testcase>
  <testcase classname="| DP:SUPER.USERNAME | DP:SUPER.PASSWORD | OFFICE 2013 | N | SAM Assignments | Illustrated Access 2013 Unit B: Textbook Project | Illustrated | Projects | Instruction File | Starting Document | Solution File | Start File Template | Microsoft Office 2013: Illustrated Introductory First Course Illustrated Access 2013 Unit B |" name="Given As a user I see login page of LMS" time="0"/>
  <testcase classname="| DP:SUPER.USERNAME | DP:SUPER.PASSWORD | OFFICE 2013 | N | SAM Assignments | Illustrated Access 2013 Unit B: Textbook Project | Illustrated | Projects | Instruction File | Starting Document | Solution File | Start File Template | Microsoft Office 2013: Illustrated Introductory First Course Illustrated Access 2013 Unit B |" name="And I enter DP:SUPER.USERNAME N Username in LMS login page" time="0"/>
  <testcase classname="| DP:SUPER.USERNAME | DP:SUPER.PASSWORD | OFFICE 2013 | N | SAM Assignments | Illustrated Access 2013 Unit B: Textbook Project | Illustrated | Projects | Instruction File | Starting Document | Solution File | Start File Template | Microsoft Office 2013: Illustrated Introductory First Course Illustrated Access 2013 Unit B |" name="And I enter DP:SUPER.PASSWORD Password in LMS login page" time="0"/>
  <testcase classname="| DP:SUPER.USERNAME | DP:SUPER.PASSWORD | OFFICE 2013 | N | SAM Assignments | Illustrated Access 2013 Unit B: Textbook Project | Illustrated | Projects | Instruction File | Starting Document | Solution File | Start File Template | Microsoft Office 2013: Illustrated Introductory First Course Illustrated Access 2013 Unit B |" name="And I click on Log In button" time="0"/>
  <testcase classname="| DP:SUPER.USERNAME | DP:SUPER.PASSWORD | OFFICE 2013 | N | SAM Assignments | Illustrated Access 2013 Unit B: Textbook Project | Illustrated | Projects | Instruction File | Starting Document | Solution File | Start File Template | Microsoft Office 2013: Illustrated Introductory First Course Illustrated Access 2013 Unit B |" name="And I see home page of LMS" time="0"/>
  <testcase classname="| DP:SUPER.USERNAME | DP:SUPER.PASSWORD | OFFICE 2013 | N | SAM Assignments | Illustrated Access 2013 Unit B: Textbook Project | Illustrated | Projects | Instruction File | Starting Document | Solution File | Start File Template | Microsoft Office 2013: Illustrated Introductory First Course Illustrated Access 2013 Unit B |" name="And I click on SAM Assignments tab" time="0"/>
  <testcase classname="| DP:SUPER.USERNAME | DP:SUPER.PASSWORD | OFFICE 2013 | N | SAM Assignments | Illustrated Access 2013 Unit B: Textbook Project | Illustrated | Projects | Instruction File | Starting Document | Solution File | Start File Template | Microsoft Office 2013: Illustrated Introductory First Course Illustrated Access 2013 Unit B |" name="And I click on Schedule New button" time="0"/>
  <testcase classname="| DP:SUPER.USERNAME | DP:SUPER.PASSWORD | OFFICE 2013 | N | SAM Assignments | Illustrated Access 2013 Unit B: Textbook Project | Illustrated | Projects | Instruction File | Starting Document | Solution File | Start File Template | Microsoft Office 2013: Illustrated Introductory First Course Illustrated Access 2013 Unit B |" name="And I click on Project button in Select Assignment Type page" time="0"/>
  <testcase classname="| DP:SUPER.USERNAME | DP:SUPER.PASSWORD | OFFICE 2013 | N | SAM Assignments | Illustrated Access 2013 Unit B: Textbook Project | Illustrated | Projects | Instruction File | Starting Document | Solution File | Start File Template | Microsoft Office 2013: Illustrated Introductory First Course Illustrated Access 2013 Unit B |" name="And I select OFFICE 2013 Content Version Dropdown" time="0"/>
  <testcase classname="| DP:SUPER.USERNAME | DP:SUPER.PASSWORD | OFFICE 2013 | N | SAM Assignments | Illustrated Access 2013 Unit B: Textbook Project | Illustrated | Projects | Instruction File | Starting Document | Solution File | Start File Template | Microsoft Office 2013: Illustrated Introductory First Course Illustrated Access 2013 Unit B |" name="And I check View All SAM Projects in project tab" time="0"/>
  <testcase classname="| DP:SUPER.USERNAME | DP:SUPER.PASSWORD | OFFICE 2013 | N | SAM Assignments | Illustrated Access 2013 Unit B: Textbook Project | Illustrated | Projects | Instruction File | Starting Document | Solution File | Start File Template | Microsoft Office 2013: Illustrated Introductory First Course Illustrated Access 2013 Unit B |" name="And I click Illustrated Access 2013 Unit B: Textbook Project N preview icon in schedule new page" time="0"/>
  <testcase classname="| DP:SUPER.USERNAME | DP:SUPER.PASSWORD | OFFICE 2013 | N | SAM Assignments | Illustrated Access 2013 Unit B: Textbook Project | Illustrated | Projects | Instruction File | Starting Document | Solution File | Start File Template | Microsoft Office 2013: Illustrated Introductory First Course Illustrated Access 2013 Unit B |" name="And I verify the Illustrated Access 2013 Unit B: Textbook Project N in the top" time="0"/>
  <testcase classname="| DP:SUPER.USERNAME | DP:SUPER.PASSWORD | OFFICE 2013 | N | SAM Assignments | Illustrated Access 2013 Unit B: Textbook Project | Illustrated | Projects | Instruction File | Starting Document | Solution File | Start File Template | Microsoft Office 2013: Illustrated Introductory First Course Illustrated Access 2013 Unit B |" name="And I verify the date and time in the top right corner" time="0"/>
  <testcase classname="| DP:SUPER.USERNAME | DP:SUPER.PASSWORD | OFFICE 2013 | N | SAM Assignments | Illustrated Access 2013 Unit B: Textbook Project | Illustrated | Projects | Instruction File | Starting Document | Solution File | Start File Template | Microsoft Office 2013: Illustrated Introductory First Course Illustrated Access 2013 Unit B |" name="And I see Preview Project heading" time="0"/>
  <testcase classname="| DP:SUPER.USERNAME | DP:SUPER.PASSWORD | OFFICE 2013 | N | SAM Assignments | Illustrated Access 2013 Unit B: Textbook Project | Illustrated | Projects | Instruction File | Starting Document | Solution File | Start File Template | Microsoft Office 2013: Illustrated Introductory First Course Illustrated Access 2013 Unit B |" name="And I see office icon under Subject column" time="0"/>
  <testcase classname="| DP:SUPER.USERNAME | DP:SUPER.PASSWORD | OFFICE 2013 | N | SAM Assignments | Illustrated Access 2013 Unit B: Textbook Project | Illustrated | Projects | Instruction File | Starting Document | Solution File | Start File Template | Microsoft Office 2013: Illustrated Introductory First Course Illustrated Access 2013 Unit B |" name="And I see Illustrated under Series column" time="0"/>
  <testcase classname="| DP:SUPER.USERNAME | DP:SUPER.PASSWORD | OFFICE 2013 | N | SAM Assignments | Illustrated Access 2013 Unit B: Textbook Project | Illustrated | Projects | Instruction File | Starting Document | Solution File | Start File Template | Microsoft Office 2013: Illustrated Introductory First Course Illustrated Access 2013 Unit B |" name="And I see Illustrated Access 2013 Unit B: Textbook Project N under Project column" time="0"/>
  <testcase classname="| DP:SUPER.USERNAME | DP:SUPER.PASSWORD | OFFICE 2013 | N | SAM Assignments | Illustrated Access 2013 Unit B: Textbook Project | Illustrated | Projects | Instruction File | Starting Document | Solution File | Start File Template | Microsoft Office 2013: Illustrated Introductory First Course Illustrated Access 2013 Unit B |" name="And I see Illustrated Access 2013 Unit B: Textbook Project N above instructions" time="0"/>
  <testcase classname="| DP:SUPER.USERNAME | DP:SUPER.PASSWORD | OFFICE 2013 | N | SAM Assignments | Illustrated Access 2013 Unit B: Textbook Project | Illustrated | Projects | Instruction File | Starting Document | Solution File | Start File Template | Microsoft Office 2013: Illustrated Introductory First Course Illustrated Access 2013 Unit B |" name="And I see instructions for the project" time="0"/>
  <testcase classname="| DP:SUPER.USERNAME | DP:SUPER.PASSWORD | OFFICE 2013 | N | SAM Assignments | Illustrated Access 2013 Unit B: Textbook Project | Illustrated | Projects | Instruction File | Starting Document | Solution File | Start File Template | Microsoft Office 2013: Illustrated Introductory First Course Illustrated Access 2013 Unit B |" name="And I see Instruction File under Actions column" time="0"/>
  <testcase classname="| DP:SUPER.USERNAME | DP:SUPER.PASSWORD | OFFICE 2013 | N | SAM Assignments | Illustrated Access 2013 Unit B: Textbook Project | Illustrated | Projects | Instruction File | Starting Document | Solution File | Start File Template | Microsoft Office 2013: Illustrated Introductory First Course Illustrated Access 2013 Unit B |" name="And I see Starting Document under Actions column" time="0"/>
  <testcase classname="| DP:SUPER.USERNAME | DP:SUPER.PASSWORD | OFFICE 2013 | N | SAM Assignments | Illustrated Access 2013 Unit B: Textbook Project | Illustrated | Projects | Instruction File | Starting Document | Solution File | Start File Template | Microsoft Office 2013: Illustrated Introductory First Course Illustrated Access 2013 Unit B |" name="And I see Solution File under Actions column" time="0"/>
  <testcase classname="| DP:SUPER.USERNAME | DP:SUPER.PASSWORD | OFFICE 2013 | N | SAM Assignments | Illustrated Access 2013 Unit B: Textbook Project | Illustrated | Projects | Instruction File | Starting Document | Solution File | Start File Template | Microsoft Office 2013: Illustrated Introductory First Course Illustrated Access 2013 Unit B |" name="And I see Download Icon for Starting Document corresponding to Start File Template" time="0"/>
  <testcase classname="| DP:SUPER.USERNAME | DP:SUPER.PASSWORD | OFFICE 2013 | N | SAM Assignments | Illustrated Access 2013 Unit B: Textbook Project | Illustrated | Projects | Instruction File | Starting Document | Solution File | Start File Template | Microsoft Office 2013: Illustrated Introductory First Course Illustrated Access 2013 Unit B |" name="And I see Download Icon for Solution File corresponding to Solution File" time="0"/>
  <testcase classname="| DP:SUPER.USERNAME | DP:SUPER.PASSWORD | OFFICE 2013 | N | SAM Assignments | Illustrated Access 2013 Unit B: Textbook Project | Illustrated | Projects | Instruction File | Starting Document | Solution File | Start File Template | Microsoft Office 2013: Illustrated Introductory First Course Illustrated Access 2013 Unit B |" name="And I see the Microsoft Office 2013: Illustrated Introductory First Course Illustrated Access 2013 Unit B corresponding to Instruction File" time="0"/>
  <testcase classname="| DP:SUPER.USERNAME | DP:SUPER.PASSWORD | OFFICE 2013 | N | SAM Assignments | Illustrated Access 2013 Unit B: Textbook Project | Illustrated | Projects | Instruction File | Starting Document | Solution File | Start File Template | Microsoft Office 2013: Illustrated Introductory First Course Illustrated Access 2013 Unit B |" name="And I click Ahead link corresponding to Instruction File" time="0"/>
  <testcase classname="| DP:SUPER.USERNAME | DP:SUPER.PASSWORD | OFFICE 2013 | N | SAM Assignments | Illustrated Access 2013 Unit B: Textbook Project | Illustrated | Projects | Instruction File | Starting Document | Solution File | Start File Template | Microsoft Office 2013: Illustrated Introductory First Course Illustrated Access 2013 Unit B |" name="And I verify the reading content" time="0"/>
  <testcase classname="| DP:SUPER.USERNAME | DP:SUPER.PASSWORD | OFFICE 2013 | N | SAM Assignments | Illustrated Access 2013 Unit B: Textbook Project | Illustrated | Projects | Instruction File | Starting Document | Solution File | Start File Template | Microsoft Office 2013: Illustrated Introductory First Course Illustrated Access 2013 Unit B |" name="And I close the reading content" time="0"/>
  <testcase classname="| DP:SUPER.USERNAME | DP:SUPER.PASSWORD | OFFICE 2013 | N | SAM Assignments | Illustrated Access 2013 Unit B: Textbook Project | Illustrated | Projects | Instruction File | Starting Document | Solution File | Start File Template | Microsoft Office 2013: Illustrated Introductory First Course Illustrated Access 2013 Unit B |" name="And I close the project preview popup" time="0"/>
  <testcase classname="| DP:SUPER.USERNAME | DP:SUPER.PASSWORD | OFFICE 2013 | N | SAM Assignments | Illustrated Access 2013 Unit B: Textbook Project | Illustrated | Projects | Instruction File | Starting Document | Solution File | Start File Template | Microsoft Office 2013: Illustrated Introductory First Course Illustrated Access 2013 Unit B |" name="And I click on Projects tab" time="0"/>
  <testcase classname="| DP:SUPER.USERNAME | DP:SUPER.PASSWORD | OFFICE 2013 | N | SAM Assignments | Illustrated Access 2013 Unit B: Textbook Project | Illustrated | Projects | Instruction File | Starting Document | Solution File | Start File Template | Microsoft Office 2013: Illustrated Introductory First Course Illustrated Access 2013 Unit B |" name="And I click View All SAM Projects in project tab" time="0"/>
  <testcase classname="| DP:SUPER.USERNAME | DP:SUPER.PASSWORD | OFFICE 2013 | N | SAM Assignments | Illustrated Access 2013 Unit B: Textbook Project | Illustrated | Projects | Instruction File | Starting Document | Solution File | Start File Template | Microsoft Office 2013: Illustrated Introductory First Course Illustrated Access 2013 Unit B |" name="And I enter Illustrated Access 2013 Unit B: Textbook Project in Projects page Search field" time="0"/>
  <testcase classname="| DP:SUPER.USERNAME | DP:SUPER.PASSWORD | OFFICE 2013 | N | SAM Assignments | Illustrated Access 2013 Unit B: Textbook Project | Illustrated | Projects | Instruction File | Starting Document | Solution File | Start File Template | Microsoft Office 2013: Illustrated Introductory First Course Illustrated Access 2013 Unit B |" name="When I click Illustrated Access 2013 Unit B: Textbook Project N preview icon in Projects page" time="0"/>
  <testcase classname="| DP:SUPER.USERNAME | DP:SUPER.PASSWORD | OFFICE 2013 | N | SAM Assignments | Illustrated Access 2013 Unit B: Textbook Project | Illustrated | Projects | Instruction File | Starting Document | Solution File | Start File Template | Microsoft Office 2013: Illustrated Introductory First Course Illustrated Access 2013 Unit B |" name="Then I verify the Illustrated Access 2013 Unit B: Textbook Project N in the top" time="0"/>
  <testcase classname="| DP:SUPER.USERNAME | DP:SUPER.PASSWORD | OFFICE 2013 | N | SAM Assignments | Illustrated Access 2013 Unit B: Textbook Project | Illustrated | Projects | Instruction File | Starting Document | Solution File | Start File Template | Microsoft Office 2013: Illustrated Introductory First Course Illustrated Access 2013 Unit B |" name="And I verify the date and time in the top right corner" time="0"/>
  <testcase classname="| DP:SUPER.USERNAME | DP:SUPER.PASSWORD | OFFICE 2013 | N | SAM Assignments | Illustrated Access 2013 Unit B: Textbook Project | Illustrated | Projects | Instruction File | Starting Document | Solution File | Start File Template | Microsoft Office 2013: Illustrated Introductory First Course Illustrated Access 2013 Unit B |" name="And I see Preview Project heading" time="0"/>
  <testcase classname="| DP:SUPER.USERNAME | DP:SUPER.PASSWORD | OFFICE 2013 | N | SAM Assignments | Illustrated Access 2013 Unit B: Textbook Project | Illustrated | Projects | Instruction File | Starting Document | Solution File | Start File Template | Microsoft Office 2013: Illustrated Introductory First Course Illustrated Access 2013 Unit B |" name="And I see office icon under Subject column" time="0"/>
  <testcase classname="| DP:SUPER.USERNAME | DP:SUPER.PASSWORD | OFFICE 2013 | N | SAM Assignments | Illustrated Access 2013 Unit B: Textbook Project | Illustrated | Projects | Instruction File | Starting Document | Solution File | Start File Template | Microsoft Office 2013: Illustrated Introductory First Course Illustrated Access 2013 Unit B |" name="And I see Illustrated under Series column" time="0"/>
  <testcase classname="| DP:SUPER.USERNAME | DP:SUPER.PASSWORD | OFFICE 2013 | N | SAM Assignments | Illustrated Access 2013 Unit B: Textbook Project | Illustrated | Projects | Instruction File | Starting Document | Solution File | Start File Template | Microsoft Office 2013: Illustrated Introductory First Course Illustrated Access 2013 Unit B |" name="And I see Illustrated Access 2013 Unit B: Textbook Project N under Project column" time="0"/>
  <testcase classname="| DP:SUPER.USERNAME | DP:SUPER.PASSWORD | OFFICE 2013 | N | SAM Assignments | Illustrated Access 2013 Unit B: Textbook Project | Illustrated | Projects | Instruction File | Starting Document | Solution File | Start File Template | Microsoft Office 2013: Illustrated Introductory First Course Illustrated Access 2013 Unit B |" name="And I see Illustrated Access 2013 Unit B: Textbook Project N above instructions" time="0"/>
  <testcase classname="| DP:SUPER.USERNAME | DP:SUPER.PASSWORD | OFFICE 2013 | N | SAM Assignments | Illustrated Access 2013 Unit B: Textbook Project | Illustrated | Projects | Instruction File | Starting Document | Solution File | Start File Template | Microsoft Office 2013: Illustrated Introductory First Course Illustrated Access 2013 Unit B |" name="And I see instructions for the project" time="0"/>
  <testcase classname="| DP:SUPER.USERNAME | DP:SUPER.PASSWORD | OFFICE 2013 | N | SAM Assignments | Illustrated Access 2013 Unit B: Textbook Project | Illustrated | Projects | Instruction File | Starting Document | Solution File | Start File Template | Microsoft Office 2013: Illustrated Introductory First Course Illustrated Access 2013 Unit B |" name="And I see Instruction File under Actions column" time="0"/>
  <testcase classname="| DP:SUPER.USERNAME | DP:SUPER.PASSWORD | OFFICE 2013 | N | SAM Assignments | Illustrated Access 2013 Unit B: Textbook Project | Illustrated | Projects | Instruction File | Starting Document | Solution File | Start File Template | Microsoft Office 2013: Illustrated Introductory First Course Illustrated Access 2013 Unit B |" name="And I see Starting Document under Actions column" time="0"/>
  <testcase classname="| DP:SUPER.USERNAME | DP:SUPER.PASSWORD | OFFICE 2013 | N | SAM Assignments | Illustrated Access 2013 Unit B: Textbook Project | Illustrated | Projects | Instruction File | Starting Document | Solution File | Start File Template | Microsoft Office 2013: Illustrated Introductory First Course Illustrated Access 2013 Unit B |" name="And I see Solution File under Actions column" time="0"/>
  <testcase classname="| DP:SUPER.USERNAME | DP:SUPER.PASSWORD | OFFICE 2013 | N | SAM Assignments | Illustrated Access 2013 Unit B: Textbook Project | Illustrated | Projects | Instruction File | Starting Document | Solution File | Start File Template | Microsoft Office 2013: Illustrated Introductory First Course Illustrated Access 2013 Unit B |" name="And I see Download Icon for Starting Document corresponding to Start File Template" time="0"/>
  <testcase classname="| DP:SUPER.USERNAME | DP:SUPER.PASSWORD | OFFICE 2013 | N | SAM Assignments | Illustrated Access 2013 Unit B: Textbook Project | Illustrated | Projects | Instruction File | Starting Document | Solution File | Start File Template | Microsoft Office 2013: Illustrated Introductory First Course Illustrated Access 2013 Unit B |" name="And I see Download Icon for Solution File corresponding to Solution File" time="0"/>
  <testcase classname="| DP:SUPER.USERNAME | DP:SUPER.PASSWORD | OFFICE 2013 | N | SAM Assignments | Illustrated Access 2013 Unit B: Textbook Project | Illustrated | Projects | Instruction File | Starting Document | Solution File | Start File Template | Microsoft Office 2013: Illustrated Introductory First Course Illustrated Access 2013 Unit B |" name="And I see the Microsoft Office 2013: Illustrated Introductory First Course Illustrated Access 2013 Unit B corresponding to Instruction File" time="0"/>
  <testcase classname="| DP:SUPER.USERNAME | DP:SUPER.PASSWORD | OFFICE 2013 | N | SAM Assignments | Illustrated Access 2013 Unit B: Textbook Project | Illustrated | Projects | Instruction File | Starting Document | Solution File | Start File Template | Microsoft Office 2013: Illustrated Introductory First Course Illustrated Access 2013 Unit B |" name="And I click Ahead link corresponding to Instruction File" time="0"/>
  <testcase classname="| DP:SUPER.USERNAME | DP:SUPER.PASSWORD | OFFICE 2013 | N | SAM Assignments | Illustrated Access 2013 Unit B: Textbook Project | Illustrated | Projects | Instruction File | Starting Document | Solution File | Start File Template | Microsoft Office 2013: Illustrated Introductory First Course Illustrated Access 2013 Unit B |" name="And I close the reading content" time="0"/>
  <testcase classname="| DP:SUPER.USERNAME | DP:SUPER.PASSWORD | OFFICE 2013 | N | SAM Assignments | Illustrated Access 2013 Unit B: Textbook Project | Illustrated | Projects | Instruction File | Starting Document | Solution File | Start File Template | Microsoft Office 2013: Illustrated Introductory First Course Illustrated Access 2013 Unit B |" name="And I close the project preview popup" time="0"/>
  <testcase classname="| DP:SUPER.USERNAME | DP:SUPER.PASSWORD | OFFICE 2013 | N | SAM Assignments | Illustrated Access 2013 Unit B: Textbook Project | Illustrated | Projects | Instruction File | Starting Document | Solution File | Start File Template | Microsoft Office 2013: Illustrated Introductory First Course Illustrated Access 2013 Unit B |" name="And I click on Logout button" time="0"/>
  <testcase classname="| DP:SUPER.USERNAME | DP:SUPER.PASSWORD | OFFICE 2013 | N | SAM Assignments | Illustrated Access 2013 Unit B: Textbook Project | Illustrated | Projects | Instruction File | Starting Document | Solution File | Start File Template | Microsoft Office 2013: Illustrated Introductory First Course Illustrated Access 2013 Unit B |" name="| DP:SUPER.USERNAME | DP:SUPER.PASSWORD | OFFICE 2013 | N | SAM Assignments | Illustrated Access 2013 Unit B: Textbook Project | Illustrated | Projects | Instruction File | Starting Document | Solution File | Start File Template | Microsoft Office 2013: Illustrated Introductory First Course Illustrated Access 2013 Unit B |" time="0.001"/>
  <testcase classname="| DP:SUPER.USERNAME | DP:SUPER.PASSWORD | DP:SECTIONS.SECTIONNAME2 | Y | N | SAM Assignments | Exams | DP:EXAMASSIGNMENTS.EXAMNAME1 | DP:TEXTBOOK.BOOK | DP:TEXTBOOK.CHAPTERS | DP:TEXTBOOK.TASKS | DP:TEXTBOOK.TESTBANKQUESTION |" name="Given As a user I see login page of LMS" time="0"/>
  <testcase classname="| DP:SUPER.USERNAME | DP:SUPER.PASSWORD | DP:SECTIONS.SECTIONNAME2 | Y | N | SAM Assignments | Exams | DP:EXAMASSIGNMENTS.EXAMNAME1 | DP:TEXTBOOK.BOOK | DP:TEXTBOOK.CHAPTERS | DP:TEXTBOOK.TASKS | DP:TEXTBOOK.TESTBANKQUESTION |" name="And I enter DP:SUPER.USERNAME N Username in LMS login page" time="0"/>
  <testcase classname="| DP:SUPER.USERNAME | DP:SUPER.PASSWORD | DP:SECTIONS.SECTIONNAME2 | Y | N | SAM Assignments | Exams | DP:EXAMASSIGNMENTS.EXAMNAME1 | DP:TEXTBOOK.BOOK | DP:TEXTBOOK.CHAPTERS | DP:TEXTBOOK.TASKS | DP:TEXTBOOK.TESTBANKQUESTION |" name="And I enter DP:SUPER.PASSWORD Password in LMS login page" time="0"/>
  <testcase classname="| DP:SUPER.USERNAME | DP:SUPER.PASSWORD | DP:SECTIONS.SECTIONNAME2 | Y | N | SAM Assignments | Exams | DP:EXAMASSIGNMENTS.EXAMNAME1 | DP:TEXTBOOK.BOOK | DP:TEXTBOOK.CHAPTERS | DP:TEXTBOOK.TASKS | DP:TEXTBOOK.TESTBANKQUESTION |" name="And I click on Log In button" time="0"/>
  <testcase classname="| DP:SUPER.USERNAME | DP:SUPER.PASSWORD | DP:SECTIONS.SECTIONNAME2 | Y | N | SAM Assignments | Exams | DP:EXAMASSIGNMENTS.EXAMNAME1 | DP:TEXTBOOK.BOOK | DP:TEXTBOOK.CHAPTERS | DP:TEXTBOOK.TASKS | DP:TEXTBOOK.TESTBANKQUESTION |" name="And I see home page of LMS" time="0"/>
  <testcase classname="| DP:SUPER.USERNAME | DP:SUPER.PASSWORD | DP:SECTIONS.SECTIONNAME2 | Y | N | SAM Assignments | Exams | DP:EXAMASSIGNMENTS.EXAMNAME1 | DP:TEXTBOOK.BOOK | DP:TEXTBOOK.CHAPTERS | DP:TEXTBOOK.TASKS | DP:TEXTBOOK.TESTBANKQUESTION |" name="And I click on SAM Assignments tab" time="0"/>
  <testcase classname="| DP:SUPER.USERNAME | DP:SUPER.PASSWORD | DP:SECTIONS.SECTIONNAME2 | Y | N | SAM Assignments | Exams | DP:EXAMASSIGNMENTS.EXAMNAME1 | DP:TEXTBOOK.BOOK | DP:TEXTBOOK.CHAPTERS | DP:TEXTBOOK.TASKS | DP:TEXTBOOK.TESTBANKQUESTION |" name="And I click on Exams tab" time="0"/>
  <testcase classname="| DP:SUPER.USERNAME | DP:SUPER.PASSWORD | DP:SECTIONS.SECTIONNAME2 | Y | N | SAM Assignments | Exams | DP:EXAMASSIGNMENTS.EXAMNAME1 | DP:TEXTBOOK.BOOK | DP:TEXTBOOK.CHAPTERS | DP:TEXTBOOK.TASKS | DP:TEXTBOOK.TESTBANKQUESTION |" name="And I click on Add Exam button" time="0"/>
  <testcase classname="| DP:SUPER.USERNAME | DP:SUPER.PASSWORD | DP:SECTIONS.SECTIONNAME2 | Y | N | SAM Assignments | Exams | DP:EXAMASSIGNMENTS.EXAMNAME1 | DP:TEXTBOOK.BOOK | DP:TEXTBOOK.CHAPTERS | DP:TEXTBOOK.TASKS | DP:TEXTBOOK.TESTBANKQUESTION |" name="And I enter DP:EXAMASSIGNMENTS.EXAMNAME1 Y in Exam Name" time="0"/>
  <testcase classname="| DP:SUPER.USERNAME | DP:SUPER.PASSWORD | DP:SECTIONS.SECTIONNAME2 | Y | N | SAM Assignments | Exams | DP:EXAMASSIGNMENTS.EXAMNAME1 | DP:TEXTBOOK.BOOK | DP:TEXTBOOK.CHAPTERS | DP:TEXTBOOK.TASKS | DP:TEXTBOOK.TESTBANKQUESTION |" name="And I check Auto-generate companion training" time="0"/>
  <testcase classname="| DP:SUPER.USERNAME | DP:SUPER.PASSWORD | DP:SECTIONS.SECTIONNAME2 | Y | N | SAM Assignments | Exams | DP:EXAMASSIGNMENTS.EXAMNAME1 | DP:TEXTBOOK.BOOK | DP:TEXTBOOK.CHAPTERS | DP:TEXTBOOK.TASKS | DP:TEXTBOOK.TESTBANKQUESTION |" name="And I click on Next Step button" time="0"/>
  <testcase classname="| DP:SUPER.USERNAME | DP:SUPER.PASSWORD | DP:SECTIONS.SECTIONNAME2 | Y | N | SAM Assignments | Exams | DP:EXAMASSIGNMENTS.EXAMNAME1 | DP:TEXTBOOK.BOOK | DP:TEXTBOOK.CHAPTERS | DP:TEXTBOOK.TASKS | DP:TEXTBOOK.TESTBANKQUESTION |" name="And I check DP:TEXTBOOK.BOOK in Select Textbooks page" time="0"/>
  <testcase classname="| DP:SUPER.USERNAME | DP:SUPER.PASSWORD | DP:SECTIONS.SECTIONNAME2 | Y | N | SAM Assignments | Exams | DP:EXAMASSIGNMENTS.EXAMNAME1 | DP:TEXTBOOK.BOOK | DP:TEXTBOOK.CHAPTERS | DP:TEXTBOOK.TASKS | DP:TEXTBOOK.TESTBANKQUESTION |" name="And I click on Next Step button" time="0"/>
  <testcase classname="| DP:SUPER.USERNAME | DP:SUPER.PASSWORD | DP:SECTIONS.SECTIONNAME2 | Y | N | SAM Assignments | Exams | DP:EXAMASSIGNMENTS.EXAMNAME1 | DP:TEXTBOOK.BOOK | DP:TEXTBOOK.CHAPTERS | DP:TEXTBOOK.TASKS | DP:TEXTBOOK.TESTBANKQUESTION |" name="And I check DP:TEXTBOOK.CHAPTERS in Select Chapters" time="0"/>
  <testcase classname="| DP:SUPER.USERNAME | DP:SUPER.PASSWORD | DP:SECTIONS.SECTIONNAME2 | Y | N | SAM Assignments | Exams | DP:EXAMASSIGNMENTS.EXAMNAME1 | DP:TEXTBOOK.BOOK | DP:TEXTBOOK.CHAPTERS | DP:TEXTBOOK.TASKS | DP:TEXTBOOK.TESTBANKQUESTION |" name="And I click on Next Step button" time="0"/>
  <testcase classname="| DP:SUPER.USERNAME | DP:SUPER.PASSWORD | DP:SECTIONS.SECTIONNAME2 | Y | N | SAM Assignments | Exams | DP:EXAMASSIGNMENTS.EXAMNAME1 | DP:TEXTBOOK.BOOK | DP:TEXTBOOK.CHAPTERS | DP:TEXTBOOK.TASKS | DP:TEXTBOOK.TESTBANKQUESTION |" name="And I check DP:TEXTBOOK.TASKS task" time="0"/>
  <testcase classname="| DP:SUPER.USERNAME | DP:SUPER.PASSWORD | DP:SECTIONS.SECTIONNAME2 | Y | N | SAM Assignments | Exams | DP:EXAMASSIGNMENTS.EXAMNAME1 | DP:TEXTBOOK.BOOK | DP:TEXTBOOK.CHAPTERS | DP:TEXTBOOK.TASKS | DP:TEXTBOOK.TESTBANKQUESTION |" name="And I click on Testbank Question" time="0"/>
  <testcase classname="| DP:SUPER.USERNAME | DP:SUPER.PASSWORD | DP:SECTIONS.SECTIONNAME2 | Y | N | SAM Assignments | Exams | DP:EXAMASSIGNMENTS.EXAMNAME1 | DP:TEXTBOOK.BOOK | DP:TEXTBOOK.CHAPTERS | DP:TEXTBOOK.TASKS | DP:TEXTBOOK.TESTBANKQUESTION |" name="And I check DP:TEXTBOOK.TESTBANKQUESTION in Testbank Question" time="0"/>
  <testcase classname="| DP:SUPER.USERNAME | DP:SUPER.PASSWORD | DP:SECTIONS.SECTIONNAME2 | Y | N | SAM Assignments | Exams | DP:EXAMASSIGNMENTS.EXAMNAME1 | DP:TEXTBOOK.BOOK | DP:TEXTBOOK.CHAPTERS | DP:TEXTBOOK.TASKS | DP:TEXTBOOK.TESTBANKQUESTION |" name="And I click on Save button" time="0"/>
  <testcase classname="| DP:SUPER.USERNAME | DP:SUPER.PASSWORD | DP:SECTIONS.SECTIONNAME2 | Y | N | SAM Assignments | Exams | DP:EXAMASSIGNMENTS.EXAMNAME1 | DP:TEXTBOOK.BOOK | DP:TEXTBOOK.CHAPTERS | DP:TEXTBOOK.TASKS | DP:TEXTBOOK.TESTBANKQUESTION |" name="And I click on Schedule button in pop-up" time="0"/>
  <testcase classname="| DP:SUPER.USERNAME | DP:SUPER.PASSWORD | DP:SECTIONS.SECTIONNAME2 | Y | N | SAM Assignments | Exams | DP:EXAMASSIGNMENTS.EXAMNAME1 | DP:TEXTBOOK.BOOK | DP:TEXTBOOK.CHAPTERS | DP:TEXTBOOK.TASKS | DP:TEXTBOOK.TESTBANKQUESTION |" name="And I click on section drop down" time="0"/>
  <testcase classname="| DP:SUPER.USERNAME | DP:SUPER.PASSWORD | DP:SECTIONS.SECTIONNAME2 | Y | N | SAM Assignments | Exams | DP:EXAMASSIGNMENTS.EXAMNAME1 | DP:TEXTBOOK.BOOK | DP:TEXTBOOK.CHAPTERS | DP:TEXTBOOK.TASKS | DP:TEXTBOOK.TESTBANKQUESTION |" name="And I check DP:SECTIONS.SECTIONNAME2 Y in Select section drop down" time="0"/>
  <testcase classname="| DP:SUPER.USERNAME | DP:SUPER.PASSWORD | DP:SECTIONS.SECTIONNAME2 | Y | N | SAM Assignments | Exams | DP:EXAMASSIGNMENTS.EXAMNAME1 | DP:TEXTBOOK.BOOK | DP:TEXTBOOK.CHAPTERS | DP:TEXTBOOK.TASKS | DP:TEXTBOOK.TESTBANKQUESTION |" name="And I click on section drop down" time="0"/>
  <testcase classname="| DP:SUPER.USERNAME | DP:SUPER.PASSWORD | DP:SECTIONS.SECTIONNAME2 | Y | N | SAM Assignments | Exams | DP:EXAMASSIGNMENTS.EXAMNAME1 | DP:TEXTBOOK.BOOK | DP:TEXTBOOK.CHAPTERS | DP:TEXTBOOK.TASKS | DP:TEXTBOOK.TESTBANKQUESTION |" name="When I click on Schedule button" time="0"/>
  <testcase classname="| DP:SUPER.USERNAME | DP:SUPER.PASSWORD | DP:SECTIONS.SECTIONNAME2 | Y | N | SAM Assignments | Exams | DP:EXAMASSIGNMENTS.EXAMNAME1 | DP:TEXTBOOK.BOOK | DP:TEXTBOOK.CHAPTERS | DP:TEXTBOOK.TASKS | DP:TEXTBOOK.TESTBANKQUESTION |" name="Then I click on X icon" time="0"/>
  <testcase classname="| DP:SUPER.USERNAME | DP:SUPER.PASSWORD | DP:SECTIONS.SECTIONNAME2 | Y | N | SAM Assignments | Exams | DP:EXAMASSIGNMENTS.EXAMNAME1 | DP:TEXTBOOK.BOOK | DP:TEXTBOOK.CHAPTERS | DP:TEXTBOOK.TASKS | DP:TEXTBOOK.TESTBANKQUESTION |" name="And I click on Logout button" time="0"/>
  <testcase classname="| DP:SUPER.USERNAME | DP:SUPER.PASSWORD | DP:SECTIONS.SECTIONNAME2 | Y | N | SAM Assignments | Exams | DP:EXAMASSIGNMENTS.EXAMNAME1 | DP:TEXTBOOK.BOOK | DP:TEXTBOOK.CHAPTERS | DP:TEXTBOOK.TASKS | DP:TEXTBOOK.TESTBANKQUESTION |" name="| DP:SUPER.USERNAME | DP:SUPER.PASSWORD | DP:SECTIONS.SECTIONNAME2 | Y | N | SAM Assignments | Exams | DP:EXAMASSIGNMENTS.EXAMNAME1 | DP:TEXTBOOK.BOOK | DP:TEXTBOOK.CHAPTERS | DP:TEXTBOOK.TASKS | DP:TEXTBOOK.TESTBANKQUESTION |" time="0.002"/>
  <testcase classname="| DP:SUPER.USERNAME | DP:SUPER.PASSWORD | DP:SECTIONS.SECTIONNAME2 | Y | N | SAM Assignments | Exams | DP:EXAMASSIGNMENTS.EXAMEDITNAME1 | DP:TEXTBOOK.BOOK | DP:TEXTBOOK.CHAPTERS | DP:TEXTBOOK.TASKS | DP:TEXTBOOK.TESTBANKQUESTION |" name="Given As a user I see login page of LMS" time="0"/>
  <testcase classname="| DP:SUPER.USERNAME | DP:SUPER.PASSWORD | DP:SECTIONS.SECTIONNAME2 | Y | N | SAM Assignments | Exams | DP:EXAMASSIGNMENTS.EXAMEDITNAME1 | DP:TEXTBOOK.BOOK | DP:TEXTBOOK.CHAPTERS | DP:TEXTBOOK.TASKS | DP:TEXTBOOK.TESTBANKQUESTION |" name="And I enter DP:SUPER.USERNAME N Username in LMS login page" time="0"/>
  <testcase classname="| DP:SUPER.USERNAME | DP:SUPER.PASSWORD | DP:SECTIONS.SECTIONNAME2 | Y | N | SAM Assignments | Exams | DP:EXAMASSIGNMENTS.EXAMEDITNAME1 | DP:TEXTBOOK.BOOK | DP:TEXTBOOK.CHAPTERS | DP:TEXTBOOK.TASKS | DP:TEXTBOOK.TESTBANKQUESTION |" name="And I enter DP:SUPER.PASSWORD Password in LMS login page" time="0"/>
  <testcase classname="| DP:SUPER.USERNAME | DP:SUPER.PASSWORD | DP:SECTIONS.SECTIONNAME2 | Y | N | SAM Assignments | Exams | DP:EXAMASSIGNMENTS.EXAMEDITNAME1 | DP:TEXTBOOK.BOOK | DP:TEXTBOOK.CHAPTERS | DP:TEXTBOOK.TASKS | DP:TEXTBOOK.TESTBANKQUESTION |" name="And I click on Log In button" time="0"/>
  <testcase classname="| DP:SUPER.USERNAME | DP:SUPER.PASSWORD | DP:SECTIONS.SECTIONNAME2 | Y | N | SAM Assignments | Exams | DP:EXAMASSIGNMENTS.EXAMEDITNAME1 | DP:TEXTBOOK.BOOK | DP:TEXTBOOK.CHAPTERS | DP:TEXTBOOK.TASKS | DP:TEXTBOOK.TESTBANKQUESTION |" name="And I see home page of LMS" time="0"/>
  <testcase classname="| DP:SUPER.USERNAME | DP:SUPER.PASSWORD | DP:SECTIONS.SECTIONNAME2 | Y | N | SAM Assignments | Exams | DP:EXAMASSIGNMENTS.EXAMEDITNAME1 | DP:TEXTBOOK.BOOK | DP:TEXTBOOK.CHAPTERS | DP:TEXTBOOK.TASKS | DP:TEXTBOOK.TESTBANKQUESTION |" name="And I click on SAM Assignments tab" time="0"/>
  <testcase classname="| DP:SUPER.USERNAME | DP:SUPER.PASSWORD | DP:SECTIONS.SECTIONNAME2 | Y | N | SAM Assignments | Exams | DP:EXAMASSIGNMENTS.EXAMEDITNAME1 | DP:TEXTBOOK.BOOK | DP:TEXTBOOK.CHAPTERS | DP:TEXTBOOK.TASKS | DP:TEXTBOOK.TESTBANKQUESTION |" name="And I click on Exams tab" time="0"/>
  <testcase classname="| DP:SUPER.USERNAME | DP:SUPER.PASSWORD | DP:SECTIONS.SECTIONNAME2 | Y | N | SAM Assignments | Exams | DP:EXAMASSIGNMENTS.EXAMEDITNAME1 | DP:TEXTBOOK.BOOK | DP:TEXTBOOK.CHAPTERS | DP:TEXTBOOK.TASKS | DP:TEXTBOOK.TESTBANKQUESTION |" name="And I click on Add Exam button" time="0"/>
  <testcase classname="| DP:SUPER.USERNAME | DP:SUPER.PASSWORD | DP:SECTIONS.SECTIONNAME2 | Y | N | SAM Assignments | Exams | DP:EXAMASSIGNMENTS.EXAMEDITNAME1 | DP:TEXTBOOK.BOOK | DP:TEXTBOOK.CHAPTERS | DP:TEXTBOOK.TASKS | DP:TEXTBOOK.TESTBANKQUESTION |" name="And I enter DP:EXAMASSIGNMENTS.EXAMEDITNAME1 Y in Exam Name" time="0"/>
  <testcase classname="| DP:SUPER.USERNAME | DP:SUPER.PASSWORD | DP:SECTIONS.SECTIONNAME2 | Y | N | SAM Assignments | Exams | DP:EXAMASSIGNMENTS.EXAMEDITNAME1 | DP:TEXTBOOK.BOOK | DP:TEXTBOOK.CHAPTERS | DP:TEXTBOOK.TASKS | DP:TEXTBOOK.TESTBANKQUESTION |" name="And I check Auto-generate companion training" time="0"/>
  <testcase classname="| DP:SUPER.USERNAME | DP:SUPER.PASSWORD | DP:SECTIONS.SECTIONNAME2 | Y | N | SAM Assignments | Exams | DP:EXAMASSIGNMENTS.EXAMEDITNAME1 | DP:TEXTBOOK.BOOK | DP:TEXTBOOK.CHAPTERS | DP:TEXTBOOK.TASKS | DP:TEXTBOOK.TESTBANKQUESTION |" name="And I select public option in training creation" time="0"/>
  <testcase classname="| DP:SUPER.USERNAME | DP:SUPER.PASSWORD | DP:SECTIONS.SECTIONNAME2 | Y | N | SAM Assignments | Exams | DP:EXAMASSIGNMENTS.EXAMEDITNAME1 | DP:TEXTBOOK.BOOK | DP:TEXTBOOK.CHAPTERS | DP:TEXTBOOK.TASKS | DP:TEXTBOOK.TESTBANKQUESTION |" name="And I click on Next Step button" time="0"/>
  <testcase classname="| DP:SUPER.USERNAME | DP:SUPER.PASSWORD | DP:SECTIONS.SECTIONNAME2 | Y | N | SAM Assignments | Exams | DP:EXAMASSIGNMENTS.EXAMEDITNAME1 | DP:TEXTBOOK.BOOK | DP:TEXTBOOK.CHAPTERS | DP:TEXTBOOK.TASKS | DP:TEXTBOOK.TESTBANKQUESTION |" name="And I check DP:TEXTBOOK.BOOK in Select Textbooks page" time="0"/>
  <testcase classname="| DP:SUPER.USERNAME | DP:SUPER.PASSWORD | DP:SECTIONS.SECTIONNAME2 | Y | N | SAM Assignments | Exams | DP:EXAMASSIGNMENTS.EXAMEDITNAME1 | DP:TEXTBOOK.BOOK | DP:TEXTBOOK.CHAPTERS | DP:TEXTBOOK.TASKS | DP:TEXTBOOK.TESTBANKQUESTION |" name="And I click on Next Step button" time="0.001"/>
  <testcase classname="| DP:SUPER.USERNAME | DP:SUPER.PASSWORD | DP:SECTIONS.SECTIONNAME2 | Y | N | SAM Assignments | Exams | DP:EXAMASSIGNMENTS.EXAMEDITNAME1 | DP:TEXTBOOK.BOOK | DP:TEXTBOOK.CHAPTERS | DP:TEXTBOOK.TASKS | DP:TEXTBOOK.TESTBANKQUESTION |" name="And I check DP:TEXTBOOK.CHAPTERS in Select Chapters" time="0"/>
  <testcase classname="| DP:SUPER.USERNAME | DP:SUPER.PASSWORD | DP:SECTIONS.SECTIONNAME2 | Y | N | SAM Assignments | Exams | DP:EXAMASSIGNMENTS.EXAMEDITNAME1 | DP:TEXTBOOK.BOOK | DP:TEXTBOOK.CHAPTERS | DP:TEXTBOOK.TASKS | DP:TEXTBOOK.TESTBANKQUESTION |" name="And I click on Next Step button" time="0"/>
  <testcase classname="| DP:SUPER.USERNAME | DP:SUPER.PASSWORD | DP:SECTIONS.SECTIONNAME2 | Y | N | SAM Assignments | Exams | DP:EXAMASSIGNMENTS.EXAMEDITNAME1 | DP:TEXTBOOK.BOOK | DP:TEXTBOOK.CHAPTERS | DP:TEXTBOOK.TASKS | DP:TEXTBOOK.TESTBANKQUESTION |" name="And I check DP:TEXTBOOK.TASKS task" time="0"/>
  <testcase classname="| DP:SUPER.USERNAME | DP:SUPER.PASSWORD | DP:SECTIONS.SECTIONNAME2 | Y | N | SAM Assignments | Exams | DP:EXAMASSIGNMENTS.EXAMEDITNAME1 | DP:TEXTBOOK.BOOK | DP:TEXTBOOK.CHAPTERS | DP:TEXTBOOK.TASKS | DP:TEXTBOOK.TESTBANKQUESTION |" name="And I click on Testbank Question" time="0"/>
  <testcase classname="| DP:SUPER.USERNAME | DP:SUPER.PASSWORD | DP:SECTIONS.SECTIONNAME2 | Y | N | SAM Assignments | Exams | DP:EXAMASSIGNMENTS.EXAMEDITNAME1 | DP:TEXTBOOK.BOOK | DP:TEXTBOOK.CHAPTERS | DP:TEXTBOOK.TASKS | DP:TEXTBOOK.TESTBANKQUESTION |" name="And I check DP:TEXTBOOK.TESTBANKQUESTION in Testbank Question" time="0"/>
  <testcase classname="| DP:SUPER.USERNAME | DP:SUPER.PASSWORD | DP:SECTIONS.SECTIONNAME2 | Y | N | SAM Assignments | Exams | DP:EXAMASSIGNMENTS.EXAMEDITNAME1 | DP:TEXTBOOK.BOOK | DP:TEXTBOOK.CHAPTERS | DP:TEXTBOOK.TASKS | DP:TEXTBOOK.TESTBANKQUESTION |" name="And I click on Save button" time="0"/>
  <testcase classname="| DP:SUPER.USERNAME | DP:SUPER.PASSWORD | DP:SECTIONS.SECTIONNAME2 | Y | N | SAM Assignments | Exams | DP:EXAMASSIGNMENTS.EXAMEDITNAME1 | DP:TEXTBOOK.BOOK | DP:TEXTBOOK.CHAPTERS | DP:TEXTBOOK.TASKS | DP:TEXTBOOK.TESTBANKQUESTION |" name="And I click on Schedule button in pop-up" time="0"/>
  <testcase classname="| DP:SUPER.USERNAME | DP:SUPER.PASSWORD | DP:SECTIONS.SECTIONNAME2 | Y | N | SAM Assignments | Exams | DP:EXAMASSIGNMENTS.EXAMEDITNAME1 | DP:TEXTBOOK.BOOK | DP:TEXTBOOK.CHAPTERS | DP:TEXTBOOK.TASKS | DP:TEXTBOOK.TESTBANKQUESTION |" name="And I click on section drop down" time="0"/>
  <testcase classname="| DP:SUPER.USERNAME | DP:SUPER.PASSWORD | DP:SECTIONS.SECTIONNAME2 | Y | N | SAM Assignments | Exams | DP:EXAMASSIGNMENTS.EXAMEDITNAME1 | DP:TEXTBOOK.BOOK | DP:TEXTBOOK.CHAPTERS | DP:TEXTBOOK.TASKS | DP:TEXTBOOK.TESTBANKQUESTION |" name="And I check DP:SECTIONS.SECTIONNAME2 Y in Select section drop down" time="0"/>
  <testcase classname="| DP:SUPER.USERNAME | DP:SUPER.PASSWORD | DP:SECTIONS.SECTIONNAME2 | Y | N | SAM Assignments | Exams | DP:EXAMASSIGNMENTS.EXAMEDITNAME1 | DP:TEXTBOOK.BOOK | DP:TEXTBOOK.CHAPTERS | DP:TEXTBOOK.TASKS | DP:TEXTBOOK.TESTBANKQUESTION |" name="And I click on section drop down" time="0"/>
  <testcase classname="| DP:SUPER.USERNAME | DP:SUPER.PASSWORD | DP:SECTIONS.SECTIONNAME2 | Y | N | SAM Assignments | Exams | DP:EXAMASSIGNMENTS.EXAMEDITNAME1 | DP:TEXTBOOK.BOOK | DP:TEXTBOOK.CHAPTERS | DP:TEXTBOOK.TASKS | DP:TEXTBOOK.TESTBANKQUESTION |" name="When I click on Schedule button" time="0"/>
  <testcase classname="| DP:SUPER.USERNAME | DP:SUPER.PASSWORD | DP:SECTIONS.SECTIONNAME2 | Y | N | SAM Assignments | Exams | DP:EXAMASSIGNMENTS.EXAMEDITNAME1 | DP:TEXTBOOK.BOOK | DP:TEXTBOOK.CHAPTERS | DP:TEXTBOOK.TASKS | DP:TEXTBOOK.TESTBANKQUESTION |" name="Then I click on X icon" time="0"/>
  <testcase classname="| DP:SUPER.USERNAME | DP:SUPER.PASSWORD | DP:SECTIONS.SECTIONNAME2 | Y | N | SAM Assignments | Exams | DP:EXAMASSIGNMENTS.EXAMEDITNAME1 | DP:TEXTBOOK.BOOK | DP:TEXTBOOK.CHAPTERS | DP:TEXTBOOK.TASKS | DP:TEXTBOOK.TESTBANKQUESTION |" name="And I click on Logout button" time="0"/>
  <testcase classname="| DP:SUPER.USERNAME | DP:SUPER.PASSWORD | DP:SECTIONS.SECTIONNAME2 | Y | N | SAM Assignments | Exams | DP:EXAMASSIGNMENTS.EXAMEDITNAME1 | DP:TEXTBOOK.BOOK | DP:TEXTBOOK.CHAPTERS | DP:TEXTBOOK.TASKS | DP:TEXTBOOK.TESTBANKQUESTION |" name="| DP:SUPER.USERNAME | DP:SUPER.PASSWORD | DP:SECTIONS.SECTIONNAME2 | Y | N | SAM Assignments | Exams | DP:EXAMASSIGNMENTS.EXAMEDITNAME1 | DP:TEXTBOOK.BOOK | DP:TEXTBOOK.CHAPTERS | DP:TEXTBOOK.TASKS | DP:TEXTBOOK.TESTBANKQUESTION |" time="0.002"/>
  <testcase classname="| DP:SUPER.USERNAME | DP:SUPER.PASSWORD | DP:SECTIONS.SECTIONNAME2 | DP:TRAININGASSIGNMENTS.TRAININGNAME1 | DP:TEXTBOOK.BOOK | DP:ASSIGNMENTS.TRAININGAPPLICATION1TASK1 | SAM Assignments | Training | Y | N | DP:TEXTBOOK.CHAPTERS |" name="Given As a user I see login page of LMS" time="0"/>
  <testcase classname="| DP:SUPER.USERNAME | DP:SUPER.PASSWORD | DP:SECTIONS.SECTIONNAME2 | DP:TRAININGASSIGNMENTS.TRAININGNAME1 | DP:TEXTBOOK.BOOK | DP:ASSIGNMENTS.TRAININGAPPLICATION1TASK1 | SAM Assignments | Training | Y | N | DP:TEXTBOOK.CHAPTERS |" name="And I enter DP:SUPER.USERNAME N Username in LMS login page" time="0"/>
  <testcase classname="| DP:SUPER.USERNAME | DP:SUPER.PASSWORD | DP:SECTIONS.SECTIONNAME2 | DP:TRAININGASSIGNMENTS.TRAININGNAME1 | DP:TEXTBOOK.BOOK | DP:ASSIGNMENTS.TRAININGAPPLICATION1TASK1 | SAM Assignments | Training | Y | N | DP:TEXTBOOK.CHAPTERS |" name="And I enter DP:SUPER.PASSWORD Password in LMS login page" time="0"/>
  <testcase classname="| DP:SUPER.USERNAME | DP:SUPER.PASSWORD | DP:SECTIONS.SECTIONNAME2 | DP:TRAININGASSIGNMENTS.TRAININGNAME1 | DP:TEXTBOOK.BOOK | DP:ASSIGNMENTS.TRAININGAPPLICATION1TASK1 | SAM Assignments | Training | Y | N | DP:TEXTBOOK.CHAPTERS |" name="And I click on Log In button" time="0"/>
  <testcase classname="| DP:SUPER.USERNAME | DP:SUPER.PASSWORD | DP:SECTIONS.SECTIONNAME2 | DP:TRAININGASSIGNMENTS.TRAININGNAME1 | DP:TEXTBOOK.BOOK | DP:ASSIGNMENTS.TRAININGAPPLICATION1TASK1 | SAM Assignments | Training | Y | N | DP:TEXTBOOK.CHAPTERS |" name="And I see home page of LMS" time="0"/>
  <testcase classname="| DP:SUPER.USERNAME | DP:SUPER.PASSWORD | DP:SECTIONS.SECTIONNAME2 | DP:TRAININGASSIGNMENTS.TRAININGNAME1 | DP:TEXTBOOK.BOOK | DP:ASSIGNMENTS.TRAININGAPPLICATION1TASK1 | SAM Assignments | Training | Y | N | DP:TEXTBOOK.CHAPTERS |" name="And I click on SAM Assignments tab" time="0"/>
  <testcase classname="| DP:SUPER.USERNAME | DP:SUPER.PASSWORD | DP:SECTIONS.SECTIONNAME2 | DP:TRAININGASSIGNMENTS.TRAININGNAME1 | DP:TEXTBOOK.BOOK | DP:ASSIGNMENTS.TRAININGAPPLICATION1TASK1 | SAM Assignments | Training | Y | N | DP:TEXTBOOK.CHAPTERS |" name="And I click on Training tab" time="0"/>
  <testcase classname="| DP:SUPER.USERNAME | DP:SUPER.PASSWORD | DP:SECTIONS.SECTIONNAME2 | DP:TRAININGASSIGNMENTS.TRAININGNAME1 | DP:TEXTBOOK.BOOK | DP:ASSIGNMENTS.TRAININGAPPLICATION1TASK1 | SAM Assignments | Training | Y | N | DP:TEXTBOOK.CHAPTERS |" name="And I click on Add Training button" time="0"/>
  <testcase classname="| DP:SUPER.USERNAME | DP:SUPER.PASSWORD | DP:SECTIONS.SECTIONNAME2 | DP:TRAININGASSIGNMENTS.TRAININGNAME1 | DP:TEXTBOOK.BOOK | DP:ASSIGNMENTS.TRAININGAPPLICATION1TASK1 | SAM Assignments | Training | Y | N | DP:TEXTBOOK.CHAPTERS |" name="And I enter DP:TRAININGASSIGNMENTS.TRAININGNAME1 Y in Training Name" time="0"/>
  <testcase classname="| DP:SUPER.USERNAME | DP:SUPER.PASSWORD | DP:SECTIONS.SECTIONNAME2 | DP:TRAININGASSIGNMENTS.TRAININGNAME1 | DP:TEXTBOOK.BOOK | DP:ASSIGNMENTS.TRAININGAPPLICATION1TASK1 | SAM Assignments | Training | Y | N | DP:TEXTBOOK.CHAPTERS |" name="And I check on Auto-generate companion exam" time="0"/>
  <testcase classname="| DP:SUPER.USERNAME | DP:SUPER.PASSWORD | DP:SECTIONS.SECTIONNAME2 | DP:TRAININGASSIGNMENTS.TRAININGNAME1 | DP:TEXTBOOK.BOOK | DP:ASSIGNMENTS.TRAININGAPPLICATION1TASK1 | SAM Assignments | Training | Y | N | DP:TEXTBOOK.CHAPTERS |" name="And I click on Next Step button" time="0"/>
  <testcase classname="| DP:SUPER.USERNAME | DP:SUPER.PASSWORD | DP:SECTIONS.SECTIONNAME2 | DP:TRAININGASSIGNMENTS.TRAININGNAME1 | DP:TEXTBOOK.BOOK | DP:ASSIGNMENTS.TRAININGAPPLICATION1TASK1 | SAM Assignments | Training | Y | N | DP:TEXTBOOK.CHAPTERS |" name="And I check on Make all SAM Tasks available" time="0"/>
  <testcase classname="| DP:SUPER.USERNAME | DP:SUPER.PASSWORD | DP:SECTIONS.SECTIONNAME2 | DP:TRAININGASSIGNMENTS.TRAININGNAME1 | DP:TEXTBOOK.BOOK | DP:ASSIGNMENTS.TRAININGAPPLICATION1TASK1 | SAM Assignments | Training | Y | N | DP:TEXTBOOK.CHAPTERS |" name="And I check DP:TEXTBOOK.BOOK in Select Textbooks page" time="0"/>
  <testcase classname="| DP:SUPER.USERNAME | DP:SUPER.PASSWORD | DP:SECTIONS.SECTIONNAME2 | DP:TRAININGASSIGNMENTS.TRAININGNAME1 | DP:TEXTBOOK.BOOK | DP:ASSIGNMENTS.TRAININGAPPLICATION1TASK1 | SAM Assignments | Training | Y | N | DP:TEXTBOOK.CHAPTERS |" name="And I click on Next Step button" time="0"/>
  <testcase classname="| DP:SUPER.USERNAME | DP:SUPER.PASSWORD | DP:SECTIONS.SECTIONNAME2 | DP:TRAININGASSIGNMENTS.TRAININGNAME1 | DP:TEXTBOOK.BOOK | DP:ASSIGNMENTS.TRAININGAPPLICATION1TASK1 | SAM Assignments | Training | Y | N | DP:TEXTBOOK.CHAPTERS |" name="And I check DP:TEXTBOOK.CHAPTERS in Select Chapters" time="0"/>
  <testcase classname="| DP:SUPER.USERNAME | DP:SUPER.PASSWORD | DP:SECTIONS.SECTIONNAME2 | DP:TRAININGASSIGNMENTS.TRAININGNAME1 | DP:TEXTBOOK.BOOK | DP:ASSIGNMENTS.TRAININGAPPLICATION1TASK1 | SAM Assignments | Training | Y | N | DP:TEXTBOOK.CHAPTERS |" name="And I click on Next Step button" time="0"/>
  <testcase classname="| DP:SUPER.USERNAME | DP:SUPER.PASSWORD | DP:SECTIONS.SECTIONNAME2 | DP:TRAININGASSIGNMENTS.TRAININGNAME1 | DP:TEXTBOOK.BOOK | DP:ASSIGNMENTS.TRAININGAPPLICATION1TASK1 | SAM Assignments | Training | Y | N | DP:TEXTBOOK.CHAPTERS |" name="And I check DP:ASSIGNMENTS.TRAININGAPPLICATION1TASK1 task" time="0"/>
  <testcase classname="| DP:SUPER.USERNAME | DP:SUPER.PASSWORD | DP:SECTIONS.SECTIONNAME2 | DP:TRAININGASSIGNMENTS.TRAININGNAME1 | DP:TEXTBOOK.BOOK | DP:ASSIGNMENTS.TRAININGAPPLICATION1TASK1 | SAM Assignments | Training | Y | N | DP:TEXTBOOK.CHAPTERS |" name="And I click on Save button" time="0"/>
  <testcase classname="| DP:SUPER.USERNAME | DP:SUPER.PASSWORD | DP:SECTIONS.SECTIONNAME2 | DP:TRAININGASSIGNMENTS.TRAININGNAME1 | DP:TEXTBOOK.BOOK | DP:ASSIGNMENTS.TRAININGAPPLICATION1TASK1 | SAM Assignments | Training | Y | N | DP:TEXTBOOK.CHAPTERS |" name="And I click on Schedule button in pop-up" time="0"/>
  <testcase classname="| DP:SUPER.USERNAME | DP:SUPER.PASSWORD | DP:SECTIONS.SECTIONNAME2 | DP:TRAININGASSIGNMENTS.TRAININGNAME1 | DP:TEXTBOOK.BOOK | DP:ASSIGNMENTS.TRAININGAPPLICATION1TASK1 | SAM Assignments | Training | Y | N | DP:TEXTBOOK.CHAPTERS |" name="And I click on section drop down" time="0"/>
  <testcase classname="| DP:SUPER.USERNAME | DP:SUPER.PASSWORD | DP:SECTIONS.SECTIONNAME2 | DP:TRAININGASSIGNMENTS.TRAININGNAME1 | DP:TEXTBOOK.BOOK | DP:ASSIGNMENTS.TRAININGAPPLICATION1TASK1 | SAM Assignments | Training | Y | N | DP:TEXTBOOK.CHAPTERS |" name="And I check DP:SECTIONS.SECTIONNAME2 Y in Select section drop down" time="0"/>
  <testcase classname="| DP:SUPER.USERNAME | DP:SUPER.PASSWORD | DP:SECTIONS.SECTIONNAME2 | DP:TRAININGASSIGNMENTS.TRAININGNAME1 | DP:TEXTBOOK.BOOK | DP:ASSIGNMENTS.TRAININGAPPLICATION1TASK1 | SAM Assignments | Training | Y | N | DP:TEXTBOOK.CHAPTERS |" name="And I click on section drop down" time="0"/>
  <testcase classname="| DP:SUPER.USERNAME | DP:SUPER.PASSWORD | DP:SECTIONS.SECTIONNAME2 | DP:TRAININGASSIGNMENTS.TRAININGNAME1 | DP:TEXTBOOK.BOOK | DP:ASSIGNMENTS.TRAININGAPPLICATION1TASK1 | SAM Assignments | Training | Y | N | DP:TEXTBOOK.CHAPTERS |" name="When I click on Schedule button" time="0"/>
  <testcase classname="| DP:SUPER.USERNAME | DP:SUPER.PASSWORD | DP:SECTIONS.SECTIONNAME2 | DP:TRAININGASSIGNMENTS.TRAININGNAME1 | DP:TEXTBOOK.BOOK | DP:ASSIGNMENTS.TRAININGAPPLICATION1TASK1 | SAM Assignments | Training | Y | N | DP:TEXTBOOK.CHAPTERS |" name="Then I click on X icon" time="0"/>
  <testcase classname="| DP:SUPER.USERNAME | DP:SUPER.PASSWORD | DP:SECTIONS.SECTIONNAME2 | DP:TRAININGASSIGNMENTS.TRAININGNAME1 | DP:TEXTBOOK.BOOK | DP:ASSIGNMENTS.TRAININGAPPLICATION1TASK1 | SAM Assignments | Training | Y | N | DP:TEXTBOOK.CHAPTERS |" name="And I click on Logout button" time="0"/>
  <testcase classname="| DP:SUPER.USERNAME | DP:SUPER.PASSWORD | DP:SECTIONS.SECTIONNAME2 | DP:TRAININGASSIGNMENTS.TRAININGNAME1 | DP:TEXTBOOK.BOOK | DP:ASSIGNMENTS.TRAININGAPPLICATION1TASK1 | SAM Assignments | Training | Y | N | DP:TEXTBOOK.CHAPTERS |" name="| DP:SUPER.USERNAME | DP:SUPER.PASSWORD | DP:SECTIONS.SECTIONNAME2 | DP:TRAININGASSIGNMENTS.TRAININGNAME1 | DP:TEXTBOOK.BOOK | DP:ASSIGNMENTS.TRAININGAPPLICATION1TASK1 | SAM Assignments | Training | Y | N | DP:TEXTBOOK.CHAPTERS |" time="0.001"/>
  <testcase classname="| DP:SUPER.USERNAME | DP:SUPER.PASSWORD | SAM Assignments | DP:SECTIONS.SECTIONNAME2 | DP:SAMPATHASSIGNMENTS.SAMPATHSUBJECT | DP:SAMPATHASSIGNMENTS.SAMPATHNAME | Y | N | DP:EXAMASSIGNMENTS.EXAMNAME1 |" name="Given As a user I see login page of LMS" time="0"/>
  <testcase classname="| DP:SUPER.USERNAME | DP:SUPER.PASSWORD | SAM Assignments | DP:SECTIONS.SECTIONNAME2 | DP:SAMPATHASSIGNMENTS.SAMPATHSUBJECT | DP:SAMPATHASSIGNMENTS.SAMPATHNAME | Y | N | DP:EXAMASSIGNMENTS.EXAMNAME1 |" name="And I enter DP:SUPER.USERNAME N Username in LMS login page" time="0"/>
  <testcase classname="| DP:SUPER.USERNAME | DP:SUPER.PASSWORD | SAM Assignments | DP:SECTIONS.SECTIONNAME2 | DP:SAMPATHASSIGNMENTS.SAMPATHSUBJECT | DP:SAMPATHASSIGNMENTS.SAMPATHNAME | Y | N | DP:EXAMASSIGNMENTS.EXAMNAME1 |" name="And I enter DP:SUPER.PASSWORD Password in LMS login page" time="0"/>
  <testcase classname="| DP:SUPER.USERNAME | DP:SUPER.PASSWORD | SAM Assignments | DP:SECTIONS.SECTIONNAME2 | DP:SAMPATHASSIGNMENTS.SAMPATHSUBJECT | DP:SAMPATHASSIGNMENTS.SAMPATHNAME | Y | N | DP:EXAMASSIGNMENTS.EXAMNAME1 |" name="And I click on Log In button" time="0"/>
  <testcase classname="| DP:SUPER.USERNAME | DP:SUPER.PASSWORD | SAM Assignments | DP:SECTIONS.SECTIONNAME2 | DP:SAMPATHASSIGNMENTS.SAMPATHSUBJECT | DP:SAMPATHASSIGNMENTS.SAMPATHNAME | Y | N | DP:EXAMASSIGNMENTS.EXAMNAME1 |" name="And I see home page of LMS" time="0"/>
  <testcase classname="| DP:SUPER.USERNAME | DP:SUPER.PASSWORD | SAM Assignments | DP:SECTIONS.SECTIONNAME2 | DP:SAMPATHASSIGNMENTS.SAMPATHSUBJECT | DP:SAMPATHASSIGNMENTS.SAMPATHNAME | Y | N | DP:EXAMASSIGNMENTS.EXAMNAME1 |" name="And I click on SAM Assignments tab" time="0"/>
  <testcase classname="| DP:SUPER.USERNAME | DP:SUPER.PASSWORD | SAM Assignments | DP:SECTIONS.SECTIONNAME2 | DP:SAMPATHASSIGNMENTS.SAMPATHSUBJECT | DP:SAMPATHASSIGNMENTS.SAMPATHNAME | Y | N | DP:EXAMASSIGNMENTS.EXAMNAME1 |" name="And I click on Schedule New button" time="0"/>
  <testcase classname="| DP:SUPER.USERNAME | DP:SUPER.PASSWORD | SAM Assignments | DP:SECTIONS.SECTIONNAME2 | DP:SAMPATHASSIGNMENTS.SAMPATHSUBJECT | DP:SAMPATHASSIGNMENTS.SAMPATHNAME | Y | N | DP:EXAMASSIGNMENTS.EXAMNAME1 |" name="And I click on SAM path button" time="0"/>
  <testcase classname="| DP:SUPER.USERNAME | DP:SUPER.PASSWORD | SAM Assignments | DP:SECTIONS.SECTIONNAME2 | DP:SAMPATHASSIGNMENTS.SAMPATHSUBJECT | DP:SAMPATHASSIGNMENTS.SAMPATHNAME | Y | N | DP:EXAMASSIGNMENTS.EXAMNAME1 |" name="And I select DP:SAMPATHASSIGNMENTS.SAMPATHSUBJECT in Subject drop down" time="0"/>
  <testcase classname="| DP:SUPER.USERNAME | DP:SUPER.PASSWORD | SAM Assignments | DP:SECTIONS.SECTIONNAME2 | DP:SAMPATHASSIGNMENTS.SAMPATHSUBJECT | DP:SAMPATHASSIGNMENTS.SAMPATHNAME | Y | N | DP:EXAMASSIGNMENTS.EXAMNAME1 |" name="And I select DP:EXAMASSIGNMENTS.EXAMNAME1 Y in Exam Name" time="0"/>
  <testcase classname="| DP:SUPER.USERNAME | DP:SUPER.PASSWORD | SAM Assignments | DP:SECTIONS.SECTIONNAME2 | DP:SAMPATHASSIGNMENTS.SAMPATHSUBJECT | DP:SAMPATHASSIGNMENTS.SAMPATHNAME | Y | N | DP:EXAMASSIGNMENTS.EXAMNAME1 |" name="And I click on Next Step button" time="0"/>
  <testcase classname="| DP:SUPER.USERNAME | DP:SUPER.PASSWORD | SAM Assignments | DP:SECTIONS.SECTIONNAME2 | DP:SAMPATHASSIGNMENTS.SAMPATHSUBJECT | DP:SAMPATHASSIGNMENTS.SAMPATHNAME | Y | N | DP:EXAMASSIGNMENTS.EXAMNAME1 |" name="And I enter DP:SAMPATHASSIGNMENTS.SAMPATHNAME Y in Assignment Name" time="0"/>
  <testcase classname="| DP:SUPER.USERNAME | DP:SUPER.PASSWORD | SAM Assignments | DP:SECTIONS.SECTIONNAME2 | DP:SAMPATHASSIGNMENTS.SAMPATHSUBJECT | DP:SAMPATHASSIGNMENTS.SAMPATHNAME | Y | N | DP:EXAMASSIGNMENTS.EXAMNAME1 |" name="And I click on section drop down" time="0"/>
  <testcase classname="| DP:SUPER.USERNAME | DP:SUPER.PASSWORD | SAM Assignments | DP:SECTIONS.SECTIONNAME2 | DP:SAMPATHASSIGNMENTS.SAMPATHSUBJECT | DP:SAMPATHASSIGNMENTS.SAMPATHNAME | Y | N | DP:EXAMASSIGNMENTS.EXAMNAME1 |" name="And I check DP:SECTIONS.SECTIONNAME2 Y in Select section drop down" time="0"/>
  <testcase classname="| DP:SUPER.USERNAME | DP:SUPER.PASSWORD | SAM Assignments | DP:SECTIONS.SECTIONNAME2 | DP:SAMPATHASSIGNMENTS.SAMPATHSUBJECT | DP:SAMPATHASSIGNMENTS.SAMPATHNAME | Y | N | DP:EXAMASSIGNMENTS.EXAMNAME1 |" name="And I click on section drop down" time="0"/>
  <testcase classname="| DP:SUPER.USERNAME | DP:SUPER.PASSWORD | SAM Assignments | DP:SECTIONS.SECTIONNAME2 | DP:SAMPATHASSIGNMENTS.SAMPATHSUBJECT | DP:SAMPATHASSIGNMENTS.SAMPATHNAME | Y | N | DP:EXAMASSIGNMENTS.EXAMNAME1 |" name="When I click on Save button" time="0"/>
  <testcase classname="| DP:SUPER.USERNAME | DP:SUPER.PASSWORD | SAM Assignments | DP:SECTIONS.SECTIONNAME2 | DP:SAMPATHASSIGNMENTS.SAMPATHSUBJECT | DP:SAMPATHASSIGNMENTS.SAMPATHNAME | Y | N | DP:EXAMASSIGNMENTS.EXAMNAME1 |" name="Then I click on X icon" time="0"/>
  <testcase classname="| DP:SUPER.USERNAME | DP:SUPER.PASSWORD | SAM Assignments | DP:SECTIONS.SECTIONNAME2 | DP:SAMPATHASSIGNMENTS.SAMPATHSUBJECT | DP:SAMPATHASSIGNMENTS.SAMPATHNAME | Y | N | DP:EXAMASSIGNMENTS.EXAMNAME1 |" name="And I click on Logout button" time="0"/>
  <testcase classname="| DP:SUPER.USERNAME | DP:SUPER.PASSWORD | SAM Assignments | DP:SECTIONS.SECTIONNAME2 | DP:SAMPATHASSIGNMENTS.SAMPATHSUBJECT | DP:SAMPATHASSIGNMENTS.SAMPATHNAME | Y | N | DP:EXAMASSIGNMENTS.EXAMNAME1 |" name="| DP:SUPER.USERNAME | DP:SUPER.PASSWORD | SAM Assignments | DP:SECTIONS.SECTIONNAME2 | DP:SAMPATHASSIGNMENTS.SAMPATHSUBJECT | DP:SAMPATHASSIGNMENTS.SAMPATHNAME | Y | N | DP:EXAMASSIGNMENTS.EXAMNAME1 |" time="0.001"/>
  <testcase classname="| DP:USERMODULEUSERS.INSTRUCTOR6.USERNAME | DP:SUPER.PASSWORD | DP:SECTIONS.SECTIONNAME2 | DP:TRAININGASSIGNMENTS.TRAININGCOPYNAME1 | DP:TEXTBOOK.BOOK | DP:ASSIGNMENTS.TRAININGAPPLICATION1TASK1 | SAM Assignments | Training | Y | N | DP:TEXTBOOK.CHAPTERS |" name="Given As a user I see login page of LMS" time="0"/>
  <testcase classname="| DP:USERMODULEUSERS.INSTRUCTOR6.USERNAME | DP:SUPER.PASSWORD | DP:SECTIONS.SECTIONNAME2 | DP:TRAININGASSIGNMENTS.TRAININGCOPYNAME1 | DP:TEXTBOOK.BOOK | DP:ASSIGNMENTS.TRAININGAPPLICATION1TASK1 | SAM Assignments | Training | Y | N | DP:TEXTBOOK.CHAPTERS |" name="And I enter DP:USERMODULEUSERS.INSTRUCTOR6.USERNAME Y Username in LMS login page" time="0"/>
  <testcase classname="| DP:USERMODULEUSERS.INSTRUCTOR6.USERNAME | DP:SUPER.PASSWORD | DP:SECTIONS.SECTIONNAME2 | DP:TRAININGASSIGNMENTS.TRAININGCOPYNAME1 | DP:TEXTBOOK.BOOK | DP:ASSIGNMENTS.TRAININGAPPLICATION1TASK1 | SAM Assignments | Training | Y | N | DP:TEXTBOOK.CHAPTERS |" name="And I enter DP:SUPER.PASSWORD Password in LMS login page" time="0"/>
  <testcase classname="| DP:USERMODULEUSERS.INSTRUCTOR6.USERNAME | DP:SUPER.PASSWORD | DP:SECTIONS.SECTIONNAME2 | DP:TRAININGASSIGNMENTS.TRAININGCOPYNAME1 | DP:TEXTBOOK.BOOK | DP:ASSIGNMENTS.TRAININGAPPLICATION1TASK1 | SAM Assignments | Training | Y | N | DP:TEXTBOOK.CHAPTERS |" name="And I click on Log In button" time="0"/>
  <testcase classname="| DP:USERMODULEUSERS.INSTRUCTOR6.USERNAME | DP:SUPER.PASSWORD | DP:SECTIONS.SECTIONNAME2 | DP:TRAININGASSIGNMENTS.TRAININGCOPYNAME1 | DP:TEXTBOOK.BOOK | DP:ASSIGNMENTS.TRAININGAPPLICATION1TASK1 | SAM Assignments | Training | Y | N | DP:TEXTBOOK.CHAPTERS |" name="And I see home page of LMS" time="0"/>
  <testcase classname="| DP:USERMODULEUSERS.INSTRUCTOR6.USERNAME | DP:SUPER.PASSWORD | DP:SECTIONS.SECTIONNAME2 | DP:TRAININGASSIGNMENTS.TRAININGCOPYNAME1 | DP:TEXTBOOK.BOOK | DP:ASSIGNMENTS.TRAININGAPPLICATION1TASK1 | SAM Assignments | Training | Y | N | DP:TEXTBOOK.CHAPTERS |" name="And I click on SAM Assignments tab" time="0"/>
  <testcase classname="| DP:USERMODULEUSERS.INSTRUCTOR6.USERNAME | DP:SUPER.PASSWORD | DP:SECTIONS.SECTIONNAME2 | DP:TRAININGASSIGNMENTS.TRAININGCOPYNAME1 | DP:TEXTBOOK.BOOK | DP:ASSIGNMENTS.TRAININGAPPLICATION1TASK1 | SAM Assignments | Training | Y | N | DP:TEXTBOOK.CHAPTERS |" name="And I click on Training tab" time="0"/>
  <testcase classname="| DP:USERMODULEUSERS.INSTRUCTOR6.USERNAME | DP:SUPER.PASSWORD | DP:SECTIONS.SECTIONNAME2 | DP:TRAININGASSIGNMENTS.TRAININGCOPYNAME1 | DP:TEXTBOOK.BOOK | DP:ASSIGNMENTS.TRAININGAPPLICATION1TASK1 | SAM Assignments | Training | Y | N | DP:TEXTBOOK.CHAPTERS |" name="And I click on Add Training button" time="0"/>
  <testcase classname="| DP:USERMODULEUSERS.INSTRUCTOR6.USERNAME | DP:SUPER.PASSWORD | DP:SECTIONS.SECTIONNAME2 | DP:TRAININGASSIGNMENTS.TRAININGCOPYNAME1 | DP:TEXTBOOK.BOOK | DP:ASSIGNMENTS.TRAININGAPPLICATION1TASK1 | SAM Assignments | Training | Y | N | DP:TEXTBOOK.CHAPTERS |" name="And I enter DP:TRAININGASSIGNMENTS.TRAININGCOPYNAME1 Y in Training Name" time="0"/>
  <testcase classname="| DP:USERMODULEUSERS.INSTRUCTOR6.USERNAME | DP:SUPER.PASSWORD | DP:SECTIONS.SECTIONNAME2 | DP:TRAININGASSIGNMENTS.TRAININGCOPYNAME1 | DP:TEXTBOOK.BOOK | DP:ASSIGNMENTS.TRAININGAPPLICATION1TASK1 | SAM Assignments | Training | Y | N | DP:TEXTBOOK.CHAPTERS |" name="And I check on Auto-generate companion exam" time="0"/>
  <testcase classname="| DP:USERMODULEUSERS.INSTRUCTOR6.USERNAME | DP:SUPER.PASSWORD | DP:SECTIONS.SECTIONNAME2 | DP:TRAININGASSIGNMENTS.TRAININGCOPYNAME1 | DP:TEXTBOOK.BOOK | DP:ASSIGNMENTS.TRAININGAPPLICATION1TASK1 | SAM Assignments | Training | Y | N | DP:TEXTBOOK.CHAPTERS |" name="And I click on Next Step button" time="0"/>
  <testcase classname="| DP:USERMODULEUSERS.INSTRUCTOR6.USERNAME | DP:SUPER.PASSWORD | DP:SECTIONS.SECTIONNAME2 | DP:TRAININGASSIGNMENTS.TRAININGCOPYNAME1 | DP:TEXTBOOK.BOOK | DP:ASSIGNMENTS.TRAININGAPPLICATION1TASK1 | SAM Assignments | Training | Y | N | DP:TEXTBOOK.CHAPTERS |" name="And I check on Make all SAM Tasks available" time="0"/>
  <testcase classname="| DP:USERMODULEUSERS.INSTRUCTOR6.USERNAME | DP:SUPER.PASSWORD | DP:SECTIONS.SECTIONNAME2 | DP:TRAININGASSIGNMENTS.TRAININGCOPYNAME1 | DP:TEXTBOOK.BOOK | DP:ASSIGNMENTS.TRAININGAPPLICATION1TASK1 | SAM Assignments | Training | Y | N | DP:TEXTBOOK.CHAPTERS |" name="And I check DP:TEXTBOOK.BOOK in Select Textbooks page" time="0"/>
  <testcase classname="| DP:USERMODULEUSERS.INSTRUCTOR6.USERNAME | DP:SUPER.PASSWORD | DP:SECTIONS.SECTIONNAME2 | DP:TRAININGASSIGNMENTS.TRAININGCOPYNAME1 | DP:TEXTBOOK.BOOK | DP:ASSIGNMENTS.TRAININGAPPLICATION1TASK1 | SAM Assignments | Training | Y | N | DP:TEXTBOOK.CHAPTERS |" name="And I click on Next Step button" time="0"/>
  <testcase classname="| DP:USERMODULEUSERS.INSTRUCTOR6.USERNAME | DP:SUPER.PASSWORD | DP:SECTIONS.SECTIONNAME2 | DP:TRAININGASSIGNMENTS.TRAININGCOPYNAME1 | DP:TEXTBOOK.BOOK | DP:ASSIGNMENTS.TRAININGAPPLICATION1TASK1 | SAM Assignments | Training | Y | N | DP:TEXTBOOK.CHAPTERS |" name="And I check DP:TEXTBOOK.CHAPTERS in Select Chapters" time="0"/>
  <testcase classname="| DP:USERMODULEUSERS.INSTRUCTOR6.USERNAME | DP:SUPER.PASSWORD | DP:SECTIONS.SECTIONNAME2 | DP:TRAININGASSIGNMENTS.TRAININGCOPYNAME1 | DP:TEXTBOOK.BOOK | DP:ASSIGNMENTS.TRAININGAPPLICATION1TASK1 | SAM Assignments | Training | Y | N | DP:TEXTBOOK.CHAPTERS |" name="And I click on Next Step button" time="0"/>
  <testcase classname="| DP:USERMODULEUSERS.INSTRUCTOR6.USERNAME | DP:SUPER.PASSWORD | DP:SECTIONS.SECTIONNAME2 | DP:TRAININGASSIGNMENTS.TRAININGCOPYNAME1 | DP:TEXTBOOK.BOOK | DP:ASSIGNMENTS.TRAININGAPPLICATION1TASK1 | SAM Assignments | Training | Y | N | DP:TEXTBOOK.CHAPTERS |" name="And I check DP:ASSIGNMENTS.TRAININGAPPLICATION1TASK1 task" time="0"/>
  <testcase classname="| DP:USERMODULEUSERS.INSTRUCTOR6.USERNAME | DP:SUPER.PASSWORD | DP:SECTIONS.SECTIONNAME2 | DP:TRAININGASSIGNMENTS.TRAININGCOPYNAME1 | DP:TEXTBOOK.BOOK | DP:ASSIGNMENTS.TRAININGAPPLICATION1TASK1 | SAM Assignments | Training | Y | N | DP:TEXTBOOK.CHAPTERS |" name="And I click on Save button" time="0"/>
  <testcase classname="| DP:USERMODULEUSERS.INSTRUCTOR6.USERNAME | DP:SUPER.PASSWORD | DP:SECTIONS.SECTIONNAME2 | DP:TRAININGASSIGNMENTS.TRAININGCOPYNAME1 | DP:TEXTBOOK.BOOK | DP:ASSIGNMENTS.TRAININGAPPLICATION1TASK1 | SAM Assignments | Training | Y | N | DP:TEXTBOOK.CHAPTERS |" name="And I click on Schedule button in pop-up" time="0"/>
  <testcase classname="| DP:USERMODULEUSERS.INSTRUCTOR6.USERNAME | DP:SUPER.PASSWORD | DP:SECTIONS.SECTIONNAME2 | DP:TRAININGASSIGNMENTS.TRAININGCOPYNAME1 | DP:TEXTBOOK.BOOK | DP:ASSIGNMENTS.TRAININGAPPLICATION1TASK1 | SAM Assignments | Training | Y | N | DP:TEXTBOOK.CHAPTERS |" name="When I click on Schedule button" time="0"/>
  <testcase classname="| DP:USERMODULEUSERS.INSTRUCTOR6.USERNAME | DP:SUPER.PASSWORD | DP:SECTIONS.SECTIONNAME2 | DP:TRAININGASSIGNMENTS.TRAININGCOPYNAME1 | DP:TEXTBOOK.BOOK | DP:ASSIGNMENTS.TRAININGAPPLICATION1TASK1 | SAM Assignments | Training | Y | N | DP:TEXTBOOK.CHAPTERS |" name="Then I click on X icon" time="0"/>
  <testcase classname="| DP:USERMODULEUSERS.INSTRUCTOR6.USERNAME | DP:SUPER.PASSWORD | DP:SECTIONS.SECTIONNAME2 | DP:TRAININGASSIGNMENTS.TRAININGCOPYNAME1 | DP:TEXTBOOK.BOOK | DP:ASSIGNMENTS.TRAININGAPPLICATION1TASK1 | SAM Assignments | Training | Y | N | DP:TEXTBOOK.CHAPTERS |" name="And I click on Logout button" time="0"/>
  <testcase classname="| DP:USERMODULEUSERS.INSTRUCTOR6.USERNAME | DP:SUPER.PASSWORD | DP:SECTIONS.SECTIONNAME2 | DP:TRAININGASSIGNMENTS.TRAININGCOPYNAME1 | DP:TEXTBOOK.BOOK | DP:ASSIGNMENTS.TRAININGAPPLICATION1TASK1 | SAM Assignments | Training | Y | N | DP:TEXTBOOK.CHAPTERS |" name="| DP:USERMODULEUSERS.INSTRUCTOR6.USERNAME | DP:SUPER.PASSWORD | DP:SECTIONS.SECTIONNAME2 | DP:TRAININGASSIGNMENTS.TRAININGCOPYNAME1 | DP:TEXTBOOK.BOOK | DP:ASSIGNMENTS.TRAININGAPPLICATION1TASK1 | SAM Assignments | Training | Y | N | DP:TEXTBOOK.CHAPTERS |" time="0.001"/>
  <testcase classname="| DP:SUPER.USERNAME | DP:SUPER.PASSWORD | DP:SECTIONS.SECTIONNAME2 | DP:TRAININGASSIGNMENTS.TRAININGEDITNAME2 | DP:TEXTBOOK.BOOK | DP:ASSIGNMENTS.TRAININGAPPLICATION1TASK1 | SAM Assignments | Training | Y | N | DP:TEXTBOOK.CHAPTERS |" name="Given As a user I see login page of LMS" time="0"/>
  <testcase classname="| DP:SUPER.USERNAME | DP:SUPER.PASSWORD | DP:SECTIONS.SECTIONNAME2 | DP:TRAININGASSIGNMENTS.TRAININGEDITNAME2 | DP:TEXTBOOK.BOOK | DP:ASSIGNMENTS.TRAININGAPPLICATION1TASK1 | SAM Assignments | Training | Y | N | DP:TEXTBOOK.CHAPTERS |" name="And I enter DP:SUPER.USERNAME N Username in LMS login page" time="0"/>
  <testcase classname="| DP:SUPER.USERNAME | DP:SUPER.PASSWORD | DP:SECTIONS.SECTIONNAME2 | DP:TRAININGASSIGNMENTS.TRAININGEDITNAME2 | DP:TEXTBOOK.BOOK | DP:ASSIGNMENTS.TRAININGAPPLICATION1TASK1 | SAM Assignments | Training | Y | N | DP:TEXTBOOK.CHAPTERS |" name="And I enter DP:SUPER.PASSWORD Password in LMS login page" time="0"/>
  <testcase classname="| DP:SUPER.USERNAME | DP:SUPER.PASSWORD | DP:SECTIONS.SECTIONNAME2 | DP:TRAININGASSIGNMENTS.TRAININGEDITNAME2 | DP:TEXTBOOK.BOOK | DP:ASSIGNMENTS.TRAININGAPPLICATION1TASK1 | SAM Assignments | Training | Y | N | DP:TEXTBOOK.CHAPTERS |" name="And I click on Log In button" time="0"/>
  <testcase classname="| DP:SUPER.USERNAME | DP:SUPER.PASSWORD | DP:SECTIONS.SECTIONNAME2 | DP:TRAININGASSIGNMENTS.TRAININGEDITNAME2 | DP:TEXTBOOK.BOOK | DP:ASSIGNMENTS.TRAININGAPPLICATION1TASK1 | SAM Assignments | Training | Y | N | DP:TEXTBOOK.CHAPTERS |" name="And I see home page of LMS" time="0"/>
  <testcase classname="| DP:SUPER.USERNAME | DP:SUPER.PASSWORD | DP:SECTIONS.SECTIONNAME2 | DP:TRAININGASSIGNMENTS.TRAININGEDITNAME2 | DP:TEXTBOOK.BOOK | DP:ASSIGNMENTS.TRAININGAPPLICATION1TASK1 | SAM Assignments | Training | Y | N | DP:TEXTBOOK.CHAPTERS |" name="And I click on SAM Assignments tab" time="0"/>
  <testcase classname="| DP:SUPER.USERNAME | DP:SUPER.PASSWORD | DP:SECTIONS.SECTIONNAME2 | DP:TRAININGASSIGNMENTS.TRAININGEDITNAME2 | DP:TEXTBOOK.BOOK | DP:ASSIGNMENTS.TRAININGAPPLICATION1TASK1 | SAM Assignments | Training | Y | N | DP:TEXTBOOK.CHAPTERS |" name="And I click on Training tab" time="0"/>
  <testcase classname="| DP:SUPER.USERNAME | DP:SUPER.PASSWORD | DP:SECTIONS.SECTIONNAME2 | DP:TRAININGASSIGNMENTS.TRAININGEDITNAME2 | DP:TEXTBOOK.BOOK | DP:ASSIGNMENTS.TRAININGAPPLICATION1TASK1 | SAM Assignments | Training | Y | N | DP:TEXTBOOK.CHAPTERS |" name="And I click on Add Training button" time="0"/>
  <testcase classname="| DP:SUPER.USERNAME | DP:SUPER.PASSWORD | DP:SECTIONS.SECTIONNAME2 | DP:TRAININGASSIGNMENTS.TRAININGEDITNAME2 | DP:TEXTBOOK.BOOK | DP:ASSIGNMENTS.TRAININGAPPLICATION1TASK1 | SAM Assignments | Training | Y | N | DP:TEXTBOOK.CHAPTERS |" name="And I enter DP:TRAININGASSIGNMENTS.TRAININGEDITNAME2 Y in Training Name" time="0"/>
  <testcase classname="| DP:SUPER.USERNAME | DP:SUPER.PASSWORD | DP:SECTIONS.SECTIONNAME2 | DP:TRAININGASSIGNMENTS.TRAININGEDITNAME2 | DP:TEXTBOOK.BOOK | DP:ASSIGNMENTS.TRAININGAPPLICATION1TASK1 | SAM Assignments | Training | Y | N | DP:TEXTBOOK.CHAPTERS |" name="And I check on Auto-generate companion exam" time="0"/>
  <testcase classname="| DP:SUPER.USERNAME | DP:SUPER.PASSWORD | DP:SECTIONS.SECTIONNAME2 | DP:TRAININGASSIGNMENTS.TRAININGEDITNAME2 | DP:TEXTBOOK.BOOK | DP:ASSIGNMENTS.TRAININGAPPLICATION1TASK1 | SAM Assignments | Training | Y | N | DP:TEXTBOOK.CHAPTERS |" name="And I select public option in training creation" time="0"/>
  <testcase classname="| DP:SUPER.USERNAME | DP:SUPER.PASSWORD | DP:SECTIONS.SECTIONNAME2 | DP:TRAININGASSIGNMENTS.TRAININGEDITNAME2 | DP:TEXTBOOK.BOOK | DP:ASSIGNMENTS.TRAININGAPPLICATION1TASK1 | SAM Assignments | Training | Y | N | DP:TEXTBOOK.CHAPTERS |" name="And I click on Next Step button" time="0"/>
  <testcase classname="| DP:SUPER.USERNAME | DP:SUPER.PASSWORD | DP:SECTIONS.SECTIONNAME2 | DP:TRAININGASSIGNMENTS.TRAININGEDITNAME2 | DP:TEXTBOOK.BOOK | DP:ASSIGNMENTS.TRAININGAPPLICATION1TASK1 | SAM Assignments | Training | Y | N | DP:TEXTBOOK.CHAPTERS |" name="And I check on Make all SAM Tasks available" time="0"/>
  <testcase classname="| DP:SUPER.USERNAME | DP:SUPER.PASSWORD | DP:SECTIONS.SECTIONNAME2 | DP:TRAININGASSIGNMENTS.TRAININGEDITNAME2 | DP:TEXTBOOK.BOOK | DP:ASSIGNMENTS.TRAININGAPPLICATION1TASK1 | SAM Assignments | Training | Y | N | DP:TEXTBOOK.CHAPTERS |" name="And I check DP:TEXTBOOK.BOOK in Select Textbooks page" time="0"/>
  <testcase classname="| DP:SUPER.USERNAME | DP:SUPER.PASSWORD | DP:SECTIONS.SECTIONNAME2 | DP:TRAININGASSIGNMENTS.TRAININGEDITNAME2 | DP:TEXTBOOK.BOOK | DP:ASSIGNMENTS.TRAININGAPPLICATION1TASK1 | SAM Assignments | Training | Y | N | DP:TEXTBOOK.CHAPTERS |" name="And I click on Next Step button" time="0"/>
  <testcase classname="| DP:SUPER.USERNAME | DP:SUPER.PASSWORD | DP:SECTIONS.SECTIONNAME2 | DP:TRAININGASSIGNMENTS.TRAININGEDITNAME2 | DP:TEXTBOOK.BOOK | DP:ASSIGNMENTS.TRAININGAPPLICATION1TASK1 | SAM Assignments | Training | Y | N | DP:TEXTBOOK.CHAPTERS |" name="And I check DP:TEXTBOOK.CHAPTERS in Select Chapters" time="0"/>
  <testcase classname="| DP:SUPER.USERNAME | DP:SUPER.PASSWORD | DP:SECTIONS.SECTIONNAME2 | DP:TRAININGASSIGNMENTS.TRAININGEDITNAME2 | DP:TEXTBOOK.BOOK | DP:ASSIGNMENTS.TRAININGAPPLICATION1TASK1 | SAM Assignments | Training | Y | N | DP:TEXTBOOK.CHAPTERS |" name="And I click on Next Step button" time="0"/>
  <testcase classname="| DP:SUPER.USERNAME | DP:SUPER.PASSWORD | DP:SECTIONS.SECTIONNAME2 | DP:TRAININGASSIGNMENTS.TRAININGEDITNAME2 | DP:TEXTBOOK.BOOK | DP:ASSIGNMENTS.TRAININGAPPLICATION1TASK1 | SAM Assignments | Training | Y | N | DP:TEXTBOOK.CHAPTERS |" name="And I check DP:ASSIGNMENTS.TRAININGAPPLICATION1TASK1 task" time="0"/>
  <testcase classname="| DP:SUPER.USERNAME | DP:SUPER.PASSWORD | DP:SECTIONS.SECTIONNAME2 | DP:TRAININGASSIGNMENTS.TRAININGEDITNAME2 | DP:TEXTBOOK.BOOK | DP:ASSIGNMENTS.TRAININGAPPLICATION1TASK1 | SAM Assignments | Training | Y | N | DP:TEXTBOOK.CHAPTERS |" name="And I click on Save button" time="0"/>
  <testcase classname="| DP:SUPER.USERNAME | DP:SUPER.PASSWORD | DP:SECTIONS.SECTIONNAME2 | DP:TRAININGASSIGNMENTS.TRAININGEDITNAME2 | DP:TEXTBOOK.BOOK | DP:ASSIGNMENTS.TRAININGAPPLICATION1TASK1 | SAM Assignments | Training | Y | N | DP:TEXTBOOK.CHAPTERS |" name="And I click on Schedule button in pop-up" time="0"/>
  <testcase classname="| DP:SUPER.USERNAME | DP:SUPER.PASSWORD | DP:SECTIONS.SECTIONNAME2 | DP:TRAININGASSIGNMENTS.TRAININGEDITNAME2 | DP:TEXTBOOK.BOOK | DP:ASSIGNMENTS.TRAININGAPPLICATION1TASK1 | SAM Assignments | Training | Y | N | DP:TEXTBOOK.CHAPTERS |" name="And I click on section drop down" time="0"/>
  <testcase classname="| DP:SUPER.USERNAME | DP:SUPER.PASSWORD | DP:SECTIONS.SECTIONNAME2 | DP:TRAININGASSIGNMENTS.TRAININGEDITNAME2 | DP:TEXTBOOK.BOOK | DP:ASSIGNMENTS.TRAININGAPPLICATION1TASK1 | SAM Assignments | Training | Y | N | DP:TEXTBOOK.CHAPTERS |" name="And I check DP:SECTIONS.SECTIONNAME2 Y in Select section drop down" time="0"/>
  <testcase classname="| DP:SUPER.USERNAME | DP:SUPER.PASSWORD | DP:SECTIONS.SECTIONNAME2 | DP:TRAININGASSIGNMENTS.TRAININGEDITNAME2 | DP:TEXTBOOK.BOOK | DP:ASSIGNMENTS.TRAININGAPPLICATION1TASK1 | SAM Assignments | Training | Y | N | DP:TEXTBOOK.CHAPTERS |" name="And I click on section drop down" time="0"/>
  <testcase classname="| DP:SUPER.USERNAME | DP:SUPER.PASSWORD | DP:SECTIONS.SECTIONNAME2 | DP:TRAININGASSIGNMENTS.TRAININGEDITNAME2 | DP:TEXTBOOK.BOOK | DP:ASSIGNMENTS.TRAININGAPPLICATION1TASK1 | SAM Assignments | Training | Y | N | DP:TEXTBOOK.CHAPTERS |" name="When I click on Schedule button" time="0"/>
  <testcase classname="| DP:SUPER.USERNAME | DP:SUPER.PASSWORD | DP:SECTIONS.SECTIONNAME2 | DP:TRAININGASSIGNMENTS.TRAININGEDITNAME2 | DP:TEXTBOOK.BOOK | DP:ASSIGNMENTS.TRAININGAPPLICATION1TASK1 | SAM Assignments | Training | Y | N | DP:TEXTBOOK.CHAPTERS |" name="Then I click on X icon" time="0"/>
  <testcase classname="| DP:SUPER.USERNAME | DP:SUPER.PASSWORD | DP:SECTIONS.SECTIONNAME2 | DP:TRAININGASSIGNMENTS.TRAININGEDITNAME2 | DP:TEXTBOOK.BOOK | DP:ASSIGNMENTS.TRAININGAPPLICATION1TASK1 | SAM Assignments | Training | Y | N | DP:TEXTBOOK.CHAPTERS |" name="And I click on Logout button" time="0"/>
  <testcase classname="| DP:SUPER.USERNAME | DP:SUPER.PASSWORD | DP:SECTIONS.SECTIONNAME2 | DP:TRAININGASSIGNMENTS.TRAININGEDITNAME2 | DP:TEXTBOOK.BOOK | DP:ASSIGNMENTS.TRAININGAPPLICATION1TASK1 | SAM Assignments | Training | Y | N | DP:TEXTBOOK.CHAPTERS |" name="| DP:SUPER.USERNAME | DP:SUPER.PASSWORD | DP:SECTIONS.SECTIONNAME2 | DP:TRAININGASSIGNMENTS.TRAININGEDITNAME2 | DP:TEXTBOOK.BOOK | DP:ASSIGNMENTS.TRAININGAPPLICATION1TASK1 | SAM Assignments | Training | Y | N | DP:TEXTBOOK.CHAPTERS |" time="0.001"/>
  <testcase classname="| DP:SUPER.USERNAME | DP:SUPER.PASSWORD | DP:STUDENTS.STUDENT3.USERNAME | Activities | Join a Section | DP:SECTIONS.SECTIONNAME2 | Sections | DP:EXAMASSIGNMENTS.EXAMNAME2 | DP:TRAININGASSIGNMENTS.TRAININGNAME2 | Activity List | chrome:\/\/plugins\/ | DP:TEXTBOOK.BOOK | DP:TEXTBOOK.CHAPTERS | Training | DP:SAMPATHASSIGNMENTS.SAMPATHNAME | DP:EXAMASSIGNMENTS.EXAMNAME1 | DP:TRAININGASSIGNMENTS.TRAININGNAME1 | SAM Assignments | SAM Assignments | Exams | Training | Y | N |" name="Given As a user I see login page of LMS" time="0"/>
  <testcase classname="| DP:SUPER.USERNAME | DP:SUPER.PASSWORD | DP:STUDENTS.STUDENT3.USERNAME | Activities | Join a Section | DP:SECTIONS.SECTIONNAME2 | Sections | DP:EXAMASSIGNMENTS.EXAMNAME2 | DP:TRAININGASSIGNMENTS.TRAININGNAME2 | Activity List | chrome:\/\/plugins\/ | DP:TEXTBOOK.BOOK | DP:TEXTBOOK.CHAPTERS | Training | DP:SAMPATHASSIGNMENTS.SAMPATHNAME | DP:EXAMASSIGNMENTS.EXAMNAME1 | DP:TRAININGASSIGNMENTS.TRAININGNAME1 | SAM Assignments | SAM Assignments | Exams | Training | Y | N |" name="And I enter DP:SUPER.USERNAME N Username in LMS login page" time="0"/>
  <testcase classname="| DP:SUPER.USERNAME | DP:SUPER.PASSWORD | DP:STUDENTS.STUDENT3.USERNAME | Activities | Join a Section | DP:SECTIONS.SECTIONNAME2 | Sections | DP:EXAMASSIGNMENTS.EXAMNAME2 | DP:TRAININGASSIGNMENTS.TRAININGNAME2 | Activity List | chrome:\/\/plugins\/ | DP:TEXTBOOK.BOOK | DP:TEXTBOOK.CHAPTERS | Training | DP:SAMPATHASSIGNMENTS.SAMPATHNAME | DP:EXAMASSIGNMENTS.EXAMNAME1 | DP:TRAININGASSIGNMENTS.TRAININGNAME1 | SAM Assignments | SAM Assignments | Exams | Training | Y | N |" name="And I enter DP:SUPER.PASSWORD Password in LMS login page" time="0"/>
  <testcase classname="| DP:SUPER.USERNAME | DP:SUPER.PASSWORD | DP:STUDENTS.STUDENT3.USERNAME | Activities | Join a Section | DP:SECTIONS.SECTIONNAME2 | Sections | DP:EXAMASSIGNMENTS.EXAMNAME2 | DP:TRAININGASSIGNMENTS.TRAININGNAME2 | Activity List | chrome:\/\/plugins\/ | DP:TEXTBOOK.BOOK | DP:TEXTBOOK.CHAPTERS | Training | DP:SAMPATHASSIGNMENTS.SAMPATHNAME | DP:EXAMASSIGNMENTS.EXAMNAME1 | DP:TRAININGASSIGNMENTS.TRAININGNAME1 | SAM Assignments | SAM Assignments | Exams | Training | Y | N |" name="And I click on Log In button" time="0"/>
  <testcase classname="| DP:SUPER.USERNAME | DP:SUPER.PASSWORD | DP:STUDENTS.STUDENT3.USERNAME | Activities | Join a Section | DP:SECTIONS.SECTIONNAME2 | Sections | DP:EXAMASSIGNMENTS.EXAMNAME2 | DP:TRAININGASSIGNMENTS.TRAININGNAME2 | Activity List | chrome:\/\/plugins\/ | DP:TEXTBOOK.BOOK | DP:TEXTBOOK.CHAPTERS | Training | DP:SAMPATHASSIGNMENTS.SAMPATHNAME | DP:EXAMASSIGNMENTS.EXAMNAME1 | DP:TRAININGASSIGNMENTS.TRAININGNAME1 | SAM Assignments | SAM Assignments | Exams | Training | Y | N |" name="And I see home page of LMS" time="0"/>
  <testcase classname="| DP:SUPER.USERNAME | DP:SUPER.PASSWORD | DP:STUDENTS.STUDENT3.USERNAME | Activities | Join a Section | DP:SECTIONS.SECTIONNAME2 | Sections | DP:EXAMASSIGNMENTS.EXAMNAME2 | DP:TRAININGASSIGNMENTS.TRAININGNAME2 | Activity List | chrome:\/\/plugins\/ | DP:TEXTBOOK.BOOK | DP:TEXTBOOK.CHAPTERS | Training | DP:SAMPATHASSIGNMENTS.SAMPATHNAME | DP:EXAMASSIGNMENTS.EXAMNAME1 | DP:TRAININGASSIGNMENTS.TRAININGNAME1 | SAM Assignments | SAM Assignments | Exams | Training | Y | N |" name="And I disable chrome:\/\/plugins\/ flash player" time="0">
    <error message="1" type="java.lang.ArrayIndexOutOfBoundsException">java.lang.ArrayIndexOutOfBoundsException: 1
	at cengage.common.toolbox.Window.focusWindow(Window.java:24)
	at cengage.samlms.action.AdminPageAction.openNewTab(AdminPageAction.java:319)
	at cengage.samlms.stepdefinition.AdminSteps.iDisableUrlFlashPlayer(AdminSteps.java:123)
	at ✽.And I disable chrome://plugins/ flash player(test/resources/cengage/samlms/lms_stories/LMSStoriesModule4.feature:826)
</error>
    <system-out>Server is not reachable... IP[localhost] Port[6666]
Server is not reachable... IP[localhost] Port[6666]
Server is not reachable... IP[localhost] Port[6666]
Server is not reachable... IP[localhost] Port[6666]
</system-out>
    <system-err>SLF4J: Failed to load class &quot;org.slf4j.impl.StaticLoggerBinder&quot;.
SLF4J: Defaulting to no-operation (NOP) logger implementation
SLF4J: See http://www.slf4j.org/codes.html#StaticLoggerBinder for further details.
</system-err>
  </testcase>
  <testcase classname="| DP:SUPER.USERNAME | DP:SUPER.PASSWORD | DP:STUDENTS.STUDENT3.USERNAME | Activities | Join a Section | DP:SECTIONS.SECTIONNAME2 | Sections | DP:EXAMASSIGNMENTS.EXAMNAME2 | DP:TRAININGASSIGNMENTS.TRAININGNAME2 | Activity List | chrome:\/\/plugins\/ | DP:TEXTBOOK.BOOK | DP:TEXTBOOK.CHAPTERS | Training | DP:SAMPATHASSIGNMENTS.SAMPATHNAME | DP:EXAMASSIGNMENTS.EXAMNAME1 | DP:TRAININGASSIGNMENTS.TRAININGNAME1 | SAM Assignments | SAM Assignments | Exams | Training | Y | N |" name="| DP:SUPER.USERNAME | DP:SUPER.PASSWORD | DP:STUDENTS.STUDENT3.USERNAME | Activities | Join a Section | DP:SECTIONS.SECTIONNAME2 | Sections | DP:EXAMASSIGNMENTS.EXAMNAME2 | DP:TRAININGASSIGNMENTS.TRAININGNAME2 | Activity List | chrome:\/\/plugins\/ | DP:TEXTBOOK.BOOK | DP:TEXTBOOK.CHAPTERS | Training | DP:SAMPATHASSIGNMENTS.SAMPATHNAME | DP:EXAMASSIGNMENTS.EXAMNAME1 | DP:TRAININGASSIGNMENTS.TRAININGNAME1 | SAM Assignments | SAM Assignments | Exams | Training | Y | N |" time="0">
    <error message="1" type="java.lang.ArrayIndexOutOfBoundsException">java.lang.ArrayIndexOutOfBoundsException: 1
	at cengage.common.toolbox.Window.focusWindow(Window.java:24)
	at cengage.samlms.action.AdminPageAction.openNewTab(AdminPageAction.java:319)
	at cengage.samlms.stepdefinition.AdminSteps.iDisableUrlFlashPlayer(AdminSteps.java:123)
	at ✽.And I disable chrome://plugins/ flash player(test/resources/cengage/samlms/lms_stories/LMSStoriesModule4.feature:826)
</error>
  </testcase>
  <testcase classname="| DP:SUPER.USERNAME | DP:SUPER.PASSWORD | DP:STUDENTS.STUDENT3.USERNAME | Activities | Join a Section | DP:SECTIONS.SECTIONNAME2 | Sections | DP:EXAMASSIGNMENTS.EXAMNAME2 | DP:TRAININGASSIGNMENTS.TRAININGNAME2 | Activity List | chrome:\/\/plugins\/ | DP:TEXTBOOK.BOOK | DP:TEXTBOOK.CHAPTERS | Training | DP:SAMPATHASSIGNMENTS.SAMPATHNAME | DP:EXAMASSIGNMENTS.EXAMNAME1 | DP:TRAININGASSIGNMENTS.TRAININGNAME1 | SAM Assignments | SAM Assignments | Exams | Training | Y | N |" name="And I see You must have the Flash Player installed to launch a SAM 2010 or SAM 2013 assignment Message" time="0.046">
    <skipped/>
  </testcase>
  <testcase classname="| DP:SUPER.USERNAME | DP:SUPER.PASSWORD | DP:STUDENTS.STUDENT3.USERNAME | Activities | Join a Section | DP:SECTIONS.SECTIONNAME2 | Sections | DP:EXAMASSIGNMENTS.EXAMNAME2 | DP:TRAININGASSIGNMENTS.TRAININGNAME2 | Activity List | chrome:\/\/plugins\/ | DP:TEXTBOOK.BOOK | DP:TEXTBOOK.CHAPTERS | Training | DP:SAMPATHASSIGNMENTS.SAMPATHNAME | DP:EXAMASSIGNMENTS.EXAMNAME1 | DP:TRAININGASSIGNMENTS.TRAININGNAME1 | SAM Assignments | SAM Assignments | Exams | Training | Y | N |" name="And I see Get Adobe Flash Player link" time="0.046">
    <skipped/>
  </testcase>
  <testcase classname="| DP:SUPER.USERNAME | DP:SUPER.PASSWORD | DP:STUDENTS.STUDENT3.USERNAME | Activities | Join a Section | DP:SECTIONS.SECTIONNAME2 | Sections | DP:EXAMASSIGNMENTS.EXAMNAME2 | DP:TRAININGASSIGNMENTS.TRAININGNAME2 | Activity List | chrome:\/\/plugins\/ | DP:TEXTBOOK.BOOK | DP:TEXTBOOK.CHAPTERS | Training | DP:SAMPATHASSIGNMENTS.SAMPATHNAME | DP:EXAMASSIGNMENTS.EXAMNAME1 | DP:TRAININGASSIGNMENTS.TRAININGNAME1 | SAM Assignments | SAM Assignments | Exams | Training | Y | N |" name="And I click on SAM Assignments tab" time="0.046">
    <skipped/>
  </testcase>
  <testcase classname="| DP:SUPER.USERNAME | DP:SUPER.PASSWORD | DP:STUDENTS.STUDENT3.USERNAME | Activities | Join a Section | DP:SECTIONS.SECTIONNAME2 | Sections | DP:EXAMASSIGNMENTS.EXAMNAME2 | DP:TRAININGASSIGNMENTS.TRAININGNAME2 | Activity List | chrome:\/\/plugins\/ | DP:TEXTBOOK.BOOK | DP:TEXTBOOK.CHAPTERS | Training | DP:SAMPATHASSIGNMENTS.SAMPATHNAME | DP:EXAMASSIGNMENTS.EXAMNAME1 | DP:TRAININGASSIGNMENTS.TRAININGNAME1 | SAM Assignments | SAM Assignments | Exams | Training | Y | N |" name="And I see DP:EXAMASSIGNMENTS.EXAMNAME1 Y in Exams page" time="0.046">
    <skipped/>
  </testcase>
  <testcase classname="| DP:SUPER.USERNAME | DP:SUPER.PASSWORD | DP:STUDENTS.STUDENT3.USERNAME | Activities | Join a Section | DP:SECTIONS.SECTIONNAME2 | Sections | DP:EXAMASSIGNMENTS.EXAMNAME2 | DP:TRAININGASSIGNMENTS.TRAININGNAME2 | Activity List | chrome:\/\/plugins\/ | DP:TEXTBOOK.BOOK | DP:TEXTBOOK.CHAPTERS | Training | DP:SAMPATHASSIGNMENTS.SAMPATHNAME | DP:EXAMASSIGNMENTS.EXAMNAME1 | DP:TRAININGASSIGNMENTS.TRAININGNAME1 | SAM Assignments | SAM Assignments | Exams | Training | Y | N |" name="And I click on DP:EXAMASSIGNMENTS.EXAMNAME1 Y Preview icon" time="0.046">
    <skipped/>
  </testcase>
  <testcase classname="| DP:SUPER.USERNAME | DP:SUPER.PASSWORD | DP:STUDENTS.STUDENT3.USERNAME | Activities | Join a Section | DP:SECTIONS.SECTIONNAME2 | Sections | DP:EXAMASSIGNMENTS.EXAMNAME2 | DP:TRAININGASSIGNMENTS.TRAININGNAME2 | Activity List | chrome:\/\/plugins\/ | DP:TEXTBOOK.BOOK | DP:TEXTBOOK.CHAPTERS | Training | DP:SAMPATHASSIGNMENTS.SAMPATHNAME | DP:EXAMASSIGNMENTS.EXAMNAME1 | DP:TRAININGASSIGNMENTS.TRAININGNAME1 | SAM Assignments | SAM Assignments | Exams | Training | Y | N |" name="And I view the Preview popup" time="0.046">
    <skipped/>
  </testcase>
  <testcase classname="| DP:SUPER.USERNAME | DP:SUPER.PASSWORD | DP:STUDENTS.STUDENT3.USERNAME | Activities | Join a Section | DP:SECTIONS.SECTIONNAME2 | Sections | DP:EXAMASSIGNMENTS.EXAMNAME2 | DP:TRAININGASSIGNMENTS.TRAININGNAME2 | Activity List | chrome:\/\/plugins\/ | DP:TEXTBOOK.BOOK | DP:TEXTBOOK.CHAPTERS | Training | DP:SAMPATHASSIGNMENTS.SAMPATHNAME | DP:EXAMASSIGNMENTS.EXAMNAME1 | DP:TRAININGASSIGNMENTS.TRAININGNAME1 | SAM Assignments | SAM Assignments | Exams | Training | Y | N |" name="And I click on Launch All button" time="0.046">
    <skipped/>
  </testcase>
  <testcase classname="| DP:SUPER.USERNAME | DP:SUPER.PASSWORD | DP:STUDENTS.STUDENT3.USERNAME | Activities | Join a Section | DP:SECTIONS.SECTIONNAME2 | Sections | DP:EXAMASSIGNMENTS.EXAMNAME2 | DP:TRAININGASSIGNMENTS.TRAININGNAME2 | Activity List | chrome:\/\/plugins\/ | DP:TEXTBOOK.BOOK | DP:TEXTBOOK.CHAPTERS | Training | DP:SAMPATHASSIGNMENTS.SAMPATHNAME | DP:EXAMASSIGNMENTS.EXAMNAME1 | DP:TRAININGASSIGNMENTS.TRAININGNAME1 | SAM Assignments | SAM Assignments | Exams | Training | Y | N |" name="And I see Message indicating flash required should be displayed" time="0.046">
    <skipped/>
  </testcase>
  <testcase classname="| DP:SUPER.USERNAME | DP:SUPER.PASSWORD | DP:STUDENTS.STUDENT3.USERNAME | Activities | Join a Section | DP:SECTIONS.SECTIONNAME2 | Sections | DP:EXAMASSIGNMENTS.EXAMNAME2 | DP:TRAININGASSIGNMENTS.TRAININGNAME2 | Activity List | chrome:\/\/plugins\/ | DP:TEXTBOOK.BOOK | DP:TEXTBOOK.CHAPTERS | Training | DP:SAMPATHASSIGNMENTS.SAMPATHNAME | DP:EXAMASSIGNMENTS.EXAMNAME1 | DP:TRAININGASSIGNMENTS.TRAININGNAME1 | SAM Assignments | SAM Assignments | Exams | Training | Y | N |" name="And I click on X icon" time="0.046">
    <skipped/>
  </testcase>
  <testcase classname="| DP:SUPER.USERNAME | DP:SUPER.PASSWORD | DP:STUDENTS.STUDENT3.USERNAME | Activities | Join a Section | DP:SECTIONS.SECTIONNAME2 | Sections | DP:EXAMASSIGNMENTS.EXAMNAME2 | DP:TRAININGASSIGNMENTS.TRAININGNAME2 | Activity List | chrome:\/\/plugins\/ | DP:TEXTBOOK.BOOK | DP:TEXTBOOK.CHAPTERS | Training | DP:SAMPATHASSIGNMENTS.SAMPATHNAME | DP:EXAMASSIGNMENTS.EXAMNAME1 | DP:TRAININGASSIGNMENTS.TRAININGNAME1 | SAM Assignments | SAM Assignments | Exams | Training | Y | N |" name="And I click on SAM Assignments tab" time="0.062">
    <skipped/>
  </testcase>
  <testcase classname="| DP:SUPER.USERNAME | DP:SUPER.PASSWORD | DP:STUDENTS.STUDENT3.USERNAME | Activities | Join a Section | DP:SECTIONS.SECTIONNAME2 | Sections | DP:EXAMASSIGNMENTS.EXAMNAME2 | DP:TRAININGASSIGNMENTS.TRAININGNAME2 | Activity List | chrome:\/\/plugins\/ | DP:TEXTBOOK.BOOK | DP:TEXTBOOK.CHAPTERS | Training | DP:SAMPATHASSIGNMENTS.SAMPATHNAME | DP:EXAMASSIGNMENTS.EXAMNAME1 | DP:TRAININGASSIGNMENTS.TRAININGNAME1 | SAM Assignments | SAM Assignments | Exams | Training | Y | N |" name="And I see DP:TRAININGASSIGNMENTS.TRAININGNAME1 Y in Exams page" time="0.062">
    <skipped/>
  </testcase>
  <testcase classname="| DP:SUPER.USERNAME | DP:SUPER.PASSWORD | DP:STUDENTS.STUDENT3.USERNAME | Activities | Join a Section | DP:SECTIONS.SECTIONNAME2 | Sections | DP:EXAMASSIGNMENTS.EXAMNAME2 | DP:TRAININGASSIGNMENTS.TRAININGNAME2 | Activity List | chrome:\/\/plugins\/ | DP:TEXTBOOK.BOOK | DP:TEXTBOOK.CHAPTERS | Training | DP:SAMPATHASSIGNMENTS.SAMPATHNAME | DP:EXAMASSIGNMENTS.EXAMNAME1 | DP:TRAININGASSIGNMENTS.TRAININGNAME1 | SAM Assignments | SAM Assignments | Exams | Training | Y | N |" name="And I click on DP:TRAININGASSIGNMENTS.TRAININGNAME1 Y Preview icon" time="0.062">
    <skipped/>
  </testcase>
  <testcase classname="| DP:SUPER.USERNAME | DP:SUPER.PASSWORD | DP:STUDENTS.STUDENT3.USERNAME | Activities | Join a Section | DP:SECTIONS.SECTIONNAME2 | Sections | DP:EXAMASSIGNMENTS.EXAMNAME2 | DP:TRAININGASSIGNMENTS.TRAININGNAME2 | Activity List | chrome:\/\/plugins\/ | DP:TEXTBOOK.BOOK | DP:TEXTBOOK.CHAPTERS | Training | DP:SAMPATHASSIGNMENTS.SAMPATHNAME | DP:EXAMASSIGNMENTS.EXAMNAME1 | DP:TRAININGASSIGNMENTS.TRAININGNAME1 | SAM Assignments | SAM Assignments | Exams | Training | Y | N |" name="And I view the Preview popup" time="0.062">
    <skipped/>
  </testcase>
  <testcase classname="| DP:SUPER.USERNAME | DP:SUPER.PASSWORD | DP:STUDENTS.STUDENT3.USERNAME | Activities | Join a Section | DP:SECTIONS.SECTIONNAME2 | Sections | DP:EXAMASSIGNMENTS.EXAMNAME2 | DP:TRAININGASSIGNMENTS.TRAININGNAME2 | Activity List | chrome:\/\/plugins\/ | DP:TEXTBOOK.BOOK | DP:TEXTBOOK.CHAPTERS | Training | DP:SAMPATHASSIGNMENTS.SAMPATHNAME | DP:EXAMASSIGNMENTS.EXAMNAME1 | DP:TRAININGASSIGNMENTS.TRAININGNAME1 | SAM Assignments | SAM Assignments | Exams | Training | Y | N |" name="And I click on Launch All button" time="0.062">
    <skipped/>
  </testcase>
  <testcase classname="| DP:SUPER.USERNAME | DP:SUPER.PASSWORD | DP:STUDENTS.STUDENT3.USERNAME | Activities | Join a Section | DP:SECTIONS.SECTIONNAME2 | Sections | DP:EXAMASSIGNMENTS.EXAMNAME2 | DP:TRAININGASSIGNMENTS.TRAININGNAME2 | Activity List | chrome:\/\/plugins\/ | DP:TEXTBOOK.BOOK | DP:TEXTBOOK.CHAPTERS | Training | DP:SAMPATHASSIGNMENTS.SAMPATHNAME | DP:EXAMASSIGNMENTS.EXAMNAME1 | DP:TRAININGASSIGNMENTS.TRAININGNAME1 | SAM Assignments | SAM Assignments | Exams | Training | Y | N |" name="And I see Message indicating flash required should be displayed" time="0.062">
    <skipped/>
  </testcase>
  <testcase classname="| DP:SUPER.USERNAME | DP:SUPER.PASSWORD | DP:STUDENTS.STUDENT3.USERNAME | Activities | Join a Section | DP:SECTIONS.SECTIONNAME2 | Sections | DP:EXAMASSIGNMENTS.EXAMNAME2 | DP:TRAININGASSIGNMENTS.TRAININGNAME2 | Activity List | chrome:\/\/plugins\/ | DP:TEXTBOOK.BOOK | DP:TEXTBOOK.CHAPTERS | Training | DP:SAMPATHASSIGNMENTS.SAMPATHNAME | DP:EXAMASSIGNMENTS.EXAMNAME1 | DP:TRAININGASSIGNMENTS.TRAININGNAME1 | SAM Assignments | SAM Assignments | Exams | Training | Y | N |" name="And I click on X icon" time="0.062">
    <skipped/>
  </testcase>
  <testcase classname="| DP:SUPER.USERNAME | DP:SUPER.PASSWORD | DP:STUDENTS.STUDENT3.USERNAME | Activities | Join a Section | DP:SECTIONS.SECTIONNAME2 | Sections | DP:EXAMASSIGNMENTS.EXAMNAME2 | DP:TRAININGASSIGNMENTS.TRAININGNAME2 | Activity List | chrome:\/\/plugins\/ | DP:TEXTBOOK.BOOK | DP:TEXTBOOK.CHAPTERS | Training | DP:SAMPATHASSIGNMENTS.SAMPATHNAME | DP:EXAMASSIGNMENTS.EXAMNAME1 | DP:TRAININGASSIGNMENTS.TRAININGNAME1 | SAM Assignments | SAM Assignments | Exams | Training | Y | N |" name="And I click on SAM Assignments tab" time="0.062">
    <skipped/>
  </testcase>
  <testcase classname="| DP:SUPER.USERNAME | DP:SUPER.PASSWORD | DP:STUDENTS.STUDENT3.USERNAME | Activities | Join a Section | DP:SECTIONS.SECTIONNAME2 | Sections | DP:EXAMASSIGNMENTS.EXAMNAME2 | DP:TRAININGASSIGNMENTS.TRAININGNAME2 | Activity List | chrome:\/\/plugins\/ | DP:TEXTBOOK.BOOK | DP:TEXTBOOK.CHAPTERS | Training | DP:SAMPATHASSIGNMENTS.SAMPATHNAME | DP:EXAMASSIGNMENTS.EXAMNAME1 | DP:TRAININGASSIGNMENTS.TRAININGNAME1 | SAM Assignments | SAM Assignments | Exams | Training | Y | N |" name="And I see DP:SAMPATHASSIGNMENTS.SAMPATHNAME Y in Exams page" time="0.062">
    <skipped/>
  </testcase>
  <testcase classname="| DP:SUPER.USERNAME | DP:SUPER.PASSWORD | DP:STUDENTS.STUDENT3.USERNAME | Activities | Join a Section | DP:SECTIONS.SECTIONNAME2 | Sections | DP:EXAMASSIGNMENTS.EXAMNAME2 | DP:TRAININGASSIGNMENTS.TRAININGNAME2 | Activity List | chrome:\/\/plugins\/ | DP:TEXTBOOK.BOOK | DP:TEXTBOOK.CHAPTERS | Training | DP:SAMPATHASSIGNMENTS.SAMPATHNAME | DP:EXAMASSIGNMENTS.EXAMNAME1 | DP:TRAININGASSIGNMENTS.TRAININGNAME1 | SAM Assignments | SAM Assignments | Exams | Training | Y | N |" name="And I click on DP:SAMPATHASSIGNMENTS.SAMPATHNAME Y Preview icon" time="0.062">
    <skipped/>
  </testcase>
  <testcase classname="| DP:SUPER.USERNAME | DP:SUPER.PASSWORD | DP:STUDENTS.STUDENT3.USERNAME | Activities | Join a Section | DP:SECTIONS.SECTIONNAME2 | Sections | DP:EXAMASSIGNMENTS.EXAMNAME2 | DP:TRAININGASSIGNMENTS.TRAININGNAME2 | Activity List | chrome:\/\/plugins\/ | DP:TEXTBOOK.BOOK | DP:TEXTBOOK.CHAPTERS | Training | DP:SAMPATHASSIGNMENTS.SAMPATHNAME | DP:EXAMASSIGNMENTS.EXAMNAME1 | DP:TRAININGASSIGNMENTS.TRAININGNAME1 | SAM Assignments | SAM Assignments | Exams | Training | Y | N |" name="And I click on Ok button in Preview pop-up" time="0.078">
    <skipped/>
  </testcase>
  <testcase classname="| DP:SUPER.USERNAME | DP:SUPER.PASSWORD | DP:STUDENTS.STUDENT3.USERNAME | Activities | Join a Section | DP:SECTIONS.SECTIONNAME2 | Sections | DP:EXAMASSIGNMENTS.EXAMNAME2 | DP:TRAININGASSIGNMENTS.TRAININGNAME2 | Activity List | chrome:\/\/plugins\/ | DP:TEXTBOOK.BOOK | DP:TEXTBOOK.CHAPTERS | Training | DP:SAMPATHASSIGNMENTS.SAMPATHNAME | DP:EXAMASSIGNMENTS.EXAMNAME1 | DP:TRAININGASSIGNMENTS.TRAININGNAME1 | SAM Assignments | SAM Assignments | Exams | Training | Y | N |" name="And I view the Preview popup" time="0.078">
    <skipped/>
  </testcase>
  <testcase classname="| DP:SUPER.USERNAME | DP:SUPER.PASSWORD | DP:STUDENTS.STUDENT3.USERNAME | Activities | Join a Section | DP:SECTIONS.SECTIONNAME2 | Sections | DP:EXAMASSIGNMENTS.EXAMNAME2 | DP:TRAININGASSIGNMENTS.TRAININGNAME2 | Activity List | chrome:\/\/plugins\/ | DP:TEXTBOOK.BOOK | DP:TEXTBOOK.CHAPTERS | Training | DP:SAMPATHASSIGNMENTS.SAMPATHNAME | DP:EXAMASSIGNMENTS.EXAMNAME1 | DP:TRAININGASSIGNMENTS.TRAININGNAME1 | SAM Assignments | SAM Assignments | Exams | Training | Y | N |" name="And I click on Launch All button" time="0.078">
    <skipped/>
  </testcase>
  <testcase classname="| DP:SUPER.USERNAME | DP:SUPER.PASSWORD | DP:STUDENTS.STUDENT3.USERNAME | Activities | Join a Section | DP:SECTIONS.SECTIONNAME2 | Sections | DP:EXAMASSIGNMENTS.EXAMNAME2 | DP:TRAININGASSIGNMENTS.TRAININGNAME2 | Activity List | chrome:\/\/plugins\/ | DP:TEXTBOOK.BOOK | DP:TEXTBOOK.CHAPTERS | Training | DP:SAMPATHASSIGNMENTS.SAMPATHNAME | DP:EXAMASSIGNMENTS.EXAMNAME1 | DP:TRAININGASSIGNMENTS.TRAININGNAME1 | SAM Assignments | SAM Assignments | Exams | Training | Y | N |" name="And I see Message indicating flash required should be displayed" time="0.078">
    <skipped/>
  </testcase>
  <testcase classname="| DP:SUPER.USERNAME | DP:SUPER.PASSWORD | DP:STUDENTS.STUDENT3.USERNAME | Activities | Join a Section | DP:SECTIONS.SECTIONNAME2 | Sections | DP:EXAMASSIGNMENTS.EXAMNAME2 | DP:TRAININGASSIGNMENTS.TRAININGNAME2 | Activity List | chrome:\/\/plugins\/ | DP:TEXTBOOK.BOOK | DP:TEXTBOOK.CHAPTERS | Training | DP:SAMPATHASSIGNMENTS.SAMPATHNAME | DP:EXAMASSIGNMENTS.EXAMNAME1 | DP:TRAININGASSIGNMENTS.TRAININGNAME1 | SAM Assignments | SAM Assignments | Exams | Training | Y | N |" name="And I click on X icon" time="0.078">
    <skipped/>
  </testcase>
  <testcase classname="| DP:SUPER.USERNAME | DP:SUPER.PASSWORD | DP:STUDENTS.STUDENT3.USERNAME | Activities | Join a Section | DP:SECTIONS.SECTIONNAME2 | Sections | DP:EXAMASSIGNMENTS.EXAMNAME2 | DP:TRAININGASSIGNMENTS.TRAININGNAME2 | Activity List | chrome:\/\/plugins\/ | DP:TEXTBOOK.BOOK | DP:TEXTBOOK.CHAPTERS | Training | DP:SAMPATHASSIGNMENTS.SAMPATHNAME | DP:EXAMASSIGNMENTS.EXAMNAME1 | DP:TRAININGASSIGNMENTS.TRAININGNAME1 | SAM Assignments | SAM Assignments | Exams | Training | Y | N |" name="And I click on Exams tab" time="0.078">
    <skipped/>
  </testcase>
  <testcase classname="| DP:SUPER.USERNAME | DP:SUPER.PASSWORD | DP:STUDENTS.STUDENT3.USERNAME | Activities | Join a Section | DP:SECTIONS.SECTIONNAME2 | Sections | DP:EXAMASSIGNMENTS.EXAMNAME2 | DP:TRAININGASSIGNMENTS.TRAININGNAME2 | Activity List | chrome:\/\/plugins\/ | DP:TEXTBOOK.BOOK | DP:TEXTBOOK.CHAPTERS | Training | DP:SAMPATHASSIGNMENTS.SAMPATHNAME | DP:EXAMASSIGNMENTS.EXAMNAME1 | DP:TRAININGASSIGNMENTS.TRAININGNAME1 | SAM Assignments | SAM Assignments | Exams | Training | Y | N |" name="And I click on Add Exam button" time="0.078">
    <skipped/>
  </testcase>
  <testcase classname="| DP:SUPER.USERNAME | DP:SUPER.PASSWORD | DP:STUDENTS.STUDENT3.USERNAME | Activities | Join a Section | DP:SECTIONS.SECTIONNAME2 | Sections | DP:EXAMASSIGNMENTS.EXAMNAME2 | DP:TRAININGASSIGNMENTS.TRAININGNAME2 | Activity List | chrome:\/\/plugins\/ | DP:TEXTBOOK.BOOK | DP:TEXTBOOK.CHAPTERS | Training | DP:SAMPATHASSIGNMENTS.SAMPATHNAME | DP:EXAMASSIGNMENTS.EXAMNAME1 | DP:TRAININGASSIGNMENTS.TRAININGNAME1 | SAM Assignments | SAM Assignments | Exams | Training | Y | N |" name="And I enter DP:EXAMASSIGNMENTS.EXAMNAME2 Y in Exam Name" time="0.078">
    <skipped/>
  </testcase>
  <testcase classname="| DP:SUPER.USERNAME | DP:SUPER.PASSWORD | DP:STUDENTS.STUDENT3.USERNAME | Activities | Join a Section | DP:SECTIONS.SECTIONNAME2 | Sections | DP:EXAMASSIGNMENTS.EXAMNAME2 | DP:TRAININGASSIGNMENTS.TRAININGNAME2 | Activity List | chrome:\/\/plugins\/ | DP:TEXTBOOK.BOOK | DP:TEXTBOOK.CHAPTERS | Training | DP:SAMPATHASSIGNMENTS.SAMPATHNAME | DP:EXAMASSIGNMENTS.EXAMNAME1 | DP:TRAININGASSIGNMENTS.TRAININGNAME1 | SAM Assignments | SAM Assignments | Exams | Training | Y | N |" name="And I check Auto-generate companion training" time="0.078">
    <skipped/>
  </testcase>
  <testcase classname="| DP:SUPER.USERNAME | DP:SUPER.PASSWORD | DP:STUDENTS.STUDENT3.USERNAME | Activities | Join a Section | DP:SECTIONS.SECTIONNAME2 | Sections | DP:EXAMASSIGNMENTS.EXAMNAME2 | DP:TRAININGASSIGNMENTS.TRAININGNAME2 | Activity List | chrome:\/\/plugins\/ | DP:TEXTBOOK.BOOK | DP:TEXTBOOK.CHAPTERS | Training | DP:SAMPATHASSIGNMENTS.SAMPATHNAME | DP:EXAMASSIGNMENTS.EXAMNAME1 | DP:TRAININGASSIGNMENTS.TRAININGNAME1 | SAM Assignments | SAM Assignments | Exams | Training | Y | N |" name="And I click on Next Step button" time="0.078">
    <skipped/>
  </testcase>
  <testcase classname="| DP:SUPER.USERNAME | DP:SUPER.PASSWORD | DP:STUDENTS.STUDENT3.USERNAME | Activities | Join a Section | DP:SECTIONS.SECTIONNAME2 | Sections | DP:EXAMASSIGNMENTS.EXAMNAME2 | DP:TRAININGASSIGNMENTS.TRAININGNAME2 | Activity List | chrome:\/\/plugins\/ | DP:TEXTBOOK.BOOK | DP:TEXTBOOK.CHAPTERS | Training | DP:SAMPATHASSIGNMENTS.SAMPATHNAME | DP:EXAMASSIGNMENTS.EXAMNAME1 | DP:TRAININGASSIGNMENTS.TRAININGNAME1 | SAM Assignments | SAM Assignments | Exams | Training | Y | N |" name="And I check DP:TEXTBOOK.BOOK in Select Textbooks page" time="0.078">
    <skipped/>
  </testcase>
  <testcase classname="| DP:SUPER.USERNAME | DP:SUPER.PASSWORD | DP:STUDENTS.STUDENT3.USERNAME | Activities | Join a Section | DP:SECTIONS.SECTIONNAME2 | Sections | DP:EXAMASSIGNMENTS.EXAMNAME2 | DP:TRAININGASSIGNMENTS.TRAININGNAME2 | Activity List | chrome:\/\/plugins\/ | DP:TEXTBOOK.BOOK | DP:TEXTBOOK.CHAPTERS | Training | DP:SAMPATHASSIGNMENTS.SAMPATHNAME | DP:EXAMASSIGNMENTS.EXAMNAME1 | DP:TRAININGASSIGNMENTS.TRAININGNAME1 | SAM Assignments | SAM Assignments | Exams | Training | Y | N |" name="And I click on Next Step button" time="0.078">
    <skipped/>
  </testcase>
  <testcase classname="| DP:SUPER.USERNAME | DP:SUPER.PASSWORD | DP:STUDENTS.STUDENT3.USERNAME | Activities | Join a Section | DP:SECTIONS.SECTIONNAME2 | Sections | DP:EXAMASSIGNMENTS.EXAMNAME2 | DP:TRAININGASSIGNMENTS.TRAININGNAME2 | Activity List | chrome:\/\/plugins\/ | DP:TEXTBOOK.BOOK | DP:TEXTBOOK.CHAPTERS | Training | DP:SAMPATHASSIGNMENTS.SAMPATHNAME | DP:EXAMASSIGNMENTS.EXAMNAME1 | DP:TRAININGASSIGNMENTS.TRAININGNAME1 | SAM Assignments | SAM Assignments | Exams | Training | Y | N |" name="And I check DP:TEXTBOOK.CHAPTERS in Select Chapters" time="0.078">
    <skipped/>
  </testcase>
  <testcase classname="| DP:SUPER.USERNAME | DP:SUPER.PASSWORD | DP:STUDENTS.STUDENT3.USERNAME | Activities | Join a Section | DP:SECTIONS.SECTIONNAME2 | Sections | DP:EXAMASSIGNMENTS.EXAMNAME2 | DP:TRAININGASSIGNMENTS.TRAININGNAME2 | Activity List | chrome:\/\/plugins\/ | DP:TEXTBOOK.BOOK | DP:TEXTBOOK.CHAPTERS | Training | DP:SAMPATHASSIGNMENTS.SAMPATHNAME | DP:EXAMASSIGNMENTS.EXAMNAME1 | DP:TRAININGASSIGNMENTS.TRAININGNAME1 | SAM Assignments | SAM Assignments | Exams | Training | Y | N |" name="And I click on DP:TEXTBOOK.CHAPTERS preview Icon" time="0.078">
    <skipped/>
  </testcase>
  <testcase classname="| DP:SUPER.USERNAME | DP:SUPER.PASSWORD | DP:STUDENTS.STUDENT3.USERNAME | Activities | Join a Section | DP:SECTIONS.SECTIONNAME2 | Sections | DP:EXAMASSIGNMENTS.EXAMNAME2 | DP:TRAININGASSIGNMENTS.TRAININGNAME2 | Activity List | chrome:\/\/plugins\/ | DP:TEXTBOOK.BOOK | DP:TEXTBOOK.CHAPTERS | Training | DP:SAMPATHASSIGNMENTS.SAMPATHNAME | DP:EXAMASSIGNMENTS.EXAMNAME1 | DP:TRAININGASSIGNMENTS.TRAININGNAME1 | SAM Assignments | SAM Assignments | Exams | Training | Y | N |" name="And I click on Launch All button" time="0.078">
    <skipped/>
  </testcase>
  <testcase classname="| DP:SUPER.USERNAME | DP:SUPER.PASSWORD | DP:STUDENTS.STUDENT3.USERNAME | Activities | Join a Section | DP:SECTIONS.SECTIONNAME2 | Sections | DP:EXAMASSIGNMENTS.EXAMNAME2 | DP:TRAININGASSIGNMENTS.TRAININGNAME2 | Activity List | chrome:\/\/plugins\/ | DP:TEXTBOOK.BOOK | DP:TEXTBOOK.CHAPTERS | Training | DP:SAMPATHASSIGNMENTS.SAMPATHNAME | DP:EXAMASSIGNMENTS.EXAMNAME1 | DP:TRAININGASSIGNMENTS.TRAININGNAME1 | SAM Assignments | SAM Assignments | Exams | Training | Y | N |" name="And I see Message indicating flash required should be displayed" time="0.093">
    <skipped/>
  </testcase>
  <testcase classname="| DP:SUPER.USERNAME | DP:SUPER.PASSWORD | DP:STUDENTS.STUDENT3.USERNAME | Activities | Join a Section | DP:SECTIONS.SECTIONNAME2 | Sections | DP:EXAMASSIGNMENTS.EXAMNAME2 | DP:TRAININGASSIGNMENTS.TRAININGNAME2 | Activity List | chrome:\/\/plugins\/ | DP:TEXTBOOK.BOOK | DP:TEXTBOOK.CHAPTERS | Training | DP:SAMPATHASSIGNMENTS.SAMPATHNAME | DP:EXAMASSIGNMENTS.EXAMNAME1 | DP:TRAININGASSIGNMENTS.TRAININGNAME1 | SAM Assignments | SAM Assignments | Exams | Training | Y | N |" name="And I click on X icon" time="0.093">
    <skipped/>
  </testcase>
  <testcase classname="| DP:SUPER.USERNAME | DP:SUPER.PASSWORD | DP:STUDENTS.STUDENT3.USERNAME | Activities | Join a Section | DP:SECTIONS.SECTIONNAME2 | Sections | DP:EXAMASSIGNMENTS.EXAMNAME2 | DP:TRAININGASSIGNMENTS.TRAININGNAME2 | Activity List | chrome:\/\/plugins\/ | DP:TEXTBOOK.BOOK | DP:TEXTBOOK.CHAPTERS | Training | DP:SAMPATHASSIGNMENTS.SAMPATHNAME | DP:EXAMASSIGNMENTS.EXAMNAME1 | DP:TRAININGASSIGNMENTS.TRAININGNAME1 | SAM Assignments | SAM Assignments | Exams | Training | Y | N |" name="And I click on Training tab" time="0.093">
    <skipped/>
  </testcase>
  <testcase classname="| DP:SUPER.USERNAME | DP:SUPER.PASSWORD | DP:STUDENTS.STUDENT3.USERNAME | Activities | Join a Section | DP:SECTIONS.SECTIONNAME2 | Sections | DP:EXAMASSIGNMENTS.EXAMNAME2 | DP:TRAININGASSIGNMENTS.TRAININGNAME2 | Activity List | chrome:\/\/plugins\/ | DP:TEXTBOOK.BOOK | DP:TEXTBOOK.CHAPTERS | Training | DP:SAMPATHASSIGNMENTS.SAMPATHNAME | DP:EXAMASSIGNMENTS.EXAMNAME1 | DP:TRAININGASSIGNMENTS.TRAININGNAME1 | SAM Assignments | SAM Assignments | Exams | Training | Y | N |" name="And I click on Add Training button" time="0.093">
    <skipped/>
  </testcase>
  <testcase classname="| DP:SUPER.USERNAME | DP:SUPER.PASSWORD | DP:STUDENTS.STUDENT3.USERNAME | Activities | Join a Section | DP:SECTIONS.SECTIONNAME2 | Sections | DP:EXAMASSIGNMENTS.EXAMNAME2 | DP:TRAININGASSIGNMENTS.TRAININGNAME2 | Activity List | chrome:\/\/plugins\/ | DP:TEXTBOOK.BOOK | DP:TEXTBOOK.CHAPTERS | Training | DP:SAMPATHASSIGNMENTS.SAMPATHNAME | DP:EXAMASSIGNMENTS.EXAMNAME1 | DP:TRAININGASSIGNMENTS.TRAININGNAME1 | SAM Assignments | SAM Assignments | Exams | Training | Y | N |" name="And I enter DP:TRAININGASSIGNMENTS.TRAININGNAME2 Y in Training Name" time="0.093">
    <skipped/>
  </testcase>
  <testcase classname="| DP:SUPER.USERNAME | DP:SUPER.PASSWORD | DP:STUDENTS.STUDENT3.USERNAME | Activities | Join a Section | DP:SECTIONS.SECTIONNAME2 | Sections | DP:EXAMASSIGNMENTS.EXAMNAME2 | DP:TRAININGASSIGNMENTS.TRAININGNAME2 | Activity List | chrome:\/\/plugins\/ | DP:TEXTBOOK.BOOK | DP:TEXTBOOK.CHAPTERS | Training | DP:SAMPATHASSIGNMENTS.SAMPATHNAME | DP:EXAMASSIGNMENTS.EXAMNAME1 | DP:TRAININGASSIGNMENTS.TRAININGNAME1 | SAM Assignments | SAM Assignments | Exams | Training | Y | N |" name="And I check on Auto-generate companion exam" time="0.093">
    <skipped/>
  </testcase>
  <testcase classname="| DP:SUPER.USERNAME | DP:SUPER.PASSWORD | DP:STUDENTS.STUDENT3.USERNAME | Activities | Join a Section | DP:SECTIONS.SECTIONNAME2 | Sections | DP:EXAMASSIGNMENTS.EXAMNAME2 | DP:TRAININGASSIGNMENTS.TRAININGNAME2 | Activity List | chrome:\/\/plugins\/ | DP:TEXTBOOK.BOOK | DP:TEXTBOOK.CHAPTERS | Training | DP:SAMPATHASSIGNMENTS.SAMPATHNAME | DP:EXAMASSIGNMENTS.EXAMNAME1 | DP:TRAININGASSIGNMENTS.TRAININGNAME1 | SAM Assignments | SAM Assignments | Exams | Training | Y | N |" name="And I click on Next Step button" time="0.093">
    <skipped/>
  </testcase>
  <testcase classname="| DP:SUPER.USERNAME | DP:SUPER.PASSWORD | DP:STUDENTS.STUDENT3.USERNAME | Activities | Join a Section | DP:SECTIONS.SECTIONNAME2 | Sections | DP:EXAMASSIGNMENTS.EXAMNAME2 | DP:TRAININGASSIGNMENTS.TRAININGNAME2 | Activity List | chrome:\/\/plugins\/ | DP:TEXTBOOK.BOOK | DP:TEXTBOOK.CHAPTERS | Training | DP:SAMPATHASSIGNMENTS.SAMPATHNAME | DP:EXAMASSIGNMENTS.EXAMNAME1 | DP:TRAININGASSIGNMENTS.TRAININGNAME1 | SAM Assignments | SAM Assignments | Exams | Training | Y | N |" name="And I check DP:TEXTBOOK.BOOK in Select Textbooks page" time="0.093">
    <skipped/>
  </testcase>
  <testcase classname="| DP:SUPER.USERNAME | DP:SUPER.PASSWORD | DP:STUDENTS.STUDENT3.USERNAME | Activities | Join a Section | DP:SECTIONS.SECTIONNAME2 | Sections | DP:EXAMASSIGNMENTS.EXAMNAME2 | DP:TRAININGASSIGNMENTS.TRAININGNAME2 | Activity List | chrome:\/\/plugins\/ | DP:TEXTBOOK.BOOK | DP:TEXTBOOK.CHAPTERS | Training | DP:SAMPATHASSIGNMENTS.SAMPATHNAME | DP:EXAMASSIGNMENTS.EXAMNAME1 | DP:TRAININGASSIGNMENTS.TRAININGNAME1 | SAM Assignments | SAM Assignments | Exams | Training | Y | N |" name="And I click on Next Step button" time="0.093">
    <skipped/>
  </testcase>
  <testcase classname="| DP:SUPER.USERNAME | DP:SUPER.PASSWORD | DP:STUDENTS.STUDENT3.USERNAME | Activities | Join a Section | DP:SECTIONS.SECTIONNAME2 | Sections | DP:EXAMASSIGNMENTS.EXAMNAME2 | DP:TRAININGASSIGNMENTS.TRAININGNAME2 | Activity List | chrome:\/\/plugins\/ | DP:TEXTBOOK.BOOK | DP:TEXTBOOK.CHAPTERS | Training | DP:SAMPATHASSIGNMENTS.SAMPATHNAME | DP:EXAMASSIGNMENTS.EXAMNAME1 | DP:TRAININGASSIGNMENTS.TRAININGNAME1 | SAM Assignments | SAM Assignments | Exams | Training | Y | N |" name="And I check DP:TEXTBOOK.CHAPTERS in Select Chapters" time="0.093">
    <skipped/>
  </testcase>
  <testcase classname="| DP:SUPER.USERNAME | DP:SUPER.PASSWORD | DP:STUDENTS.STUDENT3.USERNAME | Activities | Join a Section | DP:SECTIONS.SECTIONNAME2 | Sections | DP:EXAMASSIGNMENTS.EXAMNAME2 | DP:TRAININGASSIGNMENTS.TRAININGNAME2 | Activity List | chrome:\/\/plugins\/ | DP:TEXTBOOK.BOOK | DP:TEXTBOOK.CHAPTERS | Training | DP:SAMPATHASSIGNMENTS.SAMPATHNAME | DP:EXAMASSIGNMENTS.EXAMNAME1 | DP:TRAININGASSIGNMENTS.TRAININGNAME1 | SAM Assignments | SAM Assignments | Exams | Training | Y | N |" name="And I click on DP:TEXTBOOK.CHAPTERS preview Icon" time="0.093">
    <skipped/>
  </testcase>
  <testcase classname="| DP:SUPER.USERNAME | DP:SUPER.PASSWORD | DP:STUDENTS.STUDENT3.USERNAME | Activities | Join a Section | DP:SECTIONS.SECTIONNAME2 | Sections | DP:EXAMASSIGNMENTS.EXAMNAME2 | DP:TRAININGASSIGNMENTS.TRAININGNAME2 | Activity List | chrome:\/\/plugins\/ | DP:TEXTBOOK.BOOK | DP:TEXTBOOK.CHAPTERS | Training | DP:SAMPATHASSIGNMENTS.SAMPATHNAME | DP:EXAMASSIGNMENTS.EXAMNAME1 | DP:TRAININGASSIGNMENTS.TRAININGNAME1 | SAM Assignments | SAM Assignments | Exams | Training | Y | N |" name="And I click on Launch All button" time="0.093">
    <skipped/>
  </testcase>
  <testcase classname="| DP:SUPER.USERNAME | DP:SUPER.PASSWORD | DP:STUDENTS.STUDENT3.USERNAME | Activities | Join a Section | DP:SECTIONS.SECTIONNAME2 | Sections | DP:EXAMASSIGNMENTS.EXAMNAME2 | DP:TRAININGASSIGNMENTS.TRAININGNAME2 | Activity List | chrome:\/\/plugins\/ | DP:TEXTBOOK.BOOK | DP:TEXTBOOK.CHAPTERS | Training | DP:SAMPATHASSIGNMENTS.SAMPATHNAME | DP:EXAMASSIGNMENTS.EXAMNAME1 | DP:TRAININGASSIGNMENTS.TRAININGNAME1 | SAM Assignments | SAM Assignments | Exams | Training | Y | N |" name="And I see Message indicating flash required should be displayed" time="0.093">
    <skipped/>
  </testcase>
  <testcase classname="| DP:SUPER.USERNAME | DP:SUPER.PASSWORD | DP:STUDENTS.STUDENT3.USERNAME | Activities | Join a Section | DP:SECTIONS.SECTIONNAME2 | Sections | DP:EXAMASSIGNMENTS.EXAMNAME2 | DP:TRAININGASSIGNMENTS.TRAININGNAME2 | Activity List | chrome:\/\/plugins\/ | DP:TEXTBOOK.BOOK | DP:TEXTBOOK.CHAPTERS | Training | DP:SAMPATHASSIGNMENTS.SAMPATHNAME | DP:EXAMASSIGNMENTS.EXAMNAME1 | DP:TRAININGASSIGNMENTS.TRAININGNAME1 | SAM Assignments | SAM Assignments | Exams | Training | Y | N |" name="And I click on X icon" time="0.093">
    <skipped/>
  </testcase>
  <testcase classname="| DP:SUPER.USERNAME | DP:SUPER.PASSWORD | DP:STUDENTS.STUDENT3.USERNAME | Activities | Join a Section | DP:SECTIONS.SECTIONNAME2 | Sections | DP:EXAMASSIGNMENTS.EXAMNAME2 | DP:TRAININGASSIGNMENTS.TRAININGNAME2 | Activity List | chrome:\/\/plugins\/ | DP:TEXTBOOK.BOOK | DP:TEXTBOOK.CHAPTERS | Training | DP:SAMPATHASSIGNMENTS.SAMPATHNAME | DP:EXAMASSIGNMENTS.EXAMNAME1 | DP:TRAININGASSIGNMENTS.TRAININGNAME1 | SAM Assignments | SAM Assignments | Exams | Training | Y | N |" name="And I click on SAM Assignments tab" time="0.093">
    <skipped/>
  </testcase>
  <testcase classname="| DP:SUPER.USERNAME | DP:SUPER.PASSWORD | DP:STUDENTS.STUDENT3.USERNAME | Activities | Join a Section | DP:SECTIONS.SECTIONNAME2 | Sections | DP:EXAMASSIGNMENTS.EXAMNAME2 | DP:TRAININGASSIGNMENTS.TRAININGNAME2 | Activity List | chrome:\/\/plugins\/ | DP:TEXTBOOK.BOOK | DP:TEXTBOOK.CHAPTERS | Training | DP:SAMPATHASSIGNMENTS.SAMPATHNAME | DP:EXAMASSIGNMENTS.EXAMNAME1 | DP:TRAININGASSIGNMENTS.TRAININGNAME1 | SAM Assignments | SAM Assignments | Exams | Training | Y | N |" name="And I click on Schedule New button" time="0.093">
    <skipped/>
  </testcase>
  <testcase classname="| DP:SUPER.USERNAME | DP:SUPER.PASSWORD | DP:STUDENTS.STUDENT3.USERNAME | Activities | Join a Section | DP:SECTIONS.SECTIONNAME2 | Sections | DP:EXAMASSIGNMENTS.EXAMNAME2 | DP:TRAININGASSIGNMENTS.TRAININGNAME2 | Activity List | chrome:\/\/plugins\/ | DP:TEXTBOOK.BOOK | DP:TEXTBOOK.CHAPTERS | Training | DP:SAMPATHASSIGNMENTS.SAMPATHNAME | DP:EXAMASSIGNMENTS.EXAMNAME1 | DP:TRAININGASSIGNMENTS.TRAININGNAME1 | SAM Assignments | SAM Assignments | Exams | Training | Y | N |" name="And I click on DP:EXAMASSIGNMENTS.EXAMNAME1 Y Preview icon in ScheduleNewPage" time="0.109">
    <skipped/>
  </testcase>
  <testcase classname="| DP:SUPER.USERNAME | DP:SUPER.PASSWORD | DP:STUDENTS.STUDENT3.USERNAME | Activities | Join a Section | DP:SECTIONS.SECTIONNAME2 | Sections | DP:EXAMASSIGNMENTS.EXAMNAME2 | DP:TRAININGASSIGNMENTS.TRAININGNAME2 | Activity List | chrome:\/\/plugins\/ | DP:TEXTBOOK.BOOK | DP:TEXTBOOK.CHAPTERS | Training | DP:SAMPATHASSIGNMENTS.SAMPATHNAME | DP:EXAMASSIGNMENTS.EXAMNAME1 | DP:TRAININGASSIGNMENTS.TRAININGNAME1 | SAM Assignments | SAM Assignments | Exams | Training | Y | N |" name="And I click on Launch All button" time="0.109">
    <skipped/>
  </testcase>
  <testcase classname="| DP:SUPER.USERNAME | DP:SUPER.PASSWORD | DP:STUDENTS.STUDENT3.USERNAME | Activities | Join a Section | DP:SECTIONS.SECTIONNAME2 | Sections | DP:EXAMASSIGNMENTS.EXAMNAME2 | DP:TRAININGASSIGNMENTS.TRAININGNAME2 | Activity List | chrome:\/\/plugins\/ | DP:TEXTBOOK.BOOK | DP:TEXTBOOK.CHAPTERS | Training | DP:SAMPATHASSIGNMENTS.SAMPATHNAME | DP:EXAMASSIGNMENTS.EXAMNAME1 | DP:TRAININGASSIGNMENTS.TRAININGNAME1 | SAM Assignments | SAM Assignments | Exams | Training | Y | N |" name="And I see Message indicating flash required should be displayed" time="0.109">
    <skipped/>
  </testcase>
  <testcase classname="| DP:SUPER.USERNAME | DP:SUPER.PASSWORD | DP:STUDENTS.STUDENT3.USERNAME | Activities | Join a Section | DP:SECTIONS.SECTIONNAME2 | Sections | DP:EXAMASSIGNMENTS.EXAMNAME2 | DP:TRAININGASSIGNMENTS.TRAININGNAME2 | Activity List | chrome:\/\/plugins\/ | DP:TEXTBOOK.BOOK | DP:TEXTBOOK.CHAPTERS | Training | DP:SAMPATHASSIGNMENTS.SAMPATHNAME | DP:EXAMASSIGNMENTS.EXAMNAME1 | DP:TRAININGASSIGNMENTS.TRAININGNAME1 | SAM Assignments | SAM Assignments | Exams | Training | Y | N |" name="And I click on X icon" time="0.109">
    <skipped/>
  </testcase>
  <testcase classname="| DP:SUPER.USERNAME | DP:SUPER.PASSWORD | DP:STUDENTS.STUDENT3.USERNAME | Activities | Join a Section | DP:SECTIONS.SECTIONNAME2 | Sections | DP:EXAMASSIGNMENTS.EXAMNAME2 | DP:TRAININGASSIGNMENTS.TRAININGNAME2 | Activity List | chrome:\/\/plugins\/ | DP:TEXTBOOK.BOOK | DP:TEXTBOOK.CHAPTERS | Training | DP:SAMPATHASSIGNMENTS.SAMPATHNAME | DP:EXAMASSIGNMENTS.EXAMNAME1 | DP:TRAININGASSIGNMENTS.TRAININGNAME1 | SAM Assignments | SAM Assignments | Exams | Training | Y | N |" name="And I click on Logout button" time="0.109">
    <skipped/>
  </testcase>
  <testcase classname="| DP:SUPER.USERNAME | DP:SUPER.PASSWORD | DP:STUDENTS.STUDENT3.USERNAME | Activities | Join a Section | DP:SECTIONS.SECTIONNAME2 | Sections | DP:EXAMASSIGNMENTS.EXAMNAME2 | DP:TRAININGASSIGNMENTS.TRAININGNAME2 | Activity List | chrome:\/\/plugins\/ | DP:TEXTBOOK.BOOK | DP:TEXTBOOK.CHAPTERS | Training | DP:SAMPATHASSIGNMENTS.SAMPATHNAME | DP:EXAMASSIGNMENTS.EXAMNAME1 | DP:TRAININGASSIGNMENTS.TRAININGNAME1 | SAM Assignments | SAM Assignments | Exams | Training | Y | N |" name="And As a user I see login page of LMS" time="0.109">
    <skipped/>
  </testcase>
  <testcase classname="| DP:SUPER.USERNAME | DP:SUPER.PASSWORD | DP:STUDENTS.STUDENT3.USERNAME | Activities | Join a Section | DP:SECTIONS.SECTIONNAME2 | Sections | DP:EXAMASSIGNMENTS.EXAMNAME2 | DP:TRAININGASSIGNMENTS.TRAININGNAME2 | Activity List | chrome:\/\/plugins\/ | DP:TEXTBOOK.BOOK | DP:TEXTBOOK.CHAPTERS | Training | DP:SAMPATHASSIGNMENTS.SAMPATHNAME | DP:EXAMASSIGNMENTS.EXAMNAME1 | DP:TRAININGASSIGNMENTS.TRAININGNAME1 | SAM Assignments | SAM Assignments | Exams | Training | Y | N |" name="And I enter DP:STUDENTS.STUDENT3.USERNAME Y Username in LMS login page" time="0.109">
    <skipped/>
  </testcase>
  <testcase classname="| DP:SUPER.USERNAME | DP:SUPER.PASSWORD | DP:STUDENTS.STUDENT3.USERNAME | Activities | Join a Section | DP:SECTIONS.SECTIONNAME2 | Sections | DP:EXAMASSIGNMENTS.EXAMNAME2 | DP:TRAININGASSIGNMENTS.TRAININGNAME2 | Activity List | chrome:\/\/plugins\/ | DP:TEXTBOOK.BOOK | DP:TEXTBOOK.CHAPTERS | Training | DP:SAMPATHASSIGNMENTS.SAMPATHNAME | DP:EXAMASSIGNMENTS.EXAMNAME1 | DP:TRAININGASSIGNMENTS.TRAININGNAME1 | SAM Assignments | SAM Assignments | Exams | Training | Y | N |" name="And I enter DP:SUPER.PASSWORD Password in LMS login page" time="0.109">
    <skipped/>
  </testcase>
  <testcase classname="| DP:SUPER.USERNAME | DP:SUPER.PASSWORD | DP:STUDENTS.STUDENT3.USERNAME | Activities | Join a Section | DP:SECTIONS.SECTIONNAME2 | Sections | DP:EXAMASSIGNMENTS.EXAMNAME2 | DP:TRAININGASSIGNMENTS.TRAININGNAME2 | Activity List | chrome:\/\/plugins\/ | DP:TEXTBOOK.BOOK | DP:TEXTBOOK.CHAPTERS | Training | DP:SAMPATHASSIGNMENTS.SAMPATHNAME | DP:EXAMASSIGNMENTS.EXAMNAME1 | DP:TRAININGASSIGNMENTS.TRAININGNAME1 | SAM Assignments | SAM Assignments | Exams | Training | Y | N |" name="And I click on Log In button" time="0.109">
    <skipped/>
  </testcase>
  <testcase classname="| DP:SUPER.USERNAME | DP:SUPER.PASSWORD | DP:STUDENTS.STUDENT3.USERNAME | Activities | Join a Section | DP:SECTIONS.SECTIONNAME2 | Sections | DP:EXAMASSIGNMENTS.EXAMNAME2 | DP:TRAININGASSIGNMENTS.TRAININGNAME2 | Activity List | chrome:\/\/plugins\/ | DP:TEXTBOOK.BOOK | DP:TEXTBOOK.CHAPTERS | Training | DP:SAMPATHASSIGNMENTS.SAMPATHNAME | DP:EXAMASSIGNMENTS.EXAMNAME1 | DP:TRAININGASSIGNMENTS.TRAININGNAME1 | SAM Assignments | SAM Assignments | Exams | Training | Y | N |" name="And I see Student Activities page" time="0.109">
    <skipped/>
  </testcase>
  <testcase classname="| DP:SUPER.USERNAME | DP:SUPER.PASSWORD | DP:STUDENTS.STUDENT3.USERNAME | Activities | Join a Section | DP:SECTIONS.SECTIONNAME2 | Sections | DP:EXAMASSIGNMENTS.EXAMNAME2 | DP:TRAININGASSIGNMENTS.TRAININGNAME2 | Activity List | chrome:\/\/plugins\/ | DP:TEXTBOOK.BOOK | DP:TEXTBOOK.CHAPTERS | Training | DP:SAMPATHASSIGNMENTS.SAMPATHNAME | DP:EXAMASSIGNMENTS.EXAMNAME1 | DP:TRAININGASSIGNMENTS.TRAININGNAME1 | SAM Assignments | SAM Assignments | Exams | Training | Y | N |" name="And I click on Activities tab" time="0.109">
    <skipped/>
  </testcase>
  <testcase classname="| DP:SUPER.USERNAME | DP:SUPER.PASSWORD | DP:STUDENTS.STUDENT3.USERNAME | Activities | Join a Section | DP:SECTIONS.SECTIONNAME2 | Sections | DP:EXAMASSIGNMENTS.EXAMNAME2 | DP:TRAININGASSIGNMENTS.TRAININGNAME2 | Activity List | chrome:\/\/plugins\/ | DP:TEXTBOOK.BOOK | DP:TEXTBOOK.CHAPTERS | Training | DP:SAMPATHASSIGNMENTS.SAMPATHNAME | DP:EXAMASSIGNMENTS.EXAMNAME1 | DP:TRAININGASSIGNMENTS.TRAININGNAME1 | SAM Assignments | SAM Assignments | Exams | Training | Y | N |" name="And I click on Activity List tab" time="0.109">
    <skipped/>
  </testcase>
  <testcase classname="| DP:SUPER.USERNAME | DP:SUPER.PASSWORD | DP:STUDENTS.STUDENT3.USERNAME | Activities | Join a Section | DP:SECTIONS.SECTIONNAME2 | Sections | DP:EXAMASSIGNMENTS.EXAMNAME2 | DP:TRAININGASSIGNMENTS.TRAININGNAME2 | Activity List | chrome:\/\/plugins\/ | DP:TEXTBOOK.BOOK | DP:TEXTBOOK.CHAPTERS | Training | DP:SAMPATHASSIGNMENTS.SAMPATHNAME | DP:EXAMASSIGNMENTS.EXAMNAME1 | DP:TRAININGASSIGNMENTS.TRAININGNAME1 | SAM Assignments | SAM Assignments | Exams | Training | Y | N |" name="And I select DP:SECTIONS.SECTIONNAME2 Y from section drop down" time="0.124">
    <skipped/>
  </testcase>
  <testcase classname="| DP:SUPER.USERNAME | DP:SUPER.PASSWORD | DP:STUDENTS.STUDENT3.USERNAME | Activities | Join a Section | DP:SECTIONS.SECTIONNAME2 | Sections | DP:EXAMASSIGNMENTS.EXAMNAME2 | DP:TRAININGASSIGNMENTS.TRAININGNAME2 | Activity List | chrome:\/\/plugins\/ | DP:TEXTBOOK.BOOK | DP:TEXTBOOK.CHAPTERS | Training | DP:SAMPATHASSIGNMENTS.SAMPATHNAME | DP:EXAMASSIGNMENTS.EXAMNAME1 | DP:TRAININGASSIGNMENTS.TRAININGNAME1 | SAM Assignments | SAM Assignments | Exams | Training | Y | N |" name="When I click on exam type DP:EXAMASSIGNMENTS.EXAMNAME1 Y in Assignment Name" time="0.124">
    <skipped/>
  </testcase>
  <testcase classname="| DP:SUPER.USERNAME | DP:SUPER.PASSWORD | DP:STUDENTS.STUDENT3.USERNAME | Activities | Join a Section | DP:SECTIONS.SECTIONNAME2 | Sections | DP:EXAMASSIGNMENTS.EXAMNAME2 | DP:TRAININGASSIGNMENTS.TRAININGNAME2 | Activity List | chrome:\/\/plugins\/ | DP:TEXTBOOK.BOOK | DP:TEXTBOOK.CHAPTERS | Training | DP:SAMPATHASSIGNMENTS.SAMPATHNAME | DP:EXAMASSIGNMENTS.EXAMNAME1 | DP:TRAININGASSIGNMENTS.TRAININGNAME1 | SAM Assignments | SAM Assignments | Exams | Training | Y | N |" name="Then I see Message indicating flash required should be displayed in student side" time="0.124">
    <skipped/>
  </testcase>
  <testcase classname="| DP:SUPER.USERNAME | DP:SUPER.PASSWORD | DP:STUDENTS.STUDENT3.USERNAME | Activities | Join a Section | DP:SECTIONS.SECTIONNAME2 | Sections | DP:EXAMASSIGNMENTS.EXAMNAME2 | DP:TRAININGASSIGNMENTS.TRAININGNAME2 | Activity List | chrome:\/\/plugins\/ | DP:TEXTBOOK.BOOK | DP:TEXTBOOK.CHAPTERS | Training | DP:SAMPATHASSIGNMENTS.SAMPATHNAME | DP:EXAMASSIGNMENTS.EXAMNAME1 | DP:TRAININGASSIGNMENTS.TRAININGNAME1 | SAM Assignments | SAM Assignments | Exams | Training | Y | N |" name="And I enable chrome:\/\/plugins\/ flash player" time="0.124">
    <skipped/>
  </testcase>
  <testcase classname="| DP:SUPER.USERNAME | DP:SUPER.PASSWORD | DP:STUDENTS.STUDENT3.USERNAME | Activities | Join a Section | DP:SECTIONS.SECTIONNAME2 | Sections | DP:EXAMASSIGNMENTS.EXAMNAME2 | DP:TRAININGASSIGNMENTS.TRAININGNAME2 | Activity List | chrome:\/\/plugins\/ | DP:TEXTBOOK.BOOK | DP:TEXTBOOK.CHAPTERS | Training | DP:SAMPATHASSIGNMENTS.SAMPATHNAME | DP:EXAMASSIGNMENTS.EXAMNAME1 | DP:TRAININGASSIGNMENTS.TRAININGNAME1 | SAM Assignments | SAM Assignments | Exams | Training | Y | N |" name="And I click on Logout button" time="0.124">
    <skipped/>
  </testcase>
  <testcase classname="| DP:SUPER.USERNAME | DP:SUPER.PASSWORD | Assignments | SAM Assignments | DP:EXAMASSIGNMENTS.EXAMNAME1 | DP:SAMPATHASSIGNMENTS.SAMPATHNAME | DP:TRAININGASSIGNMENTS.TRAININGNAME1 | Y | N |" name="Given As a user I see login page of LMS" time="0"/>
  <testcase classname="| DP:SUPER.USERNAME | DP:SUPER.PASSWORD | Assignments | SAM Assignments | DP:EXAMASSIGNMENTS.EXAMNAME1 | DP:SAMPATHASSIGNMENTS.SAMPATHNAME | DP:TRAININGASSIGNMENTS.TRAININGNAME1 | Y | N |" name="And I enter DP:SUPER.USERNAME N Username in LMS login page" time="0"/>
  <testcase classname="| DP:SUPER.USERNAME | DP:SUPER.PASSWORD | Assignments | SAM Assignments | DP:EXAMASSIGNMENTS.EXAMNAME1 | DP:SAMPATHASSIGNMENTS.SAMPATHNAME | DP:TRAININGASSIGNMENTS.TRAININGNAME1 | Y | N |" name="And I enter DP:SUPER.PASSWORD Password in LMS login page" time="0"/>
  <testcase classname="| DP:SUPER.USERNAME | DP:SUPER.PASSWORD | Assignments | SAM Assignments | DP:EXAMASSIGNMENTS.EXAMNAME1 | DP:SAMPATHASSIGNMENTS.SAMPATHNAME | DP:TRAININGASSIGNMENTS.TRAININGNAME1 | Y | N |" name="And I click on Log In button" time="0"/>
  <testcase classname="| DP:SUPER.USERNAME | DP:SUPER.PASSWORD | Assignments | SAM Assignments | DP:EXAMASSIGNMENTS.EXAMNAME1 | DP:SAMPATHASSIGNMENTS.SAMPATHNAME | DP:TRAININGASSIGNMENTS.TRAININGNAME1 | Y | N |" name="And I see home page of LMS" time="0"/>
  <testcase classname="| DP:SUPER.USERNAME | DP:SUPER.PASSWORD | Assignments | SAM Assignments | DP:EXAMASSIGNMENTS.EXAMNAME1 | DP:SAMPATHASSIGNMENTS.SAMPATHNAME | DP:TRAININGASSIGNMENTS.TRAININGNAME1 | Y | N |" name="And I click on SAM Assignments tab" time="0"/>
  <testcase classname="| DP:SUPER.USERNAME | DP:SUPER.PASSWORD | Assignments | SAM Assignments | DP:EXAMASSIGNMENTS.EXAMNAME1 | DP:SAMPATHASSIGNMENTS.SAMPATHNAME | DP:TRAININGASSIGNMENTS.TRAININGNAME1 | Y | N |" name="And I click on Assignments tab" time="0"/>
  <testcase classname="| DP:SUPER.USERNAME | DP:SUPER.PASSWORD | Assignments | SAM Assignments | DP:EXAMASSIGNMENTS.EXAMNAME1 | DP:SAMPATHASSIGNMENTS.SAMPATHNAME | DP:TRAININGASSIGNMENTS.TRAININGNAME1 | Y | N |" name="And I see DP:EXAMASSIGNMENTS.EXAMNAME1 Y in Exams page" time="0"/>
  <testcase classname="| DP:SUPER.USERNAME | DP:SUPER.PASSWORD | Assignments | SAM Assignments | DP:EXAMASSIGNMENTS.EXAMNAME1 | DP:SAMPATHASSIGNMENTS.SAMPATHNAME | DP:TRAININGASSIGNMENTS.TRAININGNAME1 | Y | N |" name="And I click on DP:EXAMASSIGNMENTS.EXAMNAME1 Y Preview icon" time="0"/>
  <testcase classname="| DP:SUPER.USERNAME | DP:SUPER.PASSWORD | Assignments | SAM Assignments | DP:EXAMASSIGNMENTS.EXAMNAME1 | DP:SAMPATHASSIGNMENTS.SAMPATHNAME | DP:TRAININGASSIGNMENTS.TRAININGNAME1 | Y | N |" name="And I view the Preview popup" time="0"/>
  <testcase classname="| DP:SUPER.USERNAME | DP:SUPER.PASSWORD | Assignments | SAM Assignments | DP:EXAMASSIGNMENTS.EXAMNAME1 | DP:SAMPATHASSIGNMENTS.SAMPATHNAME | DP:TRAININGASSIGNMENTS.TRAININGNAME1 | Y | N |" name="And I click on Launch All button" time="0"/>
  <testcase classname="| DP:SUPER.USERNAME | DP:SUPER.PASSWORD | Assignments | SAM Assignments | DP:EXAMASSIGNMENTS.EXAMNAME1 | DP:SAMPATHASSIGNMENTS.SAMPATHNAME | DP:TRAININGASSIGNMENTS.TRAININGNAME1 | Y | N |" name="And I see task lauched successfully" time="0"/>
  <testcase classname="| DP:SUPER.USERNAME | DP:SUPER.PASSWORD | Assignments | SAM Assignments | DP:EXAMASSIGNMENTS.EXAMNAME1 | DP:SAMPATHASSIGNMENTS.SAMPATHNAME | DP:TRAININGASSIGNMENTS.TRAININGNAME1 | Y | N |" name="And I click on X icon" time="0"/>
  <testcase classname="| DP:SUPER.USERNAME | DP:SUPER.PASSWORD | Assignments | SAM Assignments | DP:EXAMASSIGNMENTS.EXAMNAME1 | DP:SAMPATHASSIGNMENTS.SAMPATHNAME | DP:TRAININGASSIGNMENTS.TRAININGNAME1 | Y | N |" name="And I see DP:TRAININGASSIGNMENTS.TRAININGNAME1 Y in Exams page" time="0"/>
  <testcase classname="| DP:SUPER.USERNAME | DP:SUPER.PASSWORD | Assignments | SAM Assignments | DP:EXAMASSIGNMENTS.EXAMNAME1 | DP:SAMPATHASSIGNMENTS.SAMPATHNAME | DP:TRAININGASSIGNMENTS.TRAININGNAME1 | Y | N |" name="And I click on DP:TRAININGASSIGNMENTS.TRAININGNAME1 Y Preview icon" time="0"/>
  <testcase classname="| DP:SUPER.USERNAME | DP:SUPER.PASSWORD | Assignments | SAM Assignments | DP:EXAMASSIGNMENTS.EXAMNAME1 | DP:SAMPATHASSIGNMENTS.SAMPATHNAME | DP:TRAININGASSIGNMENTS.TRAININGNAME1 | Y | N |" name="And I view the Preview popup" time="0"/>
  <testcase classname="| DP:SUPER.USERNAME | DP:SUPER.PASSWORD | Assignments | SAM Assignments | DP:EXAMASSIGNMENTS.EXAMNAME1 | DP:SAMPATHASSIGNMENTS.SAMPATHNAME | DP:TRAININGASSIGNMENTS.TRAININGNAME1 | Y | N |" name="And I click on Launch All button" time="0"/>
  <testcase classname="| DP:SUPER.USERNAME | DP:SUPER.PASSWORD | Assignments | SAM Assignments | DP:EXAMASSIGNMENTS.EXAMNAME1 | DP:SAMPATHASSIGNMENTS.SAMPATHNAME | DP:TRAININGASSIGNMENTS.TRAININGNAME1 | Y | N |" name="And I see task lauched successfully" time="0"/>
  <testcase classname="| DP:SUPER.USERNAME | DP:SUPER.PASSWORD | Assignments | SAM Assignments | DP:EXAMASSIGNMENTS.EXAMNAME1 | DP:SAMPATHASSIGNMENTS.SAMPATHNAME | DP:TRAININGASSIGNMENTS.TRAININGNAME1 | Y | N |" name="And I click on X icon" time="0"/>
  <testcase classname="| DP:SUPER.USERNAME | DP:SUPER.PASSWORD | Assignments | SAM Assignments | DP:EXAMASSIGNMENTS.EXAMNAME1 | DP:SAMPATHASSIGNMENTS.SAMPATHNAME | DP:TRAININGASSIGNMENTS.TRAININGNAME1 | Y | N |" name="And I see DP:SAMPATHASSIGNMENTS.SAMPATHNAME Y in Exams page" time="0"/>
  <testcase classname="| DP:SUPER.USERNAME | DP:SUPER.PASSWORD | Assignments | SAM Assignments | DP:EXAMASSIGNMENTS.EXAMNAME1 | DP:SAMPATHASSIGNMENTS.SAMPATHNAME | DP:TRAININGASSIGNMENTS.TRAININGNAME1 | Y | N |" name="And I click on DP:SAMPATHASSIGNMENTS.SAMPATHNAME Y Preview icon" time="0"/>
  <testcase classname="| DP:SUPER.USERNAME | DP:SUPER.PASSWORD | Assignments | SAM Assignments | DP:EXAMASSIGNMENTS.EXAMNAME1 | DP:SAMPATHASSIGNMENTS.SAMPATHNAME | DP:TRAININGASSIGNMENTS.TRAININGNAME1 | Y | N |" name="And I click on Ok button in Preview pop-up" time="0"/>
  <testcase classname="| DP:SUPER.USERNAME | DP:SUPER.PASSWORD | Assignments | SAM Assignments | DP:EXAMASSIGNMENTS.EXAMNAME1 | DP:SAMPATHASSIGNMENTS.SAMPATHNAME | DP:TRAININGASSIGNMENTS.TRAININGNAME1 | Y | N |" name="When I click on Launch All button" time="0"/>
  <testcase classname="| DP:SUPER.USERNAME | DP:SUPER.PASSWORD | Assignments | SAM Assignments | DP:EXAMASSIGNMENTS.EXAMNAME1 | DP:SAMPATHASSIGNMENTS.SAMPATHNAME | DP:TRAININGASSIGNMENTS.TRAININGNAME1 | Y | N |" name="Then I see task lauched successfully" time="0"/>
  <testcase classname="| DP:SUPER.USERNAME | DP:SUPER.PASSWORD | Assignments | SAM Assignments | DP:EXAMASSIGNMENTS.EXAMNAME1 | DP:SAMPATHASSIGNMENTS.SAMPATHNAME | DP:TRAININGASSIGNMENTS.TRAININGNAME1 | Y | N |" name="And I click on X icon" time="0"/>
  <testcase classname="| DP:SUPER.USERNAME | DP:SUPER.PASSWORD | Assignments | SAM Assignments | DP:EXAMASSIGNMENTS.EXAMNAME1 | DP:SAMPATHASSIGNMENTS.SAMPATHNAME | DP:TRAININGASSIGNMENTS.TRAININGNAME1 | Y | N |" name="And I click on Logout button" time="0"/>
  <testcase classname="| DP:SUPER.USERNAME | DP:SUPER.PASSWORD | Assignments | SAM Assignments | DP:EXAMASSIGNMENTS.EXAMNAME1 | DP:SAMPATHASSIGNMENTS.SAMPATHNAME | DP:TRAININGASSIGNMENTS.TRAININGNAME1 | Y | N |" name="| DP:SUPER.USERNAME | DP:SUPER.PASSWORD | Assignments | SAM Assignments | DP:EXAMASSIGNMENTS.EXAMNAME1 | DP:SAMPATHASSIGNMENTS.SAMPATHNAME | DP:TRAININGASSIGNMENTS.TRAININGNAME1 | Y | N |" time="0.001"/>
  <testcase classname="| DP:USERMODULEUSERS.INSTRUCTOR6.USERNAME | DP:SUPER.PASSWORD | DP:LMSSTORIES.EDITERRORMSG | DP:LMSSTORIES.COPYERRORMSG | Y | N | DP:TRAININGASSIGNMENTS.TRAININGEDITNAME2 | SAM Assignments | Training | DP:STUDENTS.STUDENT3.FULLNAME |" name="Given As a user I see login page of LMS" time="0"/>
  <testcase classname="| DP:USERMODULEUSERS.INSTRUCTOR6.USERNAME | DP:SUPER.PASSWORD | DP:LMSSTORIES.EDITERRORMSG | DP:LMSSTORIES.COPYERRORMSG | Y | N | DP:TRAININGASSIGNMENTS.TRAININGEDITNAME2 | SAM Assignments | Training | DP:STUDENTS.STUDENT3.FULLNAME |" name="And I enter DP:USERMODULEUSERS.INSTRUCTOR6.USERNAME Y Username in LMS login page" time="0"/>
  <testcase classname="| DP:USERMODULEUSERS.INSTRUCTOR6.USERNAME | DP:SUPER.PASSWORD | DP:LMSSTORIES.EDITERRORMSG | DP:LMSSTORIES.COPYERRORMSG | Y | N | DP:TRAININGASSIGNMENTS.TRAININGEDITNAME2 | SAM Assignments | Training | DP:STUDENTS.STUDENT3.FULLNAME |" name="And I enter DP:SUPER.PASSWORD Password in LMS login page" time="0"/>
  <testcase classname="| DP:USERMODULEUSERS.INSTRUCTOR6.USERNAME | DP:SUPER.PASSWORD | DP:LMSSTORIES.EDITERRORMSG | DP:LMSSTORIES.COPYERRORMSG | Y | N | DP:TRAININGASSIGNMENTS.TRAININGEDITNAME2 | SAM Assignments | Training | DP:STUDENTS.STUDENT3.FULLNAME |" name="And I click on Log In button" time="0"/>
  <testcase classname="| DP:USERMODULEUSERS.INSTRUCTOR6.USERNAME | DP:SUPER.PASSWORD | DP:LMSSTORIES.EDITERRORMSG | DP:LMSSTORIES.COPYERRORMSG | Y | N | DP:TRAININGASSIGNMENTS.TRAININGEDITNAME2 | SAM Assignments | Training | DP:STUDENTS.STUDENT3.FULLNAME |" name="And I see home page of LMS" time="0"/>
  <testcase classname="| DP:USERMODULEUSERS.INSTRUCTOR6.USERNAME | DP:SUPER.PASSWORD | DP:LMSSTORIES.EDITERRORMSG | DP:LMSSTORIES.COPYERRORMSG | Y | N | DP:TRAININGASSIGNMENTS.TRAININGEDITNAME2 | SAM Assignments | Training | DP:STUDENTS.STUDENT3.FULLNAME |" name="And I click on SAM Assignments tab" time="0"/>
  <testcase classname="| DP:USERMODULEUSERS.INSTRUCTOR6.USERNAME | DP:SUPER.PASSWORD | DP:LMSSTORIES.EDITERRORMSG | DP:LMSSTORIES.COPYERRORMSG | Y | N | DP:TRAININGASSIGNMENTS.TRAININGEDITNAME2 | SAM Assignments | Training | DP:STUDENTS.STUDENT3.FULLNAME |" name="And I click on Training tab" time="0"/>
  <testcase classname="| DP:USERMODULEUSERS.INSTRUCTOR6.USERNAME | DP:SUPER.PASSWORD | DP:LMSSTORIES.EDITERRORMSG | DP:LMSSTORIES.COPYERRORMSG | Y | N | DP:TRAININGASSIGNMENTS.TRAININGEDITNAME2 | SAM Assignments | Training | DP:STUDENTS.STUDENT3.FULLNAME |" name="And I see View All Training checkbox" time="0"/>
  <testcase classname="| DP:USERMODULEUSERS.INSTRUCTOR6.USERNAME | DP:SUPER.PASSWORD | DP:LMSSTORIES.EDITERRORMSG | DP:LMSSTORIES.COPYERRORMSG | Y | N | DP:TRAININGASSIGNMENTS.TRAININGEDITNAME2 | SAM Assignments | Training | DP:STUDENTS.STUDENT3.FULLNAME |" name="And I see View All Training checkbox should be unchecked by default" time="0"/>
  <testcase classname="| DP:USERMODULEUSERS.INSTRUCTOR6.USERNAME | DP:SUPER.PASSWORD | DP:LMSSTORIES.EDITERRORMSG | DP:LMSSTORIES.COPYERRORMSG | Y | N | DP:TRAININGASSIGNMENTS.TRAININGEDITNAME2 | SAM Assignments | Training | DP:STUDENTS.STUDENT3.FULLNAME |" name="And I check View All Training checkbox" time="0"/>
  <testcase classname="| DP:USERMODULEUSERS.INSTRUCTOR6.USERNAME | DP:SUPER.PASSWORD | DP:LMSSTORIES.EDITERRORMSG | DP:LMSSTORIES.COPYERRORMSG | Y | N | DP:TRAININGASSIGNMENTS.TRAININGEDITNAME2 | SAM Assignments | Training | DP:STUDENTS.STUDENT3.FULLNAME |" name="And I see both Private and public Training assignments" time="0"/>
  <testcase classname="| DP:USERMODULEUSERS.INSTRUCTOR6.USERNAME | DP:SUPER.PASSWORD | DP:LMSSTORIES.EDITERRORMSG | DP:LMSSTORIES.COPYERRORMSG | Y | N | DP:TRAININGASSIGNMENTS.TRAININGEDITNAME2 | SAM Assignments | Training | DP:STUDENTS.STUDENT3.FULLNAME |" name="And I click on DP:TRAININGASSIGNMENTS.TRAININGEDITNAME2 Y Edit icon" time="0"/>
  <testcase classname="| DP:USERMODULEUSERS.INSTRUCTOR6.USERNAME | DP:SUPER.PASSWORD | DP:LMSSTORIES.EDITERRORMSG | DP:LMSSTORIES.COPYERRORMSG | Y | N | DP:TRAININGASSIGNMENTS.TRAININGEDITNAME2 | SAM Assignments | Training | DP:STUDENTS.STUDENT3.FULLNAME |" name="And I see DP:LMSSTORIES.EDITERRORMSG error message" time="0"/>
  <testcase classname="| DP:USERMODULEUSERS.INSTRUCTOR6.USERNAME | DP:SUPER.PASSWORD | DP:LMSSTORIES.EDITERRORMSG | DP:LMSSTORIES.COPYERRORMSG | Y | N | DP:TRAININGASSIGNMENTS.TRAININGEDITNAME2 | SAM Assignments | Training | DP:STUDENTS.STUDENT3.FULLNAME |" name="And I click on OK button" time="0"/>
  <testcase classname="| DP:USERMODULEUSERS.INSTRUCTOR6.USERNAME | DP:SUPER.PASSWORD | DP:LMSSTORIES.EDITERRORMSG | DP:LMSSTORIES.COPYERRORMSG | Y | N | DP:TRAININGASSIGNMENTS.TRAININGEDITNAME2 | SAM Assignments | Training | DP:STUDENTS.STUDENT3.FULLNAME |" name="And I click on DP:TRAININGASSIGNMENTS.TRAININGEDITNAME2 Y Deactivate icon" time="0"/>
  <testcase classname="| DP:USERMODULEUSERS.INSTRUCTOR6.USERNAME | DP:SUPER.PASSWORD | DP:LMSSTORIES.EDITERRORMSG | DP:LMSSTORIES.COPYERRORMSG | Y | N | DP:TRAININGASSIGNMENTS.TRAININGEDITNAME2 | SAM Assignments | Training | DP:STUDENTS.STUDENT3.FULLNAME |" name="And I see DP:LMSSTORIES.COPYERRORMSG error message" time="0"/>
  <testcase classname="| DP:USERMODULEUSERS.INSTRUCTOR6.USERNAME | DP:SUPER.PASSWORD | DP:LMSSTORIES.EDITERRORMSG | DP:LMSSTORIES.COPYERRORMSG | Y | N | DP:TRAININGASSIGNMENTS.TRAININGEDITNAME2 | SAM Assignments | Training | DP:STUDENTS.STUDENT3.FULLNAME |" name="And I click on OK button" time="0"/>
  <testcase classname="| DP:USERMODULEUSERS.INSTRUCTOR6.USERNAME | DP:SUPER.PASSWORD | DP:LMSSTORIES.EDITERRORMSG | DP:LMSSTORIES.COPYERRORMSG | Y | N | DP:TRAININGASSIGNMENTS.TRAININGEDITNAME2 | SAM Assignments | Training | DP:STUDENTS.STUDENT3.FULLNAME |" name="And I click on DP:TRAININGASSIGNMENTS.TRAININGEDITNAME2 Y Copy icon" time="0"/>
  <testcase classname="| DP:USERMODULEUSERS.INSTRUCTOR6.USERNAME | DP:SUPER.PASSWORD | DP:LMSSTORIES.EDITERRORMSG | DP:LMSSTORIES.COPYERRORMSG | Y | N | DP:TRAININGASSIGNMENTS.TRAININGEDITNAME2 | SAM Assignments | Training | DP:STUDENTS.STUDENT3.FULLNAME |" name="And I select public option in training creation" time="0"/>
  <testcase classname="| DP:USERMODULEUSERS.INSTRUCTOR6.USERNAME | DP:SUPER.PASSWORD | DP:LMSSTORIES.EDITERRORMSG | DP:LMSSTORIES.COPYERRORMSG | Y | N | DP:TRAININGASSIGNMENTS.TRAININGEDITNAME2 | SAM Assignments | Training | DP:STUDENTS.STUDENT3.FULLNAME |" name="And I click on Next Step button" time="0"/>
  <testcase classname="| DP:USERMODULEUSERS.INSTRUCTOR6.USERNAME | DP:SUPER.PASSWORD | DP:LMSSTORIES.EDITERRORMSG | DP:LMSSTORIES.COPYERRORMSG | Y | N | DP:TRAININGASSIGNMENTS.TRAININGEDITNAME2 | SAM Assignments | Training | DP:STUDENTS.STUDENT3.FULLNAME |" name="And I click on Next Step button" time="0"/>
  <testcase classname="| DP:USERMODULEUSERS.INSTRUCTOR6.USERNAME | DP:SUPER.PASSWORD | DP:LMSSTORIES.EDITERRORMSG | DP:LMSSTORIES.COPYERRORMSG | Y | N | DP:TRAININGASSIGNMENTS.TRAININGEDITNAME2 | SAM Assignments | Training | DP:STUDENTS.STUDENT3.FULLNAME |" name="And I click on save button" time="0"/>
  <testcase classname="| DP:USERMODULEUSERS.INSTRUCTOR6.USERNAME | DP:SUPER.PASSWORD | DP:LMSSTORIES.EDITERRORMSG | DP:LMSSTORIES.COPYERRORMSG | Y | N | DP:TRAININGASSIGNMENTS.TRAININGEDITNAME2 | SAM Assignments | Training | DP:STUDENTS.STUDENT3.FULLNAME |" name="And I click on Done button in pop-up" time="0"/>
  <testcase classname="| DP:USERMODULEUSERS.INSTRUCTOR6.USERNAME | DP:SUPER.PASSWORD | DP:LMSSTORIES.EDITERRORMSG | DP:LMSSTORIES.COPYERRORMSG | Y | N | DP:TRAININGASSIGNMENTS.TRAININGEDITNAME2 | SAM Assignments | Training | DP:STUDENTS.STUDENT3.FULLNAME |" name="And I click on DP:TRAININGASSIGNMENTS.TRAININGEDITNAME2 Y Schedule icon" time="0"/>
  <testcase classname="| DP:USERMODULEUSERS.INSTRUCTOR6.USERNAME | DP:SUPER.PASSWORD | DP:LMSSTORIES.EDITERRORMSG | DP:LMSSTORIES.COPYERRORMSG | Y | N | DP:TRAININGASSIGNMENTS.TRAININGEDITNAME2 | SAM Assignments | Training | DP:STUDENTS.STUDENT3.FULLNAME |" name="And I click on save button" time="0"/>
  <testcase classname="| DP:USERMODULEUSERS.INSTRUCTOR6.USERNAME | DP:SUPER.PASSWORD | DP:LMSSTORIES.EDITERRORMSG | DP:LMSSTORIES.COPYERRORMSG | Y | N | DP:TRAININGASSIGNMENTS.TRAININGEDITNAME2 | SAM Assignments | Training | DP:STUDENTS.STUDENT3.FULLNAME |" name="And I click on X icon" time="0"/>
  <testcase classname="| DP:USERMODULEUSERS.INSTRUCTOR6.USERNAME | DP:SUPER.PASSWORD | DP:LMSSTORIES.EDITERRORMSG | DP:LMSSTORIES.COPYERRORMSG | Y | N | DP:TRAININGASSIGNMENTS.TRAININGEDITNAME2 | SAM Assignments | Training | DP:STUDENTS.STUDENT3.FULLNAME |" name="And I click on DP:TRAININGASSIGNMENTS.TRAININGEDITNAME2 Y Schedule Individual Student Assignment icon" time="0"/>
  <testcase classname="| DP:USERMODULEUSERS.INSTRUCTOR6.USERNAME | DP:SUPER.PASSWORD | DP:LMSSTORIES.EDITERRORMSG | DP:LMSSTORIES.COPYERRORMSG | Y | N | DP:TRAININGASSIGNMENTS.TRAININGEDITNAME2 | SAM Assignments | Training | DP:STUDENTS.STUDENT3.FULLNAME |" name="And I click on Next Step button" time="0"/>
  <testcase classname="| DP:USERMODULEUSERS.INSTRUCTOR6.USERNAME | DP:SUPER.PASSWORD | DP:LMSSTORIES.EDITERRORMSG | DP:LMSSTORIES.COPYERRORMSG | Y | N | DP:TRAININGASSIGNMENTS.TRAININGEDITNAME2 | SAM Assignments | Training | DP:STUDENTS.STUDENT3.FULLNAME |" name="And I check DP:STUDENTS.STUDENT3.FULLNAME student in Available Students" time="0"/>
  <testcase classname="| DP:USERMODULEUSERS.INSTRUCTOR6.USERNAME | DP:SUPER.PASSWORD | DP:LMSSTORIES.EDITERRORMSG | DP:LMSSTORIES.COPYERRORMSG | Y | N | DP:TRAININGASSIGNMENTS.TRAININGEDITNAME2 | SAM Assignments | Training | DP:STUDENTS.STUDENT3.FULLNAME |" name="When I click on Save button" time="0"/>
  <testcase classname="| DP:USERMODULEUSERS.INSTRUCTOR6.USERNAME | DP:SUPER.PASSWORD | DP:LMSSTORIES.EDITERRORMSG | DP:LMSSTORIES.COPYERRORMSG | Y | N | DP:TRAININGASSIGNMENTS.TRAININGEDITNAME2 | SAM Assignments | Training | DP:STUDENTS.STUDENT3.FULLNAME |" name="Then I click on X icon" time="0"/>
  <testcase classname="| DP:USERMODULEUSERS.INSTRUCTOR6.USERNAME | DP:SUPER.PASSWORD | DP:LMSSTORIES.EDITERRORMSG | DP:LMSSTORIES.COPYERRORMSG | Y | N | DP:TRAININGASSIGNMENTS.TRAININGEDITNAME2 | SAM Assignments | Training | DP:STUDENTS.STUDENT3.FULLNAME |" name="And I click on Logout button" time="0"/>
  <testcase classname="| DP:USERMODULEUSERS.INSTRUCTOR6.USERNAME | DP:SUPER.PASSWORD | DP:LMSSTORIES.EDITERRORMSG | DP:LMSSTORIES.COPYERRORMSG | Y | N | DP:TRAININGASSIGNMENTS.TRAININGEDITNAME2 | SAM Assignments | Training | DP:STUDENTS.STUDENT3.FULLNAME |" name="| DP:USERMODULEUSERS.INSTRUCTOR6.USERNAME | DP:SUPER.PASSWORD | DP:LMSSTORIES.EDITERRORMSG | DP:LMSSTORIES.COPYERRORMSG | Y | N | DP:TRAININGASSIGNMENTS.TRAININGEDITNAME2 | SAM Assignments | Training | DP:STUDENTS.STUDENT3.FULLNAME |" time="0"/>
  <testcase classname="| DP:USERMODULEUSERS.INSTRUCTOR6.USERNAME | DP:SUPER.PASSWORD | DP:LMSSTORIES.EDITERRORMSG1 | DP:LMSSTORIES.COPYERRORMSG1 | Y | N | DP:EXAMASSIGNMENTS.EXAMEDITNAME1 | SAM Assignments | Exams | DP:STUDENTS.STUDENT3.FULLNAME |" name="Given As a user I see login page of LMS" time="0"/>
  <testcase classname="| DP:USERMODULEUSERS.INSTRUCTOR6.USERNAME | DP:SUPER.PASSWORD | DP:LMSSTORIES.EDITERRORMSG1 | DP:LMSSTORIES.COPYERRORMSG1 | Y | N | DP:EXAMASSIGNMENTS.EXAMEDITNAME1 | SAM Assignments | Exams | DP:STUDENTS.STUDENT3.FULLNAME |" name="And I enter DP:USERMODULEUSERS.INSTRUCTOR6.USERNAME Y Username in LMS login page" time="0"/>
  <testcase classname="| DP:USERMODULEUSERS.INSTRUCTOR6.USERNAME | DP:SUPER.PASSWORD | DP:LMSSTORIES.EDITERRORMSG1 | DP:LMSSTORIES.COPYERRORMSG1 | Y | N | DP:EXAMASSIGNMENTS.EXAMEDITNAME1 | SAM Assignments | Exams | DP:STUDENTS.STUDENT3.FULLNAME |" name="And I enter DP:SUPER.PASSWORD Password in LMS login page" time="0"/>
  <testcase classname="| DP:USERMODULEUSERS.INSTRUCTOR6.USERNAME | DP:SUPER.PASSWORD | DP:LMSSTORIES.EDITERRORMSG1 | DP:LMSSTORIES.COPYERRORMSG1 | Y | N | DP:EXAMASSIGNMENTS.EXAMEDITNAME1 | SAM Assignments | Exams | DP:STUDENTS.STUDENT3.FULLNAME |" name="And I click on Log In button" time="0"/>
  <testcase classname="| DP:USERMODULEUSERS.INSTRUCTOR6.USERNAME | DP:SUPER.PASSWORD | DP:LMSSTORIES.EDITERRORMSG1 | DP:LMSSTORIES.COPYERRORMSG1 | Y | N | DP:EXAMASSIGNMENTS.EXAMEDITNAME1 | SAM Assignments | Exams | DP:STUDENTS.STUDENT3.FULLNAME |" name="And I see home page of LMS" time="0"/>
  <testcase classname="| DP:USERMODULEUSERS.INSTRUCTOR6.USERNAME | DP:SUPER.PASSWORD | DP:LMSSTORIES.EDITERRORMSG1 | DP:LMSSTORIES.COPYERRORMSG1 | Y | N | DP:EXAMASSIGNMENTS.EXAMEDITNAME1 | SAM Assignments | Exams | DP:STUDENTS.STUDENT3.FULLNAME |" name="And I click on SAM Assignments tab" time="0"/>
  <testcase classname="| DP:USERMODULEUSERS.INSTRUCTOR6.USERNAME | DP:SUPER.PASSWORD | DP:LMSSTORIES.EDITERRORMSG1 | DP:LMSSTORIES.COPYERRORMSG1 | Y | N | DP:EXAMASSIGNMENTS.EXAMEDITNAME1 | SAM Assignments | Exams | DP:STUDENTS.STUDENT3.FULLNAME |" name="And I click on Exams tab" time="0"/>
  <testcase classname="| DP:USERMODULEUSERS.INSTRUCTOR6.USERNAME | DP:SUPER.PASSWORD | DP:LMSSTORIES.EDITERRORMSG1 | DP:LMSSTORIES.COPYERRORMSG1 | Y | N | DP:EXAMASSIGNMENTS.EXAMEDITNAME1 | SAM Assignments | Exams | DP:STUDENTS.STUDENT3.FULLNAME |" name="And I see View All Exam checkbox" time="0"/>
  <testcase classname="| DP:USERMODULEUSERS.INSTRUCTOR6.USERNAME | DP:SUPER.PASSWORD | DP:LMSSTORIES.EDITERRORMSG1 | DP:LMSSTORIES.COPYERRORMSG1 | Y | N | DP:EXAMASSIGNMENTS.EXAMEDITNAME1 | SAM Assignments | Exams | DP:STUDENTS.STUDENT3.FULLNAME |" name="And I see View All Exam checkbox should be unchecked by default" time="0"/>
  <testcase classname="| DP:USERMODULEUSERS.INSTRUCTOR6.USERNAME | DP:SUPER.PASSWORD | DP:LMSSTORIES.EDITERRORMSG1 | DP:LMSSTORIES.COPYERRORMSG1 | Y | N | DP:EXAMASSIGNMENTS.EXAMEDITNAME1 | SAM Assignments | Exams | DP:STUDENTS.STUDENT3.FULLNAME |" name="And I check View All Exam checkbox" time="0"/>
  <testcase classname="| DP:USERMODULEUSERS.INSTRUCTOR6.USERNAME | DP:SUPER.PASSWORD | DP:LMSSTORIES.EDITERRORMSG1 | DP:LMSSTORIES.COPYERRORMSG1 | Y | N | DP:EXAMASSIGNMENTS.EXAMEDITNAME1 | SAM Assignments | Exams | DP:STUDENTS.STUDENT3.FULLNAME |" name="And I see both Private and public Exam assignments" time="0"/>
  <testcase classname="| DP:USERMODULEUSERS.INSTRUCTOR6.USERNAME | DP:SUPER.PASSWORD | DP:LMSSTORIES.EDITERRORMSG1 | DP:LMSSTORIES.COPYERRORMSG1 | Y | N | DP:EXAMASSIGNMENTS.EXAMEDITNAME1 | SAM Assignments | Exams | DP:STUDENTS.STUDENT3.FULLNAME |" name="And I click on DP:EXAMASSIGNMENTS.EXAMEDITNAME1 Y Edit icon" time="0.001"/>
  <testcase classname="| DP:USERMODULEUSERS.INSTRUCTOR6.USERNAME | DP:SUPER.PASSWORD | DP:LMSSTORIES.EDITERRORMSG1 | DP:LMSSTORIES.COPYERRORMSG1 | Y | N | DP:EXAMASSIGNMENTS.EXAMEDITNAME1 | SAM Assignments | Exams | DP:STUDENTS.STUDENT3.FULLNAME |" name="And I see DP:LMSSTORIES.EDITERRORMSG1 error message" time="0"/>
  <testcase classname="| DP:USERMODULEUSERS.INSTRUCTOR6.USERNAME | DP:SUPER.PASSWORD | DP:LMSSTORIES.EDITERRORMSG1 | DP:LMSSTORIES.COPYERRORMSG1 | Y | N | DP:EXAMASSIGNMENTS.EXAMEDITNAME1 | SAM Assignments | Exams | DP:STUDENTS.STUDENT3.FULLNAME |" name="And I click on OK button" time="0"/>
  <testcase classname="| DP:USERMODULEUSERS.INSTRUCTOR6.USERNAME | DP:SUPER.PASSWORD | DP:LMSSTORIES.EDITERRORMSG1 | DP:LMSSTORIES.COPYERRORMSG1 | Y | N | DP:EXAMASSIGNMENTS.EXAMEDITNAME1 | SAM Assignments | Exams | DP:STUDENTS.STUDENT3.FULLNAME |" name="And I click on DP:EXAMASSIGNMENTS.EXAMEDITNAME1 Y Deactivate icon" time="0"/>
  <testcase classname="| DP:USERMODULEUSERS.INSTRUCTOR6.USERNAME | DP:SUPER.PASSWORD | DP:LMSSTORIES.EDITERRORMSG1 | DP:LMSSTORIES.COPYERRORMSG1 | Y | N | DP:EXAMASSIGNMENTS.EXAMEDITNAME1 | SAM Assignments | Exams | DP:STUDENTS.STUDENT3.FULLNAME |" name="And I see DP:LMSSTORIES.COPYERRORMSG1 error message" time="0"/>
  <testcase classname="| DP:USERMODULEUSERS.INSTRUCTOR6.USERNAME | DP:SUPER.PASSWORD | DP:LMSSTORIES.EDITERRORMSG1 | DP:LMSSTORIES.COPYERRORMSG1 | Y | N | DP:EXAMASSIGNMENTS.EXAMEDITNAME1 | SAM Assignments | Exams | DP:STUDENTS.STUDENT3.FULLNAME |" name="And I click on OK button" time="0"/>
  <testcase classname="| DP:USERMODULEUSERS.INSTRUCTOR6.USERNAME | DP:SUPER.PASSWORD | DP:LMSSTORIES.EDITERRORMSG1 | DP:LMSSTORIES.COPYERRORMSG1 | Y | N | DP:EXAMASSIGNMENTS.EXAMEDITNAME1 | SAM Assignments | Exams | DP:STUDENTS.STUDENT3.FULLNAME |" name="And I click on DP:EXAMASSIGNMENTS.EXAMEDITNAME1 Y Copy icon" time="0"/>
  <testcase classname="| DP:USERMODULEUSERS.INSTRUCTOR6.USERNAME | DP:SUPER.PASSWORD | DP:LMSSTORIES.EDITERRORMSG1 | DP:LMSSTORIES.COPYERRORMSG1 | Y | N | DP:EXAMASSIGNMENTS.EXAMEDITNAME1 | SAM Assignments | Exams | DP:STUDENTS.STUDENT3.FULLNAME |" name="And I select public option in training creation" time="0"/>
  <testcase classname="| DP:USERMODULEUSERS.INSTRUCTOR6.USERNAME | DP:SUPER.PASSWORD | DP:LMSSTORIES.EDITERRORMSG1 | DP:LMSSTORIES.COPYERRORMSG1 | Y | N | DP:EXAMASSIGNMENTS.EXAMEDITNAME1 | SAM Assignments | Exams | DP:STUDENTS.STUDENT3.FULLNAME |" name="And I click on Next Step button" time="0"/>
  <testcase classname="| DP:USERMODULEUSERS.INSTRUCTOR6.USERNAME | DP:SUPER.PASSWORD | DP:LMSSTORIES.EDITERRORMSG1 | DP:LMSSTORIES.COPYERRORMSG1 | Y | N | DP:EXAMASSIGNMENTS.EXAMEDITNAME1 | SAM Assignments | Exams | DP:STUDENTS.STUDENT3.FULLNAME |" name="And I click on Next Step button" time="0"/>
  <testcase classname="| DP:USERMODULEUSERS.INSTRUCTOR6.USERNAME | DP:SUPER.PASSWORD | DP:LMSSTORIES.EDITERRORMSG1 | DP:LMSSTORIES.COPYERRORMSG1 | Y | N | DP:EXAMASSIGNMENTS.EXAMEDITNAME1 | SAM Assignments | Exams | DP:STUDENTS.STUDENT3.FULLNAME |" name="And I click on save button" time="0"/>
  <testcase classname="| DP:USERMODULEUSERS.INSTRUCTOR6.USERNAME | DP:SUPER.PASSWORD | DP:LMSSTORIES.EDITERRORMSG1 | DP:LMSSTORIES.COPYERRORMSG1 | Y | N | DP:EXAMASSIGNMENTS.EXAMEDITNAME1 | SAM Assignments | Exams | DP:STUDENTS.STUDENT3.FULLNAME |" name="And I click on Done button in pop-up" time="0"/>
  <testcase classname="| DP:USERMODULEUSERS.INSTRUCTOR6.USERNAME | DP:SUPER.PASSWORD | DP:LMSSTORIES.EDITERRORMSG1 | DP:LMSSTORIES.COPYERRORMSG1 | Y | N | DP:EXAMASSIGNMENTS.EXAMEDITNAME1 | SAM Assignments | Exams | DP:STUDENTS.STUDENT3.FULLNAME |" name="And I click on DP:EXAMASSIGNMENTS.EXAMEDITNAME1 Y Schedule icon" time="0"/>
  <testcase classname="| DP:USERMODULEUSERS.INSTRUCTOR6.USERNAME | DP:SUPER.PASSWORD | DP:LMSSTORIES.EDITERRORMSG1 | DP:LMSSTORIES.COPYERRORMSG1 | Y | N | DP:EXAMASSIGNMENTS.EXAMEDITNAME1 | SAM Assignments | Exams | DP:STUDENTS.STUDENT3.FULLNAME |" name="And I click on save button" time="0"/>
  <testcase classname="| DP:USERMODULEUSERS.INSTRUCTOR6.USERNAME | DP:SUPER.PASSWORD | DP:LMSSTORIES.EDITERRORMSG1 | DP:LMSSTORIES.COPYERRORMSG1 | Y | N | DP:EXAMASSIGNMENTS.EXAMEDITNAME1 | SAM Assignments | Exams | DP:STUDENTS.STUDENT3.FULLNAME |" name="And I click on X icon" time="0"/>
  <testcase classname="| DP:USERMODULEUSERS.INSTRUCTOR6.USERNAME | DP:SUPER.PASSWORD | DP:LMSSTORIES.EDITERRORMSG1 | DP:LMSSTORIES.COPYERRORMSG1 | Y | N | DP:EXAMASSIGNMENTS.EXAMEDITNAME1 | SAM Assignments | Exams | DP:STUDENTS.STUDENT3.FULLNAME |" name="And I click on DP:EXAMASSIGNMENTS.EXAMEDITNAME1 Y Schedule Individual Student Assignment icon" time="0"/>
  <testcase classname="| DP:USERMODULEUSERS.INSTRUCTOR6.USERNAME | DP:SUPER.PASSWORD | DP:LMSSTORIES.EDITERRORMSG1 | DP:LMSSTORIES.COPYERRORMSG1 | Y | N | DP:EXAMASSIGNMENTS.EXAMEDITNAME1 | SAM Assignments | Exams | DP:STUDENTS.STUDENT3.FULLNAME |" name="And I click on Next Step button" time="0"/>
  <testcase classname="| DP:USERMODULEUSERS.INSTRUCTOR6.USERNAME | DP:SUPER.PASSWORD | DP:LMSSTORIES.EDITERRORMSG1 | DP:LMSSTORIES.COPYERRORMSG1 | Y | N | DP:EXAMASSIGNMENTS.EXAMEDITNAME1 | SAM Assignments | Exams | DP:STUDENTS.STUDENT3.FULLNAME |" name="And I check DP:STUDENTS.STUDENT3.FULLNAME student in Available Students" time="0"/>
  <testcase classname="| DP:USERMODULEUSERS.INSTRUCTOR6.USERNAME | DP:SUPER.PASSWORD | DP:LMSSTORIES.EDITERRORMSG1 | DP:LMSSTORIES.COPYERRORMSG1 | Y | N | DP:EXAMASSIGNMENTS.EXAMEDITNAME1 | SAM Assignments | Exams | DP:STUDENTS.STUDENT3.FULLNAME |" name="When I click on Save button" time="0"/>
  <testcase classname="| DP:USERMODULEUSERS.INSTRUCTOR6.USERNAME | DP:SUPER.PASSWORD | DP:LMSSTORIES.EDITERRORMSG1 | DP:LMSSTORIES.COPYERRORMSG1 | Y | N | DP:EXAMASSIGNMENTS.EXAMEDITNAME1 | SAM Assignments | Exams | DP:STUDENTS.STUDENT3.FULLNAME |" name="Then I click on X icon" time="0"/>
  <testcase classname="| DP:USERMODULEUSERS.INSTRUCTOR6.USERNAME | DP:SUPER.PASSWORD | DP:LMSSTORIES.EDITERRORMSG1 | DP:LMSSTORIES.COPYERRORMSG1 | Y | N | DP:EXAMASSIGNMENTS.EXAMEDITNAME1 | SAM Assignments | Exams | DP:STUDENTS.STUDENT3.FULLNAME |" name="And I click on Logout button" time="0"/>
  <testcase classname="| DP:USERMODULEUSERS.INSTRUCTOR6.USERNAME | DP:SUPER.PASSWORD | DP:LMSSTORIES.EDITERRORMSG1 | DP:LMSSTORIES.COPYERRORMSG1 | Y | N | DP:EXAMASSIGNMENTS.EXAMEDITNAME1 | SAM Assignments | Exams | DP:STUDENTS.STUDENT3.FULLNAME |" name="| DP:USERMODULEUSERS.INSTRUCTOR6.USERNAME | DP:SUPER.PASSWORD | DP:LMSSTORIES.EDITERRORMSG1 | DP:LMSSTORIES.COPYERRORMSG1 | Y | N | DP:EXAMASSIGNMENTS.EXAMEDITNAME1 | SAM Assignments | Exams | DP:STUDENTS.STUDENT3.FULLNAME |" time="0"/>
</testsuite>